34993
36306
26079
2181
35901
20903
46683
48414
32851
15911
43783
19771
45406
1008
38980
35385
2632
10361
44766
33175
39335
30971
27444
31711
35983
46128
40695
55628
16667
1064
59613
24725
19392
53162
2365
43452
23491
10720
28560
51243
36905
11898
17823
10596
43381
31734
19971
11832
5708
27884
44007
58194
27282
757
3349
54691
40215
33766
18660
26029
28876
36709
5958
15111
50517
50854
8554
23393
9821
38000
20002
14699
13434
13791
49578
7879
34285
35117
24480
32119
4728
25046
23024
50091
16821
51412
40740
31517
57084
52527
24114
32976
52123
29176
5443
18576
55748
48808
17324
57091
49245
6417
46910
36644
55953
47326
635
25471
53343
34274
50855
9417
40122
29141
58549
18290
27114
517
37546
19251
23593
17860
50677
30110
54935
23782
37053
35542
3230
23280
45253
17124
3408
18164
57787
3487
17114
16429
57364
6312
9700
1101
18417
8497
56848
35193
1118
27139
59705
336
41972
32574
23249
43255
49163
26871
51476
35665
49682
55136
23239
35649
40449
31274
36848
2403
20788
58913
37759
6853
30045
23385
38642
31389
31155
41349
21856
57096
19290
357
18119
11196
44389
37691
23627
53721
36930
28121
7654
53673
8200
33780
2881
4838
52807
48437
27129
8535
15935
38560
40029
36389
29487
33847
2117
18230
20951
25138
56410
33298
38157
1191
30902
27518
35433
9793
5892
45902
6460
37330
18894
12477
1853
40913
42322
35028
33864
53327
29023
3679
8928
21108
43922
29240
48570
19431
47740
2430
36410
21217
8034
18197
43020
28962
22375
35677
41543
2318
50877
48232
14291
17408
33703
40785
33914
39118
45482
29959
11360
17788
44464
54107
22722
36207
19630
6817
1026
16727
14198
54846
56843
37547
37192
50953
56776
14684
11485
13145
46945
52357
3944
11798
49185
16189
3845
3556
49546
55382
30041
19905
54152
18318
29192
51029
12858
26544
57437
46920
41877
17412
47539
26901
25916
51869
35010
22108
40890
22165
13941
16150
14781
35010
42560
15870
33201
9401
39347
49173
48994
41666
37370
44174
34311
8160
58118
19358
56889
40144
30545
48597
39683
745
11983
55491
26672
3005
40324
45840
55830
4676
38083
10196
3502
38016
33357
27892
28483
28459
52722
3643
55368
29618
59189
52155
57930
21469
57077
9885
41926
7613
21609
1579
17354
29481
475
26444
41438
24804
30001
33257
8938
55850
59561
707
26528
39139
56047
4180
33903
54369
16866
33183
36378
20958
10933
50353
33475
42187
5154
20049
38104
40591
25323
52237
33147
13649
57051
45331
46543
11818
49612
12930
14262
46746
1870
14472
15002
17340
1493
33016
55709
40810
22495
59977
22577
17140
20192
14215
174
33323
8772
49993
15114
19625
52333
24810
56934
40943
5228
17767
58553
8823
38790
58158
30263
26444
45462
20109
4086
42288
12513
51948
38986
2162
27200
21775
1051
11811
648
21062
58522
28862
1655
44401
57242
10560
35983
4969
36054
3018
58722
37183
2572
56767
24202
2897
59661
27987
36097
21760
6113
13408
12820
4456
34219
5802
47903
55563
42566
50796
9912
59759
15885
26894
25250
10449
15045
33643
21450
17826
2395
51518
50814
23510
52173
13432
1689
14172
28734
27530
11096
13853
25524
11808
18358
36313
47675
31788
17919
10360
51943
58540
48305
870
9908
50477
36530
10508
42290
21632
5280
50416
10297
15916
44527
50478
45221
36464
49966
41277
36026
54906
4832
24875
4883
28561
1319
17258
25057
8668
38492
37994
22590
2437
56511
12494
58747
30974
24292
1816
54835
57160
45093
20501
14844
59831
45731
27672
50318
38009
36767
30999
46032
23829
1568
51923
3273
26623
5397
24584
47694
4457
3894
47900
58207
2317
50380
29201
37483
13202
10710
3595
56557
36318
10184
57664
44430
47393
5002
1855
23714
54426
43236
18445
53709
59411
59255
15645
59194
32177
21772
31770
23709
12319
28648
5987
42245
5781
23597
32142
33670
24071
37784
55436
6600
39549
23808
30908
14382
37936
17221
25952
14308
27894
8062
19415
42492
1096
40514
54712
20921
20489
15252
42206
47285
2878
45268
22129
10163
39921
31868
20814
41142
27221
28654
1668
38923
14550
57750
16332
29492
13559
9869
14774
16198
40739
23050
38452
852
38001
47913
61
28211
52876
59735
6573
45468
54382
38420
4831
3073
13095
19077
38646
56108
19117
43643
10451
32822
18859
54316
16975
10006
30676
5629
16140
37612
6684
54444
18274
42830
51620
51593
40596
23414
56353
3877
13653
37919
48904
49495
13080
14461
44134
59471
56466
27900
17114
1936
43274
53768
29968
47255
24120
1946
26550
12903
46401
14112
32701
8754
26306
22221
30561
53700
13122
25601
15363
28758
21762
59105
2250
31437
30481
1856
59950
29890
38837
57950
30404
5307
49328
2982
8349
34502
44496
36959
50776
4081
19937
25798
26558
10926
22846
35342
40808
17284
14686
39815
10805
10800
38986
35076
47222
19750
35527
25112
22471
50210
52452
50530
43393
3848
48620
19222
9968
16869
50342
8643
40222
4707
13870
13525
1226
32221
38716
6646
32433
4967
46405
8809
14358
37526
53119
45258
16253
29738
36013
8179
57280
41182
506
23243
30183
22606
5267
41940
57850
27705
54878
22511
26788
39801
38735
9795
26536
22735
37726
34554
13173
17753
50480
30327
28347
32799
53007
28230
2698
35328
51249
29490
6076
53727
56816
12660
14900
44716
31564
38462
27975
29996
27438
44982
32227
42
17290
36765
29314
40678
57256
14666
19882
33389
21882
42385
955
55989
31060
5752
34992
52773
25568
56303
25346
56320
21167
32497
33855
35479
58233
56169
34227
20515
49698
5618
48280
31591
1272
14892
53239
3758
36986
15525
19678
5579
26874
33165
15758
23479
8368
56166
2802
55840
3521
26802
44436
26466
34314
27148
36018
53437
33045
8154
44480
17740
13796
13130
32495
52407
38989
42629
29344
54063
36458
4671
26158
10351
38130
55942
14318
8639
45136
56677
36948
5666
5475
38415
30835
5541
59161
59211
23339
54735
10585
31212
3890
4750
1325
19499
43508
30820
8882
48438
32088
46385
27274
55732
53462
10110
52714
21039
8935
5112
41386
4709
24760
50675
46477
58120
41084
19463
37088
52393
9063
26610
16392
51960
57311
12870
21706
35064
23374
40639
34771
28057
22232
11582
53764
49023
8200
17122
58796
29663
21207
13013
11157
33184
35231
48643
29594
56331
17101
2198
23342
23391
15217
22474
53066
35425
2841
2018
48365
20437
56233
22422
32953
41625
45729
15787
34901
7950
52302
12315
21741
39316
25344
1631
321
1515
46947
48040
21781
48860
44228
22730
37718
10169
6115
23932
47907
46129
36729
54521
20980
3401
8166
2255
52028
50586
44868
4483
23628
33156
32459
23488
16081
4678
35269
7957
50657
52742
41693
24842
14582
19466
27635
15820
3233
1580
47291
30929
21007
11321
40481
17073
5520
20845
26107
439
4263
54079
27880
59750
44488
2907
43782
7241
57453
54793
13461
38216
41805
38806
8071
50520
48623
18186
18513
46929
44768
988
47461
15103
11399
5851
42133
26137
18749
21467
9415
29837
59429
27917
19129
56292
56431
33170
17876
33339
2602
8804
29698
31745
34058
29463
37888
48113
10719
20711
36515
3843
25528
38582
15681
51278
15635
10436
38285
42575
23975
5415
13396
5331
21009
24387
50028
55275
40898
161
12559
58222
2278
56526
30315
27849
46609
8215
1970
35414
16693
16589
40725
8449
29992
31255
46958
14687
13596
7089
24034
48007
31437
52180
4247
9994
22427
30274
15967
17688
44297
2387
27613
16408
56920
52130
34672
25765
26241
6971
8019
4999
26924
36829
25770
24399
59983
29866
45661
23681
50898
7885
3272
29455
35270
33390
31875
45968
7486
57042
53014
38457
16265
25877
17796
7589
12455
1791
19259
13269
47164
21691
5619
7633
34329
44158
47839
59619
51388
5713
43537
7259
6171
44561
3767
27655
7964
21460
22676
45795
35670
56426
48057
23210
41874
40819
35623
24866
26436
30553
27576
48990
17170
31906
35419
10538
10002
33920
8218
8106
58363
45523
44404
21527
6465
17066
56137
15398
43765
6962
44708
48434
1412
58269
45561
8794
32286
7379
38329
37997
19301
35962
39648
39520
28985
45911
10990
15002
48926
9979
50417
39722
15583
37165
20466
9639
18447
41594
40835
46967
2283
55852
26374
34780
43230
24659
12501
18493
3212
10701
18653
52643
3154
6594
18632
46506
36923
6784
26819
44595
55117
26013
41708
14202
45443
14226
39690
25847
23587
46095
22593
39720
39194
2033
37102
45136
23471
28100
10546
51501
49817
5813
28364
54861
45744
19258
8808
48883
40613
30436
24431
36389
4498
7034
52182
41563
7604
54013
22358
57962
51986
39683
4226
48855
22113
21033
33512
52084
4928
30230
26066
17020
46230
29638
7345
22075
50573
12248
14915
31015
50504
36144
46030
8003
58289
46398
12538
42765
58419
51169
864
1254
17765
31554
3973
35913
948
34007
12641
36008
28136
45315
48693
2755
17837
27122
1243
53727
48913
33859
30791
36880
44993
4653
22328
53520
47567
47523
50635
4758
32360
6216
55960
17984
16377
34267
59823
24555
40604
15714
59687
55462
4901
55212
7158
3242
14630
17405
95
32597
56050
16278
36005
57982
38857
19006
20525
30382
11344
6373
56897
55791
3205
58315
22780
44577
46483
18305
4413
49410
27403
47405
50070
38862
23317
15112
23095
1184
56741
22716
21826
37773
15186
50346
50307
49250
59622
10431
57982
54921
44738
43470
1776
28471
21898
28398
42156
58499
40216
40851
11159
18016
36704
41344
25856
32758
54590
24413
40256
42540
40936
22673
34774
47657
1198
41784
47765
56711
22609
54158
8014
29015
31747
49611
14311
50287
18082
15386
18926
17901
31072
54708
25451
39517
11475
24874
42499
15561
22796
58153
20404
7504
35409
9116
29870
23711
35583
49168
35669
25867
35420
52928
22686
41275
6954
53289
39658
9602
39764
49105
41817
42676
25910
1104
12582
31757
25771
14229
19533
37213
33236
55844
49659
27176
3209
16293
25123
31977
16500
47498
13308
26259
943
47805
31366
6130
59665
48435
9838
9782
30419
55916
34880
21430
34456
1887
12494
49259
16508
46882
36096
43281
12694
40209
53910
8289
41211
26229
46027
10040
47103
48340
6399
42248
44789
31450
29020
47525
43268
50044
48777
33525
33591
59985
10239
9766
4236
46582
14398
47491
58494
23789
42481
56863
23234
12681
19412
51887
13185
56379
35646
56476
34210
24013
8924
30609
15847
49668
57972
13831
48047
58157
13656
44797
22860
34012
9636
27460
5739
51822
51158
26882
11448
335
49459
2396
57389
52775
10378
56661
16132
37209
23689
33209
1199
59361
1166
51781
1499
10438
53688
57182
35305
8369
38057
11429
5770
7501
40383
59658
13775
41138
2794
34285
53446
7458
51287
52909
6429
58163
5140
31384
50029
46636
18087
30348
31781
8138
22110
19422
41570
48597
19952
29362
22576
34999
9332
39907
55021
9489
22158
45971
46412
33305
7475
27938
37581
35268
58659
27190
8543
13971
5512
41191
54896
58215
56164
10200
50618
41914
46076
48583
49677
23121
53145
2721
52903
30695
36772
9453
7315
26481
59597
48656
34194
23103
20400
24472
34126
48478
4956
5260
19488
50397
21120
31545
41757
43404
58041
8379
53461
59270
18075
45711
581
16959
10581
49311
2974
22891
11774
1557
39217
43497
48017
14834
47952
22818
6608
54402
47029
34810
49733
44708
46389
59789
3379
6919
50962
26601
52891
35106
49023
7948
21403
33939
32076
41876
30605
49448
3461
2453
25893
28360
11739
48601
31228
58861
37101
37745
56053
59418
27064
23077
16930
40224
40190
13061
11475
53816
35303
27467
49269
48011
36639
26447
44361
10697
25914
48532
2634
6693
40855
15825
5967
12699
47900
48225
16628
58787
18248
23832
32878
31487
14405
25640
6648
45472
16327
6628
28740
13160
51582
38737
46767
23251
52787
37834
12323
13964
13343
5405
17403
26630
15830
12737
38585
59866
26530
48753
10454
16522
21727
10075
46603
9077
19045
16668
33857
39832
40312
55710
28447
57773
47164
10423
8995
59413
40597
48635
50960
11529
58629
42001
26076
42814
6795
13187
52988
18798
40242
14727
29164
32972
17210
40964
40214
16924
57419
16004
54719
36143
12253
36804
3774
50017
40774
18708
43186
17086
33228
49919
17165
21702
25006
37962
31456
4996
32400
51575
34916
35211
6018
1610
18172
6246
59685
25050
13995
43989
57236
47733
49830
27846
23311
39083
24766
21926
19781
60040
39978
15239
49621
18797
6300
28025
46777
33046
54094
52470
36255
55634
14446
45426
36807
12526
16419
25679
514
39787
43133
7152
19679
10582
39208
15280
45134
41931
41550
53171
4955
4236
29752
58029
12221
38094
12527
21050
5900
28636
25851
25810
16411
23786
5926
57424
15781
40411
12970
9184
7733
16248
54198
19281
36399
41116
35689
3101
55092
17591
56739
3140
30242
15207
12491
31190
33425
29425
19196
25166
33729
32051
22187
3312
21727
30801
2221
16235
17412
54052
8774
38224
39127
42349
23481
10875
47497
31798
45131
41457
18902
35044
36172
4646
9217
52608
31228
34460
24797
44742
17782
34046
7250
36537
12308
42669
51586
1095
29350
4186
58010
53034
1632
54043
30295
31870
7861
9719
906
19587
16223
56054
39510
31435
1633
43921
35838
14220
4744
41537
39129
1802
6449
21488
2992
23814
23829
19608
2989
8712
8798
7625
10703
12094
52111
48580
8567
25367
20802
13375
51518
4851
7772
42826
59074
43816
35824
47674
32561
11013
5737
4971
40799
53891
250
3139
15352
14559
25840
28011
54323
202
23270
16832
43360
33504
11458
6659
26065
46593
26647
59000
23635
23138
42624
29981
28751
44030
43438
10094
45762
55293
41509
15308
57763
53572
37858
13493
34748
24566
12279
29878
45989
10868
57008
54139
41082
46390
58153
14947
30534
42782
42341
16434
41946
19212
22291
23851
49031
7593
12234
58379
7563
43577
42498
13735
34735
38385
53630
45233
11710
8765
59045
51344
28858
46261
45802
35573
49630
40529
19303
52659
58479
22526
25102
18597
56537
24453
27606
33507
8533
3101
32706
49991
41572
47396
33918
55300
5651
7116
38868
56964
52758
45533
21601
50489
39841
41647
26472
53646
2722
52747
46639
49469
59785
45603
6073
42934
22611
17102
2315
49577
46176
58165
56592
30959
9234
59338
13033
16432
13717
22408
21432
53156
5260
32483
25808
15440
40137
25512
24679
23431
33404
19631
41618
55193
45285
51198
7584
38051
57484
34343
9350
17492
49540
4479
24613
41014
22872
17205
44160
23866
26446
54623
10965
15862
2439
39483
8696
17369
7242
11404
23530
43115
19746
48607
33402
27341
26892
24263
57282
49700
32710
23813
21989
34012
51644
50617
53922
13744
32549
48032
427
55678
9069
21844
26811
49929
21044
26176
28837
47103
41438
52797
14610
39022
36882
24779
45998
8877
37806
32326
16388
40825
24581
34465
3115
59479
2930
56486
47685
6637
22042
39452
18855
49962
35829
57333
22842
27767
13841
46896
6223
46877
4542
32082
46627
16230
21983
54035
59270
411
51052
40406
51807
4516
58118
34729
30106
42430
28899
2001
28249
7928
32785
36088
25566
28873
39830
41213
52904
51413
40213
59337
48335
5500
52088
51967
3852
40139
32230
41641
47760
2390
35577
52460
5634
55952
59400
47750
1844
8002
8002
33893
57574
21865
30148
12822
11130
12965
52068
7286
48780
42173
50801
55035
23339
39895
1735
21637
7308
1913
28619
28135
32536
7976
25178
52061
12175
6942
27906
39658
20045
2314
28184
48223
47921
32837
20405
4521
53349
35711
2578
57110
5948
31932
46580
54150
15935
22898
37238
8775
18940
54041
53639
2211
6391
13629
41354
1261
27011
49942
32937
13796
25252
24596
25761
38451
42886
16520
47535
49211
26639
10065
56374
12854
40571
27337
43874
27329
43237
43418
43864
21058
54311
14430
14564
25151
48511
54420
26083
49146
57096
28225
47628
35289
35762
10096
24934
31376
37625
11911
18155
41982
40275
41989
35938
57086
44843
46352
4982
19603
21362
7122
49826
44089
264
13532
4788
19469
30647
28920
38069
45596
59545
5989
55512
42171
51100
33935
58397
42493
48997
2575
26117
42236
42867
27900
1910
22374
50300
59815
36687
15656
47798
56026
13662
22688
7536
13144
8735
35894
7617
24207
57951
42583
33915
57387
48450
27747
44261
7862
25075
59600
7566
22309
57841
31068
43831
19218
38188
20304
33357
15791
13123
29565
37323
9326
59810
25465
39291
29661
53091
24131
12509
15118
32391
22476
45987
22572
36748
3540
14988
56225
12525
49484
42339
52865
41101
26715
31751
59567
4388
19088
26394
38653
17211
21649
257
4449
17412
55376
40945
48711
48619
47196
3707
35839
45013
19036
12281
7158
41700
20284
36764
38148
51463
13544
54516
23898
30111
33948
23015
37269
58156
21582
11786
16011
14995
2272
36761
470
39642
45148
27770
723
38531
34974
14741
18743
22130
59166
52657
35436
22961
28590
25190
16586
5308
39662
27382
46886
35774
54469
10864
14216
14580
56818
12579
20761
4543
4037
7679
18243
13639
30904
40589
48668
57812
55191
30803
23215
52458
4796
47858
54022
31260
19754
17161
50840
6370
33901
4177
43298
40904
11752
40052
30151
743
59842
58970
2236
56285
13485
24647
36424
24543
56299
56435
47054
28474
37122
54535
7680
44283
46493
41569
48798
32565
45940
2591
10500
44468
29549
44173
13159
11674
16261
35995
47958
59859
27545
31243
41024
41319
45405
25337
23207
35119
13343
13431
19758
35858
42300
22820
21738
14054
10968
14646
48245
1747
27995
43953
53130
22746
24281
393
20155
42397
45010
11861
25159
55796
7670
13721
41642
37231
23088
4344
30596
40000
36745
20706
50701
22645
36110
44515
41838
3842
39477
7294
44692
28983
23020
52391
42142
26083
36564
38272
39195
6328
6541
2974
27523
31216
423
32752
46515
36832
14287
39336
25055
35911
10535
26189
30209
32403
52020
34950
4698
18309
49569
54041
412
32226
54153
24166
41698
48953
57774
39013
16481
39856
44847
13160
35827
38439
42920
48900
59795
36338
46391
39318
27602
47305
15761
49280
43807
9344
52243
17381
26349
12780
27748
22365
45797
53168
51937
14786
58298
41477
39434
18949
18723
36232
29861
47836
889
44547
12310
53784
25695
57044
50711
59928
17706
3540
46540
32847
36422
35254
49696
20043
37842
16217
38712
26673
49082
20829
27688
2200
20793
52235
52526
16948
31360
56386
31873
57550
21322
52717
47302
37502
47989
43846
53001
522
19525
45731
29974
11022
46159
49106
4696
39216
31780
28928
56867
49640
8470
32719
37277
23950
22290
39477
17145
24363
27877
36099
54711
44099
46803
20043
3808
3383
35308
4219
52461
58535
19522
41164
45738
59573
13395
18563
7039
52860
30046
45349
45033
3998
17640
2571
10909
17547
5997
36060
31156
41364
11817
54863
56046
37918
12287
44197
3269
45925
23222
43534
27071
15718
7678
57059
28725
21723
35070
27846
19630
36050
21002
42116
42638
1101
59708
57188
34289
35858
15385
58202
2930
53654
40305
44750
5974
39196
32815
32756
51302
34083
42792
5203
34219
9686
52327
43058
2743
58530
24497
33099
21406
1120
45850
24297
7545
25407
15653
51213
18139
28934
12041
10184
18719
34583
23000
513
1166
51881
5797
2001
48124
59751
58864
58559
17869
5727
12242
55570
31852
35544
43206
46705
31845
6836
33113
36647
55417
1140
48295
2278
1414
55368
6060
9039
45588
13710
19476
6198
27256
1036
1331
15806
4516
22151
30596
8821
57446
37564
5073
55795
39812
41382
9765
34028
34856
51055
26182
50165
18357
24279
22462
42135
33077
816
41392
34806
38413
45154
36404
5681
39069
30412
26457
33478
52701
26961
34155
37856
19885
17467
46367
14133
43940
48766
22745
59737
49406
28722
42368
42190
55294
23272
25923
15603
58936
35072
4025
16450
52569
59678
8894
25385
59003
36066
27282
24409
29838
24851
20813
30675
52570
26699
4750
10525
25379
33983
43186
51879
54151
1923
10904
3669
48623
12572
45891
12926
47610
12039
22758
16206
3236
18845
13223
34241
10315
39035
20120
5406
21539
8714
22008
13649
49991
6695
53529
41434
888
59497
32358
56066
14433
49696
5074
53268
6662
14902
57305
1414
26296
58050
38349
44157
56488
21365
38566
58504
55929
41268
29100
34434
40161
41739
27694
58605
13127
12537
30841
53561
1402
59389
50544
21882
41458
44146
51053
31724
40494
4935
30401
29066
47723
32966
21277
33078
11753
49137
26011
8415
29870
34535
57328
10893
60026
39660
53305
48660
3395
4231
50487
54239
51156
29437
52541
54387
26926
6109
35574
18435
44136
43925
51528
36215
22997
57273
38172
37430
54161
47207
6833
18236
12693
17588
55480
33382
44002
29525
28239
50609
14064
45066
54549
26340
56966
6230
46758
15580
21265
3248
49739
19483
42849
1402
52090
16968
16294
27164
46290
57464
52726
24067
11508
12897
33771
49449
42359
8287
25825
29507
17664
15837
29518
50767
34315
16255
417
49803
27618
51072
12593
20714
58864
22208
24475
15599
44987
50899
33140
42809
13196
58157
20227
7309
52635
1120
20409
11487
1081
28253
26969
54751
8624
52332
8147
7529
21128
31994
21600
20221
29684
12792
7455
50211
53046
46830
40380
33497
23930
43239
39
1781
8579
48598
22882
398
30237
18877
8128
39254
30748
24356
51439
15054
53906
51442
40644
32997
16369
46247
58948
55377
35485
53745
57562
22412
9430
49384
26102
33293
56346
46917
37123
38456
7582
24338
35094
23178
16583
3671
30959
6952
15970
36893
24572
19033
24530
7346
53074
45254
2423
48704
44165
56836
15112
54
42651
45327
37000
30462
29007
25454
2098
27828
49705
38101
3909
14585
3850
51685
37341
9003
17430
36829
57568
50900
12943
51464
26683
36331
38517
13094
30962
30818
30982
39946
22671
37700
14506
45749
13151
33600
57883
12974
54519
8152
22761
3869
48920
9908
52707
37315
17530
25943
53877
42775
20308
19635
32759
11698
41101
23341
17705
21247
17260
27822
41081
18734
53016
35465
17037
5729
37070
48274
39645
30969
7713
55802
53763
3712
27760
22672
58178
7303
51545
29244
37768
22721
17039
37939
7380
10492
26027
32574
22545
9340
33585
34397
24013
55805
11977
34924
53077
6513
174
44289
54523
22809
40410
32270
39726
143
26157
30752
13307
54755
31076
32875
48454
21970
39787
44957
50975
27960
5802
21186
5101
50149
23537
58178
13035
24409
35963
28261
3921
590
32829
3627
18558
17275
48825
40455
13158
14804
21584
26165
15812
19907
53228
49883
48639
38253
47052
39342
50850
28212
40455
10503
7102
22183
54229
10542
24864
45713
8845
39278
24390
5337
31832
58086
29850
30805
22497
34976
18492
14727
38134
51780
56709
13804
6427
26209
15533
54410
17813
1744
21994
13227
14622
26336
3921
14265
44498
52820
35023
51274
33093
27686
58964
21239
3629
19173
42714
37330
57757
37474
41219
31068
53087
9861
11492
20520
36016
26276
50802
30513
7773
33933
21038
29016
8911
53996
45830
52817
41838
51130
24884
1961
42186
1304
34805
59137
819
1599
33531
17875
47601
21014
13946
1706
43040
39291
49210
34377
45733
16425
25261
41404
32585
42746
33968
42073
51045
46701
1654
55193
5998
15377
10679
52917
49289
13226
32069
54920
44482
3232
25170
19166
9887
55340
42747
8841
6813
15225
34169
25163
32026
29931
42209
2809
35328
31211
8270
24087
13111
14527
49783
12567
24179
2262
27761
36786
48211
26848
1290
23171
32523
8704
57913
25724
11696
58658
42364
51149
40263
35951
13632
39936
1709
56295
53355
3164
29442
29235
55857
29856
25313
13155
34223
3279
38432
57430
5875
21374
48191
35831
30776
17725
3588
47129
55741
16987
53603
54710
14364
59790
29079
55607
16561
43259
4416
10545
59962
50349
56071
2090
41715
43048
38930
5306
7191
35141
54299
37439
16717
44949
55109
5121
45626
34248
30894
23875
55718
19836
51417
22819
59226
36909
33882
37145
13868
1275
25047
21692
23558
35713
6416
20831
39603
45542
43941
40843
46678
45723
16252
48261
58542
26950
54450
48458
21198
12049
14873
34334
13812
46114
14713
48334
28318
53191
12287
23620
49625
38373
48799
17769
50284
35720
658
53229
40658
9466
11769
23684
46176
15360
3113
28758
959
6167
23111
41271
59840
30842
104
7986
40874
55170
45796
50570
24819
50041
26229
29080
44523
6681
35336
35961
12724
51577
44050
54187
44955
12410
38731
9218
45594
22273
49257
15896
51026
46398
39866
10565
22451
23397
11002
13324
54759
41173
48489
792
20116
56858
1374
58971
34556
43899
54558
14481
16695
10275
40107
40058
22139
51109
2770
58491
20871
31371
33692
7915
16585
12598
17179
17644
15048
11891
53768
2522
32157
52690
49611
17774
17343
21235
23111
26714
56928
55260
43921
1632
28854
51928
42328
56017
47008
44957
6266
48020
43084
28112
30847
42859
25160
25779
29968
31395
16877
32167
56951
58534
48541
41712
53633
15339
14609
44116
12232
42696
13424
19608
13301
27791
8701
6912
49767
38525
47022
31156
25686
56154
42120
51564
17546
362
33757
58947
14785
15596
1636
43073
14515
7037
39459
2804
816
1182
12092
3441
39831
32019
17656
49126
52096
59888
23195
37623
3409
58998
34733
4425
22147
55558
28070
17544
55183
2550
12459
24550
18184
42204
54132
15616
57925
50228
5340
24352
15362
58703
57349
30006
29126
7351
56331
50961
33103
13854
59745
52854
58025
44595
4792
30293
7745
54801
36264
25502
35098
29974
55236
30663
1928
26673
37783
1992
58133
11864
44329
14052
24171
24311
50036
12352
36148
59147
53443
25911
40748
11863
44160
50584
2404
26298
26556
43178
13984
50639
28102
17408
9012
58977
13879
4379
29771
59664
29390
54763
10796
56742
48076
20457
34662
14751
26898
25860
35269
44609
12764
10425
37572
3056
603
22765
7703
43413
33011
16801
44331
43657
36964
46902
52805
32612
3602
60015
30242
37644
31088
51581
49366
54210
11524
34990
41901
34083
29563
2404
20588
58399
45153
5620
46788
14294
49529
9392
17209
25711
56511
37172
51369
16632
55556
20762
38759
4380
36632
13378
59344
20494
27934
12211
36114
76
23199
53640
37462
12808
37220
26372
34709
44215
57558
2394
24172
33179
7563
12032
37030
5174
52804
43264
44129
786
8912
18103
32961
53402
55154
46962
23854
50296
57460
21753
58696
54791
14534
42375
20485
9645
41939
32647
28321
54610
40671
11887
18870
48737
56622
54382
32790
27179
49856
2751
29731
13599
2346
14564
56132
52039
2785
56795
17107
31173
8700
27482
50700
24214
3636
34410
39191
37394
861
22338
26998
15559
37554
46518
27987
44074
33336
26656
8236
28598
12411
52278
1699
19063
51323
49768
9669
17941
10950
43514
43863
59702
51623
14910
1879
22876
29969
51631
10857
47778
30454
21537
23369
24948
17225
43813
46171
19803
35852
28187
35022
58065
39876
38314
38283
28168
33445
8118
52556
59458
46363
45464
54124
9049
12622
37674
14420
43402
49526
9713
39798
48427
40936
31114
40824
14138
38735
4570
59492
46634
34239
6578
27130
23789
15400
9757
40297
31831
17678
19373
15998
9898
1054
42530
46758
55105
15873
1279
16255
12141
45216
38088
1153
3933
36170
31838
8113
2606
7553
36651
17283
40755
49991
13141
47737
34494
10864
59782
41584
12788
32048
40083
26282
20043
47085
49888
32448
21893
54902
9400
44958
26128
5866
31419
49785
35447
89
56821
17369
46374
54550
15595
36893
36245
27007
48961
8135
51065
53021
59398
53469
33739
38277
33105
1291
22069
35021
57625
51949
48794
49797
40626
57494
46956
11108
24437
14240
24619
38815
48908
10010
57958
20825
29476
27471
43303
40889
53710
39282
23652
46194
55008
7578
6004
11626
54548
40537
55154
53713
18074
49827
32119
49497
22885
49868
23267
31283
10320
28826
23016
9730
18821
6572
24985
40051
26014
22053
19172
17807
41572
57554
6853
20396
30099
23814
51186
58218
58560
4474
51917
42547
7536
35772
13741
26667
31181
7956
29971
27885
9427
38141
21303
37602
23943
17245
31592
7984
21409
48924
39243
48258
8717
6675
23567
43504
37979
37129
37212
4622
56806
30031
35050
27037
35103
24282
55536
39830
27510
40962
3594
53378
1865
35587
34533
12058
38351
43500
21634
40003
59367
48383
44964
7317
25540
43387
5263
4715
28415
8287
41628
30672
47901
20182
18884
15862
14100
39132
1226
26785
32870
44630
57272
38043
41851
20588
40713
8468
44357
11463
30843
58160
55112
732
6302
28875
41645
36311
30102
46034
28118
28010
31493
49100
7149
8962
35822
42099
4222
30733
41674
30147
41334
44590
11847
13437
58340
34748
33540
35655
6541
17388
9162
3618
24270
25799
37791
40252
43917
12820
37059
28489
21025
26066
55334
13211
21541
1009
8673
13447
54713
27644
12619
44608
14820
1967
33753
21942
49494
7962
41512
37922
10366
32903
11152
48367
36033
53586
30812
23164
31346
48291
7078
46670
20844
58350
17943
21077
25313
31999
19550
36390
7992
14261
51258
32597
54741
41254
9858
15393
15484
3240
8009
58539
58133
50971
7609
7088
2585
14464
52525
26366
43804
51834
5145
10372
14041
5961
54497
33735
53470
47500
51331
2387
19782
45567
45632
30719
35144
26993
3539
1144
42424
20247
30299
6549
37114
43380
41358
744
17209
52313
42686
55736
47457
9207
54616
13069
35594
24123
18741
49512
24041
45392
30819
13936
20475
36455
11437
56100
12386
314
41094
27702
26955
37276
25649
26118
19686
52275
22345
1253
40061
54997
13037
43051
23138
46577
7400
48461
33679
43287
51823
6482
31796
39229
29365
6402
46306
35766
31899
4531
47027
15106
47023
56660
25019
740
47251
13818
17986
14052
57793
9234
32572
11896
41573
31302
5171
34789
36357
26167
23443
2508
8919
54411
49193
45674
48528
13759
56452
41392
59170
10451
21546
5565
18037
25378
26081
41441
3321
41432
10190
16992
24911
57342
56520
40623
55859
30960
53
36963
53111
31781
39433
26116
19661
37530
57353
52847
20091
38434
11486
11788
9481
4636
21952
54573
27739
29308
42049
10279
19009
6447
10510
3496
55597
58722
59763
7779
23541
10575
7249
18079
41811
1823
56551
45417
1177
56172
5315
49924
8144
49678
43447
9262
9353
55926
28522
49382
3875
44613
17255
13613
39926
41895
7859
28412
30296
14675
32883
28931
14854
10945
27511
50858
56135
29061
26400
26112
44485
9058
29867
24452
48056
7798
24234
27789
34330
40251
18618
38093
41998
52478
21163
36578
3687
10237
57895
49145
9255
6426
48730
33215
25611
43628
37130
30089
35375
30290
43560
7518
27539
2926
28333
42905
34928
9187
23620
43906
51836
33934
31440
13116
57850
45457
26746
59662
33183
46299
28842
53434
6804
56790
56653
1896
32037
47334
14002
15717
26165
38812
57949
37802
25974
48323
32232
47745
22082
8579
22703
59407
18678
59460
20535
10733
47973
54813
45589
30084
17035
5202
39760
3171
50341
57791
15806
53168
6816
41668
57098
13343
17965
45754
452
50506
20135
43509
44491
15032
70
40198
24543
53611
43928
14369
53634
9487
59722
35481
12115
26509
32262
22310
51625
40416
39225
50069
46544
29157
46448
9309
19361
12916
54359
8407
23057
2812
46704
50042
21610
46092
36285
34944
42250
24457
51502
50885
27271
40592
37214
32635
57842
58213
11064
4983
36961
28702
14945
52355
24014
5244
19343
8139
3584
7326
31521
1168
37959
27487
46693
18779
39210
25836
26819
22081
8376
57622
31786
58692
46608
25705
11343
20378
44278
12725
48222
10849
40577
29429
4675
41644
19627
38155
5679
20102
34631
12700
56632
18207
5149
29155
51172
19645
9850
37780
58137
49390
47051
5363
10862
36183
24181
21083
9035
47272
7153
11195
9926
56936
59753
17446
30738
11430
59615
40662
5155
8396
4408
23568
16790
541
24767
11707
23236
52030
56744
29050
34569
30192
1727
41070
15293
49552
51793
11377
56310
8291
58288
38157
14130
6541
35831
34444
51180
22179
19862
47527
31218
42922
10280
32974
53462
31128
9536
6149
36524
14455
9022
52053
20038
18011
22960
38304
30249
30672
13935
30778
51644
55150
10356
32067
42423
43996
1318
25
46549
6203
33078
33426
49370
31793
47964
32066
48832
4910
53929
27755
44385
48456
7518
6378
35872
25894
32285
38634
11609
44732
1835
19238
20202
51963
33347
8977
33474
49543
10446
20544
5364
10406
35655
15745
36500
38280
38127
54881
56554
55019
56452
17117
15051
9419
31177
57487
2883
22571
40091
9019
11933
27508
31147
21072
31602
35472
858
22331
5438
33696
37243
25199
16870
53521
26573
6754
39190
55890
1361
42166
6313
37977
27711
45522
55958
57374
39505
26874
56765
17260
1856
530
9563
35656
27736
23288
17289
7810
51600
5646
53147
2499
37409
46977
10980
34614
17888
54018
26036
59707
46558
1470
24730
26477
9524
43445
36423
54950
3922
16236
43356
44913
35528
34621
9270
30147
24851
26684
50641
10988
37870
17041
49970
28231
59069
27181
8136
47532
30372
47454
1394
57895
50243
33296
50034
35988
29995
38236
26872
32330
7785
46742
57173
24563
26600
45978
16984
36649
23533
41462
29622
59771
38529
35572
31094
12197
7195
14005
50719
53239
58296
3302
31260
8760
33533
23615
28676
23115
24531
134
42225
43620
15788
1223
19918
14529
25703
9457
56332
58018
40060
27177
27332
35718
10226
8592
5872
20401
54297
30150
45953
19524
38217
41648
10397
50754
57803
30019
1957
57063
54560
17897
24422
45772
7861
39035
33808
14573
6077
2879
38805
9706
19797
53003
14603
5277
29887
36320
54312
6736
13557
15998
29330
7481
38362
44664
33140
50633
52686
24444
23450
53069
57135
12018
45130
29683
8363
30314
1496
11404
58331
31911
13750
136
28225
26762
22988
37097
58925
15533
55975
18805
53007
7797
44281
1721
59257
22101
55714
24226
20859
22469
14420
13242
18445
45785
37162
51894
16231
42992
55438
8977
39480
44779
18585
38675
6570
40753
23389
31612
14547
53305
47690
15807
18764
57507
30137
6230
24927
46048
24251
45226
2812
21720
55150
32965
40310
39336
40211
56778
39145
12168
39345
14652
44869
22795
22209
44299
60019
36749
5863
34316
28142
39515
21009
50883
40667
33539
39766
9438
18275
51623
3308
50757
26786
24665
20027
51887
39680
26153
40196
42997
58295
15734
44622
20602
41595
29221
40080
57778
41593
50546
251
8975
46323
993
30531
34514
24686
31964
58781
20380
6618
32793
33184
48439
25139
15569
38025
4442
47090
49009
2163
59251
46220
37226
41636
58529
37320
24268
8245
28720
58840
32426
18901
14241
42046
36344
23645
2351
47913
47066
11204
29297
58120
36100
47283
1827
23586
19081
21527
32846
1637
2312
8111
6145
50629
33768
6557
15336
58618
18695
55179
19396
29289
49825
469
34651
54827
55395
34421
55104
58924
11691
21622
31038
42692
24037
39559
31733
33514
31061
21125
40515
13910
14437
57446
35066
58306
22289
58611
30126
20735
33215
1092
59790
2807
53300
24767
447
2101
54949
9892
22306
25444
30464
56287
2269
27205
42780
26877
28372
7501
34847
9711
26594
54707
37023
31870
6054
31644
40079
30057
53506
52410
371
17378
29767
22196
19733
1271
7726
55898
41777
46359
8230
55545
21450
48791
35197
59417
19629
5433
49025
14622
59940
43012
27927
30876
8054
31640
39582
43160
19742
31071
42443
9187
59319
13584
16319
38594
48700
35720
7022
20306
51264
6033
33007
8467
26335
29775
13506
37741
20442
7753
21756
11071
13046
13957
4310
39817
54674
8884
52838
37548
30559
53936
33447
35095
53764
1659
24583
52222
30499
39888
49170
27227
10134
59550
43492
23830
34154
59998
23847
56917
31691
23421
39983
58632
28538
55119
25810
26940
708
33763
24205
2431
31820
14979
19747
57335
12960
2493
10270
3252
54907
46107
52688
18697
995
19178
37619
59968
1023
57457
58599
20384
24779
38151
25991
25156
28077
15575
56715
207
53845
19016
14975
14637
46270
43316
57477
42926
30406
55740
20430
58696
25983
23521
20749
5357
10907
11642
18928
56235
20002
34935
13871
37795
16847
10929
54807
25439
18216
50151
31735
39783
9858
42014
24037
51661
4410
3821
2706
7228
16863
42691
33344
5031
48962
35880
49403
32259
5592
1388
7723
38242
50726
18661
59484
13947
29132
40341
42635
32154
4145
50418
24547
30700
18262
18453
9383
26366
8764
33521
10443
21531
34626
54044
42180
48335
16787
52820
40503
20909
35947
25754
47123
51531
5143
1638
4923
7347
41687
51822
37131
24636
11350
42967
18323
22141
23510
51185
24109
9539
13803
26852
8989
43613
57027
13107
4454
25914
16382
19172
2094
37876
38812
13740
28254
1972
8113
29648
27074
57327
59107
38727
29815
38857
23973
57097
19339
22724
50112
276
33951
4570
30545
25708
50326
27863
12962
19356
43730
38692
42976
28924
22607
24562
47911
11872
2070
58373
50358
43168
38555
32841
22442
13473
24530
16832
12606
41236
32806
19630
25770
39173
26588
22027
32051
8236
28469
33623
43143
3169
38694
46890
41436
25737
42013
46574
43290
41134
45657
45493
42920
36865
54955
24960
39961
29665
23104
13343
57168
9192
55365
613
45713
10627
3773
15987
3313
53704
46217
18480
39430
15902
7618
11405
34133
28772
43338
47931
15254
16614
19195
25165
5920
37002
11472
2401
8600
37428
19665
2931
53068
479
10513
35739
37465
30263
24334
52109
21828
20983
50620
27221
32700
27199
3664
50573
7678
12327
4513
34348
14408
42709
28766
18580
57975
48239
37834
25944
33862
22979
33812
8076
32208
54320
49083
39545
19798
24189
27136
46918
10282
33201
59447
42793
16993
56970
12233
22375
45022
25283
5107
49972
28655
22609
57995
53994
18006
22720
55267
12877
33302
31
55284
9634
31102
16801
26109
5294
29237
51880
43900
48010
9301
58384
14864
44937
5473
2356
37000
17226
2906
37637
28939
20050
57334
7573
39481
55285
45700
4577
12157
41077
30706
58293
52696
35810
35365
2726
40578
32688
14116
45697
8638
55883
9193
53780
15860
53327
47527
19391
31944
35023
53834
35495
16632
45629
30901
48994
25583
50181
10781
17234
26999
8940
27054
18313
52037
13554
23200
10989
43528
50286
37071
37373
48688
29190
18939
42908
16372
19409
22270
59914
46917
26803
56116
42555
54846
6985
23220
24718
30607
2986
42013
57800
35944
8502
31856
28021
19274
7397
20192
3423
25281
53763
49443
55079
1817
4373
57650
28544
50488
15770
14523
10134
37860
48369
15155
36048
42786
34620
1339
11545
52234
14266
59808
21514
43781
43372
42197
59892
43677
6451
38724
43154
48832
22091
6548
18972
49602
27165
37081
35725
45932
54446
15907
27645
7620
3526
25538
40488
33796
54418
33672
55765
50084
32905
7712
49716
25666
23723
36033
34031
20581
3790
15314
19278
41049
28622
12684
2280
31995
52596
56962
34795
38904
7825
15154
47028
47039
10808
56334
17657
37186
11160
13133
8883
51433
8872
33863
30880
17529
14375
47239
47281
2624
57740
18212
45583
10714
2099
6765
36956
16026
31629
9788
10554
32534
21304
26361
24917
35988
50699
60049
24680
20428
44390
21083
58458
21243
31764
33510
59594
28285
9797
15281
50948
46828
23735
27188
42892
56005
43028
6223
42512
50020
34473
18454
43888
60019
35783
59392
24876
26376
12785
3074
47591
31504
57760
8494
59405
54479
17218
33941
33826
40276
55969
9512
15840
14161
53554
24779
37429
18155
57776
56739
47699
16371
17241
45233
32202
53601
21271
36982
59723
5915
24748
31285
56791
9395
5495
53992
28309
17817
21348
30618
11210
26644
14921
57543
56821
5158
52848
16395
58444
8107
42490
32166
41053
2153
43925
13846
52739
9001
40504
10088
2528
56204
16359
4844
43938
44544
18722
58922
26721
59293
929
9650
42292
59190
3881
292
49948
7108
12133
3001
27011
6082
9122
1752
28716
50056
41737
5391
31798
23585
16803
4072
42967
14475
46766
20978
17703
53088
28148
42095
15679
34444
34136
38938
34678
18559
46503
53200
28627
40302
58379
15452
47464
7890
13943
23873
48609
37551
8573
55803
5206
2998
59264
29358
55902
41827
40506
44979
43233
47288
59500
21246
4499
2594
47388
14488
52023
35285
5142
35515
6953
6412
30255
6893
33976
32927
21124
16172
11121
14365
50412
48625
15369
1433
55518
19381
3417
26171
5651
40910
4554
56045
6240
19644
2861
1920
41232
37790
48733
54744
44606
745
19275
25160
49289
16724
36154
38478
52046
30703
37320
9260
39545
14409
55437
1657
53616
22958
42487
29815
47513
26947
38611
54255
12481
52029
38512
6246
33174
32647
22089
8180
47619
59661
3953
1318
51688
45453
15928
37340
22221
16043
32881
6395
59578
11420
24415
18410
3711
29301
53117
37967
53106
15377
31174
51940
47749
47871
47323
57974
23108
36495
58946
4359
42259
33045
17155
28266
49127
43585
50789
24195
58125
30752
6445
49980
2615
2732
10127
21741
58707
41638
37706
26433
55795
31417
39727
28582
34999
12384
50810
43990
57164
32252
14142
11025
3083
38391
53175
6502
43657
525
28928
43881
59799
45085
28324
41119
5358
2000
18065
51872
5232
48483
9718
50633
51394
51908
57341
34831
28926
34248
49119
54544
56904
9670
21647
37803
1402
14860
23720
35304
25072
30473
32979
2559
6490
48460
25835
22325
28530
15295
59147
21325
43361
27913
29354
51609
26183
13547
11981
45979
18911
40340
6032
28140
59523
34807
33070
36649
9255
52549
55005
31581
31324
54133
11170
35236
45600
36789
7388
11725
58955
53896
8041
55675
33130
48079
9156
2812
10032
18031
7457
8923
20070
46316
44207
38294
27622
17137
30899
39444
17665
2663
43971
6067
12710
56998
15369
41757
54164
909
9461
36357
25169
6531
27999
51149
45941
9977
31296
6668
2316
35302
50519
25908
25266
6571
3971
37079
28598
46671
8330
40043
18944
16137
18700
50185
49583
30309
11357
30874
22678
52484
26529
28978
48847
23066
36409
16325
33723
28435
44494
25454
39836
44011
47106
41532
35274
1815
6751
49905
6552
7203
47982
9969
14016
17532
57533
43794
685
46895
32276
54596
20276
24391
6747
25238
33382
48053
58302
34131
23118
33290
3255
58176
49483
12487
8402
4926
49121
46020
2040
2945
14142
21343
39074
48512
27420
9844
16462
2881
20211
54325
51939
17140
51536
36473
2951
23140
42548
14255
26041
30842
34028
29694
51249
20767
51064
3033
2164
51133
37454
31463
17796
52356
12227
12384
34876
15528
13863
51731
48199
20539
1414
52759
30725
49969
20764
18757
26976
44386
10884
21011
32018
16789
37293
57973
17970
11764
53790
41226
3220
27486
22731
7348
13754
42179
9928
49934
11542
53344
35459
24739
23377
5398
17416
42198
12851
50457
60012
2001
52695
27853
10845
41790
38676
18688
39663
12261
4906
53949
36415
6479
45720
56136
18759
11256
19063
53146
19390
6041
13197
27458
31945
56959
6595
4857
44910
19833
58578
60002
7962
50571
11715
46347
45291
25703
4864
57845
28618
44608
17669
22433
11351
41606
20489
31951
36578
52000
34077
52033
22895
33324
34848
18487
18014
6675
56286
11662
23318
45632
24347
34200
48972
12543
13534
422
32905
50657
23742
54218
16021
54116
57023
1408
13069
3670
14686
12608
10208
48900
2286
6209
45211
37641
23507
42540
47246
15115
28225
43821
15263
20225
30290
16552
50200
13778
11488
46329
47739
46814
40559
41704
12909
19823
25554
12712
51678
19438
59766
12193
6228
45403
10797
26878
8554
6357
19312
41036
39380
55052
53701
22234
5573
58130
19642
41304
3206
11834
8375
6995
54071
59802
1100
47932
56285
54490
37778
24521
14117
31940
15582
19825
2544
30270
12851
57003
47422
3868
6044
28610
30029
15816
44067
21142
11211
37445
24490
55793
2303
40988
30186
8325
13704
23820
25148
16993
21760
42260
24616
21376
18498
48440
46371
33723
17069
11488
59550
9686
28483
29026
54899
36104
54501
49959
37316
22023
52698
53002
4734
22489
5771
6480
6685
42057
53098
43509
38176
40
32243
53632
1051
40025
49545
24968
2255
48280
2080
20881
35540
4256
49998
23718
27582
45858
22212
42546
36004
14171
7384
8855
3734
43999
36446
33855
53912
37311
30511
15003
17017
44148
45341
40084
20964
26549
20976
10589
12423
5761
12918
4456
946
17224
59089
45780
27542
27301
31679
22846
23337
9030
44340
18729
55177
45738
24611
47453
2760
21665
41177
45742
4041
1551
32284
45781
18603
39906
57683
1829
46456
43348
22356
46500
3358
17995
36887
50181
18420
16446
3708
18759
53337
27395
10118
57152
20684
13094
41277
11012
19247
28371
59307
4446
8312
55873
4647
24028
12903
14425
37234
28804
17169
6778
59876
36277
30437
39839
10781
24591
25163
30755
27530
25963
19415
17455
8573
44241
13771
36464
14884
41186
55728
37749
30975
7154
19368
42893
25881
7727
55208
28057
38371
52815
32452
28697
45599
10604
11880
50339
37841
49330
29924
21908
43531
40480
52373
42003
51692
17202
45230
18754
5146
6400
45079
10725
53301
39064
42264
18635
18455
54036
12319
29690
38704
2641
25001
32840
5506
59229
54912
51316
42815
20939
47123
47327
685
10419
21328
43860
35780
36728
43297
51599
5785
34698
2922
38366
35216
37782
2930
42992
38971
34496
44431
15503
41330
17317
32084
22354
43234
33929
28711
6653
46828
48540
541
32120
43110
14756
30431
45324
35327
38619
15447
24466
11694
38272
2116
25012
26306
37476
9476
29131
21945
27103
13513
41997
6534
17434
4742
42878
6815
25243
3553
56632
31580
23708
5549
2717
47684
34981
15079
48883
59342
11346
46396
7994
36821
1730
9061
8517
51991
59763
36373
58475
13846
16873
16754
1676
24093
53881
41201
47661
42150
20986
32783
55857
35496
48305
12483
22466
32456
29617
5226
18185
54730
14289
58936
1898
24392
34823
4520
2066
17586
46133
39638
45479
17758
4536
56546
19927
33290
10019
2063
1975
27275
18146
57178
28331
46313
7152
12714
20977
31309
49531
44739
8230
59782
57418
16760
54227
35329
35468
18116
6000
48549
45929
24943
39779
22029
44422
56302
56631
5779
53175
36922
48544
48334
25013
58844
24427
31251
13485
53570
13233
23572
41659
57361
47754
37481
13870
35533
40420
21224
16469
59813
55831
3487
37780
46710
12045
19787
45424
36289
13003
16136
42972
8875
42982
59664
31212
4432
41716
14048
52826
49996
7025
11533
45434
33157
17384
27907
45308
14631
55524
55031
23839
6847
23250
57528
12605
21009
7555
43124
8532
9001
28125
1886
34190
39488
44326
43852
9055
56218
5126
32415
42100
54540
52734
55609
39408
17805
15402
27748
57898
43853
11189
32328
9690
36546
24832
28065
5871
45721
35593
10328
57991
4174
2648
57250
1195
51977
18974
56314
47340
52246
13828
41404
49984
7563
18824
59809
44741
23593
702
10339
40456
24583
17338
37406
51604
32336
41053
56646
25251
16639
53649
8637
41927
22536
45973
27172
11713
13482
28366
8694
24491
22706
21976
59407
40553
45963
50969
406
50041
44724
34084
40747
48061
44308
31293
38327
10824
5474
47214
55908
53009
3417
47907
29027
12372
44949
830
12791
36766
47427
7383
51493
47644
45035
25426
42753
58814
55129
34180
671
3098
6664
27356
28988
17619
1589
21640
44230
43099
16672
17907
58206
45731
16134
24705
31712
21668
58421
47071
55636
57534
12473
4341
40631
49135
54476
19879
42257
38587
19339
14097
23884
3535
30906
38917
23485
5083
57747
7440
20167
11052
37655
31375
40820
29828
59366
41816
27450
27635
9192
3652
16389
12779
59726
36098
23971
568
22675
4325
50411
17452
17063
5677
24747
24421
33980
6723
18143
44602
47627
10213
45296
55817
11991
29017
15793
15755
43791
107
21544
36966
44533
41479
36845
33322
25982
12345
16369
51629
51066
55093
5163
50397
33804
58673
18417
39324
37420
30948
36220
51110
49837
38763
5212
39857
46487
57613
15152
51576
59556
41925
21972
45966
417
11498
13211
15671
36093
5076
17352
144
56723
53396
16151
52646
36113
2178
50884
47232
26567
38430
34591
24991
11190
26326
49757
54497
7380
43236
49518
24859
60050
24021
7303
10324
52378
16527
46040
8549
27085
17418
9341
33935
36181
4074
45492
21876
1479
43156
15852
19879
3097
25293
57881
9991
40161
37539
25325
59944
30772
23185
42500
5209
45184
19279
45256
54272
60009
11811
36262
23244
17244
17792
8343
28164
22424
31149
33965
28358
26614
9370
25077
35215
21188
67
36588
2860
33792
54271
20473
45832
38116
30506
16829
33737
13561
31776
387
37555
12738
18329
29402
29416
7808
22657
11282
17861
32429
49531
51431
12430
31982
28758
51485
38147
34932
25811
5593
42275
29378
21282
57173
57549
19539
30966
22212
57860
44479
3504
3535
26952
13222
191
53030
6899
17169
32468
16326
59780
8779
32982
35466
39706
6866
34538
39732
19709
22660
49104
21337
33615
46158
38566
43291
17361
10319
9457
5343
7586
698
50501
35182
35551
20700
21189
30176
27316
18679
34451
414
57533
2041
37031
521
13630
55259
46272
19031
55586
3299
33020
17170
20289
46695
34300
19557
22326
45544
47754
23157
36125
30162
26384
10091
58920
41044
35149
50037
41889
46495
3832
34136
3130
38673
16858
3633
20403
20180
10104
35378
49291
10973
49460
39115
44962
36014
56641
44693
31307
11378
22743
52056
57125
49404
16009
42281
43278
22105
43576
52532
37901
1772
52807
45354
55095
39671
44009
30106
53791
19669
10802
17184
42602
58892
41653
34438
31744
39390
26805
8449
52159
49161
10378
15358
50897
36517
8925
51785
10679
15280
22715
18918
33389
57724
55248
7149
26519
39619
1002
45597
30336
9764
11057
30226
50451
26994
26579
14150
16342
49590
4707
19910
15134
56789
44700
28288
37821
30443
27706
3185
34302
718
20811
4253
14571
4007
7424
52592
20354
32791
42946
46481
24516
15175
37832
42368
40621
8335
40191
