33204.098210576
33204.098210576
33204.098210576
33204.098210576
33204.098210576
33204.098210576
32220.942619422
33204.098210576
33204.098210576
33204.098210576
33204.098210576
33204.098210576
33204.098210576
33204.098210576
33204.098210576
33203.098210576
33204.098210576
33204.098210576
33204.098210576
33204.098210576
33204.098210576
33204.098210576
33194.084559250
33204.098210576
33204.098210576
33204.098210576
33204.098210576
33204.098210576
33204.098210576
33204.098210576
33204.098210576
33204.098210576
33194.084559250
33204.098210576
33203.098210576
33204.098210576
33204.098210576
33103.505071746
33204.098210576
33204.098210576
33204.098210576
33204.098210576
33204.098210576
33204.098210576
33104.440943903
33204.098210576
33204.098210576
33204.098210576
33204.098210576
33204.098210576
33204.098210576
33204.098210576
33204.098210576
33204.098210576
33204.098210576
33204.098210576
33204.098210576
33104.440943903
33204.098210576
33204.098210576
33204.098210576
33204.098210576
33204.098210576
33204.098210576
33204.098210576
33204.098210576
33204.098210576
32189.765802832
33204.098210576
33204.098210576
33203.098210576
33204.098210576
33204.098210576
33204.098210576
33204.098210576
33204.098210576
33204.098210576
33204.098210576
33204.098210576
33204.098210576
33204.098210576
33204.098210576
33204.098210576
33103.410307969
33204.098210576
33204.098210576
33204.098210576
33204.098210576
33204.098210576
33104.440943903
33102.568939853
33204.098210576
33204.098210576
32189.306611887
33204.098210576
33204.098210576
33204.098210576
33204.098210576
33204.098210576
33204.098210576
33204.098210576
33204.098210576
33204.098210576
33204.098210576
32206.796253846
33204.098210576
33204.098210576
33204.098210576
33204.098210576
33204.098210576
33204.098210576
33204.098210576
33204.098210576
33204.098210576
33204.098210576
33204.098210576
33204.098210576
33204.098210576
33204.098210576
33204.098210576
33194.084559250
33103.505071746
33204.098210576
33204.098210576
33204.098210576
33204.098210576
33204.098210576
33204.098210576
33204.098210576
33204.098210576
33204.098210576
32206.924017229
33104.440943903
33204.098210576
33204.098210576
33204.098210576
33204.098210576
33204.098210576
33204.098210576
33204.098210576
33204.098210576
33204.098210576
33204.098210576
33194.084559250
33194.084559250
33204.098210576
33105.376556467
33204.098210576
33204.098210576
33204.098210576
33204.098210576
33204.098210576
33204.098210576
33204.098210576
33204.098210576
33204.098210576
33204.098210576
33204.098210576
33204.098210576
33194.084559250
33204.098210576
33204.098210576
33204.098210576
33204.098210576
33204.098210576
33204.098210576
33204.098210576
33204.098210576
33204.098210576
33204.098210576
33204.098210576
33204.098210576
33204.098210576
33204.098210576
33204.098210576
33204.098210576
33204.098210576
33204.098210576
33204.098210576
33204.098210576
33204.098210576
31242.204476270
33204.098210576
33204.098210576
33204.098210576
33104.440943903
33204.098210576
33204.098210576
33204.098210576
33204.098210576
33204.098210576
33204.098210576
33204.098210576
33204.098210576
33204.098210576
33204.098210576
33204.098210576
33204.098210576
33204.098210576
33204.098210576
33204.098210576
33101.537725819
33194.084559250
33105.376556467
33204.098210576
33204.098210576
33102.474146841
33204.098210576
33204.098210576
33204.098210576
33204.098210576
33204.098210576
33204.098210576
33204.098210576
33204.098210576
33204.098210576
33204.098210576
33204.098210576
33204.098210576
33204.098210576
33204.098210576
33204.098210576
33204.098210576
33204.098210576
33204.098210576
32202.227003460
33204.098210576
33106.311909576
33204.098210576
33204.098210576
33204.098210576
33204.098210576
33204.098210576
33204.098210576
33204.098210576
33204.098210576
33204.098210576
33204.098210576
33103.505071746
33204.098210576
33204.098210576
33204.098210576
33204.098210576
33204.098210576
33204.098210576
33204.098210576
33204.098210576
33204.098210576
33204.098210576
33204.098210576
33204.098210576
33204.098210576
33204.098210576
33204.098210576
32220.942619422
33193.081522280
33204.098210576
33204.098210576
33204.098210576
33204.098210576
33204.098210576
33204.098210576
33204.098210576
33204.098210576
33204.098210576
33204.098210576
33204.098210576
33204.098210576
33204.098210576
33204.098210576
33103.505071746
33204.098210576
33204.098210576
33204.098210576
33204.098210576
33204.098210576
33204.098210576
33204.098210576
33204.098210576
33204.098210576
33204.098210576
33204.098210576
33204.098210576
33204.098210576
33204.098210576
33204.098210576
33204.098210576
33204.098210576
33204.098210576
33204.098210576
33204.098210576
33204.098210576
33204.098210576
33103.505071746
33204.098210576
33204.098210576
33204.098210576
33204.098210576
33204.098210576
33204.098210576
32224.014696597
33204.098210576
33204.098210576
33204.098210576
33203.098210576
33204.098210576
33204.098210576
33204.098210576
33194.084559250
33204.098210576
33204.098210576
33204.098210576
33204.098210576
33204.098210576
33204.098210576
33204.098210576
33204.098210576
33194.084559250
33204.098210576
33204.098210576
33204.098210576
33204.098210576
33103.505071746
33204.098210576
33204.098210576
33204.098210576
33204.098210576
33105.376556467
33204.098210576
33204.098210576
32201.001206844
33204.098210576
33204.098210576
33203.098210576
33204.098210576
33204.098210576
33204.098210576
33204.098210576
33204.098210576
33204.098210576
33204.098210576
33204.098210576
33204.098210576
33204.098210576
33204.098210576
32201.971065597
33204.098210576
33204.098210576
33204.098210576
33204.098210576
33204.098210576
33204.098210576
33204.098210576
33204.098210576
33204.098210576
33204.098210576
33194.084559250
33203.098210576
33194.084559250
33204.098210576
33204.098210576
33204.098210576
33204.098210576
33204.098210576
33204.098210576
33204.098210576
32209.955444638
33203.098210576
33204.098210576
33204.098210576
33204.098210576
33204.098210576
33204.098210576
33204.098210576
33204.098210576
33203.098210576
33204.098210576
33204.098210576
33204.098210576
33204.098210576
32193.252123275
33204.098210576
33204.098210576
33204.098210576
33204.098210576
33204.098210576
33204.098210576
33204.098210576
33204.098210576
33204.098210576
33204.098210576
33204.098210576
33204.098210576
33204.098210576
33204.098210576
33204.098210576
33204.098210576
33204.098210576
33204.098210576
33204.098210576
33204.098210576
32205.901741267
33204.098210576
33204.098210576
33203.098210576
33204.098210576
33204.098210576
33204.098210576
32223.633532885
33204.098210576
33204.098210576
33204.098210576
33194.084559250
33204.098210576
33204.098210576
33204.098210576
33204.098210576
33204.098210576
33204.098210576
33204.098210576
33204.098210576
33204.098210576
33204.098210576
33204.098210576
33204.098210576
33204.098210576
33204.098210576
33204.098210576
33204.098210576
33204.098210576
33204.098210576
33204.098210576
33204.098210576
33204.098210576
33103.505071746
33204.098210576
33204.098210576
33204.098210576
33204.098210576
33204.098210576
32198.420165205
33204.098210576
33204.098210576
33204.098210576
33204.098210576
33204.098210576
33204.098210576
33204.098210576
33204.098210576
33204.098210576
33204.098210576
33204.098210576
33204.098210576
33203.098210576
32192.536595130
33204.098210576
33204.098210576
33204.098210576
33204.098210576
33204.098210576
33204.098210576
33204.098210576
33204.098210576
33204.098210576
32198.035767273
33204.098210576
33204.098210576
33204.098210576
33204.098210576
33204.098210576
33204.098210576
33204.098210576
33204.098210576
33204.098210576
33204.098210576
33204.098210576
33204.098210576
33204.098210576
33204.098210576
33194.084559250
33204.098210576
33204.098210576
33204.098210576
33204.098210576
33194.084559250
33204.098210576
33194.084559250
32216.445934525
33204.098210576
33204.098210576
33204.098210576
33204.098210576
33204.098210576
33194.084559250
33204.098210576
33203.098210576
33194.084559250
33204.098210576
33204.098210576
33204.098210576
33204.098210576
33204.098210576
33204.098210576
33204.098210576
33204.098210576
33204.098210576
32210.795215213
33194.084559250
33204.098210576
33204.098210576
33204.098210576
33204.098210576
33204.098210576
33204.098210576
33204.098210576
33204.098210576
33204.098210576
33204.098210576
33204.098210576
33204.098210576
33204.098210576
33204.098210576
33204.098210576
33103.505071746
33204.098210576
33204.098210576
33204.098210576
33204.098210576
33204.098210576
33204.098210576
33204.098210576
33204.098210576
33103.505071746
33204.098210576
33204.098210576
33204.098210576
33204.098210576
33204.098210576
32214.970451401
33204.098210576
33204.098210576
33204.098210576
33204.098210576
33103.505071746
33204.098210576
33204.098210576
33204.098210576
33204.098210576
33204.098210576
33204.098210576
33204.098210576
33204.098210576
33204.098210576
33204.098210576
33204.098210576
33204.098210576
33204.098210576
33204.098210576
33204.098210576
33204.098210576
33103.505071746
33204.098210576
33194.084559250
33204.098210576
33204.098210576
33204.098210576
33204.098210576
33204.098210576
33204.098210576
33204.098210576
33204.098210576
33204.098210576
33204.098210576
33204.098210576
33204.098210576
33204.098210576
33204.098210576
33204.098210576
33204.098210576
33204.098210576
33204.098210576
33204.098210576
33204.098210576
33204.098210576
33204.098210576
33204.098210576
33204.098210576
33204.098210576
33204.098210576
33204.098210576
33204.098210576
33204.098210576
33204.098210576
33204.098210576
33103.505071746
33204.098210576
33204.098210576
33204.098210576
33204.098210576
33194.084559250
33204.098210576
33204.098210576
33204.098210576
33204.098210576
33204.098210576
33204.098210576
33204.098210576
33204.098210576
33204.098210576
33204.098210576
33204.098210576
33204.098210576
33204.098210576
32190.665116968
33204.098210576
33204.098210576
33103.505071746
33204.098210576
33204.098210576
33204.098210576
33204.098210576
33204.098210576
33204.098210576
33204.098210576
33204.098210576
33194.084559250
33204.098210576
33204.098210576
33204.098210576
33204.098210576
33204.098210576
33204.098210576
33204.098210576
33204.098210576
33204.098210576
33104.440943903
33204.098210576
33204.098210576
33204.098210576
33204.098210576
33204.098210576
33204.098210576
33204.098210576
32197.321160585
33204.098210576
33204.098210576
33204.098210576
33204.098210576
33204.098210576
33204.098210576
33204.098210576
33204.098210576
33204.098210576
33204.098210576
33204.098210576
33204.098210576
33204.098210576
33204.098210576
33204.098210576
33204.098210576
33204.098210576
33194.084559250
33204.098210576
33204.098210576
33204.098210576
33204.098210576
33204.098210576
33204.098210576
33204.098210576
33204.098210576
33204.098210576
33204.098210576
33204.098210576
33203.098210576
33204.098210576
33204.098210576
33204.098210576
33204.098210576
33204.098210576
33194.084559250
33204.098210576
33204.098210576
33204.098210576
33204.098210576
33204.098210576
33204.098210576
33204.098210576
33204.098210576
33204.098210576
33204.098210576
32206.668484432
33204.098210576
33204.098210576
32213.621787185
33204.098210576
33105.376556467
33204.098210576
33204.098210576
33204.098210576
33204.098210576
33204.098210576
33204.098210576
33204.098210576
33204.098210576
33204.098210576
33204.098210576
33204.098210576
33204.098210576
33204.098210576
33194.084559250
33204.098210576
33204.098210576
33204.098210576
33204.098210576
33204.098210576
33204.098210576
33204.098210576
33204.098210576
32202.099037553
33203.098210576
33204.098210576
33204.098210576
33204.098210576
33204.098210576
33204.098210576
33204.098210576
33204.098210576
33204.098210576
33204.098210576
33204.098210576
33204.098210576
33204.098210576
33204.098210576
33204.098210576
33204.098210576
33204.098210576
33204.098210576
33204.098210576
33204.098210576
33204.098210576
33204.098210576
33204.098210576
33204.098210576
33204.098210576
33204.098210576
33204.098210576
32203.708168623
33204.098210576
33204.098210576
33204.098210576
33204.098210576
33204.098210576
33204.098210576
33204.098210576
33204.098210576
33204.098210576
33204.098210576
33204.098210576
33204.098210576
33204.098210576
33204.098210576
33204.098210576
33204.098210576
33204.098210576
33204.098210576
33204.098210576
33204.098210576
33204.098210576
33204.098210576
33204.098210576
33204.098210576
33204.098210576
33204.098210576
33194.084559250
33204.098210576
33204.098210576
33204.098210576
33204.098210576
33203.098210576
33204.098210576
33204.098210576
33204.098210576
33204.098210576
33203.098210576
33203.098210576
33204.098210576
33103.505071746
33204.098210576
33204.098210576
33204.098210576
33204.098210576
33204.098210576
33204.098210576
33204.098210576
33204.098210576
33204.098210576
33204.098210576
33204.098210576
33204.098210576
33204.098210576
33204.098210576
33204.098210576
33204.098210576
33204.098210576
33204.098210576
33204.098210576
33204.098210576
33204.098210576
33204.098210576
33204.098210576
33204.098210576
33204.098210576
33204.098210576
33204.098210576
33204.098210576
33204.098210576
33204.098210576
33204.098210576
33204.098210576
33204.098210576
33204.098210576
33204.098210576
33204.098210576
33204.098210576
33204.098210576
33203.098210576
33204.098210576
33204.098210576
33204.098210576
33204.098210576
33204.098210576
33204.098210576
33204.098210576
33204.098210576
33204.098210576
33204.098210576
33204.098210576
33204.098210576
33204.098210576
33204.098210576
33204.098210576
33204.098210576
33204.098210576
33184.040455948
33204.098210576
33204.098210576
33194.084559250
33204.098210576
33204.098210576
33204.098210576
33204.098210576
33204.098210576
33204.098210576
33204.098210576
33204.098210576
33204.098210576
33203.098210576
33204.098210576
33204.098210576
33204.098210576
33204.098210576
33204.098210576
33204.098210576
33194.084559250
33204.098210576
33204.098210576
33194.084559250
33204.098210576
33204.098210576
33204.098210576
33204.098210576
33204.098210576
33204.098210576
33204.098210576
33204.098210576
33204.098210576
33204.098210576
33203.098210576
33204.098210576
33204.098210576
33204.098210576
33204.098210576
33204.098210576
33204.098210576
33204.098210576
33204.098210576
33204.098210576
33204.098210576
33204.098210576
33204.098210576
33204.098210576
33204.098210576
33204.098210576
33204.098210576
33194.084559250
33204.098210576
33203.098210576
33204.098210576
33204.098210576
33204.098210576
33204.098210576
33203.098210576
33204.098210576
33204.098210576
33204.098210576
33204.098210576
33204.098210576
33204.098210576
33204.098210576
33204.098210576
33194.084559250
33204.098210576
33104.440943903
33204.098210576
33204.098210576
33204.098210576
33204.098210576
33204.098210576
33204.098210576
33204.098210576
33204.098210576
33204.098210576
33204.098210576
33204.098210576
33204.098210576
33204.098210576
33204.098210576
33204.098210576
33204.098210576
33204.098210576
33204.098210576
33204.098210576
33204.098210576
33204.098210576
33204.098210576
33194.084559250
33204.098210576
33204.098210576
33204.098210576
33204.098210576
33204.098210576
33204.098210576
33204.098210576
33204.098210576
33204.098210576
33204.098210576
33204.098210576
33204.098210576
33204.098210576
33204.098210576
33204.098210576
33204.098210576
33204.098210576
33204.098210576
33204.098210576
33204.098210576
33204.098210576
33204.098210576
33204.098210576
33204.098210576
33204.098210576
33204.098210576
33204.098210576
32185.356443494
33204.098210576
33204.098210576
33204.098210576
33204.098210576
33204.098210576
33204.098210576
33204.098210576
33204.098210576
32211.433157519
33204.098210576
33204.098210576
33204.098210576
32188.847378417
33203.098210576
33204.098210576
33194.084559250
33204.098210576
33204.098210576
33204.098210576
33204.098210576
33204.098210576
33204.098210576
33204.098210576
33204.098210576
33202.097907698
33203.098210576
33204.098210576
33204.098210576
33204.098210576
33204.098210576
33204.098210576
33204.098210576
33204.098210576
33204.098210576
33194.084559250
33204.098210576
33102.568939853
33204.098210576
33204.098210576
33204.098210576
33204.098210576
33204.098210576
33204.098210576
33204.098210576
33204.098210576
33204.098210576
33204.098210576
33204.098210576
33204.098210576
33204.098210576
32207.125770896
33204.098210576
33204.098210576
33204.098210576
33204.098210576
33204.098210576
33204.098210576
33204.098210576
33204.098210576
33204.098210576
33204.098210576
33204.098210576
33204.098210576
33204.098210576
33204.098210576
33204.098210576
33204.098210576
33204.098210576
33204.098210576
33204.098210576
33204.098210576
33204.098210576
33204.098210576
33204.098210576
33204.098210576
33204.098210576
33204.098210576
32207.381273413
33204.098210576
33194.995376533
33204.098210576
33204.098210576
33204.098210576
33204.098210576
33204.098210576
33204.098210576
33204.098210576
33204.098210576
33204.098210576
33204.098210576
33204.098210576
33204.098210576
33204.098210576
33204.098210576
33204.098210576
33204.098210576
33204.098210576
33204.098210576
33204.098210576
33204.098210576
32211.688292347
33204.098210576
33204.098210576
33204.098210576
33204.098210576
33204.098210576
33204.098210576
33204.098210576
33204.098210576
33204.098210576
33204.098210576
33204.098210576
33204.098210576
33204.098210576
33204.098210576
33204.098210576
33204.098210576
33204.098210576
33194.084559250
33204.098210576
33204.098210576
33203.098210576
33204.098210576
33194.084559250
33204.098210576
33204.098210576
33203.098210576
33194.084559250
33204.098210576
33106.311909576
33204.098210576
33204.098210576
33204.098210576
33204.098210576
33204.098210576
33204.098210576
33204.098210576
33204.098210576
33203.098210576
33204.098210576
33204.098210576
33204.098210576
33194.084559250
33103.505071746
33204.098210576
33204.098210576
33204.098210576
33204.098210576
33204.098210576
33204.098210576
33204.098210576
33203.098210576
33204.098210576
33204.098210576
32210.083078293
33204.098210576
33204.098210576
33204.098210576
33204.098210576
33204.098210576
33204.098210576
33203.098210576
33204.098210576
33204.098210576
33204.098210576
33104.440943903
33204.098210576
33204.098210576
33204.098210576
33204.098210576
33204.098210576
33204.098210576
33204.098210576
33093.181322179
33204.098210576
33204.098210576
33204.098210576
33204.098210576
33204.098210576
33204.098210576
33204.098210576
33105.376556467
33204.098210576
33204.098210576
33204.098210576
33103.505071746
33204.098210576
33204.098210576
33204.098210576
33204.098210576
33204.098210576
33204.098210576
32203.068596381
32203.708168623
33204.098210576
33204.098210576
33204.098210576
33204.098210576
33204.098210576
33204.098210576
33204.098210576
33204.098210576
33204.098210576
33204.098210576
33204.098210576
33204.098210576
33203.098210576
33204.098210576
33204.098210576
33204.098210576
33204.098210576
33204.098210576
33204.098210576
33204.098210576
33204.098210576
33204.098210576
33204.098210576
33204.098210576
33204.098210576
33204.098210576
33204.098210576
33204.098210576
33204.098210576
33204.098210576
33103.505071746
33204.098210576
33204.098210576
33204.098210576
33204.098210576
33204.098210576
33204.098210576
33204.098210576
33204.098210576
33204.098210576
33204.098210576
33204.098210576
33203.098210576
33203.098210576
33204.098210576
33204.098210576
33204.098210576
33204.098210576
33204.098210576
33204.098210576
33204.098210576
33204.098210576
33204.098210576
33204.098210576
33204.098210576
33204.098210576
33204.098210576
33203.098210576
33204.098210576
33204.098210576
33204.098210576
33204.098210576
33204.098210576
33204.098210576
33102.568939853
33204.098210576
33204.098210576
33204.098210576
33104.440943903
33204.098210576
33204.098210576
33203.098210576
33204.098210576
33204.098210576
33204.098210576
33204.098210576
33204.098210576
33204.098210576
33204.098210576
33204.098210576
33204.098210576
33204.098210576
33105.376556467
33204.098210576
33204.098210576
33204.098210576
33204.098210576
33204.098210576
33204.098210576
33204.098210576
33103.505071746
33204.098210576
33204.098210576
33204.098210576
33204.098210576
33194.084559250
33204.098210576
33204.098210576
33204.098210576
33204.098210576
33204.098210576
33204.098210576
33204.098210576
33194.084559250
33204.098210576
33204.098210576
33204.098210576
33204.098210576
33204.098210576
33204.098210576
33204.098210576
33204.098210576
33204.098210576
33204.098210576
33204.098210576
33204.098210576
33204.098210576
33204.098210576
33204.098210576
33204.098210576
33204.098210576
33204.098210576
33204.098210576
33204.098210576
33204.098210576
33204.098210576
33204.098210576
33204.098210576
33204.098210576
33204.098210576
33204.098210576
33204.098210576
33204.098210576
33194.084559250
33204.098210576
33204.098210576
33204.098210576
33204.098210576
32196.478226884
33194.084559250
33204.098210576
33204.098210576
33204.098210576
33194.084559250
33204.098210576
33204.098210576
33204.098210576
33204.098210576
33204.098210576
33203.098210576
33204.098210576
33204.098210576
33203.098210576
33204.098210576
33204.098210576
33204.098210576
33203.098210576
33204.098210576
33204.098210576
33204.098210576
33204.098210576
33204.098210576
33204.098210576
33204.098210576
33204.098210576
33204.098210576
33194.084559250
33204.098210576
33204.098210576
33204.098210576
33204.098210576
33204.098210576
33204.098210576
33204.098210576
33194.084559250
33204.098210576
33103.505071746
33204.098210576
33184.040455948
33204.098210576
33204.098210576
33204.098210576
33194.084559250
33204.098210576
33204.098210576
33203.098210576
33204.098210576
33204.098210576
33204.098210576
33204.098210576
33204.098210576
33204.098210576
33204.098210576
33204.098210576
33204.098210576
33204.098210576
33204.098210576
33204.098210576
33204.098210576
33204.098210576
33204.098210576
33204.098210576
33203.098210576
33204.098210576
33204.098210576
33204.098210576
32183.278439657
33204.098210576
31138.109878933
33204.098210576
33204.098210576
33204.098210576
33204.098210576
33204.098210576
33204.098210576
33204.098210576
33204.098210576
33204.098210576
33203.098210576
33204.098210576
33204.098210576
33204.098210576
33204.098210576
33204.098210576
33204.098210576
33203.098210576
33204.098210576
32192.536595130
33204.098210576
33204.098210576
33204.098210576
33204.098210576
33204.098210576
33204.098210576
33204.098210576
33204.098210576
33204.098210576
33204.098210576
33194.084559250
33204.098210576
33204.098210576
33204.098210576
33204.098210576
33204.098210576
33194.084559250
33204.098210576
33204.098210576
33204.098210576
33204.098210576
33204.098210576
33204.098210576
33204.098210576
33204.098210576
33204.098210576
33204.098210576
33204.098210576
33203.098210576
33204.098210576
32210.667608706
33204.098210576
33204.098210576
33204.098210576
33204.098210576
33105.376556467
33204.098210576
33204.098210576
33204.098210576
33204.098210576
33204.098210576
33204.098210576
33204.098210576
33204.098210576
33204.098210576
33204.098210576
33204.098210576
33203.098210576
33194.084559250
33204.098210576
33204.098210576
33204.098210576
33204.098210576
33204.098210576
33204.098210576
33204.098210576
33203.098210576
32182.376942396
33194.084559250
33203.098210576
33194.084559250
33204.098210576
33204.098210576
33204.098210576
33204.098210576
33204.098210576
33204.098210576
33204.098210576
33204.098210576
33204.098210576
33204.098210576
33204.098210576
33204.098210576
33204.098210576
33204.098210576
33204.098210576
33204.098210576
33204.098210576
33204.098210576
33204.098210576
33204.098210576
32217.411502982
33204.098210576
33204.098210576
33204.098210576
33204.098210576
33204.098210576
33204.098210576
33204.098210576
33204.098210576
33194.084559250
32192.408222249
33203.098210576
33194.995376533
33106.311909576
33204.098210576
33204.098210576
33204.098210576
33204.098210576
33204.098210576
33204.098210576
33204.098210576
33204.098210576
33204.098210576
33204.098210576
33204.098210576
33204.098210576
33204.098210576
33204.098210576
33194.084559250
33204.098210576
33204.098210576
32219.214616091
33204.098210576
33204.098210576
33204.098210576
33204.098210576
33204.098210576
33204.098210576
33204.098210576
33204.098210576
33204.098210576
33103.505071746
33204.098210576
33204.098210576
33204.098210576
33204.098210576
33204.098210576
33204.098210576
33103.505071746
33204.098210576
33204.098210576
33204.098210576
33204.098210576
33204.098210576
33204.098210576
33204.098210576
33204.098210576
33204.098210576
33204.098210576
33204.098210576
33204.098210576
33102.474146841
33204.098210576
33204.098210576
33204.098210576
33204.098210576
33204.098210576
33204.098210576
33204.098210576
33204.098210576
33204.098210576
33204.098210576
33204.098210576
33204.098210576
33204.098210576
33204.098210576
33204.098210576
33204.098210576
33204.098210576
33204.098210576
33204.098210576
33204.098210576
33204.098210576
33204.098210576
33204.098210576
33204.098210576
33094.120092042
33204.098210576
32185.999757785
33204.098210576
33204.098210576
33204.098210576
33194.084559250
33204.098210576
33204.098210576
33204.098210576
33204.098210576
33204.098210576
33204.098210576
33204.098210576
33204.098210576
33203.098210576
33204.098210576
33204.098210576
33204.098210576
32203.836064939
33204.098210576
33104.440943903
33103.505071746
33203.098210576
33204.098210576
33204.098210576
33204.098210576
33204.098210576
33204.098210576
33204.098210576
33204.098210576
33204.098210576
33204.098210576
33204.098210576
33203.098210576
33204.098210576
33204.098210576
33204.098210576
33204.098210576
33204.098210576
33204.098210576
33204.098210576
33204.098210576
33204.098210576
33204.098210576
33204.098210576
33204.098210576
33204.098210576
33204.098210576
33204.098210576
33204.098210576
33204.098210576
33203.098210576
33203.098210576
33204.098210576
33204.098210576
33204.098210576
33204.098210576
33204.098210576
33204.098210576
33204.098210576
33204.098210576
33204.098210576
33204.098210576
33204.098210576
33204.098210576
33204.098210576
33204.098210576
33204.098210576
33204.098210576
33204.098210576
33204.098210576
33204.098210576
33204.098210576
33204.098210576
33204.098210576
33204.098210576
33104.440943903
33204.098210576
33204.098210576
33204.098210576
33194.084559250
33204.098210576
33194.084559250
33204.098210576
33204.098210576
33204.098210576
33204.098210576
33204.098210576
33204.098210576
33204.098210576
33204.098210576
33204.098210576
33204.098210576
32201.385222731
33204.098210576
33202.097907698
33204.098210576
33204.098210576
33204.098210576
33194.084559250
33204.098210576
33204.098210576
32199.518823763
33204.098210576
33204.098210576
33204.098210576
33204.098210576
33204.098210576
33204.098210576
33204.098210576
33204.098210576
33204.098210576
33204.098210576
33204.098210576
33204.098210576
33204.098210576
33204.098210576
33204.098210576
33204.098210576
33204.098210576
33204.098210576
33194.084559250
33204.098210576
33204.098210576
33204.098210576
33204.098210576
33204.098210576
33204.098210576
33204.098210576
33204.098210576
33204.098210576
33204.098210576
33204.098210576
33204.098210576
33204.098210576
33204.098210576
33204.098210576
33204.098210576
33204.098210576
33103.505071746
33204.098210576
33204.098210576
33204.098210576
33204.098210576
33204.098210576
33204.098210576
33204.098210576
33204.098210576
33204.098210576
33204.098210576
33204.098210576
33204.098210576
33204.098210576
33204.098210576
33203.098210576
33204.098210576
33204.098210576
33204.098210576
33204.098210576
33204.098210576
33204.098210576
33204.098210576
33204.098210576
33204.098210576
33204.098210576
33204.098210576
33204.098210576
33203.098210576
33204.098210576
33204.098210576
33204.098210576
33204.098210576
33204.098210576
33204.098210576
33204.098210576
32213.621787185
33204.098210576
33204.098210576
33194.084559250
33204.098210576
32206.285139999
33203.098210576
33204.098210576
32202.482917125
33204.098210576
33204.098210576
33204.098210576
33204.098210576
33204.098210576
33204.098210576
33204.098210576
33204.098210576
33204.098210576
33204.098210576
33204.098210576
33204.098210576
33204.098210576
33103.505071746
33204.098210576
33204.098210576
33204.098210576
33204.098210576
33204.098210576
33204.098210576
33204.098210576
33204.098210576
33204.098210576
33194.084559250
33204.098210576
33194.084559250
32185.871107157
33204.098210576
33204.098210576
33204.098210576
33204.098210576
33204.098210576
33204.098210576
33204.098210576
33204.098210576
33204.098210576
33204.098210576
33204.098210576
33204.098210576
33204.098210576
33204.098210576
33204.098210576
33204.098210576
33204.098210576
33204.098210576
33204.098210576
33204.098210576
33204.098210576
33204.098210576
33204.098210576
33204.098210576
33204.098210576
33204.098210576
33103.505071746
33204.098210576
33204.098210576
33204.098210576
33204.098210576
33204.098210576
32197.321160585
33204.098210576
33204.098210576
33204.098210576
33204.098210576
33204.098210576
33194.084559250
33204.098210576
33203.098210576
33204.098210576
33203.098210576
33204.098210576
33203.098210576
33204.098210576
33204.098210576
33204.098210576
33204.098210576
33204.098210576
33204.098210576
33204.098210576
33204.098210576
33204.098210576
33204.098210576
33204.098210576
33204.098210576
33204.098210576
32202.994671880
33204.098210576
33204.098210576
33204.098210576
33204.098210576
32187.616748675
33204.098210576
33204.098210576
33204.098210576
33204.098210576
33204.098210576
33204.098210576
33204.098210576
33204.098210576
33204.098210576
33204.098210576
33204.098210576
33204.098210576
33204.098210576
33204.098210576
33204.098210576
33204.098210576
33204.098210576
33204.098210576
33204.098210576
33204.098210576
33204.098210576
33204.098210576
33204.098210576
33204.098210576
33204.098210576
33204.098210576
33204.098210576
33204.098210576
33204.098210576
33204.098210576
33204.098210576
33204.098210576
33204.098210576
33204.098210576
33204.098210576
33204.098210576
33204.098210576
33204.098210576
33204.098210576
33204.098210576
33204.098210576
33204.098210576
33204.098210576
33204.098210576
33204.098210576
33204.098210576
33203.098210576
33203.098210576
33204.098210576
33204.098210576
33204.098210576
33204.098210576
33204.098210576
33204.098210576
33204.098210576
33204.098210576
33105.376556467
33204.098210576
33204.098210576
33204.098210576
33204.098210576
33204.098210576
33204.098210576
33204.098210576
33204.098210576
33204.098210576
33204.098210576
33204.098210576
33204.098210576
32196.936625993
33204.098210576
33204.098210576
33204.098210576
33204.098210576
33204.098210576
33194.084559250
33204.098210576
33204.098210576
33204.098210576
33204.098210576
33204.098210576
33204.098210576
33204.098210576
33204.098210576
33194.084559250
33204.098210576
33204.098210576
33204.098210576
33204.098210576
32201.459117258
33204.098210576
33204.098210576
33204.098210576
33204.098210576
33204.098210576
33204.098210576
33204.098210576
33204.098210576
33204.098210576
33204.098210576
33204.098210576
33204.098210576
33204.098210576
33204.098210576
33204.098210576
33204.098210576
33204.098210576
33204.098210576
33204.098210576
33204.098210576
33204.098210576
33204.098210576
33204.098210576
33204.098210576
33204.098210576
33204.098210576
33204.098210576
33204.098210576
33204.098210576
33204.098210576
33204.098210576
33204.098210576
33204.098210576
33204.098210576
33204.098210576
33204.098210576
33204.098210576
33204.098210576
33204.098210576
33204.098210576
33204.098210576
33204.098210576
33204.098210576
33194.084559250
33204.098210576
33204.098210576
33204.098210576
33204.098210576
33204.098210576
33204.098210576
33204.098210576
33204.098210576
33204.098210576
33204.098210576
33204.098210576
33204.098210576
33204.098210576
33204.098210576
33204.098210576
33204.098210576
33204.098210576
33204.098210576
33204.098210576
33204.098210576
33204.098210576
33204.098210576
33204.098210576
33204.098210576
33204.098210576
33204.098210576
33204.098210576
33204.098210576
33204.098210576
33204.098210576
33103.505071746
33204.098210576
33204.098210576
33204.098210576
33194.084559250
33204.098210576
33204.098210576
33204.098210576
33204.098210576
33204.098210576
33204.098210576
32195.837138350
33204.098210576
33204.098210576
33204.098210576
33204.098210576
33204.098210576
33204.098210576
33204.098210576
33204.098210576
33204.098210576
33204.098210576
33204.098210576
33204.098210576
33204.098210576
33204.098210576
33204.098210576
33204.098210576
33204.098210576
33204.098210576
33204.098210576
33204.098210576
33204.098210576
33204.098210576
33204.098210576
33204.098210576
33204.098210576
33204.098210576
32183.664703740
33203.098210576
33204.098210576
33204.098210576
33204.098210576
33204.098210576
33204.098210576
33204.098210576
33204.098210576
33204.098210576
33204.098210576
33204.098210576
33204.098210576
33204.098210576
33204.098210576
33203.098210576
33204.098210576
33204.098210576
33204.098210576
33204.098210576
33204.098210576
33204.098210576
33204.098210576
33204.098210576
33194.084559250
33102.568939853
33204.098210576
33204.098210576
33204.098210576
33204.098210576
33204.098210576
33204.098210576
33106.406582439
33194.084559250
33204.098210576
33204.098210576
33204.098210576
33204.098210576
33204.098210576
33204.098210576
33204.098210576
33204.098210576
33204.098210576
33204.098210576
33204.098210576
33204.098210576
33204.098210576
33204.098210576
33204.098210576
33204.098210576
32219.087361121
33204.098210576
33204.098210576
33204.098210576
33204.098210576
33204.098210576
33103.505071746
33204.098210576
33204.098210576
33204.098210576
33204.098210576
33204.098210576
33204.098210576
33204.098210576
33204.098210576
33204.098210576
33204.098210576
33204.098210576
33204.098210576
33204.098210576
33204.098210576
33204.098210576
33204.098210576
33204.098210576
33102.568939853
32206.029546879
33204.098210576
33204.098210576
33204.098210576
33204.098210576
33204.098210576
33203.098210576
33204.098210576
33204.098210576
33204.098210576
33204.098210576
33204.098210576
33204.098210576
33204.098210576
33204.098210576
33204.098210576
33204.098210576
33204.098210576
33204.098210576
33204.098210576
33204.098210576
33204.098210576
33204.098210576
33204.098210576
33204.098210576
33204.098210576
33204.098210576
33204.098210576
33204.098210576
33204.098210576
33204.098210576
33204.098210576
33204.098210576
33204.098210576
33204.098210576
33204.098210576
33204.098210576
33103.505071746
33204.098210576
33204.098210576
33204.098210576
33204.098210576
33204.098210576
32195.378620708
33204.098210576
33204.098210576
33204.098210576
33204.098210576
33204.098210576
33204.098210576
33204.098210576
33204.098210576
33204.098210576
33204.098210576
33204.098210576
33204.098210576
33204.098210576
33204.098210576
33204.098210576
33204.098210576
33204.098210576
33204.098210576
33194.084559250
33194.084559250
33204.098210576
33204.098210576
33204.098210576
33204.098210576
33204.098210576
33204.098210576
33204.098210576
33204.098210576
33204.098210576
33204.098210576
33204.098210576
33204.098210576
33204.098210576
33204.098210576
33204.098210576
33204.098210576
33204.098210576
33204.098210576
33204.098210576
33204.098210576
33204.098210576
32216.445934525
33204.098210576
33204.098210576
33204.098210576
33204.098210576
33204.098210576
33203.098210576
33204.098210576
33204.098210576
33204.098210576
33204.098210576
33204.098210576
33204.098210576
33204.098210576
32210.539996183
33204.098210576
33204.098210576
33204.098210576
33204.098210576
33204.098210576
33204.098210576
33204.098210576
33204.098210576
33204.098210576
33204.098210576
33204.098210576
33204.098210576
33204.098210576
33203.098210576
33204.098210576
33204.098210576
33204.098210576
33104.440943903
33204.098210576
33204.098210576
33204.098210576
33203.098210576
33204.098210576
33204.098210576
33204.098210576
33204.098210576
33204.098210576
33203.098210576
33204.098210576
33204.098210576
33204.098210576
33204.098210576
33204.098210576
33204.098210576
33204.098210576
33204.098210576
33204.098210576
33204.098210576
33204.098210576
33204.098210576
33204.098210576
33203.098210576
33204.098210576
33204.098210576
33204.098210576
33204.098210576
33204.098210576
33204.098210576
33204.098210576
33204.098210576
33204.098210576
33204.098210576
33204.098210576
33204.098210576
33204.098210576
33204.098210576
32208.093935530
33204.098210576
33204.098210576
33204.098210576
33204.098210576
33194.084559250
33204.098210576
33204.098210576
33204.098210576
33194.084559250
33204.098210576
33194.084559250
33204.098210576
33204.098210576
33204.098210576
33194.084559250
33203.098210576
33204.098210576
33204.098210576
33204.098210576
33204.098210576
33204.098210576
33204.098210576
33194.084559250
33204.098210576
33204.098210576
33204.098210576
33204.098210576
33204.098210576
33204.098210576
33194.084559250
33204.098210576
33204.098210576
33204.098210576
33204.098210576
33204.098210576
33204.098210576
33204.098210576
33203.098210576
33204.098210576
33204.098210576
33204.098210576
33204.098210576
33204.098210576
33204.098210576
33204.098210576
33204.098210576
32228.881991506
33204.098210576
33204.098210576
33204.098210576
33204.098210576
33204.098210576
33204.098210576
33204.098210576
33204.098210576
33204.098210576
33204.098210576
33204.098210576
33203.098210576
33204.098210576
33204.098210576
33204.098210576
33204.098210576
33105.376556467
33204.098210576
33204.098210576
33204.098210576
33204.098210576
33204.098210576
33204.098210576
33204.098210576
33204.098210576
33204.098210576
33204.098210576
33204.098210576
33203.098210576
33204.098210576
33204.098210576
33194.084559250
33204.098210576
33204.098210576
33204.098210576
33204.098210576
33204.098210576
33204.098210576
33204.098210576
33204.098210576
32215.426838598
33204.098210576
33204.098210576
33204.098210576
33204.098210576
33204.098210576
33204.098210576
33204.098210576
33203.098210576
33194.084559250
33204.098210576
33204.098210576
33204.098210576
33204.098210576
33204.098210576
33204.098210576
33204.098210576
33204.098210576
33204.098210576
33204.098210576
33204.098210576
33204.098210576
33204.098210576
33204.098210576
33204.098210576
33204.098210576
33194.084559250
33204.098210576
33194.084559250
33194.084559250
33204.098210576
33204.098210576
33204.098210576
33203.098210576
33204.098210576
33204.098210576
33204.098210576
33204.098210576
33204.098210576
33204.098210576
33102.568939853
33204.098210576
33204.098210576
33204.098210576
33204.098210576
33193.081522280
33204.098210576
33204.098210576
33204.098210576
33204.098210576
33102.568939853
33204.098210576
33204.098210576
33204.098210576
33204.098210576
33204.098210576
33204.098210576
33204.098210576
33204.098210576
33204.098210576
33204.098210576
33204.098210576
33204.098210576
33204.098210576
33204.098210576
33204.098210576
33204.098210576
33204.098210576
33204.098210576
33204.098210576
33204.098210576
33204.098210576
33204.098210576
33204.098210576
33204.098210576
33204.098210576
33204.098210576
33204.098210576
33194.084559250
33204.098210576
33204.098210576
33204.098210576
33204.098210576
33204.098210576
33204.098210576
33204.098210576
33204.098210576
33204.098210576
33204.098210576
33204.098210576
33204.098210576
33204.098210576
33204.098210576
33204.098210576
33204.098210576
33204.098210576
33204.098210576
33204.098210576
33204.098210576
33204.098210576
33204.098210576
33194.084559250
33204.098210576
33204.098210576
33204.098210576
33204.098210576
33204.098210576
33204.098210576
33204.098210576
33204.098210576
33204.098210576
33194.084559250
33204.098210576
33204.098210576
33204.098210576
33204.098210576
33204.098210576
33204.098210576
33204.098210576
33204.098210576
33204.098210576
33204.098210576
33204.098210576
33204.098210576
33204.098210576
33204.098210576
33204.098210576
33204.098210576
33204.098210576
33204.098210576
33204.098210576
33204.098210576
33204.098210576
33204.098210576
33203.098210576
33204.098210576
33204.098210576
33204.098210576
32186.973785949
33204.098210576
33204.098210576
33204.098210576
33204.098210576
32199.774967702
33194.084559250
33194.084559250
33204.098210576
33204.098210576
33204.098210576
33204.098210576
33204.098210576
33204.098210576
33204.098210576
33204.098210576
33204.098210576
33204.098210576
33204.098210576
33204.098210576
33204.098210576
33204.098210576
33204.098210576
33194.084559250
33204.098210576
33204.098210576
33203.098210576
33204.098210576
33204.098210576
33204.098210576
33204.098210576
33204.098210576
33204.098210576
33204.098210576
33204.098210576
33204.098210576
33204.098210576
33204.098210576
33204.098210576
33204.098210576
33204.098210576
33202.097907698
33204.098210576
32198.548285719
33204.098210576
33204.098210576
33204.098210576
33204.098210576
33204.098210576
33204.098210576
33204.098210576
33204.098210576
33204.098210576
33204.098210576
33204.098210576
33204.098210576
33204.098210576
33204.098210576
33204.098210576
33204.098210576
32212.017482830
33204.098210576
33204.098210576
33105.376556467
33204.098210576
33204.098210576
33204.098210576
33204.098210576
33204.098210576
33204.098210576
33204.098210576
33204.098210576
33204.098210576
33204.098210576
33194.084559250
33204.098210576
33204.098210576
33204.098210576
33203.098210576
33204.098210576
33204.098210576
33204.098210576
32206.614693492
33204.098210576
33204.098210576
33204.098210576
33204.098210576
33204.098210576
33204.098210576
33204.098210576
33204.098210576
33105.376556467
33204.098210576
33204.098210576
33204.098210576
33204.098210576
33204.098210576
33204.098210576
33204.098210576
33204.098210576
33204.098210576
33204.098210576
33204.098210576
33204.098210576
33204.098210576
33204.098210576
33204.098210576
33204.098210576
33204.098210576
33204.098210576
33204.098210576
33204.098210576
32186.587934995
33204.098210576
33204.098210576
33204.098210576
33204.098210576
33204.098210576
33204.098210576
33204.098210576
33204.098210576
33204.098210576
32189.563619832
33204.098210576
33204.098210576
33204.098210576
33204.098210576
33204.098210576
33204.098210576
33204.098210576
33204.098210576
33204.098210576
33194.084559250
33204.098210576
33203.098210576
33204.098210576
33204.098210576
33204.098210576
33204.098210576
33203.098210576
33204.098210576
33204.098210576
33204.098210576
33194.084559250
33194.084559250
33204.098210576
33204.098210576
33106.406582439
33105.376556467
33204.098210576
32201.203106771
33204.098210576
33204.098210576
33204.098210576
33194.084559250
33204.098210576
33204.098210576
33204.098210576
33204.098210576
33194.084559250
33204.098210576
33204.098210576
33204.098210576
33103.505071746
33204.098210576
33204.098210576
33204.098210576
32216.445934525
33204.098210576
33204.098210576
33204.098210576
33204.098210576
33204.098210576
33204.098210576
33204.098210576
33204.098210576
33204.098210576
33204.098210576
33204.098210576
33102.568939853
33204.098210576
33204.098210576
33204.098210576
33204.098210576
33204.098210576
33204.098210576
33204.098210576
33204.098210576
33204.098210576
33204.098210576
33104.440943903
33204.098210576
33204.098210576
33204.098210576
33204.098210576
33204.098210576
33204.098210576
33204.098210576
33204.098210576
33203.098210576
33204.098210576
33204.098210576
33204.098210576
32208.732450404
33204.098210576
33204.098210576
33204.098210576
33204.098210576
33104.440943903
33204.098210576
33204.098210576
32200.873189441
33204.098210576
33104.440943903
33203.098210576
33204.098210576
33204.098210576
33204.098210576
33204.098210576
33204.098210576
33204.098210576
33204.098210576
33204.098210576
33204.098210576
33204.098210576
33204.098210576
33203.098210576
33204.098210576
33204.098210576
33204.098210576
33204.098210576
33204.098210576
33204.098210576
33204.098210576
33204.098210576
33104.440943903
33204.098210576
33204.098210576
33203.098210576
33204.098210576
33204.098210576
33204.098210576
33204.098210576
33204.098210576
32187.873891011
33204.098210576
33203.098210576
33204.098210576
33204.098210576
33204.098210576
33204.098210576
33204.098210576
33204.098210576
32221.906960743
33204.098210576
33204.098210576
33194.084559250
33203.098210576
33204.098210576
33204.098210576
33194.084559250
33204.098210576
33204.098210576
33204.098210576
33204.098210576
33204.098210576
33204.098210576
33204.098210576
33204.098210576
33204.098210576
33204.098210576
33204.098210576
33105.376556467
33105.376556467
33204.098210576
33204.098210576
33204.098210576
33204.098210576
33204.098210576
33204.098210576
33204.098210576
33204.098210576
33204.098210576
33204.098210576
33204.098210576
33204.098210576
33204.098210576
33204.098210576
33204.098210576
33204.098210576
33203.098210576
33204.098210576
33204.098210576
33203.098210576
33204.098210576
33204.098210576
33204.098210576
32093.418455909
33204.098210576
33194.084559250
33204.098210576
33204.098210576
33204.098210576
33204.098210576
33203.098210576
33204.098210576
33204.098210576
33204.098210576
33204.098210576
33204.098210576
33203.098210576
33204.098210576
33204.098210576
33204.098210576
33204.098210576
33204.098210576
33204.098210576
33204.098210576
33204.098210576
33204.098210576
33204.098210576
33204.098210576
33204.098210576
33204.098210576
33204.098210576
33204.098210576
33204.098210576
33204.098210576
33204.098210576
33204.098210576
33204.098210576
32201.587113421
33204.098210576
33204.098210576
33204.098210576
33204.098210576
33193.081522280
33204.098210576
33204.098210576
33204.098210576
33204.098210576
33204.098210576
33204.098210576
33204.098210576
33204.098210576
33204.098210576
33204.098210576
33204.098210576
33204.098210576
33204.098210576
33204.098210576
33204.098210576
33204.098210576
33204.098210576
33204.098210576
33204.098210576
33204.098210576
33204.098210576
33204.098210576
33204.098210576
33204.098210576
33204.098210576
33204.098210576
33204.098210576
33204.098210576
33103.505071746
33194.084559250
33204.098210576
33204.098210576
33204.098210576
33204.098210576
33204.098210576
33204.098210576
33204.098210576
32202.994671880
33102.568939853
33204.098210576
33194.084559250
33204.098210576
33204.098210576
33102.568939853
33102.568939853
33194.084559250
33204.098210576
33204.098210576
33204.098210576
33204.098210576
33204.098210576
33204.098210576
33204.098210576
33204.098210576
33194.084559250
33204.098210576
33204.098210576
33204.098210576
32223.760593420
33194.084559250
33204.098210576
33204.098210576
33204.098210576
33204.098210576
33104.440943903
33204.098210576
33204.098210576
33204.098210576
33203.098210576
33204.098210576
33203.098210576
33204.098210576
33204.098210576
33204.098210576
33194.084559250
33204.098210576
33204.098210576
33204.098210576
33204.098210576
33204.098210576
33204.098210576
33204.098210576
33204.098210576
33204.098210576
33204.098210576
33204.098210576
33204.098210576
33204.098210576
33204.098210576
33204.098210576
33204.098210576
33204.098210576
33204.098210576
33204.098210576
33204.098210576
33204.098210576
33204.098210576
33204.098210576
33204.098210576
32206.157346456
33194.084559250
33203.098210576
33204.098210576
33204.098210576
33204.098210576
33204.098210576
33204.098210576
33204.098210576
33204.098210576
33204.098210576
33204.098210576
33203.098210576
33204.098210576
33204.098210576
33204.098210576
33204.098210576
33194.084559250
33102.568939853
33204.098210576
33204.098210576
33204.098210576
33204.098210576
33204.098210576
33204.098210576
33204.098210576
33204.098210576
33204.098210576
33204.098210576
32187.616748675
33204.098210576
32201.257223489
33194.084559250
33204.098210576
33204.098210576
33204.098210576
33204.098210576
33204.098210576
33204.098210576
33204.098210576
33204.098210576
33204.098210576
33204.098210576
33204.098210576
33204.098210576
33204.098210576
33204.098210576
33204.098210576
33204.098210576
33204.098210576
33204.098210576
33105.376556467
33204.098210576
33204.098210576
33204.098210576
33204.098210576
33204.098210576
33204.098210576
33204.098210576
33204.098210576
33204.098210576
33204.098210576
33204.098210576
33204.098210576
33204.098210576
33204.098210576
33204.098210576
33204.098210576
33204.098210576
33204.098210576
33204.098210576
33204.098210576
33204.098210576
33204.098210576
33194.084559250
33204.098210576
