4008.405009396
31149.418908947
3614.272340174
7138.024671941
733.566608188
9059.416237510
27874.544835478
19301.561429592
7949.692186958
10434.246580366
18373.200142955
12584.163777716
9213.312305283
13355.399892994
26142.805117992
26764.332542865
11908.155206244
2981.457924741
14704.721309303
6442.083011464
17228.039886120
1038.695685358
1632.002743150
1029.730134836
20653.670343452
7462.413161895
451.162355556
28047.159922717
30486.689408545
22357.557978529
26383.319790649
8736.444141265
16550.777125881
18789.520829571
15124.634949549
28534.309177651
28395.357967733
29317.141396487
3250.917642774
29809.940415320
4658.088071638
7857.975395205
25644.138857304
17828.761812563
21547.025756343
23221.279743858
19046.920905310
22693.062376859
1603.783545031
1886.053008324
33093.898925771
19856.279527894
7252.073374574
25804.026089133
1425.045733460
9881.130837400
28474.481962796
31077.757344815
30236.197615235
60.033710824
13850.887290945
21562.930980021
1923.734460989
28818.881102249
29071.415749291
17575.472693688
20357.471019782
1320.502548272
29259.897726213
11477.038151411
32889.342133070
29463.641804589
31371.307161927
11793.702562090
12979.971571497
15056.421826585
27434.299414195
14044.250582110
33033.118342035
24315.444659470
31236.139752216
18428.147951302
16822.126778345
3000.253525396
23617.998591294
18349.125043661
7383.438100702
26889.915233640
22222.409287891
2883.228774162
28522.522008855
728.843987010
29133.590530983
17186.053817720
21121.403116327
8329.120394050
25425.083941345
8197.873194222
1905.243169460
4079.327777371
28413.337389498
14723.452816129
24138.795155486
21870.191905938
3658.676316449
29571.964417663
924.631149174
7406.126685187
2736.401159828
3874.190269731
28657.581320799
6738.181491271
6678.052756231
25945.996326148
27528.922993774
17960.262326020
16446.496735036
11692.530567322
30778.649834303
12249.424362979
14197.627465167
7938.824012108
22545.872233090
9441.588935679
22018.824489114
24712.965863439
1667.906108871
7599.075930851
31031.525059567
25147.508218704
17780.432583905
156.082392298
4541.216093625
23114.010370737
20372.718333158
9332.780296719
25761.103827119
31889.028365545
31840.641750326
18809.571433741
32091.188582583
4066.756506013
13073.059619763
12647.403038207
30101.393758903
19485.640348170
26806.255046913
10080.231775114
25023.590236613
2238.610851797
9954.292033429
818.075485206
258.598114625
27376.305745903
27629.810864100
7324.712183477
2601.517662032
4578.237911476
12671.876470474
18167.929463097
12846.207373707
15858.103097829
25165.104149297
28724.615678208
27352.365045893
18212.271814827
31487.326973004
18340.499276019
5011.621663621
29444.532650867
11468.990770537
19397.644927610
31768.935374992
11096.517228629
8241.694556475
487.419037004
26480.636606912
21455.290348503
13604.578215203
21090.755225571
1198.988330980
28044.300117485
18286.681819512
10095.964700134
25529.148063850
5377.712060935
3534.651641454
11434.330800677
29620.230401334
444.446205960
32014.391113928
1061.180115560
25828.863409998
25201.881319480
26560.255417843
25227.938492954
29424.489075037
13104.763027501
23846.822576270
16984.001211460
17426.138552107
20715.744013790
27048.278461015
29206.798401930
32504.732590217
20563.638401144
1056.004642383
18854.045402935
21654.232434442
33045.317260342
26187.478331816
625.638070514
27943.356555307
7232.482871459
3299.077312345
19783.847058188
12192.509526007
33072.662146637
4918.650734688
17913.016822403
1702.235803414
11770.500419269
23247.586325194
21730.750711464
14119.291776628
27996.467179979
15253.100955119
16223.237736351
1979.100580783
2572.630357457
2205.701871511
12312.334123364
5840.225565650
8238.728982821
23448.431597861
14606.757056630
7549.186053398
32335.821331761
1384.767484036
14960.003978550
2791.212253060
20954.386320621
16239.770730472
7511.777671731
17655.898685488
19327.863614060
13478.434129910
23415.007707941
22680.445391081
23644.338696428
12794.265477278
20972.188053443
8659.869845729
9819.551027569
28628.616432226
92.440664491
9786.554115542
10450.402422918
20283.353532659
5225.398438543
4804.474490478
21028.611981631
23707.873483487
31715.338668708
30593.374042306
17891.952412495
6268.369391358
5241.419375702
32569.487427774
13373.939978830
4868.543320316
501.927660498
28719.690433525
14010.307940015
4248.846248065
3304.665451758
32740.519892209
15989.254674631
19076.236771536
26170.492933247
30532.979725617
8.000000000
27744.566788355
23669.010908875
6715.031012392
31178.583867092
29367.313353607
12131.312372954
23486.933745746
473.999927520
12201.538255957
24201.990051032
28944.163351063
30493.718122367
19947.020849015
3241.969243499
20015.875849510
5672.075650067
18965.017408031
12148.728826229
20758.475722878
32993.630415147
10925.203581827
21902.492157088
3180.749587416
12846.195770124
32617.027140738
28018.434066853
19255.056997664
493.147292015
18612.105112155
28101.387531205
2874.832313441
15141.211182209
26742.462577628
16880.417415560
14286.127269940
23570.331115480
3450.116686238
29668.425131332
30507.815164688
9225.961882868
30398.055653008
4991.937393174
5552.314126136
33113.199789016
2032.241123329
4105.650870172
17857.295286083
10123.907609437
15182.703140935
1186.015051515
11069.094335441
18837.236774724
23874.536792227
8761.250835934
23561.819937210
10468.955028257
7567.475633455
5490.939278121
15462.522086299
2578.986162527
30868.283376726
22435.914718965
87.759804869
14087.473868980
32796.183939504
28774.840755932
11400.263066093
1563.236442650
17541.143906162
10566.403890944
28424.428526794
9953.821567989
7776.681242421
31344.053405252
3373.694003404
2284.509776828
888.585947245
20052.369053948
8835.533658517
32970.238635130
11001.686761148
16012.892776764
24746.650181043
25016.777101836
12727.959662235
84.456780925
5265.764026143
3102.889835199
6089.600809165
7648.854403069
10811.342507124
10947.473813828
28870.799194790
24878.274192833
13548.167667661
21252.339859946
993.622836843
26005.591429809
4169.023344315
12387.633339775
5394.128335137
2964.144955013
13937.223833327
30943.808394443
9671.283173821
17527.474661809
3013.068057081
236.866597391
3706.107661098
29666.325622064
8855.773528132
31016.405246466
23532.515202765
24431.063778704
9693.842495144
9020.443744103
3985.531388082
5186.843285331
1048.668363060
17613.505874742
9286.121100664
7437.924035831
33162.847897836
15294.516986742
10418.533127545
19339.296296379
29032.290180042
32735.446876698
6594.544250896
15200.388382863
19780.241577654
7372.262668123
12408.084648817
11690.327956790
3735.718417391
3161.845349038
363.594446902
6377.982618979
14596.576068305
5182.961813617
19355.636387780
20196.461976753
23782.590507675
7783.256924388
33143.537229387
6495.091773862
18948.841421489
18651.747891266
7101.797055618
13690.720670397
21072.414903648
22105.397151437
6710.748706944
27231.674577979
6580.551246051
18485.047043264
16487.019889386
19718.491794575
29133.475818668
24127.961492331
26733.457158487
27636.727630144
11828.046050396
18681.063535775
26421.046872404
916.088056141
16161.891934420
16136.027331275
2983.846743982
27552.876589956
17174.540926499
28979.119254636
28256.363916284
22587.923734716
24605.240513988
28967.205324919
8270.295000574
22482.285182472
13558.426101924
15944.509416943
9829.487099714
4035.373274301
5003.287433061
16946.743966076
25254.511873520
21013.392842069
10042.834057226
30871.266461019
27789.464248497
31650.816736957
19951.575221790
14128.577139538
1216.197338726
32663.583749133
30021.001490021
27305.501223695
16962.328965316
26669.770944720
6389.563404322
8098.372290886
10565.815917374
30178.750945489
15685.852429065
28028.407292159
21836.056474314
26929.818232984
16079.538183274
10731.254601075
28907.978573910
10962.541186908
8560.904125791
13632.145517976
14988.134491888
10847.630365950
4441.298525724
14590.329426960
9285.654677346
26152.483493999
1736.805149849
428.448238782
9109.179823968
9555.569067896
20984.910913434
30312.438662899
23500.589198127
31798.214862598
5074.439018463
707.631925428
23639.622761550
17473.071759968
19148.422971866
7641.131955137
31955.700794618
24652.706687542
8404.780140456
10595.865715180
22435.086468535
9276.800397756
19739.754908911
894.424800423
11351.867673975
18239.475509048
21417.511915956
21085.242398181
5906.840439898
31502.352713786
20841.298906650
2907.420198990
8033.731500842
6992.127064469
24121.174404011
27281.359763758
27784.571881592
5050.388038828
13011.533793506
16680.014498341
11177.109188904
2135.022647376
21442.540825122
968.488544607
25331.937561041
33054.438393999
5600.156586962
19610.626477105
6506.688084456
15490.718106641
9134.054201168
24753.457880950
10319.824433908
23806.559350319
5038.004258273
23133.567942799
26240.951787203
10392.211925342
20407.762009505
15760.341862065
10277.196785199
4633.575105118
125.178082527
6791.379013904
20185.904495323
22607.911641121
5117.539326830
21287.313468897
6163.153615792
5351.716955116
6959.199853644
4933.074590875
11982.050716209
13796.444148823
5700.342812821
276.132327122
561.734036018
26440.865990973
4974.390405783
10905.947591306
3812.214647294
8629.026910426
10622.424439941
29226.731913577
28657.693466396
2183.841065472
13730.794343905
21107.655729284
12200.382024226
32664.515728194
26071.041600019
6345.284792213
23314.753081690
26317.500445237
23553.128060432
31394.508713455
33106.101649227
23608.496875635
27266.560193043
32918.529474488
1928.560919041
3334.405828924
13810.930161088
20649.142091823
24983.157867949
25739.632181226
21403.560019487
16602.793315113
23263.455064369
5738.859192879
4396.143167207
1081.021309512
30607.472137953
2683.956024174
24096.472414372
32048.743998470
19418.781683483
25936.576121284
9665.390769074
5783.883195251
32252.814830708
8547.884368661
17630.376422389
839.613030374
15903.965171342
8459.892212264
12935.023952355
27851.578871559
425.744758060
21332.801059320
32062.893112039
3018.671013569
18523.876870193
2757.657061011
4222.239126462
16417.081552482
25689.351268151
32117.276727984
6118.020298612
19192.322137010
17299.839791509
5751.375289141
2126.572921242
10233.807044226
20028.119147983
5034.216349417
12098.007927369
1804.430151617
12431.337908522
2383.736818120
19657.744572347
14253.244517572
24364.987309609
19551.398995392
13025.035971106
12277.858360492
14709.797357131
3922.422817576
21062.830812545
7991.591818362
26926.584171688
11953.907895077
19619.212152539
32354.005548054
6875.457096569
25542.062275001
27687.596363943
5648.187744567
21990.862103312
21172.869760193
20.250000000
7880.895603156
31239.115259877
31110.135149132
6472.004645987
12995.412836368
5581.206333760
11850.447383115
3435.058014963
12110.202989382
16176.728003618
9910.948492233
10150.937839415
33017.939405095
18653.402549976
26537.490310613
3571.073842064
14646.082142794
25676.722294068
23986.851264802
23766.699507192
20447.786886237
30301.550647241
20876.506737415
24618.117554253
24379.880007877
16532.715222575
21381.312212388
21888.126310224
7569.444792300
22131.964581059
18473.462232411
30447.368901873
24042.007413510
15869.537553156
28815.944457142
8361.966178573
31210.956870267
4417.833792001
5257.390193385
32838.681403034
27616.819395399
30225.137342463
18922.664196941
1475.296973640
3962.329099026
8317.283629950
20827.662610493
34.555555556
10704.924815730
1109.739592225
29389.188999625
22936.812547844
15678.295285637
2368.353218886
9050.494282737
24220.722305917
112.228625714
17000.809744579
1348.585660719
33136.503949371
24294.547456846
19378.799750995
23010.466722490
23812.236135858
24329.421198917
17677.654389891
10839.767580765
14466.610452505
24963.442530365
9530.704273677
13135.444501989
26638.999175811
32077.041305807
19635.950023571
17211.421451140
8586.000802437
30166.778148626
4372.243925582
16731.427705379
8683.129157632
4647.850058649
8267.858085642
19201.435258459
18211.604591718
4451.907533376
30461.471529704
19921.675752126
11275.026195013
29429.456810609
2115.012119056
1940.544985752
15556.985275066
29070.275129914
16647.967439718
22775.150268081
30653.778071977
15683.618990839
4716.022689016
17199.202931391
9531.145580721
27178.650934520
9311.166161179
13281.667624354
1647.813087866
32547.227983037
16846.234732918
152.565673386
25496.479143012
3274.965372510
18017.602351532
18132.312069643
5683.552191404
4369.326340925
3312.144319160
2861.556446470
24885.089374630
20795.604993889
32369.197066345
14066.882958779
13434.319948001
5625.049157370
13370.751825435
7179.501253072
3547.719841704
28390.427861719
22947.789337559
16636.485116178
8343.712399079
24656.470334822
28141.283572306
15429.417503564
7072.050930888
10986.745285770
16518.388192986
3471.363002907
23099.168290224
27062.171518648
308.739475746
18184.667272220
27340.300727018
67.798231699
6811.659810546
5440.838841658
16791.932497663
17382.179767536
11732.989845759
7149.604818810
15571.455860267
21427.212883209
9762.572102423
31906.281559994
25372.435915227
2338.399947645
30750.394065050
720.526349400
22644.272593626
15047.075677575
19891.248163583
13011.657284616
30677.942399557
25980.739820945
17271.048848737
27881.479621424
3418.206955012
2363.552776979
18581.819142263
28699.700821970
6431.755587279
4913.733650464
10465.266392665
8640.900925142
27116.089301296
19831.657365064
31979.947313060
6933.711997703
1196.124211326
11135.822352006
13433.260079195
795.762660531
22987.133738478
18862.588869111
11920.439314910
8427.331756416
58.540231944
403.764208677
15656.694868613
2616.519667886
5047.501178068
1343.900198598
11758.234202747
22734.414438431
27870.623968256
2066.266628100
571.279160144
8147.590133200
7312.056126589
1381.434416580
29690.414168423
12098.073863238
29029.256860076
2929.268387789
12360.063273953
27265.718067088
25604.613725863
19994.675682335
13646.584632684
20420.460041279
19605.593947736
12039.188741046
30392.108133195
21535.230428432
30835.048264104
19531.076387069
9732.894409027
5601.099866372
10958.649957325
25693.700186310
27156.658244435
2532.749159529
28183.099952976
3846.157998397
11025.099314611
14562.315692806
246.350306675
23027.341777329
21350.185232840
25300.972825632
4263.483225605
10250.061942818
9692.159314653
31543.790741390
5706.562903011
2470.754122723
7771.011687804
17518.177630087
32258.965635546
30975.076516696
3283.894014312
1482.763633966
2473.125750511
20681.573193930
27513.904349895
28159.353096357
688.249992001
5166.475958200
17455.429041825
22713.877123305
11609.387341429
9362.053796228
17344.150774719
15093.428355792
8471.742568200
18101.579152352
2267.674025838
32559.276235726
1064.200561255
30285.437191526
32032.577608667
26318.381464407
19108.473334307
8279.934039036
13700.993804042
25866.388148295
10256.851216458
28481.438718874
18463.497373228
13275.636639652
15770.087908924
27498.059317159
26354.275599611
4393.663685005
12831.923965871
16063.014576359
22524.435734162
12120.244617068
2300.727865504
7696.342172791
25110.071238957
175.079556783
7022.165592341
3957.846143012
8383.477860188
30371.959696554
10032.083797605
27723.638468893
660.826534325
8304.411396823
3761.096527040
18387.283605196
32684.844281221
23365.041601602
21159.500087387
971.110641354
4899.159512327
29894.317612145
5521.090872011
28834.825537508
3852.873256743
21308.925843203
10498.248151622
4019.892445188
1325.168902746
32697.999420908
12807.534112797
27439.200990144
9374.000403639
13721.540498593
29013.293170431
12003.660767132
30622.577156368
1658.945783147
31267.420930994
10335.989949486
21733.385318334
25506.357071198
814.847533838
1290.468525664
25233.671250776
4078.874886236
32752.666964817
21385.928491821
4167.456726623
29046.346037036
20472.168750494
24296.895882463
12444.586228063
17408.297458520
24260.326680027
15623.452421160
13750.318769727
20019.510728187
2701.699187053
27034.393533236
27329.438470075
32633.201752401
21054.162343773
1415.471380453
20340.725488700
21660.902979109
32451.095198155
8732.816385780
31884.053933577
4320.320561556
7413.670471845
2830.549105269
1184.003420592
23278.305191248
32417.741999352
15528.950885258
16040.245973907
3741.194830217
17406.955558601
25271.101171468
4469.878735292
32855.920558784
20901.945760398
25304.844157350
11353.778082102
908.817516013
25442.032466765
23896.188362758
19188.694050169
20573.299146535
21707.869623580
29569.015652870
13327.729368329
4761.141431596
29223.877320490
3583.348191503
1228.588169596
2007.187768671
17350.573907674
19695.528319155
12460.714167892
24414.126083278
4887.826677170
745.704512319
3879.944290456
23611.235715421
19694.178966995
32322.677753189
10350.085124907
10231.125058378
20067.186242966
30568.144452480
18510.255441125
6632.567904383
22837.485482884
7168.842507893
12783.041921620
1164.589552204
6970.753068066
16743.965165281
15266.614985230
4965.145001365
28106.304387189
26348.427149823
24076.524602695
9386.339297850
472.795900926
14605.882779840
5971.092835527
25256.760284626
11309.382734587
9144.948707344
18745.155220414
13187.626424522
9182.352878342
11245.724582188
6690.728503677
21645.529091984
18067.364348388
3778.550161088
2005.995690059
27068.400733487
1253.163291764
6541.566392868
12290.066653082
31759.853628843
20810.347705140
30699.934887721
28302.352508915
11767.274835801
6399.998439208
22291.903062955
5906.242277590
11193.234049576
28281.234709583
25617.283655030
11963.014144773
30999.261713454
15512.347532730
27950.382845539
18387.926692651
25003.882205605
24912.603126648
4213.926343546
23986.123456435
9403.676998935
15217.798404299
24232.572891214
14796.837109458
27674.602007003
30739.322085009
16395.263101959
25739.405960631
11497.224652644
20728.357192427
21438.845979562
4493.357595510
24582.521493143
32106.344070252
14510.879818035
6992.238698167
3.000000000
28457.326173524
18418.083454390
5802.451038574
14184.071144038
21944.858965218
14774.232680496
12676.736891911
1778.859269902
14249.076188669
14887.825044855
18781.984736237
291.825110367
11646.610537356
9651.998381847
1702.814968967
2221.757066546
32919.703541313
19967.766960863
5416.190677282
1768.421355108
14141.004842114
16896.065140767
31823.475224590
31459.070893828
5798.407296224
23625.766898595
4346.438902005
1239.754226729
10129.629649717
24803.988175634
10175.693677789
27894.479962656
21475.151256859
3676.556497663
18542.569227416
14454.153084672
6.000000000
10539.179187268
9131.140428936
9373.342900247
7032.692904742
20618.032497120
5445.123821037
26615.907570828
5566.933889794
7690.823064402
4630.991069184
21757.436172784
5468.971840581
30711.098442280
26519.583574216
19680.022670712
13593.294477828
28349.105463336
3123.492116438
2786.810153116
19760.545751999
22364.064090122
707.997322777
29953.691966434
30400.146505301
30284.473157652
12809.433508912
11665.992431565
327.628087946
10291.937508939
4668.089967015
15645.172365703
16865.976128987
12511.887958244
6086.521574069
5392.293124687
5.000000000
30919.670750346
12169.032798883
31374.327899811
27012.498950661
15779.097909003
15349.581526908
1241.441126742
4306.338438592
9477.994766479
17374.742206713
15462.408328576
1910.077596517
10982.735370421
6069.676313512
18190.148999310
5302.993316992
25887.424380221
604.448969781
24725.942065717
29982.854338210
1258.060825524
27902.421312967
18996.968821420
32601.857494882
6172.617240514
646.463198142
23762.978823587
25860.557235530
27371.414165083
32394.478791646
4690.925375177
14135.820219414
29768.809818089
13251.068990487
16548.953826282
12627.025515783
30660.809160413
3029.326438173
3495.732061674
29870.297775124
8853.265517436
12712.661457255
6903.593414037
7310.627531540
8473.140032614
28204.315849174
986.262667681
4842.495563021
12491.533321454
29840.030769615
3149.770942756
17977.940089354
27419.298879103
19133.209898032
15571.645063904
18064.959707353
17623.010363646
22797.032350755
8095.755330536
2024.857246545
23533.203941001
28326.360090877
26235.362827874
19584.748332739
11895.975219315
22913.951766734
19852.751228990
16691.756659060
5581.413911800
9080.626861949
6749.002088945
4705.251957187
3413.711751285
29785.831762007
4354.310588003
21530.773277128
13235.704698487
15015.981697295
31337.004212967
14526.421709852
30572.241780081
10656.996863270
17163.028693061
25287.148169447
3222.081724416
12013.800865384
3639.947601545
28643.660516607
20104.219072218
6852.989908634
681.153549449
4325.022055357
23572.630697575
10690.880536045
14002.057504705
31270.417883343
5547.161827164
29110.537777411
21328.311009335
14029.867376795
20910.606810546
5235.632935003
31174.660188946
23877.265375683
20110.799876682
28268.365820970
19177.660321810
394.455672403
20356.970497739
10521.129743027
23364.601258039
11333.615319724
29330.097539230
24854.426901628
577.183852954
13718.376271434
7275.608635557
3710.036067559
14442.810043811
29064.436152464
29938.602938401
17849.824907492
31800.248609999
25444.833074158
6043.334587756
7897.984900154
16408.662407696
9437.957671917
24165.527955167
9973.168346839
23143.963785977
7870.255613410
30206.009363430
19223.231544043
3553.399871991
16912.975761150
26842.106785979
26614.100950103
20690.827733269
1280.176575916
3089.549328881
3984.897511119
4538.303648729
4102.280040485
12696.144440237
22876.003024564
28621.649191591
6902.961761492
16358.831388146
2097.495606835
28039.390553367
24345.016328962
4590.186388215
19806.508643766
8195.311311454
9324.041852383
3999.253895816
20596.777507769
23285.675015256
943.095812560
23089.390789041
16208.728699634
8179.429823566
1955.631615682
22198.687132669
20991.546311492
27001.551767259
11062.238857936
13221.288500438
28439.465762511
8546.485394516
11595.180004510
10001.180247600
28675.667550132
13658.964586568
9892.103110523
3384.802572329
26025.381536264
14947.712579400
22379.074562093
31606.408507144
25850.667653912
25593.624722998
26967.522640922
25081.252431156
30557.136285611
22460.848562750
1448.144162349
4910.366937800
11896.174078393
5946.705933556
828.768584594
22459.466113924
32291.321193275
20672.916703953
24008.507740789
23922.490065698
11042.027564228
10797.585383368
4202.610533679
4727.696300696
7194.417172135
26958.416143142
22736.049063966
4438.507952548
6263.229843441
26990.604655787
26715.527716409
22818.581418200
3623.316771525
13767.733958615
13795.407356856
7395.436122684
9817.810277189
6028.750028554
10598.596274524
26678.579834714
5339.366134199
13735.750056950
20859.721070617
1789.295936557
4568.952358634
3122.205775065
20930.971029157
247.354718337
11630.830166026
2487.592546017
20132.629477296
16724.019387376
1207.947365493
18803.155378165
7265.971930642
30000.839610216
3139.060879696
11547.850880355
3514.333949222
24897.673583316
8031.124209900
28978.128102191
499.722589242
5996.247236376
30160.771141929
31619.503110277
7227.944662958
3681.316529622
23139.282929474
559.318660757
27581.895229449
28372.357349049
15285.256930184
5882.071696848
6661.173495787
27099.065764499
2713.509468864
2334.511202319
1312.780311147
3695.533151694
22042.533798829
17447.978352115
19756.840359687
14425.116145869
32480.453418276
19037.337872328
7354.489131228
2805.197664232
28172.362290583
1437.038074079
8004.429419013
5639.746325704
2455.361728011
30808.854605136
24534.055480623
19500.326432273
24061.950591623
23060.717462520
26590.216052454
7486.108824762
24142.523043656
678.662678196
14433.506123863
24178.387914589
1563.503005853
24063.377470725
16421.516221297
1812.425400457
26235.189404481
3492.302285565
31730.575926331
31194.819478251
13400.471066994
16774.040495538
14767.985704609
14875.400854597
14733.894662135
11382.027892356
11599.374648840
8702.859373894
22487.076159581
9410.471508996
30520.808708160
16614.272784690
14243.859526002
2168.623336177
16821.018776995
30084.345686761
13566.329237647
32782.016332476
16267.134873871
12457.935673969
7710.908348000
4842.241747920
14672.670003218
7009.247985046
12513.836341070
29738.712028397
2470.155256385
32462.249772840
27714.691152402
17718.382883861
15876.902376810
2964.091781110
32011.354637742
29888.247253038
21591.012413696
23753.075478932
19525.632343824
8825.695951962
30693.010818665
7540.408250989
23808.948312700
5423.327055783
24837.585365978
30237.159926041
6727.808794662
7798.347112353
15964.329787635
775.904572359
15984.936888415
31568.970855165
21035.242452934
7677.906102742
25455.433908729
19452.766077116
32908.560378170
16745.875308580
30067.133613442
3247.684618482
22500.879270028
5536.754519177
24696.036129138
623.105223820
5724.362501199
3594.288308832
6190.512642968
18075.765728967
15402.415142887
28072.246440702
3822.380479082
27966.422148507
4180.340264743
24781.254182677
10375.295965547
31633.642659668
16620.667134273
27812.588524587
6459.149936270
30024.868634314
7501.075022771
973.811050869
16274.518633244
17321.107230951
19563.960059151
326.399404311
3036.132580069
28508.397385937
25895.290458579
10034.947588541
3075.259342773
9714.501511329
21213.115425110
12663.726089522
1874.193632779
18488.463394453
412.421266842
4265.119171337
12713.671178966
26945.637617756
4131.698710213
1839.669266570
20429.094476241
26499.540893860
6447.439138679
15813.609244160
22157.086224748
29694.381932812
14063.718068608
18112.600227073
10769.442044814
8432.977411062
21802.746296404
12863.668876387
8579.341009045
31044.602590190
22040.929083741
193.117503792
13382.949730811
19233.741785456
13779.945685183
4142.216250086
22650.801239561
4508.846308070
27089.131248126
8115.358019367
7372.752265394
13859.038672406
10180.202428017
10426.198298204
25407.112750168
13337.974446667
32819.471750502
11163.043880773
16108.707222688
28342.406095620
28601.555599275
21912.208878118
12733.032158681
29827.057730373
13976.260752254
27780.671510274
28565.272269240
31935.588691705
14260.160660287
20488.534133679
5146.540422058
3763.662867852
10878.097664433
27072.102922206
20.000000000
19109.058814754
26654.784588815
14404.700754602
2057.543985698
13798.566927059
11364.885606470
696.568983539
30923.676490576
26477.891539381
80.902367919
27146.817895989
7662.684504266
3348.891775398
2434.310135507
16309.921698195
23335.341513821
4873.571790172
13181.475517917
2823.824228827
28600.552112096
17070.216189656
15072.861613875
15395.197726001
29169.687668417
26875.096597469
2376.523376767
857.819645652
20952.727573440
4608.622100461
12344.976831242
5135.141602553
11254.774198316
25928.918380972
17708.771017004
2158.604055881
11882.881305361
267.966737512
7612.296213379
22074.755744363
18467.982724840
27923.510795144
3910.657545661
26205.274101976
26912.715966413
2357.553180951
13520.449016779
19829.345271724
14307.773422706
1152.196873528
15114.367037159
11236.672682034
23125.718684227
19663.207826053
8908.514917727
18007.157364662
14096.745536252
30954.886680163
2202.850561733
32945.045939589
28688.694438445
10310.980007005
10778.552598349
8916.834416218
17047.843126358
28001.387525883
3262.969039331
21967.920742496
7979.466503563
24567.526648296
27130.893652568
14810.238608056
26774.253493174
28898.992831890
8908.148018116
3314.747033107
26406.179637823
10348.735301400
31738.559979203
14218.230987897
9619.264566146
16708.454364533
17503.590037873
7968.597132933
5481.245102446
11863.650991394
18149.338641296
5084.314528638
102.922762768
8893.535188180
13504.075333532
29490.657944558
9766.397807110
19094.398104729
20632.867625569
18413.409105498
27650.734426747
21822.692244631
8180.051778932
7925.062157798
6150.673991559
518.446366513
3797.931222456
11824.074428389
15957.986998649
26297.774176423
29755.745777210
29976.718244073
2262.640865954
10671.884713419
202.115812551
31917.405011649
29400.310611617
19448.232097446
26435.829380578
2570.745283880
6219.026419940
412.266617236
20087.465076684
4675.270159604
15612.032845955
11990.352598157
24946.505687192
15715.607955379
5943.802547709
2532.775535623
6654.714760678
19907.988243728
28448.350380000
3213.678167553
1550.249613785
25055.081790918
16835.661523895
16770.222801775
24450.720446227
31954.675779888
19881.124902796
12537.365392841
20383.382806247
6920.036509712
20584.071687173
21608.766246328
1284.383666731
31408.528590914
20176.166996023
2.000000000
14489.104913381
6914.511266991
13041.297086809
3601.291813955
28247.392110307
28217.327788689
9161.994151275
219.094929482
9244.078748002
21858.539006111
30352.803449820
13264.273962739
32473.376866108
23436.948671783
17580.145008800
11151.953670696
8.000000000
24931.587407063
11451.727937671
28326.463888113
22139.665554221
17246.991962187
1749.766402468
6600.938268441
14336.570395280
23994.638831393
15058.506476243
6006.732024795
16469.338657936
3203.538204646
18821.272658055
24669.353004200
13346.178343778
20236.654712676
6311.443853544
15353.723284575
18898.018176043
143.491610192
24442.923001354
16503.567269603
28283.303806101
17721.785752458
777.307971544
26262.078190859
11723.897530684
18633.666610303
8839.317908207
25917.319571208
13924.929857632
6812.507239034
17110.774351928
4476.746647972
30060.219676852
16162.725788315
17027.160886507
11315.323030842
15726.933276356
2863.013642169
7099.230682484
8992.532153103
6617.893387861
30336.753566382
29121.558964175
13113.972400560
27137.139813464
32701.044559253
23481.190420598
22505.559845480
11783.356897559
29156.550746470
9872.009925341
1807.036668229
3057.982604893
28863.934681394
31402.578772107
44.448979592
845.692545956
26852.034909004
326.551368577
1826.440794069
10005.084827421
1135.079090954
20285.883320716
3176.220820358
8871.693695441
7910.475793705
13214.218494203
9040.752092982
2081.817401980
28892.026199773
27162.719609939
31989.037830804
342.228988161
29305.103762367
624.790786262
26041.353901498
3962.577874021
14961.395606153
2062.770286468
28119.313739944
876.758712840
25402.300112890
926.714240772
17660.576782312
21487.800668616
23178.764238314
20312.782059745
26300.698097239
2597.295753661
22062.321379403
5632.575916337
23240.848240456
15623.510464651
2131.610852631
18441.766283738
23040.156295775
4785.083311026
5860.100691064
11488.051775780
32846.798339591
9449.924529387
12912.555241715
32501.699530972
128.815828377
4138.638370280
20550.017931695
20857.058866844
22414.394647849
32217.522375087
30849.114752244
8068.120181940
8353.715582025
4291.955062716
33001.655836767
29628.056764620
8161.570182439
32866.050847854
7332.145618208
29248.779740534
10294.696254042
16016.431946866
1266.906999992
27567.798613279
18138.790897061
2067.926046598
8531.912268756
9930.284356118
17027.982012579
25844.819119507
4054.509369737
1458.023677971
23073.534346841
31854.685026894
26281.896688434
5292.529533310
15833.101972562
32360.090827221
22097.696044987
27979.425048725
2546.929075154
7543.893948233
20696.403536943
21201.395507185
13902.318240424
23940.504804641
31910.335700461
11181.110365484
5072.217907552
30118.516637517
16319.343920592
10210.766036229
18312.259591641
8748.331053475
25559.790132790
286.498466647
5929.298291210
14629.616664313
6525.745294841
13655.838118443
5301.037303752
24593.375155310
27398.222313010
26596.080872070
17105.023296725
28798.880587164
19121.484639024
14076.974351778
25081.993957636
14835.006306446
13908.522804728
10882.993949455
1485.723681790
18367.812778470
1974.550569180
9519.660907945
26108.840049923
24556.770288117
3355.583182764
15437.660087923
153.455988138
32295.287453115
29281.029706706
11132.616244331
29090.417463434
12640.280207956
27194.766482866
23834.988002020
14956.077509679
20265.584701944
13409.796779586
31860.750343656
14390.290087646
12485.121961535
5748.374160072
9494.180986461
9753.566948145
8133.709559380
17493.997217540
6929.615749691
14331.460668189
27505.984540204
26801.375371157
21775.191339195
13459.995514305
26822.247414669
9595.201468516
23723.434597803
28853.935331979
12353.089780372
5438.003164787
4277.539629013
31136.348506114
19459.314372903
12758.550051916
7745.291614404
22624.748187122
3394.090306423
27386.250877934
24027.432740157
30884.368900934
29386.347047104
25330.664309879
16376.666600362
13162.024587010
14296.440447494
21847.708346592
10617.840340609
382.409900506
9006.492025133
14198.551203267
4410.727285810
21576.700652984
520.445196020
19371.335813332
3103.784222605
14883.612673713
12396.788768450
31676.055692985
7730.509497511
14763.759607410
31812.366809216
14667.865366273
15805.242372666
8165.133137028
8233.889869269
13310.341940470
15228.431084558
2768.482638079
11280.878983572
10811.620124967
4116.259756865
30433.265300522
25109.822299487
32449.099942898
12056.307446600
7980.938121931
10997.820787208
2949.026587979
8879.681506529
22951.472146290
12078.640714956
18240.876185505
18944.448455268
28708.684610992
103.195242325
3910.026079595
8665.123871336
32236.739001333
6527.746942857
16013.060535356
30826.995464056
14326.226069290
33098.996157079
9839.423372431
24679.192474951
29647.287569423
16690.580812102
778.226302522
18589.239117229
17745.893986611
31588.230497235
999.355164697
29919.368290809
6020.457824082
23917.840258615
1847.737991423
6766.981052762
23392.388691043
29875.281305563
4049.738712730
22237.840801387
22299.719897009
26.888888889
11810.986226306
11556.651937517
19434.571814451
17124.124388477
30047.146898720
19297.035828275
29604.146845353
22994.599230478
21491.505170765
2661.594971940
6563.637686314
11643.906905271
9635.254237082
25349.657712849
3468.949957506
28742.714834134
9031.934806027
27695.525673403
3068.840944454
22183.069195141
22715.620372112
1747.249510541
1335.084229751
31534.753246713
4715.382470599
22919.478008995
4513.891324521
27597.917561993
24765.329890806
10720.097414841
1103.037670104
16081.737291902
1880.070488211
25764.461304184
11087.486661292
20738.124194339
9171.868389643
16298.359731208
3861.979124033
2729.691786917
3194.751206000
27486.084469897
25525.236671318
30097.419296544
24470.698549807
1353.338480442
13677.396636475
5094.759720952
10285.137297770
27546.974569075
11840.325795783
15482.378076207
9295.062419183
17426.958780863
14342.886938853
12971.912129675
30683.963135845
19313.189016912
2935.657476582
21967.643155035
222.996960623
651.985813139
11415.462714571
10067.198639406
8446.682690415
13478.354363998
943.181284129
18836.946388905
21774.805158343
2806.631236349
25050.399003645
800.723329942
14544.925061661
10535.563806974
17873.847257209
12549.512249038
13951.605509045
13451.780583748
6124.401616409
10844.059771580
11930.464915679
448.335335609
27214.826200368
22894.521503317
628.316188562
321.305129876
12943.158559963
5117.706652350
15746.051698176
18046.179820252
29773.684093643
1100.892553020
6336.521603586
1514.992632804
8264.318546814
1948.375176672
33041.241263221
25264.377241188
11259.813576265
18888.441129305
29191.639666599
20893.281062132
13969.203067610
19998.219526749
10737.833630591
32948.040741621
5927.182177686
24260.005435965
17070.954554041
23684.903293143
6150.455191509
18559.656971918
18037.772075522
12900.398752434
13085.354764264
31035.542386695
11665.147573427
2254.214673990
31543.739272033
1532.635716519
32171.018663469
27765.657825858
122.161995582
18280.018351280
7396.085320230
27016.363693891
20492.074200616
9587.465736993
26386.253845213
1403.281991109
17019.422830968
31230.108155264
9584.640602231
4742.883323966
31148.352718399
13149.704639425
13860.134352988
24822.573037537
29513.639236468
16082.038793277
1981.588170942
16801.384328556
11716.842960866
15023.293625666
32588.612779419
26063.376324824
8511.830856921
26698.723521187
16940.942719508
22264.222360837
10862.923525514
25163.443575195
3816.338582033
8382.014807024
3896.459143753
4952.491557927
9519.123351037
18721.959406778
2769.415176372
22570.138325335
25786.955185627
22335.029060285
7480.299013563
20208.134178654
18248.365231071
4836.664223627
28564.504629947
31666.973195228
9567.645571824
1546.302459347
14871.144663016
20260.002990705
869.862988832
29518.814347636
527.695466267
550.853570535
4587.524277931
12954.549718904
33167.854880162
25916.905893018
16242.080633111
1708.490454341
18924.274790225
32813.375627042
20470.643567516
29480.721995622
7284.679783176
10088.154766261
20331.991158911
22525.972300884
5893.466121667
2611.846087415
31073.847601049
2560.659502299
25787.179837949
15608.756917467
12071.561074313
32151.828095655
14656.418421910
24400.557724910
5982.739010057
16574.750398256
16037.069256264
27322.526137235
5377.674069889
20146.824666807
9715.090150183
8949.455587869
31526.680174600
12904.490700258
17917.650983869
22156.503096499
32178.101408157
7517.064722130
20534.745294795
11051.157408196
12263.664421616
6255.735930551
19000.468927776
11220.457944180
2285.089749611
2440.664388906
17303.251354684
2636.019368617
16984.211559158
14364.449935757
20043.856062952
31296.578145847
27915.239508102
22661.764931633
8116.810498966
22062.996337256
12425.265721535
3408.209609594
23321.404529277
9031.325192967
22313.417645050
17340.858081139
13815.024982784
26904.900578776
22261.746848336
5824.644858355
30800.805230777
5502.276736272
17304.586389663
30257.309727460
26104.001204635
31057.709008455
24190.236547152
11738.999749054
31118.188331671
15425.038372630
22785.715690645
10889.824507021
10581.652582031
31486.191710572
2097.309068399
21761.842246913
23373.463771217
19805.122884623
10159.986993334
18703.840524132
14379.975026508
18711.378345877
21533.348964539
23439.657254883
24390.725087356
23653.112175188
1850.876993305
14552.190999822
1442.198561279
7791.574925988
13049.572374200
17772.040308051
24227.132534954
17939.844675553
21354.812665849
6035.057746468
16506.714245536
6194.447590815
28559.565835909
6518.284497999
6239.957352871
7673.517784515
16348.384333795
19286.421947886
24733.767176746
13297.032337827
17800.115908600
2418.136150700
30308.566552208
23403.190808266
30839.969415333
2666.307938079
25658.072311717
8540.690157432
9792.465411791
24105.282160180
6585.939303313
19930.289067745
1584.226995837
17995.598785097
9195.319198770
10670.092782317
25462.800822456
32181.132033001
7870.782734192
19244.448411744
26151.699729247
6963.718269238
22282.252680282
5450.189009724
4459.942974293
8791.642355219
2400.300616740
19518.048527096
19345.943586010
9352.057190820
6059.295401991
8668.766816955
8714.743874633
15331.019283493
8790.160230828
9615.524059083
28235.391052801
10463.474417235
12477.259627779
17492.721661301
10384.162903200
8614.040151531
24902.028021346
2921.538361633
15734.523393797
27481.183623818
24507.294741261
31972.965897227
1646.264554705
23951.331447466
13189.547692901
21160.132502381
296.314247619
18295.683043531
18669.468307029
6616.630806678
13582.011553774
31582.185270478
20612.524318394
6390.500290507
204.418347961
21018.930044600
21752.217141987
5196.125868206
21708.275243999
6193.641101199
14904.417611893
26648.919669828
9072.860758489
22763.147908652
10022.123316007
10746.309286517
17945.305665549
32644.245137089
15021.380816936
24340.167409694
1027.693869372
24472.407766460
8943.871230992
15100.942194942
17757.439318666
6344.281928642
2503.668110256
6293.575246090
6467.621558110
7056.873642315
5817.336788851
6208.390930344
19967.298478669
31684.123554915
30143.657277585
3628.858809665
10408.897667836
18913.680749323
21673.658698134
15222.154307628
30354.882033445
12583.210566364
6779.724812733
19254.450094805
2646.648500880
2.000000000
21366.539608039
901.021208447
26576.249957776
9741.578975177
29504.749122654
32256.960558690
15521.722221933
28133.334864329
14922.928809547
3501.501168691
31748.748060185
19479.083248147
18115.268888520
23049.930025742
12326.692027783
18188.463905676
24418.484460386
21997.442959443
9637.948111948
17055.275792003
32545.185128609
8939.074241898
2698.350301232
5360.112179691
16672.695673605
12926.968192038
21145.753836102
21974.346018325
16923.258722251
17374.411814070
9251.792854063
3058.557750217
17240.574955741
2433.366764321
17609.067565015
26014.474048619
10513.392805313
32770.878440185
31475.218950890
31701.295816278
7.000000000
7620.948793994
2918.408666632
14714.234444079
585.519189680
8050.601810093
13095.518883912
15148.531771118
21940.193046491
26260.755541307
28342.269070822
10697.192675852
22852.415906724
7199.895147022
23859.669168432
1396.556399837
7129.444601846
3389.287935997
7835.815517978
25363.577594969
7823.676139711
5511.625281452
18958.511595302
28098.468100310
30614.437524917
19082.781827614
14158.465151745
26542.356760227
12750.398987328
20230.045966391
25378.151053882
29628.242636606
15583.062575105
6111.782498438
16635.001758844
32398.526420303
6869.798611700
22549.628794502
29347.196289707
2741.715692712
14170.707612671
30439.302556262
24491.283392840
1684.685488528
22398.560443947
24211.911269989
7441.231788022
7918.347454895
15552.689026169
25539.761023125
8699.243432825
24987.848940561
10200.687798544
5329.953877001
20308.120726704
30261.204167767
32719.260313070
21240.521233473
31223.056527208
21831.405164944
12412.127248214
29541.894352180
19166.137952707
28779.785017127
29858.241709384
26492.669762818
12549.591997402
1659.466549445
23172.025070971
16285.979022585
5331.904363934
12229.949297926
30980.084551331
27837.572010063
17274.779377255
28186.381450302
15325.756815202
12141.666812977
6362.121273115
29285.900792815
1798.759272091
31620.540161538
17145.083998497
5773.413682660
17687.057955561
10789.609159529
29585.023571653
29237.755793778
12874.850273078
24864.374567625
26079.920097630
15190.016802631
11110.681839160
29809.011999091
24040.285291930
613.645982358
5129.164475174
23731.205880821
6303.180662554
20399.028368709
1158.216525405
11512.442010261
22197.369974666
32124.540007090
12177.240899688
25483.567541050
5278.105801835
11425.554053541
13616.884027675
25967.808189149
7752.087921083
18763.266193740
29901.320165071
13533.760621889
16170.385677310
19545.766392175
21271.054742109
27289.651795573
10113.943480991
32533.044682609
14857.744703858
24544.906822797
16542.356200781
7482.776567102
4788.078551434
21234.975665160
16444.182738554
22341.729782322
16369.278561901
15376.465595600
18277.233420927
6092.755596738
32042.683664745
2396.259059918
22627.426318996
2636.684156383
22866.234477979
12607.669169747
10615.416175336
12767.721640872
32647.400553443
186.514627719
31313.715334259
30905.561447826
32200.346388722
11206.386537881
27455.044463860
26548.219455004
26828.132416761
14368.636518959
380.048653239
16897.312660981
12874.898397407
21296.088819945
4384.540429080
20511.907263466
13133.411873906
26760.480772144
4186.213181341
3451.326450819
2681.116650258
22875.609370306
1362.469337699
11390.176077960
8606.206757422
1085.958643526
29374.306980668
1688.363973658
4017.434835289
16328.664059003
17552.776949738
15296.715190646
12262.362691739
25564.489323956
24641.755246053
3778.208193354
6309.545093283
509.726240583
5868.584704946
29720.600601216
15899.674538173
13978.459687087
5777.623337024
15937.142493494
13473.308833542
14218.150514213
11524.416732339
8472.456417209
24505.957544105
24971.277430821
22992.955758582
4949.805114947
18757.769936694
4564.211566363
5662.692526337
2853.113149547
17954.726825592
14528.333982217
17143.363283472
15005.617296848
17101.404855909
7155.062582846
6866.820539956
22774.937122254
5020.883968539
1609.587821839
23282.922798066
4603.375801750
6757.529961906
11026.832803191
40.184805556
16115.165936943
748.407103332
32317.603017423
7058.279142402
19618.245432715
1600.301015015
6555.373362427
26716.731029838
20745.761265186
29717.634344199
2323.341000962
14458.240112526
27817.491973545
9254.429612051
8796.384250293
30180.786148204
2247.737201986
23896.784291730
30132.602439405
4517.577432055
29962.721048536
7628.451747336
28484.331452541
29325.140496875
20465.543536229
18546.953282442
12008.512776566
9479.379855482
3564.457673235
24284.031167721
21905.755109791
4807.943992806
9219.185183707
8210.645186068
29750.764111431
32219.554367071
16243.419256993
25809.861554137
8960.440442189
27736.634095805
22391.861387392
52.754629630
13885.912632388
415.190690650
14758.489418764
15162.973663219
5169.337882397
10187.834796146
3152.849193305
32880.221584143
10490.410050988
15257.363052994
6767.246530913
15728.299938969
8971.208963704
1500.367568516
19070.689683317
9497.792485418
14930.128165088
12303.194199669
9976.925539720
29496.745132900
30741.386496020
27603.827978101
21623.652440642
32132.622291301
9869.576854075
3666.423661792
20811.892474153
29175.653864299
8577.838565552
8073.590163412
16594.359120982
20135.155284020
753.317804869
16201.442413392
30541.841336894
21139.203410995
22316.157564556
22682.195124004
8773.136800641
20242.235193962
3727.583746294
2840.180458571
12052.287272111
23193.517400824
20775.771843601
1519.601370189
32380.322431327
16467.123247206
4302.287703671
4739.010912411
11113.328762060
7297.991084632
26210.227157452
31295.635173430
30934.755302237
31094.913470250
20178.758466654
14819.571088085
25610.447925337
23714.644696793
8016.120665613
17818.230429528
193.695243575
5211.891042979
18616.591854978
25146.737852521
30427.321234472
18334.094432594
13232.545080465
21265.617119675
22823.109767894
15387.869957167
31445.952697216
8496.973290884
28753.721208221
26870.874307223
7824.136500410
1621.094812446
8324.198899647
9851.421642824
7085.812181756
1724.190947681
235.150700457
27241.613678675
16131.707770955
2166.467810354
25723.683515410
6833.613596763
12346.026070920
21195.765707745
4763.745248705
32967.327876076
7215.895913403
7593.186008247
23470.382366411
18572.262072438
7117.757488909
11941.725253950
11570.973900716
28525.432079547
25122.626307978
3512.547708634
5847.431181659
19002.916460265
13536.888003022
4216.390401566
27659.580532927
7245.558578035
19020.545059332
22125.269366089
6654.898855985
1919.815085931
21590.468989815
28928.004986155
18634.275254227
26419.218323993
17845.394762348
15169.274028963
29557.978715809
9415.173203689
25676.050125730
25638.307877979
11526.927130702
25034.458016617
11422.289257286
3927.491005498
9164.190526547
2517.711046421
24823.949450602
26454.830392340
8071.739865972
9105.375234125
27211.593254637
18738.631382892
7724.047712933
6419.130665667
26342.565456469
25186.017933324
19738.259960080
7017.803167345
8406.147709572
10646.978116699
4832.647896235
5696.185823857
23203.393998928
20538.329433536
1501.893675813
6229.433571800
30005.966752015
30784.681751742
9932.900820477
15883.236752410
15316.195606561
10116.159470365
27455.216924579
28822.803722050
2301.206788966
31443.940425377
17649.136259127
5948.128957983
21682.354169784
17216.087197874
28994.185848269
6832.881870989
22569.432841676
11626.616356176
2186.973570938
32426.847303932
23224.982167756
23340.052231251
17808.616819730
19406.132817167
14496.470700075
2041.622151833
31342.022315941
20777.272932315
9909.362177097
20081.901425591
12220.925816907
14834.142972758
11520.490994802
17580.927945328
25993.671506991
15470.967080355
26119.655642321
20915.192442688
11294.811200220
4240.124664807
41.886574074
22230.128317182
15843.617404188
21501.202681334
23520.598224748
24628.972653414
22017.415185076
13866.411128540
18025.194006203
3828.566045627
16937.187680434
23955.057399287
31423.760793715
17743.499829066
28949.022182210
1043.787064683
12613.665311775
19674.277685632
24796.161722500
1132.202386318
13063.840956821
14015.478691879
17892.417397577
30644.723063684
10920.313015881
12573.024860106
25202.140346494
14574.893301894
15796.669871061
26068.232026836
22966.316234670
15918.570414000
354.596828683
2229.078559231
13927.965232798
19883.560728683
