7105.700646832
14590.151903315
22918.995518454
32438.769569181
6924.965591343
90.000000000
32584.434624615
26002.021629052
9479.846948518
6575.376502703
17186.466080454
4752.439247976
3989.933037592
19870.293566629
31213.880410472
27255.938969409
21930.070093041
562.722198253
25525.636020187
2664.195540246
24741.211421791
1667.559528611
9764.322964467
4865.316619325
15463.759171327
1550.077660784
27842.743932889
24231.250100972
5735.182133658
5829.160675534
1458.803458472
26956.947262180
17539.932633282
5766.867336012
21425.264954286
26371.717772212
11630.753765398
5850.064185773
28598.700430335
11130.977283224
4323.851570016
13422.669926589
21624.721213720
7447.051581802
32402.361589798
20383.624785697
18522.391890361
4916.707501056
12020.788374317
8739.503379382
5902.353543755
20138.488091766
10544.898129769
628.552222601
13817.562299655
31151.492559974
9545.428133641
286.863581077
15030.804068864
18580.324187829
31311.681898258
1012.316423523
8869.754903156
22600.729960827
27856.700921835
16883.709777482
4354.334615509
22082.878492835
24693.736065773
31553.792067106
19.041360648
16141.397080207
6048.993590923
16699.894551186
14644.333314054
1056.133659255
6259.055078461
14701.112502061
762.591205805
25716.102831694
2770.936196556
14441.398137441
15497.984789914
22271.071874644
1855.210558249
32281.025659936
16745.832198429
19090.784866978
1521.564323627
18673.047744711
22671.423489420
2848.826925745
5860.518567864
20862.939034422
32888.073009049
3301.175657091
8241.851589028
5589.280991620
24278.651077641
19998.522660677
3419.630031981
32681.574040375
7116.345433723
20406.984146359
14576.223441463
30900.444689629
14235.089694485
10104.477377281
7800.579071892
11608.500512279
11264.060651795
28694.813222508
12535.099227207
27160.232098435
31578.011418396
2014.537995983
20547.187531627
1287.083420233
3849.023848552
6734.072801994
21261.123687778
908.025687880
10269.438527440
31832.405636367
9186.092519831
12098.930415664
26992.811911867
20150.155589798
873.550913018
2413.635099671
4111.056886647
15372.522798823
29344.260889421
10900.101491455
21460.451843630
7361.576336923
12557.503215671
3459.365405483
1126.657984649
27507.300902769
32766.590249904
11241.870376109
30936.712485557
788.043934948
5672.609831606
30067.250235781
22318.141057751
8793.753672521
4988.740612370
4395.010625141
22565.390118752
9096.279898488
2538.602239503
13772.381443062
8837.175711423
1623.512398682
26980.856592283
33094.677162949
29838.148204008
23769.496323336
15806.306906208
5195.357278838
26741.842059040
9228.831925409
28766.915141307
7308.200472730
5996.583549431
12916.439975990
13524.118233993
8706.967805070
9043.692349729
25097.516546519
29524.873133542
24943.065827717
6238.018952015
21977.078596804
30550.035356803
29789.934466812
24006.200875319
21155.660398439
6459.224035774
27413.476287857
11497.290854141
28875.095781129
25402.709593112
23438.439570656
6322.202901925
21706.895201460
17770.687856685
4670.506733677
8490.346813725
864.955864109
21120.515767206
4.500000000
5195.090757140
22587.949500142
25240.156373495
13388.868649465
10456.680477531
33167.621276601
149.247407269
31868.761196013
15201.580569503
22176.958481342
22388.760395378
30755.408224897
28971.284235407
5497.793943776
30308.564348122
32305.289888165
2423.225084526
12624.736191982
29031.415309822
25489.936550274
11085.647376958
13727.213479457
15087.711049726
513.934522588
28538.643373850
13310.027969726
6893.115974526
22942.585491030
30621.507083922
19497.661954905
4742.190252507
2586.834748923
20804.436012979
25335.286712035
21026.820783513
21718.636473723
10610.104533513
12389.559146245
7532.616908393
10964.821273559
27495.326987820
4957.058154667
16229.662266512
11319.553254804
16964.182926951
32474.180865758
12669.575628754
9316.072714365
19102.399819893
20126.821163718
3142.780888660
16160.944907262
32317.422557301
332.453754574
3360.112231974
7212.214272257
14928.418429622
31455.929794048
12154.773370886
8004.795959049
9501.702831310
26323.990869771
11408.391454365
16367.171834841
15224.363328305
6522.556115547
7072.775105119
28935.210494906
23084.167765170
18847.009615019
15634.952268678
5.500000000
4010.095901280
23463.252751961
6200.040580098
27076.511350429
18232.961983966
13253.738122729
14962.540255292
26085.463694330
17920.815983292
4588.711447474
27615.085406123
5703.887924078
5724.748944588
13648.200683089
27950.635667096
19905.258230948
15282.701825521
9076.339426724
14985.291876261
24978.701285763
16149.494449637
9895.871893903
19753.782237693
11920.385728870
14678.398545057
13006.311719503
24824.311469750
5226.111185180
2975.853189697
11042.333173295
7554.022206375
6852.844944301
15486.575526017
16046.471753750
14258.743551840
13490.294735780
23485.709690134
3083.762020669
128.747491240
24539.493506805
29488.743436787
2596.492226228
17010.182256083
18325.537383802
21308.010376247
16562.146625432
25121.285198924
21612.984206938
4415.362236720
9457.995590545
1614.313454819
3152.628127083
13738.504259534
28226.514156761
12266.526893971
4030.268601358
9611.049788630
15133.249986632
10887.357948091
1143.366381346
24219.401059670
12244.169003334
15019.424903167
14291.730192189
2654.512902546
1513.497280548
29235.937144862
31335.886080035
22329.909651482
16437.405907892
15235.755811291
11796.772518018
19614.045245052
23745.836616683
25275.826777887
8231.062725920
27267.904275303
25370.968219871
27746.868992112
6564.809265868
25406.653881678
20010.183298917
2071.090321986
18939.845060470
8826.318390074
21659.935437664
2926.931509500
13017.549514352
18221.392863617
695.198252357
30727.219631846
23166.790912470
5756.053854782
32099.091222772
15932.068716197
1449.708855355
26407.517627510
17367.035765547
10137.864340483
23426.623280769
10577.996722946
11475.060290292
8037.084526115
1091.333093520
10467.704072162
29874.312685330
12950.135491575
31178.586148438
1179.872990608
25597.047347577
15178.800756937
7682.570214405
25299.609363518
27315.769818071
31820.287866319
3350.202641571
11230.776691481
7880.388737083
24503.910473286
32232.501647223
27998.598539198
32198.227833079
26598.517701402
22153.435347456
28274.515687276
5381.473076963
14587.573176872
23521.167481282
1799.310052578
32200.770056412
4344.171310286
9873.936141000
1911.287439853
23468.241221585
1780.716578814
10390.560678012
9217.932029575
11820.057512146
25253.918714387
11053.410248970
3628.736459262
28899.140437646
3889.267841754
30248.221066264
24610.672415606
8361.370699045
21894.819251107
17118.317839039
8522.808365500
2823.501055443
32705.862557486
21249.403371090
23026.946625151
7372.255784066
25133.170223845
13398.053923124
839.228792826
18464.474972712
26994.751219630
27985.607188116
32778.736884476
3271.030596176
1413.391769649
6501.439050914
28513.623451299
9884.903472905
10621.072692399
13276.251562706
2441.416623671
26264.342283638
554.554778278
28166.521664336
22954.381236456
24848.058581221
32851.624354102
856.370437664
28034.575122355
31917.240519506
11242.928953290
7671.850312632
1790.010787121
16596.574439083
18209.824367723
13546.671330114
12121.264883454
15167.411956751
11886.934691953
11575.127694125
12703.214336968
256.966848556
22895.407571832
2760.215156610
711.978908414
27651.021268164
7543.318861761
9021.933532291
18858.611929944
11430.610583686
19940.228079964
4212.258367742
27100.429392347
3519.052556339
8026.320354618
6808.250230341
29151.708039908
31517.465875776
13456.729079567
27567.176903859
6080.460017436
14054.971811026
33021.746076917
17343.993911760
2260.731919222
10776.780938686
18707.829164021
8717.811776515
1178.503398935
26801.579253437
2005.128432362
9326.982997316
31929.361285933
830.672748550
27112.389065196
10977.878412000
11070.387196707
30924.622835126
12658.364463784
29922.537557446
8447.082251833
13715.923507602
2596.924478935
30392.061412702
9665.765234712
8415.410793557
6721.056465792
17655.278110524
29705.575774117
23556.629724068
1595.932225403
25280.904833392
28204.499009259
10920.550548255
3300.698188554
30793.732925108
20313.560242560
21097.088741296
9578.233918138
11119.893337651
10225.425598988
871.448016555
847.794718473
18036.372110717
2490.462331959
6311.674170395
19637.328919759
14246.416232498
473.694035782
3798.885125513
24290.502523599
2557.884218688
2232.177794179
32147.598903302
32082.409788166
19183.721219394
2108.880948574
22636.074419912
18371.840004400
32050.589496628
25930.517456961
8436.269247284
28161.680245296
7564.726940452
32718.007364830
6649.391136300
27969.710045416
18406.573478876
14791.998661568
10688.391790549
1715.800719641
1577.573396379
12043.110123903
5340.001256909
16619.529715313
2907.385598595
24452.678233412
25680.381390873
4040.358626203
22901.312682958
2308.404079963
1153.231883056
12748.078086291
5112.455592144
18800.606413918
17240.337948560
7329.546536605
32620.859155963
31965.725828458
16332.785116506
4466.280651127
26550.757045052
26634.342835622
9108.997093954
29500.786267028
2099.426692237
12792.955667352
28190.517404069
17839.964394923
986.126119671
29416.494907030
22399.671682008
4649.044962272
4150.508915872
16252.573609229
29247.971496939
24990.580708401
11998.470272287
16504.780566510
3330.392137397
3064.113869819
20336.912831434
28983.309633346
24575.080822802
554.516666667
10743.627429802
23982.521652382
15704.871005767
4824.241090900
20196.831275759
29910.480743748
13782.675449995
27411.521599742
11286.254796944
17967.030847097
32171.854973888
527.154155299
2327.501273335
6914.347546526
10876.295742221
9403.387053972
497.791276224
23379.363088013
2692.833377045
31009.258467009
19707.193931699
11009.107859775
10666.304630046
2858.578410814
14826.093445168
32815.178978132
16126.595626075
7768.378547164
33046.054989789
10357.514816988
5050.562132381
26133.154778119
15156.023894635
23060.565676719
20909.751387296
26190.065558359
5558.062686806
17632.203861301
19137.248266093
6028.024460596
31747.589128454
25739.919405317
24836.184790170
22860.029454734
20886.344108209
11197.501460892
20523.814690875
31771.820538788
5277.850607231
32390.226334415
402.310333775
15840.597077549
17345.490036433
8197.703856467
12400.749234226
16711.377949882
1467.904126259
20617.319475656
2790.388540846
9709.557604764
27208.082070228
14769.272580476
7875.760790134
21759.854309478
14304.060631204
18128.862411597
27196.118927402
18835.407905613
32535.873722345
6101.446091607
18510.807275041
1431.537978385
25418.550024462
3182.188116807
7843.531992493
15383.924798701
4202.127547288
12434.324814044
32973.132603477
4926.991834533
18244.531728406
31251.178108656
7886.506400906
26491.066188036
12823.526465877
5912.816635636
15623.534351993
23355.735974920
2712.661712179
33143.305126160
29.424741036
24717.472798387
26204.704876824
1808.614351938
12871.524584289
11821.166902091
5136.274338605
134.533712068
31057.630138728
1477.010825364
18893.422504441
14077.600520043
18175.122630379
20757.643553646
33033.900352108
32352.822783271
20570.562610889
23887.824215105
15863.460739808
771.064838016
13941.875822408
12770.515150618
17899.240055773
18429.732222727
26049.700105584
1206.579964303
89.166701274
14406.069548254
29438.028086026
198.552041786
32596.575768164
3201.909920774
170.144045476
26944.993252015
3548.446291281
5547.660247279
27579.153388153
8101.697086857
22647.856931137
5578.873062059
4680.740837650
181.073604867
11875.786187695
12714.428975150
20059.401715999
26455.256996411
5818.711553048
23615.743337943
1377.174485344
15943.505851714
4060.545998039
3678.700916723
23237.630315980
20371.945950806
5503.065946543
11909.234463324
12523.898549354
32985.285427493
16906.698765098
20045.168652335
33009.592164335
2751.497552482
28130.531201096
17805.323255947
951.326068694
28202.515902717
24729.341873844
21777.350809792
6620.747574600
6174.950297506
3300.486207845
16573.621882651
7864.016517371
4242.664925485
24266.800112184
17990.142075546
7265.525540102
31408.507751714
30272.357201149
4937.278211375
14712.470619859
15532.216921991
25561.339621047
433.861311284
21847.825522983
301.408516278
754.128322109
20605.629421908
9994.636512112
30767.492471686
4435.722869295
5470.648111191
22212.247096155
19474.392331358
25835.203904344
32414.497214138
1669.589301804
22200.483703023
9065.455889327
29368.337280814
13557.949105507
5009.339743235
20979.986433846
27303.802784847
2839.078781826
19114.015370938
31905.120127171
17102.689296686
95.614049871
22482.948479422
6143.438441143
4527.456359096
25549.437962093
13073.751198264
31541.682958449
28454.580906215
4855.044627353
102.125441370
2383.436475074
21671.674579298
6776.450702554
21202.527534255
31384.299007838
12322.437274913
16424.496798778
31094.990246505
22789.286934425
378.843302488
16955.271403468
22659.639954387
7263.931091005
25466.139201247
32293.157589001
18567.736500053
8457.896512204
12995.074773518
14746.549524031
1540.923869378
7736.190215061
19625.686790624
27483.353501691
1883.227246096
12849.072027376
11419.500541325
22014.075760200
4293.389207708
32608.717278655
11317.270376925
23225.822497025
18812.206304722
9272.443086937
5029.946926477
13467.749841550
15304.126127869
13682.058447425
12512.698750037
14111.549506378
19660.614927449
28827.011389691
24705.604195628
20418.664671542
22966.177487656
21472.181882787
12860.297877022
26526.879372696
8956.685516344
14315.391848730
17828.416711480
17505.341580017
16780.292516802
29163.739551017
25228.267165909
1224.420566329
11363.964677451
30416.206954439
8088.923987042
29585.097328001
9087.224140812
12826.622903676
25859.029572551
26933.039678679
29079.527514416
2500.082829429
9939.756446953
20805.131663405
4273.092521891
10756.595642778
16195.300458114
32523.734415387
899.392968334
30187.887608258
5267.498867995
21800.840260881
3280.916851992
27974.616258961
17079.201187609
25359.073922110
16264.030320385
32511.595476123
2222.668040707
28250.514085381
12781.734977778
11208.592233001
13051.267985422
27938.646004717
301.965329024
29946.652375301
26073.542047854
3909.380845681
15726.321408155
14474.110325293
30658.748194848
24136.471266772
324.797268232
20231.844010342
24195.704422010
3320.491239031
5975.631496212
29984.871806292
8187.920145042
19648.971632139
29912.359917193
9519.512486071
25206.360927311
11653.010777026
6756.699794177
8598.595519777
1948.767726214
14213.438964708
17586.063087358
21593.537126395
13242.482654081
20898.047472231
13919.266168661
19148.865609539
7618.271390691
22129.914303390
24172.009712380
5081.499919257
29127.646237241
6332.733265418
30525.881228107
2452.018150861
29019.388278305
26037.779810167
26109.308337023
19021.107728835
27184.156217711
15063.946028952
6860.279942073
16722.862024270
22530.054900292
8112.470420852
18591.912489047
19683.903265601
25014.340957389
20652.392983080
2480.845602280
27686.960969705
17712.974973886
26717.950259063
10070.513859703
2732.072695149
14905.674289077
1395.270509657
5443.737359246
28010.590312042
9862.969899284
21853.124907223
13333.780881123
5923.281461122
24077.250188760
6511.996788754
24646.268279562
5630.930917964
6017.542449619
23627.567540068
9010.055897604
31323.783798857
30489.652958011
18777.408453300
24183.856826084
29175.771468438
32135.471425397
24492.050414756
31880.880465294
4978.444075927
21284.565948214
25799.468807223
32365.956931025
12344.807673521
19848.618144790
18984.276761033
9207.033294040
29067.498851798
30598.348285837
7084.415480537
6596.515699428
163.137197810
16321.324256370
9841.040690819
18754.212922949
16527.724942920
6153.940721931
12591.115769595
27232.009654592
30715.090711814
22035.851065957
3718.635455728
26909.133843198
7350.898312052
1117.815193951
11987.312591032
4906.425214791
11597.375297205
10886.598083231
15430.918536800
25026.221783333
8523.585197703
13930.570596794
29115.615945991
18557.149426069
2375.314045679
11853.491945962
15812.404633744
1976.927246549
30175.822097100
17609.132185888
7994.035738178
2509.707081739
19823.682093682
19241.825814434
23575.708630353
8491.119747327
6122.438906464
595.530391340
6480.328351415
14519.486254357
27279.870013290
6787.049015201
7031.228368427
5246.801164919
8967.557215970
14416.407747251
5495.675654913
30477.577647997
13208.721261239
24871.807574395
3241.389574405
2743.104843007
7500.519413666
28887.117904452
23899.659690189
3113.257567730
796.549198029
3469.306286439
13332.549731631
249.560177116
5485.284279405
29886.368307543
2317.950668074
14338.056617077
7052.498779755
21264.335472496
17345.865376326
7607.559735887
20011.822982033
10155.007818039
32548.013396873
19546.747001470
14372.059594446
15920.632286420
10589.031636940
28682.797678472
6111.941657757
3959.707283055
28923.186733030
14598.923677012
1233.351513524
10423.615907180
27363.642263234
19350.519069769
6829.457550929
21583.040855474
9261.538562300
31614.343278282
15589.284914387
6280.097792195
20944.866435937
21362.331830106
354.554419543
32079.574272484
481.710465657
29091.556584424
4364.500204379
25585.144313984
19079.170512525
27471.380444554
9425.227058357
21085.376047645
30260.288937302
3044.478239978
4568.284323997
24634.402517353
27796.771626218
17125.227062411
27136.309713797
6185.457587156
14066.285770296
14689.755143616
11675.271540641
449.743505354
9600.110046398
17482.284115704
24124.626084125
13535.394372736
25168.828091066
2946.490465497
31263.278104340
29765.829988539
29332.223299684
13096.237790632
7951.008071629
9786.236825189
23154.986099234
5288.204267059
5610.102319271
29320.186114121
16298.404607710
27854.730209891
10412.596458220
19672.258805375
16948.419738272
11329.654668018
13107.482352488
1678.820929630
23864.154728205
28778.933568733
23840.487193805
14610.274941340
30055.188669298
6227.503365285
115.326924016
3738.267577033
21003.402511641
18140.426526165
14939.791623384
18823.806802067
18313.963280800
30562.113005318
27519.275246369
31270.584018253
28286.517115295
29126.739487200
7148.288585553
7854.273584271
1688.057911237
2800.119823826
30960.892941092
29054.470596723
12938.902799938
5091.816494392
18928.238516402
15680.631110094
14508.141118734
19893.602766354
29741.727105391
2615.818058911
32037.464996432
7063.136204190
13636.916385785
13456.478627683
18302.389799372
16057.915921396
779.549114991
6206.477157400
16000.702099271
15338.321175744
26574.636488439
361.979166667
26013.940571712
11486.175097035
29544.572431255
8815.462275576
18360.263418677
6090.952210627
32754.443980530
19125.631519782
19299.945263857
23178.596227242
16401.564750829
8122.245057473
30791.662125753
18105.736064905
27591.130300074
4834.506859182
8782.901186665
27914.667947894
30199.953513089
12602.321703726
2033.370761382
76.480048755
20465.392397752
14814.727763076
17620.667701676
19486.026849443
4885.866799363
19346.451491114
21179.092877621
1135.508397948
7222.873635787
13692.345990979
11764.552307664
19195.340948085
15794.878270175
25537.536761741
17044.688735467
8349.810596100
19044.331043263
2278.788567282
17758.144000851
3618.751611111
2868.333226833
2023.952111944
2693.264692312
20734.250649511
13366.338597557
26240.485978093
18742.616069980
23274.847795026
13197.469136816
25668.475156603
1568.402454099
4000.013237106
26335.921926475
2878.091363667
11586.251024213
8906.678089410
14837.459880782
18342.482929895
29573.051686489
29717.625818551
27794.803065771
29464.658983086
24112.781384783
3919.441124438
17528.401635139
653.452835268
1495.242185938
12009.628866973
805.064806236
26230.231681872
19369.708153495
8155.576767477
3024.855203432
22012.340501500
13670.771714519
23815.821613677
26347.853429240
2235.830165902
11175.322835306
2197.366069298
15852.028554186
8609.427210490
9775.279344747
12177.116877520
21542.573397401
31699.130819902
7521.916348059
16034.028287258
19800.379825410
17666.816199354
11808.914551712
2289.323014582
31420.612693175
141.000000000
25918.601677361
30284.425857664
21173.377400998
505.855204190
30453.428198847
1958.149570712
1268.774822504
1350.078409853
17424.651810167
21730.378277986
32827.327072252
6871.890440011
27652.984647410
28526.633205269
28863.074067836
27172.193941331
11552.883865956
4947.566627747
13659.485792871
23722.178871420
1100.152694029
14951.165565447
31687.017183556
7650.414621256
4772.943567242
24468.331727928
29597.143370525
6745.201817538
6739.452861133
9983.658338289
9490.774324903
8144.798232344
16826.249030288
25906.686350386
8015.557498397
8555.281128717
11219.683976821
2270.258197074
14553.526267002
5019.642330171
20266.861853183
25894.771476227
1605.120054333
10500.781055753
21988.832039095
14496.796751651
11686.403327412
21050.241247230
17413.127298800
33179.779893606
15646.370903307
27634.512490207
25347.180086098
31626.454653166
220.224722522
9054.573529901
28238.513911830
26479.129346913
7714.738123320
30296.494906703
22341.678763895
950.551003873
25180.714976956
1406.621319397
28646.753522264
21816.085342463
11976.155823978
16929.690427012
12300.070442632
1660.363054049
28610.713083232
26610.458971020
20710.859965440
31033.443535192
10865.234534979
27674.980642862
14747.882368807
31239.078494359
24079.075206655
26897.181581409
8360.613501318
26404.882088165
1440.620350628
16378.635452128
29284.076984004
32085.965232691
27639.042220647
11064.488308735
960.012982756
22907.201291780
10809.943510521
363.296987447
7286.860135508
18997.886816253
32863.773541585
8989.304182767
15600.700674369
21132.230098911
8576.935847062
8913.210640223
20740.026595115
28814.991318077
6702.305555174
3479.249967938
29077.876278307
5693.460098524
21015.111373457
19323.197193703
3340.295940818
18545.562966225
24100.937168963
2194.163866821
19214.836052743
8631.094293583
845.465968532
21906.569004008
28418.560364746
20488.759632041
26097.385790782
17309.436031014
15474.119331845
12882.124831030
14430.057600994
30127.563992083
1197.670401989
31287.479239333
24966.822331301
9808.155082095
30694.992798968
24409.043363736
10445.657917829
22094.636660141
26765.735618467
52.084252851
17723.516270413
20821.008460465
19218.582191599
25454.241216597
10555.929968389
10633.181515099
17981.836243261
23202.208360461
14134.186105747
21143.944976081
29334.281278845
23544.808482225
29934.594768013
16975.681760498
1725.058858507
24800.566241626
19720.465109406
11931.537913280
15876.300739633
19579.124112864
9436.148766865
32936.676310522
720.386419954
9.638888889
8069.384916331
29138.676935265
21296.287891417
23994.361020999
2356.177045429
16792.129841926
32693.718115959
13321.288435382
11463.946434747
11197.092050286
1242.289497479
7575.433062213
31092.912920426
19881.947878145
6712.893092245
28947.234666032
15269.937668575
1215.496701269
19812.030670271
23603.919628634
5298.559844092
23592.096412366
13874.056442746
21167.376365711
32645.144010528
17793.777484610
2365.743573231
20056.831582027
31989.970724881
17065.695823409
3939.569206537
17897.712353885
31735.473987105
232.095610480
11352.860380197
31396.403189890
15076.328168275
23462.073638865
10379.544348764
371.060072498
31432.718014141
457.710308647
28995.335439912
23367.549282668
7276.192119127
8750.351008059
32900.223288784
16493.309403180
6628.236268002
1269.145224732
18905.027238050
11485.630086621
6744.664970280
19230.203705765
26395.583897211
14145.505586252
18615.090930416
10016.596093412
5683.034066711
31069.724015912
10159.437911362
20593.939926338
17390.080228945
7041.862833828
11742.076278537
2080.531361196
9414.306486994
31130.199150516
18163.556635920
14384.500500075
20582.250989235
20091.823802502
30368.917435920
26216.631462725
22624.292420956
3638.723997329
4150.780685200
3162.478416917
26145.078672599
4476.471048743
22706.777162784
28334.527004062
8339.008959943
31299.580378372
23686.695935043
11685.552809168
4161.627895531
28730.862328300
15509.394777532
24313.206856165
18059.490911532
25870.943087119
6216.989432905
30707.075109287
538.262738002
14168.146906036
7233.534446262
32014.217114551
7201.556357606
19206.961272262
9000.179447331
16012.143459562
2635.158315901
15258.542981925
22400.532097461
3290.806052095
2741.783395022
14202.114774077
23923.332102524
6417.034631507
4262.947660478
25811.380051983
26528.801279535
30405.133988023
522.029020364
14043.658642813
31602.232280770
15966.382238122
6617.661178371
17932.368749178
20420.324618287
4578.496794319
19160.483549792
31202.781941152
8058.616808560
10236.427249458
8652.766302884
24422.739277156
30079.312197383
8544.455630980
1522.633648494
26813.528009930
4090.845279495
27124.349172404
27375.611451728
28358.534452193
23343.923164999
6007.062145003
29512.829499330
23935.169039333
8586.890740110
26025.859965480
10181.429568869
19461.758400970
340.132394454
1586.749996499
347.832754924
5174.420206685
4793.456297093
14815.761253080
27243.974095780
22447.624075192
3529.010133599
31590.121660764
6797.648858515
5651.766763440
16791.780636479
19334.824046625
29669.428038539
11508.407560776
587.307908836
8414.647011487
20745.946824213
13129.974004255
28490.605187832
22765.710164732
13964.488663728
11341.757043434
3870.336991846
9174.344061691
20991.694198344
18383.417209912
1422.461773104
24373.476081385
1827.237960428
13355.074813355
29199.836521603
18024.813655564
14882.933147972
12355.994208362
17493.812523815
5257.149052754
8575.015274206
14326.723844208
4999.039169389
33050.307386303
6691.719566247
27555.200847364
11186.411661368
11964.999971900
18047.931196162
10137.450503316
22165.196653298
3979.855308329
2955.944413840
16516.252413234
5807.264189441
25572.241738410
16676.929782563
20781.038675562
7822.052839551
31759.704645726
3668.702684928
19288.320187584
7586.140569885
4080.743096401
729.549475121
21712.224431852
16997.681425475
20360.267679935
30429.280311810
19416.228562804
15247.149029331
5402.220323567
5988.079052219
16768.805070288
22730.348832821
16150.188688307
13614.350231055
4844.774705988
24.133869198
21237.683597121
17447.702783815
23509.347722637
7961.763002497
16553.939071430
18266.673088120
1170.985237751
22836.446581347
5433.355290622
1752.864532526
10843.115120066
7158.939226631
21556.021388331
15042.183978735
10832.056914247
2683.571446582
29982.827576038
10931.616739436
32960.980142561
12054.272364609
23804.989557019
10027.577498744
32210.357543635
15520.805488385
26693.060219977
12882.752148498
7169.591326333
25608.950838992
7190.899893771
28322.523905691
7340.221711322
14485.453153655
11641.881801807
3849.072212352
5881.432571908
31154.391884530
18001.698637609
24420.900081113
16895.203936796
9348.807005993
8479.528794599
30031.066722269
22059.363730416
31638.566405292
8728.007932591
12031.948793550
22047.607135814
31481.143090366
12232.991402783
14428.746719188
13040.027647976
19032.719085985
1108.980079085
12210.638894938
5164.087862426
10280.444392206
3054.294485274
1323.040796917
10975.891435423
15316.894733510
26622.400682488
4181.872985125
12132.433475256
17436.176971969
18789.007129997
29043.442749346
2137.269870843
1995.723440102
8924.077568269
18916.632575483
8220.275148439
10852.402682835
14894.303343334
946.072910938
23497.528458845
26789.630935909
9632.932623527
7811.315281724
2897.617559532
31118.103357558
9567.297534425
3450.835857775
10214.425004661
17516.871283922
22224.011010478
4609.147284813
21190.809933894
23793.157989594
184.274467486
8328.208594337
28442.573643272
234.832662929
6670.552241674
16092.252626715
20629.010087293
11564.005307765
19055.943600334
20512.742124461
9809.075110096
20033.506295051
25061.867064529
9370.635596943
29404.454895426
6343.265258422
16642.487707919
17021.683751557
31190.683853762
30356.846034743
15909.196562843
70.250027615
456.038179810
3929.503913314
29633.283902669
17297.918045666
579.098937019
25644.664058228
24622.537229298
32002.093733125
10093.488469077
19438.492304568
23958.844373135
3839.029668352
19509.297647424
27878.704034994
28430.566796062
9643.875713891
3889.230477844
12323.588791644
942.648003796
21965.325680795
21554.307193954
5071.185331447
23332.110853136
21789.095270122
2213.162457657
24041.723350311
3409.703262732
25192.602327585
3588.813272902
21648.196829347
12613.528511424
10676.347702547
29296.112956130
4191.999084709
14735.189131376
8848.034238279
2089.976823886
17689.894303542
17274.884039702
27052.595048055
23190.402043317
32378.091448115
29308.149332886
21061.952300334
27722.904506185
25642.833045937
11943.810855737
32572.293848134
3034.665142993
29356.298883182
31347.988741656
28949.243802166
769.441868502
4547.865949427
15349.720986851
12846.165676363
8134.020995157
5060.872734604
25085.632919438
17873.611263451
5526.860879920
5787.374750286
17747.600784275
14009.723890318
4374.668072113
7639.698835125
7661.131781004
13445.208236815
15737.745769214
25323.393800118
3399.779337886
24148.316932509
32487.318701183
925.318709534
11730.939822032
6290.621613062
31434.809375759
916.667627132
1845.881430788
13986.104687926
14100.232388661
23946.006462944
27148.270689199
11765.456591734
967.098336158
9234.565462833
24919.311199282
9314.459753073
122.011123587
24160.163081117
13953.181844915
7382.936651619
16309.864086624
9676.711662883
27459.407816580
6164.444674909
4399.967380488
26921.086542347
7254.860400340
24859.932842698
28310.521224664
16848.231317625
3439.492074106
30574.191043089
8511.986600615
10799.971553602
33106.833611239
14871.563703513
3808.917404153
8556.061845575
18532.977120872
28634.739629356
5662.187396187
16872.216287572
32450.906299631
26658.228466171
5133.102595844
24065.407424812
31893.000109057
13625.632901569
6903.731006889
27399.551120154
18256.102096578
28754.897125322
12445.518443524
29681.476883963
13377.603209805
4131.278112879
34.884686823
11541.763369525
4558.074040897
4813.977405125
14542.178829036
28851.052764727
28502.614112100
25252.046044819
9447.071611324
32633.001399962
32803.031248713
1162.104851991
7511.217182551
22353.448394741
5042.983393330
27088.470154033
12736.860850505
15144.636571093
13264.994425819
6385.409476815
30840.006071952
23119.574671078
26300.130095285
12423.132068851
29753.778347501
28802.971657275
5852.649806163
16023.585522376
29814.040539028
23580.273689365
5371.102282876
4050.451093586
2156.217441153
5640.347936364
92.000000000
28046.568159494
13141.221092853
26192.778739025
21918.319284739
12221.814699735
15315.523745758
26312.060259313
3093.590769108
4896.144979601
4121.166300031
13390.104055751
28466.588584729
20675.778106964
441.793750784
24551.355469920
17320.954670744
26962.707212816
21859.573161974
14032.346266237
6607.087654758
418.049485312
12455.712956568
10060.528160649
12255.347500645
4438.598158672
14780.635243206
14021.034681878
15418.135168004
7180.244882697
25704.195228612
4384.838213948
22871.821653070
32912.373932357
28142.527602443
14530.832157973
1166.080763937
23143.181787767
31756.927101498
26467.192949644
31977.848089949
10798.888314476
3748.762578405
13219.974222690
16344.246666590
29476.701008756
9523.563229483
28346.530519616
19009.496972146
30815.833326213
10787.834123553
9731.460435808
16608.051737437
13079.975034076
4815.890858966
20172.492294614
25287.717839232
24598.808076486
30103.437305364
28370.538801629
1305.048721140
15121.864141757
3608.769459534
32196.112529986
28574.676365662
20208.501619204
23249.438635073
5319.276736276
15874.893633950
12277.707182572
9236.868301455
25882.857055075
22541.832792302
9119.885330461
29898.424327065
10335.489460879
14803.362835034
12647.154168865
18974.668308197
16688.411828605
2394.466767861
6038.508175253
22496.481280357
6999.333875648
3449.427332288
8285.019867298
4333.010293514
27770.835179089
11397.283323651
12702.417064314
13221.196808017
1296.062703359
4721.698610425
10247.429955042
30501.728658128
11153.148107071
26753.788618912
10115.467353089
4171.749253678
425.946461605
2042.793925585
3879.215128265
16757.318297357
14179.468744172
8902.344908365
18731.019825607
18061.027652123
29428.535321749
31045.536645109
29657.379593083
11020.181977799
5933.748017450
23875.989227703
11452.833531238
7693.291484594
32244.632094614
21753.863481463
27531.250018449
24017.041215124
25990.103137689
26759.468795422
1734.322223449
26884.229757159
9163.449979827
27387.581070759
10909.485352026
9120.731262640
20080.159157413
18290.816939876
2625.486390312
9951.665004390
31126.298403515
17863.061671284
3123.095600349
773.407324818
1762.143427726
20816.135511790
29970.768779460
2528.966799509
8209.488858111
15212.971580875
15954.943692509
20640.701256530
28178.519324554
22412.304316732
29186.803792018
22435.850305846
32268.894101099
1864.544584471
9556.362272538
23286.658120928
3509.097744091
30380.989228620
21519.107412471
5516.463958317
5391.845758285
26590.839827808
1651.142212916
21941.821428656
5537.259643947
31142.295326218
21331.456969698
19788.729559411
20245.167366336
29610.943407194
26825.477205210
737.235225500
612.015239699
4957.857079831
5422.975092980
14270.071651945
26848.376911416
3768.803803347
11530.643819298
18649.863184579
29826.094172496
31640.664279975
22518.277522753
15053.564632269
7972.519258290
20325.236254395
17562.996568793
27782.818910051
25156.941670117
13975.796278260
7908.001629883
180.114834844
4629.591801243
24586.944212148
27714.553087154
22247.540401689
20453.709622964
17401.603438262
822.126675059
19986.862596062
8166.356599003
19765.430765241
1920.650406996
9698.607849046
24894.558447629
17643.740664378
4090.861318312
6049.418074995
11764.351985340
24931.188279004
25394.758199853
27890.691582762
32329.555596283
21636.458754611
30682.910876362
3005.244833304
19172.102086520
10942.683924656
28406.554349483
16208.181625972
9381.551607744
10478.728700734
25478.037645872
10346.501616471
13411.402008488
13580.507107860
19265.071813968
32111.217585003
31941.482426320
21483.912459517
6833.303376984
17816.869665029
20699.165456644
22000.586007413
29211.869657041
25942.433688996
19975.203105378
20442.027410137
6638.812921395
27016.723859219
8393.029816512
26168.927808485
4783.198882875
16860.723467481
14122.867412265
13896.659707199
26646.285430244
17102.212801800
6543.679526700
16390.099757604
2174.516306289
27339.705178544
29279.603063666
2061.653724218
24753.081442021
20851.237325222
9141.665317006
23007.524126577
27028.680486633
9283.348765690
22718.562742518
8696.125055451
23261.247454073
11519.525216105
15817.736253093
30743.324365123
29850.202633415
2995.444421229
10049.543533428
17251.852656035
18881.818374994
13433.938669574
16183.847911950
7746.918301534
32875.923093275
23757.666224948
9305.163580629
26562.696545458
24558.007598669
20769.340837524
15566.455554483
14655.687629740
4711.455972071
24873.665070707
4232.527061905
18499.223275265
2471.232653434
18638.271821373
2829.333989319
24243.099623635
14223.763938366
12568.706524859
31166.488825316
28742.879520934
1404.328003280
4425.541427719
33131.147592966
15190.190294689
8291.796533096
11308.452804647
30006.946357461
21871.321329831
11031.257082605
570.903643050
11108.810370824
26443.321487397
27902.679553784
19963.544188929
13761.088241940
6395.949580882
21413.537068110
2673.881725422
2165.697661978
4222.391540973
28298.518961145
2567.530732924
15989.261441962
23307.487724502
1929.218836162
30465.502728229
2548.241383402
16241.117591123
14281.400532249
17182.774270765
8761.199853075
8663.604151367
29609.189813910
7318.872789780
17735.058207336
16172.396061516
10434.636394048
13163.717792203
5454.121295637
12500.499829973
271.862498648
32790.883884120
28706.829178930
16286.945820070
16987.181260143
33204.098210576
5350.366369547
23414.807487332
18870.214850049
5308.917334953
30731.240892504
30344.775025232
13591.787333586
1251.234473397
5412.596769548
13512.842914504
1892.575838426
4405.185300966
2203.661060998
4507.055588617
3172.331749648
22141.674564069
1641.926805214
27926.656764927
28562.664954206
3818.952258219
1256.030399702
14360.724492754
2519.335076024
17205.797768364
12972.603430808
23072.366469239
27327.737282694
13298.768335301
10600.067574117
19602.404283356
19252.448517277
25751.828375472
23734.007498766
22694.992093861
21435.993379111
6068.969514663
4020.181024544
21300.463862664
205.743127172
46.229570639
24954.943845218
8047.850011292
7126.991687126
8587.765064831
6659.970910472
1873.883487630
16069.360789742
25813.274626819
177.190247607
10511.808780231
4660.274773806
24515.771008277
30985.074935276
29001.859684469
21108.801981242
2346.614476565
10754.677590872
13118.727757248
4762.690354251
20874.641295512
1386.219324850
13907.962538600
31844.523781419
12837.847036033
5944.216301864
26968.901708994
30018.006342015
9239.732980300
1967.536084102
12579.910709736
10710.483009248
20968.279218425
23773.609499592
22553.611198537
26513.941201110
18603.501403359
12378.369945454
10148.443675635
17597.597314320
15429.540079358
2127.802555204
29007.361654950
22118.154565673
23450.256356764
7940.254467305
11075.567351695
5329.638044709
32742.298076477
6438.615019458
8306.611680744
12467.908352455
7198.283876150
5102.135053226
10489.754362259
3497.283242269
9391.468760488
2819.592558547
32243.867037022
12410.940208670
22294.605427333
26252.413907186
4731.943371950
3015.048430463
8728.656968410
19404.597575716
21319.733402431
30888.356194839
5474.894758906
23320.299039560
30646.667436220
58.045033902
24670.001225610
29862.257460571
64.102842628
26121.231332865
13569.227698295
17851.512714983
18626.681069870
18013.255831072
22188.720831335
29728.676262358
3708.623773076
27758.851873053
10732.578278545
8093.564550550
21507.375224627
22424.077052943
22753.922544170
30163.756979760
12165.944673204
21254.501051957
28550.653956882
17033.185911488
24681.868409031
3251.266949344
2644.833823884
728.805230496
2712.238197010
25513.735737628
26359.785377880
28911.163380558
24444.614949483
16413.030431366
7020.595385577
7628.984424354
13028.788157398
15110.479036976
8274.225876887
27698.941722652
8804.607369275
31275.378481278
268.377930807
6988.705352645
3379.940051212
410.170675203
7704.014121473
28094.544517419
40.491912191
3538.970468871
14973.915692402
12444.471889223
32948.828044869
11664.140690241
603.766221385
19381.337370738
9249.635193010
31529.574227961
30852.093023956
8468.712026943
14621.626969316
22977.974244394
14848.827069395
16115.147261038
24397.187124514
13062.509169072
17551.464277963
19427.860139195
5839.611554054
14.188657407
22883.614358849
30863.180361864
10401.578048165
15829.166310362
7779.110702927
30997.166509018
385.883333333
6882.502451532
32074.839614887
18719.424190172
14860.195010480
27830.758079809
8177.137725373
20301.884796224
30876.268085537
23970.682769688
28154.524423578
22259.305878074
12110.097196671
8295.815135752
14723.829496475
20827.835563623
3103.422621064
21589.511796763
32924.524939644
8263.433166029
16540.646508592
9753.367685469
22848.237764080
12680.787663073
7596.849461698
15977.821488093
14996.668806351
309.552576546
19590.763905855
33155.463020746
11441.721580604
17574.529505387
31796.053451760
25847.116511562
26827.410298789
9618.674216593
12188.289983081
25787.558017000
5986.106665600
13794.970262138
17159.753408273
27710.922901535
25620.854788035
23674.869272217
1021.063365988
4803.715805852
4445.906556804
7929.502191152
19067.556756866
11708.669706830
2388.663349540
23532.987734554
7469.076137079
9950.730297034
11696.536049744
8674.443227215
394.468773711
19742.134290253
3548.933555192
10655.262574000
25954.350373277
7725.463488421
10522.837534712
10519.697424470
13704.634344574
25204.490142754
16206.753699561
18337.112108021
6374.870990117
17090.706663699
22071.120849509
21378.356644168
142.367666633
11753.213666574
32839.475530950
24776.822898499
14462.768267116
6406.491299913
21873.050150921
14025.217150974
6946.206188183
26228.558496544
29777.882028359
10313.468288510
82.787252036
317.163385878
20290.209915684
26383.650612050
14667.042706920
31684.218347846
22459.398360735
27040.637549637
26706.005019319
14383.395471297
28082.549796861
23651.217421862
32997.438614486
19567.484904701
13998.413892140
16631.008372283
227.513340161
12199.463989137
2432.818930392
3073.936384603
19532.570792355
16665.448413485
5714.317540416
3708.711528926
30151.692256380
28394.548750435
19950.885847022
9972.681243782
6353.798878496
16918.194261975
9359.720729289
156.171138058
13084.994072337
18279.244702673
6132.937835124
21343.181077777
24385.331363660
2809.854499899
16103.699594435
489.742955665
4283.239705950
7137.639405061
1962.163114164
3393.140992776
19777.079872584
10634.183621124
11096.728383630
24480.190832900
21448.722342315
13503.429117600
25978.185097813
5797.818587566
6818.853128527
25430.446628008
16539.198155135
20512.129110666
23852.320716832
4875.590677969
24527.632019521
21073.663900565
6364.334123204
21577.776393901
12961.369035422
23214.015178441
20722.555029824
2461.623498554
30779.577105351
2175.182150907
15669.210324491
7414.987758174
10699.436893099
21495.643573553
19846.986674914
6681.135127674
19358.079526845
12591.176724492
9032.812350096
3558.899385632
20068.495083820
2887.852811238
15452.352081508
14394.732122752
14190.791367042
25775.647681506
6269.575613166
5214.769100163
9896.800978841
32463.043398533
1743.590789650
7918.751244801
15555.041955522
7789.844211732
12725.644479894
27962.625751899
25692.288081607
31565.901553799
23131.377978304
3231.515175908
15703.474828942
6533.117028967
15772.023132541
25049.984837106
32026.340869030
31493.250306845
669.115013850
18963.059956705
17886.161491109
22235.775445740
25656.569378990
22612.510934513
12490.301789876
11274.157241119
6248.536190577
890.769546341
24907.434588755
18198.256496643
4619.368460304
6195.966541303
29249.990953359
13152.469022387
3788.855428405
212.967678589
2337.055881034
28012.566597838
8772.049913064
1368.136028045
994.847735585
16138.044689091
31360.091783587
10038.559979105
3192.047509974
25632.759194512
31710.244832697
15692.052611736
18765.810384170
9512.632466562
14349.390166779
10368.529061421
1314.041432516
10071.451963068
4701.215461042
5506.068882267
20500.444090958
6554.243606434
17332.473964458
15897.761545931
19928.570888061
26777.683057526
1047.353830335
23013.367545464
16275.487724147
9797.195404677
1341.059324954
9142.513680880
24302.354449845
23025.166321983
16952.684759912
11619.626668617
3949.636998357
30537.958097686
23048.765387846
18348.687453098
28478.596678655
12311.253412613
30441.354059994
30634.587065864
30224.086503194
33118.990421285
12087.764541193
13164.936069891
22683.207535992
21038.530741530
32123.344319254
4141.392319911
13806.265878891
5620.515711257
24361.621277903
25002.460599011
29561.006446137
4070.643334117
15281.333088781
28780.936881991
5954.686311619
23710.350734868
13287.509532747
703.582812772
2384.888448585
6585.945314651
16836.739838422
23928.765395765
294.402153126
15760.596631878
21836.078413118
11375.069934345
25109.400639748
23095.969564276
4764.932401206
8317.409500772
7095.057328440
12143.602971318
32556.670610149
22471.173162227
27543.225218837
26419.451802763
24349.766953427
620.277290747
21390.082912781
2780.660661540
24053.565145256
25145.055714310
16435.963852627
30091.374553959
8924.901366487
32499.456904680
15475.166986326
13479.021877791
5040.253528445
7489.823043206
19916.914271620
15739.144140671
25073.749758707
31662.791040735
8945.815007645
13828.859523833
18094.173833511
15099.094672796
20687.471503723
2241.691702221
17469.756356073
30115.500451454
1706.547831904
14632.979760400
22812.865740604
25038.103076640
16734.346773926
30610.427490533
18117.298924389
22106.395351172
18684.640940945
21365.735694893
30972.983745922
7009.963887305
1486.123522800
17263.368019882
32426.633207308
12815.399630986
31021.350809112
13186.217850068
19311.570932672
24337.913108169
18951.452207350
9621.990648057
21214.245678429
27291.836183196
6438.126122823
13840.157550826
27351.673505448
8858.893969302
17678.354930488
5153.757476839
10258.433714711
7425.674288829
18661.455159141
28118.535219701
22989.771506433
3388.858264885
20956.572552362
4486.663673895
933.978859781
24207.552499944
6469.775394438
2985.647203566
33058.209989835
27627.063599910
530.138492143
12635.944744697
31505.357902026
24326.059742344
9185.239308849
108.697431166
30719.157807178
9654.819918001
5360.733379305
7404.302640524
27447.435617941
686.825349004
23911.495652736
21225.964366142
17171.263509929
31953.603940539
10170.433209454
2146.741505156
19555.846281683
7436.362230650
28670.782546981
2936.709361729
25311.501350546
15361.121528042
3123.726887296
25763.737800932
4598.928279091
8641.929683158
15612.117153730
29548.961607095
23698.523089334
22742.135433453
24254.949627444
29440.576139432
11376.140450898
11942.691015774
20115.154805957
9534.495118900
31469.036252723
23639.392234783
26061.620851542
5122.778107546
21601.247734531
23781.326911626
6978.078320343
31674.903923790
13885.357675051
20185.161500795
29621.236658008
8880.617038504
23828.654159346
8620.260135560
15556.642490482
12927.670961186
22930.790251617
1003.577858627
26873.278370624
29223.903198178
4639.817303328
20278.535601238
16941.187259795
22494.724312072
9852.004748857
16470.369128438
18151.991267727
8382.223113003
10854.174327285
20348.589973379
20792.737067475
745.676292715
26431.386422787
24730.866818799
2118.339575361
4313.695144636
5184.754506094
19276.695704179
16458.900017892
3738.745881550
15395.327527185
3221.643762001
3869.164948258
17943.922148689
5870.974697512
9458.878615060
6484.864054572
15533.602058295
3758.781887754
10203.425467509
11719.804297861
12367.181632583
5891.892188252
9917.811998798
22801.076083074
3828.989681635
2576.180913759
10192.426988567
31723.359221808
29958.710379166
24788.694334335
20243.516057437
28058.561617734
2251.209749106
19695.548307814
1697.300220590
28106.539658420
20933.160869430
10820.999710755
23273.056772747
3370.024704389
19718.840136943
18186.689250741
26180.853049517
17978.586145252
12065.435514903
28442.994740092
24812.438620167
3578.839251330
9830.077726276
3499.145703888
22282.838391147
19823.302233401
27734.886536434
30670.829341609
30320.634181778
17378.557671242
32062.714369490
23473.891416731
11774.290684668
18384.971803990
21742.120613987
29801.987303751
12759.296186559
21695.154461459
3688.701805627
26157.003016117
18475.057123748
16355.708906182
2052.221585999
8978.430105212
23391.177390725
18487.639891383
19454.262365169
26276.271107262
8403.837783163
5464.507096589
1986.323038384
24456.473100052
29392.415287088
8890.480374017
26485.543577493
15783.450345463
20103.489018784
28382.543567763
17218.799260619
28281.628655243
30043.127498079
28586.688191092
20558.874791590
14055.386039805
27818.772650817
3778.828318962
6956.828736052
4456.092485617
13749.795847230
1632.716858020
30212.019811449
17701.434318135
30513.804748207
10566.962833106
19519.933926680
28622.726149626
7244.196701754
20395.304184313
6427.579573272
27435.463848807
7393.618937722
21765.606880152
20664.085266654
9742.413508875
31808.170471406
3658.707116740
32730.152537869
18418.152541618
16813.758893640
26682.115861218
1073.717468995
18452.893438628
19392.967178253
8080.154333023
5965.158043978
636.839886817
3261.147292621
32560.153438844
3568.867953298
18696.234747497
1082.521333072
30948.802520925
10005.615764178
11841.346210063
12893.980568970
26729.895939030
30236.153588180
1038.582131303
32256.762912615
16585.097820678
6836.061020660
19544.208244128
28839.031871960
25966.267509612
10313.430704948
16080.806358333
22306.372982951
29693.526129205
17194.285690377
7457.742340456
1029.818622705
