33171.947076366
33168.916800862
33171.947076366
33175.983124376
33172.956550780
33174.974574599
33163.860156259
33181.021259376
33177.999300596
33171.854449619
33170.937293366
33163.860156259
33176.991366313
33180.014246942
33171.854449619
33175.983124376
33168.916800862
33172.956550780
33177.999300596
33175.983124376
33176.991366313
33170.937293366
33173.965716796
33174.882041259
33160.822449984
33180.014246942
33174.974574599
33158.702725948
33171.947076366
33169.927201593
33174.974574599
33167.906090984
33173.965716796
33172.956550780
33177.999300596
33174.974574599
33177.999300596
33163.860156259
33180.014246942
33174.882041259
33162.754989793
33177.999300596
33165.883743039
33166.895071772
33169.927201593
33173.965716796
33160.822449984
33165.790928941
33165.790928941
33173.873152340
33160.822449984
33161.835329141
33169.834512476
33168.824080529
33172.863955189
33156.674728498
33166.802288949
33172.956550780
33173.873152340
33171.947076366
33181.021259376
33169.927201593
33172.956550780
33162.847897836
33173.965716796
33175.983124376
33170.937293366
33172.956550780
33173.965716796
33168.824080529
33170.937293366
33168.916800862
33168.916800862
33162.847897836
33173.965716796
33169.927201593
33164.872104597
33174.974574599
33169.927201593
33171.947076366
33153.723587125
33175.983124376
33172.956550780
33176.991366313
33168.824080529
33169.927201593
33169.927201593
33168.916800862
33167.906090984
33177.999300596
33173.965716796
33180.014246942
33177.906860484
33174.974574599
33162.847897836
33175.890622132
33165.790928941
33173.873152340
33169.927201593
33172.956550780
33164.872104597
33173.780584719
33164.779259204
33152.708217480
33159.809260178
33176.991366313
33174.974574599
33177.999300596
33171.854449619
33171.947076366
33162.754989793
33177.999300596
33161.835329141
33169.834512476
33164.872104597
33168.916800862
33166.895071772
33175.890622132
33175.983124376
33174.974574599
33180.014246942
33169.927201593
33168.824080529
33169.834512476
33174.974574599
33167.813339416
33166.802288949
33166.802288949
33168.916800862
33170.937293366
33166.802288949
33166.895071772
33163.860156259
33170.937293366
33175.890622132
33167.906090984
33175.983124376
33169.927201593
33164.872104597
33166.895071772
33164.779259204
33168.916800862
33168.916800862
33176.991366313
33168.916800862
33173.965716796
33172.956550780
33174.974574599
33172.956550780
33164.872104597
33163.860156259
33180.014246942
33163.860156259
33167.813339416
33172.956550780
33162.847897836
33170.937293366
33171.947076366
33153.723587125
33175.983124376
33175.890622132
33170.937293366
33177.999300596
33162.847897836
33167.906090984
33164.872104597
33168.916800862
33176.991366313
33182.027964899
33172.863955189
33174.974574599
33165.883743039
33174.974574599
33181.021259376
33170.937293366
33161.835329141
33164.872104597
33173.965716796
33177.999300596
33164.872104597
33162.847897836
33179.006927410
33159.809260178
33166.895071772
33176.898895145
33169.927201593
33169.927201593
33174.974574599
33173.965716796
33174.882041259
33179.006927410
33173.965716796
33176.991366313
33166.895071772
33157.781947862
33163.860156259
33164.872104597
33168.916800862
33174.882041259
33176.991366313
33170.937293366
33172.956550780
33175.983124376
33168.916800862
33171.947076366
33170.937293366
33175.890622132
33169.834512476
33174.882041259
33169.927201593
33182.027964899
33166.895071772
33176.991366313
33174.974574599
33172.956550780
33165.790928941
33166.895071772
33170.937293366
33172.956550780
33176.991366313
33171.947076366
33172.863955189
33173.965716796
33172.956550780
33168.916800862
33174.882041259
33168.916800862
33175.983124376
33175.983124376
33165.883743039
33179.921868883
33170.937293366
33174.974574599
33172.956550780
33177.999300596
33165.883743039
33174.974574599
33165.883743039
33163.860156259
33159.716258008
33183.948201759
33173.965716796
33172.956550780
33174.974574599
33171.947076366
33170.937293366
33170.937293366
33175.983124376
33174.974574599
33163.860156259
33163.860156259
33172.956550780
33174.974574599
33177.999300596
33165.883743039
33175.983124376
33169.927201593
33172.956550780
33171.947076366
33165.883743039
33172.956550780
33169.927201593
33179.006927410
33168.824080529
33170.937293366
33163.860156259
33157.688882841
33172.956550780
33167.906090984
33168.916800862
33170.844635444
33170.937293366
33164.872104597
33179.006927410
33163.860156259
33165.883743039
33166.895071772
33166.895071772
33160.822449984
33165.883743039
33170.937293366
33168.916800862
33183.034363695
33179.006927410
33172.956550780
33170.937293366
33174.974574599
33171.947076366
33165.883743039
33172.956550780
33165.883743039
33170.937293366
33171.854449619
33173.780584719
33155.753390682
33168.916800862
33173.965716796
33164.872104597
33160.729479210
33168.916800862
33170.937293366
33169.927201593
33175.983124376
33171.854449619
33164.872104597
33176.991366313
33162.847897836
33169.834512476
33158.795759533
33162.847897836
33171.947076366
33167.906090984
33170.937293366
33164.872104597
33176.991366313
33167.906090984
33164.872104597
33164.779259204
33174.974574599
33166.895071772
33174.882041259
33162.847897836
33176.991366313
33164.872104597
33162.847897836
33163.860156259
33164.779259204
33163.860156259
33166.895071772
33166.802288949
33176.991366313
33171.947076366
33171.947076366
33168.916800862
33169.927201593
33167.906090984
33167.906090984
33175.983124376
33181.021259376
33168.824080529
33169.927201593
33174.882041259
33174.974574599
33166.895071772
33181.021259376
33173.965716796
33168.916800862
33174.974574599
33179.006927410
33167.813339416
33164.872104597
33168.916800862
33168.916800862
33183.034363695
33176.991366313
33166.895071772
33179.006927410
33173.873152340
33170.844635444
33172.956550780
33163.860156259
33171.947076366
33165.883743039
33172.956550780
33173.965716796
33165.883743039
33173.965716796
33172.863955189
33166.802288949
33173.965716796
33181.021259376
33169.927201593
33177.906860484
33169.927201593
33171.947076366
33176.991366313
33161.742389742
33175.983124376
33179.006927410
33171.947076366
33167.906090984
33161.835329141
33167.906090984
33179.006927410
33179.006927410
33168.916800862
33165.883743039
33174.974574599
33169.927201593
33169.927201593
33169.834512476
33177.999300596
33171.947076366
33176.991366313
33178.914518335
33175.983124376
33162.847897836
33171.947076366
33172.956550780
33174.974574599
33159.809260178
33175.983124376
33164.779259204
33176.991366313
33166.895071772
33171.947076366
33174.974574599
33176.991366313
33167.906090984
33163.860156259
33167.906090984
33172.956550780
33176.991366313
33173.965716796
33167.813339416
33164.872104597
33169.927201593
33172.956550780
33171.947076366
33171.947076366
33170.937293366
33165.883743039
33169.927201593
33165.883743039
33174.974574599
33173.965716796
33175.983124376
33180.928912315
33173.873152340
33174.974574599
33179.006927410
33161.742389742
33167.906090984
33172.956550780
33180.014246942
33167.906090984
33164.872104597
33176.991366313
33168.824080529
33172.956550780
33166.895071772
33162.847897836
33170.937293366
33172.863955189
33162.847897836
33170.937293366
33164.872104597
33174.974574599
33167.906090984
33172.956550780
33175.983124376
33167.906090984
33181.021259376
33171.947076366
33182.027964899
33171.947076366
33170.937293366
33173.965716796
33170.937293366
33173.965716796
33165.883743039
33175.983124376
33167.906090984
33174.974574599
33164.872104597
33176.806420817
33172.956550780
33170.937293366
33176.991366313
33165.883743039
33159.809260178
33177.906860484
33167.906090984
33172.956550780
33173.965716796
33161.835329141
33180.014246942
33179.006927410
33176.991366313
33174.974574599
33169.834512476
33177.999300596
33172.956550780
33179.006927410
33172.956550780
33168.916800862
33164.872104597
33177.999300596
33167.813339416
33172.956550780
33172.956550780
33166.895071772
33167.906090984
33170.937293366
33168.916800862
33164.872104597
33182.027964899
33179.006927410
33167.906090984
33163.860156259
33173.965716796
33169.927201593
33171.947076366
33182.942078567
33168.916800862
33170.937293366
33182.027964899
33173.965716796
33176.991366313
33172.956550780
33166.802288949
33180.014246942
33171.947076366
33163.767279551
33170.937293366
33169.927201593
33174.974574599
33177.999300596
33163.860156259
33176.991366313
33184.040455948
33163.860156259
33150.583255872
33173.965716796
33167.906090984
33176.991366313
33166.895071772
33164.779259204
33172.956550780
33170.844635444
33167.906090984
33169.834512476
33181.935648814
33180.014246942
33171.854449619
33172.956550780
33174.974574599
33172.956550780
33167.906090984
33181.021259376
33165.883743039
33177.999300596
33168.916800862
33174.974574599
33168.916800862
33171.854449619
33160.822449984
33171.947076366
33168.824080529
33166.895071772
33156.767824975
33169.927201593
33169.927201593
33165.883743039
33174.974574599
33172.956550780
33167.906090984
33181.021259376
33164.779259204
33172.863955189
33182.027964899
33171.947076366
33169.927201593
33168.916800862
33164.872104597
33170.937293366
33182.027964899
33163.860156259
33174.974574599
33169.927201593
33156.674728498
33174.882041259
33169.927201593
33167.906090984
33157.781947862
33172.956550780
33163.767279551
33186.051721569
33169.834512476
33177.999300596
33181.021259376
33174.974574599
33159.809260178
33170.751974349
33175.983124376
33172.956550780
33157.688882841
33172.956550780
33163.860156259
33171.947076366
33169.927201593
33168.916800862
33158.795759533
33167.906090984
33171.947076366
33163.860156259
33168.824080529
33171.947076366
33175.983124376
33174.882041259
33168.916800862
33165.790928941
33160.822449984
33157.781947862
33168.824080529
33175.890622132
33165.883743039
33172.863955189
33175.983124376
33172.956550780
33182.027964899
33167.906090984
33181.021259376
33175.983124376
33179.006927410
33166.895071772
33177.999300596
33175.983124376
33167.906090984
33171.854449619
33169.927201593
33171.854449619
33169.927201593
33171.947076366
33171.854449619
33167.906090984
33169.834512476
33164.779259204
33165.883743039
33179.006927410
33163.767279551
33162.847897836
33166.802288949
33171.947076366
33162.847897836
33158.795759533
33168.824080529
33177.999300596
33167.906090984
33160.822449984
33180.014246942
33176.991366313
33169.927201593
33177.999300596
33169.927201593
33174.882041259
33165.883743039
33177.999300596
33171.947076366
33158.795759533
33179.006927410
33172.956550780
33177.999300596
33170.937293366
33172.956550780
33169.927201593
33187.056895305
33180.014246942
33168.916800862
33176.991366313
33179.006927410
33167.813339416
33165.883743039
33166.802288949
33164.872104597
33175.890622132
33179.921868883
33175.983124376
33163.860156259
33154.738644796
33174.974574599
33175.983124376
33173.965716796
33173.965716796
33183.034363695
33168.916800862
33169.927201593
33177.906860484
33166.895071772
33161.835329141
33170.937293366
33183.034363695
33168.824080529
33160.822449984
33168.916800862
33166.895071772
33173.873152340
33165.883743039
33166.895071772
33170.844635444
33174.974574599
33176.991366313
33170.844635444
33174.882041259
33172.956550780
33167.906090984
33165.883743039
33171.947076366
33169.834512476
33157.781947862
33174.974574599
33180.928912315
33166.895071772
33167.906090984
33172.956550780
33163.860156259
33163.860156259
33165.883743039
33163.860156259
33161.742389742
33164.779259204
33180.014246942
33180.014246942
33165.698111660
33172.956550780
33176.991366313
33170.937293366
33171.947076366
33166.802288949
33170.937293366
33162.847897836
33173.965716796
33174.974574599
33171.947076366
33173.965716796
33169.927201593
33167.813339416
33169.927201593
33172.956550780
33173.965716796
33172.863955189
33176.991366313
33171.947076366
33169.927201593
33177.999300596
33176.991366313
33169.927201593
33175.983124376
33159.809260178
33169.927201593
33171.854449619
33164.872104597
33179.006927410
33162.847897836
33179.006927410
33176.991366313
33159.809260178
33175.890622132
33166.895071772
33175.890622132
33173.965716796
33158.795759533
33166.895071772
33170.937293366
33163.860156259
33163.860156259
33171.854449619
33163.860156259
33169.927201593
33172.956550780
33172.863955189
33158.795759533
33163.767279551
33165.883743039
33167.813339416
33168.916800862
33171.947076366
33175.983124376
33173.873152340
33180.014246942
33166.802288949
33171.947076366
33175.983124376
33163.860156259
33170.937293366
33168.916800862
33177.999300596
33167.906090984
33175.983124376
33174.974574599
33169.927201593
33155.567131571
33171.947076366
33170.937293366
33166.895071772
33183.034363695
33179.006927410
33171.947076366
33169.927201593
33171.947076366
33171.947076366
33186.051721569
33171.854449619
33165.883743039
33175.983124376
33170.937293366
33172.863955189
33170.937293366
33177.999300596
33165.883743039
33173.873152340
33172.863955189
33169.927201593
33165.883743039
33173.965716796
33179.006927410
33166.895071772
33164.872104597
33176.991366313
33160.822449984
33170.937293366
33172.956550780
33172.956550780
33163.860156259
33170.844635444
33173.965716796
33174.974574599
33168.916800862
33179.006927410
33170.937293366
33172.956550780
33173.965716796
33174.974574599
33175.890622132
33176.991366313
33172.956550780
33167.813339416
33167.906090984
33171.947076366
33175.983124376
33179.006927410
33171.947076366
33172.956550780
33171.947076366
33174.974574599
33161.835329141
33170.937293366
33159.809260178
33174.974574599
33169.927201593
33165.698111660
33166.895071772
33169.834512476
33172.956550780
33154.738644796
33168.916800862
33163.860156259
33168.824080529
33171.854449619
33176.991366313
33170.937293366
33172.863955189
33167.813339416
33169.927201593
33159.716258008
33162.847897836
33173.965716796
33176.991366313
33183.034363695
33166.895071772
33173.965716796
33174.974574599
33171.854449619
33176.898895145
33174.974574599
33171.947076366
33172.956550780
33168.916800862
33165.883743039
33169.927201593
33170.844635444
33170.937293366
33174.974574599
33172.956550780
33173.873152340
33174.974574599
33179.006927410
33179.006927410
33174.974574599
33165.790928941
33164.872104597
33167.906090984
33174.974574599
33174.974574599
33169.927201593
33172.956550780
33159.809260178
33172.956550780
33169.927201593
33172.956550780
33170.937293366
33175.983124376
33176.991366313
33176.991366313
33167.906090984
33174.974574599
33170.937293366
33176.991366313
33177.999300596
33168.824080529
33180.014246942
33163.860156259
33175.983124376
33159.809260178
33165.883743039
33174.974574599
33167.906090984
33164.872104597
33176.898895145
33169.927201593
33168.916800862
33172.956550780
33167.906090984
33177.999300596
33166.802288949
33173.965716796
33174.974574599
33172.863955189
33169.927201593
33174.974574599
33167.906090984
33163.767279551
33162.847897836
33167.906090984
33162.847897836
33173.965716796
33163.860156259
33176.991366313
33166.895071772
33183.034363695
33167.906090984
33169.927201593
33182.942078567
33174.789504755
33159.809260178
33159.809260178
33173.965716796
33179.006927410
33169.927201593
33171.854449619
33170.937293366
33178.914518335
33173.965716796
33169.927201593
33171.947076366
33171.947076366
33172.956550780
33168.916800862
33172.956550780
33169.927201593
33165.790928941
33170.937293366
33177.999300596
33171.947076366
33171.947076366
33176.991366313
33173.965716796
33179.006927410
33170.937293366
33174.974574599
33162.847897836
33167.813339416
33173.873152340
33162.847897836
33161.835329141
33175.983124376
33172.956550780
33169.927201593
33171.947076366
33162.754989793
33169.927201593
33170.937293366
33172.956550780
33155.567131571
33162.847897836
33171.947076366
33163.860156259
33167.906090984
33167.906090984
33174.974574599
33164.872104597
33172.956550780
33164.872104597
33166.895071772
33165.883743039
33158.609689164
33161.835329141
33167.906090984
33163.860156259
33166.802288949
33174.974574599
33179.006927410
33165.883743039
33171.947076366
33167.906090984
33168.916800862
33179.006927410
33164.779259204
33179.006927410
33173.965716796
33171.947076366
33173.873152340
33168.916800862
33174.974574599
33167.906090984
33179.006927410
33174.974574599
33172.956550780
33154.738644796
33175.890622132
33172.956550780
33163.860156259
33169.927201593
33170.937293366
33166.895071772
33175.983124376
33164.872104597
33171.947076366
33170.844635444
33175.983124376
33173.965716796
33171.947076366
33171.947076366
33160.822449984
33162.847897836
33173.873152340
33158.795759533
33160.822449984
33175.983124376
33180.014246942
33170.937293366
33174.974574599
33173.965716796
33169.927201593
33169.927201593
33173.873152340
33176.991366313
33165.790928941
33164.872104597
33163.860156259
33166.895071772
33163.767279551
33172.956550780
33161.742389742
33172.956550780
33179.006927410
33174.974574599
33172.956550780
33168.824080529
33173.965716796
33174.974574599
33179.006927410
33166.895071772
33171.947076366
33161.835329141
33173.965716796
33164.872104597
33172.956550780
33175.983124376
33170.937293366
33170.937293366
33170.937293366
33171.854449619
33163.860156259
33172.956550780
33161.835329141
33173.965716796
33180.014246942
33170.937293366
33174.974574599
33168.916800862
33163.767279551
33174.974574599
33177.999300596
33162.847897836
33173.965716796
33171.947076366
33171.947076366
33174.974574599
33177.999300596
33163.860156259
33168.916800862
33173.780584719
33171.947076366
33165.883743039
33170.937293366
33165.883743039
33166.895071772
33169.927201593
33165.883743039
33168.916800862
33156.767824975
33180.014246942
33163.860156259
33167.906090984
33163.767279551
33181.021259376
33175.983124376
33175.983124376
33166.895071772
33168.916800862
33166.895071772
33170.937293366
33179.006927410
33166.895071772
33158.795759533
33173.965716796
33180.014246942
33169.927201593
33170.937293366
33173.873152340
33170.937293366
33165.790928941
33163.767279551
33168.916800862
33180.014246942
33180.014246942
33175.983124376
33166.802288949
33167.906090984
33158.702725948
33164.872104597
33180.928912315
33180.014246942
33173.965716796
33164.872104597
33176.991366313
33175.983124376
33179.921868883
33175.983124376
33174.974574599
33168.916800862
33170.937293366
33169.927201593
33166.895071772
33170.937293366
33168.824080529
33167.906090984
33175.983124376
33175.983124376
33173.965716796
33173.873152340
33162.847897836
33174.974574599
33182.027964899
33170.937293366
33157.688882841
33170.937293366
33166.895071772
33164.872104597
33165.883743039
33170.937293366
33182.942078567
33173.965716796
33166.895071772
33161.835329141
33180.014246942
33176.898895145
33169.927201593
33167.813339416
33165.883743039
33167.906090984
33172.956550780
33162.847897836
33168.916800862
33173.965716796
33171.947076366
33164.872104597
33173.965716796
33166.895071772
33176.991366313
33176.991366313
33158.795759533
33175.983124376
33172.956550780
33176.991366313
33169.927201593
33174.882041259
33172.956550780
33171.947076366
33158.795759533
33173.965716796
33166.895071772
33163.767279551
33170.937293366
33172.956550780
33180.014246942
33168.824080529
33158.795759533
33165.790928941
33174.974574599
33153.723587125
33174.974574599
33179.006927410
33164.872104597
33179.006927410
33174.974574599
33174.974574599
33169.927201593
33170.937293366
33175.983124376
33161.835329141
33166.895071772
33167.906090984
33170.937293366
33168.916800862
33176.991366313
33168.916800862
33181.021259376
33173.965716796
33164.779259204
33169.927201593
33173.965716796
33182.027964899
33160.822449984
33176.898895145
33159.716258008
33177.999300596
33161.835329141
33175.983124376
33174.974574599
33167.906090984
33170.937293366
33182.027964899
33169.927201593
33167.813339416
33174.974574599
33170.937293366
33167.906090984
33161.835329141
33156.767824975
33162.847897836
33171.947076366
33171.947076366
33166.802288949
33180.928912315
33170.937293366
33174.974574599
33164.686410626
33161.835329141
33167.906090984
33171.947076366
33188.061763237
33159.809260178
33171.669186615
33181.021259376
33161.835329141
33171.947076366
33160.822449984
33157.781947862
33162.847897836
33170.937293366
33163.860156259
33170.937293366
33171.947076366
33177.999300596
33173.965716796
33172.956550780
33169.927201593
33161.835329141
33168.916800862
33182.027964899
33165.883743039
33163.860156259
33166.895071772
33159.809260178
33177.906860484
33173.965716796
33165.883743039
33177.999300596
33167.906090984
33166.895071772
33176.991366313
33165.790928941
33169.927201593
33152.708217480
33164.872104597
33171.947076366
33179.921868883
33166.895071772
33168.916800862
33168.824080529
33166.895071772
33165.883743039
33180.014246942
33172.956550780
33166.802288949
33171.947076366
33175.983124376
33169.927201593
33171.947076366
33177.906860484
33174.882041259
33169.927201593
33180.014246942
33171.947076366
33172.956550780
33164.872104597
33170.937293366
33177.999300596
33154.645485346
33177.906860484
33172.956550780
33167.906090984
33165.883743039
33171.947076366
33172.863955189
33174.882041259
33174.882041259
33160.822449984
33166.895071772
33161.742389742
33173.965716796
33162.847897836
33172.956550780
33167.906090984
33165.883743039
33167.906090984
33164.779259204
33184.954018574
33175.983124376
33159.809260178
33169.927201593
33178.822106104
33170.937293366
33168.824080529
33164.872104597
33165.883743039
33174.974574599
33172.956550780
33164.872104597
33173.873152340
33166.895071772
33176.991366313
33166.895071772
33168.916800862
33172.956550780
33173.965716796
33178.914518335
33175.890622132
33170.844635444
33165.883743039
33170.937293366
33173.965716796
33175.983124376
33172.956550780
33175.983124376
33169.927201593
33171.947076366
33177.999300596
33164.779259204
33175.983124376
33173.965716796
33162.847897836
33172.956550780
33168.916800862
33175.890622132
33175.983124376
33175.983124376
33170.937293366
33171.947076366
33175.983124376
33163.860156259
33166.895071772
33172.863955189
33172.863955189
33160.822449984
33175.983124376
33177.999300596
33171.947076366
33175.983124376
33163.860156259
33171.947076366
33168.916800862
33163.860156259
33172.956550780
33159.716258008
33174.974574599
33171.947076366
33167.906090984
33168.916800862
33172.956550780
33166.802288949
33171.947076366
33176.991366313
33160.822449984
33159.809260178
33173.873152340
33175.983124376
33158.702725948
33168.916800862
33173.965716796
33168.916800862
33167.906090984
33164.686410626
33171.947076366
33167.906090984
33170.937293366
33175.983124376
33172.956550780
33179.006927410
33168.916800862
33170.937293366
33171.761819702
33168.916800862
33166.802288949
33164.872104597
33160.822449984
33177.999300596
33165.883743039
33170.937293366
33166.895071772
33172.956550780
33170.937293366
33171.947076366
33177.999300596
33169.927201593
33170.937293366
33173.965716796
33171.947076366
33168.916800862
33173.965716796
33179.006927410
33158.795759533
33174.974574599
33187.056895305
33182.849790293
33155.660262729
33186.051721569
33169.927201593
33176.991366313
33173.965716796
33167.906090984
33168.916800862
33173.965716796
33168.916800862
33166.802288949
33175.983124376
33170.937293366
33169.927201593
33176.991366313
33165.883743039
33172.956550780
33171.854449619
33165.883743039
33168.916800862
33172.956550780
33176.991366313
33180.014246942
33167.813339416
33161.835329141
33164.872104597
33173.965716796
33171.854449619
33172.956550780
33165.883743039
33171.947076366
33177.906860484
33168.916800862
33179.006927410
33168.916800862
33166.895071772
33171.947076366
33171.947076366
33179.006927410
33170.937293366
33163.860156259
33168.916800862
33166.895071772
33168.916800862
33173.965716796
33165.883743039
33166.895071772
33170.937293366
33163.860156259
33169.927201593
33174.974574599
33173.965716796
33173.965716796
33170.937293366
33181.021259376
33173.965716796
33165.883743039
33165.883743039
33166.802288949
33160.729479210
33179.006927410
33167.906090984
33162.754989793
33174.974574599
33170.937293366
33175.890622132
33173.965716796
33174.974574599
33164.872104597
33166.895071772
33173.965716796
33184.040455948
33167.906090984
33165.883743039
33175.890622132
33155.753390682
33162.847897836
33160.729479210
33164.872104597
33169.927201593
33169.927201593
33180.014246942
33165.883743039
33161.835329141
33169.927201593
33162.847897836
33166.802288949
33174.974574599
33164.872104597
33180.928912315
33177.999300596
33164.872104597
33170.844635444
33170.937293366
33173.873152340
33166.895071772
33171.947076366
33165.883743039
33174.974574599
33170.937293366
33172.956550780
33162.847897836
33173.965716796
33169.927201593
33176.991366313
33173.965716796
33174.882041259
33179.006927410
33170.937293366
33175.983124376
33166.895071772
33171.947076366
33162.847897836
33164.872104597
33159.809260178
33179.006927410
33168.916800862
33161.835329141
33177.906860484
33170.937293366
33171.947076366
33179.006927410
33174.974574599
33165.883743039
33173.965716796
33165.883743039
33171.947076366
33171.947076366
33167.906090984
33168.916800862
33167.906090984
33171.947076366
33173.965716796
33163.860156259
33170.937293366
33167.906090984
33173.965716796
33175.983124376
33184.040455948
33173.965716796
33181.021259376
33167.813339416
33171.947076366
33174.974574599
33165.883743039
33170.937293366
33168.916800862
33167.906090984
33176.991366313
33170.844635444
33170.937293366
33171.854449619
33173.965716796
33160.729479210
33171.947076366
33173.965716796
33171.947076366
33169.927201593
33161.835329141
33170.937293366
33160.729479210
33174.974574599
33169.927201593
33170.937293366
33175.890622132
33177.999300596
33171.947076366
33166.895071772
33156.767824975
33173.965716796
33171.947076366
33171.947076366
33170.937293366
33183.034363695
33173.873152340
33177.999300596
33168.916800862
33179.006927410
33162.847897836
33167.906090984
33173.965716796
33176.991366313
33177.999300596
33170.937293366
33158.795759533
33175.983124376
33176.898895145
33165.883743039
33169.927201593
33180.014246942
33180.928912315
33158.795759533
33176.991366313
33164.779259204
33161.835329141
33168.916800862
33162.847897836
33168.916800862
33166.895071772
33168.916800862
33168.916800862
33172.956550780
33181.021259376
33177.906860484
33162.754989793
33175.983124376
33168.824080529
33177.999300596
33162.847897836
33163.860156259
33170.937293366
33160.822449984
33168.916800862
33176.898895145
33165.883743039
33173.965716796
33173.780584719
33168.916800862
33177.999300596
33173.965716796
33172.956550780
33173.965716796
33162.847897836
33160.729479210
33173.780584719
33172.956550780
33175.798116726
33184.040455948
33179.006927410
33174.974574599
33176.991366313
33165.883743039
33166.895071772
33167.906090984
33167.906090984
33168.916800862
33167.813339416
33168.916800862
33173.965716796
33157.781947862
33163.860156259
33170.937293366
33180.014246942
33180.014246942
33177.999300596
33170.937293366
33167.906090984
33180.014246942
33165.883743039
33161.835329141
33172.956550780
33167.906090984
33166.802288949
33177.999300596
33176.991366313
33169.927201593
33179.006927410
33172.956550780
33168.916800862
33166.895071772
33173.873152340
33180.928912315
33163.860156259
33169.927201593
33169.927201593
33162.847897836
33167.906090984
33177.999300596
33165.883743039
33173.965716796
33171.947076366
33168.824080529
33176.991366313
33168.916800862
33166.895071772
33176.991366313
33170.937293366
33165.698111660
33176.991366313
33168.916800862
33173.965716796
33169.927201593
33145.498434905
33170.937293366
33178.914518335
33170.844635444
33175.890622132
33169.927201593
33164.872104597
33166.895071772
33171.854449619
33160.822449984
33167.906090984
33165.883743039
33168.916800862
33160.729479210
33165.883743039
33168.916800862
33171.947076366
33164.872104597
33179.829487671
33175.983124376
33169.927201593
33161.649447151
33170.937293366
33172.956550780
33158.795759533
33173.965716796
33165.883743039
33170.937293366
33173.965716796
33167.813339416
33165.883743039
33166.895071772
33161.835329141
33168.824080529
33172.863955189
33167.906090984
33160.822449984
33156.767824975
33185.046241845
33173.873152340
33170.937293366
33165.883743039
33175.983124376
33174.974574599
33170.937293366
33165.883743039
33173.965716796
33172.956550780
33177.906860484
33170.751974349
33176.991366313
33164.872104597
33169.927201593
33170.844635444
33163.860156259
33161.835329141
33175.983124376
33171.947076366
33168.916800862
33180.014246942
33164.872104597
33167.906090984
33177.999300596
33166.895071772
33160.822449984
33176.991366313
33169.927201593
33171.947076366
33157.781947862
33174.974574599
33172.956550780
33174.882041259
33166.895071772
33175.983124376
33169.834512476
33169.927201593
33179.006927410
33172.956550780
33167.906090984
33165.883743039
33171.947076366
33165.883743039
33167.906090984
33172.863955189
33165.883743039
33168.916800862
33166.895071772
33169.927201593
33172.956550780
33163.860156259
33170.937293366
33172.863955189
33175.983124376
33175.983124376
33180.014246942
33165.883743039
33163.860156259
33186.964733811
33162.847897836
33180.014246942
33170.937293366
33156.767824975
33181.021259376
33171.947076366
33167.906090984
33164.779259204
33164.779259204
33164.872104597
33172.956550780
33171.947076366
33173.965716796
33158.702725948
33175.983124376
33173.965716796
33160.822449984
33178.914518335
33179.006927410
33182.027964899
33164.872104597
33163.860156259
33168.916800862
33179.006927410
33169.927201593
33166.895071772
33171.947076366
33168.824080529
33173.965716796
33169.927201593
33166.895071772
33170.937293366
33174.974574599
33170.937293366
33177.999300596
33180.014246942
33162.847897836
33174.974574599
33172.956550780
33167.906090984
33171.947076366
33165.883743039
33175.983124376
33169.927201593
33171.947076366
33171.947076366
33164.872104597
33168.916800862
33183.034363695
33168.916800862
33166.895071772
33166.895071772
33164.872104597
33162.754989793
33180.014246942
33181.021259376
33161.742389742
33176.991366313
33179.006927410
33168.916800862
33171.947076366
33169.927201593
33170.937293366
33169.927201593
33168.916800862
33179.006927410
33165.883743039
33173.965716796
33171.947076366
33165.883743039
33163.860156259
33170.937293366
33172.863955189
33166.802288949
33169.927201593
33181.021259376
33172.956550780
33176.991366313
33166.895071772
33179.006927410
33164.872104597
33170.937293366
33168.916800862
33168.916800862
33167.906090984
33171.947076366
33170.937293366
33164.872104597
33168.916800862
33168.916800862
33169.927201593
33167.906090984
33170.937293366
33169.927201593
33160.822449984
33175.983124376
33175.890622132
33173.965716796
33165.883743039
33173.873152340
33161.835329141
33175.983124376
33175.983124376
33162.847897836
33169.927201593
33166.895071772
33173.965716796
33164.779259204
33182.027964899
33167.906090984
33181.021259376
33168.916800862
33173.965716796
33171.947076366
33167.906090984
33163.860156259
33176.991366313
33173.965716796
33172.956550780
33163.860156259
33174.974574599
33179.006927410
33157.781947862
33167.906090984
33170.937293366
33173.965716796
33169.927201593
33176.991366313
33171.854449619
33175.983124376
33177.906860484
33169.927201593
33177.906860484
33175.983124376
33164.872104597
33163.860156259
33170.937293366
33184.040455948
33173.965716796
33169.927201593
33162.847897836
33166.895071772
33174.974574599
33163.860156259
33166.895071772
33172.956550780
33176.991366313
33162.847897836
33171.947076366
33160.822449984
33170.937293366
33172.956550780
33169.927201593
33182.027964899
33164.872104597
33166.895071772
33175.983124376
33164.872104597
33171.947076366
33169.927201593
33171.947076366
33166.895071772
33167.906090984
33170.937293366
33176.991366313
33167.906090984
33173.965716796
33171.947076366
33169.927201593
33163.860156259
33166.895071772
33173.965716796
33164.872104597
33166.895071772
33171.947076366
33170.937293366
33163.860156259
33166.802288949
33161.835329141
33177.999300596
33172.956550780
33181.021259376
33181.021259376
33158.795759533
33170.937293366
33174.974574599
33164.872104597
33176.991366313
33176.991366313
33164.872104597
33158.795759533
33177.999300596
33164.872104597
33170.937293366
33171.947076366
33179.006927410
33160.729479210
33163.860156259
33170.937293366
33173.965716796
33172.956550780
33169.834512476
33166.895071772
33172.956550780
33169.834512476
33177.999300596
33157.781947862
33172.771356430
33169.927201593
33173.965716796
33170.937293366
33164.872104597
33163.767279551
33162.847897836
33170.937293366
33176.991366313
33166.895071772
33165.883743039
33170.937293366
33165.883743039
33166.895071772
33171.947076366
33159.716258008
33180.836562102
33174.974574599
33170.937293366
33158.702725948
33167.906090984
33168.916800862
33173.965716796
33157.688882841
33177.814417215
33173.873152340
33169.927201593
33169.927201593
33170.844635444
33168.916800862
33169.927201593
33166.895071772
33158.795759533
33169.927201593
33182.027964899
33177.906860484
33167.906090984
33173.873152340
33170.937293366
33176.991366313
33174.974574599
33167.720584670
33168.916800862
33168.824080529
33170.844635444
33164.872104597
33172.956550780
33158.795759533
33183.034363695
33164.872104597
33169.927201593
33169.927201593
33179.006927410
33170.937293366
33174.882041259
33167.813339416
33166.895071772
33173.965716796
33166.895071772
33173.965716796
33167.813339416
33166.895071772
33176.991366313
33166.802288949
33183.034363695
33165.883743039
33161.835329141
33180.928912315
33164.779259204
33160.822449984
33165.883743039
33177.999300596
33169.927201593
33171.947076366
33167.906090984
33164.872104597
33176.991366313
33166.802288949
33167.906090984
33167.906090984
33162.847897836
33170.844635444
33163.860156259
33168.916800862
33163.860156259
33181.021259376
33170.937293366
33171.947076366
33169.927201593
33170.937293366
33165.790928941
33168.916800862
33167.813339416
33161.835329141
33173.965716796
33170.937293366
33173.965716796
33171.947076366
33175.983124376
33182.027964899
33157.781947862
33171.947076366
33177.999300596
33179.006927410
33176.991366313
33170.937293366
33172.956550780
33181.935648814
33169.927201593
33160.822449984
33162.847897836
33172.956550780
33167.813339416
33170.937293366
33168.916800862
33167.813339416
33168.916800862
33172.956550780
33165.883743039
33180.014246942
33168.916800862
33155.753390682
33165.883743039
33170.844635444
33172.956550780
33166.802288949
33160.729479210
33170.937293366
33168.916800862
33175.890622132
33170.937293366
33162.847897836
33176.991366313
33175.983124376
33167.813339416
33163.860156259
33171.947076366
33162.754989793
33162.847897836
33168.824080529
33171.947076366
33172.956550780
33168.916800862
33177.999300596
33166.895071772
33175.983124376
33183.034363695
33168.638630334
33173.965716796
33180.014246942
33176.991366313
33173.965716796
33170.937293366
33179.006927410
33169.927201593
33168.916800862
33170.937293366
33170.937293366
33174.974574599
33157.688882841
33167.906090984
33165.883743039
33175.890622132
33174.974574599
33168.916800862
33169.927201593
33161.835329141
33171.947076366
33176.898895145
33171.947076366
33166.895071772
33168.824080529
33168.916800862
33165.883743039
33169.834512476
33167.906090984
33177.999300596
33163.860156259
33164.872104597
33167.813339416
33176.991366313
33173.965716796
33170.937293366
33176.991366313
33171.947076366
33159.716258008
33163.860156259
33177.999300596
33174.974574599
33171.854449619
33168.916800862
33162.847897836
33174.974574599
33158.795759533
33171.854449619
33169.927201593
33173.965716796
33160.822449984
33168.824080529
33168.916800862
33174.974574599
33166.895071772
33176.991366313
33171.947076366
33173.965716796
33156.767824975
33167.813339416
33174.974574599
33176.991366313
33170.937293366
33176.898895145
33168.916800862
33170.937293366
33158.795759533
33169.834512476
33174.882041259
33167.906090984
33176.898895145
33181.021259376
33172.956550780
33160.822449984
33168.916800862
33180.014246942
33176.898895145
33167.906090984
33165.883743039
33176.898895145
33175.983124376
33167.906090984
33168.916800862
33172.956550780
33175.983124376
33171.947076366
33161.835329141
33165.883743039
33163.860156259
33169.927201593
33167.906090984
33176.991366313
33171.947076366
33174.974574599
33172.863955189
33174.974574599
33156.767824975
33167.813339416
33174.974574599
33170.937293366
33164.779259204
33166.895071772
33171.947076366
33173.965716796
33179.921868883
33170.937293366
33166.895071772
33169.927201593
33175.983124376
33177.999300596
33175.983124376
33166.895071772
33167.813339416
33167.906090984
33164.872104597
33171.947076366
33168.916800862
33168.916800862
33173.965716796
33182.027964899
33170.844635444
33174.974574599
33164.872104597
33165.883743039
33173.873152340
33167.906090984
33167.906090984
33176.991366313
33164.872104597
33175.983124376
33169.927201593
33173.965716796
33164.686410626
33169.834512476
33173.965716796
33164.779259204
33172.863955189
33166.802288949
33166.802288949
33167.906090984
33172.956550780
33160.822449984
33170.937293366
33170.844635444
33174.974574599
33166.895071772
33167.906090984
33180.014246942
33165.883743039
33173.965716796
33173.965716796
33164.872104597
33177.999300596
33168.916800862
33180.014246942
33170.844635444
33169.927201593
33173.965716796
33189.066325550
33182.027964899
33170.844635444
33174.974574599
33172.956550780
33180.014246942
33166.895071772
33175.890622132
33170.937293366
33168.916800862
33179.006927410
33168.916800862
33171.947076366
33172.956550780
33175.983124376
33170.937293366
33172.956550780
33168.824080529
33168.916800862
33158.795759533
33180.014246942
33165.883743039
33179.006927410
33162.847897836
33170.937293366
33167.906090984
33171.854449619
33169.927201593
33164.872104597
33173.965716796
33178.914518335
33166.895071772
33175.983124376
33162.847897836
33166.895071772
33173.965716796
33173.965716796
33171.947076366
33164.779259204
33162.847897836
33168.916800862
33168.916800862
33180.928912315
33173.965716796
33180.014246942
33174.974574599
33169.927201593
33184.040455948
33168.824080529
33171.947076366
33172.863955189
33175.983124376
33156.767824975
33170.937293366
33168.824080529
33180.014246942
33160.729479210
33160.822449984
33174.974574599
33167.906090984
33172.863955189
33171.947076366
33165.883743039
33162.847897836
33182.027964899
33162.847897836
33170.937293366
33165.883743039
33176.991366313
33175.983124376
33175.890622132
33172.956550780
33173.965716796
33171.854449619
33168.916800862
33174.974574599
33175.983124376
33170.937293366
33167.906090984
33164.872104597
33174.974574599
33177.999300596
33174.974574599
33180.014246942
33166.895071772
33169.834512476
33177.906860484
33175.983124376
33170.937293366
33161.835329141
33163.860156259
33173.965716796
33175.983124376
33168.916800862
33176.898895145
33172.956550780
33162.847897836
33165.790928941
33162.847897836
33169.927201593
33158.795759533
33165.883743039
33167.906090984
33176.991366313
33173.965716796
33170.937293366
33169.927201593
33171.947076366
33170.937293366
33163.767279551
33162.847897836
33175.890622132
33163.767279551
33167.906090984
33165.883743039
33172.956550780
33175.890622132
33170.844635444
33168.916800862
33169.927201593
33169.927201593
33177.999300596
33166.895071772
33176.991366313
33174.974574599
33162.847897836
33164.779259204
33176.991366313
33175.983124376
33179.006927410
33172.956550780
33168.824080529
33165.883743039
33165.883743039
33158.702725948
33168.916800862
33167.906090984
33163.860156259
33163.860156259
33166.895071772
33165.883743039
33160.822449984
33176.991366313
33180.014246942
33164.872104597
33157.781947862
33176.991366313
33169.927201593
33164.686410626
33177.999300596
33169.927201593
33171.947076366
33166.895071772
33170.937293366
33176.991366313
33172.956550780
33171.947076366
33169.927201593
33168.916800862
33164.872104597
33173.965716796
33171.947076366
33176.991366313
33165.883743039
33171.947076366
33175.890622132
33163.860156259
33179.006927410
33171.947076366
33175.983124376
33167.906090984
33162.847897836
33174.882041259
33180.014246942
33168.916800862
33167.906090984
33165.883743039
33169.927201593
33169.927201593
33164.872104597
33172.956550780
33166.895071772
33170.937293366
33172.956550780
33184.040455948
33174.974574599
33182.027964899
33175.983124376
33160.822449984
33179.006927410
33180.014246942
33173.965716796
33176.991366313
33177.999300596
33160.822449984
33173.965716796
33174.974574599
33165.883743039
33156.767824975
33170.751974349
33168.916800862
33170.937293366
33174.974574599
33167.813339416
33179.006927410
33170.937293366
33167.813339416
33168.916800862
33164.872104597
33161.835329141
33181.021259376
33175.983124376
33173.965716796
33165.883743039
33167.906090984
33175.983124376
33171.947076366
33169.927201593
33177.999300596
33173.965716796
33169.834512476
33171.947076366
33168.916800862
33161.835329141
33171.947076366
33182.027964899
33169.927201593
33166.895071772
33164.872104597
33172.956550780
33166.802288949
33187.056895305
33166.895071772
33174.974574599
33167.906090984
33169.834512476
33170.937293366
33173.873152340
33163.860156259
33167.906090984
33172.956550780
33170.937293366
33176.991366313
33169.927201593
33166.895071772
33170.937293366
33164.872104597
33166.895071772
33173.965716796
33177.999300596
33171.947076366
33173.965716796
33173.965716796
33159.809260178
33179.006927410
33169.927201593
33167.720584670
33164.872104597
33172.956550780
33158.795759533
33161.742389742
33163.860156259
33168.916800862
33165.883743039
33169.927201593
33169.927201593
33163.860156259
33177.999300596
33168.916800862
33171.947076366
33156.767824975
33170.937293366
33177.999300596
33174.882041259
33177.999300596
33163.767279551
33168.916800862
33168.824080529
33161.835329141
33177.999300596
33168.916800862
33168.916800862
33174.974574599
33165.790928941
33165.883743039
33177.999300596
33171.947076366
33166.895071772
33175.983124376
33172.863955189
33170.937293366
33172.863955189
33173.965716796
33170.937293366
33167.906090984
33175.983124376
33173.965716796
33169.927201593
33177.999300596
33166.895071772
33163.860156259
33172.956550780
33164.872104597
33165.883743039
33164.872104597
33176.991366313
33159.809260178
33171.947076366
33179.006927410
33165.790928941
33170.937293366
33168.916800862
33174.974574599
33167.813339416
33162.847897836
33176.991366313
33173.965716796
33171.947076366
33174.974574599
33180.014246942
33166.895071772
33163.860156259
33166.802288949
33173.965716796
33174.974574599
33168.824080529
33164.872104597
33162.847897836
33162.847897836
33173.965716796
33164.872104597
33182.027964899
33181.021259376
33171.947076366
33181.021259376
33170.937293366
33169.927201593
33168.916800862
33169.927201593
33174.882041259
33170.937293366
33172.956550780
33170.937293366
33166.895071772
33171.947076366
33168.916800862
33176.991366313
33172.956550780
33166.895071772
33171.947076366
33169.927201593
33174.974574599
33175.983124376
33169.927201593
33171.947076366
33173.965716796
33165.883743039
33168.731357020
33170.937293366
33171.947076366
33175.983124376
33177.906860484
33179.006927410
33164.872104597
33172.956550780
33174.974574599
33167.906090984
33176.898895145
33166.895071772
33177.999300596
33161.742389742
33161.742389742
33170.937293366
33167.813339416
33166.802288949
33173.873152340
33168.916800862
33169.927201593
33158.795759533
33168.916800862
33171.854449619
33170.937293366
33166.802288949
33175.983124376
33184.040455948
33169.927201593
33173.873152340
33165.883743039
33175.983124376
33174.974574599
33175.983124376
33167.813339416
33173.965716796
33176.991366313
33162.847897836
33186.051721569
33167.906090984
33167.906090984
33181.021259376
33170.751974349
33176.991366313
33165.883743039
33164.872104597
33179.006927410
33169.927201593
33157.781947862
33160.822449984
33174.974574599
33166.895071772
33164.872104597
33171.947076366
33175.890622132
33169.927201593
33166.895071772
33174.974574599
33170.937293366
33169.927201593
33180.928912315
33172.956550780
33184.040455948
33164.779259204
33171.947076366
33166.895071772
33170.844635444
33164.872104597
33176.991366313
33176.991366313
33168.824080529
33164.872104597
33172.956550780
33167.906090984
33176.991366313
33169.927201593
33175.983124376
33176.898895145
33180.014246942
33165.883743039
33166.895071772
33177.999300596
33174.974574599
33161.835329141
33174.974574599
33179.921868883
33183.948201759
33166.802288949
33171.947076366
33171.947076366
33179.006927410
33175.890622132
33168.916800862
33169.927201593
33172.956550780
33173.873152340
33174.974574599
33187.056895305
33167.813339416
33173.965716796
33174.974574599
33167.906090984
33167.906090984
33162.847897836
33173.965716796
33172.956550780
33174.974574599
33174.882041259
33176.991366313
33170.937293366
33181.021259376
33172.956550780
33167.906090984
33188.061763237
33177.999300596
33167.906090984
33169.927201593
33157.688882841
33166.802288949
33172.956550780
33161.835329141
33165.883743039
33165.883743039
33165.883743039
33177.999300596
33168.916800862
33166.895071772
33170.937293366
33171.854449619
33175.983124376
33175.890622132
33164.686410626
33166.802288949
33172.956550780
33164.872104597
33179.006927410
33168.916800862
33171.947076366
33166.895071772
33158.795759533
33167.906090984
33176.991366313
33167.906090984
33173.965716796
33164.872104597
33176.991366313
33168.916800862
33169.927201593
33168.916800862
33174.882041259
33173.780584719
33157.781947862
33176.991366313
33167.906090984
33165.883743039
33164.872104597
33162.754989793
33167.906090984
33171.947076366
33162.847897836
33167.813339416
33166.802288949
33171.854449619
33179.006927410
33180.014246942
33159.809260178
33179.006927410
33160.822449984
33172.956550780
33168.916800862
33169.927201593
33154.738644796
33169.927201593
33181.021259376
33162.847897836
33164.872104597
33168.916800862
33180.014246942
33159.809260178
33183.034363695
33154.738644796
33172.956550780
33176.898895145
33172.863955189
33168.916800862
33161.835329141
33166.895071772
33167.906090984
33171.854449619
33173.965716796
33155.753390682
33170.937293366
33157.781947862
33166.895071772
33174.882041259
33166.802288949
33172.956550780
33169.927201593
33177.999300596
33164.872104597
33164.779259204
33163.767279551
33166.895071772
33167.906090984
33172.956550780
33172.863955189
33172.956550780
33165.790928941
33174.974574599
33170.937293366
33175.983124376
33172.956550780
33174.882041259
33175.983124376
33170.844635444
33176.991366313
33172.956550780
33170.844635444
33170.844635444
33167.906090984
33165.790928941
33173.965716796
33171.947076366
33173.965716796
33159.716258008
33164.872104597
33175.983124376
33174.974574599
33165.790928941
33165.883743039
33165.883743039
33172.956550780
33157.781947862
33176.991366313
33170.937293366
33162.847897836
33164.872104597
33167.720584670
33164.872104597
33161.835329141
33171.947076366
33176.991366313
33165.883743039
33169.927201593
33173.965716796
33172.956550780
33169.927201593
33169.834512476
33169.741820184
33171.854449619
33168.916800862
33170.937293366
33176.991366313
33174.974574599
33168.916800862
33175.983124376
33178.914518335
33174.974574599
33180.014246942
33167.906090984
33161.835329141
33169.927201593
33168.916800862
33171.947076366
33170.937293366
33159.809260178
33175.983124376
33169.927201593
33172.956550780
33173.965716796
33168.916800862
33179.006927410
33169.927201593
33170.937293366
33168.916800862
33170.937293366
33169.927201593
33176.898895145
33167.906090984
33176.991366313
33174.974574599
33179.006927410
33180.014246942
33164.779259204
33172.956550780
33168.916800862
33170.844635444
33177.999300596
33157.781947862
33166.895071772
33165.883743039
33173.965716796
33161.742389742
33166.895071772
33174.974574599
33171.947076366
33165.883743039
33163.767279551
33167.813339416
33171.947076366
33158.795759533
33162.847897836
33175.983124376
33168.916800862
33172.956550780
33173.965716796
33171.947076366
33171.947076366
33174.974574599
33170.937293366
33164.872104597
33176.991366313
33171.947076366
33174.974574599
33165.883743039
33175.983124376
33161.742389742
33164.686410626
33165.883743039
33169.927201593
33173.965716796
33181.021259376
33179.006927410
33177.999300596
33168.824080529
