5818.711553048
22482.948479422
14021.034681878
22424.077052943
11764.351985340
15646.370903307
24776.822898499
5143.429053462
2404.103855374
11386.176150028
742.510695939
20991.694198344
14202.114774077
31638.566405292
14428.746719188
23261.247454073
13310.027969726
17424.651810167
2909.711611359
311.460536300
514.181946709
15600.700674369
13907.962538600
182.915616499
4069.159306189
8447.082251833
13084.994072337
1916.178679149
31820.287866319
16160.944907262
18001.698637609
26180.853049517
12355.994208362
30380.989228620
27375.611451728
13490.294735780
24990.580708401
712.284680621
27028.680486633
7201.556357606
31880.880465294
19369.708153495
8339.008959943
1902.962373626
32900.223288784
15714.897761240
21190.809933894
15121.864141757
23343.923164999
1307.634280021
27243.974095780
6438.126122823
13862.756010878
2777.138750873
21425.264954286
12199.463989137
16676.929782563
16344.246666590
22883.614358849
10544.898129769
9906.841402898
26228.558496544
3024.138507778
28010.590312042
12512.698750037
15281.333088781
14270.071651945
26204.704876824
16631.008372283
10666.304630046
21167.376365711
31214.880410472
27351.673505448
9534.495118900
17620.667701676
13524.118233993
174.131270496
10291.451307986
13467.749841550
14338.056617077
22129.914303390
23769.496323336
8393.029816512
23367.549282668
2451.646662194
17851.512714983
8285.019867298
12210.638894938
3675.796763534
3731.605406848
10434.636394048
538.671434853
18360.263418677
30985.074935276
30840.006071952
1759.437412389
6596.515699428
13298.768335301
2439.150007931
31420.612693175
32305.289888165
7436.362230650
5912.816635636
3049.735495911
28478.596678655
18464.474972712
22224.011010478
28310.521224664
2147.397850869
14996.668806351
5246.801164919
25156.941670117
10522.837534712
14349.390166779
30368.917435920
9054.573529901
25966.267509612
18731.019825607
10489.754362259
16711.377949882
8880.617038504
2657.875790572
19241.825814434
25990.103137689
27615.085406123
6490.882904355
4281.327294497
29970.768779460
4264.510687143
23296.676908193
17343.993911760
17689.894303542
20477.075734209
15932.068716197
29404.454895426
6734.072801994
26013.940571712
13738.504259534
18754.212922949
25109.400639748
12445.518443524
18707.829164021
32839.475530950
22765.710164732
13794.970262138
6575.376502703
3919.867753695
9994.636512112
7865.016517371
13896.659707199
11597.375297205
22082.878492835
11976.155823978
16504.780566510
19416.228562804
32256.762912615
10688.391790549
28082.549796861
12400.749234226
29272.041416663
971.111369207
13614.350231055
31093.912920426
5850.064185773
10214.425004661
11275.157241119
5381.473076963
23438.439570656
29512.829499330
5568.466959428
17274.884039702
7052.498779755
20208.501619204
10038.559979105
32329.555596283
7994.035738178
24563.217908656
30103.437305364
4896.144979601
22518.277522753
22954.381236456
17701.434318135
5350.366369547
27782.818910051
26491.066188036
30308.564348122
299.917450558
13073.751198264
14769.272580476
19916.914271620
1053.827866225
30864.180361864
30139.627927106
29151.708039908
32281.025659936
23249.438635073
2069.283165527
15520.805488385
20266.861853183
9950.730297034
31335.886080035
17401.603438262
7983.276837388
25252.046044819
5360.733379305
5029.946926477
12221.814699735
33155.463020746
19253.448517277
4085.179246525
1839.260877659
28154.524423578
8706.967805070
5184.754506094
19276.695704179
20126.821163718
21343.181077777
30731.240892504
6776.450702554
30453.428198847
7854.273584271
462.196330808
12098.930415664
5060.872734604
3597.838706946
32633.001399962
5672.609831606
16252.573609229
27076.511350429
9414.306486994
14111.549506378
14372.059594446
30115.500451454
3537.741998386
23225.822497025
1324.408776393
21378.356644168
20605.629421908
3328.601316008
126.680510594
7951.008071629
23497.528458845
15361.121528042
29524.873133542
23202.208360461
5933.748017450
32208.241864781
18198.256496643
17459.229245313
26706.005019319
26025.859965480
14860.195010480
12860.297877022
14394.732122752
9436.148766865
29850.202633415
16619.529715313
25763.737800932
141.287263340
15794.878270175
7843.531992493
18742.616069980
13648.200683089
17240.337948560
4793.456297093
12882.752148498
1415.586717543
24397.187124514
8090.925057057
6829.457550929
19858.639832116
2403.645808236
33179.779893606
19195.340948085
5808.264189441
17920.815983292
10379.544348764
23060.565676719
476.261132284
3393.652470110
1748.955403127
16126.595626075
21988.832039095
21085.376047645
17736.058207336
23273.056772747
14462.768267116
2400.762356209
18765.810384170
10247.429955042
1114.107096082
20593.939926338
30356.846034743
66.975906566
6048.993590923
6712.893092245
11964.999971900
4937.278211375
8198.703856467
14054.971811026
8848.034238279
5547.660247279
10611.104533513
1166.641615200
1289.206262291
3536.709686610
1166.410217999
30477.577647997
29452.617359928
10622.142514161
14973.915692402
26359.785377880
14451.426979672
28514.623451299
987.599510901
16757.318297357
16229.662266512
636.855541215
23119.574671078
6132.937835124
12065.435514903
29693.526129205
25537.536761741
30767.492471686
22789.286934425
12770.515150618
776.173007796
11730.939822032
10093.488469077
32572.293848134
29910.480743748
25359.073922110
16309.864086624
24895.558447629
21847.825522983
29705.575774117
19951.885847022
17493.812523815
9567.297534425
10843.115120066
17332.473964458
19544.208244128
13321.288435382
14236.089694485
657.353770967
29633.283902669
30815.833326213
11197.501460892
12972.603430808
12188.289983081
18279.244702673
4875.590677969
7897.253348038
3115.896109763
18209.824367723
15623.534351993
23710.350734868
15737.745769214
4865.316619325
28778.933568733
31021.350809112
31893.000109057
18557.149426069
847.784015785
23485.709690134
12367.181632583
17378.557671242
5071.185331447
26073.542047854
24361.621277903
28538.643373850
9457.995590545
10998.034729436
3161.112480231
7350.898312052
10181.429568869
21214.245678429
31251.178108656
24112.781384783
21483.912459517
15383.924798701
15669.210324491
16814.758893640
29199.836521603
6585.945314651
3433.200980486
21097.088741296
30091.374553959
19451.125058600
15418.135168004
9786.236825189
31166.488825316
22235.775445740
27459.407816580
2104.177131456
2839.924128410
22153.435347456
322.154381643
25585.144313984
17666.816199354
28851.052764727
30127.563992083
10577.996722946
939.440934529
6195.966541303
1806.516169945
15156.023894635
6808.250230341
24954.943845218
25620.854788035
31517.465875776
20045.168652335
25656.569378990
181.914447685
15212.971580875
22753.922544170
20231.844010342
30610.427490533
12759.296186559
3862.082459086
8360.613501318
27758.851873053
11864.638605435
3712.186622560
21718.636473723
18094.173833511
18117.298924389
900.860402159
25228.267165909
22024.095521100
26538.817987404
16355.708906182
28839.031871960
28490.605187832
15030.804068864
28046.568159494
11408.391454365
1258.718360132
27136.309713797
13761.088241940
31081.818276523
10986.962587684
12804.177218650
25882.857055075
21683.414253984
29380.376082167
3969.042001739
24527.632019521
17793.777484610
8457.896512204
25204.490142754
12703.214336968
18800.606413918
24041.723350311
29886.368307543
7822.052839551
27890.691582762
16826.249030288
11564.005307765
18533.977120872
5102.135053226
29536.917169513
19021.107728835
12792.955667352
28418.560364746
12557.503215671
11.000000000
9490.774324903
30284.425857664
26741.842059040
14951.165565447
18591.912489047
29139.676935265
27543.225218837
9895.871893903
24551.355469920
14496.796751651
4315.587881478
16298.404607710
6649.391136300
10500.781055753
30513.804748207
21179.092877621
27878.704034994
8371.417674113
22212.247096155
14190.791367042
30803.747532753
12692.000566044
5122.778107546
27148.270689199
20956.572552362
27004.767667572
12311.253412613
20558.874791590
24326.059742344
11286.254796944
17286.400715096
13987.104687926
32645.144010528
32608.717278655
446.481795122
23509.347722637
694.944380238
33082.521076537
19474.392331358
22989.771506433
8490.346813725
22118.154565673
11330.654668018
1426.737079182
14587.573176872
19230.203705765
5195.090757140
27160.232098435
10049.543533428
396.467397783
25954.350373277
23308.487724502
8511.986600615
12961.369035422
4208.034287373
31360.091783587
14689.755143616
3936.005048964
17447.702783815
32730.152537869
24907.434588755
32074.839614887
9819.115856332
9632.932623527
16057.915921396
7318.872789780
18522.391890361
4978.444075927
23107.771866324
20710.859965440
21038.530741530
8144.798232344
26443.321487397
30163.756979760
14814.727763076
521.829082353
22094.636660141
24314.206856165
4.500000000
27315.769818071
28358.534452193
19160.483549792
20348.589973379
11552.883865956
3333.218218746
1045.938562554
10699.436893099
22200.483703023
20290.209915684
18140.426526165
5009.339743235
8501.166082877
3257.543333002
32790.883884120
22612.510934513
996.429824053
2162.438655409
12893.980568970
18823.806802067
24468.331727928
5714.317540416
25847.116511562
23450.256356764
7095.057328440
2949.150617658
20629.010087293
25489.936550274
660.825931121
3871.070259610
17056.192223085
11708.669706830
17136.735184110
14077.600520043
3788.627269362
29055.470596723
28598.700430335
25061.867064529
5019.642330171
32475.180865758
4844.774705988
22636.074419912
27519.275246369
13231.228020519
27950.635667096
26717.950259063
10104.477377281
13479.021877791
24432.757276433
796.090242461
14213.438964708
4762.690354251
3526.414019289
32038.464996432
25644.664058228
30972.983745922
7875.760790134
5881.432571908
823.818920633
29067.498851798
14894.303343334
19392.967178253
24160.163081117
27722.904506185
8037.084526115
6670.552241674
613.054358788
13017.549514352
2720.636829394
30997.166509018
19672.258805375
26383.650612050
19265.071813968
1158.627250496
11820.057512146
12658.364463784
24231.250100972
14791.998661568
28959.259246250
22577.169552702
31687.017183556
8620.260135560
13141.221092853
19532.570792355
13186.217850068
20769.340837524
22271.071874644
13975.796278260
32754.443980530
12467.908352455
205.379852639
21026.820783513
25287.717839232
5391.845758285
5288.204267059
8815.462275576
1067.287285337
2200.401377120
9130.774738567
9000.179447331
13366.338597557
27698.941722652
31747.589128454
28130.531201096
17597.597314320
688.131711972
18812.206304722
32985.285427493
14667.042706920
8772.049913064
22600.729960827
21730.378277986
8631.094293583
9305.163580629
15886.327236145
9775.279344747
13129.974004255
29814.040539028
17586.063087358
27124.349172404
5683.034066711
18348.687453098
7404.302640524
483.457762652
17309.436031014
12983.838677064
10721.530138045
24420.900081113
21777.350809792
30151.692256380
29308.149332886
25049.984837106
8166.356599003
17990.142075546
29019.388278305
16378.635452128
15486.575526017
8598.595519777
6533.117028967
248.025529704
17805.323255947
18302.389799372
14383.395471297
11064.488308735
6028.024460596
17413.127298800
22966.177487656
1016.875938072
5112.455592144
23473.891416731
3118.937616858
7169.591326333
5745.617104695
10390.560678012
19323.197193703
1456.666313380
22047.607135814
21143.944976081
25799.468807223
23391.177390725
13930.570596794
16791.780636479
16975.681760498
1620.230876049
1160.783203794
33167.621276601
9643.875713891
12546.300782883
6280.097792195
6038.508175253
22683.207535992
4235.270121875
3460.051199243
29103.586061667
6924.965591343
698.673806005
32705.862557486
33143.305126160
26503.003472829
569.721944877
24053.565145256
16998.681425475
981.305306947
2809.905691042
15509.394777532
23048.765387846
22530.054900292
16745.832198429
17932.368749178
30079.312197383
7586.140569885
13580.507107860
22942.585491030
7682.570214405
28658.767828192
31783.936807510
28887.117904452
14474.110325293
11441.721580604
8924.077568269
15966.382238122
8220.275148439
30888.356194839
6861.279942073
9447.071611324
30260.288937302
20547.187531627
29994.886768754
2324.449389890
14134.186105747
409.600509589
2623.866591598
15008.046482158
28935.210494906
23639.392234783
19137.248266093
26682.115861218
7222.873635787
30525.881228107
9611.049788630
23781.326911626
19183.721219394
6935.585139255
6080.460017436
283.926081408
1708.163331966
25263.936179683
28911.163380558
5040.253528445
31565.901553799
11875.786187695
5495.675654913
15817.736253093
10137.450503316
7361.576336923
7671.850312632
32936.676310522
24764.951934326
21390.082912781
18963.059956705
20220.172530832
30598.348285837
26252.413907186
20021.844510476
7468.434504788
25240.156373495
32997.438614486
7479.128072976
24883.682776107
7768.378547164
6511.996788754
2556.870632896
23686.695935043
29356.298883182
1914.582849868
26980.856592283
15497.984789914
21706.895201460
16206.753699561
32596.575768164
8533.631376099
26002.021629052
10633.181515099
25418.550024462
17067.696373935
30043.127498079
11619.626668617
2806.123003563
32718.007364830
1858.111619843
16527.724942920
15852.028554186
10225.425598988
12479.104630464
24646.268279562
12579.910709736
25501.835914258
387.053770526
21659.935437664
4752.439247976
30537.958097686
27567.176903859
12815.399630986
27938.646004717
24029.882040194
18719.424190172
11519.525216105
16000.702099271
18789.007129997
15133.249986632
28094.544517419
4999.039169389
3208.312297887
7746.918301534
4855.044627353
2566.860902293
10060.528160649
10743.627429802
15440.945717355
12020.788374317
28971.284235407
2094.267607676
6332.733265418
487.557656914
19707.193931699
12501.499829973
20010.183298917
17079.201187609
20371.945950806
24492.050414756
12177.116877520
21272.844546910
7811.315281724
5839.611554054
20056.831582027
24586.944212148
21436.993379111
5371.102282876
4209.773334056
927.301503720
13919.266168661
29982.827576038
17297.918045666
16780.292516802
3855.996085305
3673.964349226
9032.812350096
13953.181844915
31118.103357558
17747.600784275
12905.209845026
4226.021722170
877.672446159
7414.987758174
20360.267679935
17217.310504324
13377.603209805
28814.991318077
10412.596458220
22141.674564069
25347.180086098
16860.723467481
27794.803065771
26777.683057526
13287.509532747
26514.941201110
27854.730209891
14848.827069395
31323.783798857
8306.611680744
33009.592164335
1284.729178367
26562.696545458
20722.555029824
31347.988741656
2502.923704018
27579.153388153
1558.079728579
22659.639954387
18105.736064905
19881.947878145
32135.471425397
30670.829341609
12871.524584289
14632.979760400
17528.401635139
10192.426988567
24670.001225610
14928.418429622
10027.577498744
5.500000000
19812.030670271
1831.363800206
19718.840136943
15110.479036976
3178.010890390
1065.064167014
11630.753765398
21930.070093041
29332.223299684
24741.211421791
26061.620851542
7073.775105119
1150.798195532
29645.331547743
11775.491234036
142.063916915
10953.752103000
25216.378422262
30031.066722269
18545.562966225
8544.455630980
7158.939226631
10159.437911362
16035.028287258
32002.093733125
8274.225876887
2289.285985340
26813.528009930
26121.231332865
15840.597077549
928.732289667
35.485657938
1468.255767416
31735.473987105
32183.983566312
3640.239565606
11742.076278537
137.517795654
21331.456969698
3614.363083624
4947.566627747
1521.479128078
21073.663900565
24966.822331301
234.824599291
14553.526267002
2455.297309815
11998.470272287
18986.277261492
23355.735974920
32026.340869030
20909.751387296
9665.765234712
2563.250845681
32244.632094614
2988.171531862
657.990643123
737.149609239
9196.135720049
25478.037645872
27926.656764927
6988.705352645
28706.829178930
6797.648858515
2566.379036686
3106.506031266
6101.446091607
13998.413892140
8004.795959049
29260.006254257
19462.758400970
7704.014121473
17182.774270765
27339.705178544
7661.131781004
13636.916385785
9403.387053972
20255.188671816
32499.456904680
30682.910876362
31045.536645109
28430.566796062
25597.047347577
31481.143090366
16458.900017892
3559.740025583
19404.597575716
22860.029454734
1032.241141488
3613.073378210
28694.813222508
28502.614112100
1112.551002830
18673.047744711
18684.640940945
15178.800756937
23532.987734554
15954.943692509
9021.933532291
2379.638866192
30960.892941092
28286.517115295
20570.562610889
1580.824573270
28190.517404069
26085.463694330
21261.123687778
28610.713083232
4332.664101695
19520.933926680
13806.265878891
11108.810370824
22071.120849509
32960.980142561
8101.697086857
22388.760395378
16.485821759
2371.503852543
13682.058447425
3291.702459107
24172.009712380
33046.054989789
2157.082678683
11452.833531238
32948.828044869
12950.135491575
11208.592233001
7511.217182551
4107.729361733
26371.717772212
6723.482175251
9468.920703338
26312.060259313
15144.636571093
8403.837783163
13174.967401647
18881.818374994
20933.160869430
16837.739838422
32463.043398533
32973.132603477
30187.887608258
28634.739629356
28754.897125322
15749.170843946
8.250000000
3579.634694725
10832.056914247
25466.139201247
12054.272364609
31614.343278282
5091.816494392
31432.718014141
25608.950838992
16596.574439083
21624.721213720
21015.111373457
23722.178871420
6469.775394438
9250.635193010
32742.298076477
28226.514156761
19683.903265601
4040.588362803
14780.635243206
16401.564750829
22812.865740604
18024.813655564
23947.006462944
4117.383546163
5485.284279405
27639.042220647
29187.803792018
2206.901916383
10555.929968389
13512.842914504
5870.974697512
872.385944623
7575.433062213
17436.176971969
22282.838391147
16722.862024270
2831.522620415
7244.196701754
16642.487707919
930.125132279
31263.278104340
6818.853128527
30634.587065864
1244.492975401
19358.079526845
12591.115769595
21132.230098911
28466.588584729
13591.787333586
588.536536302
5277.850607231
20196.831275759
27255.938969409
14655.687629740
19998.522660677
23887.824215105
20091.823802502
1460.562164248
30574.191043089
25014.340957389
7918.751244801
13704.634344574
19032.719085985
3102.575350439
25275.826777887
9720.508467395
7832.791743697
23544.808482225
2076.403898465
1375.980815456
23166.790912470
157.270547532
2636.337037860
26825.477205210
259.789845780
28995.335439912
23001.569273535
25394.758199853
17678.354930488
25192.602327585
1209.373306527
5891.892188252
19288.320187584
17367.035765547
23615.743337943
24219.401059670
2888.997388911
16585.097820678
25942.433688996
16103.699594435
17102.212801800
3271.938799055
3268.377764816
12322.437274913
25716.102831694
6385.409476815
2219.131707395
5433.355290622
1677.409361626
10302.459273760
8587.765064831
3628.477037770
6638.812921395
29934.594768013
16573.621882651
28742.879520934
7543.318861761
25299.609363518
29657.379593083
27902.679553784
21577.776393901
6164.444674909
32426.633207308
32803.031248713
20150.155589798
26586.576873815
21671.674579298
29561.006446137
24503.910473286
2456.536196868
24290.502523599
15338.321175744
16481.838923679
32317.422557301
32827.327072252
32778.736884476
3916.040141112
14678.398545057
21460.451843630
30707.075109287
10854.174327285
10511.808780231
24836.184790170
21507.375224627
17724.516270413
7457.742340456
18441.312521848
20792.737067475
9185.239308849
20675.778106964
11164.234983580
27327.737282694
11719.804297861
25406.653881678
20816.135511790
31154.391884530
4058.874120490
15555.041955522
26729.895939030
13535.394372736
33021.746076917
808.550216055
22059.363730416
24100.937168963
23816.821613677
4313.199852340
30465.502728229
24693.736065773
23935.169039333
2197.826583285
1770.196133103
30224.086503194
31796.053451760
28106.539658420
20243.516057437
16608.051737437
25085.632919438
11075.567351695
28142.527602443
11009.107859775
12748.078086291
23592.096412366
861.456679744
25133.170223845
31239.078494359
15703.474828942
1326.569070099
30175.822097100
28118.535219701
29765.829988539
1999.756867642
31699.130819902
3767.315559832
2882.691099755
32851.624354102
30658.748194848
15657.790255404
13603.068374856
743.142841885
22624.292420956
12087.764541193
594.952553926
2980.565133115
17828.416711480
11264.060651795
18429.732222727
12938.902799938
31226.979261586
21120.515767206
31917.240519506
7126.991687126
22365.218543769
4968.149563821
12132.433475256
11797.772518018
232.000556236
3920.251196739
6691.719566247
27495.326987820
20862.939034422
21753.863481463
20442.027410137
22165.196653298
24456.473100052
355.387900356
14417.407747251
32912.373932357
13546.671330114
29392.415287088
24183.856826084
21155.660398439
25978.185097813
11486.175097035
30393.061412702
20944.866435937
10964.821273559
10467.704072162
32657.286987535
624.534235224
20313.560242560
23627.567540068
23982.521652382
21836.078413118
12411.940208670
26765.735618467
16390.099757604
15247.149029331
31299.580378372
30876.268085537
8382.223113003
23214.015178441
11020.181977799
16987.181260143
21530.840136818
32196.112529986
15783.450345463
15577.869874265
28622.726149626
31493.250306845
10566.962833106
26801.579253437
7372.255784066
616.849220745
17574.529505387
6364.334123204
3969.817678669
3495.673847873
14621.626969316
21953.573291327
21824.331832639
10865.234534979
9239.732980300
7105.700646832
6206.477157400
11097.728383630
26467.192949644
23757.666224948
10269.438527440
24266.800112184
11252.965029836
3281.739384369
354.344670495
5205.428956325
19753.782237693
24800.566241626
29175.771468438
1523.330539814
239.738504552
30719.157807178
23143.181787767
10887.357948091
23426.623280769
12266.526893971
3180.836386585
13569.227698295
26264.342283638
28274.515687276
7031.228368427
1797.557492343
32159.726752842
1498.103619069
5308.917334953
1422.320259670
7886.506400906
13355.074813355
273.190388908
16195.300458114
24515.771008277
15634.952268678
27064.552981711
16413.030431366
14179.468744172
29163.739551017
27303.802784847
25894.771476227
18337.112108021
9983.658338289
12535.099227207
26610.458971020
21237.683597121
28034.575122355
4834.506859182
31771.820538788
17839.964394923
16321.324256370
13727.213479457
22824.655906775
20699.165456644
31444.823714476
20886.344108209
9731.460435808
14100.232388661
25513.735737628
11130.977283224
26097.385790782
19695.548307814
7286.860135508
6628.236268002
23864.154728205
28983.309633346
2214.950851742
7265.525540102
1351.780096995
27507.300902769
14985.291876261
32378.091448115
3431.371454227
20173.492294614
28394.548750435
8978.430105212
24006.200875319
2738.909422499
18626.681069870
20640.701256530
15429.540079358
93.041101970
12076.599574018
32487.318701183
3734.498744370
22930.790251617
14168.146906036
6374.870990117
30212.019811449
26885.229757159
16699.894551186
12736.860850505
16562.146625432
1181.038387130
19427.860139195
11842.346210063
8263.433166029
1397.323435299
33070.365352125
31965.725828458
26753.788618912
12389.559146245
31372.195205692
8739.503379382
2888.447348040
27172.193941331
24278.651077641
19870.293566629
3285.202460091
32232.501647223
15349.720986851
33191.938871638
1803.993909995
21800.840260881
31941.482426320
17874.611263451
17539.932633282
10456.680477531
1613.812174244
19579.124112864
19637.328919759
5776.932680473
26574.636488439
14598.923677012
10401.578048165
10082.500629532
19800.379825410
7116.345433723
17897.712353885
9939.756446953
6269.575613166
14281.400532249
23828.654159346
11430.610583686
25382.862979185
24243.099623635
7607.559735887
585.589127601
26300.130095285
8609.427210490
6564.809265868
31711.244832697
16883.709777482
47.257354905
21050.241247230
15543.629077864
21695.154461459
22376.989210731
19299.945263857
29681.476883963
13208.721261239
33118.990421285
30006.946357461
27651.021268164
3198.999429963
18244.531728406
19602.404283356
29874.312685330
31311.681898258
29789.934466812
9928.783680512
27866.716910649
26216.631462725
7212.214272257
11920.385728870
15269.937668575
29031.415309822
1994.168592391
105.116188149
8696.125055451
5996.583549431
23958.844373135
326.041607503
30755.408224897
24385.331363660
12826.622903676
23994.361020999
29946.652375301
18406.573478876
29898.424327065
27627.063599910
14735.189131376
29079.527514416
21202.527534255
6480.328351415
7489.823043206
28923.186733030
27770.835179089
10071.513859703
297.348613751
25026.221783333
5923.281461122
29476.701008756
27914.667947894
19172.102086520
9261.538562300
3339.909598979
126.176690860
5516.463958317
1867.369393628
6543.679526700
862.029424308
21308.010376247
11675.271540641
8869.754903156
6427.579573272
15909.196562843
26658.228466171
13941.875822408
21.282986111
30852.093023956
3837.286575697
20500.444090958
29801.987303751
20488.759632041
6882.502451532
24207.552499944
13197.469136816
20033.506295051
11508.407560776
9523.563229483
4906.425214791
7779.110702927
21366.630915282
1195.681602846
16149.494449637
6143.438441143
32171.854973888
18071.051256458
31929.361285933
24824.311469750
1309.251684577
23804.989557019
29585.097328001
18997.886816253
22977.974244394
22106.395351172
17759.144000851
27100.429392347
23379.363088013
949.713251464
14837.459880782
212.162550404
19009.496972146
19067.556756866
14326.723844208
8750.351008059
32438.769569181
5050.562132381
24302.354449845
19125.631519782
11142.062206659
7063.136204190
23556.629724068
3128.777055737
6227.503365285
1810.958317646
3460.303481051
12647.154168865
21859.573161974
30912.533569771
2844.444238826
8187.920145042
6090.952210627
896.403574834
22012.340501500
23852.320716832
8241.851589028
32450.906299631
24195.704422010
12523.898549354
26395.583897211
10357.514816988
13422.669926589
15806.306906208
5610.102319271
24539.493506805
19218.582191599
16918.194261975
2155.831853207
31674.903923790
17355.514512255
31602.232280770
11953.845035574
6301.147073286
7308.200472730
9348.807005993
16952.684759912
8967.557215970
19497.661954905
2020.035224950
14610.274941340
16218.207635842
20465.392397752
2818.472515078
29223.903198178
18649.863184579
2509.875806602
30646.667436220
12121.264883454
23402.992190574
6755.258677922
27196.118927402
7961.763002497
28574.676365662
21566.041526209
31662.791040735
26479.129346913
1942.197844547
33106.833611239
16367.171834841
6290.621613062
18510.807275041
23131.377978304
9742.413508875
11419.500541325
14304.060631204
27184.156217711
3300.111598797
31832.405636367
27052.595048055
10787.834123553
5975.631496212
21401.809720852
15760.596631878
4058.803583260
8663.604151367
11363.964677451
829.138370480
8793.753672521
23237.630315980
16115.147261038
9294.255597329
6765.853922738
29741.727105391
69.196714613
32341.689004982
31033.443535192
712.487594994
14043.658642813
31856.642301345
18232.961983966
29621.236658008
8674.443227215
10876.295742221
20383.624785697
28562.664954206
13118.727757248
686.997613232
12165.944673204
25180.714976956
19206.961272262
13411.402008488
1912.512895617
28827.011389691
17470.756356073
24409.043363736
23674.869272217
14826.093445168
4278.109728173
11308.452804647
3402.539098292
17148.243966199
1779.268846784
5787.374750286
1450.633409740
24575.080822802
26849.376911416
13006.311719503
20453.709622964
7297.529587341
28766.915141307
29127.646237241
8522.808365500
20080.159157413
7447.051581802
3967.318054392
20874.641295512
6069.969514663
24931.188279004
32099.091222772
18476.057123748
30429.280311810
11653.010777026
5412.596769548
18928.238516402
27603.107639454
4022.039891463
15897.761545931
14440.086463512
10236.427249458
2603.402677894
15201.580569503
31287.479239333
30924.622835126
31759.704645726
19148.865609539
3186.375190804
2358.939374337
19311.570932672
17390.080228945
1360.080560519
21108.801981242
30248.221066264
29609.189813910
13264.994425819
25323.393800118
14485.453153655
2011.533582305
18939.845060470
26873.278370624
27483.353501691
3037.662180603
28454.580906215
8479.528794599
22294.605427333
13096.237790632
2977.506693366
5630.930917964
9512.632466562
18383.417209912
8858.893969302
8177.137725373
17863.061671284
3328.780527425
20161.823657515
27962.625751899
17909.263851403
2040.298651995
26049.700105584
13456.478627683
31106.007947483
26168.927808485
28406.554349483
30441.354059994
25918.601677361
18858.611929944
32402.361589798
7329.546536605
7650.414621256
12725.644479894
28586.688191092
5944.216301864
18047.931196162
4742.190252507
1107.294299421
10170.433209454
12669.575628754
21519.107412471
31178.586148438
21812.585781806
24812.438620167
5226.111185180
26837.426839098
19079.170512525
30320.634181778
7532.616908393
30417.206954439
32414.497214138
3749.425299186
8123.245057473
1630.975213556
26921.086542347
28070.555496912
15943.505851714
17205.797768364
21225.964366142
4813.977405125
28382.543567763
13343.811857835
29007.361654950
8804.607369275
19986.862596062
3782.726657224
4003.716359785
28526.633205269
22471.173162227
6914.347546526
18974.668308197
14712.470619859
544.985161557
31578.011418396
18835.407905613
22871.821653070
15406.730983783
13885.357675051
15235.755811291
27734.886536434
20336.912831434
4283.511144640
9764.322964467
2747.941473679
18186.689250741
6248.536190577
10005.615764178
8945.815007645
25.257904907
27591.130300074
32123.344319254
25692.288081607
26909.133843198
16264.030320385
27220.045646016
16768.805070288
2788.855844388
29488.743436787
5589.280991620
30900.444689629
28238.513911830
13817.562299655
29428.535321749
9621.990648057
22459.398360735
8069.384916331
30827.919505992
14009.723890318
26157.003016117
358.362574491
24077.250188760
10533.867318218
10710.483009248
9830.077726276
21941.821428656
2946.837101705
1564.993698068
29597.143370525
30562.113005318
26407.517627510
9425.227058357
3030.324536137
23084.167765170
31905.120127171
23568.451459857
22742.135433453
12378.369945454
2576.757202990
2683.052206628
6406.491299913
18418.152541618
19777.079872584
21003.402511641
24598.808076486
25370.968219871
6395.949580882
11119.893337651
25168.828091066
3654.846410875
10600.067574117
22188.720831335
304.352546153
15566.455554483
6311.674170395
17194.285690377
29296.112956130
3961.559308166
11530.643819298
32220.371570569
1262.283090818
20115.154805957
5267.498867995
1401.847010644
11641.881801807
26694.060219977
23840.487193805
9283.348765690
29440.576139432
22718.562742518
25811.380051983
25335.286712035
32584.434624615
15612.117153730
25859.029572551
13670.771714519
15874.893633950
1819.446163967
26192.778739025
23911.495652736
19765.430765241
28322.523905691
18221.392863617
7554.022206375
15190.190294689
25442.343692119
3189.346996487
30791.662125753
32620.859155963
22176.958481342
4117.697609501
4105.470123692
3452.054509852
24788.694334335
31009.258467009
3244.941280176
20185.161500795
11586.251024213
13388.868649465
7084.415480537
8080.154333023
8112.470420852
3446.267414579
16069.360789742
25787.558017000
988.351038220
33033.900352108
8134.020995157
19846.986674914
21448.722342315
1579.648061831
14701.112502061
18452.893438628
2961.224280999
29958.710379166
6744.664970280
13783.675449995
8468.712026943
5298.559844092
27686.960969705
24337.913108169
25525.636020187
6659.970910472
1068.897768312
21319.733402431
20664.085266654
20535.500831292
17263.368019882
25145.055714310
29284.076984004
10589.031636940
31590.121660764
16046.471753750
9501.702831310
14530.832157973
27088.470154033
19334.824046625
25002.460599011
7041.862833828
835.879332841
28214.514820335
22035.851065957
16424.496798778
6017.542449619
22412.304316732
1032.082809154
29548.961607095
6459.224035774
33094.677162949
11219.683976821
12916.439975990
5257.149052754
10324.478351221
16172.396061516
23603.919628634
308.358567693
1320.919963811
20921.455853123
29777.882028359
19742.134290253
12232.991402783
18163.556635920
10677.347702547
19102.399819893
6554.243606434
12333.622028793
23923.332102524
13040.027647976
31505.357902026
11541.763369525
18128.862411597
22730.348832821
7714.738123320
19555.846281683
24658.134515717
9337.894428264
18175.122630379
10115.467353089
9797.195404677
10423.615907180
19486.026849443
26646.285430244
6850.670959831
28334.527004062
9676.711662883
19788.729559411
7521.916348059
8414.647011487
14644.333314054
18036.372110717
15463.759171327
6967.452780792
25680.381390873
11608.500512279
20301.884796224
12244.169003334
22329.909651482
7596.849461698
1642.761179958
9065.455889327
3837.073302753
10126.458395451
13749.795847230
23190.402043317
21918.319284739
17655.278110524
2450.009335169
25835.203904344
1116.871853815
27830.758079809
27998.598539198
482.985335620
4348.055784403
17551.464277963
11942.691015774
13253.738122729
19509.297647424
7564.726940452
12110.097196671
16849.231317625
3446.577947949
14156.825853206
24919.311199282
14757.910673908
29368.337280814
9687.659201374
22588.949500142
32924.524939644
9141.665317006
27710.922901535
11664.140690241
24610.672415606
14292.730192189
7500.519413666
12456.712956568
32365.956931025
1028.135434327
9917.811998798
21472.181882787
4783.198882875
1900.402154655
16080.806358333
20979.986433846
23899.659690189
18603.501403359
29729.676262358
22706.777162784
246.154730353
4772.943567242
1106.429161400
17125.227062411
15304.126127869
21883.070026296
8717.811776515
7137.639405061
24065.407424812
12043.110123903
10148.443675635
31384.299007838
22247.540401689
10765.728760813
5164.087862426
25632.759194512
24480.190832900
14939.791623384
30936.712485557
15326.922095215
26288.200377873
9961.705229671
13152.469022387
5693.460098524
25549.437962093
2259.539843944
27447.435617941
5662.187396187
3046.078700331
2732.402075340
1510.333907693
17090.706663699
1333.629535227
5703.887924078
12837.847036033
11909.234463324
6893.115974526
8155.576767477
26431.386422787
20278.535601238
12255.347500645
15087.711049726
18013.255831072
11931.537913280
3847.243914426
31650.678534525
10975.891435423
25121.285198924
10368.529061421
31868.761196013
20851.237325222
16895.203936796
4824.241090900
16516.252413234
2057.173146589
12995.074773518
20325.236254395
24254.949627444
29211.869657041
4239.602096449
6522.556115547
19940.228079964
15680.631110094
1173.644037583
1947.411043732
9174.344061691
18568.736500053
12680.787663073
25906.686350386
9884.903472905
9359.720729289
10942.683924656
28022.582506483
353.474170605
3486.780521502
28899.140437646
91.346955710
580.480726745
29043.442749346
8317.409500772
9654.819918001
1945.713983229
26670.171943222
21542.573397401
377.236573525
30743.324365123
24089.093436883
2902.987078409
26992.811911867
21636.458754611
32293.157589001
27555.200847364
6059.480704944
25823.291751087
25561.339621047
1277.246411283
1514.559706525
27267.904275303
24859.932842698
4144.644548820
229.187628506
26037.779810167
26897.181581409
15692.052611736
1752.683671303
21742.120613987
8761.199853075
11186.411661368
8058.616808560
9589.171422515
3336.493582283
26944.993252015
17505.341580017
20418.664671542
25775.647681506
13445.208236815
22694.992093861
11031.257082605
6702.305555174
530.290186081
4916.707501056
15920.632286420
16872.216287572
27435.463848807
22777.498294897
3362.166331140
5954.686311619
6999.333875648
27663.000742292
21554.307193954
23462.073638865
9545.428133641
5402.220323567
11341.757043434
30296.494906703
12490.301789876
31469.036252723
30586.269469975
18487.639891383
12624.736191982
5724.748944588
5454.121295637
63.961254789
27674.980642862
30236.153588180
9841.040690819
2962.083781717
27112.389065196
29247.971496939
17033.185911488
9392.468760488
26276.271107262
5422.975092980
26526.879372696
31529.574227961
20395.304184313
8209.488858111
27040.637549637
5133.102595844
21871.321329831
30489.652958011
13659.485792871
2122.443497105
20781.038675562
26634.342835622
20406.984146359
28730.862328300
6007.062145003
18661.455159141
9011.055897604
14508.141118734
9852.004748857
569.318996449
14258.743551840
11053.410248970
30405.133988023
20804.436012979
8015.557498397
26956.947262180
11086.647376958
9119.885330461
25430.446628008
13772.381443062
28550.653956882
10280.444392206
741.119236248
1458.507077312
21284.565948214
23580.273689365
7929.502191152
9556.362272538
115.124953042
2604.339640373
12714.428975150
3989.220479774
31541.682958449
12031.948793550
16734.346773926
13400.134915903
31202.781941152
9698.607849046
10931.616739436
20582.250989235
972.099196005
17643.740664378
19090.784866978
11808.914551712
4290.462975570
13693.345990979
14224.763938366
19660.614927449
25454.241216597
8349.810596100
5797.818587566
8026.320354618
12927.670961186
13874.056442746
13557.949105507
19439.492304568
3253.786658415
21977.078596804
25704.195228612
2447.151289533
28875.095781129
17113.719601506
13625.632901569
9600.110046398
26861.327421984
9862.969899284
19835.334095333
22647.856931137
3638.440762428
30779.577105351
27806.787646082
27746.868992112
7190.899893771
26598.517701402
22447.624075192
22306.372982951
27399.551120154
5766.492381008
11831.201398527
15977.821488093
1718.043369551
4926.991834533
1830.909703627
18499.223275265
20839.536168194
16286.945820070
5860.518567864
15989.261441962
6607.087654758
15315.523745758
28202.515902717
12635.944744697
14088.916059691
5735.182133658
11475.060290292
18325.537383802
24717.472798387
1176.910548627
13163.717792203
30199.953513089
30344.775025232
25739.919405317
32815.178978132
16665.448413485
27531.250018449
2651.927205344
3623.778818919
27974.616258961
3422.949414755
8913.210640223
13028.788157398
21894.819251107
20898.047472231
9578.233918138
19114.015370938
14122.867412265
18870.214850049
32875.923093275
11375.069934345
32681.574040375
43.494641304
19928.570888061
31456.929794048
9163.449979827
15829.166310362
7618.271390691
24871.807574395
22565.390118752
10809.943510521
19346.451491114
3770.333782655
14905.674289077
32511.595476123
29862.257460571
2299.185994501
18696.234747497
10798.888314476
15053.564632269
16941.187259795
1999.912181719
1755.155123537
15076.328168275
14871.563703513
31723.359221808
3714.456982043
7425.674288829
13840.157550826
6501.439050914
4147.518481168
1337.140663925
10820.999710755
10655.262574000
781.727800815
17609.132185888
17021.683751557
31408.507751714
14360.724492754
12434.324814044
8566.107867884
17816.869665029
10203.425467509
18256.102096578
5986.106665600
1148.764138224
28166.521664336
28718.845547580
23154.986099234
9152.557064512
1382.614767559
2380.929140310
5578.873062059
22318.141057751
4187.058433234
5319.276736276
28790.952407441
11042.333173295
23793.157989594
20617.319475656
4204.531714173
13851.456380040
2082.612180176
3439.654962944
8231.062725920
30694.992798968
812.987527440
19823.682093682
3350.051596688
8956.685516344
12849.072027376
31989.970724881
5174.420206685
5443.737359246
29826.094172496
15452.352081508
13051.267985422
28947.234666032
11463.946434747
17159.753408273
3071.946124020
4076.757780370
30067.250235781
18615.090930416
29344.260889421
10898.421151665
19381.337370738
14406.069548254
12288.888365705
24634.402517353
12009.628866973
7628.984424354
31953.603940539
23414.807487332
9479.846948518
739.340288526
5236.455207915
7276.192119127
29573.051686489
32523.734415387
19590.763905855
26789.630935909
24018.041215124
32669.430330859
9217.932029575
2742.288413339
23970.682769688
23875.989227703
22435.850305846
5329.638044709
24136.471266772
29500.786267028
31190.683853762
11319.553254804
20652.392983080
31142.295326218
6122.438906464
9108.997093954
6238.018952015
31977.848089949
26323.990869771
27016.723859219
7340.221711322
8782.901186665
18059.490911532
7393.618937722
7800.579071892
15475.166986326
9873.936141000
32062.714369490
27471.380444554
26968.901708994
22353.448394741
16241.117591123
17632.203861301
23651.217421862
1217.216969109
3116.242931357
27363.642263234
18151.991267727
17712.974973886
15589.284914387
2554.815674129
3346.797177807
17562.996568793
23178.596227242
9316.072714365
25668.475156603
29717.625818551
6617.661178371
4141.610920583
31057.630138728
2752.956914232
27279.870013290
27291.836183196
18905.027238050
5829.160675534
13062.509169072
11352.860380197
24681.868409031
11241.870376109
22907.201291780
15532.216921991
29838.148204008
25751.828375472
1531.050218381
18371.840004400
6322.202901925
18847.009615019
17782.232351397
23745.836616683
22801.076083074
27423.492509350
21789.095270122
32766.590249904
24124.626084125
12423.132068851
6343.265258422
7254.860400340
19893.602766354
800.556504736
10776.780938686
9272.443086937
4803.715805852
28.866177037
21601.247734531
1628.483821617
22918.995518454
1666.751585840
16332.785116506
2167.322486097
12613.528511424
23698.523089334
17010.182256083
28250.514085381
16092.252626715
26335.921926475
163.250652098
27986.607188116
4305.005918777
17228.823897857
10346.501616471
430.186094420
14032.346266237
15167.411956751
5641.347936364
15863.460739808
17482.284115704
25573.241738410
2576.428886794
16023.585522376
32147.598903302
24705.604195628
5081.499919257
8902.344908365
30948.802520925
20734.250649511
22671.423489420
3569.130045929
18290.816939876
24622.537229298
24943.065827717
9228.831925409
22000.586007413
24349.766953427
19625.686790624
14917.045984680
23284.866590864
7757.647746135
22836.446581347
31626.454653166
1526.129005749
198.718130819
2946.303737577
22341.678763895
25930.517456961
28262.514677250
564.133634463
27232.009654592
14962.540255292
32535.873722345
15726.321408155
42.355858529
4957.857079831
7908.001629883
183.012357511
3879.814779466
9972.681243782
650.273572684
23521.167481282
1214.200069639
24444.614949483
23072.366469239
20103.489018784
264.920617352
3740.930977707
2753.737403659
29922.537557446
28346.530519616
23025.166321983
10754.677590872
28863.074067836
7693.291484594
15042.183978735
26133.154778119
32863.773541585
2309.488336316
13964.488663728
2169.790544198
24729.341873844
24753.081442021
20512.129110666
26933.039678679
14315.391848730
906.102689041
5506.068882267
30019.006342015
6185.457587156
8685.283529038
23013.367545464
1728.877160053
30055.188669298
19614.045245052
5464.507096589
8837.175711423
30332.704407529
6681.135127674
18267.673088120
21249.403371090
11898.084117424
647.235139016
26145.078672599
21612.984206938
19963.544188929
23734.007498766
7940.254467305
16539.198155135
4146.141036633
28178.519324554
16653.967721795
32548.013396873
7736.190215061
10909.485352026
18082.612230573
15292.729242045
195.142410952
14746.549524031
27387.581070759
29235.937144862
30550.035356803
29753.778347501
20745.946824213
14519.486254357
11175.322835306
32050.589496628
4578.335439810
14882.933147972
27842.743932889
11297.353318407
31130.199150516
1074.662010317
19975.203105378
1585.159708603
2874.375054621
10732.578278545
16803.269428898
33131.147592966
6216.989432905
7725.463488421
7639.698835125
17943.922148689
27411.521599742
3781.480544173
10016.596093412
10445.657917829
3560.622260027
2287.572782735
1594.229628582
16964.182926951
9381.551607744
8728.656968410
6174.950297506
22541.832792302
5537.259643947
1377.089929672
21765.606880152
28646.753522264
378.253092178
17251.852656035
7020.595385577
2093.238660799
30501.728658128
6840.063495408
21296.287891417
20523.814690875
20757.643553646
8047.850011292
16012.143459562
16688.411828605
28682.797678472
14576.223441463
3051.665764162
13219.974222690
18951.452207350
32268.894101099
1956.813467177
19044.331043263
32560.153438844
2266.308990800
21589.511796763
29115.615945991
17044.688735467
2916.510811979
11230.776691481
32086.965232691
18638.271821373
12344.807673521
22848.237764080
15372.522798823
17978.586145252
5340.001256909
17955.476181453
4072.513372890
15395.327527185
8555.281128717
14542.178829036
6111.941657757
14803.362835034
757.345016996
2965.870460956
19567.484904701
16447.431592477
2423.785168660
33058.209989835
2793.988882846
26240.485978093
17770.687856685
9808.155082095
25097.516546519
8934.945691181
28370.538801629
6448.674277781
32888.073009049
3654.170193668
8576.935847062
9753.367685469
29091.556584424
16906.698765098
6956.828736052
15019.424903167
8891.480374017
2007.166949546
20138.488091766
12277.707182572
10258.433714711
22400.532097461
9087.224140812
10335.489460879
13715.923507602
9098.110030313
14066.285770296
31275.378481278
5558.062686806
31069.724015912
23663.043101082
24148.316932509
7148.288585553
7180.244882697
6978.078320343
156.273727209
1749.466414845
23036.965602855
608.259978401
3841.477846911
6259.055078461
12143.602971318
2334.990722847
13828.859523833
14145.505586252
11853.491945962
2370.593101473
18394.995034856
25728.010890660
23320.299039560
17171.263509929
32014.217114551
13501.568414892
411.763691757
21965.325680795
5153.757476839
32111.217585003
24373.476081385
31396.403189890
21648.196829347
8328.208594337
26622.400682488
56.582587087
14564.874471325
11686.403327412
2507.140019922
14723.829496475
17967.030847097
13332.549731631
25073.749758707
5902.353543755
24978.701285763
30272.357201149
6353.798878496
22494.724312072
11153.148107071
12154.773370886
2678.489549278
32693.718115959
9043.692349729
16183.847911950
3192.375628669
27818.772650817
11886.934691953
1646.702814370
20430.345759565
33204.098210576
16138.044689091
2580.703564942
422.257150062
6946.206188183
8652.766302884
11987.312591032
1611.487177934
2516.720891811
20068.495083820
2286.081359935
11497.290854141
2247.867282035
26109.308337023
1984.468844408
31808.170471406
21906.569004008
11753.213666574
2490.149079085
6417.034631507
2663.194378165
20968.279218425
11786.631411861
28802.971657275
6903.731006889
32390.226334415
18313.963280800
2648.145054578
9709.557604764
3894.310489580
6871.890440011
3863.698557214
29464.658983086
21413.537068110
8826.318390074
15258.542981925
22553.611198537
18916.632575483
4162.198107380
1753.465228372
9076.339426724
2109.585463649
12781.734977778
26550.757045052
28298.518961145
8989.304182767
7382.936651619
9326.982997316
92.238997438
26455.256996411
15064.946028952
11697.536049744
354.311490261
2032.950955846
13107.482352488
5599.690745043
13276.251562706
19055.943600334
18777.408453300
2730.122852417
12602.321703726
5651.766763440
17320.954670744
439.380059159
19648.971632139
5756.053854782
21354.905726395
2170.405507016
8425.457500016
1430.782855671
3788.177499196
29416.494907030
10920.550548255
12300.070442632
856.344386246
2266.570577456
7789.844211732
13433.938669574
3703.385297177
2318.294137849
2321.006434114
5474.894758906
7972.519258290
514.122183355
13242.482654081
16275.487724147
460.918381883
3112.901418404
15099.094672796
30622.507083922
4197.044017324
2772.550542705
31844.523781419
8252.641736237
5215.769100163
21495.643573553
4885.866799363
17886.161491109
9207.033294040
23332.110853136
27208.082070228
11575.127694125
1259.008992550
8295.815135752
2116.068571036
2714.999927747
9370.635596943
7233.534446262
4988.740612370
7009.963887305
4320.892629307
1683.587317219
22506.500659931
16435.963852627
26347.853429240
10313.468288510
32353.822783271
15772.023132541
24848.058581221
16470.369128438
3691.363608287
20827.835563623
11397.283323651
8641.929683158
25311.501350546
25038.103076640
8436.269247284
21061.952300334
445.264001945
15224.363328305
16550.672049450
6153.940721931
10478.728700734
5965.158043978
85.018062300
22259.305878074
28442.573643272
18580.324187829
18893.422504441
16929.690427012
28670.782546981
19730.486923232
1744.604812516
26419.451802763
5526.860879920
3535.019608739
23095.969564276
25870.943087119
1562.372059627
3394.575882424
19905.258230948
22895.407571832
31553.792067106
29669.428038539
3921.036698968
29320.186114121
435.258698444
20687.471503723
17516.871283922
6787.049015201
12568.706524859
3121.542223633
16493.309403180
10644.221535365
28058.561617734
14247.416232498
5620.515711257
74.448560623
