360
318
187
240
151
289
254
291
511
160
114
406
293
143
321
263
291
354
313
426
317
512
95
342
337
0
328
502
292
130
497
22
342
175
354
235
504
448
335
141
475
356
533
54
25
0
280
29
297
424
141
525
479
211
126
87
323
188
121
28
84
107
327
99
367
270
358
240
399
282
411
260
230
212
155
151
489
499
344
368
94
301
309
402
552
505
324
502
495
112
315
65
218
294
402
156
301
211
426
241
149
68
449
297
99
348
298
77
474
107
41
432
161
282
402
128
76
395
183
496
101
73
189
461
303
25
483
280
210
371
118
77
419
179
401
405
58
409
518
494
120
242
131
88
412
79
496
497
135
196
155
13
390
523
15
108
144
125
153
43
110
529
489
263
487
102
139
397
259
160
44
285
108
99
95
212
447
405
279
196
321
413
33
0
347
137
55
176
33
261
170
212
426
179
90
263
324
340
460
269
43
49
172
318
258
425
370
243
465
405
431
297
138
48
130
390
145
533
363
199
336
209
141
204
307
435
22
467
144
0
175
156
0
407
312
118
459
264
62
104
232
429
409
327
404
43
238
28
211
118
67
326
308
460
224
368
263
148
134
334
217
499
258
361
130
93
472
413
459
279
0
340
404
0
429
371
186
32
56
69
347
547
212
406
204
420
83
101
505
500
510
461
359
490
162
286
438
179
98
217
484
397
421
238
126
49
167
142
345
228
269
461
0
330
150
110
510
479
178
437
554
283
486
461
184
56
339
314
141
428
260
64
359
347
399
66
386
291
195
477
420
482
394
51
441
530
29
302
186
23
435
358
243
134
44
199
300
257
42
345
199
17
185
269
84
128
25
165
124
294
30
233
403
237
393
49
506
147
76
211
248
119
367
337
352
414
305
18
262
344
277
80
136
62
41
183
329
12
372
119
77
384
366
512
519
60
144
329
415
513
376
144
100
70
229
368
19
235
492
324
378
120
528
442
178
388
203
38
289
61
233
341
328
92
294
158
479
270
523
143
186
217
39
69
432
302
146
198
411
337
142
59
352
268
174
264
131
273
157
197
48
17
324
49
157
304
229
50
220
198
34
354
463
69
32
464
508
319
381
22
382
352
278
21
177
368
515
499
135
396
65
0
247
467
93
168
528
0
521
284
144
357
94
449
136
395
92
478
121
135
291
196
115
478
325
333
497
52
225
416
144
498
209
331
221
413
0
383
0
465
450
61
124
450
349
116
338
493
155
118
293
34
138
418
396
435
37
119
295
31
465
66
104
68
332
277
247
95
81
238
290
17
23
85
94
428
279
138
254
499
104
303
191
414
402
117
190
90
444
61
311
208
423
217
66
177
321
377
330
232
330
555
71
372
307
201
450
76
458
274
289
146
404
100
168
190
31
366
373
421
453
118
88
370
156
389
237
283
347
440
88
162
280
343
474
350
335
210
401
351
196
43
422
439
447
494
388
400
498
348
250
71
329
311
36
484
302
413
408
0
190
235
354
252
249
384
493
502
415
148
217
423
123
166
73
289
498
193
372
175
383
358
75
434
91
445
305
55
278
535
356
442
33
432
136
65
88
262
456
154
203
325
112
147
340
297
154
150
399
59
138
143
172
38
350
365
128
320
439
480
320
236
99
308
366
383
369
387
414
326
75
501
411
508
482
385
145
356
452
484
135
451
105
84
140
363
482
196
340
133
473
191
59
118
409
477
150
479
149
300
215
250
43
176
376
69
162
446
144
319
120
413
445
476
344
311
264
103
513
474
172
118
82
495
440
478
456
301
149
109
291
258
523
441
212
110
464
170
435
485
0
429
100
54
199
271
138
367
88
391
65
117
255
351
317
197
528
271
334
373
110
211
0
84
218
270
462
444
450
425
456
421
349
375
145
335
476
513
413
90
257
361
439
441
528
414
447
277
353
494
295
298
154
111
131
445
35
142
478
154
501
56
0
420
387
386
524
159
478
99
124
224
480
510
46
128
131
59
335
312
112
84
265
48
16
347
42
19
384
419
109
99
422
69
459
35
242
431
462
333
118
466
230
184
0
70
47
176
176
264
323
40
522
377
133
435
245
120
379
189
459
387
337
522
367
398
62
151
464
277
272
374
414
449
100
300
325
483
368
128
434
233
125
60
375
421
270
442
210
515
423
258
151
346
232
183
312
248
473
354
478
477
315
373
32
403
509
439
28
350
271
81
276
468
132
167
305
247
406
281
156
473
489
356
457
0
144
270
409
111
69
104
220
138
225
395
509
18
90
317
233
44
197
315
106
243
287
298
251
323
361
65
370
181
238
400
538
199
408
326
311
276
390
159
186
320
265
186
138
142
279
400
342
203
428
14
488
38
220
419
257
0
226
115
82
390
499
444
217
176
173
292
427
412
171
132
252
520
34
68
502
425
45
17
185
100
292
382
44
0
52
396
177
21
391
250
130
459
79
201
439
377
152
125
377
265
435
78
195
383
95
118
387
493
213
232
363
130
117
303
471
115
113
70
567
434
412
15
62
184
43
79
240
517
0
288
455
497
288
67
270
204
19
209
178
40
472
182
171
196
90
322
471
385
209
140
93
160
426
116
270
254
293
382
456
461
365
242
347
400
148
51
109
408
22
313
296
113
336
270
37
446
153
45
132
411
350
0
281
207
345
296
77
463
92
448
400
117
433
125
433
171
179
536
114
226
384
170
360
107
166
272
499
407
249
123
220
72
15
301
380
94
550
139
164
0
336
346
85
158
459
414
414
326
81
177
397
466
275
214
115
334
0
277
287
134
100
121
262
464
224
189
501
298
229
0
477
152
126
217
92
466
197
479
534
446
108
145
432
125
478
136
474
131
342
78
287
316
449
345
184
126
92
358
80
158
46
473
303
349
130
377
324
126
193
485
476
145
423
66
474
159
251
449
81
286
32
189
364
27
223
419
479
289
374
180
500
223
153
133
34
395
250
78
75
366
359
140
395
276
352
96
330
298
359
74
475
453
264
342
486
155
528
272
415
122
95
411
567
223
484
291
164
350
200
261
68
450
141
178
394
201
175
378
390
155
420
262
420
212
300
502
116
365
310
439
60
249
527
499
57
211
159
303
284
293
0
465
361
104
431
114
199
119
213
84
408
285
100
465
120
0
468
297
202
311
51
243
395
240
199
315
478
234
537
219
157
262
109
424
343
446
322
237
210
89
324
214
48
180
424
310
0
331
492
66
29
230
471
429
0
364
227
280
230
172
90
198
471
172
158
405
263
412
25
201
271
492
427
247
148
361
316
79
296
273
342
79
70
66
199
180
196
483
209
134
119
150
431
115
235
74
291
166
386
141
172
378
471
299
209
275
68
447
447
225
300
368
215
107
208
253
46
169
359
212
271
447
385
139
469
202
349
162
58
182
310
53
172
409
509
238
411
114
370
393
323
326
232
494
553
71
146
188
359
411
404
455
54
0
129
234
312
308
222
357
337
157
396
170
39
276
414
350
452
136
406
178
196
318
301
354
196
329
291
433
431
247
133
442
206
521
49
0
37
446
152
54
369
329
481
26
122
23
101
267
178
242
509
343
508
121
124
254
171
96
428
110
157
394
258
133
449
151
89
175
263
41
113
0
304
285
505
105
116
18
72
433
181
85
364
302
305
104
129
382
0
247
277
393
197
193
274
179
51
19
358
111
403
115
459
377
33
242
40
257
363
137
184
244
112
427
255
70
165
424
443
203
559
156
484
83
214
33
362
155
344
466
0
401
368
387
278
248
67
326
367
523
44
477
461
21
15
111
50
252
205
403
90
182
149
471
37
530
324
169
325
136
163
419
0
299
544
268
310
190
503
89
290
445
163
21
0
444
249
492
40
128
136
366
328
443
349
173
314
165
40
319
383
221
417
94
416
313
129
490
429
238
134
189
166
273
430
243
496
105
497
104
410
30
110
412
0
149
306
511
17
261
112
40
119
70
237
75
502
550
158
289
404
442
195
134
243
297
520
275
163
40
422
257
225
357
413
229
70
153
413
312
312
73
368
210
427
18
49
460
438
403
36
45
50
102
440
221
93
523
508
368
416
235
137
110
114
411
433
231
112
473
57
389
0
473
525
105
0
520
356
348
224
302
520
239
418
444
37
169
71
429
174
268
271
246
221
452
227
209
413
29
136
215
101
362
235
178
435
442
422
230
40
306
113
363
446
192
351
157
158
107
0
26
419
281
376
92
262
51
45
256
300
371
425
173
310
53
154
151
65
248
479
338
21
480
194
0
438
338
397
237
515
498
153
416
159
352
265
396
409
302
521
295
19
73
273
228
205
108
289
286
496
151
119
165
19
315
22
356
303
71
302
242
70
417
139
139
401
344
495
130
369
105
340
399
224
353
483
81
200
288
399
240
129
468
403
37
410
168
452
305
31
329
467
246
243
52
464
353
327
340
23
344
302
250
433
62
357
344
397
395
61
305
284
53
469
99
413
212
123
270
310
56
376
437
289
19
27
63
237
242
127
401
53
362
197
373
318
18
122
315
452
90
18
35
327
371
446
208
566
244
208
219
185
219
335
21
97
100
471
303
70
15
38
129
76
155
24
72
29
107
162
64
69
392
101
153
333
217
436
403
62
104
0
116
398
245
469
475
85
259
526
46
385
474
169
68
297
184
228
259
320
0
95
126
25
203
187
313
416
512
340
136
229
391
253
67
0
306
84
342
193
536
232
0
331
335
182
303
437
169
400
114
408
136
100
523
306
415
463
210
357
152
136
0
208
101
254
248
120
255
258
46
123
310
458
56
423
505
86
442
412
261
295
212
263
34
441
310
261
35
98
46
283
0
268
482
219
494
264
308
416
406
234
327
231
218
196
436
148
511
255
193
188
35
434
339
143
141
323
250
505
167
38
165
302
447
271
0
290
163
482
370
192
300
276
368
510
410
409
296
455
295
320
296
185
200
143
441
0
341
350
73
339
168
372
241
98
181
24
401
318
95
73
116
337
35
341
210
51
82
476
102
248
215
300
167
240
500
277
193
437
485
506
417
205
268
335
377
430
98
381
355
193
326
219
367
144
368
46
95
199
70
38
71
96
198
182
128
58
187
128
493
84
298
395
107
333
436
51
0
365
119
135
169
237
225
99
520
109
439
54
171
176
162
85
59
223
518
395
170
84
514
69
534
97
202
438
484
530
358
304
523
37
102
146
184
152
181
312
441
465
161
374
336
91
499
237
436
453
222
488
181
276
345
254
462
112
65
454
88
229
40
183
65
203
531
42
378
260
119
139
156
419
364
392
400
292
136
509
184
331
27
420
60
205
234
337
161
0
208
144
326
419
50
160
288
402
445
192
484
382
123
315
58
423
138
342
67
398
322
391
117
343
241
333
120
42
430
238
114
453
192
129
351
39
125
471
163
78
95
470
284
203
359
381
283
475
501
348
149
509
15
142
265
285
468
172
235
206
362
394
54
126
448
329
429
407
110
407
222
424
58
21
508
296
312
346
437
182
351
411
192
143
22
50
415
387
192
195
199
278
117
186
196
199
332
480
419
363
460
377
179
327
381
451
369
423
142
508
216
49
323
247
276
26
137
87
29
271
197
62
239
442
142
305
349
112
177
481
465
309
154
239
362
475
78
37
310
282
180
242
35
412
75
18
335
334
0
124
152
323
422
251
322
77
463
448
83
513
338
505
269
104
143
351
51
425
326
65
293
471
437
34
74
44
409
403
487
417
501
76
298
441
272
206
508
190
25
477
286
232
452
264
119
202
160
272
209
124
335
434
327
386
379
253
295
75
185
462
399
500
410
398
0
459
346
413
194
148
39
0
335
390
473
421
41
283
363
149
261
45
146
56
197
112
24
90
392
441
311
256
493
361
297
369
486
276
139
464
363
290
307
160
383
127
18
442
523
277
24
102
480
503
141
456
19
263
357
512
245
141
90
239
463
186
467
269
139
405
288
377
122
318
68
174
166
41
97
495
420
138
479
30
410
197
147
312
172
312
151
44
317
90
363
263
0
70
407
26
81
239
479
491
394
186
271
521
191
375
238
62
174
109
220
429
200
370
151
460
271
306
221
264
100
178
483
313
189
260
476
177
471
162
186
34
185
167
40
212
307
286
350
92
242
36
421
355
364
386
402
419
299
26
41
536
260
54
129
417
228
237
43
171
168
342
110
574
208
371
330
257
511
170
365
194
235
313
101
477
248
447
311
427
237
401
103
242
182
204
339
361
388
216
0
193
242
432
0
444
150
453
162
250
305
223
188
522
232
536
338
484
344
218
379
260
468
192
368
96
470
113
303
255
29
377
210
463
392
86
342
502
375
224
486
343
230
317
385
22
71
157
304
350
309
104
104
105
391
216
17
79
306
424
126
316
189
320
117
56
327
367
93
295
106
299
97
359
450
505
355
406
19
187
335
467
32
564
0
123
205
295
446
311
252
252
474
499
307
315
498
412
242
430
321
497
486
477
325
0
376
174
77
452
354
61
361
377
228
82
498
258
388
294
69
135
51
372
142
331
530
499
87
237
106
135
146
416
419
241
248
0
86
524
228
52
446
119
160
157
476
489
32
194
244
225
457
284
295
366
162
471
189
300
211
470
336
361
238
494
410
369
99
523
309
230
125
447
38
306
354
298
424
363
354
348
370
70
426
75
564
447
207
344
352
149
278
188
86
508
279
155
312
167
46
495
279
267
140
355
13
193
468
87
423
495
62
486
175
300
383
295
284
227
417
347
464
448
65
380
0
394
114
318
257
336
234
325
397
53
200
367
35
453
447
73
133
297
496
0
129
80
460
418
501
502
560
246
333
103
38
27
135
550
220
155
201
296
188
267
164
368
445
441
412
527
217
235
139
244
171
208
512
381
173
207
302
91
448
313
204
155
271
524
238
379
281
129
0
69
457
71
84
459
467
472
0
141
223
433
473
285
549
151
211
131
193
257
223
444
461
451
509
314
139
263
54
500
100
43
409
351
177
37
285
391
467
261
37
326
504
330
228
187
232
353
240
392
462
278
110
114
444
284
258
201
148
237
196
392
177
175
237
382
273
67
55
286
42
162
126
198
340
415
69
317
475
419
395
52
372
267
253
169
156
310
237
452
182
13
392
362
58
114
299
21
154
474
166
332
53
121
30
330
145
173
358
171
294
323
374
192
390
66
57
179
298
207
147
467
391
174
314
327
348
395
498
58
299
286
50
31
156
119
191
48
504
289
359
432
512
434
393
260
268
412
446
348
32
402
48
206
338
0
31
332
290
510
293
512
432
426
250
576
222
186
23
235
246
49
295
403
31
294
436
337
497
56
359
107
277
330
443
178
284
219
57
505
489
385
98
497
74
284
68
271
372
415
334
156
184
91
318
431
165
105
420
483
271
443
176
122
276
244
452
59
263
417
421
240
366
425
142
195
188
0
458
112
229
285
467
500
132
255
341
272
170
26
72
175
172
267
238
291
175
81
28
89
312
103
387
149
113
197
460
249
116
524
55
165
236
58
106
282
116
227
244
279
101
375
398
288
500
281
132
152
154
303
509
455
247
215
35
119
293
240
62
440
436
315
67
376
402
219
31
339
426
194
460
75
496
273
382
220
20
333
428
423
325
340
36
117
61
178
404
128
429
480
195
495
52
387
102
424
511
0
91
58
463
318
284
359
501
373
452
232
0
55
329
98
372
170
120
487
66
0
425
28
182
42
112
95
498
397
300
339
369
323
471
283
351
62
0
0
168
22
433
443
0
55
332
407
436
371
235
207
357
150
0
172
340
217
176
11
486
451
279
248
317
522
72
71
342
420
200
336
458
224
173
335
92
464
94
162
350
285
169
175
46
440
283
291
453
124
137
481
58
111
428
502
64
285
470
213
60
516
75
100
376
71
411
551
33
490
239
250
331
358
231
71
428
225
99
290
242
250
65
107
213
0
332
468
373
37
117
154
317
350
92
310
85
172
144
526
308
304
181
319
136
517
340
137
473
414
433
32
357
301
446
204
411
261
330
472
404
257
317
482
257
139
238
503
285
406
282
141
506
186
309
292
199
429
0
235
333
68
279
64
454
504
302
35
100
437
123
427
84
150
299
80
439
324
326
89
140
228
156
496
0
454
170
67
84
39
148
63
0
48
325
454
483
347
57
239
231
45
313
291
452
136
484
388
259
374
565
127
295
53
360
537
37
274
281
255
26
186
462
162
495
457
410
107
366
69
359
361
370
102
329
322
436
130
249
455
237
0
260
240
390
488
413
309
386
232
154
113
496
480
269
97
162
525
178
78
243
196
182
505
119
293
250
376
303
84
399
393
464
255
159
475
223
261
56
372
245
52
265
339
64
422
274
474
325
193
379
144
213
97
550
162
373
356
415
510
203
526
173
249
113
159
347
149
561
450
183
327
112
173
497
65
427
204
71
163
78
369
53
260
42
119
241
72
315
499
376
165
226
476
505
433
367
357
393
374
456
444
292
320
94
0
255
215
417
123
426
0
360
191
434
147
484
143
175
314
293
129
143
445
287
319
34
402
12
202
508
302
282
284
544
438
130
138
193
354
276
14
310
156
140
233
497
207
362
45
17
167
320
85
434
397
477
113
367
304
71
500
50
41
333
104
181
81
510
225
450
82
379
324
143
208
86
94
567
114
452
513
335
106
38
487
125
248
313
82
398
145
102
424
138
73
290
330
344
371
262
405
294
83
471
111
0
400
26
76
0
98
47
229
311
494
194
294
413
164
281
124
0
131
499
236
165
424
44
331
500
529
101
138
245
300
476
243
312
539
327
0
164
367
217
0
48
125
366
320
140
455
490
261
299
116
428
427
396
302
219
83
340
374
27
21
18
483
451
389
208
404
87
399
425
322
403
179
432
493
302
94
420
220
70
96
323
494
316
122
0
376
506
0
436
261
15
169
440
260
319
243
335
98
383
223
59
267
387
304
196
30
346
434
348
136
244
71
212
205
259
214
335
479
382
368
384
298
28
304
212
85
292
287
480
529
56
449
226
184
16
473
339
327
428
127
155
462
215
246
293
101
268
94
200
251
213
299
131
262
234
130
377
488
20
411
118
214
484
397
71
221
72
53
544
282
430
238
238
319
292
31
77
168
105
437
399
393
555
384
517
482
380
151
33
114
137
134
356
222
53
398
295
316
24
410
325
236
377
393
333
120
168
129
482
69
437
394
400
75
488
398
436
187
80
161
462
538
535
281
398
201
146
503
483
301
50
477
169
453
524
114
381
299
457
41
203
99
52
94
18
28
260
402
275
98
203
262
77
179
25
219
102
248
214
447
281
353
196
137
45
121
140
514
208
275
279
248
443
311
214
555
234
349
116
224
401
477
472
365
53
0
492
493
98
528
453
73
184
389
229
505
499
143
192
379
357
264
187
138
384
120
80
407
385
0
63
191
438
124
135
164
113
61
444
445
331
295
418
279
114
437
89
533
394
201
28
245
323
142
250
57
257
48
212
421
43
159
80
231
145
90
212
13
112
153
96
173
302
369
175
133
224
68
518
192
199
438
182
250
131
313
359
565
207
354
347
284
497
326
288
0
366
136
38
91
21
66
330
301
19
32
274
302
394
88
35
432
113
180
459
268
206
388
108
488
307
179
263
395
349
383
523
183
214
433
192
463
366
108
440
11
122
195
409
472
404
117
127
548
97
539
144
499
276
294
87
0
148
453
401
438
188
214
42
248
336
245
154
328
146
254
114
447
24
441
361
368
380
334
48
269
314
466
84
289
140
134
485
131
330
70
0
25
315
199
464
404
194
291
220
480
203
292
163
400
46
501
199
146
517
428
63
93
462
211
429
71
68
144
39
416
206
361
333
360
442
202
0
111
380
419
99
457
438
242
156
170
240
250
131
28
166
113
270
379
201
37
65
248
444
149
48
16
371
280
448
445
72
376
284
470
270
410
474
171
142
504
200
363
209
499
155
488
373
180
414
455
396
0
268
33
68
262
18
238
388
538
140
359
149
147
272
216
283
297
221
159
336
252
278
182
254
258
270
334
187
93
143
422
346
156
381
220
351
268
209
190
54
475
300
411
517
373
533
192
60
364
447
266
442
78
0
213
148
0
278
217
519
503
203
217
422
386
414
339
109
174
205
192
226
473
488
508
353
341
411
53
326
430
447
73
492
299
287
191
52
417
46
73
55
488
358
156
129
211
243
89
188
131
0
353
63
501
284
266
100
0
377
277
477
326
322
321
399
29
198
340
10
346
241
328
360
365
342
186
170
353
295
524
236
411
287
254
467
262
324
165
163
320
248
340
109
271
136
459
49
155
250
98
127
250
71
497
30
41
293
527
433
510
485
250
325
224
388
0
471
304
60
328
444
549
149
397
46
479
218
371
71
458
390
407
458
119
198
96
162
155
327
49
503
55
35
25
473
242
76
469
267
83
208
396
380
12
234
482
106
0
179
486
86
488
135
362
469
432
278
426
355
376
377
52
0
183
479
211
201
182
457
370
20
285
184
482
413
387
115
355
80
137
77
164
219
41
53
91
341
471
339
325
75
280
534
145
220
180
531
151
308
224
301
39
389
481
332
97
206
104
348
36
207
285
473
54
17
402
44
45
155
30
513
499
175
287
362
19
500
134
256
34
91
372
508
529
417
234
23
464
65
324
416
230
51
278
106
341
57
389
435
510
378
