420
332
489
440
200
214
21
28
324
179
279
182
443
387
149
494
515
207
199
295
454
348
121
288
356
274
374
210
0
52
513
383
380
145
34
362
296
0
101
448
62
296
305
263
78
381
63
106
163
126
495
285
355
335
438
115
468
112
67
367
206
465
254
511
237
438
326
147
406
163
255
155
178
399
366
162
268
241
197
325
14
90
452
26
420
433
498
280
262
81
0
489
162
21
474
134
372
76
211
44
101
244
447
129
456
503
17
88
433
215
345
431
332
122
374
359
80
432
222
226
42
59
387
179
451
327
451
171
443
222
404
500
447
388
402
114
103
85
198
276
17
492
45
58
486
283
275
390
213
40
334
365
366
299
97
392
74
117
111
372
17
64
396
253
201
409
240
133
207
210
217
222
223
465
88
430
437
372
32
185
498
377
218
185
514
307
242
35
448
471
51
481
146
65
138
369
294
77
352
48
463
34
457
352
269
185
467
376
178
490
478
421
142
277
477
165
403
319
58
0
239
357
439
270
178
430
177
198
515
100
78
63
472
39
316
289
25
66
350
72
33
196
130
0
498
28
150
117
189
72
35
186
0
93
161
85
29
427
421
126
374
455
251
258
87
258
273
21
329
255
384
317
205
211
429
306
99
22
361
219
51
315
516
273
69
342
181
312
494
236
504
250
354
449
373
414
178
102
310
271
243
414
58
0
351
363
474
455
268
225
135
102
0
78
61
249
432
365
26
42
16
214
379
151
465
198
288
29
354
480
477
307
435
437
300
88
227
197
216
284
65
337
136
236
450
300
381
506
0
244
471
307
285
406
102
44
93
93
316
235
270
154
497
409
139
485
145
275
404
166
170
202
516
284
194
180
30
24
364
333
487
213
296
206
414
120
155
407
424
195
192
473
295
189
19
197
261
338
86
342
345
120
62
293
17
160
270
62
46
511
386
219
143
196
470
481
395
472
28
111
88
274
12
479
105
313
30
392
199
245
14
307
224
348
198
189
88
463
342
449
313
289
202
432
27
423
335
41
265
470
287
319
164
473
406
66
52
404
352
314
156
350
117
11
124
202
318
467
318
355
57
497
324
512
0
471
43
142
110
207
168
483
215
251
271
203
45
303
267
319
430
337
39
457
479
403
404
69
370
168
358
281
316
505
263
180
62
145
385
399
411
322
21
376
286
68
154
335
167
100
275
468
450
304
189
103
232
223
262
393
310
476
431
36
244
249
99
333
390
30
21
40
138
404
78
438
107
135
173
197
426
246
288
203
32
394
380
420
72
65
452
511
203
332
218
155
288
285
263
528
388
165
461
409
285
306
48
71
106
497
429
456
33
258
442
399
173
488
127
456
484
358
98
440
416
127
250
109
247
58
41
430
37
386
192
413
21
220
412
79
199
349
313
465
434
447
295
22
264
69
88
110
318
475
0
37
434
78
84
562
82
310
282
145
476
191
47
155
89
50
454
380
411
264
208
284
278
264
276
346
307
522
57
224
85
50
469
268
119
371
355
228
84
82
392
207
375
28
182
183
318
186
105
378
297
339
462
251
302
109
124
263
344
347
159
359
97
348
376
205
178
40
93
64
101
162
457
129
256
321
511
90
331
59
145
380
345
311
42
0
250
354
62
477
280
160
106
83
378
266
32
223
208
396
419
222
201
134
456
331
165
341
474
214
150
443
410
359
375
292
453
464
102
429
54
149
53
483
432
438
171
285
273
158
336
83
490
407
383
0
30
31
24
35
353
307
38
109
313
406
455
459
419
89
171
138
272
191
130
489
482
385
337
251
154
405
403
177
444
117
142
84
55
232
63
265
0
294
387
88
76
316
102
266
358
389
327
518
161
93
52
99
480
87
509
170
485
368
258
353
349
331
448
337
247
378
407
394
350
216
121
482
322
401
255
378
379
370
106
258
257
0
258
213
384
20
385
241
225
63
82
343
131
458
0
446
384
222
387
319
285
141
505
485
316
451
248
345
217
75
443
256
225
327
482
332
74
53
103
135
262
159
21
61
468
419
171
356
35
0
492
420
85
184
350
316
323
146
10
148
28
110
414
481
387
385
346
184
384
128
130
62
126
385
91
483
295
191
206
412
22
43
452
188
313
384
74
403
405
118
325
444
51
347
495
61
287
130
483
389
442
381
156
328
500
380
397
124
265
360
46
174
355
179
288
216
41
310
109
122
370
390
49
316
209
244
385
334
254
499
261
495
542
292
107
13
313
222
238
259
179
424
372
399
233
149
134
448
156
315
154
274
156
294
531
452
0
108
460
407
72
462
268
118
250
107
330
63
51
308
185
226
541
273
549
101
275
45
63
160
341
129
453
183
539
105
417
202
47
70
151
0
339
308
68
113
346
398
488
324
111
510
424
66
468
495
330
514
494
379
116
100
75
396
80
322
463
484
485
443
173
479
404
475
458
415
263
372
394
418
502
487
127
0
439
356
0
19
135
278
228
339
330
347
184
276
301
413
171
34
60
50
371
45
122
408
154
17
445
309
229
437
322
175
172
322
20
42
244
118
237
302
63
104
167
146
406
403
0
309
448
47
275
18
20
80
163
412
415
223
474
50
232
480
105
320
58
460
51
83
152
332
353
290
49
409
125
458
157
0
110
318
381
59
120
347
511
161
360
187
81
260
481
142
164
491
439
495
317
28
231
252
175
368
293
285
288
372
247
212
444
59
222
77
95
429
79
99
93
0
218
201
440
109
70
186
239
298
322
261
181
503
263
57
420
239
526
103
423
141
147
147
508
409
362
72
311
23
37
292
154
297
23
42
104
272
312
488
95
121
44
361
411
183
501
49
416
21
464
0
419
484
38
22
271
121
195
72
312
150
196
287
91
174
88
467
260
278
143
211
117
410
349
239
381
347
414
448
322
256
253
386
75
442
514
61
244
326
483
116
260
475
252
324
341
272
312
89
311
86
70
354
507
156
420
167
411
280
401
132
172
163
205
313
360
81
413
491
196
414
87
309
241
246
182
208
38
401
390
208
427
27
506
54
423
364
312
40
26
205
263
412
323
146
304
114
269
52
46
254
379
248
163
142
488
43
479
502
101
285
240
95
189
380
170
542
188
16
35
53
110
287
246
373
134
200
154
461
112
460
479
421
250
29
434
373
484
480
156
175
357
229
30
376
264
145
358
289
36
153
200
95
341
65
109
468
507
460
48
73
447
233
98
282
482
282
78
194
25
22
518
86
359
353
342
239
138
100
475
435
107
523
143
252
450
205
140
470
463
151
190
333
0
458
186
447
459
30
375
225
409
218
0
272
420
19
237
209
469
185
451
228
358
166
461
38
296
261
424
148
414
297
404
376
171
397
117
371
62
47
95
218
342
306
210
14
185
475
77
424
431
0
232
129
554
333
184
218
139
161
350
133
218
179
0
392
28
217
203
0
69
83
342
413
404
468
453
100
334
357
89
85
437
213
236
419
37
0
515
0
507
307
80
173
477
139
87
425
223
33
171
215
179
240
319
418
329
99
172
407
139
439
25
120
436
235
246
338
68
457
49
39
464
174
65
91
100
199
310
278
120
448
131
260
386
39
283
437
523
487
381
285
25
0
286
483
355
30
102
388
62
197
369
277
256
41
172
146
110
324
268
78
150
313
122
235
308
198
46
230
88
195
419
486
169
42
174
123
306
341
432
67
488
159
401
57
162
428
51
401
29
430
201
326
430
246
291
23
171
99
356
130
28
189
128
329
337
321
29
155
431
191
195
464
170
376
90
283
316
263
518
235
55
368
141
426
321
65
400
67
89
280
529
436
104
356
403
141
338
95
237
179
276
412
340
110
232
285
70
469
463
56
379
296
455
21
194
299
392
285
114
474
219
237
112
464
231
407
150
61
182
457
214
364
147
0
167
148
444
70
265
392
232
470
251
292
492
422
501
168
209
293
421
171
78
33
161
236
186
389
192
498
98
101
169
485
306
295
440
464
145
170
478
366
359
369
444
67
129
286
244
532
246
341
427
196
137
344
497
192
385
261
134
98
398
216
113
100
386
317
205
446
291
342
349
0
293
519
0
304
165
152
99
345
309
280
0
277
287
224
29
293
105
126
30
418
256
64
51
62
319
177
279
0
208
117
275
515
379
284
43
44
260
466
124
291
66
501
207
0
421
223
240
129
254
186
179
279
285
334
175
334
182
119
211
55
163
479
146
275
193
334
123
291
61
270
128
95
238
117
301
128
310
388
508
262
475
103
370
178
89
370
459
326
62
128
145
516
388
362
516
106
294
67
382
491
338
443
374
186
507
165
426
328
223
39
137
78
94
320
28
85
382
241
298
362
68
15
411
177
221
381
45
103
349
488
237
169
187
365
153
407
299
60
32
481
53
283
167
441
238
349
0
231
168
27
128
232
363
137
347
0
259
32
370
245
34
272
459
171
57
40
152
242
388
72
257
136
206
349
109
92
168
108
315
393
241
520
514
333
68
270
211
34
100
414
479
169
99
147
464
199
87
377
446
259
349
355
113
118
418
252
394
72
486
204
317
54
203
43
158
458
401
98
91
148
400
98
0
207
388
341
332
373
420
402
449
233
5
328
271
111
132
390
44
274
125
234
260
53
134
432
213
238
412
38
344
270
226
202
78
519
166
76
145
469
356
450
282
202
22
17
388
488
258
352
315
511
378
180
438
209
73
384
490
183
21
429
324
425
295
420
476
52
90
396
181
271
404
19
453
503
420
309
383
216
456
70
141
93
225
383
265
301
309
475
17
126
386
417
264
314
0
321
385
97
481
511
110
178
526
0
264
175
293
325
185
19
309
185
431
204
376
108
476
287
51
393
75
181
32
321
272
398
234
454
109
196
242
187
192
182
411
43
175
373
263
498
334
188
83
398
312
157
24
87
395
244
404
503
141
140
92
120
428
233
93
317
117
251
462
223
338
405
344
471
147
434
506
454
418
277
245
406
310
0
362
42
282
116
490
197
418
230
324
22
354
163
170
465
193
267
192
287
220
175
141
469
348
311
377
260
25
113
242
251
231
424
388
468
457
228
259
398
124
42
383
296
466
293
544
173
100
499
374
267
355
235
312
232
218
179
211
208
163
358
499
32
150
184
191
274
393
127
42
0
156
54
87
281
0
334
480
363
427
447
345
312
324
232
452
328
288
481
204
510
94
149
487
158
430
89
412
150
184
170
78
499
85
233
190
172
277
207
444
177
358
392
66
258
185
134
265
92
310
85
433
326
339
262
148
141
214
76
495
441
50
173
325
389
502
346
57
550
396
284
53
49
30
230
220
226
237
467
77
396
372
73
166
31
285
379
238
387
182
259
331
187
212
123
169
443
216
254
191
455
341
359
104
191
445
162
330
45
122
48
180
216
83
367
178
0
213
486
279
205
274
314
60
491
104
220
407
286
416
150
370
0
487
453
94
188
118
433
379
179
102
431
373
377
368
291
397
117
388
15
342
29
392
328
422
401
164
386
110
66
20
203
237
49
207
380
161
426
238
244
319
139
312
34
261
34
412
379
476
186
23
323
145
97
71
269
218
388
57
69
393
429
47
334
279
60
335
264
19
440
105
426
368
232
262
418
0
351
357
478
325
119
42
292
485
192
250
148
414
342
80
299
112
81
83
129
169
484
103
0
185
203
123
509
502
101
320
428
181
212
409
110
426
284
216
194
45
485
421
353
369
357
132
328
45
365
144
290
174
83
239
125
382
251
334
456
349
151
256
107
344
171
331
102
395
315
484
358
462
390
474
480
167
490
265
452
168
65
153
113
60
153
319
414
188
0
350
151
287
184
343
201
78
361
271
73
229
453
188
120
95
467
195
486
207
58
150
100
62
365
246
400
210
37
454
93
478
472
202
249
181
78
198
266
26
196
46
426
273
53
415
25
68
146
33
308
460
467
125
463
331
394
280
324
447
175
130
323
303
110
79
396
422
292
384
399
364
158
85
16
270
276
100
307
409
246
294
340
123
137
462
476
477
420
264
90
441
387
361
265
199
34
165
477
508
12
440
210
148
187
299
177
90
298
257
160
441
408
17
103
182
281
195
68
0
424
470
410
242
59
253
282
378
139
459
444
162
52
294
119
147
85
402
407
387
342
298
106
164
122
37
259
406
193
220
337
403
67
42
409
499
319
113
408
467
42
192
55
154
383
461
45
511
308
136
173
143
319
251
175
260
428
196
183
60
452
556
311
82
241
166
466
267
442
115
507
360
99
479
212
325
243
388
377
107
363
468
429
390
225
321
419
215
57
26
434
419
325
471
412
115
173
323
164
104
166
88
428
485
164
229
238
481
135
381
309
391
424
165
250
117
272
330
98
0
392
220
421
63
500
237
494
216
122
218
146
147
199
222
69
167
203
331
45
241
80
473
133
270
264
364
34
390
361
0
368
138
152
61
473
254
202
38
239
87
86
503
499
433
22
212
0
495
36
358
410
180
226
377
400
208
211
310
148
450
490
371
128
0
115
131
536
166
453
318
463
45
46
264
277
164
266
12
212
164
252
373
381
346
18
437
472
454
337
181
61
465
69
449
210
295
384
367
103
415
193
207
176
265
95
222
353
294
475
85
205
438
107
329
426
470
263
0
467
478
30
295
17
161
302
304
433
150
276
221
462
432
88
224
217
351
308
385
86
226
152
11
188
423
450
156
516
142
223
315
458
216
119
104
42
268
0
468
92
251
32
254
396
352
54
235
0
473
82
465
90
0
312
91
401
343
95
180
371
64
334
349
191
449
146
493
185
49
468
295
430
427
216
175
225
136
476
210
400
247
314
74
146
409
209
210
147
114
376
202
82
280
395
238
113
250
437
198
87
187
282
137
504
243
323
0
280
75
73
246
165
97
388
0
191
27
447
329
191
139
226
43
396
446
382
100
464
359
238
209
39
454
234
0
229
347
264
251
194
364
284
102
470
60
63
180
319
421
243
392
295
418
19
472
107
468
202
537
131
311
148
118
240
469
381
436
297
413
122
88
118
0
79
153
417
118
116
161
219
53
428
148
359
275
155
174
137
213
366
362
382
155
146
494
88
91
297
130
51
290
225
289
70
364
442
30
93
161
278
327
233
290
0
329
81
176
17
82
302
336
26
86
123
473
486
61
435
236
357
55
197
103
292
471
356
212
164
122
352
157
26
311
342
41
322
274
314
430
11
39
282
336
301
394
454
95
485
224
218
295
469
46
45
381
372
294
380
147
454
247
103
207
108
440
39
128
419
212
240
262
165
477
48
45
499
345
361
395
399
31
133
263
266
404
304
41
432
129
250
88
243
193
280
34
284
264
92
361
295
151
306
179
453
105
494
406
434
26
302
194
326
171
376
51
31
61
193
429
308
58
423
236
393
107
328
34
68
481
494
314
423
342
259
437
443
20
464
118
117
87
173
208
52
0
529
38
36
372
467
461
258
367
408
156
215
416
233
212
201
379
288
421
243
491
132
143
402
167
26
126
440
374
369
134
261
122
182
98
417
390
356
219
322
377
81
