213
368
73
40
181
239
231
89
331
345
40
323
248
172
53
142
265
106
394
371
223
20
313
147
280
283
200
127
139
271
0
305
288
23
89
43
114
292
37
263
62
110
264
97
144
189
109
320
375
203
231
138
113
126
49
217
122
0
314
274
315
249
291
156
253
87
93
310
16
146
194
266
354
230
26
91
164
200
303
33
141
38
216
174
351
45
315
345
46
187
346
366
325
101
29
240
104
235
413
252
118
218
140
243
271
357
256
134
349
49
309
267
257
36
288
223
292
33
18
231
121
363
131
146
156
267
102
317
292
346
71
177
167
297
240
351
282
9
229
205
179
316
326
62
71
282
157
12
104
226
190
251
32
327
160
224
325
54
38
136
176
187
165
336
258
271
333
0
328
338
48
280
359
362
79
270
275
279
0
168
245
353
317
137
226
273
317
243
121
291
38
310
283
178
229
122
82
130
223
177
239
268
168
28
356
21
392
332
85
190
256
260
110
155
41
280
330
135
34
211
291
219
282
14
323
176
96
194
30
296
309
267
213
313
311
57
54
273
333
227
249
55
122
143
390
158
296
248
201
376
205
233
237
67
34
288
113
377
75
131
172
44
343
224
313
318
318
164
355
312
120
171
353
174
76
271
144
316
194
313
159
123
287
99
64
270
88
123
219
120
108
314
314
25
181
305
225
218
155
339
149
203
29
125
141
205
333
65
371
363
61
239
379
162
201
214
27
291
0
114
206
219
306
210
378
296
140
77
269
182
341
156
336
123
172
19
217
152
103
49
325
116
56
354
322
85
126
171
230
116
193
37
291
273
122
239
131
179
173
119
188
298
385
37
269
128
205
198
324
266
141
292
397
96
222
332
239
143
27
19
179
244
286
109
137
362
366
284
323
228
228
256
84
288
363
177
21
375
28
0
236
80
315
78
344
162
257
226
389
41
133
131
210
66
299
337
262
101
286
31
385
366
132
191
358
18
389
33
180
268
163
233
193
0
283
145
195
48
164
151
212
364
276
57
365
28
34
165
274
210
324
174
214
190
224
118
39
351
136
243
306
181
229
137
29
45
122
291
90
32
118
123
20
132
259
150
267
277
308
218
310
307
290
146
120
229
295
232
235
63
200
0
119
230
36
265
342
240
290
287
251
153
317
314
279
289
128
330
45
74
214
135
41
0
344
25
34
0
182
19
194
285
25
313
301
255
199
187
220
140
333
359
40
391
289
245
276
56
364
198
299
275
0
13
337
286
153
107
56
17
276
128
363
348
64
192
0
203
29
0
155
313
256
119
205
232
279
304
211
218
304
167
32
170
224
185
138
82
341
351
176
191
345
209
25
373
359
121
257
224
271
126
269
365
300
389
163
7
279
92
86
350
142
74
140
120
89
142
38
266
304
314
350
167
187
320
45
290
192
116
182
136
321
14
313
156
275
384
95
50
116
19
15
238
181
295
25
64
104
39
289
161
126
96
60
107
302
112
347
278
65
282
274
191
20
248
98
224
265
157
296
241
202
198
35
147
87
234
256
134
64
199
65
161
347
352
304
0
100
274
363
165
186
70
83
297
13
141
246
251
255
45
35
168
132
248
339
178
260
110
21
221
286
27
40
337
211
186
33
362
105
318
402
333
378
64
91
24
98
43
355
64
91
31
270
221
356
49
130
251
196
307
194
287
333
209
199
328
93
88
92
274
207
133
78
304
160
26
291
161
177
376
273
249
328
294
156
249
48
20
343
234
149
36
322
226
39
77
141
330
51
201
91
205
183
142
350
259
188
265
17
199
324
275
247
218
345
242
77
229
325
55
102
110
142
254
127
200
114
84
69
27
55
305
127
68
189
311
213
13
150
243
98
272
172
17
273
398
185
189
22
220
372
121
163
130
243
258
75
62
198
29
345
156
0
11
330
159
91
210
145
331
45
135
268
389
32
70
109
287
39
38
133
153
248
289
152
125
227
225
78
232
253
101
161
12
335
246
146
168
28
66
367
62
329
17
344
274
0
31
361
312
302
259
37
173
15
57
369
102
109
126
50
202
20
366
56
41
231
60
132
254
143
299
176
235
345
82
352
320
253
344
156
198
402
348
329
178
83
211
116
284
125
278
166
280
293
15
215
335
123
263
43
197
206
147
198
185
264
316
189
215
49
156
305
221
193
44
69
249
212
212
111
112
262
0
268
189
411
26
127
227
270
176
360
345
15
38
212
33
246
82
93
215
296
258
289
300
39
130
104
89
283
70
146
321
185
353
376
334
313
278
88
170
69
325
182
315
193
141
152
239
50
298
139
300
76
169
69
144
228
21
250
53
48
87
315
158
281
224
45
161
295
240
230
82
257
182
110
184
23
68
115
230
28
190
301
20
387
331
149
88
190
190
0
130
286
206
353
205
240
237
250
92
16
29
52
332
262
67
160
101
31
201
122
56
112
343
180
312
189
298
16
115
109
94
60
253
244
359
136
21
290
277
0
87
185
22
27
103
27
348
71
150
71
261
38
123
289
355
305
332
362
223
185
113
356
286
32
89
367
215
293
247
131
295
127
76
339
332
239
160
248
36
124
185
93
199
331
117
275
293
200
313
360
255
184
141
32
188
361
244
380
265
211
338
71
340
119
284
33
19
58
115
36
100
19
38
264
377
0
84
132
163
50
103
293
85
295
107
99
266
116
97
241
120
344
263
12
225
371
159
173
294
11
0
57
309
331
373
324
79
29
245
39
49
278
197
342
130
359
115
300
199
329
230
277
343
319
363
307
55
170
372
270
221
232
147
186
0
184
181
247
176
125
70
229
333
122
364
244
98
57
282
285
44
222
261
52
32
210
85
247
15
268
198
329
79
339
291
300
290
341
108
129
193
299
205
301
128
238
96
323
124
77
103
281
164
35
289
139
133
332
277
137
218
350
80
45
352
30
97
94
334
111
112
217
96
115
37
137
356
194
24
167
84
326
377
336
225
339
31
175
90
252
321
87
126
248
114
14
276
119
254
251
128
202
65
322
257
291
273
52
212
201
98
40
371
24
136
281
15
122
116
337
88
144
288
267
212
320
282
260
298
133
66
243
346
127
9
183
127
0
315
50
14
259
138
283
239
244
321
287
369
40
298
286
164
327
58
55
133
262
62
224
