1257855
1329562
1320766
1377638
1157987
1157929
1251173
1120753
1124995
1298686
1391642
1181500
1183574
1143439
1297592
1244761
1251493
1430540
1141049
1469307
1237275
1246014
997422
1343797
1117067
1236642
1366486
1355393
1124535
1257465
1239341
1168986
1362341
1190329
1112170
1249022
1422479
1288203
1235829
1315798
1153103
1466619
1300029
1132432
1382887
1329945
1302293
1211633
1135466
1436671
1189901
1346161
1183874
1163459
1209560
1312449
1166520
1285686
1224798
1218371
1218928
1237715
1159922
1290729
1348647
1199663
1166813
1202506
1178287
1032408
1328588
1325099
1228245
1279734
1449491
1457335
1258637
1209016
1277998
1275227
1138839
1199970
1288210
1259955
1201373
1304806
1296593
1343098
1110802
1350294
1061960
1246271
1414492
1145197
1244830
1061472
1340152
1189862
1165300
1232145
1153156
1343485
1318812
1183190
1376671
1122389
1374586
1281087
1143015
1306540
985879
1310092
1120133
1166034
1281607
1391220
1224620
1344525
1162802
1033421
1340928
1107511
1185331
1181153
1314105
1211830
1275739
1324424
1077743
1126800
1036211
1386767
1166953
1280310
1227404
1273870
1141625
1081003
1265936
1272954
1309860
1420188
1304187
1097024
1218409
1369694
1128644
1237951
1073884
1266458
1219276
1126201
1105117
1141516
1249479
1370396
1430724
1028029
1337240
1183558
1117212
1320807
1324834
1320910
1435134
1344931
1259285
1271573
1214171
1326082
1230805
1201394
1070424
1323589
1204490
1329728
1306099
1321093
1140690
1448089
1225579
1254773
1330799
1238936
1196673
1253921
1472906
1120276
1094136
1202361
1371761
1264284
1238938
1219476
1352548
1144904
1349273
1145033
1242120
1118903
1205029
1235384
1285360
1219625
1085593
1252142
1183743
1186231
1162618
1136000
1247958
1234793
1247233
1336060
1205756
1183252
1167379
1259739
1406280
1024541
1398044
1228952
1159827
1348515
1301468
1124057
1076548
1260336
1242768
1264803
1375447
1297622
1269518
1351470
1269404
1169749
1235195
1326801
1266690
1165452
1260700
1270882
1232068
1342607
1276160
1496804
1369350
1209282
1369821
1159712
1168781
1267046
1354971
1179743
1386551
1322735
1285498
1232685
1118094
1180691
1180457
1078539
1355707
1210144
1345247
1142165
1218987
1143568
1344829
1488084
1280947
1268912
1223064
1282622
1224168
1181737
1353083
1104725
1014607
1106561
1320050
1245695
1303980
1296053
1393121
1194044
1237345
1326494
1268240
1318676
1276191
1405087
1206106
1258948
1175450
1315740
1047946
1227616
1104563
1284857
1281922
1232763
1272997
1449858
1444223
1213603
1242979
1434776
1207259
1203730
1050222
1155465
1156348
1146028
1300220
1314082
1128333
1168163
1098729
1265855
1189377
1172709
1235710
1103372
1221921
1341996
1269691
1277348
1024866
1104171
1344864
1299489
1374799
1225877
1095725
1057291
1086551
1397792
1124715
1264045
1035395
1038132
1212111
1444342
1185863
1226538
1247833
1103542
1099617
1410784
1239403
1455681
1281994
1281321
1375304
1383238
1247418
1120256
1309088
1137590
1217814
1158298
1138912
1313992
1282576
1258236
1251959
1131513
1096016
1142209
1361702
1314633
1321863
1275974
1269164
1163636
1117684
1125653
1173082
1219841
1161854
1304187
1203041
1155520
1211443
1225058
1187680
1164406
1209867
1292731
1263712
1097422
1462714
1245559
1235409
1318496
1288067
1314691
1250377
1269575
1295868
1316349
1207598
1210450
1084167
1406754
1253228
1365053
1100331
1219162
1292368
1155209
1275703
1395694
1294265
1285048
1163729
1220499
1290530
1133625
1507188
1235849
1244598
1038268
1285452
1300367
1495166
1286056
1123825
1179995
1146881
1111160
1265177
1313565
1237960
1381854
1220170
1129152
1212832
1288006
1320502
1091473
1254963
1214840
1253326
1159948
1116628
1189725
1139270
1219588
1241331
1188362
1235017
1295797
1126842
1246892
1095545
1025062
1109177
1199478
1293943
1226467
1219091
1146176
1095516
1206026
1278762
1276831
1144154
1083997
1258638
1267969
1295102
1415766
1128354
1246362
1219700
1222612
1061733
1373737
1308024
1325480
1435587
1155841
1151273
1162798
1366290
1093420
1209356
1324571
1243338
1060114
1314564
1415032
1211682
1198812
1251960
1311805
1382480
1205864
1237967
1399302
1078981
1298563
1010354
1214097
1317127
1339770
1150050
1124602
1145386
1287420
1477872
1104286
1426211
1293549
1214008
1299097
1429387
1149925
1366316
1348932
1220078
1041430
1197673
1090055
1117016
1341431
1239685
1117286
1241295
1322417
1196095
1226361
1153069
1261461
1330057
1228911
1187908
1218961
1122311
1327700
1274906
1254554
1274078
1148666
1269500
1248034
1239658
1230648
1017223
1211121
1291549
1332842
1196638
1274913
1343994
1141077
1201441
1039308
1264827
1259136
1191446
1251250
1168476
1332614
1117653
1274195
1253659
1227870
1109612
1192031
1235614
1207163
1289043
1340906
1116491
987207
1118488
1241044
1256375
1356468
1271524
1233734
1388849
1334921
1244079
1200178
1198853
1195127
1515602
1219919
1221242
1195822
1215070
1248235
1335502
1254191
1201572
1301549
1231631
1097625
1235901
1199246
1457025
1329231
1457527
1224783
1269429
1193787
1269287
1140135
1225617
1365356
1283542
1185267
1106732
1219192
1226893
1248697
1295031
1105880
1409529
1209517
1291784
1275205
1264445
1384163
1283819
1185951
1210237
1131721
1288187
1393165
1309712
1096707
1328679
1278230
1176198
1131137
1369889
1259745
1141149
1273139
1166381
994216
1376529
1207441
1460271
1241193
1149329
1220023
1371344
1067374
1251579
1272483
1210078
1317080
1480638
1054500
1083772
1156539
1115764
1308148
1227253
1375999
1374174
1341947
1208363
1384288
1267542
1207693
1069350
1438798
1010724
1211023
1226111
1297155
1269204
1299718
1403581
1414768
1071661
1293640
1062067
1298077
1271620
1249295
1396105
1211365
1130625
1184355
1231380
1236049
1241231
1184867
1300522
1333079
1366021
1248377
1306805
1225956
1130079
1300830
1078743
1459776
1168929
1444808
1303966
1270854
1395584
1114840
1095580
1115962
1210823
1337266
1137113
1384075
1408223
1310256
1332917
1229874
1312074
1326678
1060194
1284255
1255527
1230264
1246261
1433900
1368839
1425042
1037909
1272506
1362958
1254136
1332825
1361443
1408092
1223064
1262394
1233411
1113247
1317233
1191342
1063835
1113337
1288210
1080426
1273099
1355365
1341712
1409183
1039675
1322475
1160233
1258281
1261989
1251587
1321840
1271981
1255488
1060949
1240356
1580635
1053443
1205408
1350155
970988
1329295
1406550
1236992
1112001
1184127
1440444
1376904
1234507
1299217
1099505
1240439
1319401
1172768
1221507
1322971
1190542
1380052
1292926
1417635
1095088
1097549
996380
1199754
1121446
1131476
1057389
1147275
1322395
1332940
1378176
1113029
1215495
1285532
1214337
1155335
1229448
1337924
1288270
1196333
1098230
1303263
1116451
1198034
1188618
1195676
1292733
1328100
1187985
1174987
1412410
1245193
1239877
1384095
1345413
1335272
1082142
1456548
1342120
1114572
1159225
1316405
1333015
1065488
1341476
1140471
1190633
1415505
1248120
1091825
1271511
1086659
1231806
1033412
1185233
1120399
1355173
1133035
1322953
1386466
1055216
1169806
1515891
1095880
1129690
1024317
1164843
1220158
1360030
1323008
1112436
1201529
1095054
1310225
1347694
1191765
1126422
1451658
1165720
1360639
1267146
1532551
1415788
1373647
1283104
1292082
1338040
1212747
1101544
1197704
1374233
1283648
1280553
1215715
1172972
1206025
1266070
1246696
1146626
1238405
1218093
1312637
1316698
1052625
1196395
1428448
1190162
1296341
1213690
1290912
1416999
1429983
1230407
1300769
1114053
1198592
1142164
1324853
1392493
1168080
1170261
1403044
1227215
1293455
1301513
1191292
993444
1133848
1226889
1224178
1171709
1279819
1130934
1155476
1339900
1191689
1303361
1277715
1244465
1314463
1289748
1201812
1282607
1074117
1062998
1195582
1283749
1185543
1211604
1375133
1350652
1195302
1136530
1213508
1284675
1345806
1127866
1444731
1157336
1064564
1125433
1332484
1292431
1090764
1290463
1279795
1227869
1459356
1253694
1268751
1432765
1126149
1349281
987399
1286590
1077789
1162790
1079884
1181966
1445633
1059985
1285517
1313405
1415477
1408017
1296598
1118455
1285791
1246551
1192955
1275743
1205662
1326519
1274482
1367830
1480802
1198579
1293218
1401557
1292822
1449394
1258099
1317565
1265814
1102527
1296014
1249022
1347710
1142925
1251369
1127631
1308659
1359488
1363110
1276783
1265319
1142776
1231093
1223012
1117919
1194295
1318117
1145867
1065152
1157870
1421220
1049999
1203136
1228625
1245702
1224818
1189877
1175556
1404666
1249041
1234143
1178382
1070730
1429148
1266191
1047150
1242297
1232484
1196705
1386383
1120296
1203988
1211853
1256924
1252214
1243883
1389809
1276535
1111873
1278926
1373509
1240139
1424965
1314849
1198692
1219919
1209170
1174612
1217123
1069603
1233814
1307799
1280335
1164812
1276141
1363980
1144803
1110512
1040361
1125840
1003614
1207890
1177451
1092144
1040087
1433494
1132498
1351174
1110601
1268636
1256848
1253993
1011119
1243924
1254625
1242995
991576
1415974
1220553
1271499
1235816
1177869
1110880
1209928
1363216
1232347
1113427
1231259
1108974
1324806
1185804
1149747
1172650
1454196
1148117
1183749
1248774
1455260
1068517
1242402
1304619
1357009
1162605
1284323
1196313
1214132
1277579
1474126
1228406
1225793
1372878
1197887
1281857
1293005
1265537
1311992
1286591
1079405
1241257
1179175
1201866
1116713
1191910
1192151
1345133
1244837
1265449
979479
1281569
1167222
1254526
1298488
1330109
1074240
1295891
1325779
1223220
1234262
1083783
1172517
1001207
1263391
1320791
1161246
1173726
1118076
1133372
1230819
1211238
1400022
1222536
1255162
1411012
1035814
1327078
1297161
1173746
1311472
1155283
1095242
1082937
1304026
1160552
1153010
1132123
1176002
1031024
1312173
1090282
1321100
1337332
1204317
1307936
1247071
1016767
1227193
1074875
1234588
1121334
1342842
1151800
1270327
1339661
1253132
1219369
1159352
1157628
1316877
1125507
1125538
1463759
1169419
1179626
1267175
1307814
1064897
1255510
1138848
1185581
1231743
1254687
1253814
1187774
1421383
1057661
1200203
1127881
1117829
1351586
1329323
1350285
1236730
1177387
1265904
1422584
1337413
1146412
1117773
1418080
1439357
1496260
1214947
1173967
1356791
1355739
1292285
1459242
1269451
1224335
1093650
1332447
1217314
1367578
1002114
1286406
1295846
1215967
1190794
1057661
1179425
1295061
1155233
1236205
1309034
1390443
1303681
1157241
1197927
1297620
1256347
1117230
1107128
1387014
1420561
1222083
1357592
1412517
1317409
1313093
1286654
1440973
1148347
1130761
1204455
1189674
1419185
1176618
1156341
1295291
1149059
1273847
1487397
1317057
1129148
1241938
1340165
1298464
1465690
1344291
1372655
1246411
1105117
1169960
1264932
1273102
1244122
1181040
1200714
1254446
1341854
1142143
1410842
1197349
1274540
1353745
1349384
1089951
1038314
1345215
1293430
1401516
1290759
1025820
1393450
1271703
1281284
1177628
1085499
1311660
1322379
1164564
1070282
1267595
1247209
1251348
1199518
1345131
1388420
1248165
1192904
1341371
1298246
1347545
1504826
1223262
1110280
1141652
1174212
1237156
1084747
1264493
1291296
1069697
1415271
1246396
1284516
1293189
1219617
1393817
1306486
1194518
1348010
1244052
1185794
1269676
1267614
1281157
1353257
1221084
1304008
966696
1298786
1123591
1114143
1212812
1026353
1275629
1183358
1084519
1179534
1303516
1138820
1282621
1137696
1250906
1421256
1245781
1283558
1216270
1110870
1197855
1182040
1294187
1330277
1179102
1112447
1076498
1045291
1272316
1156531
1476122
1288607
1097383
1239907
1198775
1292075
1301941
1217308
1274752
1377455
1260340
1277080
1087842
1163090
1067669
1157138
1403107
1263438
1418185
1270320
1115687
1084043
1187680
1283922
1226177
1282988
1175166
1313012
1318048
1174191
1162526
1335890
1240885
1223188
1516211
1297604
1139492
1161201
1246786
1181283
1194556
1369836
1231216
1209042
1372611
1224552
1195427
1270033
1181027
1406822
1402865
1215319
1114223
1161068
1129288
1234946
1174563
1277131
1308896
1170532
1138733
1140085
1259331
1252241
1282889
1236804
1291965
1085402
1367876
1326671
1364784
1234074
1265772
1270711
1095753
1223828
1232357
1147472
1189841
1328488
1296368
1238920
1163910
1320051
1218670
1290572
1112368
1257942
1258076
1301540
1168109
1397027
1213000
1189218
1132873
1135676
1118926
1143572
1346030
1259875
1107184
1347228
1366366
1276522
1167889
1327661
1217536
1256624
1294780
1218553
1185273
1216102
1242893
1303769
1112291
1089766
1185963
1208366
1076003
1012562
1196558
1285155
1422044
1256698
1233260
1271060
1385169
1296988
1270339
1282889
1311688
1189339
1040485
1031466
1246677
1315237
1144218
1221553
1120752
1179264
1138876
1243259
1159836
1333683
1333970
1051191
1361806
1174194
1201018
1155476
1172697
1397461
1256546
1077714
1476210
1053383
1139544
1195048
1167249
1138553
1285147
1135818
1251012
1186895
1271414
1211501
1325326
1331801
1229127
1223187
1068460
1286046
1297375
1061957
1208224
1149523
1078513
1193780
1149171
1366716
1310735
1188192
1284089
1324136
1214702
1226647
1367634
1164604
1394532
1455866
1136716
1314163
1235330
1468194
1235051
1161424
1230967
1237193
1318264
1179564
1096762
1018995
1250302
1226164
1043709
1172621
1306085
1227755
1405822
1213534
1238248
1190300
1247349
1351409
1270093
1199558
1334876
1095052
1272758
1220281
1194406
1309022
1376063
1162962
1325718
1162816
1247852
1351004
1318567
1015229
1181544
1264327
1186799
1197651
1255294
1162792
1376695
1193398
1177315
1318844
1325367
1245849
1251480
1179604
1374600
1194306
1099081
1387260
1402092
1310197
1181535
1127821
1289205
1282104
1111670
1415751
1272842
1295465
1342336
1227685
1273460
1121200
1151450
1348761
1022006
1171187
1341464
1305658
1077382
1219432
1497791
1368226
1298689
1473077
1129191
1161612
994138
1038020
1274039
1231127
1132404
1173732
1411602
1356266
1354990
1391725
1394282
1189549
1181549
1239259
1096870
1387130
1374488
1147445
1443277
1398554
1408354
1234460
1352282
1121364
1385946
1374107
1349222
1262415
1388325
1329853
1463361
1446244
1335414
1316625
1375559
1316849
1287854
1369707
1256422
1289143
1322567
1501976
1395977
1203205
1302926
1343816
1315730
1361186
1152774
1193090
1198535
1051385
1380073
1178749
1247024
1164024
1123693
1176192
1120138
1140013
1306007
1273906
1147289
1405690
1081716
1289594
992130
1116318
1202933
1235422
1284648
1128297
1336609
1366389
1175719
1142553
1247583
1108967
1283142
1099586
1128057
1109981
1451758
1526610
1189715
1356395
1137707
1308622
1283514
1143018
1164154
1208906
1336008
1381631
1227977
1172210
1143181
1150847
1142949
1156043
1105637
1324073
1207892
1084905
1438814
1408234
1215030
1214338
1206411
1200236
1286214
1350274
1385255
1176912
1385429
1157891
1308394
1294247
1107255
1360187
1328344
1342146
1513216
1291056
1279575
1311870
1447586
1352615
1230673
1090348
1132950
1000318
1420705
1311434
1220809
1132325
1074282
1259272
1239298
1202154
1075804
1328021
1168145
1243388
1070776
1152220
1190584
1233624
1121454
1217033
1198039
1144484
1082041
1270720
1305673
1289407
1200683
1161724
1254446
1262816
1340059
1172712
1167976
1305462
1074322
1204468
1232981
1150611
1294291
1210451
1351026
1178606
1222537
1374241
1081494
1357781
1243372
1107474
1303048
1228334
1348139
1348065
1196158
1299441
1265809
1081111
1289393
1077101
1291925
1350965
1421506
1339128
1197124
1125055
1114082
1528612
1277038
1137369
1322326
1370723
1138302
1261276
1264500
1219754
1319727
1399514
1247382
1065496
1181366
1090198
1544450
1119450
1158652
1280514
1074869
1093313
1215584
1125847
1092989
1560965
1207411
1416515
1136808
1232817
1279041
1057244
1095748
1188923
1163900
1257710
1421062
1175870
1333512
1340904
1152518
1250593
1352875
1191437
1329391
1318041
1201139
1383166
1370255
1377815
1347556
1226215
1101903
1390520
1132151
1363472
1317052
1314498
1278605
1194679
1207157
1263374
1288918
1293742
1313166
1228968
1366905
1512104
1414453
1224965
1026703
1112536
1196444
1290001
1262785
1197314
1344910
1186615
1250828
1144338
1180078
1100413
1230479
1193638
1345643
1084087
1170469
1162680
1380190
1475411
1229027
1259724
1292598
1211438
1215905
1100835
1313234
1331151
1181506
1230970
1124772
1295118
1149467
1226748
1268487
1251987
986378
1178337
1047646
1153348
1326791
1300841
1207450
1115804
1167991
1355830
1234454
1102788
1197380
1194189
1130450
1123962
1112848
1363140
1247252
1312470
1171059
1122563
1310197
1128259
1310384
1308906
1315883
1258281
1107462
1422986
1315908
1140243
1281344
1314525
1152530
1167656
1239025
1091489
1286161
1037780
1245854
1267216
1239433
1181778
1132850
1115624
1284663
1332352
1285960
1281320
1199794
1207653
1331683
1283668
1234736
1168053
1283876
1208615
1241694
1197745
1420115
1460087
1159396
1306575
1375333
1171348
1217292
1162499
1312267
1227110
1369419
1225269
1205463
1384272
1323853
1094574
1328412
1184348
1239395
1085437
1256451
1294749
1569515
1325037
1279248
1376556
1271749
1203880
1152684
1153011
1280330
1304469
1184416
1289495
1159293
1224948
1089967
1212227
1256925
1056997
1367774
1299104
1124202
1197924
1314524
1118859
1271071
1250410
1394135
1279654
1156628
1313996
1371234
1196986
1381359
1241042
1176959
1220823
1172225
1194336
1058619
1200624
1369772
1247771
1201134
1259337
1173645
1176927
1244467
1113802
1301148
1011950
1174190
1205180
1141486
1180732
1105128
1172849
1318407
1378869
1177577
1242778
1193517
1342310
1166410
1116645
1295294
1220276
1151589
1258677
1516375
1160557
1323046
1345070
1288211
1128782
1366872
1211486
1264683
1312805
1373993
1072611
1373675
1124169
1314922
1170234
1213470
1287721
1154934
1169074
1457917
1225790
1169815
1119822
1106238
1261975
1212651
1184558
1384955
1162809
1212721
1182561
1282459
986683
1124701
1306697
1113053
1240599
1059231
1211352
1193836
1244395
1193174
1130950
1306654
1190848
1134108
1117958
1214063
1212698
1169506
1377906
1257599
1334156
1392571
1271647
1158811
1285172
1170378
1104774
1196838
1021327
1152066
1317090
1246611
1124513
1087902
1231557
1195816
1173261
1179328
1207686
1246148
1385424
1103487
1207269
1336437
1330956
1326190
1171569
1137796
1287608
1418665
1084063
1227119
1199558
1270857
1176766
1100358
1300677
1082464
1298183
1307082
1165490
1286698
1199318
1221795
1405644
1227747
1163231
1189954
1359944
1339921
1459498
1069992
1340110
1264267
1283866
1113715
1218793
1160023
1072549
1291489
1228281
1143363
1371195
1092595
1185746
1129390
1029905
1462849
1074311
1282418
1156324
1173276
1051416
1338746
1357761
1201750
1316132
1369289
1359546
1189451
1141087
1113021
1299313
1208319
1394080
1055757
1299723
1347201
1267487
1206636
1424747
1188657
1129560
1290368
1286464
1155962
1060003
974250
1409211
1097877
1193082
1032450
1168503
1157994
1078604
1249759
1349172
1323507
1314904
1150357
1178160
1257123
1381381
1205014
1157976
1200204
1365704
1288760
1320807
1182663
1260671
1117568
1411384
1119458
1293996
1176823
977988
1273242
1311807
1158751
1354288
1204581
1332181
1415795
1299690
1387652
1147565
1105930
1024682
1279040
1318692
1121347
1197519
1262851
1110058
1128905
1243031
1173483
1118862
1165667
1185402
1136179
1299858
1126299
1211962
1122215
1472836
1241271
1327362
1224253
1304022
1227700
1166768
1215373
1270232
1104898
1174993
1254749
1219916
1161451
1128015
1133243
1302086
1162443
1208755
1165264
1335763
1161058
1303497
1117795
1294314
1192643
1296471
1169268
1258064
1312082
1253579
1180833
1281141
1166709
1278599
1233588
1143050
1146020
1144527
1329779
1256824
1391591
1116918
1122530
1178441
1174108
1283590
1377723
1313286
1229989
1325479
1149544
1227485
1201903
1333548
1134390
1080849
1167669
1218621
1266366
1159730
1316104
1290518
1153740
1090518
1040881
1337480
1248473
1179505
1257536
1371807
1456140
1140736
1290163
1120186
1132434
1144470
1201976
1161197
1275956
1242525
1052187
1170707
1122867
1187698
992735
1325921
1153618
1301084
1371328
1404676
1244995
1210165
1363263
1146584
1211973
1347233
1364085
1336951
1404384
1142630
1213727
1225882
1299205
1267518
1176250
1303577
1082249
1286167
1166366
1075435
1154165
1186150
1301384
1032183
1257757
1229042
1219424
1179905
1087972
1121122
1191075
1306780
1288849
1227479
1200232
1237008
1276409
1336748
1215309
1064547
1125973
1342687
1162742
1141357
1237054
1374288
1307995
1221113
1104134
1299701
1262163
1243749
1167430
1345576
1240289
1150901
1350014
1303053
1217782
1124463
1235838
1342220
1214988
1342437
1040766
1182048
1520451
1326845
1218037
1032511
1302894
1201335
1333308
1336282
1117865
1173427
1194475
1396503
1275830
1184722
1110105
1499398
1134813
1364079
1100704
1083773
1202430
1243842
1356342
1216179
1469797
1230629
1513596
1395061
1443564
1448298
1106648
1152031
1324774
1407973
1188093
1293571
1093796
1148210
1480871
1099326
1238468
1305936
1172289
1235859
1154222
1195296
1117727
1265156
1225027
1177842
1129963
1235828
1167847
1208231
1249425
1342626
1387055
1204020
1189182
1369791
1107804
1180899
1103641
1197011
1103372
1204255
1308473
1161811
1102863
1187840
1289276
1139336
1364724
1157021
1093836
1359652
1298568
1119300
1341107
1145863
1173756
1154430
1288769
1261205
1120318
1346956
1100300
1410212
1192620
1215917
1113967
1476313
1348250
1297618
1102362
1277610
1329890
1161036
1232660
1150842
1112597
1280592
1262253
1179774
1341246
1364083
1163572
1317991
1226833
1272147
1248927
1205937
1124699
1196233
1110924
1246692
1251951
1055506
1055988
1338857
1221598
1213390
1171105
1293605
1298392
1416054
1207079
1211822
1270188
1183860
1295573
1257344
1440496
1251634
991736
1352718
1124928
1308157
1186393
1090967
1076285
1163074
1267486
1264712
1156695
1252626
1142409
1247752
1126250
1382894
1154012
1197618
1286505
1256141
1287358
1181576
1286103
1060081
1294751
1089858
1190043
1326095
1456277
1116145
1229215
1201703
1328160
1319428
1271634
1211170
1220587
1299378
1310397
1346263
1268455
1119491
1464653
1430550
1398139
1104101
1167453
1393491
1426210
1358628
1170214
1216340
1161560
1354756
1163527
1261688
1206615
1317684
1246721
1195237
1277175
1163441
1144530
1517964
1283039
1227062
1296068
1197669
1382540
1127642
1440234
1215079
1214174
1161232
1341189
1284045
1132525
1142735
1202444
1230794
1177595
1177827
1006880
1446676
1070786
1148592
1250939
1321458
1148585
1332255
1094522
1116852
1295163
1344037
1182509
1119676
1193674
1234786
1261726
1287084
1230172
1310911
1467517
1046771
1375552
1325914
1084256
1325140
1261314
1026900
1222848
1294878
1211681
1125099
1101116
1329904
1196588
1215699
1287868
1157887
1241499
1228040
1365281
1305889
1211796
1192742
1281396
1352417
1286618
1284776
1281931
1185681
1292542
1201380
1175472
1072183
1245170
1422201
1182119
1154389
1300384
943814
1207491
1294676
1239529
1300504
1220294
1182386
1386626
1279537
1119071
1154653
1282127
1167022
1379672
1213969
1174598
1036543
954133
1083218
1385524
1217959
1390116
1201648
1333114
1191729
1068443
1169383
1118611
1219880
1216743
1034117
1170487
1246261
1068597
1164088
1256682
1180325
1382363
1416049
1160398
1103482
1254758
1114111
1204149
1218170
1151069
1284857
1183630
1248383
1210827
1211109
1197513
1019298
1204121
1117175
1047702
1191347
1327985
1222136
1010722
1379334
1298585
1390120
1354699
1203281
1221804
1286957
1177346
1305827
1140088
1212913
1230315
1346389
1468596
1135562
1169158
1282277
1187109
1262121
1113350
1037390
1184306
1342012
1224695
1324393
1370069
1221294
1385933
1376989
1336970
1343652
1175829
1459751
1176606
1324810
1289477
1298786
1235900
1168683
1126755
1216975
1250845
1205627
1068804
1113368
1356224
1098590
1338459
1252139
1414922
1235746
1304209
1295609
1335278
1246264
1189357
1071264
1371603
1294229
1144095
1235854
1281297
1367590
1123287
1260749
1378900
1405734
1214957
1249071
1452994
1444586
1132819
1409856
1207451
1250862
1171612
1116681
1167938
1256111
1130810
1313169
1238491
1256550
1424809
1288217
1335660
1420371
1336522
1110594
1179309
1305672
1253678
1204688
1150292
1281524
1122159
1030645
1150372
1385648
1250928
1105131
1238876
1300091
1275930
1165517
1180388
1106878
1348356
1210201
1129685
1432009
1194171
1304483
1050926
1175635
1429384
1445133
1334355
1184809
1310031
1349989
1266802
1225698
1133602
1311722
1109982
1370551
1280706
1265862
1112336
1352339
1355066
1248017
1186760
1197657
1158615
1216179
1200103
1298604
1204029
1264339
1378995
1225596
1204684
1262267
1199493
1075822
1091752
1387140
1194605
1254528
1154844
1218148
1288801
1286139
1188308
1291806
1201416
1309796
1315045
1383443
1336163
1220819
1345063
1206229
897869
1164218
1191375
1416063
1302166
1295154
1330067
1139613
1198976
1347004
1207809
1237727
1321099
1081025
1360529
1186537
1077995
1429026
1239968
1255994
1378246
1276462
1016328
1552108
1211267
1328356
1231138
1353794
1312291
1261283
1100104
954555
988039
1317831
1231761
1190761
1297552
1195626
1153796
1344005
1127163
1187052
1181492
1113599
1187150
1299650
1275019
1144080
1318683
1058616
1201082
1308301
1309715
1176247
1232561
1264874
1151424
1255248
1280921
1298146
1188243
1197762
1097765
1190258
1084205
1409861
1120734
1364648
1110143
1012702
1192896
1289167
1241386
1108803
1220398
1455341
1247668
1192884
1398480
1160229
1239986
1302117
1276638
1335537
1168543
1172381
1107762
1302481
1156395
1095616
1268581
1168247
1183378
1329780
1244574
1199147
1200958
1178949
1307433
1178660
1073052
1280591
1409400
1214882
1259260
1081392
1133203
1210413
1287494
1230705
1039338
1238591
1303014
1067615
1125107
1246824
1229084
1129387
1182628
1468719
1230216
1408235
1165630
1083262
1284536
1112771
1135448
1314277
1216012
1108940
1269010
1191317
1303680
1284618
1193280
1352286
1254876
1073703
1297628
1398151
1186582
1180182
1232242
1276042
1074727
1332555
1381563
1143670
1194642
1163981
1061977
1226293
1209341
1260073
1313484
1176770
1288099
1279291
1221889
1044218
1250063
1405349
1144175
1167232
1216978
1264600
1108330
1120756
1206216
1261401
1283648
1225215
1215543
1191964
1252624
1276217
1261167
1255504
1310836
1239137
1459198
1258457
1391321
1152784
1358340
1241647
1221760
1247382
1276472
1152945
1381403
1126044
1333259
1207679
1105578
1270348
1291396
1108098
1223504
1342809
1128322
1159257
1291469
1222225
1313537
1205221
1362106
1203283
1456086
1282141
1142870
1177244
1093292
1263702
1244136
1075382
1200667
1227166
1271694
1174496
1248972
1317405
1214531
1180017
1139465
1172813
1213960
1277393
1312694
1061121
1137744
1105970
1107647
1153709
1310117
1208268
1088071
1318117
1127264
1150734
1233839
1138588
1187272
1262762
1226085
1269911
1364819
1264363
1198323
1126126
1190657
1280981
1112711
1263389
1279389
1275779
1257800
1116884
1183015
1309432
994382
1232121
1288707
1341649
1314785
1262117
1245122
1304148
1216084
1227085
1366539
1076197
1220087
1216183
1350301
1346821
1200084
1059505
1282729
1380833
1381443
1164262
1303971
1225999
1294824
1221250
1020849
1271494
1507834
1064844
1247225
1252248
1302983
1351175
1273016
1175339
1127764
1146063
1386515
1317857
1369632
1376552
1240026
1185485
1308634
1069372
1246599
935706
1241581
1160900
1173578
1077509
1187690
1118157
1145790
1160327
1090408
1153513
1275139
1281379
1241020
1170222
1173797
983833
1141673
1244380
1322617
1286913
1341752
1232443
1372494
1329284
1238942
1430028
1314694
1191142
1319182
1294684
1121024
1271925
1283576
1433710
1121911
1305183
1171801
1080421
1230497
1088640
1175516
1122987
1377265
1154067
1142643
1459845
1344623
1258298
1276119
1120984
1207458
1143656
1223813
1137083
1271694
1276736
1470302
1229509
1166517
1133228
1401286
1109644
1279902
1209446
1253424
1301809
1380823
1282876
1290852
1380227
1403244
1233346
1151534
1098415
1232942
1269050
1194465
1039102
1215463
1376776
1322550
1275029
1376574
1173737
1293548
1284986
1488449
1390666
1462654
1206049
1049938
1250805
1199420
1113739
1161362
1290963
1111022
1233069
1240941
1270522
1245983
1359471
1237734
1391377
1226179
1061738
1081686
1256389
1209460
893094
1431561
1297558
1387055
1217854
1192346
1371982
1198927
1225654
1156444
1355358
1151928
1281139
1153394
1351310
1317943
1394765
1125040
1205051
1134168
1147476
1327353
1158209
1128270
1193889
1167105
1126812
1118882
1295785
1122840
1084004
1293092
1320039
1417549
1355674
1404619
1248833
1050623
1265918
1245418
1430245
1380107
1299557
1068438
1273248
1344433
1074860
1406420
1286446
1280532
1169778
1165291
1135027
1368170
1281233
1007285
1339569
1342024
1391168
1143020
1202531
1376697
1188068
1272487
1193083
1376214
1319403
1274139
1099185
1261959
1288887
1220433
1260986
1193433
1233747
1358933
1256024
1204143
1098199
1233977
1148317
1328250
1181854
1310815
1400366
1317302
1373263
1263783
1166497
1147907
1183408
1263794
1324697
1378664
1209168
1364457
1295885
1151655
1013202
1140666
1283106
1290734
1251053
1060154
1391305
1179340
1175057
1105521
1270406
1330724
1273588
1319440
1251353
1180255
1195080
1186351
1137797
1156506
1219461
1078814
1099496
1321104
1249302
1333148
1391570
1299571
1174818
969363
1249414
1401148
1193264
1213880
1213708
1130910
1454394
1565805
1177736
1291582
1405462
1556978
1347952
1262537
1498937
1046651
1227157
1167000
1055142
1017229
1149976
1231822
1367868
1168477
1201216
1400219
1338430
1291436
1283864
1309572
1238525
1332814
1285563
1237718
1201508
1126934
1309935
1210865
1072790
1171928
1128081
1125441
1082096
1163191
1300592
1292209
1240026
1309477
1235935
1277853
1174492
1300496
1346859
1296250
1176292
1193174
1024951
1342523
1058383
1494495
1205723
1214816
1315349
1291311
1349401
1186553
1310958
1300661
1230999
1175518
1290785
1123169
1276391
1226404
1242711
1160955
1245747
1148484
1432533
1164769
1182270
1360163
1272354
1076722
1182855
1219694
1362006
1281574
1108634
1271775
1255467
1108911
1376279
1104420
1212514
1373077
1204583
1235926
1297335
1238359
1092361
1321408
1172879
1183530
1260753
1239124
1318920
1206328
1221416
1385249
1033040
1111561
1107957
1366304
1174734
1232064
1246566
1407558
1140235
1064222
1325903
1216630
1382067
1292442
1224064
1249177
1310324
1141508
1197829
1249867
1232784
1225603
1184521
1157386
1213739
1253041
1234721
1233839
1327628
1184869
1257523
1179682
1221844
1189456
1207630
1235003
1268866
1364143
1177237
1246386
1350166
1175508
1177786
1192143
1143735
1213347
1021359
1149314
1344727
1180103
1279485
1248303
1262363
1316445
1322366
1327769
1196703
1261921
1105845
1256520
1278589
1092551
1314730
1141132
1424715
1193707
1227940
1350194
1261295
1288430
1371797
1331008
1242352
1079975
1415958
1200268
1273101
1316544
1325480
1259651
1156517
1165261
1146426
1253989
1357830
1182910
1214251
1245622
1180466
1118857
1176358
1208986
1447234
1167970
1192082
1442970
1335076
1342044
1278612
1337827
1114450
1334560
1171661
1296403
1108516
1241523
1378861
1302885
1179479
1200318
1358695
1362227
1313801
1192976
1289592
1329821
1087390
1112215
1355296
1146963
1260997
1287793
1326639
1270962
1254846
1145238
1174142
1291192
1257069
1229648
1145557
1426576
1268867
1236144
1104837
1149567
1131356
1199984
1131149
1525497
1296959
1249092
1250771
1404013
1303254
1244360
1355840
1403439
1164523
1215913
1367207
1247427
1026271
1268574
1234174
1373294
1067242
1124506
1229793
1287403
1164462
1178887
1348543
1113266
1319806
1071992
1316196
1293345
1117160
1141232
1198274
1364337
1177066
1310203
1195191
1176112
1451794
1281589
1134013
1254056
1350224
1218261
1208334
1183906
1228874
1272595
1298678
1337474
1235684
1398698
1155116
1122345
1268076
1330482
1202065
1102654
1227095
1110853
1292095
1445629
1302701
1271240
1456712
1220989
1095506
1169113
1354592
1275860
1260329
1357859
1289033
1333956
1438040
1241786
1222107
1237718
1175615
1120318
1294675
1337599
1256063
1194995
1272718
1318915
1332843
1348709
1120734
1164341
1388910
1299842
1180822
1309047
1261772
1157065
1216014
1296257
1204888
1356651
1261144
1242466
1251621
1062554
1102134
1141334
1188632
1112839
1351808
1235863
1186852
1350454
1160325
1221540
995786
1259370
1202313
1354034
1418401
1337123
1297220
1415853
1039695
1289889
1303618
1137001
1131918
1286373
1229948
1236062
1339376
1308962
1235125
1169096
1326237
1546935
1046330
1095921
1191758
1273524
1223208
1498949
1038543
1169037
989018
1058096
1219987
1326276
1267946
1236078
1283896
1333011
1176860
1310003
1139862
1244594
1394578
1079921
1138483
1276310
1201674
1036115
1214297
1268242
1151894
1299469
1183011
1233009
1298973
1446140
1103570
1315827
1156028
1541893
1220694
1106307
1154797
1376533
1294713
1269309
1068857
1346165
1336170
1234904
1344800
1370141
1182815
1278821
1307529
1237451
1320127
1237294
1230328
1185572
1236469
1158912
1244534
1318096
1211342
1318329
1241057
1305270
1256607
1210570
1221183
1210500
1175147
1142081
1408439
1431514
1469401
1075347
1163509
1289768
1236192
1268315
1202424
1121977
1293863
1241419
1221165
1233807
1341646
1361649
1173474
1290285
1000772
1248738
1299644
1300229
1253982
1020772
1342585
1184061
1207536
1274485
1239296
1025588
1129748
1373993
1047066
1001481
1269497
1215861
1144364
1223491
1361430
1235536
1139234
1323013
1279268
1227645
1390114
1131868
1229843
1225178
1290192
1360121
1253772
1198090
1328551
1537458
1243956
1404314
1298333
1295202
1309556
1153628
1288382
1201048
1299265
1365027
1263576
1362066
1227215
1165453
1314107
1497519
1269356
1314064
1369118
1373797
1218333
1153868
1374865
1131646
1248693
1470393
1055476
1097857
1299048
1378095
1125723
1236323
1305939
1307512
1478195
1083346
1240558
1303843
1378153
1200101
1296634
1268431
1184037
1254320
1283238
1122682
1073968
1212882
1130275
1305389
1394445
1243747
1346764
1176238
1268249
1112864
1203585
926751
1309670
1201544
1166706
1134583
1289144
1164494
1151051
1057587
1270271
1085918
1085694
1223442
1195526
1233222
1243573
1299107
1063535
1119375
1284937
1145959
1292147
1109001
1190097
1251442
1191309
1409945
1225398
1392527
1211131
1114658
1087146
1227189
1475217
1105014
1114917
1281751
1353782
1197764
1321596
1266751
1312975
1233012
1222055
1322329
1277578
1129455
1155732
1133546
1217908
1210886
1318048
1355596
1169252
1333734
1285005
1343316
1126856
1166709
1258691
1354685
1234437
1292886
1210294
1291881
1196283
996562
1160222
1238917
1281011
1276224
1257711
1106174
1334303
1137890
1175931
1260707
1320811
1316816
1151081
1223744
1099029
1258755
1212375
1410809
1198362
1178477
1147783
1355916
1306740
1226438
1389554
1327903
1220314
1293877
1150841
1324793
1182792
1190058
1371731
1194180
1095903
1294505
1425175
1456899
1172887
1200291
1199426
1236849
1391279
1259228
1139901
1204398
1095511
1456328
1409870
922796
1302606
1168660
1214247
1252707
1115549
1262723
1155728
1268894
1229195
1131812
1218582
1228869
1338772
1340159
1049483
1202968
1144587
1187241
1264453
1256299
1317218
1183285
1119905
1340119
1328434
1415433
1229888
1438774
1126545
1095094
1357120
1388541
1321685
1201687
1049330
1216078
1228912
1222677
1171193
1321588
1237756
1064323
1097421
1163412
1242747
1119769
1312428
1190957
1241025
1315871
1262395
1387690
1342685
1402009
1203935
1286933
1232360
1120350
1082984
1028610
1298304
1393866
1202911
1226794
1396248
1232311
1232114
1196270
1197645
1213222
1306158
1080440
1362195
1299197
1383893
1229458
1269737
1410102
1371442
1209617
1241330
1063655
1171727
961925
1317723
1059560
1218297
997103
1177960
1155096
1169255
1130386
1117281
1047005
1097919
1158085
1203726
1245635
1284018
1235242
1361174
1320112
1205410
1142479
1115631
1298098
1284832
1099547
1276508
1185551
1266268
1384296
1084898
1129632
1128192
1210548
1215911
1354905
1250576
1361933
1041424
1184711
1153974
1164974
1210312
1327217
1210781
1218555
1295888
1266156
1279849
1294214
1240383
1214890
1167486
1410782
1264599
1207544
1352357
1308558
1499809
1287276
1400063
1333010
1220106
1240402
1297880
1096080
1139935
1107880
1293332
1245287
1323054
1331565
1176173
1313661
1323610
1178556
1320611
1358817
1024654
1208996
1291520
1177786
1328487
1332357
1333739
1093197
1223170
1376961
994400
1268156
1379928
1249734
1303261
1124738
1349838
1138741
1106250
1244180
1174366
1127435
1306879
1363187
1244572
1216694
1162820
1245739
1213382
991866
1204538
1251104
1161846
1291442
1271657
1148557
1263525
1150250
1248059
1258163
1220985
1455973
1417864
1208811
1325449
1219512
1206646
1021868
1166052
1333184
1249383
1277830
1121879
1451691
1129783
1313677
1271240
1350876
1181620
1232776
1456246
1327635
1036767
1304905
1242719
1462743
1425072
1085189
1075507
1255305
1471011
1185712
1228990
953659
1315446
1204423
1462776
1434255
1134956
1256845
1269484
1190181
1229526
1353010
1200950
1293008
1295585
1296669
1162230
1341731
1312674
1239883
1134577
1349263
1353150
1249143
1304100
1288812
1137874
1238839
1019333
1257205
1321978
1218129
1321859
1369802
1196467
1270873
1059831
1243417
1315578
1220274
1146446
1294368
1238884
1213396
1318939
1331375
1330068
1255483
1147078
1419325
1251613
1182909
1323890
1188887
1318659
1357913
1209474
1104341
1204600
1291878
1225957
1153731
1084188
1234534
1454596
1167010
1308437
1081347
1132504
1242647
1275958
1114600
1289237
1244232
1285530
1314654
1471124
1285835
1291846
1158268
1248348
1094315
1095028
1276080
1239396
1372658
1247693
1299953
1157337
1224522
1316959
1185068
1188947
1257506
1175631
1310662
1203628
1176172
1241807
1236421
1286542
1335681
1252843
1068189
1014772
1021780
1314993
1317831
1371511
1351133
1166625
1187800
1280943
1050483
1225659
1094931
1174030
1069779
1199479
1197409
1219626
1371624
1272202
1193252
1359964
1230052
1239697
1167798
1199085
1308064
1364692
1363891
1224160
1168200
1123599
1149790
1307838
1334499
1313636
1150757
1229200
1418095
1031606
1151414
1223873
1249127
1320289
1354574
1168503
1211151
1084725
1149504
1429990
1164828
1255532
1157458
1152488
1157297
1176860
1301143
1127522
1210556
1368177
1129685
1240651
1413885
1237618
1418659
1126624
1351678
1234385
1177283
1360160
1497919
1237371
1231765
1203926
1182917
1098153
1254360
1450551
1180420
1163257
1345995
1120314
1199013
1226772
1270945
1236069
1238653
1302682
1516271
1170334
1217256
1261062
1096376
1268127
1330509
1147581
1144139
1111446
1422874
1294888
1402520
1220531
1308895
1393294
1272530
1156535
1364996
1321954
1238875
1283420
1258147
1279898
1155266
1330723
992872
1271726
1281191
1107815
1284602
1264768
1336561
1195323
1263277
1379008
1483390
1241982
1319002
1190590
1282079
1139385
1305209
1268258
1209687
1187203
1332855
1243292
1300833
1115533
1243288
1160545
1183064
1339224
1095773
1191793
1499373
1148801
1159570
1283418
1024371
1292250
1066943
1178895
1219164
1137241
1304389
1470692
1129466
1172735
992867
1315361
1243349
1282365
1032013
1328643
1332333
1166272
1276754
1079409
1492338
1285862
1201856
1351436
1292860
1377730
1299453
1152677
1326486
1233134
1158758
1226821
1190406
1276920
1164413
1262663
1110829
1180476
1091840
1176812
1254028
1160039
1079371
1295356
973122
1184633
1344096
1159181
1156378
1178044
1260530
1266842
1218558
1459321
1339329
1306720
1222523
1172774
1201619
1216259
1221127
1305558
1151443
1352799
1201929
1313368
1329450
1241867
1263710
1160259
1213231
1256441
1507673
1144912
1379171
1212095
1325505
1103698
1451743
1333522
1360525
1291106
1255554
1105251
1266559
1506407
1229012
1197728
1241707
1117342
1263476
1173281
1353328
1037618
1160289
1111828
1254823
1132111
1231787
1343227
1248767
1245625
1307015
1415600
1185633
1281082
1189278
1367076
1051052
1241292
1212160
1275464
1175861
1185191
1295177
1222538
1425760
1251929
1072721
1041418
1145134
1126143
1245964
1272574
1210587
1262502
1251096
1333783
1352781
1303453
1195165
1388869
1379178
1484776
1142397
1298907
1324853
1026363
1251730
1332928
1283914
1219825
1395936
1195245
1222945
1053312
1166290
1450181
1299216
1220906
1282084
1326397
1200021
1597764
1418104
1212358
1166508
1258997
1115211
1221313
1162050
1346005
1303878
1289362
1292971
1340004
1274158
1383766
1160666
1121199
1194185
1267689
1287878
1184249
1169104
1262736
1175287
1280009
1106344
1318974
1132636
1058022
1332417
1140703
1348478
1185037
1310513
1424066
1195451
1154759
1371811
1111188
1011781
1320247
1257494
1201198
1320447
1156735
1236724
1330758
1132337
1430791
1353642
1287044
1355932
1343769
1189752
1370375
1264807
1111967
1186992
1337075
1112114
1127343
1204865
1160261
1425313
1169197
1188970
1487448
1142234
1241589
1474537
1247810
1240969
1274220
1416260
1395012
1517270
1282988
1269696
1242661
1296855
1249181
999005
1043548
1162796
1100694
1352484
1170048
1363296
1429063
1106586
1110583
1290034
1206907
1258870
975547
1349948
1244266
1096774
1318693
1140709
1348201
1454770
1260346
1002310
1297492
1518205
1315602
1295868
1264199
1310664
1173342
1215552
1233699
1100856
1297272
1157677
1322721
1275100
1127883
1311056
1410038
1446535
1217042
1207229
1153486
1003774
1202881
1363582
1359806
1407735
1080658
1232661
1290315
1164421
1383267
1218630
1232920
1217067
1237671
1297647
1338207
1215049
1321940
1332503
1270566
1156587
1140726
1284226
1184591
1273682
1240933
1080513
1403254
1206505
1313037
1389709
1497996
1214384
1144984
1222586
