271
243
51
141
383
104
366
209
38
280
204
403
197
358
428
55
71
208
130
61
321
398
0
70
218
350
162
22
216
344
28
348
343
365
344
304
130
181
73
157
62
96
161
132
108
363
180
191
237
167
116
298
314
338
227
121
420
374
142
17
138
330
170
171
329
37
419
49
21
213
278
345
354
255
93
214
30
239
213
242
298
104
165
56
144
98
161
316
390
25
432
139
330
98
146
251
49
21
361
408
33
98
382
260
214
334
251
403
397
259
97
300
57
174
193
185
64
87
68
197
72
74
89
69
269
294
107
366
173
113
158
425
231
320
43
286
203
203
273
73
226
321
51
151
284
332
16
23
54
93
84
85
58
367
129
115
305
31
311
211
331
400
149
125
352
52
81
237
170
16
370
114
157
398
297
336
226
17
40
153
200
298
397
63
198
243
179
46
400
332
46
193
217
280
0
319
163
211
51
255
165
327
177
146
319
71
231
88
230
271
175
411
341
317
370
339
359
441
307
391
296
349
336
101
318
214
254
157
139
98
375
0
179
459
399
237
13
391
176
64
12
85
402
17
367
314
236
143
351
384
126
366
306
117
288
193
92
439
79
249
107
375
284
422
263
116
197
28
343
238
384
274
0
98
369
397
376
25
211
0
373
123
193
32
344
41
145
389
302
0
401
200
72
116
175
138
265
129
244
202
149
302
20
215
0
307
60
9
383
75
170
84
49
359
417
318
40
16
293
341
0
332
118
307
363
285
86
362
167
94
54
75
17
248
123
279
215
59
198
225
366
98
55
215
405
102
83
242
167
112
406
318
114
54
120
187
40
148
264
99
156
79
304
237
382
38
311
284
118
217
247
314
67
100
70
318
408
233
228
353
301
296
217
190
290
53
91
93
413
228
106
326
91
101
73
374
240
378
370
181
91
341
0
60
245
110
196
344
14
204
290
194
81
80
111
138
312
186
297
394
302
119
352
103
287
376
382
184
182
194
57
283
239
305
323
390
236
286
63
344
226
182
244
311
214
158
342
139
95
231
340
191
0
286
276
214
326
417
332
81
14
240
225
366
13
78
401
201
167
100
33
89
45
323
269
106
305
255
413
420
73
172
274
107
149
56
73
26
388
270
96
305
91
36
166
322
297
70
148
103
127
21
232
393
220
208
157
201
233
83
384
284
59
0
74
342
290
122
163
87
338
292
189
80
130
33
181
415
96
310
113
314
250
220
201
180
200
58
249
250
259
220
293
45
213
171
189
388
23
229
403
401
80
223
159
200
110
105
61
420
347
38
265
259
273
172
135
289
86
122
86
350
217
34
348
198
394
84
162
318
279
299
191
44
245
304
84
214
218
275
29
199
174
73
18
219
379
0
36
304
76
273
57
359
266
320
246
33
137
348
316
272
200
25
308
354
421
180
356
230
14
40
332
100
200
102
27
315
177
48
208
360
328
257
333
318
394
198
77
225
166
137
286
145
60
176
182
236
123
353
83
29
132
27
23
122
207
134
49
84
310
445
210
71
346
11
253
339
58
415
195
107
167
356
215
287
322
421
298
79
373
310
223
269
274
224
243
358
357
366
57
149
92
73
274
222
396
180
286
274
23
284
244
0
373
265
95
0
149
205
141
449
232
45
405
440
357
12
198
396
407
0
195
95
40
215
275
258
228
337
0
227
90
127
424
238
139
99
280
74
215
207
276
72
112
254
224
240
184
309
283
160
275
412
145
113
209
103
208
82
113
231
92
184
61
202
364
354
39
266
257
166
321
38
97
385
66
166
0
299
287
69
28
158
58
317
70
289
120
295
204
264
121
345
28
111
193
389
254
45
376
62
28
84
205
55
25
209
0
78
219
294
354
341
447
35
95
179
64
14
413
341
367
451
189
0
363
409
248
55
140
308
229
284
330
300
0
179
300
235
202
191
256
376
291
42
51
12
113
88
413
167
50
0
319
103
315
408
353
196
40
125
112
0
177
142
296
161
311
341
179
45
0
245
15
409
224
121
103
43
382
76
55
189
330
247
406
21
109
234
302
347
275
238
112
371
379
331
61
15
377
435
159
144
101
303
11
130
111
267
269
61
335
89
34
47
17
301
158
0
141
127
184
328
271
43
417
0
139
324
225
383
137
320
37
93
141
31
95
230
178
23
365
391
42
109
225
228
232
263
375
367
384
119
400
377
415
351
6
414
296
379
102
206
232
403
374
214
195
448
265
0
422
295
20
182
150
163
264
59
404
357
250
310
0
351
36
100
160
34
252
139
317
335
304
220
295
77
347
275
295
187
359
210
353
278
108
246
129
32
209
68
170
215
272
301
415
40
0
284
234
125
253
150
24
131
193
295
80
422
201
91
163
380
274
149
183
112
410
281
188
243
269
268
214
238
109
325
333
70
106
389
335
175
360
190
330
167
175
139
292
385
144
366
168
48
82
218
221
223
259
210
222
163
274
174
181
317
140
388
107
324
21
207
338
14
211
402
74
258
316
304
42
132
253
255
265
236
217
29
70
45
166
163
31
386
124
368
353
291
74
146
43
319
317
369
424
364
221
257
203
185
325
246
50
450
401
109
385
382
248
294
428
227
286
402
287
231
35
205
59
121
358
127
375
90
87
367
79
174
194
162
71
418
437
21
184
159
179
381
314
77
213
139
298
115
240
415
250
355
48
437
247
125
297
368
28
349
405
222
67
147
392
193
56
117
416
242
367
184
0
320
89
405
287
441
210
418
90
314
294
225
353
124
48
321
300
171
36
87
85
412
125
27
291
231
132
311
409
210
180
403
305
318
462
38
325
373
337
109
126
207
87
168
149
84
81
404
191
0
42
378
101
38
227
107
359
149
314
332
100
34
379
408
317
375
301
332
399
167
180
163
370
355
224
71
134
200
72
345
303
316
351
75
54
223
140
12
222
262
292
430
283
376
361
163
318
227
248
302
119
63
318
320
414
393
185
234
234
234
326
360
261
267
301
104
134
219
461
339
377
131
335
146
214
399
423
172
210
417
223
301
121
138
248
249
152
360
102
274
363
362
348
291
395
96
221
23
276
213
419
266
351
98
58
126
92
239
74
350
184
382
307
132
302
70
14
155
403
444
159
344
150
151
151
120
78
303
379
253
181
461
123
174
391
102
182
186
172
164
48
187
355
125
372
278
211
336
21
413
61
96
362
111
131
151
365
92
186
41
226
231
61
322
66
315
67
282
90
45
373
379
236
237
34
227
88
40
204
167
0
21
340
322
338
135
275
50
254
168
294
392
175
311
223
49
111
375
375
326
183
125
143
316
66
332
25
156
192
349
272
336
55
354
84
123
47
103
355
288
350
237
399
23
7
340
294
446
123
34
80
119
200
98
157
84
155
238
171
121
352
348
307
190
225
344
250
59
141
177
56
18
215
212
204
423
110
206
321
142
390
138
49
52
314
136
235
80
351
274
291
189
301
276
143
214
261
94
209
282
167
146
39
240
256
222
112
114
308
218
446
64
219
280
316
141
348
69
76
323
253
39
83
172
80
123
348
382
381
149
406
263
247
136
152
0
366
117
280
246
218
209
17
190
141
200
391
63
83
333
223
349
367
346
125
85
407
338
208
71
180
314
121
391
374
58
232
77
118
97
127
229
0
146
228
42
179
277
325
205
412
398
302
19
356
382
51
364
73
292
141
403
19
326
84
50
134
179
33
269
153
393
103
333
151
314
357
307
16
43
59
228
84
104
278
126
76
191
258
253
14
220
370
374
189
74
231
60
74
51
398
37
394
260
95
309
23
141
148
163
39
195
206
52
293
177
163
397
84
54
319
403
70
171
390
160
105
72
247
254
167
157
49
76
341
407
85
179
121
59
365
336
153
297
92
77
65
317
65
41
249
47
260
291
377
202
356
316
48
275
405
325
235
273
120
303
169
34
155
72
67
391
360
346
245
305
231
302
47
15
291
385
397
335
398
205
108
129
332
345
252
90
437
80
20
0
159
149
377
34
304
185
366
270
234
196
226
264
248
63
177
332
352
368
53
10
316
402
326
297
388
155
418
91
195
42
146
311
118
84
141
342
18
390
150
53
271
311
274
414
89
186
96
22
365
169
223
277
347
190
386
224
298
420
439
61
136
229
202
36
18
385
114
52
137
210
259
314
142
313
226
291
106
291
283
81
326
227
343
52
194
314
96
354
90
29
261
136
323
300
430
292
82
124
236
79
465
149
10
380
288
73
303
183
211
183
231
323
355
376
356
384
369
97
71
23
22
169
183
94
338
352
203
403
44
167
46
318
9
327
109
143
98
39
327
160
128
283
220
388
199
46
402
358
136
172
387
244
17
268
272
207
118
0
301
210
205
43
169
313
380
344
146
337
162
350
201
337
21
191
168
169
235
43
157
335
94
371
219
39
0
158
57
23
84
40
55
151
386
213
341
256
303
137
238
271
146
78
21
204
81
87
370
0
0
48
437
88
404
117
383
342
371
282
164
301
363
331
31
142
19
324
51
57
191
218
71
151
337
120
363
319
350
157
404
45
127
378
299
35
308
244
352
96
208
358
86
60
324
411
247
192
234
376
311
0
163
323
256
258
259
141
58
190
358
340
273
317
51
139
269
183
375
123
237
8
133
128
296
75
397
167
400
94
260
340
214
211
272
235
241
74
141
201
411
356
33
62
135
387
143
234
315
325
89
329
112
30
36
211
106
241
148
47
91
126
399
96
120
120
140
50
342
303
239
356
315
385
72
172
357
218
403
183
233
365
386
16
56
35
34
169
47
167
401
59
196
191
283
22
93
318
147
381
123
191
396
291
188
418
156
204
217
172
76
0
30
99
129
61
86
403
185
315
242
129
366
225
266
230
185
372
283
383
248
101
191
251
261
362
195
262
370
0
277
92
11
38
382
384
380
244
384
374
21
309
102
267
134
234
39
108
409
87
264
32
367
41
125
165
55
206
220
56
83
176
169
94
15
227
171
88
52
207
209
167
123
76
343
41
218
60
176
16
216
110
377
286
244
435
394
93
398
75
208
387
317
240
192
130
204
64
96
77
280
330
230
387
94
375
158
396
218
405
239
59
240
110
117
311
247
353
153
145
153
326
242
74
411
98
369
446
114
153
167
130
172
395
0
265
324
302
291
432
443
231
197
96
385
393
185
296
233
329
77
77
141
141
383
18
25
345
270
152
266
381
0
279
325
314
70
30
221
218
71
371
109
51
155
72
263
0
264
83
21
235
278
237
243
260
252
271
184
22
319
253
231
113
265
324
205
291
238
371
32
209
385
89
390
118
212
204
66
379
131
106
226
145
411
337
142
416
381
287
292
189
157
45
335
180
284
34
103
339
368
300
143
376
367
271
188
77
30
292
179
145
106
426
226
60
362
368
292
280
202
346
282
194
0
293
16
109
304
207
223
111
26
39
339
184
102
274
167
329
0
185
280
304
53
346
55
416
271
158
16
216
288
123
253
48
205
262
171
409
112
183
72
176
285
288
112
361
363
127
138
108
168
433
335
132
219
87
494
398
143
38
392
153
322
167
242
270
391
38
114
198
61
195
142
59
277
79
318
123
188
194
17
165
347
396
27
434
334
159
254
125
221
234
190
163
309
168
160
406
87
189
78
305
357
90
218
182
98
304
245
212
198
69
364
206
296
455
259
42
372
169
207
258
61
199
458
391
56
211
146
400
398
15
32
439
199
350
158
201
394
237
318
29
249
407
66
138
160
364
40
335
405
0
23
96
331
259
390
0
353
93
164
199
80
303
92
357
292
103
