520
0
174
410
248
371
375
264
360
442
309
70
45
164
100
407
378
0
549
314
113
384
258
477
576
0
226
95
188
430
230
279
159
540
414
358
54
190
228
437
376
307
323
244
411
236
456
328
54
439
575
549
440
333
156
209
175
105
350
503
334
94
521
140
23
461
165
60
326
282
125
136
323
29
127
309
313
517
402
493
420
455
404
339
323
276
372
256
442
464
377
167
34
61
118
415
82
197
206
374
511
44
458
300
582
338
394
283
68
300
313
65
200
228
423
388
484
105
355
480
309
213
413
344
502
227
477
387
441
0
481
386
110
374
106
263
138
562
102
88
284
392
77
243
199
387
336
290
325
272
177
203
182
283
298
433
301
337
428
458
282
343
132
242
342
395
52
208
19
72
219
240
261
377
236
293
255
389
175
362
248
62
477
332
526
48
442
226
511
447
170
164
169
326
228
478
428
21
474
249
84
170
186
339
151
458
432
501
505
365
399
177
445
366
394
572
220
55
497
428
185
354
333
322
143
467
338
384
50
276
380
485
179
92
432
87
284
60
29
141
97
105
520
58
295
435
142
140
228
426
301
262
272
466
297
465
181
224
77
258
130
365
265
239
189
194
345
104
341
228
498
25
218
367
311
170
133
343
47
75
403
114
498
124
213
236
0
195
504
41
403
255
405
461
358
335
138
375
24
340
134
355
437
409
534
147
140
456
299
541
267
115
150
410
283
318
438
234
369
270
419
362
123
353
482
42
234
170
44
420
347
530
81
55
90
420
92
262
517
51
242
469
306
496
507
537
242
337
285
210
42
465
121
63
497
256
474
330
209
162
352
356
560
302
89
85
33
408
402
328
276
219
404
115
52
328
172
283
18
16
67
104
105
341
51
199
212
123
173
243
222
369
156
0
224
375
0
453
77
275
466
528
392
531
351
493
338
311
536
487
284
340
474
406
180
413
308
411
424
476
399
344
137
58
84
0
537
482
474
291
460
236
522
83
258
44
110
308
423
87
461
386
523
313
174
308
45
377
187
56
378
58
198
199
498
392
528
373
488
516
61
19
66
389
430
26
525
396
337
505
246
596
280
433
101
107
184
500
158
165
326
326
333
361
121
265
365
235
167
448
383
365
122
488
284
91
384
470
324
477
276
296
572
268
537
367
379
164
299
94
166
501
422
294
398
0
103
477
542
33
372
70
144
127
304
247
390
25
425
380
26
496
102
13
158
248
354
457
110
534
300
148
371
211
126
493
390
248
193
254
202
380
237
145
132
421
348
131
442
208
207
286
192
348
56
13
180
559
232
145
503
412
395
158
494
176
177
245
192
212
135
187
99
478
19
43
200
334
299
124
207
50
262
301
275
45
144
263
371
283
333
135
59
106
20
205
407
197
69
139
59
437
182
432
135
408
338
473
453
434
65
335
443
265
302
139
256
214
422
215
0
165
442
432
308
142
307
62
103
445
381
383
161
439
225
537
172
0
172
161
47
27
325
154
438
149
191
93
216
16
330
478
170
306
321
168
200
446
159
60
0
18
143
378
89
273
71
129
476
96
555
59
395
260
459
366
151
471
67
200
0
331
428
210
392
24
24
127
0
332
478
279
512
325
43
125
359
97
286
510
378
402
508
291
275
372
275
111
42
59
283
161
219
298
297
298
397
241
516
203
249
188
377
384
340
0
406
375
251
50
494
202
424
168
231
332
484
371
91
328
0
163
527
264
106
142
448
119
49
475
509
470
196
325
454
325
209
537
392
119
389
0
134
147
477
499
113
66
106
87
387
314
281
421
520
112
15
528
171
228
517
365
399
417
557
462
344
343
491
515
291
475
68
427
207
204
0
319
352
101
249
269
521
126
298
498
105
589
103
422
107
178
0
358
533
407
172
292
461
257
18
318
173
432
291
363
145
94
104
293
332
0
326
207
374
140
222
360
353
247
372
139
77
340
562
317
549
340
430
159
101
217
362
524
284
386
80
195
481
339
84
340
128
376
62
453
108
378
328
535
403
130
186
470
66
567
540
218
352
330
163
204
375
129
0
123
248
19
309
37
88
274
227
334
347
236
493
450
267
245
183
527
404
154
243
373
475
499
351
531
80
333
394
17
110
37
388
400
495
72
246
257
195
263
560
417
371
55
329
388
368
85
381
231
552
190
236
42
365
272
482
64
141
18
14
244
358
338
471
268
229
204
462
372
226
159
149
157
315
284
464
497
146
340
337
21
218
345
281
300
538
97
120
283
370
23
59
96
228
294
247
393
551
356
468
552
464
234
461
477
