34
107
74
151
52
192
18
53
39
128
128
188
66
56
182
36
59
159
49
60
18
192
91
45
7
71
71
85
18
19
144
69
51
48
135
52
27
176
137
57
51
5
8
135
157
155
191
87
128
76
118
0
0
143
24
77
204
118
143
146
8
84
109
124
101
191
111
98
173
123
143
157
160
187
93
0
8
18
71
195
91
68
189
230
103
40
153
126
0
6
0
113
150
132
91
161
137
160
59
147
183
107
137
228
93
156
166
88
106
58
162
100
27
164
111
232
16
110
118
118
127
7
6
124
53
24
182
132
109
125
20
0
59
88
103
6
58
140
28
123
168
16
79
163
21
166
20
44
160
57
175
137
178
62
52
90
2
