0
299
159
41
255
228
217
0
285
264
63
206
205
212
171
31
278
207
180
285
225
94
208
200
238
150
180
255
223
236
233
301
137
168
293
185
40
218
199
288
172
203
0
281
209
219
174
186
157
155
133
231
0
169
242
81
273
213
150
282
144
279
67
0
255
163
208
228
13
296
104
149
269
171
47
118
135
243
209
140
212
194
155
301
112
13
301
305
211
220
245
41
199
75
124
298
159
0
289
214
39
208
123
255
149
119
85
118
218
35
168
56
102
271
121
29
22
28
52
262
148
63
193
18
69
9
274
187
56
242
268
130
123
11
117
243
45
78
212
199
189
24
207
39
199
84
113
239
156
133
182
120
122
111
223
270
40
253
244
14
303
78
41
211
50
288
237
21
159
207
124
52
17
306
82
153
127
193
246
194
264
244
267
263
321
184
125
52
156
72
259
230
282
99
45
280
41
93
231
278
152
347
252
59
176
206
34
181
101
306
147
197
104
223
41
99
51
165
130
301
55
81
143
73
152
14
12
244
172
215
256
176
176
126
258
12
100
197
169
0
132
166
22
146
103
57
67
132
151
41
225
73
71
72
129
23
115
206
153
305
267
247
225
244
75
26
310
156
51
143
302
188
70
147
149
72
132
90
229
96
133
34
282
132
36
242
41
166
178
73
135
61
220
18
89
190
166
103
220
123
232
173
262
106
239
0
197
88
126
217
223
72
159
211
140
243
136
78
303
129
26
38
225
55
180
139
12
79
25
222
225
140
255
71
169
131
156
183
121
210
172
93
141
53
271
264
290
176
76
102
68
79
137
227
278
55
229
42
175
195
237
68
237
8
150
18
247
204
209
247
210
185
287
133
171
20
49
268
242
178
312
257
286
352
248
95
144
280
146
150
292
40
168
71
43
277
217
201
99
109
92
19
165
339
120
136
150
248
178
253
274
236
193
161
107
213
182
136
108
250
303
187
195
9
320
59
291
114
246
261
187
194
257
84
299
54
296
52
47
194
344
104
165
168
167
193
249
73
53
96
69
214
182
267
51
36
333
43
295
140
255
239
247
238
269
111
50
44
289
151
273
128
220
120
300
219
226
224
258
280
265
66
183
265
150
254
109
73
176
83
159
17
178
260
59
47
217
268
272
108
83
189
239
276
0
97
159
159
236
229
252
91
127
132
63
237
109
97
80
111
300
33
156
262
291
96
197
9
136
266
252
140
252
105
76
293
36
298
233
195
116
17
66
138
128
238
123
162
241
28
30
77
272
142
73
169
173
263
240
211
114
77
221
142
106
303
293
283
0
265
39
188
112
108
291
269
266
102
0
198
9
14
15
117
212
264
14
207
187
110
321
12
224
122
133
117
220
63
144
310
59
83
208
24
261
125
19
232
285
134
78
207
29
284
102
24
66
204
19
228
133
158
164
264
203
72
172
220
154
149
86
68
17
297
109
273
97
67
100
174
60
331
43
213
88
261
258
170
173
260
15
232
124
191
9
140
214
143
245
269
133
121
60
219
0
219
104
176
214
193
162
287
133
262
50
179
121
285
174
102
127
279
265
208
99
155
239
58
107
112
124
18
58
155
206
15
298
264
181
276
71
233
139
11
191
211
218
294
118
186
243
0
80
107
322
191
220
281
200
308
180
266
51
240
147
196
41
107
160
293
44
272
176
25
212
227
23
50
278
54
118
51
42
303
83
323
258
16
87
326
171
0
49
144
241
246
211
197
200
281
0
152
108
290
128
150
112
26
114
265
32
174
70
89
219
61
179
18
93
17
230
234
238
15
259
230
122
19
234
52
143
286
312
269
269
206
279
0
77
165
174
169
106
239
286
138
186
142
220
90
127
277
253
96
252
199
192
165
188
0
103
280
230
136
100
0
19
290
258
15
206
176
82
140
50
234
204
203
208
73
266
186
226
29
101
274
237
297
236
228
236
133
37
95
42
117
16
77
112
91
304
274
245
276
219
90
168
291
213
164
115
290
218
245
221
213
34
32
146
210
282
26
241
143
236
279
184
123
205
115
142
12
134
43
116
117
92
81
275
102
20
69
302
21
211
101
146
254
40
322
212
13
294
197
98
61
282
120
127
90
133
10
76
73
170
145
13
129
234
131
142
55
183
81
275
81
158
163
61
293
225
95
170
105
301
25
75
95
266
180
266
262
66
148
236
92
0
306
66
129
71
276
279
110
277
118
72
224
274
72
56
231
95
214
137
270
147
0
196
135
198
36
42
134
34
262
7
237
12
168
236
140
317
285
277
267
152
53
223
111
228
64
291
164
297
0
58
92
87
114
45
34
62
37
151
237
78
191
161
163
56
60
29
222
175
29
227
118
304
168
67
169
129
18
290
153
7
142
136
75
69
274
257
65
164
17
136
182
306
306
175
282
150
273
43
30
24
149
251
188
157
22
296
201
217
7
275
190
196
98
195
77
41
191
99
125
130
174
232
204
251
277
285
126
137
286
72
82
0
231
196
168
189
15
118
15
211
87
190
244
299
244
34
49
109
280
13
182
12
90
120
111
227
199
159
66
69
140
22
252
92
223
269
27
209
117
252
109
120
104
290
123
226
289
251
18
270
114
82
244
166
101
273
44
299
134
61
107
134
123
20
282
169
208
84
159
174
117
203
21
177
176
20
319
139
76
169
197
141
209
217
185
116
103
123
221
89
189
194
219
15
0
135
235
98
137
160
59
154
185
249
265
202
271
33
101
227
64
43
224
88
116
20
302
292
48
9
231
96
291
89
60
326
82
91
164
272
63
168
200
72
218
209
33
307
263
23
