110
59
374
111
418
258
34
67
45
399
51
113
352
58
113
372
168
222
379
118
327
71
300
301
295
364
354
256
100
386
270
341
219
139
422
428
99
254
53
124
18
417
310
385
373
278
254
83
346
305
115
239
379
175
140
150
405
370
69
351
114
135
190
368
365
232
203
18
10
184
250
266
431
148
307
395
394
98
109
215
167
143
21
215
425
45
235
369
308
384
79
226
248
336
92
338
180
215
201
124
102
459
61
265
198
76
283
140
339
107
282
166
348
239
268
317
217
393
252
387
48
281
181
68
332
257
222
54
427
172
219
216
234
51
353
187
292
277
169
333
27
279
400
340
0
162
46
54
365
229
103
249
89
55
155
201
406
217
41
312
422
268
393
401
361
29
250
381
287
141
398
348
275
356
335
413
308
435
33
196
88
184
183
0
135
317
42
125
327
331
100
101
227
0
148
31
138
260
196
388
96
291
404
415
434
369
139
346
274
212
292
343
83
94
306
58
179
414
52
70
350
158
170
318
265
419
469
178
238
345
268
92
140
286
413
369
185
224
415
275
263
378
322
221
108
111
45
320
251
451
109
267
432
347
346
377
252
75
0
61
132
38
228
388
207
53
368
444
65
159
90
257
267
264
293
363
382
97
103
389
299
296
359
128
241
202
339
255
47
262
154
175
271
391
0
303
350
0
263
169
175
161
68
133
154
72
408
271
47
344
421
386
55
355
52
251
194
339
397
338
36
251
152
125
171
65
395
242
128
331
264
166
331
344
241
246
216
348
382
364
222
112
288
423
173
237
338
351
305
50
224
369
334
153
247
329
101
210
277
84
396
136
251
186
278
83
182
441
362
288
376
38
87
441
351
326
99
314
233
240
81
287
102
430
30
222
301
314
65
208
63
324
86
0
202
347
110
0
408
109
28
237
299
227
357
357
164
357
0
248
388
317
217
17
55
294
70
406
213
376
328
150
150
205
321
287
354
352
393
378
213
160
113
99
191
200
201
257
243
127
370
186
40
346
189
285
153
258
386
84
268
233
116
198
81
292
312
136
47
229
0
59
356
348
44
53
33
360
131
80
335
418
109
402
141
341
327
236
140
284
397
60
91
15
113
178
84
324
221
203
422
140
148
404
167
231
48
387
77
192
370
99
76
58
184
35
157
47
322
132
150
8
321
159
120
50
134
33
245
259
51
104
178
273
77
427
145
84
277
11
304
50
185
101
233
391
78
359
35
222
220
348
156
472
88
281
402
153
0
20
29
129
255
203
161
175
69
204
0
290
301
78
347
76
131
0
373
128
261
188
0
185
164
242
365
151
17
411
231
74
90
276
0
291
65
345
253
64
30
41
425
59
129
340
91
314
269
377
128
214
78
82
428
179
209
423
293
379
294
181
211
200
152
97
229
363
404
268
76
211
414
14
95
385
424
445
0
377
408
279
283
218
222
321
236
422
0
160
396
118
365
23
144
296
355
366
404
289
105
12
231
0
405
200
121
98
118
387
75
232
366
138
55
110
365
404
358
157
222
190
159
457
335
246
276
32
343
86
210
263
217
286
317
251
291
45
185
225
333
33
119
110
202
275
373
294
365
181
270
362
161
192
158
262
125
48
43
149
200
254
239
119
223
239
428
66
357
401
382
320
311
384
63
404
0
91
23
356
382
148
366
455
236
138
321
42
49
279
292
295
263
201
344
272
316
402
255
212
247
304
72
393
57
242
166
336
357
56
345
374
148
71
53
98
40
116
53
307
299
211
471
102
41
99
405
410
14
71
98
231
144
65
332
210
304
44
266
31
141
322
115
82
18
350
126
370
289
382
205
413
121
19
16
382
183
265
105
124
327
313
73
388
322
148
286
37
86
64
333
0
334
183
338
255
270
0
13
44
391
269
91
191
209
176
353
82
449
364
164
360
131
325
78
77
365
285
314
163
60
351
387
208
324
76
350
19
140
89
201
376
195
325
114
351
314
0
303
13
262
56
419
293
186
184
150
176
365
249
337
43
406
292
398
329
144
174
387
300
218
181
82
291
270
398
35
232
102
410
196
312
304
278
133
182
114
26
383
143
217
246
346
380
369
118
44
361
399
335
69
114
185
429
335
50
209
178
389
110
291
409
168
412
404
218
69
245
377
102
42
229
360
407
221
107
388
228
221
346
338
56
323
79
35
56
177
33
419
63
90
130
225
204
250
69
15
366
141
387
430
140
320
406
291
42
40
235
55
343
140
22
0
99
164
258
359
125
70
58
311
181
176
346
275
125
302
76
246
361
27
114
37
380
364
47
0
80
227
56
292
192
140
258
377
195
298
289
331
158
98
74
350
284
336
217
307
184
376
287
122
189
227
52
394
216
106
146
16
154
246
418
169
388
28
369
350
0
21
81
187
213
366
228
0
373
274
400
125
201
330
183
84
162
164
212
210
218
207
418
298
351
415
262
26
86
40
363
42
354
209
13
391
0
469
270
142
320
0
249
14
112
122
184
155
279
390
125
44
237
312
381
152
0
372
351
371
46
116
154
133
177
90
56
70
453
87
293
298
330
67
253
296
185
30
193
280
100
434
321
148
114
73
316
226
239
203
173
96
73
340
231
58
108
250
378
221
229
332
282
433
202
154
294
364
396
342
135
161
342
398
33
377
256
0
421
230
371
128
360
330
234
209
0
87
77
302
93
156
408
43
306
195
372
95
256
132
39
340
38
53
91
164
199
416
251
70
104
326
267
265
261
414
299
391
0
202
254
0
280
81
135
56
112
16
251
19
419
29
174
293
38
146
363
144
277
149
119
381
338
439
187
58
144
26
243
211
79
389
154
80
375
297
243
234
384
267
298
371
403
205
425
191
57
147
426
197
175
328
418
244
72
153
120
296
50
326
276
394
151
353
32
50
132
281
217
206
338
24
240
379
271
157
336
167
423
87
419
157
388
47
34
146
293
206
299
272
101
54
74
310
102
161
306
210
36
54
62
49
378
78
468
116
292
282
420
291
414
67
57
321
49
20
0
52
389
357
32
366
220
44
323
39
129
261
231
347
423
348
415
246
139
220
390
18
294
285
49
24
359
401
79
235
424
342
107
250
407
398
214
164
293
366
325
293
112
323
434
67
388
307
235
284
172
304
219
57
292
52
58
162
391
244
386
95
191
334
17
281
131
26
82
226
67
365
257
242
275
32
194
109
39
373
112
98
321
162
274
318
110
199
0
270
234
95
393
360
24
215
306
265
24
46
180
313
123
384
371
94
174
0
201
210
112
193
25
276
145
30
374
343
216
83
160
338
108
36
441
358
384
222
316
362
59
256
116
130
359
379
259
378
243
259
389
314
185
125
311
0
297
447
164
379
182
186
390
433
19
49
415
30
230
39
323
377
55
25
102
321
21
298
227
360
388
303
124
21
343
43
184
117
265
134
132
174
39
313
379
346
69
235
395
189
280
206
149
309
306
289
279
247
125
313
349
160
102
255
242
87
44
45
277
414
419
200
361
25
168
264
297
70
159
55
89
416
421
41
357
233
191
257
430
264
217
230
289
362
31
239
179
199
277
152
106
279
229
231
370
100
210
122
395
361
426
101
369
356
383
335
409
244
265
391
61
164
361
414
311
41
0
0
73
147
391
19
347
270
218
228
113
246
55
186
40
327
215
252
156
213
63
248
263
236
115
0
247
189
193
238
190
358
126
370
157
277
350
271
156
271
398
408
16
138
364
260
322
249
138
306
185
290
234
300
426
45
255
368
194
220
344
277
343
38
111
359
336
163
270
169
173
233
364
297
56
141
338
31
367
156
35
210
152
208
246
337
301
31
190
489
147
320
317
28
373
269
428
302
224
81
90
156
167
255
397
283
274
106
16
169
177
205
23
352
85
72
97
24
329
373
122
168
121
345
322
59
252
186
172
277
174
36
431
171
128
268
50
85
63
139
169
23
136
321
174
277
360
25
218
305
415
128
310
237
103
224
405
79
83
207
378
384
209
348
382
0
386
0
301
143
325
216
427
338
190
387
153
426
80
386
207
188
113
46
54
12
265
18
395
52
301
256
336
281
308
419
159
45
82
183
323
239
307
351
271
0
237
261
210
98
289
105
271
232
462
413
163
356
296
352
259
138
60
190
244
409
134
277
112
46
133
125
247
155
117
116
175
201
338
388
318
413
293
333
34
237
274
149
440
391
69
94
299
260
393
301
401
395
66
137
159
348
280
107
371
23
247
429
155
294
279
365
300
256
50
152
267
166
319
105
199
32
340
259
383
16
9
0
249
210
191
25
92
133
186
194
297
239
59
82
372
199
63
223
391
362
108
251
397
418
245
310
244
358
403
142
43
338
163
350
0
112
58
83
176
416
24
382
335
210
270
376
179
15
43
343
61
319
205
287
42
28
113
248
148
196
151
479
286
224
271
304
341
217
369
217
166
415
144
133
121
247
69
446
263
29
215
201
237
109
322
326
210
157
15
276
76
122
64
369
318
358
109
103
142
354
409
224
257
226
243
156
363
306
307
252
425
74
282
124
74
247
264
128
261
0
113
268
329
15
49
284
345
124
262
257
22
318
238
211
154
420
148
256
390
181
255
191
145
309
332
72
60
345
294
427
270
352
368
246
81
163
285
114
198
84
263
0
220
398
142
429
300
23
266
275
399
365
213
14
276
319
178
408
47
114
151
346
122
375
120
175
315
39
127
279
46
400
323
406
300
339
230
386
116
24
399
31
234
411
37
99
51
450
254
45
296
96
94
79
418
196
0
363
409
211
301
170
160
229
0
0
129
79
344
238
225
218
72
183
130
376
259
0
33
224
21
66
287
349
176
172
407
367
144
259
335
40
328
202
327
100
141
423
0
113
413
0
15
277
44
252
281
380
136
214
392
430
394
92
235
230
179
87
121
235
361
26
62
396
36
87
205
0
183
214
151
12
279
356
74
285
86
256
338
50
217
348
115
169
175
387
257
396
134
203
98
364
27
275
268
381
201
333
381
88
129
320
328
68
187
343
277
415
251
120
0
351
93
72
91
307
0
384
380
103
241
155
221
298
45
312
324
61
342
49
0
124
33
104
323
329
71
376
194
414
217
144
233
323
243
102
189
376
436
315
173
11
205
149
367
344
230
92
97
433
194
266
132
309
405
49
137
143
196
174
402
54
197
264
382
409
152
346
38
32
342
103
374
206
372
177
256
259
128
236
380
146
0
318
385
351
390
253
198
293
75
168
388
151
32
239
60
254
391
206
94
346
162
388
358
433
96
50
48
384
172
150
16
388
80
15
314
356
329
339
219
261
356
339
210
58
375
234
185
282
370
50
267
366
341
136
394
316
86
36
8
263
255
232
235
121
100
133
183
221
282
162
342
26
351
359
100
274
246
142
401
136
66
301
19
280
138
60
415
300
49
327
370
153
320
218
326
229
328
249
243
435
418
192
334
245
162
51
17
331
261
357
93
353
386
197
413
127
267
334
29
203
242
349
267
130
20
191
418
89
178
0
162
96
87
357
181
46
210
225
235
153
22
35
423
29
231
25
107
396
156
245
278
222
160
137
262
309
161
117
367
94
66
84
347
370
345
309
401
191
42
114
349
189
244
165
251
417
424
296
291
351
143
234
145
389
146
237
357
119
243
363
40
362
234
230
420
86
443
19
52
85
313
287
410
23
13
413
185
64
415
137
229
414
311
36
356
43
176
50
47
301
401
452
264
270
23
295
338
148
283
162
190
419
218
412
292
63
284
289
22
95
151
304
211
415
346
0
385
119
294
345
25
401
34
160
420
304
170
332
187
349
177
80
44
379
262
159
233
19
422
171
357
338
209
187
380
216
29
247
281
128
360
115
253
252
401
152
413
249
385
115
100
252
253
207
205
404
163
121
34
433
305
182
195
106
43
139
169
272
345
334
242
254
238
273
325
253
16
35
361
197
369
126
40
249
118
155
190
349
392
154
138
170
111
249
100
189
85
415
34
83
107
161
399
12
392
50
142
330
82
110
389
259
434
218
291
223
389
328
202
89
201
369
167
228
72
180
288
106
345
255
254
250
196
316
414
153
423
272
76
69
123
215
304
202
133
274
335
372
36
251
85
392
281
319
101
155
108
401
419
181
378
129
372
362
444
293
77
155
385
349
416
181
276
149
379
230
391
290
55
165
317
336
258
222
377
225
362
164
374
148
334
253
289
291
0
139
25
73
180
316
241
229
266
218
95
108
259
150
137
119
60
225
223
155
126
194
233
118
87
115
129
146
42
183
172
239
294
76
218
333
31
95
29
363
368
226
175
422
245
366
200
77
374
280
84
104
278
189
193
427
367
275
32
219
380
90
292
33
217
194
382
333
155
117
388
244
69
160
126
34
56
73
332
291
278
179
365
60
56
385
180
202
314
89
48
231
78
144
71
108
261
23
224
310
238
397
0
251
299
72
178
31
398
436
414
229
26
115
166
268
189
72
155
375
316
389
175
171
243
209
172
269
90
247
16
302
175
197
175
188
127
413
76
88
84
285
176
330
429
258
173
64
336
123
108
287
374
401
371
320
246
264
38
271
102
332
220
38
384
351
236
147
126
298
137
344
247
20
322
29
172
102
18
80
139
251
333
19
0
147
299
302
276
90
25
414
19
159
173
132
397
255
32
378
404
173
350
192
231
272
137
336
95
274
116
408
101
145
351
367
269
204
282
91
334
67
73
191
312
183
227
232
359
380
318
106
0
194
158
251
123
272
61
33
401
303
148
204
380
78
57
145
80
43
54
280
37
375
384
306
163
101
230
19
215
350
260
97
97
130
389
213
413
150
180
110
95
0
379
314
240
210
115
392
327
410
346
95
145
402
424
42
327
433
291
302
243
150
268
175
209
136
128
246
98
121
390
320
295
138
263
401
251
242
231
108
271
96
365
95
46
129
58
276
235
152
278
155
351
340
384
46
176
360
149
108
356
178
17
66
347
0
91
200
242
18
408
40
402
78
252
346
163
52
50
118
239
79
201
438
395
0
414
333
405
363
155
27
151
130
257
352
128
368
433
401
136
289
247
186
25
260
128
403
240
277
163
129
362
179
278
227
352
355
139
222
259
0
170
13
180
149
218
42
265
381
418
308
76
455
238
201
31
148
66
119
145
130
149
29
129
106
181
122
125
286
373
381
65
341
177
25
377
52
415
129
41
41
394
57
28
73
207
26
442
303
41
369
405
371
140
399
38
430
137
164
40
44
340
150
421
255
254
145
380
16
62
81
207
204
320
387
119
420
49
361
379
216
343
165
90
212
350
342
287
161
399
301
101
400
273
0
406
316
303
333
382
149
371
167
194
77
130
38
172
403
35
241
164
376
266
414
441
432
367
100
191
112
138
252
95
302
418
400
370
257
144
71
213
280
396
388
398
170
260
112
358
60
427
300
242
248
344
73
233
241
197
407
146
153
316
31
386
164
227
135
297
366
104
75
336
199
275
343
28
404
130
52
386
124
296
78
421
159
390
299
415
149
249
377
420
277
199
422
14
62
243
325
134
165
194
17
254
414
268
166
0
116
132
373
75
378
292
114
76
0
58
296
187
323
213
269
182
36
180
81
298
0
49
178
367
370
326
178
321
387
344
370
367
162
272
117
195
44
329
262
207
233
398
164
112
185
390
99
18
99
288
227
220
421
30
410
287
109
74
275
28
148
212
113
182
126
80
94
120
390
238
365
362
26
425
179
112
372
399
291
35
316
36
73
92
316
260
97
229
72
69
245
100
87
91
260
287
422
366
427
210
433
371
53
432
121
245
281
336
214
196
346
241
71
374
129
