515
556
548
524
518
496
516
545
566
556
526
536
571
552
517
567
605
532
573
477
537
530
604
550
577
567
560
553
473
555
554
536
506
554
532
566
595
566
488
562
588
536
561
521
559
540
593
567
529
561
550
490
564
557
564
573
551
539
531
526
549
597
540
545
560
564
545
539
522
486
530
561
539
511
623
547
531
549
538
551
525
549
579
544
582
569
525
496
521
498
548
515
524
562
610
541
533
505
559
528
544
539
546
526
583
545
547
573
519
552
552
498
580
589
559
552
554
570
576
588
523
567
543
519
544
519
578
509
611
576
554
610
518
516
568
535
558
526
564
570
586
516
577
527
531
514
556
531
516
535
542
548
506
530
510
561
539
540
547
533
522
566
498
532
535
515
538
534
545
556
568
515
553
531
599
558
555
561
561
566
540
506
548
607
575
496
554
546
564
539
524
567
560
528
583
575
573
527
533
551
565
610
570
535
569
539
567
586
543
542
480
549
577
542
540
562
543
590
515
537
558
560
528
554
547
483
538
519
585
518
569
524
596
547
528
532
545
544
537
510
558
593
541
535
556
565
586
545
537
553
532
527
526
522
538
529
560
549
551
531
566
574
558
572
568
548
497
547
569
551
521
529
533
516
562
526
585
587
517
526
542
533
516
554
604
515
540
539
520
534
556
535
512
529
606
533
550
522
524
517
537
536
529
526
538
548
543
545
535
542
559
540
541
610
580
603
499
542
510
582
550
574
540
546
525
607
516
597
581
648
538
576
515
572
545
584
500
564
488
555
531
529
536
595
553
585
482
551
573
561
526
528
613
542
533
532
535
532
535
610
536
585
606
536
567
516
583
571
578
580
516
526
597
501
556
503
502
490
521
537
556
558
588
563
541
562
545
556
591
568
525
549
516
569
508
529
541
516
582
505
586
576
511
604
513
518
526
495
497
505
550
568
510
532
561
546
534
583
489
568
546
597
517
611
610
648
562
521
515
620
550
517
568
579
546
541
529
570
560
566
592
551
585
564
538
572
551
515
581
548
533
558
552
550
498
510
552
504
507
499
521
525
567
544
519
578
605
510
565
473
561
515
509
516
602
544
581
555
496
522
559
577
515
515
544
553
554
505
570
535
507
503
541
545
550
568
512
540
574
530
531
578
508
545
544
511
608
510
616
566
477
518
503
561
568
547
499
625
562
476
574
584
509
510
530
483
544
510
541
518
590
581
499
606
545
515
512
572
572
550
508
536
493
539
531
548
576
558
546
590
577
605
567
563
531
512
524
522
534
542
520
514
556
549
588
526
550
548
554
547
532
556
535
558
514
520
525
520
535
505
536
546
537
565
556
567
537
543
515
573
517
562
497
522
632
522
542
538
548
541
562
545
535
563
533
553
559
557
575
566
551
530
584
546
556
504
537
535
582
587
539
498
583
586
522
509
514
557
588
568
521
534
510
596
576
579
538
595
553
525
540
545
525
546
528
602
541
559
562
559
495
556
539
615
520
516
556
555
531
529
505
546
577
556
515
546
493
536
571
529
564
589
504
618
498
582
568
491
546
537
552
551
592
520
576
538
582
544
532
561
535
560
537
549
502
530
574
561
540
567
563
493
573
540
586
532
513
575
509
624
512
575
529
587
572
478
542
619
586
558
563
585
520
573
552
542
503
508
527
563
643
516
548
558
581
501
535
527
521
547
577
582
515
543
585
526
536
562
558
569
553
549
578
570
573
555
549
522
574
519
524
540
581
493
550
512
486
537
478
567
534
561
575
541
514
514
578
540
522
576
588
524
525
542
583
528
539
550
562
540
540
507
543
533
616
578
535
584
559
524
507
554
515
495
530
543
523
532
548
529
514
566
505
581
528
538
561
547
561
570
569
544
537
563
556
546
501
567
514
565
544
533
554
520
559
526
498
524
510
569
570
575
517
553
543
530
551
501
545
525
498
578
592
518
569
527
557
533
524
547
572
537
538
561
586
578
570
573
528
534
490
555
589
558
496
561
561
521
566
528
525
545
546
576
583
580
604
541
532
562
507
519
594
568
544
523
517
515
545
510
583
598
512
529
497
573
583
543
578
544
572
546
535
507
559
518
541
535
559
530
560
521
517
523
513
564
523
496
546
565
604
512
566
537
556
562
525
586
510
545
504
516
544
609
533
579
563
552
559
519
536
515
537
543
555
528
533
556
549
580
483
561
482
583
547
556
534
521
537
602
583
592
523
549
539
547
564
602
573
534
549
529
592
510
545
539
554
558
557
580
546
566
501
526
563
506
594
554
498
535
484
562
560
537
515
594
507
556
585
605
556
557
511
536
520
510
528
549
552
523
584
574
575
538
547
563
526
519
493
599
583
547
552
553
549
575
602
531
544
546
500
558
580
527
540
543
555
528
562
533
574
566
530
535
554
542
534
585
536
572
574
559
521
583
518
539
537
578
587
575
515
511
571
564
604
533
494
510
504
548
550
549
539
584
481
553
539
521
588
552
533
507
590
544
495
542
533
509
544
522
565
518
584
507
515
570
560
521
509
568
506
561
534
530
573
586
536
558
552
564
629
538
565
590
589
524
484
545
578
544
505
535
494
549
591
538
508
508
547
567
562
530
541
514
585
507
527
572
527
507
541
534
576
502
549
570
587
550
566
521
617
545
543
555
561
544
625
548
555
553
587
573
537
550
579
550
542
539
602
537
522
545
545
515
558
477
487
552
535
551
533
565
597
547
539
524
521
597
603
530
526
546
493
590
583
582
540
532
539
519
512
547
498
530
527
509
535
580
538
584
507
565
569
557
525
531
541
546
565
537
538
520
531
550
526
524
564
540
630
485
556
542
532
561
621
598
505
515
547
539
535
551
570
557
556
586
589
572
589
535
581
584
536
511
520
505
561
589
532
495
555
493
542
519
531
494
562
543
556
538
554
543
521
538
576
513
557
527
626
559
613
529
537
581
546
581
503
525
529
531
568
527
572
541
560
522
564
551
527
472
488
573
530
552
485
599
611
556
575
544
567
565
518
525
513
536
568
554
530
544
514
536
489
563
558
537
567
562
564
506
507
565
557
577
528
554
487
606
560
484
534
555
567
554
579
557
508
591
612
590
609
536
578
524
511
564
563
511
593
551
565
535
502
576
556
563
557
518
545
552
569
548
511
576
563
504
488
579
481
549
527
576
577
547
574
560
548
550
580
544
623
546
543
570
605
501
547
517
568
586
531
604
553
532
579
591
587
535
544
539
568
551
591
582
550
566
547
581
527
593
564
540
542
588
516
554
539
566
554
622
519
529
508
512
553
570
557
569
560
564
562
498
559
566
478
551
596
538
577
533
615
543
562
556
524
515
548
475
515
549
511
566
507
507
544
552
577
527
512
567
478
503
511
588
603
501
581
574
532
575
563
513
516
589
550
583
518
543
487
534
531
522
556
574
539
518
546
555
583
529
549
508
588
559
546
536
553
550
531
521
548
537
514
566
598
560
573
547
527
579
523
561
521
556
549
556
556
558
559
561
535
487
539
534
558
533
537
547
563
539
578
522
501
539
596
538
511
529
574
594
573
536
563
542
556
551
582
543
553
541
547
615
544
507
570
558
547
556
556
530
567
558
567
518
558
529
586
552
507
535
580
593
547
512
558
574
563
527
496
533
533
539
578
559
523
543
559
569
574
555
564
548
571
502
566
546
543
508
499
558
583
519
564
539
589
568
566
529
543
576
495
616
567
548
556
524
520
574
545
535
542
500
551
521
510
535
492
618
536
516
509
609
527
552
546
539
580
545
594
571
590
595
522
553
540
562
533
552
520
515
521
552
539
527
542
571
574
527
570
570
522
574
509
512
567
539
558
616
522
529
586
488
545
520
524
540
508
558
563
544
577
514
593
576
583
525
466
546
595
531
486
527
533
554
543
536
540
551
542
550
613
516
501
509
553
546
536
565
549
636
553
545
466
566
533
560
540
620
565
543
516
523
517
503
551
536
555
605
612
524
559
550
585
568
532
524
508
523
506
641
552
504
523
545
616
579
543
537
548
565
510
591
526
589
549
583
482
529
557
560
561
557
548
569
583
533
529
515
528
536
566
521
548
574
525
599
503
531
571
544
610
546
521
531
569
555
586
543
576
546
547
563
532
506
497
545
525
554
597
568
575
615
555
572
520
508
517
568
532
584
556
536
547
527
537
549
567
516
533
571
587
542
553
566
524
577
523
555
563
558
543
530
546
539
604
552
582
546
551
528
538
553
536
560
577
547
548
533
562
581
548
558
510
508
512
574
536
520
557
587
557
549
499
568
571
531
582
530
529
516
616
559
526
553
570
516
555
572
548
564
537
598
555
544
571
539
521
542
543
555
571
578
559
511
542
551
518
524
553
569
525
594
523
580
550
520
544
558
517
549
581
574
536
533
526
562
559
513
571
519
500
518
565
540
608
568
518
584
528
566
545
523
506
539
501
547
578
620
526
552
578
563
599
523
533
563
541
518
515
553
594
494
531
551
547
544
525
493
520
584
550
551
553
596
585
586
527
524
501
516
550
554
578
597
547
565
570
586
541
552
583
558
590
603
525
555
634
498
555
592
505
542
567
539
533
572
538
589
540
587
578
546
538
579
571
484
526
520
539
562
574
557
524
541
562
531
555
542
586
470
560
568
540
523
590
526
464
535
517
586
548
528
533
505
532
558
542
554
511
600
514
522
581
517
543
562
551
545
559
578
539
542
543
562
602
549
578
594
551
535
537
541
514
505
547
564
568
547
500
512
524
516
606
536
576
523
494
544
557
567
566
548
575
537
552
532
525
583
558
589
559
587
539
513
559
539
562
479
561
529
550
552
597
514
628
539
540
543
570
588
526
569
588
529
512
518
519
580
565
542
563
558
546
563
557
525
546
548
570
533
564
539
601
559
536
519
540
530
542
526
524
510
569
542
566
615
523
485
502
566
531
578
546
559
505
565
541
570
562
514
588
567
590
535
528
506
592
573
554
557
579
540
583
522
511
522
518
540
522
560
556
516
543
579
551
496
520
545
556
521
570
533
544
586
598
561
520
525
615
609
538
527
541
544
581
573
587
536
526
539
518
562
609
583
580
539
491
590
561
552
608
564
537
530
556
556
551
618
542
525
518
535
552
587
488
591
532
521
527
557
509
550
568
530
505
550
587
556
498
572
525
603
495
565
581
579
608
516
557
540
551
561
543
515
544
517
505
552
562
566
572
548
509
577
512
528
607
530
509
504
569
558
568
495
565
577
570
525
535
535
562
475
518
587
529
548
531
549
598
556
562
551
512
555
547
580
530
567
561
462
566
520
581
597
558
587
515
513
578
524
540
533
535
587
505
567
536
543
557
555
576
513
548
516
539
543
552
529
567
554
507
576
522
571
534
556
541
526
577
522
545
574
600
539
577
523
536
525
578
542
585
513
544
538
515
507
587
528
563
600
494
562
570
544
534
586
556
578
553
565
579
597
553
535
558
598
551
546
550
530
582
478
602
566
547
523
560
542
522
534
492
518
594
564
503
558
602
538
533
542
516
564
575
503
592
506
563
523
511
564
494
596
556
490
580
572
511
567
539
544
541
568
561
549
611
571
547
560
555
549
593
596
605
561
534
543
514
553
527
543
532
574
509
549
534
528
537
549
549
548
557
534
502
539
555
532
549
552
563
568
500
574
541
560
550
577
502
563
592
555
555
594
563
535
557
507
559
522
535
574
554
540
565
501
517
522
571
554
562
541
524
573
547
526
502
512
581
570
530
548
545
528
534
553
521
533
607
528
588
538
559
599
505
579
539
602
569
528
553
519
540
538
537
594
560
527
524
573
589
522
513
545
560
541
547
556
503
524
546
571
513
555
529
573
508
567
523
527
549
554
587
531
561
546
539
582
539
561
558
521
536
509
513
541
556
589
541
612
568
506
544
550
587
547
530
621
585
548
560
578
502
549
516
547
540
567
577
546
517
565
581
566
550
522
602
557
507
531
501
566
562
498
575
533
514
552
516
544
538
593
562
505
555
518
556
617
567
533
554
545
513
532
549
572
574
522
485
537
544
575
583
527
511
529
537
576
561
524
521
537
603
561
564
536
528
572
548
559
543
547
516
549
521
565
497
530
554
526
525
537
536
582
531
524
517
573
564
530
550
511
562
522
527
577
529
543
513
528
527
500
571
555
513
543
603
549
510
547
542
508
597
510
560
559
494
539
480
515
576
521
568
598
579
601
502
585
550
542
571
503
586
561
533
535
588
563
530
505
603
564
536
540
564
547
565
578
516
535
563
604
544
578
535
576
500
529
477
540
551
516
535
492
526
550
546
589
536
533
547
543
554
555
553
531
510
553
558
551
503
578
543
550
522
579
569
521
571
550
545
555
512
566
513
542
605
547
566
529
546
536
553
588
539
546
530
516
532
576
570
549
522
590
529
557
546
546
548
553
545
501
523
551
574
535
554
550
544
533
558
530
523
549
548
577
513
542
544
517
587
515
528
582
590
542
544
539
532
578
530
567
572
552
586
570
531
551
549
609
556
534
525
548
533
558
545
574
549
538
535
501
511
541
515
546
495
511
554
613
514
511
587
543
531
564
540
578
583
554
554
566
511
504
536
601
600
499
573
540
534
508
542
582
570
512
565
481
559
536
509
539
586
595
527
545
567
545
583
551
519
508
533
544
568
524
531
583
506
532
523
543
568
512
519
525
601
556
534
601
506
551
533
572
601
565
579
553
566
564
551
548
601
541
523
497
533
529
544
542
541
502
539
573
557
517
514
510
511
513
588
528
538
561
532
533
568
538
568
512
565
600
563
530
551
522
519
557
567
541
568
539
555
544
551
605
558
516
562
517
578
534
531
487
541
505
500
537
526
588
570
531
522
534
555
571
590
534
530
545
583
543
608
578
565
554
555
579
561
534
579
533
542
530
579
600
559
548
569
565
512
530
540
561
565
537
525
594
536
546
559
552
554
564
515
513
528
538
542
557
517
547
536
506
559
568
592
556
523
534
566
566
563
555
539
635
554
519
541
586
545
562
562
516
605
525
607
486
590
537
531
552
537
556
573
613
499
548
516
567
516
547
576
518
554
580
519
521
540
560
611
554
541
522
535
556
562
571
508
608
534
597
540
536
520
578
558
565
489
558
568
599
538
568
525
590
547
593
545
508
571
548
533
519
544
516
581
523
501
564
532
542
581
565
560
584
504
511
564
567
559
535
544
546
600
552
551
533
568
570
541
507
534
507
531
551
538
573
545
510
477
543
591
546
579
553
549
540
535
598
553
564
536
566
550
573
517
549
558
542
546
545
553
547
477
522
542
539
522
561
576
530
576
598
568
538
520
533
565
563
551
550
571
591
516
548
498
538
539
519
553
547
581
534
553
528
527
509
561
532
554
516
537
590
518
530
514
568
542
542
531
566
548
530
544
514
537
593
541
532
557
582
517
521
557
555
584
536
515
539
573
492
575
545
464
516
581
526
549
521
525
614
541
546
558
518
528
488
594
579
583
548
547
537
557
518
564
565
565
532
563
561
546
557
518
580
562
586
512
533
530
575
566
552
521
574
567
515
524
534
495
580
589
511
561
530
516
563
556
552
603
539
539
553
543
553
539
521
516
544
543
538
515
530
579
512
545
478
548
554
520
566
559
579
568
554
552
549
576
551
533
518
549
524
557
529
494
529
536
526
571
578
557
517
586
553
570
556
524
553
552
509
565
580
537
544
549
524
519
549
529
530
508
590
526
555
516
536
574
512
569
527
578
526
499
608
558
555
601
546
598
529
525
535
536
533
536
539
516
549
518
567
559
580
571
565
526
579
537
564
541
511
556
529
578
557
544
536
579
556
508
531
524
559
532
519
538
522
507
550
569
538
544
602
550
567
548
548
567
491
610
588
517
559
540
582
564
562
537
530
547
582
517
565
550
520
574
542
580
596
537
549
548
523
566
507
556
514
544
522
569
558
616
570
550
541
535
553
519
546
513
543
531
553
577
501
570
567
568
586
584
500
529
581
540
571
540
555
579
560
518
529
532
586
516
536
565
552
556
571
558
582
497
598
568
513
522
528
536
571
483
547
603
537
516
527
574
523
582
569
529
540
573
579
548
547
567
545
576
580
547
558
572
528
527
575
575
500
581
591
585
537
528
532
525
547
546
496
530
519
572
519
519
567
540
529
548
550
571
536
511
532
572
547
571
589
560
571
575
570
547
543
536
594
544
535
517
558
599
545
584
557
542
518
544
569
530
619
543
594
560
537
561
530
575
561
554
603
544
566
547
494
575
538
565
498
583
563
548
531
525
543
539
600
559
542
578
500
557
523
506
605
517
553
494
514
559
523
574
553
520
606
508
535
591
562
543
585
546
550
598
549
546
564
557
560
522
527
510
557
550
549
586
571
570
571
515
521
579
554
548
573
580
539
507
519
556
562
623
560
527
572
545
537
553
525
551
556
539
576
579
547
562
540
532
599
560
586
593
547
519
533
530
534
591
514
578
565
578
578
512
549
532
488
539
543
519
514
557
558
513
630
592
545
511
566
555
578
536
561
528
521
556
502
547
524
525
515
561
529
519
534
545
543
548
571
570
472
554
532
463
557
612
548
551
600
507
545
552
576
551
516
570
504
539
580
588
540
520
594
548
530
568
594
567
497
559
556
546
583
542
559
529
533
552
532
540
525
556
505
531
548
564
553
517
640
560
527
520
552
476
579
492
532
556
511
555
560
573
556
586
522
558
548
563
585
553
573
571
609
562
549
544
540
535
542
513
590
523
575
557
504
532
532
553
561
505
583
557
507
550
550
566
505
564
568
516
515
522
531
580
567
498
526
562
570
554
567
571
536
550
563
504
569
499
571
613
550
542
493
567
500
514
528
503
539
533
563
515
584
515
572
520
546
542
541
566
547
580
573
557
554
553
514
523
527
545
532
540
511
544
554
512
550
552
517
548
560
556
564
587
544
535
522
538
570
532
569
582
572
554
511
554
502
544
532
538
524
549
561
526
561
573
516
608
533
532
543
537
543
566
534
537
552
590
576
570
535
532
519
537
532
542
560
592
543
535
558
559
569
518
543
539
544
568
559
615
568
568
527
475
556
549
565
521
572
540
537
562
575
542
597
583
507
557
534
559
537
517
541
582
509
513
503
552
574
571
492
607
509
565
509
516
552
547
539
560
573
574
545
549
545
538
526
566
581
547
582
527
564
542
521
556
560
548
528
502
524
575
551
567
503
537
551
512
599
595
573
516
546
507
496
573
551
530
579
540
563
526
558
592
556
570
554
526
548
548
493
528
541
524
561
537
577
551
522
548
568
556
522
505
513
529
530
538
560
603
544
560
490
528
579
554
548
566
566
566
545
545
562
548
545
551
516
541
538
618
579
553
531
543
516
541
535
525
536
483
557
535
554
530
578
498
563
554
577
532
591
570
504
553
583
565
551
540
539
538
563
546
516
555
572
594
597
602
525
580
570
536
577
567
558
550
543
533
572
506
519
608
574
525
554
628
512
569
548
555
533
525
612
578
531
506
518
547
563
526
528
595
514
561
570
550
564
516
537
533
571
521
605
535
556
545
537
551
555
555
519
571
564
567
603
575
531
569
561
522
566
585
563
486
575
567
536
576
552
547
543
531
529
516
551
524
557
570
548
536
580
551
590
568
531
552
563
577
557
599
606
577
570
570
550
583
552
526
548
511
512
547
552
581
540
574
569
577
547
568
553
542
541
554
532
568
554
560
543
594
544
529
542
522
569
598
542
589
575
561
501
513
539
553
551
539
544
603
527
548
519
555
535
551
489
505
571
539
568
525
527
555
533
534
565
557
528
549
527
606
576
528
528
555
510
559
515
557
557
515
517
556
544
553
557
545
593
536
577
564
589
583
537
526
561
550
514
542
558
525
529
560
512
568
550
555
521
575
515
558
585
566
556
550
562
560
533
515
513
555
562
526
548
508
592
547
555
568
535
586
559
543
527
541
579
476
539
540
566
527
525
570
571
576
533
575
541
559
550
549
506
618
535
554
509
546
581
552
543
528
568
547
582
563
544
566
552
560
541
552
581
568
547
500
566
536
594
542
546
605
502
523
552
532
531
596
548
563
583
566
502
557
490
525
555
538
519
533
549
588
561
531
536
574
534
528
564
599
532
576
557
516
546
579
566
532
557
518
561
562
551
528
554
524
552
542
590
536
581
557
500
590
530
532
541
546
575
546
575
542
528
548
531
516
525
595
534
590
545
535
496
484
545
594
541
596
495
556
586
502
528
565
561
581
540
541
523
565
581
523
462
573
516
548
536
585
539
607
568
538
565
552
553
571
518
588
541
538
553
500
526
529
535
531
580
542
557
525
541
530
541
481
508
492
533
570
561
531
528
602
527
587
542
523
516
535
570
519
581
519
558
555
532
557
550
525
537
570
552
511
542
577
543
557
577
533
572
538
506
514
573
513
516
515
499
602
513
560
549
564
548
595
507
549
533
570
554
542
509
502
508
554
485
576
558
598
540
525
548
529
512
554
580
611
577
553
549
575
558
507
580
568
488
519
585
555
588
535
563
527
501
547
525
517
539
538
543
552
512
573
587
563
500
555
497
556
585
547
517
541
536
524
564
576
534
547
542
534
547
529
555
537
488
519
525
581
518
558
540
545
617
540
536
579
534
551
517
587
616
555
600
549
583
545
517
544
535
587
547
586
573
564
541
571
556
528
573
553
543
554
569
506
590
535
532
543
514
520
604
513
556
532
584
507
623
528
607
513
526
565
602
538
514
563
538
559
526
588
513
534
540
563
556
556
542
537
545
552
509
508
576
515
549
573
553
576
538
534
543
514
528
563
525
552
583
520
561
536
530
543
543
561
520
494
587
533
527
513
539
529
543
565
574
531
541
549
526
524
516
529
598
529
531
535
503
491
566
490
520
579
550
557
495
604
543
551
563
549
544
500
575
613
576
542
590
576
577
531
528
543
538
572
565
516
522
573
542
527
569
558
546
513
536
576
586
549
550
586
499
480
551
578
559
555
515
597
550
524
555
555
562
531
524
576
559
538
529
606
546
533
519
526
540
530
571
614
535
550
561
530
508
539
568
551
561
586
548
567
534
523
523
508
539
551
534
589
502
578
555
538
588
528
504
531
545
500
532
523
556
516
551
525
547
590
541
576
540
600
543
513
601
518
533
508
570
582
568
574
555
565
546
546
521
500
576
479
579
583
552
527
576
512
491
545
552
546
556
548
574
518
520
546
556
550
528
584
520
540
516
530
523
533
544
555
546
559
567
470
546
567
568
514
560
485
541
527
606
565
551
511
533
509
543
556
560
510
558
544
512
522
547
498
568
513
527
517
587
541
545
490
544
542
577
542
539
