108
127
131
171
570
436
314
411
415
530
16
412
165
516
157
512
134
20
550
364
93
340
106
58
538
414
99
246
464
439
213
219
29
374
388
465
366
424
466
296
37
310
314
493
523
103
66
136
514
362
151
66
63
511
438
180
129
108
266
281
92
296
482
53
515
53
365
216
461
33
196
48
559
426
204
272
246
269
112
208
189
248
493
328
289
63
548
350
335
351
254
137
227
125
498
460
499
328
153
246
527
393
348
314
394
210
501
0
517
343
209
74
43
103
351
459
351
170
429
148
456
138
192
391
157
315
490
123
347
54
357
373
207
361
208
432
162
423
120
355
381
336
413
288
369
0
247
317
117
0
324
496
468
433
45
329
556
162
443
560
87
476
30
290
81
506
103
312
523
345
248
562
367
77
489
48
502
381
379
444
423
20
384
494
233
300
205
0
0
531
173
111
0
500
435
331
396
357
99
551
50
383
258
174
267
0
513
509
85
29
92
185
141
14
368
0
41
538
99
215
160
300
0
354
387
36
365
0
32
246
391
99
472
218
343
528
313
259
143
280
336
386
438
228
445
411
309
79
147
124
430
91
300
238
251
544
270
479
239
270
208
489
336
481
533
493
131
89
436
509
114
517
531
307
124
311
389
454
518
456
48
317
264
85
436
282
495
0
109
225
331
248
264
369
535
206
442
205
310
220
418
253
101
373
61
439
81
483
214
427
518
377
262
524
390
441
209
133
122
90
333
144
0
134
514
226
276
528
173
355
202
203
113
364
42
63
128
31
291
60
510
16
267
126
588
42
164
37
326
362
160
94
488
545
227
555
18
234
82
317
233
146
407
537
284
251
386
488
482
196
270
0
520
357
428
328
156
51
183
182
489
281
36
298
368
257
170
377
38
508
46
0
250
524
430
500
447
245
213
118
420
364
301
218
456
193
204
77
108
0
389
275
506
38
403
104
234
390
529
217
198
417
102
267
499
357
230
115
555
473
162
528
474
444
355
296
226
298
22
291
424
509
414
242
351
140
158
301
404
452
497
511
456
533
156
215
394
0
347
416
507
288
195
366
129
30
216
405
76
116
525
465
170
295
26
527
140
386
143
303
270
549
385
176
56
506
191
405
19
257
183
307
359
383
128
260
261
150
451
87
426
370
473
112
453
137
39
63
424
96
152
420
314
20
68
369
443
519
607
279
175
344
155
353
94
117
421
561
498
382
555
237
291
77
484
193
410
353
273
206
182
243
207
57
179
18
399
477
312
70
211
67
410
57
214
106
452
137
391
488
490
352
433
252
145
286
476
305
523
207
392
365
522
145
489
159
355
136
89
176
208
81
103
506
314
30
259
343
35
531
298
210
506
86
416
513
54
502
503
245
394
124
112
247
193
172
315
372
80
477
75
150
575
451
375
257
177
190
159
305
245
60
370
468
329
510
337
336
165
48
338
527
297
560
561
210
383
356
320
366
272
522
134
287
384
523
490
340
373
266
298
52
105
258
490
240
338
43
472
382
25
39
363
228
74
199
296
448
55
147
216
146
91
549
379
524
485
394
410
465
474
481
343
217
266
43
317
297
480
417
187
190
74
0
335
294
71
523
501
81
203
391
369
53
409
310
480
265
295
208
242
150
156
291
395
273
346
398
428
131
199
449
101
220
445
322
0
481
489
511
350
507
206
245
323
15
300
240
44
309
129
338
459
345
321
0
19
495
374
507
266
127
407
0
336
237
104
246
17
57
180
464
74
498
219
241
174
228
32
0
180
421
307
89
148
178
320
274
384
156
299
96
402
77
46
414
477
398
0
338
299
448
482
450
95
424
382
358
179
234
514
520
257
0
132
502
23
499
113
137
386
126
270
349
151
553
419
63
118
368
111
99
346
41
180
71
521
317
0
60
368
376
159
285
235
92
263
110
264
51
566
72
274
254
334
297
452
64
331
20
54
571
94
137
151
196
86
309
549
510
485
560
292
271
378
455
72
115
527
78
475
314
228
231
60
104
330
219
205
562
83
354
107
235
299
452
364
418
425
82
529
282
565
520
324
492
301
397
334
232
520
228
349
171
260
446
264
230
144
122
270
313
527
358
0
507
222
381
326
0
345
22
180
451
528
257
463
100
398
440
84
260
349
209
466
208
158
322
278
289
161
21
172
275
426
433
140
598
236
380
321
180
521
50
337
547
414
87
370
609
324
506
198
144
458
343
88
52
456
516
446
228
73
264
461
537
394
469
150
77
557
334
491
196
491
29
314
430
353
141
203
532
226
515
16
222
475
305
237
326
23
311
381
536
249
306
374
581
479
456
87
199
133
174
125
484
192
421
235
16
156
169
95
198
416
429
558
330
336
257
313
347
127
548
222
330
244
168
49
348
395
309
308
187
236
467
387
100
286
583
191
425
424
253
157
86
353
522
170
538
422
316
103
226
294
398
94
283
394
281
164
455
36
485
86
436
79
513
534
483
282
262
75
96
36
497
518
139
432
308
348
176
447
424
0
0
31
121
331
27
309
47
151
121
576
348
178
216
306
501
114
207
285
399
17
485
188
357
449
281
127
162
496
511
184
316
86
60
434
528
128
256
121
516
278
200
47
583
399
424
297
466
169
30
169
246
332
398
534
418
161
203
214
492
537
379
257
484
159
253
91
103
367
247
475
20
95
160
144
207
100
452
314
212
514
169
289
395
270
277
371
537
178
149
179
394
227
121
115
228
382
354
450
582
469
182
189
410
478
399
191
259
224
506
266
423
187
533
0
218
355
288
393
59
122
86
482
502
76
79
85
235
303
412
427
200
454
166
365
241
355
340
563
132
244
457
269
347
272
120
481
178
170
344
469
19
372
122
120
375
471
120
211
351
349
376
108
271
456
197
215
548
89
493
64
349
161
66
353
258
206
210
352
56
525
528
0
523
165
441
114
251
481
256
325
219
215
140
292
39
466
316
407
172
0
97
135
243
31
296
217
150
350
413
459
484
242
430
139
307
322
422
186
109
94
367
497
538
160
471
210
147
22
359
469
426
155
227
62
284
303
395
508
251
246
243
57
167
209
452
437
58
57
274
204
83
187
427
447
458
253
0
39
376
127
371
0
396
98
0
498
484
20
187
522
300
315
570
176
461
262
394
432
100
492
336
400
462
417
352
92
247
436
178
255
273
412
167
465
545
31
193
188
115
163
254
381
43
430
434
570
83
423
166
414
120
73
341
257
101
432
206
253
513
397
593
355
297
272
347
532
417
276
580
291
257
212
194
42
208
394
537
189
487
468
309
360
332
261
30
422
241
310
505
534
193
360
148
545
335
472
467
186
244
252
49
96
291
0
332
520
17
484
182
395
382
297
333
300
168
290
147
117
407
323
533
530
433
278
326
227
505
458
481
174
365
391
257
387
152
248
548
177
225
93
40
425
184
499
144
298
469
330
124
84
532
254
351
301
88
52
276
249
228
404
35
522
187
299
373
201
150
419
458
336
534
41
392
171
192
254
283
310
304
213
188
267
115
116
308
171
318
324
184
347
538
458
393
556
420
425
124
275
196
78
16
238
455
311
544
23
239
497
381
285
253
316
405
413
426
281
23
210
533
172
163
385
54
448
493
126
605
574
526
400
253
461
98
148
569
142
325
34
198
234
68
124
253
493
119
80
263
487
344
235
98
393
502
288
247
46
385
484
138
100
353
494
74
83
205
230
415
349
517
174
546
232
29
414
70
489
512
94
388
230
552
228
132
387
472
86
227
25
188
258
318
340
65
94
158
305
433
281
0
510
368
79
211
503
352
377
353
69
495
251
231
204
208
235
149
355
260
239
358
420
401
149
182
219
367
317
537
242
289
489
278
307
56
163
138
367
113
482
199
334
0
0
213
192
337
109
304
401
285
521
341
248
35
343
411
517
210
337
199
120
234
31
114
0
413
476
229
24
475
255
198
196
476
412
87
33
255
500
229
37
186
109
258
413
112
522
492
278
452
526
217
343
154
295
172
169
46
431
373
190
113
127
42
201
355
303
503
224
513
262
85
436
91
256
461
193
69
17
96
268
300
291
448
412
540
40
363
427
128
214
167
81
467
577
278
259
111
537
87
468
345
346
324
569
394
432
101
441
160
240
125
225
78
431
298
540
321
72
286
469
165
46
225
431
64
295
507
388
370
573
523
339
332
76
172
450
395
565
363
165
84
533
77
109
224
75
257
64
196
488
451
346
543
260
518
357
174
179
293
164
223
252
147
357
575
504
307
143
411
470
41
564
79
368
399
303
398
119
62
306
319
61
70
350
35
350
207
333
470
78
253
317
170
167
273
61
471
539
403
269
430
93
263
373
266
327
29
114
189
372
534
117
439
444
155
232
67
242
379
536
103
280
158
475
268
24
114
95
58
354
470
381
509
484
31
479
111
438
294
334
523
121
406
518
126
605
506
0
376
34
267
222
466
226
374
224
320
372
130
451
374
418
129
145
164
409
168
266
42
316
331
580
77
487
183
139
279
0
266
80
384
308
353
408
67
211
379
302
337
231
70
30
198
328
460
85
180
43
319
298
357
472
212
66
14
388
190
182
287
19
256
65
413
314
529
556
330
420
24
250
112
250
462
452
315
86
101
210
42
186
233
197
193
0
441
360
200
284
19
465
136
447
106
33
539
178
200
215
330
193
397
13
365
488
269
386
433
280
353
383
57
146
451
552
78
0
346
545
446
122
255
32
102
201
75
246
363
359
203
45
172
305
346
62
197
294
184
212
66
0
110
95
14
434
397
365
171
135
411
83
213
265
325
20
367
283
64
254
9
279
214
99
163
22
275
515
549
92
441
474
467
506
144
600
335
475
472
19
20
500
356
153
439
378
568
261
449
163
333
578
400
440
429
183
262
297
535
185
365
70
56
72
546
423
0
114
439
316
259
497
284
573
183
77
116
363
411
339
63
541
133
275
463
340
31
355
318
488
355
534
136
100
25
0
180
536
599
232
194
527
408
144
265
101
443
148
393
159
48
98
143
386
65
370
41
332
292
76
225
409
242
237
482
92
461
300
251
512
291
396
68
353
330
177
245
0
324
433
75
318
405
70
497
352
271
352
507
21
118
62
527
141
532
44
141
139
460
98
553
194
229
289
136
501
365
188
315
498
51
179
207
561
452
472
465
294
214
346
458
272
406
38
425
313
31
102
494
461
510
375
43
511
213
175
169
518
552
277
305
274
46
176
179
282
442
596
455
337
207
379
79
332
429
107
37
271
166
74
402
511
33
488
330
322
210
29
403
264
308
79
333
84
393
178
234
272
110
496
287
25
125
21
47
222
39
465
17
228
19
57
185
387
402
365
150
547
569
226
272
317
275
408
114
490
446
477
432
430
183
336
555
201
160
301
225
248
212
522
406
198
376
133
141
297
73
239
65
25
544
379
498
121
349
49
360
164
208
477
122
577
150
546
94
367
295
492
67
105
479
17
160
519
478
344
326
92
331
497
225
353
505
477
212
369
336
388
361
451
379
339
486
303
594
407
325
129
48
345
204
41
111
130
480
38
359
300
288
469
399
73
116
313
31
146
360
505
85
221
197
0
28
501
403
366
257
441
100
169
373
147
68
527
34
19
21
199
220
283
34
57
459
466
129
139
501
203
153
530
213
170
84
28
373
117
181
523
164
472
238
577
0
201
404
268
199
228
23
10
516
163
78
208
509
96
60
430
266
244
496
330
125
77
303
360
463
339
557
187
499
234
116
23
427
402
346
461
320
93
419
309
525
541
409
566
309
538
24
137
77
97
156
124
103
460
400
166
536
43
61
179
23
414
281
187
271
394
122
169
430
500
66
0
555
289
111
367
224
354
514
35
411
318
95
497
261
71
210
409
269
186
355
72
162
352
436
0
132
121
93
446
377
293
153
450
21
358
368
318
292
451
62
221
73
133
57
386
407
281
495
528
405
43
265
59
520
0
528
249
446
237
414
142
114
414
144
344
528
360
441
153
377
57
388
193
134
423
508
130
523
228
75
225
118
308
408
435
470
111
151
84
477
89
370
188
546
62
392
277
371
259
158
556
214
180
526
239
251
324
302
223
497
320
28
356
527
174
217
176
520
143
0
66
389
138
111
359
316
325
269
414
168
419
349
162
322
248
269
49
535
37
102
587
300
336
453
454
211
474
513
30
545
257
454
364
519
178
547
536
352
280
518
77
192
588
324
472
575
262
504
403
223
517
377
443
96
240
177
56
279
176
263
517
380
543
94
511
118
119
87
551
317
433
14
408
266
141
199
126
86
257
460
92
244
48
576
152
168
302
258
225
536
425
145
473
220
224
198
311
117
296
268
502
358
47
113
207
506
57
188
63
483
259
440
533
402
42
319
213
248
216
424
321
484
39
61
535
306
291
102
368
356
289
412
37
515
162
46
74
180
454
289
476
570
297
275
436
334
71
144
460
313
72
301
227
529
260
547
534
252
239
519
189
69
261
65
333
237
244
283
385
230
24
215
212
126
424
248
143
425
265
26
222
136
330
166
134
232
412
130
431
286
63
88
194
455
43
288
35
109
12
394
280
105
153
533
105
184
57
396
335
114
205
511
461
494
334
358
418
322
307
254
291
416
0
278
237
408
406
147
272
336
398
214
536
0
23
160
471
104
467
454
371
128
129
433
284
113
109
523
263
313
49
505
536
24
438
458
180
446
521
523
302
407
473
532
360
72
223
428
399
87
422
550
49
184
233
150
516
412
335
413
465
496
362
0
270
158
155
33
146
127
597
92
567
509
389
290
334
87
308
541
543
408
358
0
535
150
272
268
378
331
311
174
444
428
191
390
54
511
116
252
377
463
481
390
133
285
217
126
159
83
474
413
435
344
481
76
431
482
448
426
484
347
121
146
227
328
526
17
497
547
445
56
23
32
360
152
199
221
542
402
363
295
220
139
368
272
308
242
278
0
362
141
290
0
0
129
160
509
29
424
93
140
501
392
373
242
424
312
495
215
447
308
0
325
420
0
389
111
420
239
470
286
36
386
445
265
220
468
235
183
229
528
273
30
384
264
390
462
311
572
295
351
176
77
47
139
545
282
122
503
177
379
361
271
373
524
309
431
500
204
507
223
139
166
80
325
471
50
174
357
222
375
417
276
347
487
92
236
31
115
428
481
187
156
264
96
476
359
0
0
494
291
396
323
337
378
239
229
380
387
272
163
411
537
220
368
432
403
252
376
252
544
554
464
80
271
284
101
253
28
176
503
236
0
317
187
290
82
16
508
369
257
186
156
494
471
61
264
73
479
503
274
202
412
247
315
506
316
172
358
446
393
133
430
369
207
384
501
404
102
141
557
86
455
0
318
374
554
233
191
84
258
410
80
42
0
481
433
284
593
460
477
235
390
0
273
299
330
361
329
112
21
349
172
159
206
479
467
400
373
118
418
586
104
227
326
491
375
84
443
161
222
564
343
43
183
473
92
216
145
216
474
20
44
140
367
574
532
73
202
68
244
323
89
0
193
358
206
453
235
503
448
0
542
409
358
336
0
494
19
68
163
209
149
175
412
571
105
248
0
241
386
138
550
25
481
542
335
22
113
422
560
182
398
189
563
166
25
595
33
473
325
450
83
397
71
47
408
545
204
268
244
88
534
533
139
563
418
431
464
12
106
502
73
0
231
416
0
307
571
123
499
33
401
464
273
261
238
238
316
380
217
525
336
118
148
133
152
480
223
300
155
75
382
495
162
31
25
514
451
269
207
44
315
102
224
286
115
208
550
289
175
417
73
107
103
67
525
128
479
350
92
566
539
81
198
202
145
117
167
463
411
365
240
482
275
297
114
164
102
465
388
142
259
236
459
437
285
544
559
243
138
348
321
60
54
592
208
513
517
102
426
18
342
0
39
494
242
354
349
306
223
298
214
27
517
156
135
127
439
437
333
0
486
561
79
210
223
91
116
349
495
322
358
525
532
142
533
96
145
205
139
518
115
405
489
71
322
534
481
88
72
328
506
32
280
160
293
349
489
75
457
305
107
169
390
159
327
173
211
90
287
254
265
431
500
77
261
366
160
58
422
497
261
80
196
141
413
172
346
191
159
415
148
577
413
190
151
217
368
128
548
236
313
38
399
119
372
318
166
302
156
211
517
222
224
185
58
358
529
171
126
50
574
459
385
432
148
519
220
154
41
117
260
486
73
440
281
72
111
149
271
93
122
67
387
402
578
476
142
50
379
232
469
390
338
161
76
149
482
283
336
263
138
152
577
445
555
0
429
383
44
167
203
0
384
196
75
268
427
304
503
437
133
485
217
522
420
525
377
221
570
391
69
83
99
194
340
382
400
224
376
449
166
290
551
406
447
104
26
327
375
454
251
149
176
425
126
174
385
415
26
278
462
0
377
212
60
298
467
427
549
464
24
391
473
434
434
510
238
429
421
554
217
226
185
554
326
465
102
523
305
48
390
266
70
43
132
225
379
535
228
147
215
74
118
33
536
212
90
96
16
352
139
388
244
481
415
186
114
133
74
353
255
216
296
565
317
363
439
274
26
344
53
132
516
78
149
397
503
281
138
34
315
372
85
186
324
136
377
348
117
176
466
421
539
0
509
171
328
190
354
378
200
82
466
264
223
60
237
184
38
149
480
495
87
307
114
50
64
75
405
138
137
442
76
256
218
387
422
456
346
380
466
465
432
342
363
167
292
499
556
27
288
14
91
497
234
118
394
19
223
87
536
284
389
464
111
487
109
528
494
386
197
187
230
62
19
296
160
335
513
505
115
300
23
120
480
174
215
165
564
466
493
375
208
167
532
31
213
482
384
272
438
300
175
438
296
78
397
332
468
367
121
339
283
363
214
270
574
198
413
59
199
372
189
536
0
157
48
182
142
369
329
40
481
170
447
329
375
447
23
396
305
261
144
226
51
229
350
260
92
455
477
525
132
114
541
404
381
516
485
174
0
487
82
538
196
242
189
360
374
126
404
456
289
347
598
296
207
139
484
82
293
421
299
251
457
156
123
86
389
549
464
286
334
241
522
168
0
452
414
226
421
469
184
262
324
0
376
395
428
300
140
180
229
0
421
397
272
244
179
425
529
223
394
349
129
447
472
68
211
363
579
319
403
536
58
462
330
273
208
325
418
409
478
0
439
487
581
133
509
237
305
95
485
441
546
229
353
0
274
171
516
496
542
374
494
463
566
89
508
29
233
44
32
73
422
360
168
172
511
212
425
225
217
467
101
162
424
348
40
522
130
85
57
520
197
439
381
82
75
266
356
99
157
521
573
239
397
295
84
194
41
96
196
560
49
146
24
36
508
115
0
380
364
433
452
219
544
154
429
457
388
163
79
495
232
489
135
200
493
112
27
152
416
309
484
80
476
489
494
309
197
55
0
189
512
398
136
345
454
531
322
482
515
452
125
323
106
94
64
184
477
342
93
0
507
250
237
222
32
59
502
131
64
301
474
22
0
267
448
315
566
242
336
181
336
178
79
380
430
231
547
160
427
467
306
102
99
499
137
527
63
226
24
322
153
273
205
90
20
287
72
191
140
555
345
241
194
468
81
88
301
503
594
211
0
385
560
317
340
164
353
483
183
130
0
481
201
99
396
416
551
216
279
526
443
174
415
453
163
141
400
219
501
236
465
515
460
177
438
232
445
476
216
229
552
115
135
312
483
499
500
536
173
546
440
75
312
386
408
535
471
412
161
404
386
541
490
145
171
517
21
484
312
390
461
584
88
549
204
249
474
80
562
542
243
134
307
92
486
103
466
83
451
178
339
19
375
324
506
177
429
94
237
498
374
474
349
247
126
243
75
182
411
476
214
595
49
433
408
36
336
62
309
516
509
307
355
348
475
476
464
286
104
288
536
244
386
214
117
519
489
152
383
96
0
123
197
382
141
466
430
429
526
471
323
423
207
269
167
352
444
361
29
152
31
453
289
458
462
508
354
202
222
336
383
534
159
393
535
518
342
103
531
295
380
416
158
476
437
529
357
319
372
428
76
351
242
441
130
536
319
158
162
303
162
60
33
358
149
308
127
91
620
50
497
88
554
326
364
485
442
117
208
234
557
501
336
292
481
81
420
413
321
365
500
27
509
318
211
502
418
312
555
190
312
424
420
201
71
528
93
219
371
278
272
452
270
158
393
219
321
509
483
507
127
471
506
307
547
366
203
418
332
40
398
429
499
390
388
261
380
58
322
151
39
522
113
409
163
495
466
495
429
95
269
576
536
0
521
462
414
412
167
42
354
302
162
55
219
524
344
457
210
93
282
256
396
409
366
298
176
279
205
479
97
0
125
175
279
309
56
105
475
361
307
435
58
214
351
341
54
381
271
439
0
384
140
334
60
207
232
166
330
408
233
539
281
174
0
483
427
505
205
119
82
228
512
472
514
367
375
0
273
468
71
146
559
106
230
163
207
140
82
357
260
453
416
210
208
448
240
539
544
301
176
434
386
0
544
464
488
269
384
362
231
319
256
568
142
420
215
499
303
315
236
329
338
315
140
442
508
406
326
119
177
194
503
143
202
338
345
573
447
409
525
411
106
400
75
127
157
253
506
218
279
76
187
312
365
217
153
132
191
383
375
189
122
488
96
385
67
28
540
0
142
197
0
80
32
33
231
51
468
472
104
271
559
