170
131
418
326
161
229
571
226
300
30
286
259
285
415
380
86
153
302
149
408
264
205
466
263
91
346
224
336
296
195
384
92
348
77
314
321
43
314
296
354
37
401
0
470
60
370
129
409
299
87
293
455
77
380
211
290
299
347
246
333
235
411
25
405
176
230
206
325
242
104
58
159
76
500
210
446
149
421
502
125
83
82
48
434
193
252
479
531
165
369
331
319
228
422
380
247
50
376
272
73
356
129
0
155
508
502
103
271
402
406
281
210
0
279
167
341
479
257
115
540
417
257
350
191
118
531
441
146
493
347
508
294
210
26
463
437
118
411
279
240
228
193
89
239
312
519
450
399
50
22
279
57
443
256
72
216
332
191
80
111
481
505
0
53
460
475
340
496
493
460
85
453
74
205
269
376
381
494
487
244
290
231
67
61
119
302
481
274
300
240
276
387
440
368
186
193
241
351
102
230
440
192
379
153
280
83
153
456
28
435
158
359
63
305
416
0
211
225
531
104
337
171
349
106
356
502
457
247
517
313
271
415
214
353
261
113
28
385
494
183
515
156
252
449
135
428
28
315
59
108
111
256
22
20
49
382
440
203
421
223
387
289
109
294
187
269
156
96
194
197
484
454
76
477
383
162
112
174
105
472
45
208
98
377
366
145
521
24
499
273
372
233
439
419
540
25
410
0
435
284
405
306
0
511
141
136
354
408
361
54
501
463
281
361
428
239
206
365
264
103
58
437
68
177
241
305
89
403
60
207
402
383
516
133
476
98
472
136
326
307
475
512
494
167
297
193
315
99
452
0
152
272
461
321
429
386
353
263
173
377
279
220
372
156
303
447
293
213
356
365
546
254
383
491
0
456
200
491
367
413
434
222
39
256
18
437
183
431
294
261
203
208
330
58
466
58
260
52
303
533
523
307
466
70
371
335
283
110
187
343
33
202
75
455
261
424
78
520
307
201
355
132
493
168
276
52
385
85
78
159
357
11
96
295
249
69
254
175
351
80
114
269
480
82
392
475
516
255
221
175
442
208
140
417
476
0
277
516
454
143
217
384
428
423
173
296
356
162
217
396
508
394
392
96
158
131
235
20
397
473
286
107
204
118
41
179
383
335
502
498
151
411
98
360
346
172
255
148
253
200
186
198
494
185
450
60
114
57
484
21
112
462
329
499
117
339
288
375
251
44
24
223
167
306
177
278
540
265
444
157
390
104
160
18
341
164
283
112
323
488
429
17
89
316
326
144
549
293
82
188
235
219
18
74
293
54
289
508
32
372
100
290
461
406
490
21
121
407
70
341
156
98
133
133
488
203
63
190
512
70
267
279
252
58
53
295
359
263
200
188
406
139
240
459
316
350
443
443
106
333
296
167
362
380
384
94
454
398
166
334
388
178
228
13
439
426
417
167
534
253
47
528
459
190
56
339
92
39
317
285
161
305
322
451
282
436
101
463
236
113
129
249
494
223
48
424
111
149
307
478
418
165
287
239
143
45
205
136
39
156
202
79
401
410
371
311
464
293
124
316
23
272
505
447
343
334
205
449
268
56
282
474
488
466
407
272
95
193
122
267
0
0
95
498
181
173
162
476
294
399
350
216
145
166
81
42
24
347
76
131
410
18
397
129
72
252
373
67
132
156
160
136
286
372
341
270
240
32
226
179
33
152
453
453
325
519
0
69
354
22
212
260
422
456
42
381
221
349
370
314
493
89
65
317
298
529
245
377
374
139
522
256
229
68
70
223
314
217
473
470
415
22
76
235
345
271
373
291
247
44
397
427
369
141
451
270
344
284
249
370
108
49
435
306
312
243
290
347
28
115
306
61
286
162
477
260
358
388
436
301
477
279
333
167
66
12
284
464
265
362
287
20
365
228
356
97
148
372
86
64
186
207
357
153
353
361
289
372
385
127
160
260
387
153
191
530
190
353
439
137
484
310
159
259
291
0
266
44
173
97
274
427
270
515
378
418
158
195
62
116
74
67
196
356
45
208
317
459
113
505
26
207
334
347
237
83
119
208
220
157
182
126
259
330
323
412
89
137
293
243
497
397
197
214
284
211
457
413
245
403
309
84
423
341
467
380
170
206
383
51
488
81
141
358
78
523
472
470
160
125
32
230
194
218
318
176
524
290
176
377
462
520
0
47
118
355
486
45
110
412
437
184
471
417
133
31
411
207
302
159
404
178
27
43
19
202
349
384
449
78
195
225
444
173
549
473
483
69
142
325
520
290
460
161
208
348
116
496
429
470
312
0
308
456
381
319
268
484
167
206
399
348
401
191
329
165
0
206
217
485
324
288
64
0
347
479
516
227
277
353
116
278
145
338
446
129
302
472
118
521
482
461
52
0
284
303
434
363
477
463
241
465
169
488
322
344
456
42
420
458
357
32
166
367
384
527
244
393
189
485
142
156
417
327
485
217
341
157
450
358
26
269
401
348
546
473
196
240
225
178
111
261
485
234
268
374
352
48
68
203
251
340
422
284
390
504
221
462
133
150
365
169
178
351
410
432
208
160
57
339
282
385
154
0
0
116
26
508
397
95
34
51
153
350
319
192
243
192
86
68
270
367
457
296
225
254
121
351
460
21
40
116
319
182
343
128
487
512
122
213
430
39
219
59
358
524
214
157
85
117
148
201
111
77
493
522
50
28
434
486
532
171
210
449
333
382
185
109
232
348
538
421
464
355
506
295
294
390
96
176
218
353
159
469
189
202
422
186
213
84
67
187
324
245
357
178
242
477
60
223
319
153
197
280
113
252
315
424
82
573
457
272
113
454
120
513
227
332
434
173
307
224
164
241
179
308
325
422
44
477
228
347
54
80
512
181
290
88
492
289
280
257
304
341
105
479
137
475
448
227
470
229
72
302
0
326
526
227
341
237
494
136
420
67
267
341
376
379
472
46
438
289
278
460
353
191
202
151
206
132
125
483
175
439
123
294
362
300
250
356
12
40
43
472
78
446
424
375
217
273
410
77
132
17
256
247
455
241
71
452
265
243
251
388
518
167
357
444
73
62
130
203
359
302
327
108
115
173
49
427
359
444
411
98
0
30
163
434
301
217
174
224
382
153
210
265
407
496
428
336
137
317
412
213
440
28
134
303
518
221
456
139
168
412
26
410
106
470
268
344
477
485
47
0
189
275
144
40
155
71
0
76
273
212
128
300
353
217
370
292
411
152
137
93
17
493
204
56
435
30
107
57
271
499
21
383
510
327
348
173
322
317
383
444
363
202
448
58
481
400
482
154
63
403
419
392
186
110
73
96
220
277
443
511
73
143
53
356
420
313
458
536
300
325
119
397
198
74
277
170
206
221
166
255
379
15
122
383
298
374
354
307
143
0
386
252
131
358
206
344
65
242
337
79
180
162
113
316
380
396
88
183
424
273
204
139
312
265
361
362
481
134
247
208
56
399
358
538
42
27
64
161
128
68
76
333
118
82
293
200
168
352
223
243
242
160
247
448
455
422
419
33
480
155
278
309
211
67
319
464
102
141
197
164
453
173
0
263
225
476
340
293
94
196
481
179
157
26
437
261
54
267
499
19
312
471
277
453
404
359
136
452
210
59
240
124
252
309
122
116
229
272
111
84
101
488
272
440
267
296
364
297
347
434
183
391
196
524
56
187
486
123
317
234
180
128
129
301
481
0
84
28
26
93
294
431
0
396
206
169
311
267
293
386
512
312
134
113
83
126
281
533
179
274
465
96
0
284
470
401
449
207
56
282
500
56
0
120
476
296
386
158
464
461
337
14
336
88
476
299
233
179
315
374
386
101
114
112
243
109
77
508
391
145
350
154
72
85
401
27
261
89
490
367
261
408
247
25
98
116
440
420
322
430
129
232
304
232
147
188
249
189
40
137
423
86
26
534
358
385
21
51
154
482
440
156
378
328
98
155
338
470
208
188
217
207
383
213
331
361
125
75
368
493
90
395
365
64
417
389
296
480
284
516
333
367
40
441
355
476
222
174
44
158
341
450
400
370
198
245
82
217
512
406
269
35
205
157
491
195
39
497
337
192
337
509
232
361
269
29
210
525
282
302
224
283
90
344
199
106
386
484
444
368
84
277
41
116
251
67
437
206
299
408
251
362
405
126
320
332
540
494
509
208
65
32
330
56
53
318
400
204
17
74
286
359
198
306
237
196
169
32
31
462
345
113
367
249
403
354
71
323
48
431
340
448
135
327
265
416
475
315
414
207
336
108
316
19
215
445
318
146
378
413
221
25
70
109
111
410
445
125
51
214
321
101
186
443
77
0
352
367
269
46
24
413
195
216
465
363
55
164
92
341
96
265
275
442
336
230
148
419
308
64
211
408
534
158
475
301
389
372
163
343
139
79
163
63
134
50
84
459
282
192
354
254
306
457
269
473
338
139
185
360
18
398
295
89
463
403
20
121
57
77
59
353
111
105
159
147
233
366
193
289
402
90
362
276
316
183
281
40
191
411
154
291
173
20
314
154
267
353
67
141
431
110
186
460
264
141
398
455
245
222
19
489
173
148
156
82
439
287
164
52
412
116
142
80
80
46
266
63
225
126
152
74
0
343
412
382
300
0
231
422
109
266
155
87
27
350
90
132
47
67
380
290
453
430
396
250
447
126
134
290
360
164
70
27
481
377
475
343
382
362
274
457
468
433
144
51
354
287
103
333
394
280
54
252
473
334
473
440
312
82
0
126
140
160
266
437
77
90
0
251
95
350
85
223
257
94
478
356
216
357
276
348
306
317
289
442
144
296
33
36
523
106
481
383
219
101
377
254
257
146
404
276
258
38
239
213
179
54
454
62
123
325
204
434
336
282
336
324
18
142
433
276
195
217
97
27
268
128
370
427
44
74
217
155
542
90
109
441
146
114
447
397
166
372
222
203
249
307
116
307
236
23
147
19
167
85
219
480
310
381
256
408
152
298
157
177
0
81
213
139
284
111
237
179
265
111
287
214
316
30
500
30
0
45
76
177
28
222
123
118
198
207
326
485
175
244
362
156
392
78
283
232
395
74
76
0
309
402
205
211
474
25
277
243
142
27
522
467
467
253
243
229
194
317
90
501
171
110
15
166
23
167
225
216
200
375
436
33
280
408
154
424
118
254
515
64
287
189
360
58
326
286
87
476
357
491
113
412
118
428
132
354
400
0
225
349
278
196
150
140
471
181
150
242
129
433
35
0
251
344
296
238
356
85
205
325
346
378
167
219
136
413
0
240
266
449
328
271
179
160
175
551
214
507
471
477
357
304
142
115
111
56
24
503
275
430
195
305
463
183
365
521
418
74
462
375
19
74
151
162
149
126
143
432
289
492
465
430
150
357
147
366
511
438
249
432
450
240
346
160
251
326
408
212
431
495
321
444
102
171
287
133
170
243
127
125
33
209
0
103
560
326
182
102
123
513
63
497
457
305
32
335
425
69
503
203
185
447
529
182
496
19
469
71
95
22
147
111
151
88
420
223
432
298
410
223
318
65
117
488
236
231
36
73
213
169
445
120
388
115
91
410
372
222
499
498
249
82
462
480
509
67
514
407
43
35
442
331
79
379
289
420
176
520
55
72
31
70
351
226
358
135
193
531
100
119
213
130
306
0
434
444
217
117
464
48
102
315
184
122
171
449
504
380
440
344
515
528
360
22
222
246
65
281
397
392
0
315
474
363
509
471
130
440
239
298
180
508
373
321
423
306
175
124
290
202
118
342
244
222
64
409
394
79
0
213
229
354
94
550
387
349
489
79
439
41
460
37
438
432
224
214
334
297
45
468
280
232
203
394
217
118
88
535
441
297
78
0
313
104
426
479
81
440
215
114
319
268
46
48
112
57
488
0
122
359
102
251
395
492
352
449
108
524
40
70
77
450
23
499
432
45
475
382
79
339
20
476
252
175
0
182
160
433
394
287
243
423
321
222
275
237
187
311
158
357
490
102
350
315
305
42
156
444
449
31
143
265
357
229
176
399
27
179
193
459
468
237
54
141
48
82
345
73
217
219
139
223
441
143
0
55
341
455
437
355
97
114
371
434
205
400
0
493
506
478
27
77
27
184
78
438
466
396
174
208
143
172
273
63
215
102
289
311
104
280
219
349
476
303
66
527
344
48
314
249
472
472
308
95
364
301
340
45
444
85
326
271
215
303
466
323
0
504
91
495
452
440
211
421
429
313
281
325
185
154
331
91
345
78
143
78
97
177
348
335
163
306
97
166
384
170
341
253
493
151
356
319
410
11
458
481
35
391
32
156
182
207
122
197
356
123
376
259
253
151
123
414
230
69
327
481
302
278
239
38
122
479
521
308
255
254
16
89
271
341
178
145
490
520
323
425
279
407
503
254
387
185
139
332
441
0
368
90
420
411
438
124
157
326
277
443
16
417
312
235
295
193
116
32
402
376
198
324
344
295
196
438
72
226
207
18
329
324
116
348
515
0
216
228
417
282
544
518
134
208
350
425
245
322
345
306
348
484
198
336
119
392
280
377
202
240
68
155
460
395
402
371
267
136
66
153
364
222
97
368
143
292
357
168
305
150
383
244
519
382
119
91
40
428
382
451
25
437
97
294
384
361
91
176
124
375
221
503
22
171
0
85
155
251
45
377
130
144
230
472
489
166
0
287
384
383
465
162
366
117
462
448
370
360
420
194
293
69
554
489
253
208
328
77
364
135
507
454
423
459
176
0
365
20
309
62
34
435
124
477
106
95
476
134
366
350
63
458
257
342
297
488
139
42
73
237
400
318
313
124
268
292
293
103
19
112
64
264
364
306
336
310
84
27
443
59
476
289
124
267
241
327
255
522
34
151
103
331
479
267
332
481
358
396
152
258
81
208
111
320
465
476
222
465
334
24
132
89
403
309
93
245
53
443
204
224
139
147
34
162
89
251
374
212
96
338
216
55
116
464
27
232
28
460
64
64
477
319
64
299
151
192
116
34
359
367
532
487
167
146
450
427
467
341
206
343
267
483
326
93
249
304
100
323
309
413
489
221
358
111
399
28
84
297
292
288
35
474
293
339
440
345
150
321
52
74
50
145
363
392
428
433
25
525
296
170
75
44
212
100
472
485
419
300
26
151
98
320
174
558
114
390
360
343
484
167
88
131
349
43
216
210
218
260
266
392
194
472
326
20
97
81
331
525
466
124
106
238
144
73
409
272
193
164
186
173
197
475
268
368
68
511
272
423
108
185
129
351
443
105
60
98
313
316
252
232
369
188
412
418
145
161
41
22
297
75
123
346
290
391
452
366
482
368
35
391
371
301
129
375
381
19
190
509
165
414
55
269
17
155
455
227
241
355
456
117
330
299
232
201
378
207
280
495
362
241
332
423
424
544
403
84
262
354
254
235
94
109
415
443
121
300
325
72
507
491
161
172
21
61
79
523
470
505
189
408
244
429
88
237
220
137
453
200
300
356
207
85
531
456
396
65
121
277
150
407
338
448
207
288
305
298
201
422
405
125
199
444
73
105
345
85
185
475
66
390
464
371
184
165
202
78
226
436
324
149
174
222
364
488
289
310
131
15
512
151
545
556
358
73
91
0
447
243
25
446
303
430
386
410
287
370
293
389
419
236
498
424
210
207
523
397
35
0
402
334
17
60
164
71
197
139
347
502
122
448
0
66
41
510
0
289
47
532
135
438
209
146
277
353
525
188
207
162
199
325
40
80
186
56
503
99
283
42
291
562
469
326
131
467
155
358
288
21
368
431
434
379
136
205
29
90
321
147
49
87
58
452
405
247
56
129
392
100
208
450
406
436
422
199
237
226
403
420
132
416
306
437
104
297
257
57
492
245
250
425
149
298
463
345
381
93
202
512
194
331
418
237
91
468
200
404
285
276
417
243
258
342
422
498
180
368
426
65
254
483
96
151
12
69
263
230
378
220
184
172
240
153
342
317
361
349
207
119
455
154
448
434
544
429
466
381
324
214
530
51
0
121
268
231
428
412
434
16
563
26
523
165
42
406
186
240
514
543
458
271
160
267
375
168
214
164
471
247
103
397
44
331
206
507
0
384
142
227
447
38
427
266
146
140
374
25
232
238
109
43
259
521
149
385
522
455
252
259
351
491
360
417
484
241
310
438
113
40
475
70
289
155
178
189
141
257
237
219
196
191
346
468
453
378
472
0
398
408
104
126
61
331
173
146
158
64
488
386
130
214
348
147
82
259
39
247
423
443
396
71
52
366
385
21
111
172
41
189
57
0
334
379
103
304
393
291
30
453
161
95
458
120
448
335
474
376
363
260
139
449
523
186
457
143
119
224
155
220
406
470
403
195
32
368
388
435
423
172
109
213
285
373
461
14
286
502
99
252
178
394
292
511
328
307
316
61
427
142
169
193
372
373
348
327
26
114
343
355
437
302
301
243
339
40
450
218
443
130
500
139
286
343
251
459
58
206
435
242
282
17
405
353
140
210
159
374
61
43
37
280
503
70
381
369
481
433
422
354
190
351
307
221
355
70
133
51
505
275
466
69
38
561
17
367
249
46
455
81
386
15
120
34
232
178
