106
341
88
48
143
196
130
89
304
17
199
357
451
383
68
284
135
103
332
41
59
461
220
409
84
400
444
123
194
460
253
427
0
279
166
495
41
255
95
261
149
432
350
312
128
112
290
219
436
109
89
435
87
28
137
225
40
88
124
212
247
342
133
302
265
49
200
322
312
175
63
378
49
382
417
64
162
439
385
151
405
58
335
242
469
19
141
432
115
422
462
211
253
334
237
141
189
435
444
377
263
208
401
110
219
133
331
228
310
143
285
336
0
17
364
337
291
36
242
311
125
321
93
74
271
177
282
272
399
123
426
44
294
418
317
189
316
84
380
72
382
208
118
34
192
241
295
385
348
390
77
213
19
114
271
491
403
338
251
272
166
183
187
51
397
167
343
351
176
397
331
125
488
38
69
141
172
214
186
34
145
180
420
16
170
454
22
106
449
257
96
281
429
415
29
455
385
67
47
216
237
357
428
169
223
445
336
397
14
59
380
32
57
398
214
354
282
0
49
224
386
302
37
294
214
456
295
89
432
370
217
440
445
421
328
163
406
303
270
329
296
287
170
133
314
45
477
510
117
0
427
475
332
80
390
0
28
155
331
217
58
35
0
312
131
370
397
267
0
329
297
69
259
377
423
277
73
283
46
457
184
219
299
452
95
450
48
377
328
248
383
309
331
89
295
104
286
377
333
253
74
467
186
11
383
170
350
272
255
418
317
380
364
95
47
57
394
183
242
196
201
225
256
447
401
318
199
96
18
126
298
179
317
110
93
153
150
293
147
295
375
67
164
423
413
265
397
237
389
41
280
184
242
72
240
304
276
384
189
52
275
44
24
38
359
199
84
242
89
19
406
350
378
99
265
370
0
113
210
237
94
318
418
68
367
100
342
490
192
85
311
137
220
388
206
171
149
90
16
389
268
233
126
193
357
193
193
349
185
213
311
278
125
72
297
41
405
251
257
305
434
320
27
377
288
319
258
254
193
427
333
90
74
176
178
122
439
111
389
434
25
104
123
38
131
226
354
371
441
309
151
431
98
128
416
17
283
189
82
145
338
19
267
163
416
233
358
312
313
160
381
150
220
135
59
246
154
440
227
76
147
190
182
462
231
288
111
21
272
66
254
371
115
167
32
0
398
206
273
454
403
235
86
331
163
312
385
289
383
91
245
457
124
139
484
352
134
320
117
132
301
207
117
440
231
400
249
315
436
124
33
100
343
395
266
408
38
417
159
142
276
0
89
78
347
176
133
397
332
271
78
451
200
231
314
391
361
435
366
178
229
48
214
281
370
438
246
144
398
0
69
351
46
276
333
402
110
241
211
21
261
424
249
267
200
75
293
191
206
486
98
379
18
272
355
54
155
23
186
387
49
315
371
37
188
101
211
394
344
241
323
355
220
432
342
345
414
451
143
428
120
14
168
367
324
400
162
200
243
390
153
140
236
433
297
184
19
145
449
160
178
201
329
49
452
248
88
415
315
121
343
268
193
323
73
280
125
308
362
150
293
69
143
367
69
136
181
324
197
305
143
142
59
256
72
344
402
171
76
222
89
347
332
431
162
426
267
420
233
260
372
113
384
52
436
144
383
165
126
27
102
273
300
250
248
44
475
247
288
276
401
438
434
411
416
281
9
144
210
425
126
152
278
401
83
439
53
230
372
89
149
424
236
40
53
56
135
126
463
149
178
272
380
276
369
111
315
492
381
364
449
53
359
350
148
459
259
304
75
125
92
104
22
186
175
68
365
113
364
25
80
124
160
42
269
334
286
151
97
22
0
394
419
428
323
155
53
46
201
194
426
43
328
428
361
159
420
91
275
241
401
137
466
134
350
441
385
347
200
230
298
29
94
419
391
200
426
123
293
104
405
345
192
260
396
336
115
217
300
202
253
445
232
376
345
281
295
447
455
418
142
367
92
51
461
38
115
250
54
103
218
135
188
434
276
162
157
189
333
139
449
32
436
402
76
0
346
20
363
430
284
234
317
170
265
418
174
216
159
24
319
79
65
430
0
199
231
25
78
362
303
23
457
260
322
389
328
242
334
18
370
204
167
312
354
261
104
165
88
0
72
98
331
345
41
464
286
281
252
339
265
74
156
285
229
408
455
463
473
349
285
244
59
0
85
356
410
84
154
167
326
150
80
188
389
334
193
356
278
175
331
319
131
177
340
224
244
135
231
159
257
75
23
185
56
353
404
140
317
391
391
135
158
166
390
401
226
83
188
312
158
437
291
252
179
120
44
444
161
86
139
235
418
254
205
329
446
236
278
34
406
408
216
290
452
10
432
49
427
0
59
460
53
410
56
218
224
29
323
65
395
355
166
90
319
344
418
117
255
294
256
359
87
248
71
434
232
315
473
431
282
164
337
30
210
442
157
16
404
480
330
120
205
235
47
187
113
119
159
447
159
94
369
255
453
0
177
178
341
363
344
16
300
61
173
215
330
147
17
345
335
325
221
199
28
61
15
156
55
426
62
157
332
5
266
247
57
171
461
56
225
382
386
297
208
113
394
59
357
441
440
360
51
512
418
94
110
441
173
436
375
488
253
229
337
284
341
357
426
367
287
0
425
245
264
449
374
30
353
306
166
32
111
372
308
161
357
398
100
244
481
292
205
59
455
409
54
415
261
399
24
283
40
0
256
382
273
219
120
76
374
267
311
403
216
369
18
242
354
28
268
256
355
204
485
300
119
106
51
231
153
198
92
41
230
425
218
179
330
447
422
265
444
180
330
220
446
137
433
349
163
302
70
52
180
112
88
41
260
41
277
41
196
294
281
334
199
228
273
456
100
246
70
425
97
108
76
97
95
232
362
304
178
381
367
225
203
363
430
90
167
303
91
207
468
381
147
235
246
242
324
325
63
226
227
251
268
35
372
264
245
340
81
383
244
98
286
87
311
209
115
276
252
214
282
369
130
416
187
49
469
485
382
154
352
275
145
196
310
71
264
306
100
99
190
244
173
231
221
242
24
392
185
42
338
99
232
125
171
0
81
258
377
52
117
175
66
472
17
263
324
372
426
279
202
95
398
39
260
101
281
176
451
331
436
212
118
11
288
115
71
75
388
42
408
219
117
128
108
154
194
461
434
229
104
84
19
226
231
244
295
354
191
235
93
407
72
268
166
390
486
426
252
284
123
142
23
97
218
243
298
301
192
0
250
336
380
173
218
61
341
220
41
117
83
144
20
366
85
292
304
424
127
294
122
337
379
78
144
255
221
181
253
380
232
94
353
330
119
329
350
411
23
430
61
311
164
328
346
125
173
281
358
118
418
40
303
228
92
392
437
129
14
63
217
410
241
414
236
197
149
162
320
457
160
125
194
103
254
0
142
279
351
238
32
70
369
463
113
240
214
247
40
362
71
164
443
247
396
341
371
201
264
423
367
440
332
75
105
339
38
0
138
93
58
68
125
228
456
269
306
324
168
87
390
468
104
90
73
421
418
452
0
67
313
49
47
298
411
328
226
114
192
174
335
436
431
280
397
318
386
244
386
134
112
184
231
87
106
165
23
125
32
149
33
377
181
181
364
151
224
249
267
419
56
384
70
25
253
374
258
346
247
383
167
290
361
139
436
22
75
193
147
402
201
101
348
180
105
360
427
108
152
339
249
129
401
246
143
199
429
240
84
214
205
128
448
252
438
382
158
0
298
229
296
78
393
144
58
297
157
0
403
289
426
229
46
246
285
16
246
341
384
417
386
214
289
400
279
168
357
165
370
130
280
377
365
115
167
118
282
193
55
53
319
90
136
273
53
59
0
66
96
199
0
291
45
194
40
152
0
150
108
210
148
40
316
99
178
489
63
135
329
22
115
258
45
63
231
260
313
20
201
313
437
501
27
361
359
433
138
410
97
195
104
172
196
340
20
435
232
99
417
306
229
76
216
294
352
341
265
472
285
175
16
114
274
181
36
185
87
105
379
71
246
186
61
84
168
59
479
193
280
60
210
374
127
201
390
149
0
421
37
345
82
313
49
312
110
240
440
0
32
167
209
229
256
411
156
409
278
395
421
358
389
35
166
74
290
60
440
392
17
395
32
64
137
428
430
156
94
210
53
189
414
71
390
245
153
316
16
315
427
369
319
286
186
0
379
176
360
108
376
380
233
241
172
154
166
311
246
62
361
233
338
310
206
321
232
268
209
374
150
259
173
307
0
351
