569
553
601
536
570
594
499
539
549
526
580
556
568
586
597
535
559
567
561
601
549
566
590
541
559
578
534
572
553
571
557
563
581
524
550
565
581
576
550
568
588
532
569
536
546
572
535
566
543
586
562
578
581
545
558
545
581
535
605
565
556
536
536
568
563
576
581
535
550
538
601
519
619
560
539
551
548
580
539
577
557
495
569
508
614
568
557
572
571
570
608
509
555
569
559
580
563
588
540
503
512
572
526
538
524
530
521
512
587
568
554
539
596
563
526
607
578
560
557
587
534
557
594
537
565
545
535
533
499
555
555
533
553
540
592
550
530
511
554
571
549
591
552
559
573
580
550
578
586
594
573
566
578
549
562
585
603
549
571
571
560
515
568
557
550
514
563
575
535
565
567
559
561
562
518
598
543
567
587
566
538
546
619
534
592
561
526
538
543
594
578
565
577
568
579
603
543
542
528
529
568
513
538
574
572
579
572
538
536
566
532
502
588
557
562
560
580
590
530
543
532
570
541
604
547
592
561
581
532
513
540
593
546
563
598
523
581
569
534
577
592
557
542
540
512
565
534
571
609
592
564
539
520
583
549
559
544
581
627
564
551
606
542
526
535
539
547
548
571
603
572
567
562
531
583
532
584
567
535
530
558
554
575
528
543
559
554
589
603
574
545
585
567
565
507
530
545
560
515
550
520
514
545
600
565
521
522
539
524
548
583
618
524
506
566
553
561
546
497
551
576
574
557
563
508
522
557
571
543
549
601
544
520
564
565
555
539
564
623
575
577
562
536
497
578
558
557
526
596
543
515
530
626
595
502
530
553
561
548
582
585
567
555
518
550
603
564
524
609
540
548
605
551
579
572
572
562
590
552
549
578
558
540
572
536
567
578
562
547
532
553
576
558
628
518
550
582
520
545
607
536
539
554
519
592
565
556
545
558
531
550
542
495
541
558
577
516
559
533
533
553
559
555
575
528
559
588
578
550
524
584
512
563
604
568
553
540
525
555
564
566
533
527
562
551
582
535
558
554
559
564
535
578
581
522
510
551
561
548
568
590
527
592
546
533
522
527
616
546
590
564
530
561
553
548
575
512
581
605
578
557
526
554
515
564
575
544
573
573
543
604
539
494
544
514
556
559
558
599
563
608
551
544
571
566
514
497
618
563
563
523
546
546
588
538
537
522
525
511
566
612
523
545
567
596
636
520
537
577
525
570
558
541
602
568
517
590
521
553
590
574
557
546
534
568
587
590
581
584
560
605
608
532
572
572
577
542
561
570
511
513
569
544
524
491
568
530
552
561
542
578
565
530
568
539
537
582
570
539
555
589
538
534
539
602
575
570
544
568
492
583
571
536
555
545
595
586
555
525
569
537
514
562
557
630
509
584
576
534
530
560
576
538
538
545
553
596
541
520
539
525
523
542
591
471
578
560
544
576
559
586
576
545
539
560
548
582
527
565
542
596
551
555
546
571
570
562
576
542
558
515
599
583
590
546
516
611
560
578
616
608
558
611
530
566
565
566
526
535
556
581
528
571
533
520
585
550
584
600
606
544
539
576
550
586
568
546
590
537
575
580
575
564
559
546
527
533
550
516
559
626
590
524
504
548
553
537
523
545
576
575
580
568
539
579
547
524
551
529
581
556
584
590
571
544
572
548
550
562
558
540
535
571
493
549
569
561
580
552
604
547
575
533
561
565
578
575
518
575
571
577
577
561
574
560
542
579
539
532
531
524
531
524
521
517
542
543
521
547
629
539
500
580
542
524
589
573
581
563
555
577
576
561
567
566
549
545
532
566
526
506
568
553
528
610
566
512
553
565
565
523
571
569
527
543
541
547
540
568
616
605
568
537
600
528
559
551
581
551
547
616
555
549
549
571
544
564
579
534
573
555
550
502
558
591
552
531
587
545
538
551
549
577
535
540
605
567
568
555
610
523
533
499
571
544
522
523
525
617
573
548
583
552
568
577
514
563
554
536
509
594
581
570
533
600
586
515
610
549
533
553
541
562
544
538
563
579
574
610
534
564
601
555
501
569
542
499
572
530
541
558
563
513
572
569
553
550
575
557
548
579
596
536
537
578
555
576
555
552
536
545
560
556
536
573
569
526
562
608
535
528
537
558
565
562
534
503
529
589
537
584
551
576
589
569
637
549
539
506
580
520
548
548
563
469
549
534
560
571
533
565
622
580
530
565
569
558
616
572
549
510
545
548
560
597
547
559
572
559
614
555
557
552
545
555
554
523
543
587
533
546
513
551
562
567
541
510
552
578
543
568
545
587
581
561
583
554
598
538
535
625
559
553
577
552
583
538
562
584
555
541
618
527
582
566
545
569
565
577
592
599
568
598
572
545
558
537
593
592
523
535
535
593
506
558
545
562
573
537
600
522
517
575
574
549
599
543
528
525
564
545
590
529
554
572
569
534
550
564
508
541
588
552
536
556
571
587
547
553
542
579
503
529
590
555
597
535
541
553
549
595
544
567
532
591
609
570
548
542
621
535
560
554
586
577
543
554
495
588
556
560
520
550
592
575
571
559
571
559
575
567
576
523
562
527
564
547
505
527
503
519
517
541
589
577
557
544
589
534
546
620
574
552
529
610
571
539
528
573
600
573
590
576
519
545
556
564
554
564
536
556
580
518
595
551
572
564
547
557
521
607
571
552
533
552
557
566
568
557
531
549
594
522
579
559
559
509
532
594
534
560
533
549
540
532
515
520
520
570
586
556
503
630
543
536
543
589
528
552
521
561
609
567
571
558
532
568
562
555
525
532
552
533
556
549
580
544
581
531
538
521
580
494
550
581
551
551
567
596
521
563
534
527
530
558
498
556
585
574
562
624
518
611
551
553
551
513
554
568
507
526
522
532
560
557
522
567
568
570
608
557
574
553
512
507
519
539
564
537
555
539
570
590
523
611
610
537
556
500
521
601
531
527
561
562
547
542
492
548
562
557
556
589
561
534
528
569
533
586
513
533
591
552
545
529
572
580
573
613
558
531
583
513
578
557
523
534
535
561
572
599
593
544
543
569
559
572
541
566
532
574
547
562
587
530
560
547
569
600
565
569
533
548
570
604
607
513
593
594
559
534
576
569
581
550
596
522
598
605
580
580
547
507
476
589
608
578
560
546
560
566
564
561
586
526
548
640
586
563
541
534
562
525
594
526
560
566
510
558
573
567
565
521
535
565
589
555
580
554
584
536
549
548
537
557
539
525
536
546
588
543
523
544
563
568
555
577
552
554
528
539
513
537
544
567
582
592
522
548
585
523
557
547
540
550
593
522
547
541
546
569
581
570
566
545
533
595
525
581
563
573
540
560
544
603
500
589
562
570
601
577
559
601
574
567
566
547
527
489
607
512
593
546
588
528
566
544
528
572
577
595
584
580
518
538
583
559
538
546
577
557
540
584
559
520
540
613
560
581
527
558
556
552
565
580
536
554
585
595
550
620
554
560
551
551
607
547
569
555
587
557
569
551
585
561
554
570
575
541
547
535
525
541
576
539
574
530
546
549
610
555
568
541
589
549
604
572
561
500
565
563
563
573
572
584
557
537
530
488
571
584
543
571
579
574
542
564
576
536
535
548
572
525
583
554
579
566
533
589
573
512
573
539
537
509
531
553
515
554
597
525
590
572
569
539
580
575
528
516
610
542
554
557
518
564
593
536
589
537
570
575
514
528
537
530
572
546
551
610
523
599
564
581
610
529
572
575
585
582
553
564
599
583
576
565
548
536
587
531
548
543
560
511
551
550
583
543
569
504
571
486
581
523
524
581
523
544
537
554
579
584
532
553
593
520
578
551
543
518
576
559
519
561
610
580
540
560
579
575
558
549
514
593
563
565
609
537
535
554
503
533
559
510
544
534
559
539
505
562
549
507
553
519
522
519
545
614
535
598
538
556
572
586
562
609
605
575
536
536
594
564
566
524
540
540
538
518
551
546
553
534
600
483
547
547
555
562
572
549
544
522
571
523
593
530
545
570
576
524
583
542
567
590
541
560
546
593
544
515
559
559
540
563
556
549
559
540
608
543
569
623
543
551
584
556
511
570
589
560
531
559
554
546
585
544
531
558
537
586
568
526
589
538
581
552
608
565
560
517
561
502
552
603
579
535
588
586
557
569
537
555
549
550
529
547
539
575
574
560
486
514
568
564
569
547
565
574
555
564
543
586
521
552
524
534
570
503
573
554
553
530
560
544
547
581
558
541
597
504
569
522
545
550
585
542
554
612
479
535
551
542
510
529
575
576
571
534
533
489
560
554
578
555
562
555
564
505
538
536
565
548
562
592
554
526
559
552
603
532
540
577
571
594
523
555
524
560
578
564
571
601
530
533
557
557
559
582
534
593
521
548
578
576
554
571
572
548
523
594
564
550
513
567
575
533
601
557
590
545
567
525
556
498
569
510
564
575
561
576
562
563
493
633
568
553
559
565
597
533
555
558
581
545
545
557
527
586
548
551
573
543
598
554
541
532
539
590
555
492
545
551
561
528
618
513
585
554
563
542
576
563
543
556
555
556
536
531
565
526
544
562
556
574
561
587
552
543
576
538
567
584
537
577
552
558
551
592
591
539
537
610
572
582
613
536
584
540
523
565
601
553
540
562
566
545
544
545
532
539
558
551
546
590
589
569
540
505
603
592
600
523
569
542
566
561
560
533
551
534
553
541
592
582
586
544
528
581
581
565
545
533
564
560
536
538
546
556
531
532
560
537
534
560
541
575
536
529
563
595
611
552
545
572
576
573
589
562
530
584
551
551
517
569
607
572
549
580
553
525
559
580
581
564
533
539
540
556
524
557
549
528
541
548
527
565
575
601
560
597
582
546
579
520
551
550
516
583
560
551
558
541
546
596
583
599
535
629
629
618
579
544
486
536
589
515
566
590
542
564
546
501
591
528
572
615
550
528
531
550
548
549
517
570
546
551
545
585
495
575
560
560
527
575
501
586
528
531
555
586
553
520
572
518
534
556
564
544
576
559
561
563
527
584
546
544
536
580
559
600
515
567
580
544
569
534
591
561
536
538
529
506
590
526
603
561
547
571
550
563
581
515
563
544
534
525
581
558
508
600
531
569
574
571
518
565
556
571
580
561
538
540
533
550
580
503
543
559
579
549
549
545
586
543
520
548
528
589
555
532
585
545
518
524
542
587
519
541
535
560
583
505
568
584
550
585
565
523
594
496
530
535
570
552
578
552
574
558
574
546
562
549
539
532
547
546
545
553
582
538
530
527
536
576
552
532
562
565
524
543
601
532
553
560
529
576
578
553
547
572
528
526
552
567
603
566
511
534
569
552
565
504
577
544
510
557
557
469
597
542
565
527
521
580
525
565
546
578
533
556
604
538
530
512
579
568
553
564
518
565
527
561
557
548
562
548
585
586
544
506
577
578
596
549
560
570
552
515
565
504
572
530
582
552
555
550
567
577
540
601
532
516
515
505
563
572
574
531
555
502
548
585
591
617
602
531
563
556
567
566
575
561
550
598
554
512
541
549
513
547
565
570
583
555
534
566
546
603
552
570
539
569
556
615
524
548
526
575
522
570
576
562
540
556
554
575
591
605
570
549
556
545
588
581
510
585
527
560
596
544
507
606
524
579
570
561
521
535
559
534
610
531
592
593
547
577
557
560
529
550
542
570
545
574
566
548
514
569
577
543
569
577
521
537
508
587
527
560
576
616
530
597
574
522
587
576
559
547
537
563
572
516
589
546
599
539
536
539
592
515
557
551
547
509
545
564
591
597
552
575
575
541
529
614
547
524
584
562
574
578
569
576
542
496
542
520
536
593
573
524
586
524
565
572
532
593
507
538
601
557
548
550
538
566
533
539
563
592
607
577
583
594
504
540
479
566
529
558
626
595
543
549
553
550
585
576
566
624
530
588
548
527
583
538
541
553
551
566
595
559
562
566
546
593
552
594
511
550
556
538
576
544
567
572
569
569
570
598
537
530
571
530
579
540
544
534
548
531
570
567
570
568
556
561
535
534
558
522
545
598
599
568
537
554
612
547
553
575
550
533
580
521
522
536
552
582
568
582
510
526
510
570
576
554
603
583
540
573
566
591
506
594
554
523
541
587
559
575
568
577
542
545
561
526
557
615
579
590
524
516
543
578
550
557
542
506
600
555
556
542
561
575
543
560
578
564
547
557
553
554
523
555
515
568
562
588
608
540
551
548
526
588
545
523
541
554
537
594
602
611
597
568
555
551
593
497
527
542
524
560
539
545
517
627
555
511
554
583
550
529
548
558
528
558
580
593
562
561
546
531
538
549
580
554
539
517
553
541
583
514
580
550
563
572
574
564
605
551
530
514
596
532
509
599
566
586
513
582
561
511
611
583
616
527
590
543
548
561
563
558
582
549
557
575
600
581
573
508
552
604
534
565
582
583
552
486
600
574
573
595
571
558
531
567
536
567
521
558
541
535
559
585
586
591
603
565
561
546
534
540
593
603
563
525
569
579
519
515
578
513
614
567
550
563
533
523
570
553
541
544
512
577
532
554
566
505
551
575
555
572
581
573
580
598
584
540
572
566
561
549
540
525
535
552
553
584
580
569
602
522
532
562
548
528
546
580
571
547
514
545
558
532
642
556
522
596
571
503
501
591
542
550
530
502
523
545
614
567
584
504
520
564
555
552
544
532
565
515
560
584
591
531
533
580
531
545
597
555
557
574
529
549
534
504
562
556
578
602
516
557
538
517
532
493
562
542
543
526
547
575
596
534
518
574
541
561
559
542
561
616
537
505
540
588
532
569
497
561
584
508
550
576
555
516
555
545
533
545
544
570
547
505
541
531
570
539
549
525
566
540
552
569
604
574
567
545
570
522
521
546
582
599
547
521
541
543
568
557
542
544
491
575
547
576
572
590
561
593
613
582
535
533
547
542
545
515
557
541
551
512
600
481
560
565
569
551
544
545
561
543
550
545
514
534
572
538
579
505
593
506
578
540
570
551
535
591
550
557
562
548
546
472
519
545
566
523
552
558
570
566
559
571
574
567
549
548
587
556
600
532
601
544
563
610
512
551
541
543
552
606
527
568
535
550
545
552
594
555
552
524
513
565
541
571
575
506
550
541
594
612
573
515
564
552
569
566
536
554
544
529
540
543
558
588
526
527
579
562
568
578
516
552
557
554
583
552
570
562
541
567
558
564
551
551
604
550
528
544
585
559
570
586
577
541
575
637
600
540
548
545
604
537
565
496
547
574
531
550
533
566
583
550
573
550
545
552
577
531
577
530
501
501
557
588
534
557
533
552
599
551
539
571
542
546
533
577
585
552
528
565
546
495
556
549
582
538
542
573
576
560
539
566
555
602
536
573
583
610
558
589
526
533
554
596
539
564
533
569
607
523
552
540
557
549
547
589
545
558
513
605
519
554
597
527
523
521
588
540
536
580
572
559
566
627
535
609
552
559
544
567
568
626
561
520
573
547
575
579
525
577
551
545
625
526
572
526
538
550
544
567
575
563
531
584
527
520
539
539
593
548
607
576
549
520
582
554
556
553
542
578
557
553
530
591
558
557
535
532
626
580
591
522
581
558
564
571
581
564
604
544
571
557
546
553
539
548
512
531
595
596
550
563
565
540
536
563
565
536
566
557
578
530
547
571
535
596
611
545
524
606
567
557
577
595
545
546
513
517
552
544
576
573
590
576
539
527
537
576
562
567
553
524
549
516
578
505
587
543
527
530
574
538
576
584
580
549
540
559
567
558
535
548
555
584
560
546
506
610
531
498
531
561
550
612
557
526
542
579
565
550
551
512
604
608
558
559
603
500
476
560
577
548
521
560
585
574
577
551
573
577
576
578
609
509
554
573
516
552
583
513
580
552
571
508
562
528
561
572
563
555
561
537
594
551
568
535
573
582
533
554
544
531
558
587
573
553
569
565
558
559
571
583
592
553
560
560
524
571
525
557
630
564
512
514
551
579
596
558
535
567
564
510
562
573
535
516
567
553
524
547
557
503
544
600
520
536
530
580
499
534
559
545
528
572
531
547
542
582
500
596
548
543
595
541
565
581
563
564
607
561
588
572
524
595
543
543
568
554
594
561
567
545
496
570
591
514
551
566
545
581
534
550
535
518
559
562
511
545
558
597
546
566
586
587
495
591
558
561
517
546
531
583
536
591
577
612
559
543
520
537
579
604
548
543
554
586
520
531
512
546
553
551
606
523
551
597
609
546
553
573
581
556
519
549
532
550
558
596
548
522
595
601
534
546
560
596
538
539
567
547
560
552
583
578
582
569
564
558
554
501
550
568
587
571
544
547
569
577
558
539
551
574
601
582
570
552
537
530
536
558
585
587
526
563
557
537
551
571
555
584
539
542
539
534
568
551
563
512
554
621
580
569
546
544
554
540
554
569
545
609
541
528
539
540
580
595
545
569
613
507
568
556
505
602
531
558
558
563
521
537
593
555
561
547
548
533
539
592
595
574
568
544
534
595
558
538
550
588
530
595
547
537
569
556
526
574
488
567
585
566
571
562
587
515
558
574
572
561
550
590
542
477
548
589
547
553
593
541
530
493
526
580
558
544
549
593
521
602
573
560
591
555
562
528
578
584
590
547
558
533
543
584
519
545
558
588
540
553
607
573
550
548
605
555
584
572
526
555
578
553
546
590
505
565
598
553
533
500
517
595
557
527
546
562
581
524
511
580
563
552
485
553
644
564
598
548
509
516
576
579
556
561
535
563
548
581
590
561
568
553
565
527
592
631
540
534
564
572
546
567
552
607
597
582
516
558
591
585
545
543
527
567
567
539
541
569
607
587
516
590
544
580
523
518
516
504
539
615
605
551
559
537
538
584
538
538
578
535
563
546
572
535
549
607
599
574
532
540
550
537
542
597
503
546
561
524
528
553
582
534
564
554
574
562
586
561
610
527
564
535
544
540
549
567
564
592
525
513
520
584
527
596
540
545
560
599
538
545
519
548
547
578
534
558
555
551
538
618
557
579
554
555
576
584
523
544
567
527
559
574
596
505
588
515
524
574
538
587
577
551
555
542
583
546
566
532
568
522
554
577
538
567
529
519
569
555
545
592
557
576
547
571
578
530
526
552
565
517
556
559
558
621
623
516
592
545
537
534
569
538
559
586
577
565
534
543
560
573
563
493
615
581
530
586
539
581
543
539
568
543
558
561
568
551
559
562
533
574
559
566
550
583
558
496
565
527
550
569
543
561
543
561
581
601
565
551
560
532
531
549
593
540
575
567
542
520
610
555
535
546
571
561
495
552
560
564
581
589
544
563
574
566
567
564
573
518
535
578
496
583
581
576
519
553
526
553
562
501
568
540
551
579
553
571
581
597
538
533
521
606
546
555
586
563
552
523
563
564
553
555
550
536
540
518
537
549
551
572
543
562
557
523
540
520
507
543
524
570
573
609
489
534
533
539
558
561
551
521
520
533
554
523
536
544
528
533
540
538
539
544
631
582
623
551
518
585
571
550
572
568
546
555
572
494
535
572
545
538
574
549
550
570
525
579
544
587
555
492
544
540
534
590
540
536
517
621
575
559
551
531
561
550
537
533
550
601
548
524
551
578
503
561
545
557
599
615
530
556
564
563
563
594
558
514
540
528
557
583
563
548
559
546
547
571
582
567
543
580
534
543
569
542
600
539
582
600
546
540
519
566
527
609
519
547
557
544
604
550
543
562
568
549
534
536
564
517
629
507
538
603
555
567
540
607
544
559
569
527
601
568
553
541
544
545
544
541
568
565
588
539
563
542
556
577
549
544
541
577
562
550
580
544
565
547
555
556
523
577
510
538
529
579
547
577
536
525
498
531
572
502
530
601
510
550
554
561
539
553
598
533
590
569
563
554
536
550
531
557
584
548
556
541
558
574
586
534
567
631
584
568
549
556
580
545
550
572
543
582
553
578
544
577
542
556
558
542
534
516
560
541
550
561
564
561
542
604
551
591
547
552
537
558
558
578
571
559
571
530
520
558
519
549
540
530
601
602
606
556
543
505
587
527
529
594
573
575
561
532
519
521
539
557
559
543
596
538
564
608
578
563
575
541
533
578
516
570
542
526
513
556
516
539
539
594
546
622
556
560
588
592
550
547
551
593
543
519
509
536
511
589
552
547
510
555
556
545
588
523
520
503
593
512
532
539
509
538
543
578
579
545
515
566
499
513
592
558
582
553
552
617
507
551
559
537
523
534
617
558
483
531
566
531
560
566
527
538
597
583
615
539
597
564
540
503
533
559
575
525
605
545
590
543
538
557
501
539
557
549
566
550
539
578
537
589
533
579
567
527
555
550
543
584
578
516
530
524
562
574
496
579
580
591
573
590
570
548
537
567
515
595
538
580
544
530
550
594
584
552
519
547
518
559
506
559
509
558
539
560
540
593
581
545
494
533
497
527
534
563
556
599
560
555
573
551
588
604
523
520
540
568
570
550
563
536
580
556
575
518
559
545
552
590
554
558
505
538
514
601
583
624
541
520
557
529
569
508
545
628
554
544
560
564
558
571
571
545
591
572
543
573
595
506
540
500
583
537
608
541
625
569
573
523
518
555
541
560
565
555
595
567
614
565
559
550
541
554
580
586
543
554
525
548
532
617
546
563
529
535
572
578
557
593
556
562
559
541
513
565
554
542
556
574
582
535
534
560
522
557
540
531
560
570
583
561
491
513
592
575
579
581
531
515
563
556
565
523
554
569
522
553
538
528
531
550
546
512
571
529
577
553
611
588
531
524
533
577
547
534
593
528
559
565
542
521
584
615
569
548
566
556
548
608
595
559
518
532
610
562
541
592
530
545
583
567
610
519
549
600
552
615
545
513
519
586
557
528
590
562
590
589
529
560
578
569
563
527
582
551
571
523
553
583
505
557
534
565
540
538
555
574
551
555
541
590
593
541
542
569
559
613
554
602
523
538
549
528
577
568
518
516
549
595
521
585
589
560
568
554
541
524
553
524
557
564
573
592
602
568
559
558
575
563
574
589
567
563
589
499
549
513
552
533
560
590
525
540
590
611
537
538
561
544
555
548
590
550
590
531
588
594
567
596
587
620
599
537
557
533
562
601
549
542
563
556
545
544
557
529
561
506
591
569
547
574
535
565
583
543
536
551
620
552
577
541
542
585
534
504
528
531
537
626
529
520
507
524
531
538
545
549
563
526
534
597
566
590
555
602
571
597
545
599
551
522
521
570
530
575
570
547
569
552
547
575
542
575
558
573
554
556
584
572
609
591
549
558
538
543
574
584
570
584
555
582
534
607
545
581
516
562
615
564
555
572
546
533
591
594
512
568
582
527
568
564
541
555
607
532
543
522
602
578
584
561
575
541
574
529
566
599
528
