99
67
84
126
188
83
26
91
131
9
182
95
102
18
174
146
179
15
201
89
121
82
61
25
113
93
191
135
206
159
144
74
48
96
10
130
34
165
197
124
69
168
109
34
121
160
45
145
161
84
96
82
79
178
178
19
74
225
77
25
181
155
159
46
61
0
102
30
116
203
135
49
81
38
73
47
40
63
68
206
201
140
109
59
196
25
168
125
163
59
121
196
195
0
178
75
179
162
67
76
30
153
67
178
75
3
193
116
128
76
73
27
195
105
92
73
139
157
21
72
190
65
84
158
40
12
49
72
52
67
143
220
133
109
52
35
186
182
94
0
28
116
122
41
164
0
136
154
39
61
186
98
0
94
151
89
121
189
214
147
192
163
30
185
35
93
21
108
166
80
20
122
105
111
23
149
43
15
0
23
61
164
150
162
54
122
137
65
123
143
144
33
141
189
188
118
40
29
136
186
152
150
177
145
66
34
32
118
98
185
207
96
143
83
118
83
181
33
65
151
32
26
93
19
169
23
58
61
76
202
190
34
120
65
96
118
29
115
170
144
37
185
75
200
18
183
156
108
196
33
161
14
25
179
216
10
210
115
27
181
89
84
106
55
11
5
170
111
136
64
176
89
137
153
76
164
141
54
113
21
188
75
168
226
192
170
22
91
79
130
83
63
90
160
96
209
83
45
187
43
15
141
106
14
143
127
153
49
79
77
103
146
8
38
51
31
141
120
35
49
0
128
134
66
109
27
147
30
81
90
163
182
77
144
53
28
87
27
110
13
132
22
212
94
161
45
13
117
179
177
165
87
184
64
45
21
40
120
174
133
101
73
89
83
182
161
120
54
18
5
187
138
149
169
0
190
51
162
193
112
121
19
141
170
191
7
207
50
104
150
19
53
56
117
0
79
81
106
88
20
95
43
14
173
136
159
113
42
172
85
132
114
23
69
173
43
31
203
162
122
149
78
61
74
26
9
108
54
71
21
51
22
33
104
48
154
77
130
88
99
29
116
77
26
64
37
139
165
30
63
0
59
168
180
38
19
133
88
74
19
114
108
118
170
31
18
165
101
166
41
86
94
106
102
0
83
145
18
32
58
108
222
138
104
72
38
81
15
103
124
21
89
34
107
47
60
22
213
10
128
195
155
117
106
177
41
175
158
55
50
38
170
0
73
108
196
56
17
100
163
46
148
5
17
181
176
87
79
113
8
128
113
60
33
155
63
98
70
163
119
180
115
166
67
116
160
144
167
111
135
62
45
142
192
212
59
181
170
181
18
189
31
126
162
123
18
184
188
173
184
98
149
67
123
128
149
38
122
73
31
71
76
16
14
53
138
40
90
135
106
190
9
138
87
130
195
60
18
169
35
144
47
138
156
66
34
152
74
199
233
74
13
102
186
183
85
83
169
187
0
42
116
196
0
149
93
113
86
39
75
171
47
31
29
23
74
139
52
106
90
69
184
28
90
70
173
153
0
59
111
95
179
211
234
161
77
107
139
198
10
129
151
198
77
78
205
55
183
196
184
23
14
82
0
158
117
206
52
36
77
124
126
134
194
130
31
43
98
46
171
69
63
164
220
181
131
189
185
173
42
60
127
33
195
80
183
147
79
41
8
65
66
140
117
164
90
62
121
191
183
101
158
11
66
111
141
185
55
107
186
100
96
147
177
50
135
49
184
90
175
68
117
177
53
33
139
54
127
45
69
65
141
130
179
116
23
