31
254
210
420
297
372
158
527
70
137
65
118
227
296
192
581
300
389
379
0
162
408
108
174
144
55
325
289
123
255
339
383
351
366
26
155
64
106
427
151
498
55
338
140
289
391
232
273
439
76
529
456
120
362
378
319
490
395
37
328
150
443
290
315
369
244
419
57
474
506
296
291
250
348
352
30
468
285
138
436
95
459
461
89
115
368
243
317
121
87
74
430
253
583
25
54
443
347
559
31
43
525
528
309
139
291
119
54
427
0
136
452
378
32
395
81
93
17
579
297
352
513
193
81
339
80
265
495
67
97
0
297
360
388
559
398
82
229
593
490
299
150
25
288
409
131
425
410
78
352
87
524
542
446
307
32
127
413
193
105
415
475
264
223
252
211
184
73
530
219
430
422
242
364
22
281
472
397
184
424
521
181
401
270
553
258
219
84
242
398
356
551
228
429
41
132
474
384
350
203
450
34
179
371
242
48
176
205
25
41
433
477
481
308
78
535
447
512
177
276
165
198
138
352
89
420
51
477
48
482
562
261
537
18
133
269
542
143
499
273
310
27
139
367
453
486
542
445
415
247
164
452
209
370
246
172
143
136
64
369
496
162
201
531
269
206
21
206
252
308
390
136
353
308
471
116
608
583
146
569
566
203
240
298
443
190
268
0
180
326
489
502
83
234
18
156
317
31
102
290
462
234
396
26
514
480
127
298
452
422
112
393
460
322
485
329
0
214
137
475
87
268
118
199
269
497
408
415
145
130
265
373
510
197
341
264
60
582
277
111
81
329
409
409
225
296
182
16
374
255
73
400
182
176
402
394
249
23
121
406
443
240
475
255
94
253
387
161
537
411
406
174
431
158
178
130
430
319
258
336
177
81
69
57
328
175
243
20
199
34
177
368
66
0
485
509
209
273
53
455
53
110
258
0
340
476
37
427
223
175
428
433
409
342
163
259
535
308
394
115
247
222
240
507
317
418
366
231
394
394
199
517
180
520
200
76
527
334
491
144
143
265
472
245
285
0
328
279
104
0
149
438
523
297
287
77
402
460
128
141
463
263
484
83
550
481
260
143
0
396
312
305
295
183
292
508
156
315
131
315
73
548
98
71
101
515
372
119
391
463
433
458
273
37
296
319
68
551
266
551
31
375
452
212
247
463
399
106
20
9
523
401
474
201
260
49
227
263
22
590
208
166
482
238
527
117
258
533
0
400
436
570
94
87
134
406
38
466
418
555
516
69
319
351
415
35
152
200
183
16
519
144
353
493
471
181
425
273
179
336
482
304
347
156
63
156
480
135
162
472
543
0
279
99
549
310
354
103
498
317
0
473
536
389
159
105
276
525
520
425
56
498
207
184
262
406
445
96
237
428
440
112
537
139
90
128
471
233
27
68
22
59
444
401
374
551
185
448
145
115
181
61
166
327
106
305
325
334
284
183
434
358
520
133
93
557
336
98
265
286
57
132
148
101
69
581
73
437
352
276
51
24
321
92
210
256
121
325
96
366
175
310
205
172
105
139
374
24
186
530
100
478
369
34
84
234
203
299
508
165
301
206
506
554
397
35
160
495
25
215
195
0
364
414
507
532
460
479
271
432
262
25
509
192
407
113
264
342
156
128
489
61
274
98
424
451
435
146
481
282
284
0
348
126
38
512
392
422
94
356
559
308
151
54
130
489
252
396
534
72
530
432
464
343
170
220
453
133
90
289
65
447
429
449
529
245
192
213
303
375
449
249
273
134
501
490
427
243
533
540
228
236
167
126
309
181
459
463
527
21
123
330
33
0
473
343
455
379
581
229
234
513
308
380
537
102
342
518
399
152
266
236
209
140
191
197
23
71
371
148
394
125
206
518
149
148
143
247
238
271
347
489
569
164
22
27
173
506
510
18
99
136
108
367
443
575
498
90
499
313
212
277
285
495
27
516
99
74
181
339
252
189
480
441
202
225
175
102
331
520
109
172
293
41
492
385
321
105
569
380
502
111
437
313
497
396
215
545
339
191
332
0
189
473
217
84
321
141
413
471
300
525
332
142
0
479
369
243
555
198
503
105
28
429
226
213
459
251
492
391
285
488
75
326
343
125
27
171
291
318
495
279
549
304
51
500
40
56
335
116
240
274
257
356
325
217
400
92
433
393
224
265
130
419
73
94
105
402
459
154
442
145
522
502
45
373
460
412
241
307
532
178
276
317
306
145
272
330
413
226
334
407
480
559
277
404
19
321
413
428
338
205
394
107
210
410
231
20
154
554
199
305
62
116
101
392
460
320
316
362
376
102
400
154
543
275
102
138
119
316
412
168
96
509
398
530
525
229
37
125
333
434
135
446
477
259
115
284
375
179
179
239
252
46
348
173
135
219
269
520
511
117
319
424
375
128
345
330
562
182
243
366
344
72
341
463
286
281
264
199
521
480
279
237
339
93
366
462
344
386
494
460
292
309
112
311
477
132
156
271
166
0
145
15
53
215
351
377
223
483
36
197
367
502
290
329
415
256
186
247
406
145
175
199
413
209
62
490
437
516
430
217
239
185
68
102
206
453
157
159
342
525
136
382
377
131
0
383
482
30
521
333
116
430
131
126
145
275
509
46
115
330
161
39
511
509
510
290
17
115
73
498
45
85
393
293
415
134
388
234
0
361
57
457
305
349
536
195
173
49
42
322
461
498
181
369
275
150
424
366
490
136
70
141
330
187
389
51
281
165
219
481
148
281
580
239
0
197
373
440
0
0
573
276
236
456
81
323
177
328
172
306
281
182
198
378
438
498
466
40
220
268
333
568
430
188
180
74
265
54
407
119
482
220
494
520
385
34
42
281
178
389
409
104
280
425
67
233
264
549
104
14
70
481
463
221
243
223
14
101
63
423
326
271
0
481
91
332
379
18
391
535
245
415
246
148
530
152
89
227
430
361
0
23
266
63
240
356
182
146
488
257
520
566
33
271
127
106
29
279
204
64
286
531
128
473
228
463
134
25
70
133
446
436
116
378
430
325
304
0
210
240
406
21
81
172
336
320
159
529
303
209
45
212
122
138
388
127
81
412
343
480
397
597
291
33
549
433
548
99
594
148
105
190
254
37
44
499
0
552
572
346
266
31
136
136
314
0
388
17
212
498
212
40
130
401
140
191
491
131
431
346
96
278
231
458
120
314
256
467
26
76
46
548
436
75
75
202
62
254
134
537
543
365
46
61
253
361
163
465
282
154
307
21
277
129
557
0
529
75
450
425
356
410
541
525
455
52
231
247
378
214
200
355
0
376
432
102
364
126
251
322
79
144
352
457
179
251
273
224
295
207
77
0
257
422
328
43
238
479
337
454
225
212
362
513
26
0
272
16
69
505
485
89
59
71
496
58
475
155
357
544
71
497
115
227
353
229
349
13
546
190
383
125
322
586
111
66
119
152
244
280
372
192
572
380
62
56
374
369
327
531
103
286
75
505
439
274
33
214
491
259
483
81
425
298
18
383
303
178
365
536
312
531
376
509
77
71
366
184
193
128
418
493
187
131
204
437
600
115
310
358
86
513
156
484
253
23
328
219
296
285
37
120
557
10
308
42
52
63
207
107
577
136
244
492
70
399
222
153
211
520
85
141
271
527
256
283
379
88
190
385
305
473
420
38
414
473
180
157
169
357
456
184
369
498
137
437
64
400
272
441
472
220
395
264
495
75
348
363
433
467
327
297
52
396
517
135
210
408
152
477
0
399
153
479
183
298
79
466
319
355
349
256
74
449
352
48
131
122
193
56
166
325
67
99
116
226
217
224
476
479
486
431
351
453
441
481
369
495
479
108
360
52
248
406
254
396
327
264
568
530
160
84
284
487
210
338
533
495
360
418
188
307
367
37
110
291
391
92
111
235
79
73
320
235
93
396
199
258
287
97
518
344
113
100
92
520
395
274
166
194
371
217
219
189
96
150
211
97
362
339
107
533
480
314
179
349
203
220
163
335
335
452
399
243
310
124
501
362
216
486
119
306
395
415
400
534
468
319
12
446
250
359
58
571
353
40
489
101
482
386
518
24
214
364
360
274
543
229
20
466
539
159
301
590
88
417
400
386
46
471
78
21
45
357
103
77
245
295
529
135
461
192
108
303
418
259
210
16
457
55
49
414
67
580
327
26
313
15
59
98
521
91
157
257
197
88
433
439
458
537
163
466
139
321
286
32
480
467
146
591
115
239
17
278
425
495
199
506
346
377
227
150
365
166
503
322
450
104
544
183
392
418
348
0
54
71
243
132
288
150
172
524
243
321
296
160
555
441
131
176
120
221
83
352
497
598
440
484
500
71
458
295
38
0
87
431
483
487
160
122
155
58
335
84
326
468
479
323
157
394
467
458
458
396
539
440
129
225
66
132
177
104
251
101
178
143
402
409
522
279
211
397
288
75
410
500
203
74
212
563
470
564
505
98
89
457
195
394
147
311
500
271
53
355
0
403
351
222
119
348
88
154
423
60
315
314
49
473
240
342
499
175
116
411
333
158
430
412
367
545
524
44
178
500
560
393
457
423
491
383
72
147
131
0
562
340
228
258
269
324
359
523
210
91
315
204
79
455
470
224
169
27
105
253
402
320
118
550
482
505
176
495
289
311
317
364
29
480
57
132
468
115
558
264
279
265
439
298
51
0
274
244
103
341
402
413
139
92
125
344
503
170
36
137
369
323
333
108
107
483
518
173
384
387
223
314
74
164
400
320
507
92
422
0
164
87
318
265
36
539
142
89
532
404
198
318
378
343
252
408
46
255
137
287
302
382
156
127
420
518
31
174
600
176
333
239
212
344
543
362
102
348
236
155
331
385
145
469
70
398
302
297
75
244
290
416
484
334
173
356
516
309
167
524
187
62
544
433
62
210
393
408
449
250
145
352
76
474
356
19
324
478
212
280
172
497
94
102
339
259
490
193
449
192
178
133
358
302
437
534
143
531
241
526
401
247
418
142
447
325
35
461
187
68
173
356
182
281
67
84
100
84
378
362
280
19
17
78
303
203
50
255
108
462
202
198
419
162
341
433
154
108
254
150
134
343
487
295
131
290
90
519
92
556
22
214
378
451
386
265
32
229
507
335
383
289
158
345
304
241
391
511
481
236
229
424
611
265
93
299
100
329
156
313
472
499
489
121
88
242
288
195
77
453
202
91
442
196
146
443
283
206
411
76
219
398
303
479
370
562
407
142
475
256
346
533
214
274
405
369
77
297
361
494
260
419
222
330
90
325
422
261
182
332
162
501
457
266
356
62
19
431
261
207
290
547
390
271
164
478
246
224
539
193
194
522
421
338
140
115
403
353
95
138
225
309
473
446
377
216
468
440
472
44
352
334
190
399
451
179
87
53
84
371
346
44
416
514
231
391
60
493
308
252
344
226
24
69
65
174
42
111
122
496
228
501
262
315
195
79
357
91
273
219
114
473
304
321
150
92
80
74
186
342
313
164
60
276
115
494
237
370
439
461
257
180
401
403
294
397
320
337
50
41
558
454
254
524
452
476
521
463
470
351
251
82
467
73
319
269
241
504
171
405
374
381
113
28
433
159
570
132
310
381
348
308
487
389
384
377
413
261
275
536
141
374
264
135
423
154
304
484
214
174
328
163
250
124
343
376
0
230
363
367
342
100
126
268
425
16
199
310
222
256
316
420
428
368
466
462
114
215
226
75
253
360
355
80
208
363
64
53
209
297
533
519
286
373
181
290
257
153
461
485
120
59
373
104
275
86
263
235
16
382
365
157
163
110
307
525
191
445
324
369
459
182
48
284
67
252
69
355
156
223
315
56
537
93
229
461
506
0
496
188
538
447
486
169
493
235
168
137
320
221
288
23
342
298
60
157
423
400
323
496
427
516
168
183
129
527
208
305
149
223
355
153
180
434
417
474
135
320
56
258
454
324
355
330
192
199
86
528
309
0
224
407
493
563
413
478
418
161
175
310
95
107
170
83
373
195
413
200
299
190
195
388
193
505
328
58
280
356
156
59
340
154
259
363
251
553
67
366
390
152
210
184
267
495
488
223
234
182
23
72
165
57
496
145
158
391
402
231
277
409
378
170
258
422
555
71
394
334
378
201
101
533
553
265
518
250
448
260
171
149
451
319
295
151
67
74
302
421
115
205
68
182
323
161
420
327
339
513
483
249
221
255
168
497
236
78
468
387
437
515
268
129
360
294
346
349
471
349
451
520
233
352
359
189
545
253
463
396
177
437
318
317
431
404
363
61
227
382
176
166
108
401
444
262
327
390
501
97
184
0
65
386
460
349
425
206
302
136
555
221
424
463
506
191
354
221
221
533
327
262
456
480
134
302
284
308
49
395
324
41
36
507
94
119
227
271
395
28
19
325
235
555
463
423
387
528
405
379
191
156
71
76
355
537
292
421
410
231
232
144
376
234
75
144
380
0
501
363
181
106
51
388
492
177
326
201
161
203
360
205
356
537
485
315
426
277
30
394
97
255
162
130
294
405
399
88
257
69
584
102
32
310
338
91
128
312
505
153
0
171
462
43
299
25
373
175
352
477
548
202
176
579
418
118
104
240
0
50
314
472
83
449
312
378
17
92
471
515
501
325
310
382
217
537
572
255
64
337
287
0
114
523
214
324
480
99
509
482
150
90
590
39
454
73
121
190
99
545
270
173
347
176
505
500
393
370
293
89
360
368
39
120
31
303
64
349
165
254
209
420
365
0
350
65
127
261
320
565
103
150
25
272
277
388
297
57
389
321
453
134
486
232
106
162
496
309
253
253
507
271
317
403
0
270
335
474
209
307
415
10
189
316
390
232
523
494
26
206
134
272
242
407
320
509
237
138
150
392
453
164
386
384
153
248
168
537
478
62
354
126
394
238
501
371
55
515
509
607
165
436
457
0
379
38
300
31
424
164
473
114
238
326
143
343
383
481
135
352
467
203
55
422
227
165
163
192
119
509
433
496
270
276
134
339
558
465
527
426
229
353
324
558
351
199
34
159
448
519
456
108
308
410
255
474
337
121
42
0
97
518
535
427
305
157
73
112
47
384
306
349
205
92
171
292
436
79
497
520
190
600
110
55
232
513
378
503
96
149
218
429
185
207
447
0
112
217
241
91
96
350
251
237
300
157
266
460
469
303
152
187
34
523
412
52
250
35
154
202
262
93
38
551
466
158
224
375
213
403
107
0
347
469
407
61
340
382
69
146
478
474
209
282
383
29
99
477
317
92
298
225
116
51
403
444
34
433
163
243
386
337
0
230
68
408
416
455
511
509
434
109
582
23
515
427
99
482
263
337
531
264
227
197
441
216
440
77
131
388
23
145
353
63
433
30
176
85
350
444
76
521
57
206
366
170
107
220
336
404
23
0
140
418
25
495
250
287
237
37
279
334
266
141
378
296
29
0
136
457
457
226
92
336
20
25
612
43
224
98
453
170
208
15
196
49
229
109
42
399
494
302
515
100
52
453
417
84
114
129
510
145
559
88
36
125
42
416
249
139
509
375
387
584
70
166
256
474
422
387
548
104
193
210
439
402
406
330
530
158
130
397
440
440
222
499
372
36
422
361
287
437
439
258
322
341
515
512
350
311
340
351
94
318
465
424
227
424
255
362
344
48
20
118
166
486
117
28
209
24
480
459
132
207
473
0
479
427
0
90
84
210
373
236
0
184
362
510
140
160
23
255
0
143
281
358
100
423
175
373
352
169
483
238
50
217
53
404
432
353
427
91
376
388
514
291
311
37
629
375
360
545
492
183
444
444
91
18
348
513
61
92
293
440
150
461
39
258
254
324
301
226
417
53
11
295
219
291
227
239
344
497
168
39
481
321
307
267
162
209
283
389
301
165
11
403
63
150
164
52
575
284
462
201
146
497
409
314
84
99
215
419
243
24
5
268
296
502
341
294
503
117
503
438
130
12
523
505
426
253
295
421
27
451
575
529
503
90
182
20
96
288
394
406
308
301
164
372
347
380
178
256
85
385
407
493
439
17
0
225
297
106
164
228
361
268
551
302
405
213
483
87
438
125
93
140
467
344
140
226
178
406
118
413
197
32
453
106
214
352
416
411
498
152
54
23
127
37
453
463
73
266
89
125
108
206
198
134
66
155
376
209
65
457
418
177
399
389
183
341
343
189
0
26
378
127
291
497
80
435
482
560
272
356
77
269
562
629
89
172
305
178
165
130
51
114
499
199
63
172
90
350
117
86
165
329
425
189
91
347
64
440
0
289
139
385
167
146
49
524
376
517
573
346
245
77
562
30
399
142
278
440
343
169
145
123
67
498
330
88
249
36
78
540
35
246
0
510
220
329
39
199
370
521
221
394
308
359
266
183
417
376
93
67
276
326
485
11
289
470
313
428
462
281
399
386
487
267
144
53
249
40
205
145
160
89
466
173
320
223
481
175
131
495
0
545
560
80
473
74
258
311
538
437
140
422
455
244
493
80
153
520
415
102
129
270
35
483
294
434
30
479
344
366
315
177
86
249
314
396
229
297
124
275
0
503
241
505
52
498
546
453
380
99
483
183
113
135
372
375
146
381
51
14
68
504
50
512
401
501
516
281
184
19
87
215
226
167
320
83
151
379
381
301
318
388
535
263
246
163
202
83
321
461
503
324
44
408
56
496
235
210
204
79
312
87
348
199
77
284
428
493
439
102
382
