276
308
233
304
190
19
35
289
223
317
178
254
128
73
198
404
26
68
75
33
428
360
84
370
66
268
11
390
255
172
95
450
28
382
442
205
423
72
11
479
212
203
205
113
257
216
0
107
479
438
31
308
415
320
407
441
418
325
408
0
430
70
83
457
269
335
197
40
233
431
99
88
87
30
81
353
215
121
458
269
220
377
101
279
375
149
197
59
268
239
136
354
285
422
442
250
94
273
122
383
220
218
96
181
129
376
132
469
430
159
274
322
261
69
103
273
330
207
289
85
80
288
139
354
127
75
236
293
300
361
423
292
351
0
340
138
378
227
139
423
90
15
332
274
134
192
162
60
66
262
290
202
343
293
93
295
356
221
241
129
19
127
315
0
264
138
156
19
203
340
388
279
393
179
83
266
341
192
93
94
297
89
410
140
354
407
417
240
217
0
81
357
120
128
223
29
13
129
136
399
78
286
176
190
91
285
327
449
107
213
267
217
416
129
193
399
0
447
316
10
77
138
81
66
135
388
114
37
140
430
214
261
353
197
188
171
348
257
84
254
144
429
343
297
332
216
199
23
241
70
63
205
272
130
371
132
394
24
337
288
369
371
183
404
149
449
223
191
11
38
57
274
480
203
269
171
146
373
28
66
35
108
300
427
323
100
332
162
204
392
368
30
427
78
290
51
110
0
172
136
402
170
324
144
306
138
15
451
164
365
114
342
375
109
100
138
330
262
166
466
289
221
417
137
80
363
0
59
58
239
92
335
352
285
380
427
387
79
25
181
129
69
320
0
244
222
133
118
91
334
241
483
344
0
369
31
335
101
106
220
363
190
59
121
354
189
251
168
369
416
406
425
397
250
311
405
356
119
300
297
380
33
109
276
284
233
292
424
13
241
99
188
403
104
229
447
326
157
139
238
203
175
16
260
169
183
410
228
355
79
192
0
107
56
266
72
270
26
61
353
290
296
108
48
0
338
413
455
312
207
287
340
353
175
418
429
231
33
46
43
131
173
172
164
325
292
250
92
366
340
416
183
170
374
74
77
468
408
41
389
369
217
19
221
136
81
54
201
48
56
113
313
385
260
236
361
49
71
405
305
483
224
69
187
494
366
354
180
411
296
178
231
103
53
278
168
153
51
75
364
389
412
65
90
219
201
312
187
126
88
330
245
183
448
88
448
43
153
107
199
324
246
116
193
291
181
259
12
446
359
0
221
343
110
431
423
268
420
160
431
273
0
344
256
61
170
247
106
0
343
418
155
153
438
316
235
291
393
202
26
213
456
75
312
358
306
403
388
123
197
369
279
402
214
20
105
103
411
209
117
255
458
286
98
319
0
261
18
320
53
450
370
321
405
103
487
419
47
33
368
20
63
39
207
219
47
433
148
125
295
29
194
450
189
375
329
430
350
360
375
93
176
235
198
468
238
447
417
401
240
269
411
124
233
363
430
291
247
136
381
161
369
213
78
409
142
431
301
418
419
179
393
89
376
266
419
364
354
239
427
107
181
70
0
453
305
351
92
153
185
328
66
169
333
434
444
96
254
378
263
237
227
380
46
423
63
432
407
207
19
195
347
97
242
99
456
74
92
57
369
164
98
194
306
339
178
334
293
226
424
75
77
28
378
90
98
161
261
282
161
175
339
146
370
120
233
121
136
32
349
350
87
432
336
234
325
383
239
154
123
275
29
56
374
369
162
322
421
417
175
168
434
163
311
327
89
276
291
357
68
315
65
407
288
171
428
415
342
294
179
123
502
218
399
214
255
121
78
44
117
467
359
146
417
195
103
348
343
154
460
186
100
470
402
328
140
286
61
273
209
411
141
288
225
152
349
313
30
343
99
85
158
348
43
440
390
71
396
28
182
151
452
62
247
35
161
207
120
334
259
186
501
81
349
166
324
103
419
95
232
41
386
358
194
244
136
364
248
191
73
195
134
240
324
124
226
270
402
188
221
312
114
102
127
258
194
301
174
357
311
70
232
377
257
37
41
414
20
318
74
453
471
160
42
239
405
390
37
42
454
66
114
428
146
369
292
320
293
354
154
366
425
45
66
374
363
86
440
305
14
456
90
233
57
123
322
22
234
276
440
385
345
457
220
128
343
324
133
111
331
292
126
250
249
368
325
397
341
306
269
174
36
277
102
210
264
189
20
187
64
200
185
211
338
20
392
263
47
273
226
366
460
31
475
103
243
339
82
466
83
23
109
244
275
230
301
122
0
260
204
287
466
35
400
107
147
169
44
393
314
202
384
78
79
59
429
475
120
257
244
204
376
178
144
471
84
420
407
320
299
268
126
308
136
167
48
410
451
64
177
212
64
0
33
349
328
375
198
222
54
136
443
375
21
67
150
188
0
274
233
102
207
38
419
0
44
206
344
166
364
87
61
391
261
149
404
187
283
216
432
147
254
165
401
144
283
154
277
199
407
334
443
502
466
385
394
241
429
60
370
327
223
39
0
464
130
332
303
120
179
76
246
49
345
0
223
462
406
175
426
241
87
118
289
146
356
355
433
77
316
265
116
138
267
440
101
294
420
435
42
219
157
0
88
375
35
137
333
129
174
323
341
400
207
361
126
229
422
354
348
113
492
374
130
184
89
373
422
106
302
400
236
133
352
81
21
204
32
159
305
100
368
288
355
131
163
214
151
119
0
440
210
458
206
369
370
286
107
384
131
94
122
103
461
80
301
104
175
313
109
362
318
25
24
156
279
15
430
42
140
332
71
331
63
404
340
439
243
161
262
179
215
395
0
91
107
380
160
213
172
53
130
290
262
152
97
406
197
313
28
285
87
466
425
226
364
152
376
67
70
39
272
128
425
59
245
117
310
266
25
286
188
330
298
212
175
138
105
414
316
137
362
25
354
72
329
226
207
34
30
150
209
232
0
227
329
312
436
13
234
80
27
334
152
77
350
100
446
71
34
63
264
366
81
106
171
223
66
147
165
327
190
21
355
14
216
329
465
93
247
287
79
253
426
205
309
432
225
96
290
209
151
270
392
243
124
227
117
277
131
257
248
0
354
117
109
146
291
287
217
118
267
318
257
183
293
455
371
458
146
255
390
146
95
114
45
386
135
305
352
273
51
224
48
289
450
