181
38
88
53
153
210
103
10
52
141
31
169
180
16
71
169
14
216
164
173
61
47
29
54
149
154
23
33
182
89
38
130
180
185
229
98
62
124
28
173
123
36
163
79
199
19
151
158
58
124
44
130
131
136
170
201
140
110
263
246
171
132
138
47
42
8
195
48
110
206
148
129
139
214
7
132
188
229
107
64
40
96
141
169
11
163
169
51
149
54
150
244
198
23
86
155
194
194
132
98
129
181
173
188
120
63
94
152
78
46
100
126
166
165
157
62
228
55
73
133
25
182
186
148
74
59
143
79
137
137
28
65
61
76
209
90
192
179
172
87
192
29
68
122
75
88
86
254
162
120
127
185
178
187
195
42
78
231
121
104
79
33
47
173
49
69
28
96
125
38
121
63
52
102
15
8
244
75
207
92
26
59
233
64
126
211
30
121
36
149
261
209
103
127
119
115
228
47
138
164
206
131
24
201
117
23
190
130
52
99
123
61
90
95
215
82
127
55
117
193
38
174
167
91
92
225
13
190
171
94
97
74
31
109
101
145
210
36
198
192
132
45
140
160
19
64
66
106
187
8
49
75
72
45
135
24
42
27
154
124
61
127
145
83
171
125
12
207
125
42
52
119
117
126
191
190
0
84
166
141
178
109
165
80
148
97
24
145
57
127
149
48
94
52
174
231
168
168
112
11
122
172
85
125
182
67
84
67
138
183
155
73
124
137
158
95
107
127
83
145
99
171
71
146
191
100
180
155
241
172
12
94
0
153
76
21
66
50
0
15
115
204
163
102
13
185
212
30
146
141
138
95
153
188
17
130
15
166
200
40
39
76
4
88
180
24
164
171
199
71
228
218
26
99
163
160
58
37
212
115
143
242
183
31
122
228
177
188
36
26
144
37
62
65
152
160
49
36
188
3
54
171
83
103
119
48
69
120
92
162
186
73
218
32
88
87
116
11
0
132
89
36
80
32
53
170
126
139
22
138
245
219
177
50
218
20
139
142
25
111
0
8
224
100
39
163
76
78
188
210
81
223
103
108
170
75
70
195
207
166
201
79
139
170
32
28
0
86
138
156
40
73
128
89
225
32
94
32
53
149
154
128
133
137
76
159
9
56
154
231
101
125
144
191
141
138
115
149
32
138
115
37
30
144
75
198
21
110
82
23
84
137
32
47
182
89
142
45
9
77
18
137
202
133
91
84
100
190
0
45
193
99
187
68
10
0
62
55
122
127
19
143
149
114
105
204
100
136
175
89
159
7
121
96
48
36
125
198
14
184
140
134
227
27
27
97
148
74
166
178
174
142
192
141
12
224
88
200
170
106
179
82
137
141
177
59
45
132
203
120
146
176
198
161
205
185
140
92
74
187
201
202
137
87
123
27
27
61
184
197
100
44
27
25
168
48
173
23
168
129
8
194
184
92
115
120
245
175
138
192
142
145
52
22
82
174
13
136
38
12
23
93
203
107
201
124
167
184
112
87
205
130
78
203
34
249
59
122
11
134
200
36
50
137
207
14
115
68
153
158
84
159
106
196
136
33
131
101
185
142
128
209
81
197
89
68
166
63
69
246
112
169
217
39
78
11
0
13
168
78
119
7
152
186
68
0
97
195
232
140
128
78
162
61
97
172
27
63
195
23
74
19
83
256
90
10
0
167
187
177
159
237
15
106
12
138
11
70
121
141
164
36
68
11
122
101
183
235
130
0
14
77
97
11
12
92
