556
519
593
548
566
528
584
556
542
599
509
562
541
548
523
532
536
515
550
539
533
580
530
513
561
544
541
542
568
545
513
615
521
548
491
497
513
571
601
529
559
523
543
545
576
533
527
507
553
586
538
577
570
501
508
547
564
560
536
556
561
532
554
580
575
578
566
504
588
528
523
580
529
554
563
562
511
534
534
560
532
540
538
584
553
524
556
518
519
536
533
595
551
528
502
538
575
526
526
559
547
595
624
539
542
565
548
505
508
573
586
530
524
531
547
552
572
556
536
558
616
549
570
546
550
561
557
578
541
520
510
576
574
518
563
532
537
569
535
547
549
541
600
540
533
581
554
521
545
534
555
567
547
563
570
550
547
553
512
597
503
543
593
544
530
546
520
494
565
538
558
561
507
567
525
550
544
545
546
549
561
547
557
573
512
562
572
530
523
508
567
526
546
539
547
536
544
545
542
596
568
519
580
512
552
578
510
559
546
545
541
520
513
560
540
589
576
523
498
560
494
515
556
518
479
525
517
499
550
555
552
558
547
538
533
525
527
507
564
542
523
555
578
519
554
560
535
535
539
536
536
546
504
600
546
541
527
545
619
551
499
558
541
538
545
572
551
571
548
536
561
518
505
547
574
509
525
561
548
604
552
564
514
559
597
539
548
558
578
524
522
580
519
510
535
577
537
540
486
526
532
537
532
522
528
571
546
528
523
535
554
502
493
563
524
544
507
508
561
549
503
517
561
605
589
557
563
533
545
557
540
510
547
566
490
538
535
566
551
569
542
535
574
532
511
556
582
545
552
574
544
520
506
500
522
515
515
578
551
529
587
543
535
507
545
518
570
527
552
514
544
546
601
559
559
547
533
543
573
535
559
530
570
501
505
560
511
560
526
531
516
534
527
497
500
525
529
562
597
563
520
559
558
547
611
521
550
551
540
539
519
579
517
487
534
539
516
592
538
532
516
547
515
537
558
535
558
548
545
535
564
525
536
525
534
522
534
554
547
495
489
547
575
519
570
544
562
519
542
560
561
542
583
564
529
568
490
492
535
570
560
533
528
588
530
561
544
563
543
512
555
558
495
528
573
544
560
542
571
553
528
509
582
532
539
571
596
544
560
489
567
534
523
549
538
521
556
532
531
581
591
562
599
586
526
534
576
520
490
560
557
563
549
589
545
568
550
528
547
528
526
554
531
510
553
507
523
542
517
574
523
488
532
546
527
506
524
577
556
549
554
542
551
532
492
553
544
543
534
542
539
541
558
504
531
574
523
559
531
527
501
526
542
559
510
572
586
550
491
516
544
553
482
516
549
525
567
533
522
499
607
514
567
530
528
510
547
575
583
570
546
523
555
529
558
561
578
521
546
552
603
523
526
563
504
509
522
548
559
580
522
524
569
523
563
578
503
521
559
561
564
566
537
533
553
501
530
524
548
540
625
508
540
552
544
558
531
549
524
532
554
556
551
527
548
565
508
554
587
513
535
539
560
523
564
567
557
526
509
562
570
574
533
504
519
562
559
525
553
546
562
553
541
539
550
504
533
552
522
553
529
527
516
552
529
503
538
554
560
609
529
533
517
542
546
565
554
534
572
573
554
574
527
552
537
514
521
550
507
575
552
591
542
608
523
512
558
559
555
570
544
603
563
537
558
533
490
526
539
551
564
532
548
569
557
537
502
546
525
528
578
539
547
555
527
555
544
571
497
512
517
529
494
566
537
514
548
524
596
558
561
550
528
560
572
590
563
515
524
516
510
517
489
561
538
568
511
552
557
558
573
524
533
592
582
562
549
528
591
525
539
532
504
577
518
564
495
549
597
518
529
539
564
566
544
557
531
505
570
518
573
559
554
551
550
552
516
563
523
519
539
580
552
520
562
571
493
580
555
553
539
562
552
590
519
507
573
525
569
550
570
548
551
579
518
558
527
545
537
578
543
542
496
572
493
510
563
608
543
536
569
531
522
533
600
524
536
498
556
523
537
536
545
555
521
512
553
613
513
527
540
537
525
509
501
569
587
550
541
515
526
528
527
510
553
553
485
515
537
524
526
491
573
573
554
547
578
559
560
606
539
566
561
530
539
541
514
632
524
509
552
569
590
544
559
510
523
546
538
529
525
538
559
601
537
503
473
514
490
559
540
530
541
555
535
527
549
524
536
554
539
558
519
523
558
540
505
523
543
520
523
536
559
561
505
516
531
509
576
536
538
543
544
565
576
541
564
575
533
541
546
540
553
517
539
545
528
563
504
524
573
505
518
563
538
554
572
535
529
525
537
528
502
522
508
513
533
513
566
503
563
542
543
565
551
572
548
568
511
594
529
483
535
533
542
510
562
570
559
569
535
533
544
511
588
529
553
555
519
519
557
491
548
497
483
566
532
528
532
585
557
509
554
478
541
575
522
543
533
533
537
568
536
567
491
565
545
557
531
509
503
550
563
517
554
497
540
550
501
538
584
544
504
509
604
528
577
547
532
559
576
564
559
550
556
536
508
564
564
586
597
579
549
555
554
564
594
544
592
510
498
506
549
494
578
516
542
562
549
522
559
524
545
556
524
525
590
556
530
597
496
533
527
587
574
495
548
545
541
520
547
525
549
563
562
506
580
574
541
600
531
544
513
516
540
535
556
545
571
580
610
519
569
533
532
607
529
525
501
564
515
540
541
513
519
524
522
529
559
577
537
521
522
496
544
541
518
595
546
535
515
525
541
521
542
522
529
557
506
568
503
508
563
509
563
548
560
539
560
530
529
535
558
556
522
570
550
556
562
531
476
592
572
555
513
538
560
530
510
498
559
573
598
543
508
557
505
540
507
560
538
553
513
590
486
488
553
572
491
530
520
542
502
530
542
511
533
587
565
539
580
559
536
545
547
545
583
534
556
514
525
560
587
510
530
548
563
556
554
525
543
588
530
517
529
523
491
544
534
582
501
526
585
489
543
626
552
573
547
564
567
580
575
583
542
540
544
481
553
594
536
553
523
553
559
575
565
566
556
534
552
564
551
562
526
564
550
597
550
535
542
525
508
556
520
560
501
541
551
497
529
526
490
540
495
504
506
530
529
549
581
548
562
526
550
595
538
519
558
560
546
500
569
539
561
589
511
526
535
584
555
529
556
526
521
539
498
588
551
546
527
532
518
549
608
533
519
502
565
494
575
547
507
552
519
559
620
567
545
544
566
574
533
536
510
572
529
532
579
579
542
552
564
511
570
525
563
542
541
540
526
561
525
555
590
563
531
569
529
532
542
527
555
546
567
532
590
536
518
557
589
548
517
517
529
574
542
525
526
520
567
536
548
584
576
518
539
495
553
559
526
525
536
569
536
509
578
558
502
517
522
552
547
565
536
630
453
493
536
501
536
576
534
534
568
566
542
532
558
580
537
551
606
547
508
549
547
545
587
552
514
555
586
582
511
524
550
552
542
589
515
552
586
524
512
535
516
538
522
529
571
541
544
539
545
506
573
532
526
516
551
583
502
541
508
516
536
517
600
577
523
552
551
543
519
554
500
562
589
542
544
518
551
514
517
551
499
506
499
494
523
585
505
604
566
582
550
508
560
504
570
521
535
538
527
564
495
562
508
523
550
527
484
558
604
559
607
525
533
554
573
529
535
560
530
551
554
589
533
538
544
516
481
523
529
511
520
578
568
535
587
551
591
545
528
630
497
574
534
556
558
548
545
572
549
524
523
571
516
542
548
566
529
537
568
567
537
516
503
591
562
543
555
520
548
531
508
521
501
552
521
533
560
538
482
524
532
541
556
605
552
544
522
526
555
532
521
566
618
520
532
559
552
543
525
522
572
554
526
592
546
535
546
533
548
505
503
525
553
544
532
507
510
506
515
517
571
542
509
550
518
538
529
513
561
567
548
520
529
576
525
551
526
535
558
532
540
502
616
553
541
575
542
508
520
553
554
553
528
528
499
512
533
562
582
556
567
536
547
515
525
541
565
530
539
520
562
538
555
559
559
538
559
546
493
506
548
536
533
577
595
536
530
529
529
505
499
532
541
579
504
521
520
527
548
574
580
572
554
564
559
568
568
547
527
557
530
544
533
544
566
507
540
592
548
505
557
523
537
554
533
508
521
523
553
498
546
538
560
559
551
573
557
579
581
557
538
535
529
512
525
538
550
496
562
548
567
557
512
546
560
539
558
552
509
523
573
504
588
565
529
560
518
542
558
557
533
569
525
517
584
534
540
520
495
561
553
545
589
568
505
551
543
556
549
541
569
560
544
572
545
541
527
587
498
560
507
535
587
554
549
506
554
538
531
526
564
500
491
528
504
501
513
537
541
551
565
504
564
506
540
545
548
552
554
571
594
556
543
552
587
532
505
570
523
550
561
543
536
504
563
529
530
552
574
547
546
541
536
551
546
540
545
539
528
525
543
525
579
541
580
547
546
582
547
550
540
592
534
549
573
553
539
556
569
552
521
516
518
510
569
540
518
597
554
525
544
533
535
533
548
549
532
495
575
544
503
560
524
536
541
544
575
520
566
542
518
538
547
564
571
562
508
572
519
559
513
568
541
548
550
548
539
502
549
497
491
514
573
542
525
534
548
534
564
549
593
571
550
508
526
546
555
546
523
490
547
520
563
469
583
519
556
563
578
548
481
537
625
578
527
560
561
500
590
522
540
519
522
563
513
536
505
524
514
559
505
538
523
524
535
541
490
566
572
612
577
531
561
522
547
525
550
552
556
538
582
515
541
589
535
539
506
537
493
568
525
525
529
557
552
552
587
562
522
533
520
558
538
538
533
574
554
576
607
552
541
511
526
529
543
521
557
524
563
537
554
544
559
546
533
580
626
574
511
581
536
526
529
502
551
581
594
559
525
567
523
529
562
558
560
591
550
612
545
465
490
591
550
525
497
529
496
559
550
565
543
538
538
517
547
535
517
510
577
583
573
493
494
525
557
506
517
522
529
531
562
499
565
527
553
515
545
535
530
570
556
581
518
593
535
532
517
565
567
530
551
552
504
546
540
560
528
561
484
528
568
596
492
501
513
546
594
525
532
569
525
509
511
577
542
551
498
544
481
529
563
513
570
611
501
503
554
514
530
536
532
589
576
522
541
572
566
561
540
565
548
567
549
553
531
515
566
520
509
539
519
489
523
544
565
535
507
572
520
575
511
516
534
547
572
591
546
547
599
496
579
580
591
496
532
547
565
592
529
577
537
551
544
520
580
503
561
575
525
553
524
514
590
532
542
559
550
565
526
518
573
532
492
544
595
546
554
545
553
513
519
574
554
562
574
571
546
506
510
548
521
551
579
535
522
575
521
530
554
524
522
523
506
528
500
545
555
533
538
557
517
549
514
527
570
556
525
562
535
482
528
483
524
519
545
575
519
522
539
559
559
509
547
522
479
560
547
526
582
516
559
492
558
568
567
504
570
519
533
549
541
560
565
553
554
621
493
538
537
589
530
572
472
558
551
551
533
540
545
505
556
500
533
491
560
568
498
543
556
535
531
538
592
561
549
565
509
536
514
564
554
480
532
540
563
495
536
551
542
557
524
535
570
523
558
584
578
483
506
543
509
540
558
547
542
544
499
537
501
530
492
582
563
535
559
550
589
555
537
547
568
554
516
531
583
553
475
518
547
560
540
504
554
519
583
529
500
553
572
510
515
595
521
558
533
525
535
517
534
513
525
550
565
598
553
548
509
562
504
528
589
501
525
538
539
604
559
576
511
539
543
560
570
529
562
520
566
543
558
498
525
564
533
539
530
546
562
578
567
547
566
562
519
562
535
618
509
603
577
587
541
560
513
514
556
561
557
548
549
534
552
564
559
523
534
527
555
575
510
522
534
574
554
536
556
519
604
543
575
532
556
545
594
573
532
543
544
534
503
568
556
598
514
526
533
514
535
532
576
542
555
563
527
557
557
524
516
502
601
536
589
517
558
526
579
535
575
567
505
585
548
546
520
600
508
537
567
563
514
527
527
580
576
556
604
547
513
537
508
568
534
564
518
503
571
536
518
551
564
557
564
553
510
519
545
532
559
594
572
514
541
520
549
525
550
511
537
512
568
513
573
500
548
530
564
566
518
572
532
483
566
578
589
519
541
541
538
554
591
498
544
579
548
496
553
559
521
515
559
515
600
554
553
580
554
563
556
553
486
550
548
558
553
511
552
562
547
532
520
585
540
506
547
495
567
531
570
557
526
560
517
520
529
530
541
565
563
564
522
516
563
535
525
519
518
480
549
547
529
530
568
526
528
557
527
537
565
541
520
519
528
558
528
516
537
550
550
615
476
584
514
541
509
557
532
543
584
502
499
521
501
553
552
552
541
577
492
506
546
539
520
618
564
471
564
593
624
556
488
550
507
528
552
544
508
528
488
544
581
537
552
574
528
591
527
504
553
515
542
561
517
543
524
553
558
510
585
570
570
529
549
546
545
579
538
569
558
518
550
532
539
527
555
528
547
514
543
557
535
552
554
480
517
534
514
512
507
562
550
580
498
550
564
536
572
510
589
520
527
496
517
529
524
498
509
590
555
512
496
520
535
493
563
522
536
545
523
553
522
518
546
513
510
528
549
532
542
535
546
520
542
533
565
538
504
509
540
562
555
535
545
538
563
541
504
529
508
520
548
506
534
513
556
556
519
560
563
571
506
505
535
488
528
527
553
504
514
544
523
528
593
532
543
521
537
564
521
534
522
508
509
549
588
505
520
541
526
502
567
559
563
537
565
521
590
550
526
591
533
547
557
516
517
491
550
548
552
564
523
597
515
509
496
558
583
520
545
574
562
538
532
519
506
562
524
500
541
545
564
557
517
548
567
521
545
533
517
556
547
516
507
545
526
578
552
535
525
581
552
536
553
518
502
536
583
583
634
575
578
514
549
517
554
560
511
524
514
536
567
537
468
525
603
587
547
557
558
558
555
537
515
514
515
581
541
550
533
545
539
550
591
553
505
527
575
552
563
558
569
557
533
503
548
599
541
537
569
531
531
509
517
559
532
545
563
531
519
548
558
512
554
526
518
549
561
520
501
499
539
566
535
493
536
527
528
503
504
556
566
510
507
586
516
520
523
532
587
552
519
528
508
526
588
564
545
552
571
495
553
577
576
518
549
553
557
577
486
577
541
553
567
553
529
555
558
560
517
560
543
511
540
566
568
551
570
533
539
553
557
514
550
533
516
580
539
587
512
547
534
475
527
544
543
561
510
515
530
508
534
530
562
561
567
517
546
558
509
573
550
575
541
546
603
541
518
534
528
560
569
538
609
532
555
520
540
538
529
512
526
570
476
582
509
512
540
600
544
563
535
559
547
525
552
530
592
580
547
548
589
615
526
579
589
537
545
550
555
560
564
517
513
538
558
528
526
585
637
542
516
534
502
543
557
557
561
537
560
553
573
541
521
510
504
578
530
570
579
526
531
557
520
527
527
548
528
566
540
555
552
542
527
539
538
503
533
527
560
539
562
561
558
595
535
544
513
529
552
572
553
572
556
527
504
534
570
541
573
529
524
623
525
562
548
524
507
574
495
484
543
512
514
538
538
552
526
471
608
503
567
575
556
557
578
548
562
551
528
517
507
535
542
499
577
560
538
554
555
522
534
539
503
534
576
536
550
549
559
586
540
539
532
532
597
556
540
504
548
549
556
568
583
555
542
576
567
551
541
551
506
495
528
501
550
576
498
536
548
565
541
497
517
487
566
503
559
551
628
524
547
499
562
559
526
556
562
539
543
570
559
522
553
530
540
530
519
541
529
535
561
573
532
529
537
538
544
556
550
546
508
555
530
542
567
532
539
535
532
526
526
571
574
585
561
544
577
550
521
550
503
540
528
539
554
545
536
534
499
524
583
558
533
521
544
528
513
544
537
526
515
501
548
529
553
541
512
552
549
527
534
484
551
546
556
566
572
550
532
542
509
538
541
568
525
588
536
556
544
562
518
523
547
577
564
518
554
557
532
569
553
543
529
551
532
505
586
521
542
553
564
532
544
541
535
530
528
458
512
559
552
564
538
568
568
534
552
541
517
514
532
537
538
494
551
517
541
495
553
533
546
539
516
549
531
532
557
526
522
527
570
555
583
515
590
589
535
502
550
511
568
555
582
549
558
522
543
486
555
502
505
508
553
581
531
519
534
560
552
554
534
487
501
498
563
594
522
512
548
525
518
574
562
497
561
596
540
521
547
581
507
534
557
572
509
515
513
521
559
528
540
568
580
561
536
556
535
588
500
552
550
575
553
558
561
527
563
505
575
569
519
508
517
528
555
494
529
515
521
548
569
543
569
566
562
586
514
592
527
539
516
591
567
547
510
565
518
569
559
556
541
528
575
607
555
534
514
595
536
541
558
561
606
548
524
530
514
571
520
512
510
526
543
506
529
513
567
541
553
548
522
497
549
478
561
574
514
542
535
508
598
535
521
532
552
492
540
515
572
509
572
551
560
575
511
593
548
561
526
606
588
541
543
542
547
570
538
550
552
508
564
504
537
516
559
558
578
503
539
530
543
524
504
522
557
523
514
613
555
532
526
529
545
550
524
548
589
541
557
584
521
520
567
555
529
511
509
580
541
522
560
525
568
547
549
576
575
580
557
524
543
534
476
458
538
556
568
533
523
567
520
528
527
595
557
495
539
521
535
551
531
540
512
590
499
566
567
576
557
506
588
536
521
555
545
515
524
522
545
550
546
494
574
560
514
561
537
578
516
525
524
516
606
503
547
514
587
574
560
511
522
514
554
549
567
567
580
563
512
531
585
532
579
552
541
571
509
544
540
539
548
505
500
497
551
521
570
588
512
548
534
583
549
533
552
564
512
563
555
578
509
562
583
543
536
512
512
561
526
530
531
539
519
545
548
525
553
472
528
585
513
522
559
540
525
582
547
498
544
593
528
530
547
529
518
563
498
491
548
514
505
550
510
524
497
575
556
558
557
518
569
580
500
526
541
591
553
538
529
567
552
531
504
560
549
594
498
555
516
564
506
509
570
565
533
561
524
554
527
507
581
585
507
535
557
559
578
526
534
536
570
518
565
594
530
554
540
506
582
516
563
524
554
555
527
567
559
529
549
590
534
567
533
537
549
522
588
572
539
536
517
546
510
566
545
509
523
574
533
534
549
555
561
566
544
524
510
581
553
498
511
561
515
538
527
485
490
543
507
512
479
484
538
529
521
549
546
546
518
529
510
536
558
549
551
567
555
540
507
510
546
580
550
570
515
540
520
504
562
532
514
554
549
544
534
539
548
551
491
487
541
535
581
532
576
562
567
561
546
580
494
542
560
556
563
554
531
515
586
510
572
568
549
521
575
551
574
521
519
553
498
571
498
521
536
556
528
517
521
553
538
601
529
559
514
543
520
545
572
541
556
526
539
537
576
550
575
500
526
608
547
550
510
528
582
528
520
574
578
549
477
571
503
590
483
553
574
560
514
498
529
555
541
512
568
543
548
513
516
556
532
558
562
534
548
574
552
528
490
519
519
464
549
556
535
568
496
540
552
575
510
584
536
528
517
527
570
559
555
567
550
507
558
539
553
589
538
517
523
518
547
564
549
566
515
537
537
565
541
554
514
573
530
579
527
505
573
564
502
559
559
510
552
523
528
567
584
507
538
578
554
560
521
544
485
563
553
561
513
562
554
579
575
554
535
574
533
546
541
506
552
573
492
566
525
558
537
533
530
530
548
544
613
581
567
572
541
573
555
521
530
537
572
593
515
506
489
486
552
528
561
561
524
592
525
552
539
541
514
539
526
554
510
593
498
545
550
488
524
593
516
532
505
538
558
524
528
511
580
552
546
495
560
548
557
558
546
551
566
497
541
506
516
554
544
554
597
494
525
514
507
518
544
554
491
562
542
508
536
527
526
550
505
562
538
539
572
528
500
548
501
524
575
499
582
483
545
576
607
582
565
606
550
533
553
560
556
516
539
561
543
491
552
569
563
520
550
552
529
525
554
522
568
516
607
532
524
523
509
545
525
500
563
568
505
527
525
592
546
575
518
556
543
539
543
491
548
552
525
498
542
499
592
521
548
566
556
570
555
529
540
495
492
556
569
524
544
538
524
586
529
517
559
522
545
552
543
535
538
556
560
540
538
535
564
554
537
556
545
515
563
562
551
524
563
507
484
519
512
539
541
585
530
538
516
533
545
497
523
501
525
515
574
507
549
515
540
543
536
563
529
529
526
533
570
534
557
583
517
540
539
559
525
532
548
566
568
509
548
516
540
623
556
509
542
532
583
555
551
544
591
578
583
576
554
554
491
525
492
550
542
537
583
509
548
475
551
514
540
555
562
549
552
519
536
558
537
553
511
528
496
530
560
539
521
558
534
545
516
524
544
535
595
537
527
533
545
536
511
564
559
534
541
524
520
579
554
565
543
554
524
490
528
532
549
563
548
554
518
537
517
500
524
497
537
513
575
578
534
573
559
529
511
554
554
556
518
507
567
552
510
495
564
594
545
557
525
561
529
511
597
505
550
514
547
588
578
542
513
544
556
554
593
535
580
542
534
519
560
527
511
529
520
534
529
542
544
570
571
553
523
541
576
516
597
548
530
581
477
571
564
529
538
536
517
563
513
558
522
541
549
554
482
578
583
587
593
527
584
537
550
553
523
582
582
556
564
515
536
507
568
551
568
555
569
561
532
514
568
592
559
575
497
518
531
526
524
546
542
563
534
544
503
525
540
537
538
495
549
456
528
535
577
506
561
561
551
554
514
496
571
564
532
549
503
555
533
510
475
552
554
558
534
496
516
560
572
541
546
562
510
507
549
570
543
575
566
497
575
523
502
568
560
518
552
586
584
526
576
555
544
556
522
511
549
552
512
534
525
548
548
538
548
604
565
570
547
540
575
572
553
540
517
543
506
512
569
550
562
546
586
538
526
573
570
538
547
601
584
571
528
550
493
576
565
551
535
594
537
497
573
558
547
563
541
569
519
503
570
554
521
532
530
568
542
556
568
577
578
493
520
531
580
573
522
533
542
544
544
527
555
557
574
562
543
528
487
526
548
561
531
496
560
516
579
583
500
568
569
539
554
529
541
530
522
544
529
526
579
613
567
542
532
524
573
557
559
558
509
574
594
530
538
509
512
534
573
515
560
547
537
534
538
500
536
519
595
539
583
562
557
496
524
574
616
531
528
616
545
496
525
563
569
526
538
545
543
506
550
527
583
542
543
573
574
552
513
552
542
497
518
524
556
542
581
572
566
519
522
553
527
550
537
584
561
501
520
552
545
535
532
532
536
552
519
532
546
521
515
536
566
535
575
555
545
512
531
567
531
559
546
575
544
530
561
558
574
557
542
571
503
549
492
536
496
512
526
549
528
514
544
548
541
555
538
553
