459
346
41
431
235
155
479
247
149
253
27
411
409
356
323
44
262
374
345
160
471
304
469
299
308
409
462
419
103
325
143
469
304
322
261
393
355
321
0
399
74
389
51
297
254
41
217
378
121
46
554
501
411
549
252
282
400
208
310
306
146
446
345
336
347
347
267
263
201
475
366
225
367
338
185
204
293
235
0
216
108
223
0
443
353
374
272
396
313
485
38
54
164
0
445
246
505
373
251
92
334
461
474
406
281
290
75
303
186
53
30
183
383
203
47
469
0
372
288
137
170
24
506
407
391
74
378
310
50
175
439
239
357
203
241
478
281
373
405
448
507
412
126
318
218
403
220
352
507
485
110
522
68
52
189
121
116
465
0
180
15
183
230
44
230
90
378
396
381
85
32
237
466
523
236
500
246
119
344
334
59
63
95
420
310
332
223
283
44
483
363
240
287
312
0
131
310
447
0
323
370
61
401
220
543
418
267
528
93
481
74
455
120
399
83
158
486
76
294
156
307
210
151
392
455
348
190
371
206
430
71
181
153
433
16
38
424
300
163
300
237
453
308
20
192
100
218
337
138
65
237
187
394
417
439
387
343
115
350
17
71
382
188
0
485
66
285
353
176
401
320
133
193
450
185
61
149
268
223
518
315
241
124
180
327
271
299
0
130
402
345
195
186
225
62
469
246
335
111
246
421
351
329
266
207
205
39
228
79
139
451
244
337
469
112
106
204
236
34
275
435
464
303
55
265
143
361
111
249
541
400
24
463
428
200
349
39
0
41
160
214
33
53
384
519
196
91
86
479
437
517
230
295
167
147
101
159
76
501
217
467
307
227
0
368
193
197
466
40
375
480
53
67
248
137
29
58
138
130
334
264
311
452
297
266
375
129
192
86
520
161
328
188
138
212
385
179
17
273
446
271
399
117
295
112
291
205
380
65
236
382
174
47
182
446
336
421
57
422
39
215
184
508
189
333
490
112
431
122
341
201
73
325
285
385
339
215
218
0
242
378
0
224
458
388
143
197
449
53
277
333
152
258
131
177
507
492
296
130
382
335
220
352
264
120
413
43
59
110
485
387
326
212
317
343
113
103
65
385
468
223
341
426
145
87
20
327
97
350
283
369
281
359
451
222
256
467
253
59
405
157
478
314
181
0
350
273
491
58
345
509
268
286
451
23
350
434
436
121
333
493
289
570
257
338
464
305
262
0
289
113
98
454
132
366
343
345
401
524
201
341
140
440
467
372
436
214
107
401
516
53
258
158
94
164
207
190
203
0
426
273
465
136
493
194
260
18
174
325
141
504
224
376
41
272
240
313
43
386
216
205
100
155
496
469
28
213
511
456
248
390
90
387
455
14
496
370
455
198
205
399
295
233
256
283
391
333
255
254
262
413
462
0
409
9
364
492
170
181
151
69
112
57
224
151
168
16
279
356
465
199
35
382
325
30
295
30
369
196
161
169
110
135
286
234
164
477
416
43
317
0
46
419
68
78
430
245
246
354
160
50
401
191
409
103
167
189
377
438
345
265
455
93
104
387
412
45
449
381
20
521
309
306
110
208
91
147
386
436
315
75
244
205
297
328
386
181
280
389
187
0
269
468
478
315
186
67
485
40
347
174
262
120
185
426
74
0
442
392
100
24
446
395
31
242
120
480
128
360
282
446
175
390
263
511
183
448
512
192
149
264
68
74
137
0
103
292
449
116
160
300
143
397
382
383
20
444
398
100
41
465
264
201
129
119
94
180
176
380
329
497
63
319
206
455
371
187
448
278
149
282
296
99
349
437
22
132
78
436
108
39
432
392
149
401
153
0
162
132
255
436
113
314
374
413
317
402
411
29
383
36
336
345
297
378
483
366
333
297
173
76
396
139
418
388
205
28
472
496
390
261
228
507
434
472
490
519
212
206
161
134
240
149
516
264
317
506
290
0
216
175
20
269
410
67
354
471
127
269
378
199
323
70
241
362
437
423
251
134
348
367
17
197
27
451
451
137
490
455
187
40
376
112
175
116
96
0
83
24
394
500
250
75
237
463
79
472
204
103
453
282
0
66
377
364
347
425
114
50
69
257
107
239
445
197
0
373
139
178
239
186
0
434
138
291
64
302
335
172
324
219
154
365
472
459
215
276
225
34
92
321
85
58
299
272
441
34
283
66
281
50
427
404
220
459
176
326
104
212
431
414
398
211
93
222
107
228
184
246
0
135
203
301
319
152
51
111
33
180
483
41
520
480
278
440
108
72
190
77
491
263
441
87
125
400
49
418
207
96
288
342
99
410
67
87
328
136
152
303
45
326
145
201
164
33
386
511
52
442
85
0
209
450
417
359
93
297
258
50
502
483
222
128
363
352
193
299
255
98
287
30
380
455
344
81
340
105
276
267
289
56
14
49
98
408
142
149
339
225
141
456
138
472
417
380
28
76
242
281
172
492
424
17
198
203
423
236
61
127
359
469
473
169
170
451
142
115
421
408
76
381
254
153
488
262
237
177
332
398
522
424
442
172
129
62
440
385
435
317
317
292
437
96
403
494
179
423
54
46
411
184
437
379
155
293
19
105
79
377
217
408
330
144
483
131
402
425
224
71
169
430
154
407
307
19
426
335
16
407
237
404
293
435
24
89
321
196
248
107
389
478
361
393
358
138
24
212
344
320
303
177
339
425
136
348
58
122
44
388
145
85
53
43
389
160
123
64
34
114
87
126
372
457
145
173
391
117
345
284
66
335
227
466
356
173
439
144
420
424
156
328
311
409
220
420
245
277
239
434
314
164
154
99
381
38
167
175
192
403
277
225
350
175
531
253
62
154
267
61
245
104
222
68
418
0
0
254
428
23
244
327
325
88
337
222
184
515
119
413
414
370
230
206
39
59
152
279
254
69
158
266
253
142
198
398
428
72
436
395
240
205
368
212
488
142
427
466
350
148
189
234
0
215
263
522
358
325
440
461
304
386
193
260
37
176
43
369
257
206
293
220
164
199
247
408
159
343
182
235
420
293
519
375
185
113
324
338
484
400
149
321
410
409
189
171
0
442
239
389
146
156
390
227
311
103
139
267
417
450
321
401
57
258
472
289
203
79
412
257
331
62
0
380
269
473
395
157
203
474
300
131
494
226
106
251
0
333
362
420
122
497
315
76
86
129
307
162
376
427
306
261
113
113
324
393
13
233
514
515
277
348
436
372
213
397
349
82
151
0
402
308
173
346
25
20
83
118
494
495
227
308
129
345
191
460
411
16
342
96
462
85
538
25
396
248
0
309
147
238
422
470
158
525
316
167
126
209
94
193
298
149
108
297
417
87
400
405
409
454
378
169
160
20
263
296
240
337
422
452
122
495
282
287
144
181
347
158
127
475
168
223
477
161
160
329
56
301
401
425
271
465
535
450
252
221
410
306
210
55
93
150
179
390
160
195
495
46
181
273
66
425
313
300
48
51
341
300
281
162
315
53
408
205
171
0
176
480
0
252
172
124
51
348
482
280
486
287
390
348
171
294
125
247
286
33
212
507
241
169
319
442
195
249
119
359
199
358
72
476
280
269
309
106
331
290
210
480
139
433
342
169
458
165
147
183
292
569
376
383
251
474
222
184
332
44
497
265
190
108
175
377
306
233
411
197
276
190
329
277
83
368
378
507
303
321
315
137
55
294
475
330
63
398
462
323
27
131
132
513
386
361
477
376
264
276
405
420
328
92
320
260
381
456
432
260
370
332
321
30
307
200
470
412
338
178
118
170
526
303
16
263
295
340
292
289
188
319
45
22
124
42
385
420
113
204
508
264
225
453
521
415
469
148
380
138
178
333
365
145
217
356
366
381
327
269
427
170
379
422
460
274
317
456
366
317
365
114
196
340
105
269
388
491
349
0
419
379
356
45
275
233
228
363
105
442
271
256
258
369
331
420
499
493
397
68
540
343
100
394
127
512
138
302
253
381
463
258
54
431
54
0
65
454
219
324
24
365
232
135
206
61
461
196
95
497
224
56
208
160
471
382
200
335
213
101
138
416
392
239
26
468
0
348
401
247
316
327
82
279
296
227
0
13
317
255
25
493
148
0
354
114
304
67
309
241
64
480
495
137
229
352
480
489
487
443
193
187
118
172
190
149
297
492
445
191
377
265
284
389
310
19
322
0
427
331
104
411
352
20
155
197
469
335
92
494
0
101
276
353
368
454
202
46
244
222
285
432
107
334
378
46
309
328
76
80
540
433
141
386
434
65
202
385
137
397
118
361
502
254
312
106
440
438
478
524
333
482
30
322
68
174
420
486
171
274
447
380
350
482
404
344
450
269
58
63
453
154
493
380
96
74
35
97
217
31
176
159
310
139
76
514
446
69
232
389
307
266
49
194
168
350
146
50
381
424
299
76
184
499
323
216
58
352
254
308
0
18
474
137
394
342
225
16
374
394
138
518
388
468
29
182
443
40
161
401
28
284
0
124
347
20
286
349
241
258
493
246
266
191
457
303
523
111
255
406
207
277
174
231
350
29
29
57
424
227
431
32
241
43
33
346
149
439
16
476
17
105
293
124
199
135
393
183
534
88
410
416
111
197
469
35
50
135
124
283
143
73
64
330
195
383
174
65
328
332
122
456
320
95
420
226
396
143
62
377
97
22
199
447
152
53
26
206
395
40
394
438
442
76
0
115
396
263
368
51
156
169
341
425
86
504
206
0
190
0
353
96
56
165
323
15
253
105
256
287
50
355
301
223
50
355
212
171
43
403
285
292
63
214
354
283
246
457
467
70
420
144
98
288
359
478
89
285
464
475
287
336
327
113
20
366
106
84
77
238
290
466
393
262
502
325
462
249
433
27
342
95
0
335
478
38
98
265
331
455
46
168
320
381
313
432
200
41
52
19
448
92
159
168
170
146
421
531
279
248
61
211
426
197
116
422
184
448
245
20
398
289
0
359
403
169
151
87
508
233
300
401
229
468
61
168
222
145
84
180
79
144
362
445
375
420
131
492
431
381
473
119
94
272
426
473
376
395
299
362
485
269
418
124
286
30
14
213
475
253
349
367
353
469
382
350
513
411
317
273
288
338
190
24
292
253
428
468
227
243
441
484
464
387
0
367
453
440
197
101
58
461
0
47
26
184
103
298
184
541
48
107
446
85
391
228
375
139
173
113
480
111
148
332
220
399
371
412
521
347
70
335
288
472
106
305
230
146
462
174
109
501
351
417
423
145
464
394
425
282
348
71
72
161
484
396
302
201
455
359
81
454
149
504
379
163
201
397
174
520
157
343
328
0
453
223
346
323
460
306
131
252
387
401
397
438
434
499
525
414
209
433
417
112
387
481
198
271
28
450
222
343
26
160
371
155
364
458
335
403
405
131
99
522
172
103
498
263
36
112
439
361
123
97
209
487
201
492
51
254
350
223
475
205
310
332
22
466
416
306
77
293
278
407
334
397
371
387
130
29
366
50
359
129
74
406
445
371
164
61
61
244
396
228
25
69
30
117
432
312
358
273
483
236
477
23
292
49
0
31
299
187
178
71
218
252
88
122
113
288
339
120
101
456
417
435
524
383
471
0
186
249
537
149
308
172
402
260
230
274
313
40
316
172
332
397
391
211
277
121
351
121
209
342
115
319
436
438
196
0
525
22
76
483
104
350
361
90
99
94
302
0
407
136
77
124
450
480
134
247
380
78
319
32
246
84
64
386
451
75
451
245
367
250
418
126
143
180
384
509
394
240
116
65
370
334
513
478
301
494
511
309
90
91
441
412
464
101
391
0
45
265
330
60
167
59
65
333
180
275
466
346
74
263
195
462
33
290
468
385
0
136
351
219
257
467
38
411
201
264
184
380
153
249
219
317
496
225
166
61
502
291
450
255
520
212
447
393
344
0
384
525
192
159
340
99
406
0
143
105
44
287
198
347
110
390
118
311
303
306
137
327
335
317
92
410
77
332
534
299
20
36
205
229
0
196
45
126
242
421
234
515
477
382
318
53
264
410
412
538
410
144
162
278
390
85
472
487
433
384
196
157
77
108
103
94
43
269
222
0
261
256
0
487
99
480
51
508
22
246
483
258
272
236
180
0
20
261
424
441
117
309
291
364
47
455
68
166
335
353
180
136
404
210
347
79
141
447
182
418
456
15
416
348
367
163
403
12
357
360
420
409
131
127
323
36
396
506
500
89
388
312
265
526
297
68
443
413
411
337
189
298
265
34
201
454
495
30
458
363
413
458
294
324
131
139
143
78
488
410
394
347
193
288
185
148
117
344
487
340
336
360
259
93
204
66
486
101
295
59
329
122
146
204
54
261
451
336
235
106
390
375
201
163
220
92
253
370
287
362
260
46
375
423
556
159
295
257
450
191
473
282
198
116
427
142
97
66
412
477
106
421
356
35
188
51
206
411
414
90
497
496
294
254
366
339
85
118
550
262
76
65
449
230
513
323
503
253
426
264
119
279
60
380
506
14
147
406
25
303
173
158
406
43
312
386
277
429
32
311
336
206
141
469
195
404
101
44
40
185
271
408
305
226
492
392
388
466
376
163
248
295
132
235
161
321
196
80
160
121
405
374
123
23
286
422
375
221
45
181
465
258
376
324
537
337
123
241
16
130
177
282
31
275
386
77
199
391
237
261
112
444
289
107
212
397
131
86
26
325
325
389
388
246
22
101
466
106
41
66
338
60
324
388
282
37
62
418
100
238
132
405
120
154
162
183
149
108
183
476
183
121
129
304
356
234
130
92
406
480
349
338
470
48
214
122
225
458
307
406
286
188
444
58
232
244
138
174
14
58
263
14
388
327
396
116
481
327
243
400
178
298
462
346
246
76
76
349
152
131
135
198
133
318
152
155
356
500
366
85
50
78
193
175
164
362
376
241
65
285
147
423
31
351
456
388
32
75
356
359
324
390
278
523
234
244
303
88
212
118
456
233
363
192
146
370
444
314
152
47
296
288
62
98
115
392
78
489
247
143
200
319
341
515
24
471
89
191
213
448
478
516
207
437
217
214
345
337
55
120
310
458
289
397
197
141
134
18
243
321
489
120
436
152
72
243
149
90
423
386
189
0
280
266
507
328
195
466
233
95
235
456
461
78
437
26
214
331
351
78
143
389
77
38
199
306
41
14
472
371
503
110
14
185
164
117
332
336
132
124
101
65
16
0
391
506
157
445
456
247
105
317
374
267
347
412
282
302
369
226
155
183
74
451
455
177
221
536
448
247
342
117
473
364
477
157
338
199
81
121
325
235
188
289
537
45
396
401
488
337
348
254
31
402
404
524
515
124
444
427
203
494
36
514
116
293
33
515
431
418
89
142
0
458
366
133
220
447
389
227
407
452
359
17
316
352
374
514
426
191
353
168
176
369
135
0
76
356
299
300
350
28
180
54
70
499
0
428
451
320
242
164
249
339
327
382
318
271
115
336
136
32
248
223
370
236
107
181
326
346
415
97
454
459
287
152
187
417
16
153
280
215
79
315
257
467
190
312
82
445
453
63
54
103
196
343
434
363
35
64
179
334
519
390
514
384
86
50
57
111
0
228
363
353
57
319
195
182
433
204
148
41
37
207
74
270
27
461
326
296
91
358
430
424
334
336
144
208
501
327
466
0
196
359
76
560
65
167
73
68
348
462
282
449
252
467
342
114
455
14
88
234
319
78
76
0
162
245
293
187
19
353
453
308
468
44
332
400
277
386
43
307
22
201
89
154
400
319
129
358
141
381
353
170
0
371
517
356
440
540
334
442
476
309
