496
58
248
53
265
290
72
0
192
24
141
141
53
503
439
94
344
32
57
88
120
178
421
398
197
402
287
46
299
104
0
284
278
208
288
87
486
97
270
190
250
402
200
274
0
253
334
235
487
353
256
310
103
441
147
0
344
31
73
115
80
36
0
261
222
356
129
359
264
487
199
400
306
66
44
13
73
30
268
479
220
235
221
434
213
389
428
29
189
112
298
513
141
227
368
176
82
400
189
200
422
396
67
272
110
103
462
376
83
300
96
410
93
233
164
124
289
19
104
417
296
0
251
56
99
136
104
104
315
250
439
154
25
481
484
408
260
397
408
39
522
240
442
179
386
40
285
463
16
27
342
157
100
25
195
50
430
371
0
0
467
106
267
435
271
475
19
441
194
437
449
403
382
354
214
169
371
270
303
255
371
355
448
340
391
390
379
441
33
77
365
305
344
404
47
448
274
178
403
282
282
401
41
252
489
308
219
55
302
401
226
375
214
375
173
161
197
25
544
312
85
35
186
248
154
302
85
191
263
237
95
202
296
220
136
159
258
169
399
412
462
208
433
302
85
107
282
222
526
163
112
410
355
315
468
411
34
236
25
0
319
338
60
474
493
467
521
425
189
209
512
365
88
355
511
115
159
94
92
298
226
311
13
363
171
103
154
45
220
116
287
85
93
150
33
412
73
112
388
255
400
289
52
44
0
493
375
177
389
461
56
407
324
50
191
298
130
147
335
217
34
257
159
222
439
385
347
211
323
337
249
290
186
430
406
411
385
306
394
239
478
135
488
219
466
435
446
107
121
35
269
229
437
148
254
153
439
459
105
545
355
471
484
102
132
190
228
193
203
187
125
45
302
343
494
432
119
355
256
493
180
330
121
82
317
233
425
537
89
31
469
265
477
162
99
317
322
196
498
257
176
522
57
343
79
264
236
439
433
169
94
199
194
293
158
389
281
216
447
479
428
355
116
336
169
167
106
135
522
45
512
303
341
377
114
352
508
30
501
337
416
459
498
207
231
454
34
270
104
462
158
167
346
150
370
481
509
461
331
491
259
71
161
79
505
301
431
255
179
496
523
499
441
41
262
104
161
197
378
253
218
401
231
0
537
134
335
96
92
370
301
193
469
258
411
314
187
189
249
221
356
243
475
338
244
360
121
352
306
181
389
300
224
445
536
50
318
70
98
487
0
0
131
372
100
485
121
526
87
28
499
290
280
190
105
200
266
473
196
198
473
476
329
16
177
408
78
394
346
201
84
236
273
426
400
287
478
202
429
420
499
49
436
473
323
12
218
58
27
347
433
42
223
281
241
73
431
158
498
349
365
56
28
80
42
355
14
294
89
475
238
408
346
392
269
41
50
101
410
213
519
229
0
168
29
264
275
21
385
85
127
426
160
146
70
281
214
320
245
340
466
419
314
438
222
432
201
358
320
325
426
356
460
299
71
298
372
162
214
447
227
148
239
50
170
223
214
293
195
216
440
462
316
0
98
420
299
186
519
56
98
40
27
135
275
149
415
128
373
258
150
408
124
168
125
325
324
182
189
442
30
421
516
427
475
247
168
54
234
173
101
25
228
160
241
391
83
121
434
284
168
223
339
266
290
389
395
260
261
313
431
110
208
410
461
151
447
197
173
306
487
364
293
337
347
16
35
259
511
239
195
79
211
127
314
500
211
471
0
147
469
477
211
179
354
113
332
55
20
546
33
403
85
156
266
481
219
0
389
379
355
127
300
406
432
76
427
227
422
437
115
56
78
282
510
189
17
405
454
38
462
441
20
450
77
97
300
156
452
412
102
518
295
410
55
328
419
446
285
354
193
379
253
369
456
473
88
155
254
452
480
38
157
415
204
105
0
409
467
432
159
290
84
483
60
261
337
133
325
275
402
522
124
419
350
374
233
445
264
51
240
395
250
252
231
340
137
322
93
51
156
130
163
50
466
258
304
123
178
105
92
225
103
69
326
176
240
492
464
386
425
181
461
422
118
455
74
139
257
323
160
165
22
455
149
440
229
443
131
223
420
208
67
386
444
314
154
162
297
278
57
296
199
149
71
23
0
295
21
329
235
127
85
25
47
500
80
474
101
288
365
379
109
355
248
483
446
418
282
304
42
308
413
94
157
194
341
326
510
503
510
84
165
241
213
528
193
64
81
254
365
67
230
300
198
427
359
43
376
204
19
150
353
313
374
23
379
369
175
261
195
194
309
151
418
226
285
303
54
183
355
235
217
411
453
70
224
465
244
430
70
469
103
509
44
232
23
272
98
217
428
48
154
289
477
69
61
75
370
148
249
84
446
124
107
99
174
360
202
423
280
421
376
86
199
264
206
319
17
380
454
148
484
423
36
461
225
122
0
181
461
345
144
149
215
191
469
454
283
48
171
346
39
181
123
185
421
252
123
28
68
215
178
342
431
337
236
0
346
410
150
0
370
387
317
372
468
99
260
279
205
0
207
390
490
418
276
183
339
183
146
135
199
61
468
151
57
33
298
132
441
284
88
65
132
464
170
257
446
43
247
213
434
448
48
101
408
435
351
307
259
131
342
391
210
463
53
66
72
273
430
222
116
31
258
381
150
171
502
126
104
156
141
75
54
43
275
66
367
316
269
364
49
83
270
377
157
143
196
358
484
208
389
233
216
450
123
258
235
529
297
204
491
88
135
402
338
315
378
52
93
63
469
435
176
196
287
407
362
424
202
170
472
102
43
103
384
30
97
190
524
336
322
429
27
172
427
296
150
303
428
257
21
529
329
312
286
416
227
247
110
225
233
241
403
269
438
260
349
166
32
120
324
227
419
34
0
472
255
81
118
0
438
470
460
372
117
424
177
242
314
246
162
347
354
155
36
67
61
410
297
22
0
217
403
219
266
82
130
410
296
30
41
292
289
249
128
262
296
209
194
243
92
221
401
438
538
236
327
148
51
420
197
280
372
234
255
62
459
84
284
475
134
300
315
158
0
61
203
256
433
365
76
300
223
366
390
118
146
375
68
463
190
449
66
352
448
316
436
181
306
295
252
56
373
40
432
408
217
495
501
438
109
21
394
536
439
23
175
269
156
423
314
134
241
192
197
233
289
300
314
363
158
78
145
205
80
189
177
81
431
29
50
164
179
64
242
108
121
251
381
78
28
528
484
370
528
365
131
113
364
394
411
336
110
319
486
413
458
216
395
188
102
247
155
203
477
496
17
110
336
80
398
116
502
361
137
195
419
186
238
266
398
268
441
222
158
295
396
382
22
485
151
176
195
327
26
148
194
162
485
16
242
124
463
517
428
146
50
171
202
44
466
190
308
96
355
296
453
44
85
160
274
169
258
372
112
147
67
411
177
261
472
320
32
65
463
283
202
419
337
418
122
501
458
346
331
223
222
82
425
360
219
433
230
373
257
202
86
267
67
125
262
133
83
422
74
51
408
54
35
297
279
366
420
346
335
81
328
273
510
369
81
423
378
149
205
345
0
51
387
477
271
142
197
114
362
510
234
111
273
401
224
362
160
226
355
228
209
463
363
450
111
373
255
455
64
0
490
71
176
61
106
359
442
130
450
240
481
125
355
28
300
364
400
64
183
229
296
292
137
191
276
432
502
368
53
453
51
169
338
430
448
245
268
467
89
482
316
263
433
209
36
305
105
87
323
239
127
450
410
129
80
48
348
421
256
41
359
455
93
370
375
366
19
259
463
383
278
342
385
235
316
513
294
34
20
273
49
417
333
120
130
227
94
75
176
160
186
232
306
67
282
438
493
147
55
314
0
213
200
470
357
209
461
363
115
127
175
374
37
92
92
446
113
465
22
202
315
191
157
166
344
317
323
72
340
28
107
255
426
438
120
20
238
128
432
423
309
290
229
86
380
201
443
526
306
285
278
188
408
262
177
498
390
55
159
24
239
45
251
337
99
195
209
337
281
354
218
420
421
367
69
19
347
230
325
302
147
394
45
238
402
132
83
404
167
261
17
199
242
288
444
315
374
335
49
241
361
505
420
17
310
283
478
211
86
255
515
123
472
452
409
48
272
213
35
344
89
455
186
536
38
110
30
45
230
40
458
159
112
0
0
498
368
419
188
0
407
483
103
66
409
172
42
337
200
48
237
377
363
363
325
124
170
454
235
253
92
270
31
409
423
364
448
59
367
145
458
421
281
93
450
286
354
392
218
364
226
381
45
289
427
56
433
275
154
226
475
245
331
457
127
63
228
364
38
383
288
67
118
216
95
231
476
130
505
332
215
444
484
21
509
430
454
485
408
328
217
0
250
102
211
504
300
72
228
121
176
19
328
112
139
503
25
492
358
85
118
458
0
345
494
41
65
159
415
346
201
294
408
412
411
436
439
26
247
29
192
357
74
61
421
352
405
57
323
390
458
30
94
284
272
172
440
170
109
177
91
38
357
135
35
141
105
292
288
379
34
248
133
431
388
94
0
234
21
267
39
122
355
157
463
112
397
89
117
308
237
106
199
353
461
139
67
217
532
280
68
248
283
412
391
167
0
59
254
468
146
474
430
161
26
448
118
305
65
20
151
222
485
438
461
470
328
0
352
148
260
120
275
149
325
506
495
139
65
103
352
338
342
332
19
351
301
269
115
292
179
433
236
66
212
355
446
24
223
256
93
88
284
321
152
354
252
172
327
80
361
369
360
413
222
355
439
213
411
143
307
505
24
97
236
42
406
0
53
253
366
413
502
407
262
264
189
0
241
78
291
211
129
263
17
53
484
342
376
379
293
259
425
493
509
351
76
230
334
299
160
404
56
67
322
271
232
0
189
58
479
457
26
333
37
0
481
425
77
410
409
180
437
325
203
20
254
417
466
123
360
117
372
161
512
224
349
449
492
49
395
235
452
114
53
240
17
221
385
354
276
397
177
158
131
459
157
235
526
66
518
297
517
416
316
41
447
467
378
414
123
104
517
73
120
436
456
464
144
47
18
314
37
378
408
299
434
419
64
351
463
26
18
129
448
100
52
361
302
470
81
38
167
244
436
316
220
246
164
63
320
461
39
378
411
182
369
367
513
99
85
284
262
478
201
68
179
272
442
294
20
150
486
231
410
388
439
349
428
251
487
85
166
394
103
107
276
158
163
115
229
159
47
392
199
188
278
493
64
27
170
61
464
188
374
437
62
450
379
51
383
216
349
312
77
436
106
395
73
108
274
133
90
122
329
479
291
408
249
29
347
486
403
481
378
255
261
35
37
440
268
227
196
374
331
411
149
501
325
71
69
392
74
434
374
14
198
306
257
402
337
423
130
62
242
323
433
72
0
362
381
161
70
21
399
310
262
45
193
246
107
282
357
467
297
287
348
311
341
378
520
358
298
22
83
210
25
425
212
32
227
152
31
423
155
196
143
161
489
134
396
442
377
0
110
227
118
300
233
274
390
366
360
406
146
48
68
416
335
94
497
346
43
22
133
112
261
290
183
350
330
117
276
432
89
84
458
433
528
146
76
91
19
218
305
58
377
18
411
171
105
117
27
249
173
359
151
386
183
48
59
508
129
292
282
397
441
293
189
101
365
123
69
402
460
88
161
192
77
492
341
46
505
129
342
33
362
129
179
90
359
72
271
294
229
375
245
228
120
0
327
164
399
35
159
240
403
64
67
349
373
122
415
378
144
495
153
314
428
155
89
295
263
282
161
162
509
66
105
90
398
61
15
224
374
464
172
399
272
242
190
431
288
193
348
94
491
72
71
207
158
499
276
135
144
204
435
365
138
327
138
131
36
0
253
96
473
465
226
100
289
188
142
132
449
313
36
319
450
159
205
42
327
52
215
81
51
98
256
460
41
85
48
257
472
41
390
364
130
455
295
241
188
136
90
116
243
30
34
187
191
481
398
443
92
157
124
180
452
128
221
372
169
158
270
411
239
309
370
213
391
253
252
422
123
382
65
249
154
309
297
380
124
314
324
302
336
351
96
361
254
299
440
376
361
409
338
451
18
515
335
98
338
102
219
491
394
432
42
151
405
109
50
167
86
325
286
274
273
152
191
417
437
96
314
59
333
104
318
355
155
455
97
274
0
377
466
321
139
192
371
34
426
453
415
260
74
41
499
131
466
511
124
388
472
412
152
234
204
358
496
327
0
425
348
132
518
126
311
300
418
138
117
133
78
100
281
165
77
269
473
46
281
187
256
189
385
321
120
150
278
304
84
170
168
102
249
337
357
377
159
132
50
515
326
356
483
218
90
253
102
464
174
481
211
301
450
230
0
381
387
258
260
353
339
203
85
311
219
220
211
131
439
217
348
80
489
203
258
188
213
383
107
423
448
418
440
516
94
313
80
348
222
376
169
35
140
38
177
214
86
52
52
367
144
169
323
100
447
367
396
262
88
226
342
0
263
0
192
64
32
385
101
271
454
161
398
411
394
241
205
303
79
182
188
143
311
401
451
57
171
373
267
18
50
334
37
12
488
102
333
33
412
51
320
227
128
42
335
443
405
108
49
48
284
48
207
405
362
322
400
217
257
433
136
29
85
415
335
0
107
387
325
36
254
297
380
527
447
98
360
480
241
499
287
13
286
194
505
268
485
422
23
178
57
148
273
157
456
452
163
199
216
24
328
261
270
287
125
298
133
229
80
325
197
483
509
412
46
37
213
447
437
55
227
247
61
248
341
128
220
188
212
145
202
97
0
66
469
338
120
216
453
428
216
0
459
478
164
455
439
96
399
324
276
297
533
212
387
500
401
83
138
452
69
428
177
416
545
268
73
98
222
196
46
272
324
155
438
51
148
149
382
56
78
64
167
60
452
167
327
8
386
36
206
83
250
235
410
152
480
427
294
459
97
74
157
177
256
177
302
447
433
44
408
156
425
380
66
159
202
94
46
265
451
414
252
135
0
271
96
63
57
340
196
463
395
95
424
157
483
428
79
495
320
217
322
311
330
127
41
182
418
78
319
349
300
312
262
92
437
331
469
63
0
129
303
217
283
496
149
235
58
91
472
522
459
308
60
298
440
471
81
202
179
424
0
449
0
143
408
385
187
422
195
142
222
185
0
177
503
21
277
20
65
245
451
188
284
183
430
24
511
314
308
315
284
462
332
173
360
284
516
26
397
495
514
327
450
49
447
118
77
221
170
354
391
387
450
86
58
402
306
438
420
347
351
322
197
368
126
465
137
213
213
461
420
205
435
106
183
238
385
417
288
340
438
191
205
505
191
504
372
56
263
389
416
298
189
244
398
105
371
326
115
341
378
496
369
474
318
420
309
518
144
368
482
73
30
473
67
172
455
242
337
61
494
287
129
558
243
199
216
339
70
239
153
398
92
0
445
275
195
394
323
505
180
136
387
314
417
383
458
155
62
459
38
369
359
46
217
250
454
113
275
154
71
324
132
52
421
345
139
152
414
86
231
496
113
308
0
434
0
49
459
226
111
440
0
468
84
419
301
219
429
309
34
100
412
76
383
105
306
0
377
452
185
232
60
324
436
294
66
478
0
284
299
201
112
148
24
124
165
48
360
28
346
341
114
33
307
410
440
54
460
136
101
309
366
252
45
419
133
477
253
123
123
379
0
440
444
0
324
447
79
406
498
0
486
500
320
456
462
65
90
475
118
71
394
88
35
374
307
326
418
411
218
351
397
207
275
410
145
66
375
424
491
356
61
52
385
458
214
358
191
428
374
400
128
410
448
217
509
135
277
167
276
284
34
256
289
384
442
433
255
113
439
340
156
267
316
147
138
133
354
388
170
193
228
91
37
75
70
463
124
324
69
292
371
234
439
175
234
480
339
390
45
339
399
423
68
447
365
169
53
16
191
266
71
331
95
29
38
133
0
210
200
436
120
75
351
100
228
31
136
319
215
258
163
213
453
432
430
186
81
412
388
53
237
0
336
195
443
133
184
377
40
35
395
67
188
369
102
258
232
216
462
139
223
516
314
77
113
335
354
425
37
340
305
134
463
53
0
19
151
30
344
316
186
247
458
200
0
228
42
37
498
19
210
400
204
159
330
84
207
123
104
428
165
110
352
17
503
392
0
483
177
458
529
273
234
20
440
133
187
235
214
399
418
289
317
0
104
382
40
239
420
295
89
246
94
254
67
102
324
325
462
243
203
237
116
474
360
95
258
244
287
193
383
329
282
194
67
258
490
32
279
0
395
125
78
267
264
356
435
511
79
203
422
308
218
392
271
354
55
504
367
378
472
295
156
171
513
203
185
511
234
316
168
394
80
522
328
466
447
69
439
106
343
66
256
365
273
40
180
195
203
338
185
346
431
37
466
370
447
296
17
78
132
381
410
377
78
37
450
294
260
373
475
358
453
39
86
178
342
284
353
355
266
186
162
473
464
271
0
103
464
476
425
159
248
295
492
300
124
290
133
56
445
375
35
17
109
255
286
82
35
190
383
58
234
473
138
235
334
329
58
38
463
316
141
103
150
419
0
504
19
533
389
180
43
127
187
224
192
296
116
384
388
47
439
108
158
419
40
185
345
75
72
490
431
116
413
430
394
268
232
197
16
37
458
229
181
412
149
133
264
368
283
0
0
166
378
208
488
479
506
181
168
396
79
303
105
42
300
463
392
59
114
349
150
123
490
259
0
72
287
98
257
321
357
98
119
127
124
411
429
88
80
403
427
169
23
28
364
59
50
225
120
415
341
392
211
79
125
425
252
276
41
486
177
458
117
116
386
172
62
155
226
162
404
45
433
141
426
30
200
327
372
280
107
401
140
293
333
90
498
166
0
364
387
469
153
349
242
469
200
446
184
384
340
114
180
126
158
18
15
332
97
423
211
76
153
380
443
218
150
29
113
97
354
199
530
109
115
336
233
340
474
359
213
316
226
265
132
334
383
0
388
316
114
357
447
250
129
244
206
410
494
50
67
122
383
393
197
170
320
38
131
232
196
232
224
425
277
505
452
185
359
459
28
203
206
63
64
236
191
478
0
388
368
208
464
303
260
519
27
201
330
219
385
127
84
371
272
169
455
202
339
346
30
138
307
312
258
101
184
396
177
123
118
468
61
315
129
19
290
126
355
391
411
443
530
383
408
182
161
59
405
71
22
449
282
382
438
291
172
399
307
425
371
531
179
351
199
496
249
65
262
146
92
14
324
391
198
209
417
420
83
372
473
106
70
490
493
30
289
375
344
84
482
490
182
459
98
30
64
462
27
68
329
227
379
160
45
193
38
98
466
389
40
134
88
462
206
104
427
430
304
311
26
285
370
423
285
462
204
347
255
170
307
402
109
470
441
24
406
453
343
433
339
275
124
317
286
276
361
236
35
439
512
404
355
496
197
502
65
267
63
24
376
292
111
352
248
12
79
116
217
184
258
120
340
322
467
104
300
91
102
54
242
45
263
355
254
29
364
15
73
331
23
507
478
130
496
354
192
411
378
20
328
87
153
378
151
62
218
221
459
430
350
263
80
63
67
18
324
159
56
247
523
0
167
151
378
284
216
281
488
240
258
246
266
282
395
391
445
346
146
347
244
252
220
33
198
73
34
491
187
462
190
420
292
153
300
451
70
48
86
154
0
99
338
182
279
281
58
522
235
49
470
19
182
458
477
303
386
278
316
282
15
236
231
345
434
89
366
369
35
206
328
129
398
128
129
464
87
157
516
138
189
306
53
89
250
174
167
281
270
218
469
415
258
397
214
106
116
288
542
445
27
375
261
321
352
36
483
446
338
151
0
304
401
410
273
97
56
354
361
290
96
188
93
82
444
98
369
263
224
173
31
437
206
88
380
263
513
164
236
288
257
323
50
84
343
211
320
393
0
194
399
476
116
203
269
89
160
161
264
430
268
263
184
77
52
190
88
229
341
209
277
77
426
114
301
68
406
72
261
390
240
361
276
427
141
355
321
127
35
417
377
39
275
96
81
227
451
297
213
516
204
253
313
441
197
102
55
302
137
96
396
51
516
459
56
95
378
368
348
423
91
0
203
0
466
45
99
70
22
79
265
303
359
108
390
147
205
183
126
347
389
104
171
188
241
346
407
427
26
0
237
189
172
148
87
288
54
102
136
58
46
287
31
489
264
261
296
316
259
105
134
130
268
206
272
222
422
51
184
222
380
506
149
177
381
399
136
37
205
355
188
95
170
286
167
157
200
404
477
294
441
49
500
371
428
291
391
448
151
145
239
363
449
295
0
329
0
320
496
87
151
272
0
103
357
39
494
93
0
0
263
270
215
305
15
340
494
67
349
416
53
532
433
142
43
470
215
306
407
439
220
309
190
377
233
0
44
90
71
448
174
297
347
378
329
191
196
233
33
126
287
0
114
415
124
101
103
107
216
163
306
32
393
385
413
378
87
37
298
252
176
38
458
355
412
232
166
107
499
419
524
493
238
139
266
528
116
20
77
105
349
539
375
38
91
23
85
204
0
306
230
359
209
146
329
243
423
493
194
348
216
326
366
247
435
492
329
278
482
401
335
42
474
154
358
323
169
283
254
164
408
141
358
184
309
41
183
360
57
423
363
463
192
41
453
28
169
73
26
352
398
423
307
506
253
87
494
330
359
139
19
229
511
444
304
410
213
207
229
501
196
287
169
379
364
373
476
20
510
130
85
116
383
386
