236
208
195
169
227
20
152
84
92
32
63
48
182
105
247
236
159
98
104
121
14
10
185
132
95
117
83
139
15
33
54
189
225
162
95
26
178
124
196
191
101
233
192
90
204
86
194
177
235
124
39
171
105
227
71
223
22
166
160
101
149
27
47
143
18
96
185
148
93
223
48
104
41
23
157
23
47
210
81
140
19
186
0
210
59
163
97
33
209
62
151
151
51
187
50
195
184
243
127
252
29
54
137
231
104
93
126
133
228
41
280
73
101
11
227
172
107
99
113
186
44
257
183
143
70
95
205
145
193
101
0
109
90
144
185
155
54
11
105
227
119
106
29
174
183
117
215
139
86
44
210
110
222
142
80
78
52
8
0
60
237
180
12
0
89
30
16
35
0
166
0
221
0
112
205
130
23
59
50
6
33
76
197
57
141
181
116
76
117
102
15
51
73
130
200
158
224
186
143
171
200
10
103
16
118
182
146
176
80
11
35
216
110
210
79
191
41
135
39
21
58
102
4
144
236
96
236
143
146
160
238
55
77
181
197
190
164
69
33
134
201
79
163
138
218
114
190
50
34
188
64
216
91
31
31
63
80
216
161
142
11
75
82
59
180
113
13
147
168
57
38
103
145
27
208
193
9
99
63
108
192
196
147
104
90
195
220
174
16
43
204
212
144
68
216
60
52
80
137
87
83
191
223
124
242
255
145
29
233
26
147
39
77
160
163
98
47
24
97
31
15
67
0
230
55
0
189
44
54
61
102
20
72
210
138
137
225
171
31
143
185
132
87
14
100
200
204
117
118
205
61
162
158
221
204
252
20
49
0
46
274
210
110
96
176
231
260
69
186
17
130
80
251
116
143
173
11
72
230
197
59
66
186
54
125
129
245
144
208
24
246
211
83
133
171
71
32
25
132
62
215
48
163
196
149
185
200
152
16
6
260
168
178
139
233
100
91
0
104
150
78
155
136
158
90
171
202
0
103
0
206
110
125
58
218
12
97
222
188
17
73
32
166
128
198
173
28
126
173
244
176
39
99
41
37
121
218
135
56
185
34
0
75
15
16
33
49
43
209
67
167
219
223
213
266
91
52
79
114
12
79
221
45
216
88
176
135
15
160
45
257
119
183
158
184
29
14
20
19
202
64
32
94
136
230
19
84
153
138
210
175
24
60
222
197
192
215
14
174
222
214
123
70
181
201
40
41
74
103
111
105
197
105
17
199
57
140
171
183
204
80
215
160
72
180
9
82
46
44
205
94
107
45
187
0
114
181
215
81
75
155
95
131
159
173
272
55
206
184
227
28
15
97
43
43
183
186
185
175
170
203
38
118
94
191
203
104
0
37
151
94
123
68
138
161
43
98
80
212
67
130
150
171
147
43
235
51
244
55
229
190
207
226
59
96
15
82
94
69
92
5
216
225
36
119
238
148
130
209
187
93
68
20
159
91
186
124
24
109
69
105
203
185
162
179
276
145
176
250
75
184
104
176
195
120
185
243
23
115
186
155
70
40
25
115
202
33
103
10
135
211
216
132
18
221
114
222
43
138
220
156
208
101
254
158
171
145
192
13
122
63
157
75
227
191
237
90
88
60
145
62
198
210
121
218
62
137
151
45
29
164
58
55
141
194
132
189
13
14
108
141
37
124
140
103
45
243
204
148
97
74
186
33
211
3
216
107
193
7
11
34
224
253
166
258
129
107
198
17
50
223
219
63
157
195
79
29
148
216
234
113
149
0
214
228
232
15
134
197
98
11
233
210
55
48
172
99
203
94
24
96
163
206
110
114
186
136
240
167
53
30
70
91
59
65
214
50
144
252
7
244
101
49
16
193
213
179
40
15
65
19
53
219
85
71
172
61
180
154
132
136
195
202
170
21
93
23
104
58
190
93
176
221
85
116
121
123
116
47
143
189
17
177
89
35
76
9
128
186
9
170
61
213
70
82
138
60
158
211
45
227
227
207
216
245
94
95
11
161
172
117
157
105
230
77
125
85
71
236
138
140
11
192
95
218
145
113
153
109
38
111
190
123
143
104
151
62
192
174
141
237
249
130
203
159
103
126
170
49
138
165
73
107
205
76
128
120
161
52
19
18
163
203
47
235
2
134
24
38
34
179
82
85
146
185
14
147
14
160
46
27
17
213
156
157
123
194
0
108
176
246
157
110
64
121
225
112
52
9
199
14
19
52
250
167
34
100
55
54
162
165
216
39
203
100
107
201
178
20
73
205
214
197
185
22
21
6
151
181
28
238
58
192
224
70
10
183
146
97
28
61
143
171
58
160
231
210
195
95
139
88
159
155
12
128
210
131
56
179
120
210
29
229
7
218
46
49
166
115
201
127
64
114
179
89
187
18
26
79
61
120
122
115
183
226
72
176
79
193
188
204
100
182
85
76
16
75
100
193
75
203
83
50
244
0
258
117
196
212
198
22
215
117
203
72
169
51
46
197
49
81
19
29
31
225
265
205
44
186
115
41
164
189
101
105
34
67
0
23
58
15
106
80
42
77
145
4
92
238
172
160
168
203
117
144
118
257
209
183
0
218
189
7
96
99
48
149
61
150
120
188
66
151
144
234
17
49
130
178
150
9
118
188
119
126
184
219
19
167
55
207
84
271
131
42
123
257
55
176
89
9
69
229
55
155
127
123
203
251
0
224
207
235
228
75
0
87
114
143
70
141
150
15
184
114
69
151
175
89
175
48
178
58
76
208
237
96
28
165
173
0
41
257
175
21
216
121
98
175
217
243
108
100
190
115
181
42
99
42
105
159
177
230
32
175
76
185
167
19
98
207
90
83
74
91
18
74
53
201
166
40
25
125
161
61
100
36
183
96
76
81
94
182
22
220
96
58
50
98
21
195
187
48
117
136
193
119
164
73
30
84
76
224
42
72
136
218
204
65
77
27
182
253
137
116
222
169
169
35
61
69
175
10
83
211
96
116
115
171
70
160
97
195
84
69
77
134
113
64
63
151
158
114
174
117
211
20
32
0
237
0
27
0
82
150
275
128
130
154
31
52
162
39
76
34
249
232
165
11
151
165
75
160
172
142
131
53
95
32
231
46
39
118
143
174
178
225
148
152
184
55
118
149
214
41
97
27
193
102
79
36
211
101
63
144
97
19
21
129
208
238
211
211
28
84
72
166
191
113
224
147
185
231
164
8
133
64
221
116
103
165
12
163
72
7
13
174
48
41
92
133
258
242
221
29
79
214
184
29
80
155
133
212
106
71
217
205
246
71
102
146
205
61
144
207
27
151
193
118
72
95
65
60
44
140
13
111
146
105
48
178
0
260
70
92
70
18
69
162
77
49
65
31
17
243
64
113
81
130
101
176
238
20
72
177
140
196
147
30
5
212
22
200
163
201
43
87
193
7
75
17
192
217
214
98
7
184
0
122
224
79
170
0
235
116
160
45
52
199
175
80
166
220
153
162
93
24
91
208
64
182
51
212
75
114
227
110
53
109
5
26
277
64
241
119
187
51
111
133
204
121
97
139
26
130
201
50
182
69
133
205
141
199
131
81
221
84
170
107
149
22
154
18
98
69
0
9
148
226
36
94
248
231
34
74
147
188
68
180
50
108
33
203
72
9
77
127
49
145
213
0
42
68
143
104
207
120
236
103
47
232
91
225
157
129
207
134
246
207
136
238
29
49
21
175
39
230
98
86
164
155
122
39
66
47
253
52
160
157
0
208
205
183
199
245
13
232
63
15
179
80
111
168
160
65
157
30
74
166
70
147
9
81
122
133
123
170
216
62
226
208
122
65
30
200
12
81
213
256
30
69
28
66
186
109
223
169
122
183
198
224
163
98
192
80
73
117
133
163
11
177
24
37
172
126
214
92
234
239
220
11
48
199
30
107
101
163
212
21
143
198
92
32
119
147
41
94
128
197
126
218
141
128
22
145
130
104
200
0
215
248
116
212
157
155
177
103
36
39
201
183
153
0
239
255
37
114
181
13
189
21
54
201
236
188
159
233
171
218
211
52
164
8
165
36
158
120
209
159
43
217
121
149
44
123
166
169
225
194
191
63
39
215
62
96
0
250
100
150
99
117
209
43
156
224
208
120
194
144
226
62
232
89
233
244
69
246
31
207
148
77
20
128
227
232
256
0
9
108
59
60
175
128
184
120
0
220
70
215
182
145
128
63
233
193
23
33
114
81
169
120
199
33
119
25
173
56
52
156
143
222
199
60
66
207
245
110
149
127
77
53
81
69
120
188
224
56
198
51
223
125
139
68
161
116
141
155
72
77
152
93
212
267
117
24
60
173
173
50
98
252
168
23
132
153
185
63
42
53
107
142
