33
310
383
32
144
270
254
418
77
95
238
191
269
321
141
386
0
75
196
312
416
367
437
483
190
79
237
365
98
213
384
155
58
350
364
285
255
259
233
153
253
453
332
278
350
331
251
170
302
226
281
476
435
270
55
91
38
402
332
449
292
115
178
11
127
221
164
392
76
62
65
130
219
48
417
145
17
413
179
454
253
302
47
126
0
42
100
399
213
188
117
281
281
217
117
119
231
208
126
189
279
400
26
366
396
191
372
93
414
293
260
50
198
71
138
422
66
84
114
430
356
399
220
161
251
239
51
273
387
355
394
84
234
68
340
326
350
385
57
205
36
287
76
315
166
439
224
365
453
307
114
420
0
0
0
79
169
466
342
158
75
307
23
187
145
361
375
17
201
343
142
74
159
59
389
143
194
85
81
328
57
263
369
283
435
54
146
132
342
248
25
411
33
394
193
330
49
23
297
136
76
270
225
267
143
156
17
112
166
374
387
20
242
435
59
249
192
354
146
341
356
352
251
375
125
85
59
219
0
402
248
211
119
101
450
296
137
368
252
137
421
198
67
210
417
449
414
38
307
380
119
395
394
266
165
384
188
135
240
342
333
487
234
0
0
167
280
324
458
385
377
355
178
105
317
417
183
430
90
235
145
406
98
321
87
190
285
320
16
26
431
370
390
279
196
458
257
480
216
405
259
121
288
0
250
393
181
57
128
471
415
30
288
256
25
23
146
401
468
206
58
287
422
375
121
388
401
305
445
124
112
33
0
197
161
415
244
53
260
126
407
353
398
394
149
177
473
252
414
0
364
219
357
263
165
100
224
216
318
200
346
145
212
0
366
15
474
285
505
0
224
74
309
107
43
409
351
257
224
348
235
245
360
254
122
455
239
393
0
264
0
294
393
150
426
323
175
66
411
436
457
116
225
368
29
381
280
327
293
53
94
197
216
19
410
274
98
356
411
257
200
316
186
334
170
344
189
404
308
267
102
264
131
274
273
0
293
185
309
144
178
405
392
176
40
70
118
356
158
222
171
25
191
136
40
63
211
162
95
464
0
32
195
418
208
150
449
155
334
349
138
176
59
384
109
49
34
163
347
42
317
322
152
338
83
74
144
373
76
464
40
148
0
352
118
363
330
53
158
275
0
409
410
93
280
80
401
235
387
227
116
403
313
98
165
342
106
384
209
0
19
0
306
129
50
286
29
18
353
376
208
243
65
398
300
336
104
434
428
262
248
434
451
190
335
210
17
137
408
131
291
401
217
386
194
426
466
142
425
406
369
261
138
170
63
304
338
205
331
327
100
14
437
240
25
345
213
135
236
120
139
466
212
29
153
166
196
85
72
177
401
39
55
97
49
254
115
219
170
238
62
421
218
385
118
177
468
275
147
164
369
333
388
403
292
135
134
354
156
280
82
52
205
390
52
264
401
282
374
464
133
390
282
63
48
23
257
199
241
155
93
275
423
370
30
353
154
0
174
41
311
401
206
435
84
396
377
437
356
274
338
35
412
435
94
280
258
126
345
116
283
350
33
100
180
425
135
138
145
34
68
311
109
27
232
276
288
445
0
468
265
45
206
153
192
0
431
89
261
227
223
206
269
108
111
222
265
375
268
469
110
341
386
172
405
143
365
202
189
102
326
328
113
351
266
382
389
0
287
351
82
226
0
362
160
424
190
273
110
132
167
75
326
10
0
14
436
186
215
148
223
399
126
290
342
125
261
50
144
233
307
175
0
0
239
360
0
108
18
184
360
33
314
68
243
399
168
337
337
274
276
212
291
100
286
306
350
253
424
457
100
239
270
241
347
213
390
135
259
466
153
219
250
230
287
80
110
11
247
419
202
41
244
367
361
131
0
405
200
0
418
278
172
123
156
246
84
192
226
207
207
32
300
216
439
95
30
238
51
171
174
196
211
424
182
49
40
125
0
75
420
464
231
174
342
257
399
30
0
390
266
170
182
196
266
161
70
100
192
353
127
415
146
326
142
319
422
386
446
248
78
99
180
165
0
119
181
379
131
179
87
49
15
9
401
287
137
235
194
426
187
0
438
220
216
192
442
381
279
143
378
274
256
236
222
61
177
98
256
93
132
398
247
119
88
266
199
49
396
357
241
302
83
317
242
343
264
55
114
352
302
400
92
152
346
115
168
432
304
39
115
143
202
426
87
288
378
175
37
243
268
373
410
276
184
479
40
50
272
408
302
419
420
459
397
468
162
250
449
255
381
329
267
339
265
145
391
379
351
451
408
228
152
68
339
457
144
395
323
99
385
112
253
379
5
110
216
384
191
33
136
229
138
258
111
176
391
394
258
228
371
277
41
392
447
258
142
406
88
181
388
322
29
331
371
387
132
433
273
78
45
138
324
101
37
370
0
111
43
127
163
179
23
374
330
96
144
416
218
236
413
16
335
155
231
222
324
325
84
250
108
353
114
157
110
74
166
459
204
384
345
375
323
53
216
215
317
268
333
460
216
321
257
145
302
341
224
188
158
463
156
423
419
394
207
407
97
0
179
255
138
120
116
348
191
200
416
133
40
459
392
245
279
21
380
32
325
481
115
73
369
73
450
343
17
70
416
380
335
306
117
366
406
77
205
115
49
380
16
133
281
305
126
200
416
101
412
318
0
66
77
26
122
163
299
389
245
253
63
191
153
187
115
75
56
211
297
237
195
305
289
117
22
63
294
191
371
0
267
193
382
119
403
120
220
107
219
443
207
385
283
57
167
107
93
0
147
442
48
429
247
164
0
45
399
53
165
112
62
97
90
19
389
33
296
29
267
207
354
358
238
52
0
185
28
177
363
171
123
265
294
127
455
20
436
444
313
23
363
383
390
456
444
167
281
393
24
260
64
304
17
85
236
284
376
38
248
312
120
196
114
113
448
428
96
188
238
331
232
464
46
400
128
281
318
29
124
416
452
446
158
80
58
361
82
133
327
376
319
462
458
142
284
82
283
433
92
287
261
347
104
418
120
168
64
359
275
72
408
0
432
362
188
394
299
111
108
185
108
194
396
360
335
255
485
395
314
375
345
303
218
346
353
378
47
53
140
351
322
155
229
265
141
154
276
325
339
116
381
272
282
151
101
230
0
250
435
29
350
63
341
279
377
0
18
167
330
112
426
352
197
425
199
178
124
28
123
118
14
260
288
445
272
412
72
0
211
212
340
225
197
213
76
268
368
410
107
18
240
369
200
146
275
37
276
28
14
39
282
46
70
467
106
271
145
448
475
416
379
306
91
125
66
252
269
328
314
274
53
436
273
49
315
229
401
333
360
437
205
66
190
307
84
81
440
408
0
44
271
29
409
373
100
315
390
486
278
130
160
197
429
279
473
126
62
179
461
292
323
93
328
274
83
239
310
250
113
110
282
205
76
280
134
144
302
180
218
173
263
124
284
381
246
315
434
145
351
322
390
227
320
109
62
234
178
176
299
305
178
359
376
76
27
244
446
322
206
392
146
163
36
245
477
249
312
100
45
116
106
134
423
228
433
339
161
285
263
117
123
412
107
319
321
149
103
102
145
203
412
290
434
167
310
399
24
427
176
209
103
89
166
299
58
268
458
37
345
202
233
240
300
102
321
112
206
129
151
79
410
90
311
346
251
81
340
245
14
283
241
441
396
425
149
67
106
47
234
336
475
415
174
41
228
382
213
353
93
324
432
62
410
77
90
40
41
150
270
29
215
107
507
351
41
115
310
113
425
374
417
248
212
60
168
62
163
16
228
317
222
54
277
144
289
89
397
268
65
65
35
258
479
42
357
253
381
164
38
260
158
250
240
284
425
282
102
367
64
89
425
294
228
327
366
191
376
87
139
384
229
358
172
445
62
159
238
464
408
119
349
230
144
368
289
455
211
234
297
302
423
350
171
43
75
349
130
341
120
108
338
352
450
25
64
408
152
60
280
324
248
50
328
69
170
396
362
116
227
335
336
0
0
402
232
394
434
51
447
149
493
10
31
258
268
278
442
92
357
483
92
376
389
398
56
78
31
330
67
179
206
267
410
49
260
158
81
419
302
67
398
224
294
415
318
221
78
178
265
355
70
248
296
282
270
21
117
185
354
89
81
233
124
356
143
387
50
223
388
180
178
118
136
185
90
218
389
425
32
168
280
374
386
109
291
136
469
320
110
0
145
248
453
437
329
339
296
186
380
40
95
138
210
88
283
297
99
359
403
465
158
388
155
216
125
43
40
277
187
170
171
449
107
26
240
241
147
314
431
330
359
24
225
310
67
45
266
149
119
35
376
156
75
207
229
126
350
161
108
426
367
191
19
13
115
101
235
168
35
291
334
223
325
47
138
82
0
193
350
132
48
178
111
347
136
322
359
16
407
380
350
249
225
87
169
80
323
81
287
186
347
314
390
18
169
409
343
220
140
349
448
346
433
120
211
95
266
56
392
329
193
124
422
183
184
160
136
275
22
19
397
345
189
181
273
152
20
418
427
414
337
272
131
388
369
212
286
144
131
145
132
219
96
106
420
134
319
29
347
17
147
71
191
425
132
120
0
379
47
415
324
435
392
234
238
454
240
222
421
417
247
122
0
37
523
0
379
88
106
216
137
102
74
134
0
11
317
41
283
221
123
268
377
253
84
268
426
396
41
216
241
356
511
216
269
422
106
347
66
200
286
347
266
408
333
256
410
9
396
115
79
347
371
219
205
219
43
238
32
191
26
289
87
362
365
143
288
329
250
75
92
433
323
274
208
175
16
68
104
96
355
258
423
390
75
0
196
261
363
392
75
368
69
39
269
156
75
347
151
398
0
106
163
257
373
369
138
171
209
134
0
303
414
230
30
209
276
240
207
41
30
345
218
173
122
334
54
281
247
431
52
70
27
419
428
253
80
357
108
162
180
387
212
298
282
142
380
71
366
223
350
246
204
230
362
366
443
332
423
55
74
416
105
174
95
24
222
395
396
202
290
416
125
252
179
117
333
255
372
323
281
282
172
85
369
210
379
355
314
72
54
58
149
274
0
362
310
302
134
442
50
311
143
66
86
383
181
383
18
164
271
158
462
384
428
98
256
467
162
43
302
170
299
97
43
21
410
187
91
389
112
203
17
0
147
119
275
154
459
133
152
200
273
84
79
333
376
211
406
112
295
180
258
304
82
351
306
279
47
77
425
122
429
239
448
144
220
253
412
338
295
328
37
395
304
437
340
456
195
185
0
396
410
321
273
350
67
320
314
287
186
17
282
295
52
472
0
422
406
250
427
169
142
209
156
388
458
419
350
65
112
296
225
423
369
341
108
258
59
209
356
128
51
104
460
97
265
331
109
162
407
43
52
39
122
418
38
219
193
80
194
316
278
286
330
352
434
362
216
69
322
241
204
0
55
44
198
13
240
324
136
228
16
374
436
215
270
200
402
376
290
78
362
177
359
243
453
411
37
386
27
424
332
408
26
306
285
403
158
327
339
244
339
441
239
264
0
138
171
188
366
284
219
215
398
44
312
50
347
14
358
73
363
432
481
31
411
412
116
162
317
219
385
29
314
312
229
67
13
158
73
0
414
135
389
221
205
302
409
472
371
205
361
388
239
383
384
299
380
284
193
370
205
144
379
348
163
205
130
324
245
316
385
77
123
0
415
303
0
150
383
253
336
407
346
237
367
427
386
77
365
194
87
67
408
79
361
72
160
337
242
41
290
165
131
401
391
217
46
121
474
396
380
58
51
244
307
253
422
397
58
259
34
316
324
282
490
84
56
141
249
193
171
47
230
206
42
155
274
134
168
36
270
153
97
265
380
126
173
237
165
389
280
440
300
340
367
432
337
356
369
247
342
108
259
352
370
463
248
373
345
344
485
17
40
444
265
125
313
191
368
192
407
156
82
256
171
80
147
436
179
152
116
94
295
123
425
338
304
325
373
98
151
458
154
0
356
52
207
38
29
376
413
119
255
259
290
97
91
33
24
138
95
181
397
215
309
420
240
458
156
355
60
128
12
320
0
211
168
134
224
212
9
385
197
24
366
410
58
269
381
57
374
84
466
268
20
270
147
196
208
143
125
123
112
380
66
214
158
153
148
83
263
433
92
283
38
286
392
403
428
270
250
179
253
322
25
418
111
24
123
24
447
242
281
428
325
0
94
498
298
113
188
446
68
91
100
178
449
104
373
416
87
40
274
274
336
20
310
450
386
38
108
255
450
331
147
104
74
209
427
385
468
249
30
210
0
110
313
190
229
154
354
185
243
62
149
101
344
188
223
183
225
278
346
90
170
84
0
197
84
297
265
93
437
336
136
58
451
198
59
290
127
151
170
282
343
142
141
339
158
367
292
339
21
115
142
44
455
108
235
382
445
225
297
122
410
431
171
195
37
36
258
372
459
365
292
0
134
439
256
354
169
238
284
302
213
114
300
404
345
226
295
272
318
209
252
268
324
369
389
31
191
390
111
153
63
189
116
171
246
475
271
307
386
318
343
78
52
108
268
416
291
213
412
422
286
451
108
126
101
425
234
273
401
375
81
499
338
152
152
17
374
388
225
346
43
29
144
136
326
399
407
40
335
101
338
249
347
135
206
33
182
188
279
277
305
55
378
0
310
0
223
321
235
368
240
452
127
250
283
165
320
73
306
395
206
389
316
301
450
235
159
284
54
290
268
145
423
372
282
56
405
244
430
331
106
138
188
147
51
113
343
258
41
442
166
221
370
380
75
417
401
260
27
386
379
411
217
309
176
49
422
228
117
437
331
339
412
34
279
431
241
188
316
212
431
155
321
214
131
0
48
243
329
207
224
175
0
84
128
250
468
226
304
227
273
274
61
243
441
135
147
359
476
243
150
189
281
363
114
64
308
209
333
304
318
256
248
33
85
231
248
128
321
202
114
132
124
225
91
158
436
253
254
106
340
273
264
153
191
277
395
23
153
258
76
327
233
294
133
424
94
438
45
262
310
206
134
320
172
313
447
132
409
355
147
465
207
509
350
294
151
204
318
47
54
232
109
224
45
167
406
469
25
423
0
307
16
154
377
229
453
426
228
32
223
177
334
365
83
23
265
228
103
149
413
354
24
182
148
373
262
128
90
120
76
453
120
175
347
307
213
42
221
249
0
264
296
417
182
481
315
301
126
424
215
431
199
307
180
186
148
240
159
311
319
131
199
369
76
455
344
166
149
210
350
267
137
54
170
166
61
83
144
299
185
73
246
421
177
199
248
34
128
287
391
291
446
146
290
455
404
358
375
48
150
139
249
55
144
280
83
373
300
88
103
26
123
84
203
370
109
151
179
118
290
39
257
84
76
17
328
134
439
205
188
299
338
395
271
367
30
433
197
400
240
340
434
188
0
434
230
448
306
142
163
253
328
163
231
308
362
39
255
416
298
295
93
303
447
269
284
174
412
154
207
66
433
370
236
120
31
308
105
239
15
340
237
250
64
159
323
183
64
365
0
63
449
423
235
51
30
252
400
250
184
340
62
436
177
304
159
36
151
162
319
369
223
133
339
321
19
433
284
0
417
346
416
290
167
87
344
286
0
102
24
240
60
77
271
246
258
73
204
85
298
62
90
208
413
386
188
371
321
177
410
491
218
400
111
438
233
91
80
0
227
155
130
298
46
329
213
174
244
399
280
414
346
412
142
370
29
16
37
220
225
63
99
26
383
0
394
31
250
183
170
462
419
432
263
436
211
248
279
0
194
41
368
39
382
40
97
181
137
106
206
363
288
220
286
76
320
54
373
353
159
175
0
340
347
161
0
255
300
152
391
378
208
235
354
72
45
331
149
310
407
141
239
381
351
255
259
209
332
42
291
218
61
64
179
164
229
195
225
372
152
207
32
285
17
316
219
233
462
414
21
388
306
99
235
407
82
176
200
202
429
195
176
170
70
347
198
341
116
119
16
40
151
214
252
361
171
193
0
386
481
257
61
16
134
430
14
71
66
389
50
162
260
0
78
19
382
218
379
345
427
19
227
85
411
264
54
151
268
411
304
318
176
150
359
199
463
323
110
467
415
234
208
292
39
374
504
321
0
167
427
0
218
324
337
393
305
166
355
135
93
266
377
18
338
234
51
412
145
305
0
442
65
195
203
138
311
312
251
51
281
97
222
292
207
311
278
291
485
238
295
406
133
85
117
266
61
272
56
159
123
110
90
149
202
61
438
307
336
48
391
434
208
228
41
111
222
270
133
303
253
420
348
137
272
379
303
309
252
373
245
91
0
188
28
325
56
435
465
467
470
44
129
185
258
470
145
202
360
416
103
106
174
262
98
352
397
141
271
45
80
252
107
260
326
76
33
323
359
293
106
103
42
307
30
251
403
39
316
55
28
196
129
207
411
85
439
0
365
398
47
185
35
279
120
291
197
341
488
303
0
57
20
27
372
45
303
195
104
157
241
139
384
122
342
136
267
36
115
351
450
77
176
173
60
268
215
332
210
55
308
283
180
437
351
50
31
352
81
285
344
435
128
409
188
297
0
434
117
161
162
231
80
269
157
240
0
157
332
77
462
327
84
455
44
338
370
33
475
137
150
235
270
98
312
427
341
381
372
368
257
87
181
378
156
156
212
307
261
31
150
334
460
264
404
242
103
415
420
97
307
212
270
475
393
26
371
131
107
192
180
155
440
238
160
143
179
358
262
83
19
250
117
23
404
87
18
17
444
295
317
26
37
430
431
374
399
292
168
427
17
452
413
432
90
75
118
116
424
171
236
495
155
383
190
161
315
381
149
365
341
119
39
343
62
110
208
333
318
261
429
389
389
112
33
217
184
188
173
344
310
280
81
278
93
378
149
309
400
82
183
248
256
334
360
239
185
385
77
127
132
137
342
122
181
134
196
250
203
289
160
368
247
330
384
86
79
89
300
222
60
94
285
77
0
331
306
408
261
119
366
378
362
158
429
210
111
175
208
53
179
161
271
153
218
329
51
239
412
279
111
383
59
110
77
466
292
302
277
369
150
137
189
371
193
88
228
29
367
417
195
21
141
69
18
20
421
367
0
440
45
338
422
13
191
208
446
122
64
276
352
37
187
125
335
456
132
445
285
64
0
147
245
296
117
102
321
135
132
409
96
243
36
294
119
355
293
333
304
290
298
44
341
57
225
51
164
111
382
281
141
228
132
346
54
267
157
45
217
257
113
201
304
139
317
345
0
163
120
299
32
297
150
310
113
472
423
158
236
417
194
209
167
174
409
136
28
318
168
19
317
253
176
126
19
369
0
260
495
135
197
365
147
103
202
107
277
12
307
226
172
174
178
203
259
354
294
370
283
186
63
321
198
295
183
125
126
211
138
289
160
236
304
317
75
148
406
267
269
41
424
129
209
223
251
30
88
46
194
436
167
266
88
169
266
260
293
461
222
112
167
283
266
393
183
135
228
294
75
252
33
16
60
226
85
140
207
116
103
418
256
62
371
330
33
327
230
388
229
47
347
248
433
25
258
311
36
132
133
269
187
434
63
402
465
125
107
146
109
337
25
36
354
109
65
186
431
127
38
172
279
43
204
38
435
382
347
434
367
327
127
63
365
453
133
244
62
180
92
253
356
302
203
416
172
443
170
308
36
343
401
363
29
209
360
92
130
113
356
321
217
232
408
107
403
18
246
222
195
398
190
0
256
170
83
184
366
363
305
327
231
10
35
385
213
279
160
14
358
132
90
403
183
426
440
429
226
411
269
306
18
139
165
119
36
254
391
147
137
270
310
272
377
283
14
266
170
334
113
275
195
406
187
304
322
357
441
36
22
135
203
242
96
305
52
153
230
0
88
207
379
216
245
442
90
17
411
425
302
211
249
108
157
239
379
252
411
0
389
233
67
425
183
262
213
183
97
250
225
150
171
157
277
143
162
335
221
133
287
304
277
336
408
168
154
0
212
330
249
148
153
209
469
377
213
484
92
150
91
187
270
176
73
127
325
178
189
414
346
147
296
136
401
327
297
35
32
377
135
420
123
191
115
395
88
56
291
492
465
173
220
275
192
106
437
243
373
207
209
37
446
264
289
277
221
343
317
55
28
205
220
30
44
132
406
382
244
351
481
248
104
305
82
410
332
10
64
327
283
132
182
179
160
243
75
53
187
360
112
289
434
140
173
34
142
83
366
173
359
248
59
396
408
385
188
237
181
216
345
234
432
362
276
73
360
319
280
366
273
161
283
161
153
287
188
384
132
266
93
164
401
295
137
345
333
281
80
113
184
149
335
209
45
280
267
367
226
219
100
396
417
258
46
225
96
127
418
155
69
361
385
178
352
433
114
352
143
437
77
199
479
19
116
269
404
218
111
115
283
276
283
294
268
370
137
20
127
251
91
104
312
31
190
56
94
289
175
419
360
420
274
337
312
291
325
307
37
322
123
160
275
211
237
436
295
239
423
61
36
251
165
309
412
416
265
203
124
148
133
215
332
198
118
149
316
293
40
98
210
298
447
418
254
293
340
19
206
69
11
369
367
452
438
65
345
65
186
19
113
32
404
308
375
197
130
400
159
75
399
56
271
192
143
323
158
154
194
333
312
439
127
246
75
178
428
92
175
121
243
174
7
374
201
237
368
116
366
216
206
405
265
139
342
296
105
327
323
444
420
204
104
443
440
274
441
47
244
208
277
68
353
280
421
438
364
114
71
72
340
399
98
341
339
21
72
248
372
256
312
464
297
382
417
379
0
247
150
375
88
107
251
296
364
199
257
74
262
65
89
179
137
203
392
117
0
182
266
76
208
230
290
309
15
197
239
121
257
26
244
357
343
208
35
75
395
195
16
85
230
115
16
414
117
281
202
141
420
0
327
458
226
275
105
227
390
306
127
152
276
170
39
211
309
411
95
201
90
23
374
259
378
47
234
323
118
359
248
438
259
261
0
387
243
41
54
260
154
372
417
167
406
38
351
32
164
429
454
137
276
49
0
168
269
82
15
155
37
300
24
89
450
124
154
417
197
228
279
63
370
142
385
184
360
61
419
359
69
462
291
83
80
53
404
203
288
166
60
64
257
244
380
305
367
424
147
284
411
384
43
175
380
134
410
223
220
382
318
178
80
269
320
386
153
42
323
489
294
37
68
296
432
267
365
134
200
240
247
103
84
294
383
323
162
204
289
261
235
219
134
78
342
143
111
213
468
328
45
435
46
80
239
201
376
377
77
423
0
107
395
209
125
100
291
280
145
106
62
105
245
389
78
332
278
435
66
