82
118
30
137
289
234
149
129
108
228
29
100
183
40
115
314
104
133
246
0
271
194
178
305
203
48
133
157
88
210
93
275
151
0
295
322
50
239
124
176
117
172
235
251
85
87
26
70
298
123
0
60
27
37
91
181
151
242
362
115
242
14
300
75
69
168
150
147
293
294
62
245
44
280
50
202
117
152
86
110
0
67
63
18
268
82
51
260
112
212
226
223
272
126
139
156
120
180
13
27
275
220
145
126
358
253
139
153
229
207
77
237
141
49
83
13
195
53
17
319
145
288
188
245
191
198
274
301
138
295
0
203
58
127
42
153
101
201
253
99
58
143
59
240
110
209
31
112
27
164
69
284
6
133
131
247
206
12
90
258
59
335
115
146
103
118
44
160
166
317
214
238
128
202
266
31
174
15
280
194
97
240
16
199
74
141
153
119
209
83
32
331
99
257
66
99
125
59
254
260
20
144
192
315
197
230
178
130
281
290
57
0
240
146
120
36
213
344
337
279
172
281
203
270
238
128
106
165
231
297
233
154
56
17
218
65
340
114
28
225
255
44
209
180
82
151
188
96
210
92
71
36
87
79
294
95
273
153
283
289
33
148
164
117
240
76
198
176
15
218
313
247
86
127
67
226
34
133
12
228
62
332
207
333
273
73
136
241
156
74
90
239
110
160
109
0
11
37
123
167
186
138
302
31
180
192
331
21
68
68
70
49
209
73
221
106
243
137
177
108
145
241
41
243
255
295
185
183
171
255
87
263
261
320
347
156
244
314
284
145
193
7
207
105
91
314
156
329
266
284
0
156
21
171
109
203
56
72
245
284
149
163
127
163
14
150
223
65
158
155
208
12
223
48
98
20
303
287
67
83
47
253
173
26
195
80
178
76
200
271
219
231
274
48
151
59
165
0
187
50
184
115
245
102
18
27
111
196
250
50
61
183
304
190
271
257
227
291
333
53
122
25
289
214
45
308
24
152
210
260
120
34
24
94
58
166
241
76
51
299
166
126
158
278
157
216
32
0
176
213
229
51
227
297
34
248
132
170
349
156
91
211
31
226
0
57
144
206
204
44
145
186
213
94
161
64
222
215
267
231
21
130
157
131
116
250
323
68
219
211
290
105
15
266
56
266
254
242
74
0
28
147
252
241
55
316
269
246
32
154
226
174
158
223
129
296
87
250
111
149
234
313
214
150
49
77
149
296
12
184
123
30
136
157
201
274
274
204
210
148
50
244
256
178
227
252
254
38
124
90
154
207
298
88
88
195
78
86
98
159
179
199
44
193
100
230
25
162
53
177
144
243
203
220
148
299
260
66
204
109
192
282
43
66
45
173
137
80
156
151
298
212
157
209
12
226
142
188
32
86
46
57
147
168
231
306
125
205
100
85
86
103
31
318
176
60
25
57
189
118
224
279
99
235
57
340
170
258
157
199
174
239
19
77
257
130
329
350
109
142
256
56
216
222
198
271
16
258
115
203
167
188
216
183
159
283
245
320
91
121
291
193
107
27
169
255
29
112
346
273
129
157
22
23
124
207
78
94
227
197
235
289
101
279
91
51
118
116
99
250
64
57
188
188
218
28
276
104
45
25
247
264
210
260
166
124
254
284
35
117
193
285
223
183
315
87
80
234
54
235
156
88
97
53
27
33
218
165
137
153
71
258
237
325
87
183
0
89
80
46
179
114
50
117
0
98
225
346
65
207
194
152
277
157
57
287
136
88
180
66
37
7
208
101
8
101
75
119
67
58
9
208
85
104
317
178
344
252
281
335
288
169
81
246
222
157
232
86
21
199
191
92
194
165
29
328
175
266
129
208
339
264
182
326
0
42
313
285
188
203
55
58
232
292
336
191
211
141
326
292
262
257
257
105
143
186
76
255
285
115
144
29
207
183
0
76
85
219
164
64
166
164
165
0
92
134
148
208
164
153
43
127
0
56
242
30
74
197
36
91
108
232
257
70
269
220
172
61
179
113
263
291
214
281
75
300
139
220
258
175
41
24
302
157
12
0
339
195
70
292
239
241
34
125
245
107
0
132
154
78
13
222
55
222
280
238
264
153
153
264
16
267
140
256
277
151
194
252
74
259
48
358
61
105
266
164
15
75
133
162
320
223
319
44
253
215
202
143
48
97
304
11
307
293
190
179
116
95
152
286
299
307
97
79
161
187
149
162
226
163
318
259
107
164
297
38
158
250
200
171
41
327
227
259
268
198
145
258
249
111
119
244
240
302
0
23
113
310
83
233
236
63
293
156
114
95
250
54
219
268
0
302
39
28
260
35
71
161
241
250
65
96
13
37
191
165
279
221
154
217
304
229
69
283
109
300
114
241
163
179
14
304
77
62
312
224
239
106
68
0
69
12
242
213
178
0
17
143
38
34
220
210
312
254
92
27
109
188
99
233
23
243
300
81
61
105
258
102
166
100
256
177
255
282
328
214
16
278
148
111
14
132
302
254
263
168
189
179
15
30
116
195
231
29
198
305
192
65
115
290
124
209
307
157
280
0
22
44
181
303
72
301
292
117
13
55
97
13
0
339
200
24
31
57
301
257
173
258
86
149
341
42
62
269
55
248
125
24
311
251
103
253
19
182
52
147
204
0
47
222
175
54
185
64
116
0
281
184
173
180
0
331
259
290
32
26
0
129
168
221
298
288
240
205
225
167
103
213
264
30
82
272
255
236
205
265
286
328
212
43
0
26
120
289
160
163
92
39
134
131
52
78
121
27
0
0
204
0
160
231
134
199
283
141
61
22
302
174
38
104
177
104
281
154
253
291
152
274
139
223
277
44
185
40
132
271
147
128
159
106
121
170
214
57
200
49
133
228
281
111
270
47
259
0
75
136
95
275
64
115
108
120
37
38
173
195
149
204
230
41
222
163
32
9
248
78
123
70
130
136
37
136
268
188
57
120
79
79
249
281
59
268
281
181
65
92
115
45
304
350
252
67
246
250
285
180
110
123
228
331
246
166
17
149
319
49
187
21
203
238
20
280
171
52
280
229
228
287
210
295
0
48
27
162
37
158
207
310
266
234
150
57
273
123
166
113
88
174
44
120
115
165
27
148
195
71
30
19
261
18
39
17
50
19
152
162
151
43
0
295
80
103
226
110
144
11
226
53
35
242
212
77
179
233
269
92
307
31
58
13
286
152
252
263
133
298
153
279
188
57
346
136
130
130
237
87
0
239
148
290
24
69
115
129
118
177
101
55
277
242
236
258
72
289
38
15
189
257
217
149
28
163
318
0
58
96
183
40
147
51
61
122
154
0
68
88
232
291
196
103
81
274
265
7
101
283
109
280
29
245
231
167
250
159
131
177
232
125
328
17
202
26
179
205
151
98
260
292
274
21
33
31
129
218
53
287
164
233
290
258
205
0
27
290
214
312
294
125
179
253
225
183
306
253
166
45
260
178
47
146
304
61
141
124
238
269
29
124
17
102
104
225
51
184
197
274
145
91
216
72
91
259
11
148
79
41
35
254
86
129
283
126
25
112
41
321
190
156
66
242
206
18
161
65
95
300
195
14
209
268
96
160
164
292
290
146
158
300
190
202
268
185
207
245
182
66
8
147
260
169
109
13
294
212
186
33
350
109
304
52
15
84
150
183
123
0
193
181
172
285
230
136
172
27
207
136
38
282
126
60
66
223
42
252
277
102
181
237
297
233
120
259
85
255
0
201
106
175
18
279
97
97
88
20
213
302
16
279
292
313
74
326
241
81
55
149
147
321
330
125
225
45
78
51
19
40
197
66
156
310
117
250
217
301
170
213
62
223
35
42
203
0
317
119
65
101
134
298
118
317
68
193
82
121
29
249
99
175
14
62
140
284
65
184
130
165
148
300
180
281
169
306
69
0
181
259
273
322
167
155
220
135
200
141
133
321
286
246
232
117
246
215
287
209
37
274
9
145
209
198
305
249
152
278
328
252
146
50
86
128
203
198
338
100
265
25
137
87
85
71
134
200
142
89
142
266
12
231
268
15
38
82
259
282
272
275
8
142
167
140
343
219
286
37
104
199
153
178
68
268
152
94
183
85
124
241
262
292
189
231
88
311
133
121
0
22
75
281
36
34
25
47
13
36
146
67
98
93
60
291
26
293
225
0
87
51
83
0
100
191
332
224
317
210
58
129
121
152
133
288
228
34
266
246
264
205
31
8
115
184
192
159
49
98
137
59
33
38
131
283
222
193
83
86
108
58
42
136
277
22
51
174
309
277
288
196
109
240
183
181
56
20
315
80
128
223
228
56
305
106
162
151
124
80
293
115
300
185
239
155
108
235
319
228
279
224
228
122
100
295
298
248
69
14
53
317
297
117
209
79
168
112
34
8
303
76
30
36
239
30
297
182
254
155
72
113
217
23
171
141
48
0
162
276
30
222
296
39
68
50
186
13
77
58
255
55
105
337
180
115
83
155
168
30
11
258
79
116
48
287
256
254
78
231
22
6
228
94
87
294
284
106
54
80
313
333
274
33
250
10
111
113
265
253
18
173
209
80
221
61
252
79
62
205
224
237
294
152
253
0
274
222
321
318
262
266
24
87
130
83
249
236
293
188
54
0
109
130
86
135
196
0
93
258
71
193
305
19
231
229
134
58
23
124
264
61
90
48
91
83
205
107
139
252
207
84
262
150
326
108
24
265
115
35
208
0
64
123
265
70
143
100
220
288
219
289
230
67
239
145
146
63
262
72
227
294
198
182
68
26
145
17
115
158
256
45
229
54
164
118
195
287
234
17
260
69
271
31
314
145
76
123
226
94
305
243
157
317
248
198
131
67
214
155
68
144
78
220
249
283
95
284
141
45
281
273
100
319
58
199
285
238
243
300
228
18
300
78
190
52
54
115
10
271
272
136
225
193
197
52
104
212
256
52
311
41
255
248
46
122
273
256
86
24
269
283
59
221
125
35
159
304
160
118
265
134
89
277
24
239
0
44
268
0
89
205
189
285
328
268
170
123
262
31
288
334
258
131
34
85
0
169
127
149
131
159
12
137
156
264
279
259
198
50
270
266
126
53
39
17
180
172
218
240
265
339
274
93
61
0
256
39
159
296
254
239
217
245
176
121
166
52
95
152
55
85
208
135
217
225
237
156
222
77
183
84
147
92
226
292
21
79
13
39
59
35
109
19
265
325
191
30
242
260
22
51
184
132
312
120
227
104
141
154
93
158
18
99
11
284
18
21
84
165
252
283
26
149
196
183
312
184
16
43
191
180
269
158
22
16
58
74
183
279
126
12
330
94
125
77
227
241
160
175
59
234
201
0
128
226
0
133
14
108
41
111
213
0
160
41
236
72
168
80
43
166
44
57
82
246
167
306
151
157
65
233
247
185
161
171
319
157
281
178
276
218
32
182
78
230
121
62
248
125
181
211
50
33
184
229
76
116
97
280
228
128
180
215
93
28
309
230
80
292
299
97
312
258
237
255
23
300
334
76
121
190
111
114
77
116
203
295
40
225
37
175
67
35
53
50
288
278
273
169
280
146
79
186
194
285
162
286
107
183
18
157
144
274
171
169
141
267
53
71
57
68
106
280
142
254
172
117
0
352
44
107
82
117
256
162
274
219
229
220
284
190
189
270
201
121
84
130
243
276
211
80
220
294
223
279
130
214
142
193
87
264
241
10
118
179
238
16
242
186
42
160
22
258
116
154
179
38
157
175
225
151
175
299
52
71
57
292
339
65
29
196
129
141
204
0
75
280
41
93
47
29
60
16
320
165
170
250
275
86
171
152
300
122
288
49
50
212
26
226
305
319
47
234
179
0
85
281
205
102
76
183
140
106
275
0
273
250
226
161
221
192
261
96
222
44
15
94
35
210
39
121
51
141
54
211
165
19
165
108
75
93
261
43
97
328
234
172
101
291
323
161
224
334
145
109
249
72
289
335
239
112
230
47
79
158
217
281
9
65
186
248
165
65
146
105
103
316
101
249
39
151
81
244
257
270
157
87
137
237
183
163
14
318
279
48
252
28
283
120
304
170
45
29
113
67
125
275
97
141
262
19
217
206
193
370
162
214
333
20
232
206
173
49
181
145
304
221
211
298
221
287
43
133
24
165
118
106
293
179
178
240
65
30
82
226
0
224
34
205
79
110
197
119
250
188
228
135
131
26
36
58
13
240
275
283
144
240
142
131
14
300
288
128
296
262
158
229
168
39
65
228
301
214
101
99
186
248
43
171
36
190
97
60
29
177
118
54
71
32
227
18
299
87
227
154
95
102
66
261
260
116
177
59
168
78
181
290
141
123
218
24
233
183
220
200
282
281
218
227
137
206
91
152
144
273
49
170
157
186
194
76
261
240
299
237
295
156
45
146
11
156
27
144
41
134
0
41
156
262
158
79
102
186
56
261
315
244
74
313
264
288
144
151
249
176
231
105
74
72
132
122
227
134
112
217
166
179
156
320
309
273
175
326
304
181
188
256
111
326
281
36
26
284
134
265
84
153
205
331
245
249
293
24
269
49
83
303
129
226
42
282
238
64
170
249
20
275
121
181
307
145
208
58
122
109
99
62
136
184
107
253
79
298
214
107
247
106
171
142
76
241
235
127
63
47
129
263
250
179
51
8
55
105
64
157
160
41
142
58
161
176
232
79
211
154
25
45
241
155
181
95
98
121
239
263
262
328
122
73
158
256
279
138
18
314
47
329
141
261
58
267
166
47
229
114
275
30
26
136
89
128
183
95
30
29
253
0
0
254
233
112
220
158
26
277
73
84
238
145
213
177
253
34
297
362
348
34
146
140
183
6
251
88
222
233
308
220
253
221
272
58
56
203
184
12
221
246
56
174
14
177
306
79
248
127
192
0
277
230
221
274
19
98
304
124
291
70
191
36
41
156
83
240
31
71
125
218
0
95
325
321
121
56
61
288
186
274
81
158
210
336
54
17
158
57
40
188
299
293
115
102
176
330
113
140
273
299
84
301
206
113
181
225
217
100
188
54
303
65
54
120
128
148
26
219
104
102
79
24
314
78
87
70
170
15
144
210
46
203
44
306
18
212
14
287
278
0
246
281
186
180
62
265
258
270
305
36
26
309
36
333
201
279
73
240
135
324
0
248
232
0
12
253
299
268
282
252
288
82
267
189
9
99
182
356
244
217
103
270
0
62
263
144
19
125
117
309
340
192
247
249
26
253
296
23
215
159
14
142
273
135
209
234
187
181
101
105
140
230
115
158
139
215
193
281
182
162
170
283
166
218
121
141
262
164
294
38
197
168
279
223
232
157
114
172
225
171
323
80
156
234
182
262
87
128
72
210
104
133
187
299
140
139
198
111
92
262
311
53
42
96
237
34
253
129
227
253
195
0
170
165
279
233
217
261
29
55
259
89
240
130
28
190
205
152
101
260
138
56
323
162
155
265
49
287
143
0
84
292
178
64
250
277
213
143
305
43
296
308
62
181
73
100
271
74
41
144
282
27
178
172
159
113
188
204
182
98
39
286
134
117
59
66
287
89
248
335
67
136
236
239
313
108
257
197
267
40
217
100
176
139
47
67
192
225
10
198
76
351
72
40
270
159
49
42
62
242
55
11
212
185
107
210
163
12
38
280
235
293
104
79
283
239
289
149
78
169
293
58
36
165
148
0
217
232
91
248
95
268
188
319
83
275
186
196
117
92
249
69
94
296
261
204
153
39
44
123
94
0
92
73
119
117
23
105
224
136
129
212
69
159
269
87
308
0
299
263
207
209
281
25
216
154
93
47
158
284
154
212
269
303
236
329
222
115
190
187
244
267
235
207
344
167
160
15
179
37
284
111
110
148
202
178
124
147
33
36
143
178
207
349
268
152
295
92
297
104
313
129
102
0
173
144
92
261
190
158
69
195
54
204
72
206
243
252
248
113
243
227
21
92
77
114
148
199
215
276
0
0
232
49
37
123
78
302
129
0
217
304
51
237
203
64
60
275
304
74
32
56
222
309
192
63
26
97
116
105
319
93
67
121
53
240
67
295
162
213
286
15
237
247
189
0
231
14
208
253
48
141
82
292
108
194
269
194
129
6
53
325
334
9
245
223
24
167
232
311
287
88
283
127
22
112
0
114
81
57
58
134
264
283
20
197
284
252
256
314
250
105
66
152
111
94
120
14
112
22
58
255
48
80
280
101
299
77
10
186
363
189
189
189
245
209
215
271
218
50
223
299
305
13
213
31
232
31
12
226
287
241
155
33
180
123
292
140
312
188
178
251
228
195
330
212
113
30
139
250
222
57
64
100
25
267
81
119
158
14
14
301
153
128
73
196
90
281
66
278
201
49
268
17
45
171
50
119
327
274
170
191
287
205
219
147
223
87
98
217
200
267
119
45
156
17
273
58
269
232
141
163
278
168
197
35
284
25
187
66
213
139
19
273
140
286
78
232
131
161
197
175
0
212
24
13
260
241
307
199
85
166
271
104
41
189
236
213
244
344
51
295
176
99
0
288
194
12
220
55
285
136
0
332
296
241
30
9
68
231
118
136
104
83
33
317
92
317
230
45
199
63
51
61
164
207
223
285
62
155
123
89
43
