41
317
214
159
174
255
451
283
362
231
127
528
42
403
367
63
444
81
82
509
71
143
292
508
466
261
106
82
441
212
0
416
366
308
391
205
452
371
187
204
108
195
393
0
226
79
309
411
185
453
52
447
405
90
97
418
159
392
374
452
378
224
39
303
359
472
144
195
224
384
57
326
295
55
74
167
379
210
490
374
462
497
469
325
142
135
62
283
203
122
322
269
296
386
84
443
236
276
463
300
200
420
328
440
275
313
221
451
248
200
307
316
118
244
300
500
407
0
62
234
416
520
145
487
270
493
201
507
77
276
47
87
226
126
50
100
39
86
54
42
99
203
106
365
107
486
461
52
38
314
235
46
101
360
218
297
468
500
340
399
432
374
521
188
196
345
307
14
201
157
403
345
259
379
389
192
129
101
426
521
397
517
496
206
147
158
93
332
37
287
90
348
92
300
488
101
220
32
162
0
466
88
33
160
227
189
216
293
436
469
121
208
347
315
458
429
191
398
349
72
60
309
46
220
374
314
115
375
501
465
228
413
180
296
221
315
328
55
111
255
503
324
50
477
460
233
195
362
183
98
294
288
276
256
213
27
295
117
185
471
178
196
0
309
320
293
24
445
100
385
330
21
532
415
277
411
144
470
498
272
343
446
25
107
249
244
0
137
367
273
511
144
240
135
83
356
463
156
265
356
104
94
104
66
197
504
297
510
374
421
144
422
188
226
387
516
61
498
280
175
498
231
73
453
325
120
237
0
457
422
321
303
296
367
415
243
322
28
137
470
72
200
482
421
391
410
118
406
497
268
445
480
161
117
266
251
140
80
434
178
58
241
508
429
382
492
86
117
120
61
233
182
475
326
168
327
106
456
226
34
24
288
193
167
339
344
60
100
125
503
21
205
221
16
383
287
322
353
437
310
301
403
116
274
211
0
440
384
128
0
144
155
401
493
383
183
321
34
117
0
148
82
240
80
126
372
22
231
249
346
243
475
418
244
293
112
325
488
280
307
392
296
41
387
59
228
191
72
196
101
377
47
106
431
285
321
173
133
386
314
165
207
273
432
339
393
344
190
423
407
348
381
339
124
31
489
235
252
448
51
353
225
171
396
201
232
190
197
41
374
218
324
321
381
99
366
264
266
114
155
56
275
387
88
297
192
193
138
106
377
79
192
383
293
155
530
364
244
391
49
396
242
70
242
79
362
336
37
438
335
182
446
400
420
44
82
23
407
88
191
528
193
337
346
323
76
70
0
356
290
106
122
457
500
442
0
284
237
475
130
135
71
214
497
0
429
210
312
422
436
423
284
21
55
183
67
188
25
383
472
285
405
314
475
393
98
289
362
13
141
191
424
0
382
177
484
417
295
263
67
499
220
28
298
498
45
517
533
30
0
344
312
59
302
206
251
289
87
280
491
74
217
315
179
306
436
175
88
409
76
439
30
103
381
71
33
191
112
296
28
271
72
352
20
473
113
144
89
31
30
353
148
323
286
304
176
72
508
197
430
165
451
350
493
406
246
61
328
494
352
300
17
203
0
398
0
453
401
307
243
299
127
148
104
167
255
106
295
260
456
454
400
390
515
441
116
19
189
281
441
268
99
315
0
226
281
59
347
241
160
0
211
117
271
61
416
365
130
337
325
392
119
74
379
227
388
247
320
509
0
26
358
158
197
489
335
268
275
72
215
66
28
163
369
266
373
140
511
207
49
294
288
263
513
173
491
205
110
193
230
228
155
18
371
423
362
429
33
254
301
383
281
54
110
278
238
316
453
225
339
55
295
0
501
274
192
350
293
295
64
344
382
366
419
384
385
373
46
423
389
289
378
42
0
419
424
265
301
45
32
127
417
425
338
248
224
164
130
138
331
152
115
343
156
479
363
357
224
384
450
0
289
224
404
348
76
317
51
326
163
508
338
117
20
340
473
314
261
491
407
259
403
369
393
359
163
187
363
413
281
333
153
474
287
118
85
218
498
309
80
82
473
47
438
96
211
347
562
342
332
266
0
221
148
283
140
134
8
405
398
264
146
117
135
270
65
170
225
89
220
423
337
298
262
101
163
435
26
532
352
207
247
19
455
226
143
109
445
372
257
407
310
491
148
389
292
550
199
419
137
448
455
172
295
114
447
224
538
113
352
106
241
41
101
118
482
284
295
317
353
345
174
145
53
207
113
223
488
431
523
324
498
123
393
494
217
197
467
171
212
203
279
186
503
346
249
60
306
352
50
219
281
87
25
106
329
432
116
388
30
474
180
501
121
494
187
457
277
404
152
433
235
259
458
428
305
0
450
320
464
410
120
69
364
98
208
15
82
254
245
319
513
225
314
102
239
452
379
173
67
441
255
514
121
304
263
261
96
94
96
66
300
349
60
281
142
53
21
153
121
473
102
366
28
427
363
0
334
293
259
182
207
496
509
334
145
172
388
279
443
135
0
242
39
367
29
371
298
88
329
289
305
95
415
138
32
151
264
38
0
379
38
130
453
373
440
469
527
172
185
342
99
487
472
546
266
512
384
431
289
94
28
52
0
385
278
463
342
0
109
465
475
279
295
486
23
233
351
399
330
229
345
486
23
220
153
317
460
472
312
133
121
460
17
201
33
208
140
55
255
77
335
226
9
185
195
137
318
25
318
341
231
343
40
434
462
182
200
311
105
394
109
52
481
368
234
276
47
104
462
350
86
357
365
39
457
508
439
0
252
160
245
0
438
345
518
460
137
444
30
28
126
64
317
84
378
452
272
143
384
241
383
519
149
113
172
457
513
240
217
225
249
336
18
78
330
268
115
497
20
453
440
348
343
46
543
267
269
251
226
111
443
268
486
423
198
293
185
52
472
156
51
240
125
125
262
424
64
247
271
372
387
267
374
129
257
459
345
358
427
47
87
338
392
485
314
294
432
406
123
230
122
504
259
214
31
295
335
416
473
68
412
292
259
15
308
461
274
73
419
408
319
61
41
114
125
344
327
49
0
120
33
293
488
60
396
460
471
54
399
456
299
130
229
393
421
148
224
89
45
146
188
394
108
161
205
0
18
0
371
320
55
205
301
150
379
415
64
326
402
42
275
399
478
51
106
57
421
40
447
486
333
392
456
248
27
56
17
42
278
331
359
112
451
74
0
313
420
194
63
92
87
257
511
439
137
285
149
207
204
408
28
339
80
250
311
325
387
403
231
468
505
551
340
247
84
182
387
0
332
312
257
48
143
483
253
403
121
281
320
317
392
191
134
419
52
487
286
99
35
216
468
36
242
372
194
199
291
239
102
377
72
188
284
110
434
380
272
35
438
66
258
13
463
438
335
438
30
370
420
308
383
479
348
67
351
420
257
363
43
336
0
300
401
44
505
129
347
413
210
114
83
432
29
27
274
200
0
191
46
323
101
488
184
226
480
271
60
300
159
366
509
494
315
280
338
291
486
438
300
258
204
302
458
535
287
86
184
327
262
16
205
322
248
346
164
137
354
232
251
309
321
255
482
315
121
251
379
178
432
492
359
507
488
331
248
75
151
139
16
215
283
374
92
320
110
388
232
0
431
64
282
120
150
369
315
239
446
246
187
301
374
157
533
103
355
312
375
81
235
423
103
305
234
224
506
392
70
169
464
86
187
324
443
395
439
296
449
162
263
182
351
394
120
318
353
196
454
493
98
125
318
72
316
65
369
42
400
220
244
83
393
24
383
92
13
274
0
345
209
380
142
428
223
268
174
209
294
375
509
127
481
441
328
186
414
444
384
459
192
83
331
317
228
122
463
242
30
477
89
132
386
374
33
379
452
505
143
268
123
527
489
223
19
468
141
207
234
122
309
30
334
0
77
21
344
503
404
417
0
381
371
188
372
406
122
483
499
500
262
195
106
26
18
121
139
75
415
60
333
81
293
354
128
171
391
148
177
379
510
53
365
494
455
252
382
387
211
190
110
410
71
80
518
169
348
379
432
86
187
37
457
469
35
106
297
388
215
506
46
185
338
372
97
18
216
410
465
226
139
288
165
303
77
372
59
409
248
459
289
19
468
402
428
228
507
149
508
369
443
347
316
263
255
60
333
146
289
71
407
85
457
431
326
72
78
371
168
429
258
438
105
250
487
73
102
57
207
211
382
433
431
475
288
283
459
445
59
392
333
39
242
166
129
228
260
269
412
474
64
504
111
398
254
414
526
111
44
469
65
40
322
0
325
459
31
217
476
244
212
192
259
272
321
204
314
345
112
466
230
150
0
161
51
458
145
38
46
429
365
56
142
37
73
491
371
136
345
390
405
330
475
480
447
336
234
371
145
60
405
165
255
462
366
490
197
226
330
202
137
496
302
498
57
22
186
328
56
122
65
351
106
332
249
0
0
153
102
424
50
366
272
458
138
273
372
12
241
64
109
353
432
97
374
42
97
396
322
421
330
501
29
131
23
206
219
142
529
244
231
535
288
95
213
41
265
162
142
52
234
463
280
159
123
340
112
167
187
288
264
64
153
504
177
265
443
53
288
441
225
355
80
324
205
468
64
197
472
475
484
339
310
142
284
29
288
107
339
184
172
440
364
285
346
38
405
363
42
225
201
455
296
478
188
327
43
156
438
522
14
60
153
515
435
134
485
101
165
397
200
218
63
250
409
436
397
355
432
480
504
121
337
74
0
431
471
56
413
387
168
98
416
139
307
315
367
179
42
263
88
156
205
317
75
264
421
399
493
145
23
56
217
160
451
281
492
23
301
132
179
151
54
148
433
555
0
455
286
438
396
174
421
142
205
20
134
0
500
470
427
193
474
151
181
496
304
86
479
75
306
367
162
333
328
118
210
124
279
212
369
68
401
189
32
288
398
287
262
105
115
23
236
90
28
482
79
395
16
450
408
458
401
475
494
173
276
503
86
534
247
364
102
30
323
154
218
493
71
173
398
333
433
171
405
366
265
163
33
205
234
340
429
128
361
253
99
111
404
464
118
386
197
299
184
428
156
475
190
73
325
283
165
201
0
142
445
270
441
377
107
292
317
195
267
359
29
443
399
0
106
145
170
175
475
19
378
458
342
401
468
243
443
267
240
209
474
162
263
437
90
145
148
130
437
245
331
403
356
70
50
304
115
359
28
290
122
235
35
235
328
122
124
264
252
312
321
304
497
20
0
452
198
95
329
0
510
144
540
192
454
16
235
158
300
70
41
65
119
65
221
412
258
481
304
22
399
333
380
366
159
20
106
68
36
242
166
335
159
418
332
221
219
356
18
470
163
319
53
45
38
418
435
20
430
345
154
416
329
151
449
425
20
207
344
504
251
16
35
89
414
491
197
135
62
304
455
246
23
67
472
476
446
217
32
64
160
181
0
248
491
39
384
507
402
504
224
127
231
459
289
282
107
471
319
93
395
423
204
354
417
514
220
38
469
158
254
362
210
148
339
505
468
389
256
247
275
262
93
398
434
175
431
363
410
63
307
122
67
345
467
227
59
265
470
147
121
301
39
156
170
585
460
0
68
457
465
447
142
440
506
0
139
171
0
472
446
166
49
145
364
158
92
227
187
131
296
302
124
0
101
0
261
123
420
211
122
293
426
281
138
90
77
408
146
137
314
294
488
25
243
371
252
40
162
64
232
360
161
312
228
296
52
230
420
0
0
22
235
390
443
324
367
389
124
377
480
39
176
363
403
164
330
378
402
477
58
428
431
360
197
518
322
493
131
462
211
468
226
337
78
61
393
322
296
445
241
349
314
214
222
89
145
54
158
445
242
173
462
411
485
211
273
335
429
453
253
373
157
408
552
509
151
207
381
451
110
325
388
419
75
107
0
381
303
0
235
265
109
480
235
407
114
292
465
0
281
424
46
436
475
299
300
12
26
45
171
221
440
187
373
525
394
346
217
305
304
316
269
121
252
111
501
128
312
148
474
27
264
136
58
346
178
41
117
412
125
43
311
377
336
254
179
103
178
222
416
252
202
0
93
94
147
355
167
458
555
245
393
341
345
339
166
362
419
143
369
372
118
279
402
72
28
72
72
290
154
112
469
382
507
484
251
210
223
480
396
471
75
117
234
123
73
360
72
479
511
128
312
184
0
89
312
405
393
309
60
25
322
81
373
166
430
500
399
41
132
494
240
152
20
473
73
289
378
353
381
503
365
183
336
333
386
258
361
485
215
162
89
154
168
20
443
19
362
410
212
414
217
441
495
124
491
147
71
201
0
424
298
48
0
439
383
173
266
270
490
223
122
217
271
98
16
471
475
376
116
169
490
229
285
394
293
404
414
275
185
165
148
480
257
45
332
317
421
324
313
68
25
106
336
463
306
390
90
95
111
128
394
87
59
360
348
343
103
362
162
221
302
78
414
277
0
288
103
47
174
177
41
167
177
238
487
328
0
356
236
388
484
302
185
383
326
284
432
267
493
172
455
29
264
478
302
221
268
139
21
93
72
96
396
262
461
188
290
403
310
180
97
38
394
464
227
28
0
60
344
476
233
94
109
77
407
224
420
51
397
79
302
143
337
68
371
156
20
125
475
273
129
150
485
332
318
301
57
274
288
494
301
0
280
491
298
190
95
55
460
413
215
369
262
363
157
182
305
356
442
20
493
277
336
502
174
311
302
200
156
224
106
274
264
496
111
45
44
200
148
103
250
302
213
458
148
498
351
309
300
318
141
229
306
151
392
361
416
207
391
122
288
163
493
71
243
134
46
472
452
89
216
405
352
282
377
287
420
271
195
372
353
461
293
73
85
233
265
111
495
66
325
464
72
326
452
201
330
498
205
268
351
418
193
30
116
322
301
290
0
484
40
502
223
369
87
103
198
467
375
265
81
333
70
490
184
346
409
46
160
260
180
267
172
73
89
312
313
89
381
392
427
371
292
476
424
249
171
98
18
162
211
461
350
185
165
236
291
325
464
345
359
434
113
288
346
528
416
32
210
340
16
236
175
318
204
269
404
269
195
192
485
154
154
255
183
373
404
63
233
0
227
477
95
218
390
305
418
25
406
352
419
267
265
212
113
241
405
458
82
208
196
229
341
284
18
99
56
350
57
515
411
127
269
442
279
229
498
205
328
328
230
37
475
155
282
72
304
167
152
442
467
297
441
0
313
250
135
395
81
377
410
348
514
397
410
387
193
193
94
240
411
329
409
122
369
305
460
274
419
270
0
66
502
281
414
308
217
51
36
471
321
117
114
209
28
290
78
166
484
167
382
12
365
0
426
138
431
137
349
35
220
176
17
59
253
25
134
444
117
239
387
42
336
294
267
287
297
474
382
184
334
445
321
410
280
192
32
388
216
0
151
465
310
331
98
398
36
253
223
306
440
467
475
339
128
395
200
311
409
412
427
0
390
422
382
342
56
37
467
139
221
455
405
301
320
471
396
143
218
56
201
401
284
479
395
461
351
260
192
396
370
214
135
413
275
218
43
440
320
210
227
385
234
100
37
407
92
0
415
166
397
247
412
0
488
267
449
270
115
450
525
363
399
251
263
189
0
472
215
104
176
390
238
462
249
76
88
378
482
227
128
336
415
247
158
151
285
146
99
231
233
508
185
454
351
232
382
377
376
390
377
240
111
270
289
352
219
200
242
458
83
276
79
19
176
48
312
363
65
178
140
383
182
231
254
139
363
0
37
225
403
26
211
363
211
228
393
158
79
488
336
357
240
178
132
67
152
243
479
106
459
234
329
21
351
449
436
294
145
0
351
209
0
362
36
409
525
416
416
213
170
123
506
485
372
0
179
318
168
532
68
85
382
132
89
86
401
205
413
100
424
319
210
369
269
433
45
175
181
383
383
485
529
382
334
303
21
378
284
61
164
439
209
131
237
338
543
327
62
66
279
239
354
347
0
82
316
58
290
455
278
537
260
286
155
231
372
234
256
307
105
174
115
129
489
280
399
19
409
26
88
105
95
120
126
73
509
357
244
293
173
469
157
319
268
148
0
490
259
84
419
216
191
454
300
111
442
74
317
105
352
184
99
309
81
185
186
440
309
72
208
475
131
37
459
449
323
48
439
490
312
198
273
354
303
132
42
0
451
59
149
404
332
215
141
23
164
280
336
43
191
370
398
320
105
488
338
294
105
210
426
190
441
415
226
234
383
321
289
76
387
54
452
236
113
149
30
416
313
207
200
63
497
418
106
177
40
302
148
113
91
308
0
366
117
299
159
0
340
385
156
123
113
391
468
112
144
414
533
401
113
252
363
461
523
44
41
272
349
0
25
226
171
374
310
310
262
145
99
507
306
142
481
494
370
297
179
360
112
332
44
0
149
359
349
0
485
49
424
487
476
208
99
134
285
473
205
175
204
49
122
121
283
122
198
0
132
398
16
177
418
139
282
321
353
147
408
0
394
19
64
48
344
38
152
91
544
351
189
410
514
51
192
65
318
477
469
476
380
336
124
272
382
291
369
177
404
51
41
386
196
323
377
212
357
36
65
394
307
149
48
358
183
530
171
443
87
294
401
354
445
138
452
259
408
0
444
89
146
23
284
203
412
120
284
460
26
45
391
437
250
130
90
296
207
147
95
413
117
87
70
420
417
127
310
379
430
281
424
51
234
201
116
105
445
180
198
320
35
399
225
477
293
381
352
119
317
322
216
371
139
191
260
305
307
146
180
493
27
17
362
414
417
0
428
102
275
393
83
221
118
426
343
531
284
206
387
153
336
460
277
158
212
469
395
43
200
116
312
377
301
172
202
16
279
487
469
400
261
101
145
36
24
133
92
475
377
120
218
220
371
298
18
469
102
386
353
333
