115
219
14
86
11
215
212
33
101
164
158
233
139
218
218
103
152
200
75
235
134
194
25
120
25
93
106
0
203
233
142
112
219
28
183
27
135
169
192
71
183
170
197
162
252
100
70
177
50
100
86
267
93
102
183
9
37
222
152
62
65
18
189
241
177
32
21
188
213
227
57
126
188
118
21
40
45
107
161
265
75
199
9
75
128
27
70
63
230
33
167
141
17
43
25
223
13
128
136
141
25
94
38
27
0
27
41
68
209
106
159
113
19
291
224
187
32
191
204
8
30
64
229
63
135
149
142
113
43
251
0
126
293
66
25
259
117
117
99
217
257
23
87
95
188
243
73
109
45
123
219
47
98
183
166
247
51
224
205
98
33
148
35
147
193
60
56
126
198
80
140
263
158
17
196
132
51
131
37
147
27
108
99
195
174
209
208
244
101
98
172
163
38
39
66
136
260
13
55
58
137
10
147
241
200
180
160
51
234
247
46
216
247
209
231
12
80
39
97
13
221
160
150
48
205
84
74
136
206
18
134
182
127
108
136
16
64
195
128
61
86
41
140
131
152
218
166
114
0
74
25
74
253
197
181
216
166
46
105
34
21
256
153
176
235
16
49
108
139
30
215
68
190
254
190
235
35
81
97
240
103
187
0
122
217
57
259
156
130
102
253
219
65
106
49
103
105
240
176
180
97
137
147
122
232
126
164
127
188
205
207
19
89
82
183
188
57
186
216
137
131
176
140
229
193
70
7
175
96
260
233
96
80
85
122
109
141
196
39
70
244
149
222
243
202
60
244
173
141
210
56
193
3
161
13
88
156
153
229
21
230
158
83
231
43
190
218
70
96
122
198
198
46
0
14
277
8
36
221
118
7
234
251
106
189
185
151
95
67
94
63
81
48
98
186
15
25
99
98
113
31
225
201
8
70
237
152
254
89
21
48
145
131
37
160
194
114
70
196
220
133
228
0
0
265
190
77
20
250
111
52
196
131
104
63
208
95
45
182
58
170
208
171
127
206
295
108
85
165
162
156
236
132
208
137
103
102
83
68
164
178
190
208
50
205
126
169
79
248
212
15
108
136
232
117
230
72
80
84
116
63
15
56
190
136
102
1
25
199
211
67
39
273
197
43
16
14
238
193
194
206
56
197
7
63
30
16
143
157
168
259
248
95
248
36
105
10
163
13
173
37
101
169
55
209
73
220
234
52
192
146
140
43
152
163
126
15
207
147
210
75
154
79
240
253
177
61
108
178
16
85
43
6
152
152
132
136
201
66
250
13
15
69
60
69
10
40
252
39
206
136
76
130
104
145
214
105
90
69
254
276
90
50
146
88
245
152
90
151
0
63
82
24
39
240
157
202
16
166
112
190
70
157
119
82
137
22
213
162
125
220
179
195
209
65
70
277
259
259
110
177
190
195
133
136
226
200
88
193
233
134
106
183
126
219
43
49
91
130
229
0
117
105
181
143
73
197
262
41
77
175
151
216
242
179
180
218
99
249
0
68
244
29
127
0
111
144
260
141
70
148
184
125
194
226
96
0
5
30
156
120
279
172
29
46
61
97
167
11
205
189
26
231
164
144
153
75
125
140
153
175
15
66
255
118
179
174
106
24
215
71
174
52
272
107
136
199
27
69
79
121
244
187
158
139
15
27
222
97
193
203
175
79
151
133
192
92
153
263
43
103
98
55
244
249
75
207
234
69
30
208
113
235
177
257
155
71
265
233
55
143
194
179
223
80
13
175
30
207
68
156
36
241
159
186
179
110
251
173
0
53
109
41
117
22
144
13
31
96
198
58
216
46
20
38
215
111
134
177
135
207
116
24
159
88
110
110
165
36
251
30
169
146
46
185
93
111
181
67
212
222
204
206
229
238
135
39
93
196
113
218
195
51
140
167
14
233
120
93
152
57
190
36
18
184
213
25
160
95
211
91
109
54
144
28
212
141
50
208
192
225
178
236
149
57
216
47
65
23
198
256
271
210
193
283
48
180
272
117
75
250
94
238
238
204
151
105
22
211
92
135
228
175
16
10
100
216
229
13
235
250
197
116
251
204
230
147
196
43
10
80
9
170
288
36
34
254
24
234
178
69
234
44
54
238
71
230
33
214
188
110
92
94
129
35
0
48
185
171
36
147
50
8
245
139
171
163
232
173
180
24
191
186
130
129
199
76
118
127
131
0
116
98
240
111
133
203
175
237
246
221
72
44
57
257
148
239
103
206
206
53
251
170
196
285
21
178
104
110
30
215
55
220
176
185
85
263
172
156
243
76
178
222
209
61
87
46
140
212
45
253
0
265
154
176
253
94
104
14
153
76
225
231
224
189
267
0
36
45
266
67
72
141
124
116
12
164
127
15
213
86
73
0
37
167
56
203
264
206
165
9
14
246
92
36
180
274
222
106
57
191
122
98
280
138
179
263
121
207
86
51
201
146
230
67
57
162
78
252
29
126
245
123
43
228
38
66
145
62
23
148
45
79
109
238
257
23
18
209
79
73
222
41
212
222
160
154
66
104
189
249
117
169
45
37
57
196
50
210
167
61
27
0
132
274
85
54
113
220
62
298
72
207
220
177
133
145
126
257
148
82
238
141
149
146
278
149
97
205
32
46
37
152
91
194
262
130
209
249
76
0
183
250
178
45
27
191
106
189
81
134
39
206
44
83
268
77
81
69
208
218
37
119
176
249
34
227
145
75
259
123
199
223
14
209
137
238
32
224
218
236
159
273
42
156
43
144
174
156
158
195
16
214
102
124
123
156
93
161
56
202
64
46
45
38
50
153
99
25
136
138
245
33
136
178
211
204
173
88
281
211
87
38
256
151
44
93
66
215
168
236
129
259
157
23
103
43
101
0
242
0
243
207
116
157
161
102
253
157
281
144
0
115
201
212
110
165
167
171
99
125
88
22
103
249
48
45
31
80
228
227
54
262
44
20
59
210
59
184
181
148
0
131
219
145
217
12
192
41
193
30
145
46
86
165
158
142
230
181
220
20
209
241
245
188
257
176
79
205
256
217
58
99
227
173
12
93
62
32
11
224
197
33
190
226
90
135
120
60
94
149
280
234
102
195
76
197
145
73
132
215
112
129
174
156
56
54
0
10
36
157
237
191
10
85
32
162
157
48
52
7
150
260
91
263
176
133
134
93
195
182
59
34
82
127
32
191
228
182
130
213
29
33
84
145
46
242
104
71
99
0
116
130
197
255
32
221
127
113
147
145
72
217
208
228
107
164
123
16
131
217
274
92
247
80
248
31
130
57
178
62
120
190
13
225
27
81
42
233
222
38
187
25
212
85
148
129
258
100
231
199
262
18
84
143
0
124
119
0
88
229
134
239
79
147
5
228
92
231
270
102
25
185
256
0
188
84
59
169
205
169
127
244
168
263
258
171
143
0
136
69
121
117
84
42
153
83
42
91
118
245
165
30
32
108
198
163
180
215
50
44
241
89
91
250
167
41
66
243
115
20
140
126
155
217
243
37
67
109
203
13
214
99
237
82
202
141
213
91
110
131
143
59
178
97
160
61
158
85
44
104
70
192
73
172
150
194
192
110
86
214
96
142
69
68
110
159
223
22
102
136
74
34
110
179
60
59
83
129
79
260
209
136
138
110
172
52
118
97
221
156
94
102
234
241
252
0
214
261
42
131
145
73
202
12
63
150
206
67
54
115
36
264
216
7
61
146
154
9
49
173
123
78
151
234
89
172
186
170
34
241
60
35
120
90
94
166
31
20
25
70
193
192
182
41
117
130
243
161
228
28
233
47
76
47
64
83
226
58
229
62
84
162
56
249
181
65
125
194
116
255
102
217
161
36
38
150
241
206
241
123
74
257
113
134
141
80
116
60
117
189
293
96
88
90
127
216
303
241
44
190
185
123
49
6
44
219
70
110
83
209
143
16
144
149
131
118
18
52
111
60
59
74
279
66
50
27
13
42
95
245
253
21
81
70
163
294
48
172
189
0
180
201
72
44
67
75
101
17
244
57
165
222
198
91
122
250
0
266
14
29
229
69
254
82
66
124
160
218
117
213
59
46
87
50
0
167
230
215
111
45
235
142
222
129
41
78
182
170
94
218
12
157
60
245
208
0
25
167
223
230
211
105
52
146
260
82
93
195
85
137
33
223
254
217
240
152
0
25
181
66
43
95
33
198
55
215
198
141
206
168
49
61
130
15
139
216
33
51
214
0
154
44
135
90
69
197
27
70
139
70
241
8
130
195
266
107
238
68
136
153
160
107
70
93
184
270
181
90
18
63
18
209
113
