701
767
767
768
718
765
767
680
696
771
714
681
708
696
668
738
669
718
644
695
715
698
730
714
674
773
694
727
724
708
701
708
767
686
702
706
767
713
691
771
672
770
707
668
701
740
703
655
718
735
724
730
713
707
706
694
705
769
721
771
707
721
725
764
769
711
653
708
717
729
774
708
717
770
725
766
704
766
776
693
666
768
767
768
699
780
715
704
711
716
723
704
674
775
773
643
771
727
700
721
703
717
683
657
655
770
768
694
704
716
766
673
708
652
707
699
701
728
732
712
720
738
703
715
721
711
700
708
724
766
718
704
722
725
694
694
720
710
766
763
768
713
668
637
728
669
771
672
716
768
716
690
659
764
771
720
772
710
675
721
664
769
706
723
704
703
737
767
714
712
719
706
764
696
714
773
775
655
698
772
731
683
736
670
704
719
772
692
722
719
764
732
667
723
769
684
769
732
764
714
723
724
703
716
684
770
702
703
713
686
714
718
676
772
725
685
736
773
772
701
705
735
711
766
680
721
713
700
662
763
734
727
671
771
692
719
714
658
734
683
711
693
711
672
648
723
676
668
711
769
741
707
695
709
764
705
684
701
773
734
692
766
731
765
697
663
710
726
714
718
771
701
695
767
712
724
707
689
762
722
659
691
688
676
712
704
761
668
639
743
776
716
730
769
671
736
659
717
706
661
770
770
692
679
721
731
774
762
727
724
738
730
715
666
729
767
697
724
704
722
686
687
726
712
661
722
649
663
767
703
731
707
722
722
722
725
662
713
730
778
716
710
769
659
763
721
715
716
669
732
695
766
708
661
706
711
767
767
722
735
709
720
716
706
683
704
667
719
766
716
706
709
715
688
705
707
708
703
708
712
726
722
729
717
647
710
712
770
768
715
771
768
764
703
712
771
711
670
762
706
671
706
703
671
718
730
653
683
723
695
709
705
768
723
698
721
670
715
734
711
689
770
681
699
708
682
716
741
730
704
678
762
707
700
736
704
712
666
719
717
712
664
766
726
656
721
715
728
717
771
763
724
725
763
694
765
731
710
730
678
660
716
766
687
766
771
712
695
717
715
775
707
695
730
696
710
705
770
711
763
692
725
701
678
693
768
714
721
771
708
769
718
710
775
660
700
664
704
764
714
711
657
699
719
764
716
770
773
689
712
678
712
708
775
709
721
717
691
667
773
712
676
736
663
721
773
728
773
721
777
688
701
774
770
679
719
695
692
724
766
726
716
703
690
722
688
726
728
721
711
714
668
735
717
717
697
716
704
681
766
733
730
726
716
721
702
770
717
730
709
685
715
761
686
724
719
728
686
713
678
669
709
772
713
716
694
718
736
706
709
716
700
708
700
771
744
727
766
703
740
723
774
731
718
716
707
728
730
727
770
726
704
727
715
723
727
712
691
706
700
692
708
667
668
724
713
666
675
771
697
767
657
714
715
709
721
706
768
770
766
722
765
712
735
724
737
730
735
712
733
703
764
713
720
687
722
671
719
764
694
714
665
765
675
720
690
666
770
722
708
766
711
718
722
722
650
697
654
769
719
695
693
659
699
705
711
703
683
765
682
772
710
768
769
696
671
773
715
721
776
706
708
709
714
706
716
767
723
718
716
687
659
714
713
714
713
704
701
765
713
690
676
724
694
716
688
774
703
711
763
718
659
719
721
727
688
673
690
777
769
677
777
700
702
701
767
703
702
702
725
665
706
703
776
770
727
696
716
767
733
648
714
726
721
769
723
696
696
699
730
696
719
704
769
734
662
727
724
714
769
774
718
679
704
709
763
723
730
716
719
707
725
721
717
771
720
713
765
674
728
722
768
687
704
679
771
711
695
703
702
707
778
704
720
721
699
712
664
711
716
704
716
769
709
727
721
731
707
711
728
722
700
711
716
716
716
719
721
729
772
685
728
705
732
727
716
721
769
654
674
671
676
688
699
726
706
777
694
725
705
718
668
737
713
728
724
697
719
648
704
715
684
698
686
705
714
672
728
682
716
770
686
685
706
714
730
728
739
701
766
696
726
738
772
709
723
693
769
719
708
684
717
764
766
671
721
775
673
770
703
731
698
702
715
691
700
724
665
719
694
772
715
729
701
713
774
676
762
731
765
691
760
770
706
700
769
721
694
658
726
709
704
711
694
676
714
731
718
688
770
730
719
706
688
763
665
681
760
719
700
730
695
706
704
712
721
663
676
694
712
657
722
742
770
702
704
724
702
704
720
725
768
672
707
769
669
768
763
680
714
767
663
662
722
713
706
768
707
658
685
770
714
713
698
726
743
647
701
730
702
692
768
714
669
702
694
699
698
701
706
674
734
716
702
707
710
699
769
719
731
679
704
710
720
722
714
726
768
733
649
726
684
715
723
713
769
681
763
718
771
712
728
702
770
729
703
764
731
705
769
700
718
769
664
765
716
692
719
668
716
672
725
686
769
718
730
663
678
727
686
719
766
722
669
695
733
778
695
653
770
707
669
714
719
710
718
692
703
703
767
717
726
667
716
703
657
768
770
677
697
699
710
711
692
764
775
664
769
732
669
717
708
728
708
695
699
719
710
767
768
709
770
773
677
698
767
692
736
741
700
764
684
764
680
720
768
682
671
676
727
726
669
716
718
681
729
692
705
713
692
727
763
725
733
678
700
715
704
694
704
657
659
711
726
701
700
701
717
650
712
770
662
712
655
712
710
770
715
688
643
711
714
669
729
735
669
712
776
699
658
715
684
669
654
733
724
702
730
726
766
722
714
712
680
700
777
712
721
667
723
734
768
719
769
770
693
725
654
757
688
765
659
769
714
727
709
715
708
718
716
719
708
707
703
672
697
707
714
771
772
673
710
668
718
769
716
766
719
772
726
721
718
722
699
681
648
702
769
775
775
675
653
727
723
768
680
691
694
719
771
712
718
712
672
704
679
705
678
687
692
767
712
721
706
688
765
670
699
771
771
732
726
767
727
768
737
711
765
775
769
711
706
727
703
730
691
682
716
739
701
713
716
700
763
725
713
779
732
769
717
712
715
666
687
717
656
646
727
718
721
704
767
741
693
671
765
672
728
666
730
721
727
717
772
719
690
711
713
694
692
765
728
725
709
771
727
734
714
772
707
717
700
735
766
697
729
771
709
720
706
769
726
728
768
711
696
719
720
695
659
713
717
706
670
717
663
727
699
698
648
688
728
718
733
719
712
717
677
720
768
731
767
766
718
737
716
672
681
766
703
764
775
667
770
775
722
718
694
728
674
728
696
706
712
774
717
678
716
699
669
734
715
771
713
671
709
765
726
695
776
732
704
697
690
724
718
667
764
769
681
716
724
710
728
772
715
669
695
718
733
716
705
712
676
718
734
723
767
714
718
768
714
725
771
671
690
701
774
716
715
691
734
656
693
725
692
702
733
730
723
668
771
756
729
740
734
727
724
697
662
725
774
692
708
726
773
771
707
681
693
771
715
689
766
718
728
722
775
705
708
724
728
693
776
706
734
718
724
720
774
701
735
717
686
716
764
761
714
706
710
769
766
714
710
719
678
739
770
775
680
682
739
771
703
769
706
694
707
765
704
710
699
698
663
693
638
763
692
706
659
773
671
716
668
684
713
718
700
717
700
767
671
768
769
714
710
668
769
771
717
718
702
712
776
649
775
691
684
704
760
704
719
725
733
675
734
721
767
714
708
771
765
767
765
715
766
775
717
704
724
724
719
718
688
717
711
734
705
713
699
676
720
720
766
712
733
719
658
652
728
774
733
713
768
771
775
695
717
707
719
718
764
679
715
734
676
719
772
717
661
727
716
703
711
720
729
770
767
699
714
766
672
769
724
687
722
767
771
699
676
764
668
718
721
711
711
660
708
733
707
762
713
664
680
735
765
719
686
772
705
691
763
718
726
704
697
724
657
714
708
711
715
645
717
670
701
772
769
773
659
725
702
722
693
767
705
735
695
726
708
712
773
717
766
716
733
708
665
772
723
714
650
707
723
671
693
694
727
757
677
730
717
724
721
712
671
737
771
716
701
728
769
723
773
731
725
765
657
673
701
715
705
676
722
715
707
708
716
724
772
772
771
725
679
695
716
700
769
695
727
660
772
678
729
684
766
685
772
710
714
714
652
678
708
768
703
705
726
651
771
731
711
710
701
669
686
764
724
735
765
680
742
675
707
732
715
659
708
729
710
721
765
713
669
706
705
769
713
728
686
765
720
705
680
728
767
722
730
667
770
721
772
684
674
694
736
765
715
703
771
710
740
711
732
771
648
719
728
711
717
726
732
709
719
769
703
707
763
668
720
676
723
774
776
769
707
708
771
701
712
723
729
737
692
712
721
733
691
719
734
706
764
716
711
731
717
723
769
728
706
708
718
705
720
728
697
715
694
769
655
711
703
735
696
680
739
715
769
656
700
772
734
720
768
732
714
723
689
697
671
707
705
722
692
699
769
763
707
700
775
659
695
666
728
690
761
718
658
726
658
707
697
698
727
719
710
704
665
699
725
731
771
760
768
774
726
731
703
721
722
657
718
769
701
712
768
704
722
717
699
728
717
697
733
727
705
667
770
715
699
719
710
697
697
773
714
660
766
706
772
728
768
724
715
675
725
719
705
714
726
714
736
722
690
664
704
726
769
730
700
709
685
706
726
696
711
689
703
711
712
711
723
704
729
709
724
771
728
721
691
712
772
769
765
768
686
688
731
734
688
713
663
711
774
763
698
701
700
710
691
769
716
730
702
716
716
769
670
770
732
721
764
733
719
670
768
700
719
769
712
696
706
702
772
650
710
719
734
711
664
681
698
710
656
764
703
726
725
711
723
725
770
651
764
722
730
719
776
771
774
696
708
673
733
768
710
707
680
703
763
769
663
700
707
691
723
707
677
691
766
762
728
769
705
770
718
709
685
726
711
775
661
762
702
768
709
656
767
707
712
765
719
711
768
735
658
714
712
770
640
718
777
688
770
659
725
768
723
708
728
766
722
717
701
696
708
724
709
715
658
697
720
656
711
723
698
685
733
766
704
720
703
715
670
728
720
769
770
677
715
713
763
711
704
708
725
708
718
713
677
730
699
696
711
700
691
693
696
698
674
703
727
720
713
719
762
659
678
711
731
728
696
725
711
693
765
721
722
728
707
741
662
720
720
709
746
727
648
704
680
690
730
721
685
656
725
651
697
715
680
695
776
696
710
719
666
669
695
713
772
717
739
726
722
720
758
734
724
720
774
768
720
713
720
726
659
761
708
707
725
665
710
728
769
706
720
747
690
669
692
703
701
711
719
717
709
690
670
713
673
771
720
727
680
776
658
710
719
713
722
766
699
719
720
740
669
769
721
698
710
718
706
709
770
729
768
770
702
691
653
685
665
715
764
768
711
649
768
709
732
725
668
773
667
703
719
716
772
699
710
706
707
726
717
671
712
712
766
770
687
680
724
739
771
705
658
707
773
765
723
713
708
674
666
762
700
704
734
712
676
725
662
713
725
684
707
665
691
723
731
765
697
768
736
770
726
771
711
712
685
744
718
741
704
711
762
711
711
684
698
772
702
720
770
768
691
766
724
719
718
732
651
714
708
767
714
721
666
700
732
726
723
770
697
707
725
723
773
701
667
698
709
768
666
705
696
657
714
695
770
728
725
722
720
696
724
704
734
703
694
728
707
707
707
675
696
691
714
720
668
709
695
674
716
700
723
727
716
683
678
719
701
765
741
725
694
728
707
723
775
774
700
716
769
710
711
769
725
680
771
709
685
687
668
772
731
701
720
702
706
708
768
720
717
770
670
711
719
720
677
718
651
722
699
731
703
772
738
726
722
712
710
770
765
651
680
691
723
697
699
768
766
772
723
660
763
718
732
725
730
716
732
726
714
706
668
766
700
736
693
711
723
647
765
669
726
692
719
690
702
705
708
676
673
767
704
714
709
683
708
724
659
772
772
774
703
769
727
714
678
714
713
704
724
721
725
714
763
688
723
766
695
720
766
767
665
768
694
708
734
703
730
773
715
715
765
776
660
678
764
724
700
771
723
673
714
778
719
768
728
712
638
670
722
772
673
691
772
681
732
716
726
719
717
675
712
715
653
727
723
716
768
701
716
768
686
708
718
648
709
669
704
764
716
765
726
680
725
680
730
771
695
707
694
766
687
710
771
769
718
738
725
731
721
718
772
715
714
721
771
703
718
691
706
715
715
682
692
714
713
711
718
670
667
706
733
720
738
732
726
704
771
765
713
714
773
729
661
721
703
729
668
695
698
772
702
731
713
707
723
715
706
715
733
732
704
721
714
743
764
721
697
699
714
728
714
772
762
697
707
764
717
726
721
771
713
771
651
724
769
703
773
762
717
697
703
701
767
776
679
767
725
709
701
730
771
768
715
653
722
721
703
729
769
731
717
711
723
708
723
706
722
698
702
771
709
769
768
714
701
731
706
683
657
725
705
708
704
694
696
769
726
668
674
723
678
709
769
722
768
772
703
725
776
704
708
737
700
720
710
767
712
716
672
695
738
671
722
716
713
768
705
722
721
767
728
709
710
720
723
697
695
661
707
718
700
770
731
769
651
768
769
768
675
702
771
670
721
670
766
670
711
707
717
698
715
730
704
712
660
662
728
765
711
652
711
770
766
730
714
723
769
650
706
759
691
713
724
683
721
774
708
653
766
704
702
680
686
691
734
687
716
713
722
701
727
723
766
657
714
732
777
686
734
714
771
707
733
669
759
767
717
719
692
729
698
672
718
713
728
705
767
714
730
713
734
659
766
710
766
710
736
764
669
774
696
688
766
704
644
712
722
710
772
702
699
763
765
728
718
713
682
768
732
713
724
674
724
711
737
771
711
673
723
696
695
769
723
684
725
705
731
773
708
675
767
732
696
771
704
703
697
703
713
771
701
708
656
715
771
733
726
772
721
707
697
657
722
704
733
679
700
685
707
710
702
725
693
689
772
671
720
768
735
670
722
770
720
717
689
772
771
730
722
705
695
719
667
719
707
764
711
707
714
713
726
707
667
666
713
728
772
726
769
722
702
725
729
725
710
767
711
696
721
712
661
681
676
681
669
653
774
697
656
713
726
706
718
726
725
711
779
734
722
708
768
772
716
669
692
703
739
772
712
696
705
707
726
766
719
709
698
658
663
699
731
771
774
773
718
703
710
719
718
762
739
764
771
716
703
717
667
718
689
718
704
724
716
720
671
708
700
697
707
764
693
682
725
718
681
740
704
677
771
711
724
731
702
684
698
698
727
767
686
735
720
726
764
699
686
672
729
765
673
722
642
718
672
719
655
728
704
716
717
722
780
769
768
705
712
726
719
716
686
727
721
695
665
742
698
689
705
683
765
675
765
702
728
707
773
729
776
773
767
681
696
689
711
691
774
724
713
771
709
697
713
725
769
721
736
686
663
724
720
712
732
715
681
712
724
771
691
722
665
766
726
633
777
698
688
701
666
641
701
728
701
716
678
739
689
710
739
685
766
691
711
768
740
697
763
705
722
731
709
769
709
694
725
707
716
733
710
691
707
694
704
662
715
715
711
700
730
719
678
675
706
769
712
768
713
718
681
691
700
676
706
715
679
763
709
683
715
764
706
650
703
761
674
730
722
689
702
710
726
766
694
769
681
777
732
728
722
672
777
709
664
713
690
717
716
689
694
741
714
675
706
711
767
776
771
767
734
723
700
726
670
708
667
771
774
771
689
670
775
707
665
697
728
772
698
701
709
767
694
693
715
709
702
770
706
673
726
776
717
700
766
724
710
769
731
702
708
719
771
690
729
766
686
717
695
707
708
709
770
695
763
699
705
761
694
717
772
668
739
729
725
769
719
727
680
691
770
701
698
697
710
707
718
718
725
712
768
717
762
769
712
734
680
727
664
720
742
702
705
712
723
721
689
722
712
713
725
686
697
724
720
711
729
703
704
732
711
698
771
746
775
671
704
710
722
678
771
724
767
766
719
685
722
657
714
704
712
730
772
729
699
723
708
720
737
767
702
703
719
770
711
710
707
680
716
709
745
713
723
766
725
711
700
764
698
711
715
717
705
716
730
717
771
706
730
767
718
773
727
666
768
763
711
713
712
698
668
699
723
731
675
711
724
705
766
708
697
723
671
674
691
703
768
774
719
727
714
709
722
704
716
740
706
702
703
692
722
732
718
712
714
714
666
770
765
711
711
727
715
684
719
762
712
771
689
768
719
709
693
761
681
707
700
677
713
716
727
721
735
769
725
707
727
703
741
671
714
717
682
722
764
704
711
728
717
700
714
691
726
679
690
705
775
708
729
733
704
769
766
719
707
713
773
679
668
691
688
734
773
697
722
692
710
702
771
772
766
718
771
726
665
702
711
703
689
707
722
679
769
734
707
696
720
701
671
652
712
726
696
733
700
708
713
769
764
725
716
703
720
694
773
733
701
706
658
704
779
704
649
677
649
721
691
692
673
773
772
712
731
674
657
666
709
715
719
715
663
764
709
711
773
699
766
716
675
772
725
704
696
732
726
730
700
740
713
699
703
737
719
722
774
693
724
654
706
724
724
663
692
722
772
721
769
765
714
776
716
679
669
723
708
722
699
770
730
705
772
705
706
766
707
769
772
767
685
674
716
728
724
681
676
768
728
732
683
763
725
726
707
723
775
713
707
735
702
721
767
764
672
769
652
717
696
701
654
711
737
719
732
719
766
772
680
730
722
721
655
693
693
683
716
657
718
712
666
737
772
729
666
768
688
713
655
767
677
689
723
690
695
707
707
662
656
776
679
712
679
657
692
769
695
708
711
736
672
696
671
770
683
696
714
663
681
774
687
772
708
706
699
706
654
767
660
720
714
662
720
722
737
747
718
694
664
718
769
662
704
762
699
772
677
770
682
704
734
766
691
708
670
768
693
673
703
766
699
724
724
734
769
763
680
719
726
773
763
773
762
723
697
720
712
710
773
645
766
719
773
712
681
715
709
644
661
720
731
702
696
661
774
732
764
720
710
657
693
697
672
712
695
714
672
774
698
680
691
767
725
734
705
725
765
732
708
740
707
708
765
772
767
678
717
720
695
729
715
718
730
711
766
705
726
710
714
701
765
770
725
670
687
707
702
699
703
727
701
724
663
681
766
730
721
716
703
713
696
675
771
706
703
706
687
708
705
690
711
668
719
698
712
729
703
664
767
680
666
701
765
713
694
686
704
769
720
687
711
735
665
683
683
769
702
761
667
706
725
671
724
712
656
708
710
658
670
766
705
703
716
704
734
720
700
713
696
705
731
713
774
708
692
746
666
774
716
704
721
683
682
775
763
721
774
732
703
776
715
708
677
723
771
668
699
704
656
684
739
765
719
740
717
713
718
770
719
707
671
721
773
676
699
720
723
651
723
770
728
761
719
696
677
723
716
718
682
689
714
775
703
715
772
707
697
713
725
702
709
698
720
694
769
734
719
728
706
718
694
725
712
667
722
733
720
736
771
764
687
715
771
694
707
707
771
714
679
704
712
725
676
665
670
714
764
669
728
692
728
722
723
689
715
719
680
677
709
719
728
720
770
722
716
711
702
698
730
682
666
760
636
724
767
712
729
770
719
765
726
699
691
665
718
712
726
664
771
724
727
693
705
686
717
704
772
660
768
727
730
713
727
717
711
772
715
723
721
707
667
776
663
723
727
761
727
705
676
766
731
707
711
702
716
736
728
765
718
773
664
699
717
704
731
667
702
766
776
658
665
711
711
708
673
676
707
699
650
746
691
652
726
775
710
700
774
662
718
719
663
703
723
735
763
698
726
713
664
661
721
703
707
715
762
778
717
770
691
708
673
715
720
664
766
664
675
722
692
725
763
694
688
697
704
732
735
693
725
733
718
693
709
770
690
690
717
711
700
725
734
733
722
738
712
701
693
738
726
718
665
727
722
705
653
727
732
735
696
679
679
713
769
660
717
769
720
774
720
767
665
698
657
704
704
678
670
684
723
701
685
727
771
698
717
729
712
706
767
719
730
777
731
764
747
728
730
699
768
712
708
689
690
717
776
698
767
696
664
709
702
701
706
712
673
728
666
716
709
698
723
698
766
714
669
711
739
763
724
724
693
695
729
686
701
685
718
722
668
703
776
765
707
710
725
711
705
693
733
768
777
717
716
766
665
669
708
715
718
772
707
735
713
667
733
706
702
770
739
710
705
698
736
730
713
719
695
681
690
689
722
713
679
767
684
768
721
767
769
715
702
712
697
712
702
734
745
712
712
718
729
759
722
708
723
702
717
728
699
714
710
692
733
717
713
658
719
768
670
681
769
703
694
692
702
717
698
728
700
662
734
711
771
764
719
710
682
700
708
732
696
705
731
688
767
716
703
770
701
720
727
698
717
769
666
717
695
767
731
726
694
671
724
709
723
722
732
769
773
731
661
704
722
711
735
774
721
724
719
723
728
670
728
710
695
713
668
720
661
698
772
681
733
770
770
716
713
734
690
700
704
711
727
770
696
726
705
726
713
775
712
770
701
765
768
724
723
707
714
771
714
722
772
717
722
706
694
733
735
718
683
722
762
707
683
705
773
670
694
722
727
715
661
706
717
697
712
689
719
675
656
721
688
767
710
715
714
739
695
694
771
687
701
727
696
658
689
724
770
766
700
662
666
720
679
698
711
732
679
727
769
713
705
729
768
723
731
670
724
774
770
718
764
709
709
715
724
699
771
686
699
661
696
695
688
705
728
718
708
724
718
658
703
691
655
723
713
761
706
713
709
711
764
691
767
727
706
714
773
763
693
685
768
724
726
666
711
710
663
716
669
668
716
770
717
724
672
725
773
775
741
669
712
769
707
678
700
762
671
719
719
662
722
727
711
710
769
716
723
718
703
714
718
727
689
709
721
722
650
681
688
666
736
694
730
717
725
719
714
715
715
711
768
771
709
735
769
686
731
772
717
649
689
708
713
718
769
729
705
708
721
761
706
771
730
772
674
701
694
772
684
722
719
700
704
708
720
742
718
766
718
726
765
725
768
707
712
719
725
704
712
728
699
727
717
659
714
708
736
725
710
710
730
725
708
698
776
708
736
769
721
772
733
705
714
728
707
681
646
667
679
734
690
707
705
729
709
703
683
772
686
713
669
709
706
714
716
698
701
722
660
687
673
716
666
713
685
709
724
728
670
710
772
700
703
766
731
766
648
670
766
711
714
777
697
646
663
714
724
646
671
719
764
711
729
661
729
769
768
702
766
767
713
643
722
700
704
705
734
726
697
686
680
717
708
732
695
769
766
726
734
707
655
720
711
729
702
722
713
668
704
771
705
769
773
707
734
775
715
712
661
766
708
776
704
713
663
724
724
695
761
690
727
676
728
767
723
681
718
663
682
