290
375
218
361
249
30
157
230
170
351
280
0
58
229
272
389
70
361
206
256
385
79
149
254
346
193
111
245
237
399
189
420
181
124
342
317
385
166
197
96
360
133
398
308
426
28
127
249
282
15
127
332
145
276
405
317
38
155
209
299
129
460
184
101
259
413
31
139
96
213
140
387
286
106
400
119
331
137
0
223
338
348
193
99
112
82
13
17
285
31
69
219
361
287
244
96
297
204
343
246
288
316
297
275
176
0
106
221
384
371
104
434
185
123
157
383
123
283
267
319
400
39
206
340
362
345
94
46
48
121
81
241
259
233
46
222
165
69
421
34
84
230
56
328
320
22
152
56
179
138
291
79
289
248
188
408
337
337
239
284
251
210
154
41
388
391
21
392
87
290
169
399
282
341
76
153
297
79
134
75
387
41
0
360
207
224
67
0
215
377
198
192
191
207
214
88
384
203
27
278
314
233
97
272
332
210
390
314
126
161
389
265
27
46
367
183
344
315
160
257
209
344
385
99
253
196
436
277
116
327
166
372
101
404
16
129
320
49
201
203
33
371
257
0
225
396
294
447
371
266
323
349
393
114
352
183
424
142
0
0
363
304
103
17
110
332
381
407
335
65
100
327
282
202
247
105
23
163
50
406
262
337
24
76
83
60
163
216
283
242
47
411
80
402
14
263
79
247
88
265
194
26
304
66
76
238
153
422
226
260
293
357
360
107
67
44
219
394
393
12
117
328
0
277
177
360
270
143
27
299
391
275
272
36
241
113
38
201
78
220
288
226
253
0
339
384
182
353
163
32
177
253
309
35
377
247
324
367
225
146
312
151
110
160
309
0
390
431
337
309
138
105
329
262
93
314
82
336
207
62
296
241
346
77
129
288
132
314
68
311
123
435
377
141
133
341
139
388
416
345
297
314
0
243
246
299
394
185
330
80
205
272
60
232
152
205
339
157
63
240
290
182
310
248
197
315
239
347
21
261
286
103
14
102
101
365
84
243
119
305
124
224
269
14
36
275
278
202
434
113
41
439
318
0
227
100
233
217
93
117
347
408
255
327
275
48
349
31
113
160
315
367
395
346
322
130
40
31
142
364
367
381
379
0
210
173
158
99
369
393
247
148
99
377
278
259
45
329
135
37
374
208
355
374
77
254
171
48
304
114
280
306
15
410
214
354
81
391
308
253
247
125
0
171
122
76
81
442
130
297
348
332
169
356
242
128
62
416
148
322
104
248
244
31
383
50
270
145
58
166
299
223
240
246
115
387
399
305
374
264
239
20
0
160
181
350
133
14
365
106
76
162
405
337
353
369
63
248
256
124
146
220
127
158
443
275
246
162
100
326
399
194
0
76
202
316
255
398
83
449
293
192
72
209
436
323
231
44
306
0
204
231
417
124
159
312
334
138
15
334
428
138
244
0
139
428
373
279
114
433
127
69
311
56
395
282
114
0
185
389
403
119
127
374
86
417
293
393
330
170
0
384
57
76
193
92
57
375
298
288
405
137
261
188
395
116
184
347
310
367
151
87
40
167
90
58
34
77
320
258
346
357
52
272
185
48
72
408
254
296
330
141
40
0
35
90
107
0
86
358
260
231
235
265
177
97
314
142
22
181
149
241
231
412
405
280
355
134
396
254
189
398
438
253
357
253
20
415
26
321
40
171
415
210
269
279
138
340
60
394
346
196
45
386
241
335
130
296
54
373
247
366
54
316
124
168
247
183
218
126
14
364
83
323
201
85
92
66
86
0
124
329
114
202
346
0
449
60
65
393
410
127
125
125
127
65
432
377
386
221
139
335
326
298
357
258
233
169
216
306
175
415
0
224
206
304
141
189
190
364
134
179
354
176
421
239
251
295
382
347
52
315
23
325
196
0
333
104
115
110
372
107
377
70
147
123
17
424
202
246
264
182
253
134
241
245
9
252
240
206
100
68
398
224
22
175
93
99
388
170
233
140
299
395
206
234
238
60
144
374
106
207
330
229
48
55
344
144
401
322
137
233
324
222
170
382
146
111
255
87
56
323
321
73
222
82
397
68
144
307
183
398
266
344
129
287
304
384
282
259
54
41
302
87
83
342
298
393
250
116
22
75
27
368
459
380
0
103
133
338
286
79
136
161
255
282
238
152
351
217
115
168
190
152
101
278
83
436
249
71
78
44
44
408
241
297
145
293
253
19
43
116
86
58
80
335
76
189
233
194
462
374
411
426
351
298
67
428
395
163
158
400
260
84
429
235
29
64
407
388
267
435
210
17
150
34
296
251
179
219
382
265
226
160
221
194
139
397
0
148
397
139
407
0
288
24
395
65
280
391
63
227
23
210
136
201
125
151
146
358
229
393
71
143
351
152
216
305
197
255
362
269
247
79
281
184
43
282
313
26
169
252
185
261
180
204
128
176
248
310
363
337
87
47
73
49
312
161
318
135
246
162
220
380
410
196
324
219
37
301
65
209
113
427
16
106
107
281
330
335
276
261
416
14
355
337
223
108
30
455
41
83
149
457
237
42
100
231
354
83
37
235
27
297
399
353
126
52
273
439
171
78
256
77
342
375
50
156
0
285
117
117
309
95
212
368
376
21
307
453
303
384
228
96
294
19
130
261
428
28
70
174
330
234
59
135
207
69
233
243
369
85
209
164
54
90
267
306
78
179
216
266
231
394
435
298
125
391
419
17
189
243
347
249
355
90
178
160
104
372
269
50
223
140
296
350
217
138
421
162
265
112
402
38
214
227
33
17
326
335
40
349
118
376
102
172
171
332
291
79
295
324
164
415
82
59
252
222
295
384
412
77
203
171
143
0
58
439
174
0
93
219
452
321
10
467
174
213
181
55
174
447
291
321
423
211
421
199
384
88
112
248
289
315
286
421
335
189
158
413
38
226
242
139
32
352
36
126
309
317
68
418
68
228
359
65
0
55
115
22
425
83
86
48
92
328
327
72
97
32
113
0
233
379
47
371
63
201
444
81
342
311
97
262
249
0
423
123
0
354
322
191
101
367
52
188
283
24
53
118
31
259
338
370
109
444
259
251
63
176
212
318
342
155
325
397
64
375
435
311
320
156
380
396
277
281
365
187
197
0
277
198
454
31
93
148
198
179
407
405
98
198
23
259
24
287
218
186
161
73
379
146
358
192
299
303
307
365
290
130
104
124
65
351
118
254
68
317
92
427
218
425
433
254
412
310
356
107
22
227
304
286
22
282
183
239
41
77
278
177
316
93
62
282
321
253
197
145
328
402
308
181
134
377
201
330
93
0
238
225
292
366
406
201
412
357
345
0
410
349
122
436
30
23
76
148
364
221
162
427
30
484
160
123
321
381
277
223
136
188
388
178
336
147
385
254
266
34
184
407
413
207
231
424
31
149
54
121
194
345
201
320
193
267
384
