342
234
303
203
167
47
59
20
113
205
246
257
133
226
111
249
201
62
113
211
103
202
22
0
295
20
187
363
329
310
130
334
111
67
61
27
216
49
105
43
92
267
117
76
183
284
69
199
237
11
243
261
139
362
67
31
13
196
81
90
215
316
159
93
35
69
312
254
227
184
307
79
82
360
335
99
59
93
256
213
234
152
312
33
22
69
316
297
357
37
246
285
259
253
34
48
193
396
156
21
237
41
364
97
207
10
143
224
57
352
46
14
45
134
336
23
356
113
288
219
131
387
236
207
186
190
64
304
131
282
173
14
79
234
311
146
214
311
166
243
147
167
141
285
305
67
35
305
282
253
78
175
258
386
184
36
75
380
349
311
243
193
124
353
279
303
51
311
305
101
226
270
189
171
179
125
345
174
172
43
102
172
288
209
66
287
13
118
304
142
169
0
327
51
202
275
36
263
31
85
380
46
148
0
305
100
28
209
73
330
227
51
317
167
105
22
300
186
290
61
309
10
269
367
345
226
80
323
367
317
36
193
200
243
147
30
285
357
186
138
246
18
168
28
353
49
36
74
157
235
26
235
322
337
278
341
302
39
11
102
296
13
339
311
338
356
17
166
167
202
15
49
373
251
319
44
17
78
17
0
152
42
116
97
151
45
71
222
0
118
131
90
45
282
303
126
109
233
153
100
286
75
303
80
12
20
291
320
376
49
89
48
57
206
299
99
264
135
299
347
101
177
301
181
158
312
207
226
209
222
203
233
194
309
87
108
80
286
180
183
36
28
80
289
224
144
313
303
150
73
171
121
241
0
309
323
258
209
214
200
244
64
349
248
43
351
338
138
163
293
255
121
150
64
103
255
341
345
58
154
235
174
320
98
359
104
0
303
306
370
169
180
87
95
157
299
195
200
151
64
197
290
207
284
321
266
315
199
14
123
40
183
19
122
227
129
268
224
282
337
46
290
26
321
264
58
276
113
366
279
228
191
109
70
47
370
185
34
188
181
336
116
317
46
111
276
103
335
306
321
51
252
323
48
267
189
115
273
365
244
311
172
142
97
40
379
0
209
212
42
94
53
258
243
0
76
226
0
29
228
257
27
217
95
408
262
346
100
345
100
18
0
75
307
263
346
238
11
238
373
304
342
33
126
341
94
361
38
317
234
186
313
380
406
350
166
300
324
78
100
81
195
163
262
171
268
108
0
274
332
101
251
106
97
393
163
215
131
193
100
231
331
57
299
166
201
85
268
107
53
188
111
394
76
137
182
215
123
234
131
215
67
241
238
145
200
381
94
354
170
315
320
247
86
388
336
32
229
222
84
251
185
146
382
57
230
333
123
32
237
377
175
257
317
347
246
289
229
370
314
37
295
121
388
0
106
275
21
336
114
126
193
262
264
293
263
132
191
226
270
57
86
32
311
365
259
265
253
72
0
356
213
257
276
379
231
239
0
67
29
373
298
200
132
311
91
341
235
185
294
88
35
224
331
43
274
373
193
259
343
365
124
295
64
161
350
181
338
295
313
308
266
162
33
21
283
51
99
50
82
341
338
265
234
125
158
203
253
130
100
210
129
382
0
286
273
60
16
39
190
232
40
16
200
224
300
164
142
223
149
284
331
296
331
281
51
247
311
187
250
361
122
196
271
352
241
173
332
101
17
195
38
188
252
44
51
164
58
62
52
401
361
150
251
227
246
75
213
295
349
11
224
245
14
55
141
119
43
289
207
277
42
62
62
392
364
83
275
334
287
181
342
181
389
220
172
97
46
117
284
269
244
251
371
95
146
116
187
137
108
141
147
150
196
278
36
322
227
229
171
134
196
232
96
127
376
157
52
191
141
188
367
205
149
52
155
15
333
235
278
256
214
343
48
105
153
177
338
142
202
136
297
196
56
30
64
106
269
176
175
71
272
119
300
204
211
137
320
185
193
12
177
292
280
282
252
281
156
379
63
277
200
7
122
139
70
12
226
289
127
18
332
44
204
280
185
279
99
239
373
285
58
321
236
231
177
337
191
127
357
222
10
75
203
13
228
167
26
325
252
77
65
207
261
198
260
15
194
337
212
227
93
201
124
204
180
242
233
291
72
291
14
34
240
383
18
100
135
60
325
217
136
309
302
172
384
206
223
203
207
178
194
111
104
171
179
135
94
311
0
249
94
169
245
94
214
66
257
393
120
226
333
287
57
179
273
125
273
361
289
56
93
249
267
74
388
272
341
20
262
360
149
40
297
310
254
172
210
213
41
13
317
32
287
239
313
371
13
333
20
276
277
319
32
222
24
268
133
17
366
148
239
261
172
69
282
92
124
192
355
229
169
94
206
377
68
251
328
0
282
300
155
214
371
236
347
205
61
164
193
375
305
212
210
110
137
287
156
132
318
260
0
304
183
88
206
86
327
155
132
351
107
288
302
235
340
69
310
239
259
326
128
227
49
306
139
211
86
267
29
0
73
164
232
275
10
14
66
351
357
236
81
276
120
15
286
158
226
110
337
260
75
337
277
124
33
234
25
312
301
148
241
260
252
122
54
15
250
85
72
384
408
307
18
284
116
74
4
344
258
235
18
241
259
191
337
183
269
105
295
185
148
159
126
267
369
325
346
168
323
101
206
83
11
136
103
206
150
26
246
141
334
0
378
252
152
163
251
376
363
398
144
271
164
110
197
207
279
58
153
277
11
168
277
346
61
210
235
150
129
166
127
233
79
133
162
85
95
190
280
339
243
16
108
310
280
315
334
37
323
309
66
11
360
302
37
118
172
351
202
98
30
76
353
15
239
67
146
123
18
270
31
254
119
104
384
333
66
42
117
114
99
119
175
264
232
330
294
379
24
380
60
168
105
258
119
340
105
350
221
166
91
191
238
103
175
353
334
183
157
248
218
23
22
98
70
218
142
348
318
209
161
124
225
171
52
274
123
110
162
313
118
315
296
134
269
181
199
293
182
117
320
226
275
88
100
150
144
227
333
144
294
241
262
57
126
296
102
313
171
18
363
345
37
64
97
17
272
119
328
234
278
265
41
275
111
239
191
225
16
185
119
67
108
133
248
0
38
15
160
207
318
324
190
184
313
362
314
118
45
208
0
40
161
139
102
48
14
93
62
142
116
70
133
317
59
353
318
260
77
258
205
225
327
117
18
172
231
82
70
306
304
209
163
80
252
198
280
63
152
197
365
280
99
27
328
174
143
45
307
298
47
105
294
108
167
282
0
199
280
301
179
115
279
24
0
202
106
143
209
74
207
340
372
170
311
109
46
280
181
316
24
173
404
36
62
77
246
330
72
13
182
218
267
303
247
152
74
85
263
157
72
142
13
93
256
35
179
177
380
95
92
196
93
314
244
32
239
66
328
74
345
44
129
20
150
75
139
96
0
176
159
58
171
286
281
0
273
120
15
265
0
381
0
350
240
308
104
252
320
213
68
85
249
143
133
314
19
242
332
367
275
203
31
254
83
247
148
0
185
42
333
82
103
46
256
299
88
153
361
349
271
126
219
164
338
301
352
98
108
131
181
107
135
0
228
336
277
359
152
127
139
128
182
157
43
28
0
294
320
246
23
108
186
99
335
84
187
62
206
289
302
45
20
46
177
339
207
370
141
324
221
78
111
369
163
67
107
205
0
0
320
180
131
245
200
173
0
285
280
300
0
133
264
134
344
255
82
219
386
335
44
41
184
339
244
228
176
190
116
207
42
74
204
197
279
300
319
259
282
333
350
132
308
187
23
223
324
237
345
336
154
173
286
76
183
220
127
135
34
145
289
149
34
82
182
74
301
124
61
13
292
153
351
213
276
105
352
233
345
186
199
410
102
41
268
81
369
361
23
28
244
0
160
294
86
152
121
254
224
215
75
220
287
187
169
179
398
157
153
101
102
173
112
257
201
334
165
70
342
35
112
231
346
216
340
411
301
129
0
148
301
352
51
23
141
17
303
151
268
287
371
45
320
118
272
43
103
265
132
89
111
34
138
170
209
300
151
171
25
164
82
62
210
72
38
304
231
222
111
323
341
254
202
163
246
24
98
13
207
148
344
315
85
93
267
157
269
100
216
73
283
152
243
347
88
158
269
135
268
132
45
245
135
242
57
179
152
349
370
225
310
29
136
150
272
242
48
389
53
69
26
310
273
151
233
167
175
31
0
119
86
192
108
329
301
237
210
130
208
266
322
143
90
325
382
388
59
250
293
361
279
115
383
18
306
296
14
105
27
206
30
120
366
88
396
235
129
296
295
110
146
348
261
263
231
186
247
161
140
53
250
131
19
351
0
217
43
164
314
199
325
320
112
28
0
210
226
248
116
203
239
17
40
197
104
185
167
66
234
157
126
20
182
153
198
252
313
26
121
32
182
77
0
198
332
59
291
235
289
275
285
0
0
301
54
18
216
106
313
224
335
301
58
199
118
311
15
78
58
41
21
160
76
351
234
219
9
245
197
201
316
166
185
27
83
60
26
317
237
127
74
305
282
0
254
232
214
272
212
136
162
312
167
371
186
109
198
410
110
243
63
109
83
199
289
213
166
122
245
230
14
341
264
210
137
137
226
269
345
266
176
42
149
333
231
348
140
378
12
170
41
273
77
11
330
261
352
294
107
266
144
125
42
56
31
202
138
297
43
167
230
217
202
400
17
87
113
45
34
270
153
338
331
126
210
223
56
379
225
203
342
35
305
296
108
8
175
87
326
85
121
139
320
124
15
275
180
279
335
165
85
13
244
143
82
176
84
323
270
123
191
348
288
27
367
33
295
325
258
271
264
232
194
172
103
28
342
229
205
109
174
282
283
230
208
324
355
206
58
234
319
374
20
272
108
118
64
93
53
181
31
316
214
30
358
13
354
390
129
13
247
11
272
30
55
356
124
242
101
227
241
41
297
148
271
326
165
171
219
47
304
121
200
318
0
391
289
143
193
82
38
229
210
66
365
91
92
189
49
53
333
190
324
201
294
180
296
121
291
161
97
279
384
252
59
297
78
320
48
161
84
163
0
263
165
66
96
333
405
239
196
122
151
192
208
325
363
96
216
52
272
195
371
0
19
296
351
89
211
71
67
246
314
149
196
63
337
321
292
336
352
191
164
318
11
174
327
95
282
148
339
341
219
380
238
28
186
114
220
132
10
99
181
354
42
287
225
328
123
192
79
118
361
370
350
384
360
56
218
134
181
159
20
113
315
82
134
239
256
253
310
218
265
326
131
19
21
79
300
55
197
286
184
43
297
159
37
324
332
37
212
0
18
104
238
240
320
340
318
387
77
248
120
46
223
335
109
287
412
269
301
258
197
20
187
159
113
33
215
256
13
120
334
58
286
228
381
200
113
305
337
64
341
277
90
89
272
270
170
344
29
213
12
148
82
325
246
239
328
81
135
191
344
192
172
365
185
313
25
102
98
216
31
137
142
86
171
58
319
386
131
240
366
330
352
180
37
175
147
254
192
229
270
172
178
37
303
347
279
19
294
292
126
303
64
313
307
327
120
248
346
325
68
130
83
99
93
298
33
91
66
81
332
199
130
86
51
231
162
121
174
186
216
321
48
0
184
153
309
123
325
312
108
303
201
233
204
44
91
176
353
168
140
206
221
275
345
82
195
279
18
271
102
322
186
18
416
45
222
172
172
300
0
393
146
237
43
281
164
170
327
80
218
295
182
16
122
160
301
249
199
130
282
143
117
171
96
214
274
162
334
114
120
95
137
223
290
326
296
261
207
315
354
358
176
279
265
113
303
124
43
50
329
37
268
88
202
68
285
95
169
222
24
125
311
197
99
29
250
279
270
25
70
215
58
71
63
30
321
74
236
122
121
188
351
248
76
0
195
70
124
145
230
45
122
254
83
216
137
103
48
112
173
218
183
150
304
140
81
169
192
296
0
98
223
183
36
18
91
258
392
158
219
239
233
261
129
128
318
80
266
305
366
325
209
340
165
260
173
129
326
348
44
242
149
36
201
211
117
130
238
186
14
248
100
26
121
211
17
127
347
286
254
320
133
23
32
168
237
308
97
265
78
116
18
218
0
157
153
238
227
305
159
121
8
201
207
212
212
26
324
198
210
313
92
44
337
90
266
171
312
124
187
76
274
279
81
190
57
279
105
249
254
234
325
336
88
80
244
239
217
95
13
134
103
75
319
338
219
319
113
267
115
197
80
273
174
207
123
317
154
193
181
265
102
106
324
186
25
129
324
193
221
358
0
114
364
108
247
27
108
88
342
192
19
50
164
0
134
225
207
197
339
342
360
14
252
337
203
275
144
61
26
103
131
68
108
154
216
346
335
156
143
57
225
125
169
157
356
98
6
38
127
292
363
53
222
335
332
356
108
302
43
303
10
79
256
103
63
134
318
57
324
359
357
259
52
159
303
223
127
129
240
243
77
46
99
303
272
146
261
64
134
129
73
301
289
350
0
318
225
285
231
255
77
19
306
194
121
13
21
201
40
339
220
178
19
322
387
226
119
0
282
321
188
298
0
114
377
312
153
27
214
184
313
307
329
345
261
49
323
188
280
113
348
89
70
270
222
19
311
271
300
106
163
57
34
241
298
137
194
61
274
282
59
295
300
382
349
241
108
349
267
231
173
120
239
168
74
137
259
177
29
53
111
206
9
31
43
151
79
48
16
232
190
216
171
35
342
155
187
216
107
27
118
129
24
229
0
191
336
261
234
63
159
380
159
237
153
126
9
27
106
114
221
267
344
233
65
266
58
174
186
38
181
28
164
315
253
339
79
262
54
302
330
382
124
312
217
133
303
262
225
307
203
260
137
131
50
268
313
156
56
55
218
15
325
226
350
349
204
340
361
367
346
150
248
44
353
349
156
140
62
125
255
361
360
151
100
105
235
310
263
204
162
112
65
258
153
311
336
125
102
91
33
251
149
338
246
109
81
269
211
36
296
126
17
64
256
138
13
76
357
407
299
66
34
376
0
90
0
383
313
259
192
166
88
85
253
31
369
352
66
309
381
169
0
379
115
148
267
181
207
304
325
249
187
58
231
170
12
287
254
94
294
133
24
52
285
153
88
142
333
176
43
390
151
201
17
351
147
225
328
132
217
140
180
124
20
117
330
41
214
210
62
45
226
343
284
163
272
222
65
102
161
228
358
113
190
316
188
117
250
307
132
153
162
111
78
157
194
115
178
269
48
165
216
88
62
228
313
197
67
244
421
211
236
325
181
72
253
242
122
237
187
196
140
26
212
291
290
132
325
149
357
257
276
206
15
114
361
331
184
312
189
313
36
235
235
84
224
208
229
0
171
54
57
349
104
333
89
82
117
91
153
162
97
80
210
263
81
269
112
159
52
271
241
236
145
247
276
213
135
31
311
196
37
290
314
282
265
294
331
63
71
315
22
335
23
305
314
300
328
199
239
149
248
23
213
139
135
236
27
125
135
43
57
341
307
199
255
346
107
240
177
36
21
156
233
82
260
211
312
94
277
233
63
252
347
139
349
241
147
179
15
22
211
156
136
261
86
337
18
385
0
180
246
176
379
309
237
258
305
340
0
284
196
304
160
221
221
283
285
299
144
79
243
328
0
236
149
221
28
249
162
0
104
296
149
228
54
78
48
11
185
0
194
130
84
159
257
279
300
329
0
322
109
73
194
78
65
24
66
336
337
142
166
143
116
89
354
101
249
19
141
55
228
13
195
167
193
126
106
138
235
291
185
142
340
44
338
198
170
116
192
235
182
261
27
237
217
269
257
202
198
86
132
302
242
44
182
197
161
35
0
246
298
305
156
239
294
60
259
255
110
91
298
337
329
354
67
321
218
101
168
155
182
211
198
298
62
207
271
183
92
380
141
0
185
377
192
169
103
167
149
93
79
316
87
356
136
293
137
284
273
223
184
192
5
399
242
107
12
29
35
243
167
168
212
153
128
371
0
179
198
161
142
249
227
345
236
209
107
233
0
392
38
88
180
145
31
242
314
250
172
285
341
142
157
332
190
97
250
159
16
53
118
380
263
202
369
127
350
242
332
286
217
393
237
330
332
190
275
18
246
114
302
87
143
304
105
388
133
32
34
0
197
166
296
154
0
113
217
320
108
232
290
33
339
38
247
238
235
328
225
344
192
166
168
225
326
82
130
187
265
386
335
48
73
17
178
270
277
236
134
299
305
347
131
235
34
195
143
313
337
221
146
88
35
106
319
309
244
346
91
376
352
244
15
103
117
70
77
381
33
93
229
411
311
242
395
283
303
219
230
218
342
151
323
180
148
227
53
174
32
269
204
116
120
346
253
211
104
104
347
243
155
161
148
170
42
102
44
170
12
259
277
260
249
361
111
197
230
203
353
83
277
13
303
80
140
92
250
247
81
332
118
161
215
110
293
322
300
97
140
74
347
300
16
102
352
278
41
22
284
60
36
149
295
297
64
59
261
94
239
94
292
109
311
266
322
283
270
288
355
369
265
108
163
139
189
123
385
110
259
294
244
204
183
88
44
266
201
244
368
348
316
222
364
83
220
288
92
320
352
99
97
341
118
328
14
39
302
39
25
147
360
255
35
209
194
196
115
0
333
143
113
139
98
75
246
352
268
282
317
266
82
145
60
92
238
282
51
348
371
189
208
288
117
27
167
53
177
92
107
59
129
270
138
243
22
97
175
299
279
89
50
79
314
341
274
11
392
18
347
229
261
306
105
176
289
157
201
151
171
0
126
273
258
193
327
33
103
249
321
37
321
257
78
328
103
158
323
44
181
212
201
35
195
248
317
241
368
202
25
397
181
113
200
344
384
314
134
51
340
66
276
27
252
40
224
117
303
293
85
272
212
80
30
318
357
183
290
119
27
255
347
28
386
105
201
0
236
94
115
356
209
239
72
105
50
258
90
185
75
288
17
78
0
178
103
277
21
0
61
281
68
274
242
302
155
120
396
53
351
73
22
110
147
213
350
197
265
265
257
50
55
302
285
303
245
177
108
226
84
252
168
148
173
59
299
333
127
265
39
245
79
318
103
52
128
180
251
92
0
235
105
85
193
16
261
364
192
329
239
341
184
28
240
213
0
149
233
62
237
24
14
170
322
258
322
324
191
105
68
160
145
38
320
177
104
327
48
64
63
376
396
71
69
271
374
30
247
219
208
49
289
56
124
143
99
107
143
372
27
274
398
0
157
0
293
99
351
234
80
117
206
117
314
0
71
359
236
345
9
250
207
190
168
306
103
231
211
243
53
141
67
22
302
126
239
52
128
276
310
93
130
259
134
35
62
97
105
385
200
349
227
224
340
263
160
47
279
315
318
117
134
133
76
396
295
192
192
104
138
18
190
55
310
110
142
136
286
45
284
166
0
140
159
164
178
334
110
238
0
310
12
70
237
45
337
61
326
20
175
352
313
249
252
117
16
318
204
372
84
327
287
62
146
224
22
20
129
182
150
282
169
174
184
224
271
376
0
227
200
263
168
255
115
113
327
375
402
69
71
218
246
201
17
147
171
308
126
130
397
105
104
46
139
217
266
0
322
142
277
48
249
116
62
271
18
323
74
383
53
105
113
153
85
85
371
45
107
45
215
326
28
115
279
95
183
42
162
325
234
74
218
130
213
35
113
214
325
47
0
47
87
325
55
300
191
272
129
70
246
93
86
183
210
368
375
331
62
243
320
189
89
257
272
113
301
379
0
11
358
321
261
71
165
261
297
293
270
242
221
200
285
184
32
208
21
307
60
313
268
51
286
238
274
126
236
142
71
383
350
114
330
287
275
50
363
101
286
112
335
45
320
281
15
157
96
98
284
0
227
240
223
168
39
241
0
65
272
158
83
154
180
337
245
249
101
150
72
408
79
152
162
24
64
155
196
194
202
331
300
20
190
119
14
197
267
141
25
122
257
317
329
211
297
291
359
133
0
65
102
281
309
304
316
237
143
282
252
24
363
202
41
44
299
277
48
84
191
208
266
249
41
325
242
267
125
137
227
247
96
231
242
387
336
158
152
265
326
29
341
101
300
93
314
67
166
23
178
263
340
272
101
259
52
159
125
346
271
71
332
28
321
218
107
30
177
210
148
229
278
18
349
56
241
226
212
150
320
198
192
105
12
389
179
297
185
222
215
390
282
269
349
244
289
116
197
254
204
290
233
237
254
112
173
328
214
282
365
281
354
15
70
14
334
112
328
261
228
189
175
322
356
330
296
230
65
0
98
174
125
100
350
61
61
230
371
34
218
77
291
12
81
65
160
104
372
74
199
215
253
302
11
297
151
177
317
303
40
205
369
276
330
235
125
92
91
121
327
247
0
92
146
199
263
64
332
150
173
245
177
325
16
173
316
272
237
351
190
209
278
121
177
290
176
173
313
273
268
0
323
125
166
241
160
124
350
93
251
52
222
15
83
239
16
276
257
176
154
76
123
36
250
95
165
162
244
206
29
33
363
345
311
109
320
58
383
89
348
179
210
283
96
58
30
318
285
308
19
336
187
365
268
184
122
141
149
92
181
45
269
80
86
250
249
237
0
155
102
158
293
42
188
227
122
172
248
219
222
128
98
264
183
145
0
154
121
264
15
14
90
105
207
82
360
198
157
41
123
329
39
199
320
30
210
348
215
337
177
218
154
173
345
134
241
212
25
0
93
28
138
89
67
81
257
28
82
0
329
41
314
248
20
268
254
317
145
56
221
87
320
277
283
222
358
253
118
220
197
270
243
82
19
161
293
351
350
276
277
34
24
332
300
298
229
382
327
34
353
44
150
213
54
34
117
0
339
95
292
315
220
174
387
143
315
287
147
268
182
191
266
279
291
249
110
353
0
107
172
385
39
184
229
38
55
320
112
309
283
126
213
128
280
123
139
276
162
204
123
365
293
171
76
55
26
154
196
30
270
156
87
232
48
39
317
73
218
83
160
75
88
165
50
108
155
107
178
92
43
48
241
25
206
83
73
56
306
84
221
239
336
96
93
166
223
43
196
25
340
18
169
283
380
168
91
298
362
115
102
26
365
352
160
120
322
333
36
204
117
161
167
28
81
272
84
342
103
355
302
283
211
97
351
260
268
160
33
178
183
287
179
287
260
321
176
272
222
28
18
368
274
177
196
347
63
226
301
18
225
139
234
166
16
202
323
0
62
289
163
109
20
359
170
239
303
183
208
181
