320
416
204
489
140
169
18
144
233
210
105
103
123
15
358
83
475
291
154
278
386
142
294
294
255
25
325
373
316
153
465
138
361
233
0
65
236
265
157
453
70
79
0
0
558
294
142
194
481
165
31
173
273
240
104
323
223
167
372
56
515
328
206
109
102
395
460
23
149
0
112
131
219
479
314
549
310
487
158
135
152
418
379
93
365
129
309
440
468
83
309
517
415
462
163
236
342
59
389
146
389
144
183
276
471
138
293
176
138
211
114
33
348
360
440
56
497
130
317
175
175
471
453
203
466
330
163
384
246
137
519
383
116
265
256
236
178
210
33
112
332
215
138
302
450
61
117
71
347
216
515
301
41
400
273
292
78
558
234
481
469
115
237
100
94
133
41
148
520
87
316
228
528
176
379
539
133
129
0
79
113
169
269
372
181
466
152
236
228
285
40
192
103
531
479
412
362
239
320
410
132
146
206
494
528
32
504
396
129
160
59
337
551
119
37
231
92
230
123
210
110
347
125
49
41
524
513
111
71
175
298
434
302
35
356
23
127
294
200
307
88
465
81
0
271
69
288
207
236
290
194
205
122
424
305
303
21
440
45
286
481
256
119
457
114
493
381
202
310
378
295
491
33
49
388
363
182
223
0
318
162
173
17
436
360
425
52
161
394
99
161
172
257
288
434
83
138
539
349
410
404
132
441
445
139
398
530
504
333
490
0
23
367
187
311
559
445
323
383
87
222
233
191
139
193
80
118
58
205
385
392
514
313
166
169
384
308
357
503
70
276
0
295
275
367
143
70
89
255
276
335
507
194
37
274
168
155
503
563
382
501
261
139
30
265
39
419
206
452
418
31
509
418
263
149
157
68
194
23
199
175
454
318
543
93
508
254
363
87
437
83
166
422
114
354
91
436
97
433
462
79
343
216
59
32
58
342
398
365
508
77
261
240
187
339
482
39
385
76
553
388
438
275
437
50
206
502
341
478
236
393
411
457
128
177
451
401
135
59
329
438
434
72
260
92
306
32
0
455
41
499
301
72
73
28
505
83
457
483
84
504
0
299
307
221
0
473
89
485
442
357
23
428
60
158
386
525
83
76
349
160
128
485
530
248
339
455
145
139
0
281
155
295
239
134
152
39
333
122
362
228
56
141
113
113
212
156
115
271
142
289
158
232
487
421
306
502
434
225
39
380
271
37
369
228
524
387
259
233
161
412
225
105
273
14
360
46
305
16
497
332
375
120
195
105
42
464
240
534
483
476
104
108
482
63
266
572
131
484
64
537
408
239
284
556
154
49
58
235
21
308
231
198
212
375
410
261
117
22
431
276
336
451
419
111
276
54
0
47
268
119
192
374
0
492
164
448
358
338
392
139
403
418
138
48
239
268
103
341
117
361
149
262
31
386
400
483
424
329
0
479
515
486
424
56
102
369
125
131
222
192
541
379
581
323
143
353
448
319
142
269
0
185
337
15
34
464
450
286
438
454
353
238
259
212
184
251
118
333
143
430
361
146
197
88
92
103
250
130
202
169
267
203
171
308
369
467
325
440
474
242
413
455
108
64
434
107
120
153
0
284
477
329
87
506
492
382
288
440
345
542
121
491
233
408
332
0
400
170
239
534
468
349
63
496
547
227
384
263
73
41
261
95
61
393
401
98
62
267
215
102
368
218
355
74
492
444
73
69
339
203
312
128
333
208
380
431
344
513
71
0
413
58
339
414
468
273
159
405
135
359
247
27
278
237
382
345
0
417
258
352
178
482
483
111
189
514
256
253
417
257
380
186
325
380
306
453
163
140
166
332
90
119
524
441
484
123
300
237
128
454
478
0
321
217
269
293
205
520
417
134
177
210
451
240
37
319
36
417
227
233
133
451
437
367
279
457
350
454
398
79
20
229
425
39
362
387
522
34
484
229
186
212
120
221
296
367
242
296
469
90
145
21
189
180
80
234
31
88
446
64
506
430
140
194
308
461
82
164
193
159
247
262
232
107
204
185
91
361
144
214
41
483
277
518
28
41
482
232
304
94
326
327
153
291
323
211
72
82
349
255
340
24
374
297
127
443
199
116
335
409
199
466
475
187
310
242
45
366
49
145
36
320
154
130
409
69
96
475
105
267
128
0
343
368
204
121
343
394
417
306
194
67
345
76
366
503
432
37
155
282
186
468
426
233
465
408
322
9
371
27
442
382
299
187
105
231
356
262
359
212
415
386
449
319
343
78
460
84
550
320
53
143
408
283
70
343
168
28
148
385
402
339
548
191
368
417
325
211
158
251
269
329
204
295
260
168
448
97
95
301
210
54
490
385
233
112
502
432
75
378
207
540
401
388
429
65
486
327
318
487
85
223
197
375
0
252
158
126
256
194
423
268
386
357
429
172
31
298
18
91
452
18
31
174
318
403
34
219
219
402
450
487
273
456
123
138
100
29
420
353
168
431
134
332
426
231
255
216
84
166
337
351
172
475
41
301
148
108
208
510
183
464
518
278
104
174
80
61
350
42
93
209
159
474
61
422
482
518
296
190
211
49
371
228
537
29
378
248
499
175
552
98
325
277
329
308
583
256
509
457
219
114
130
426
94
127
250
304
377
425
31
213
68
95
462
432
107
329
196
89
426
421
138
342
125
295
291
193
413
168
312
225
316
415
137
172
84
306
145
319
382
482
122
401
352
51
34
493
533
429
222
392
282
331
434
126
490
137
89
202
450
431
488
309
19
326
219
54
41
531
114
209
292
332
496
222
178
327
238
109
185
63
327
0
355
465
328
201
112
133
420
550
499
208
100
132
317
119
445
555
511
203
434
70
250
278
61
43
365
540
333
81
87
406
517
264
322
494
128
412
341
169
473
422
259
81
479
492
401
84
282
445
330
439
401
296
359
397
267
47
231
478
568
303
428
32
125
520
71
474
386
377
377
80
364
330
315
53
110
323
376
51
528
351
381
237
498
354
201
552
190
235
420
169
224
368
426
235
206
297
481
21
384
512
87
317
431
561
172
165
500
347
573
388
45
431
467
66
142
81
180
374
36
137
192
438
378
313
287
253
471
0
498
208
262
114
389
433
171
524
316
413
409
219
291
261
105
275
223
62
75
474
117
237
406
18
233
271
463
366
252
66
441
131
179
437
460
79
182
136
209
33
114
500
209
116
62
0
375
68
177
388
140
302
317
135
0
456
431
119
505
174
127
389
125
177
225
94
423
273
87
96
177
291
168
250
506
52
411
313
386
237
470
0
428
46
431
333
266
480
158
407
155
535
129
229
70
193
84
411
424
249
252
530
209
14
73
88
290
193
402
389
138
339
63
170
543
385
18
275
286
152
92
98
158
463
193
557
146
351
375
99
335
20
266
449
467
534
294
51
271
207
384
323
500
202
394
206
115
230
141
282
302
135
352
335
393
458
270
509
479
500
407
233
147
287
110
221
297
336
111
274
120
242
464
241
88
476
268
118
36
49
63
165
314
343
38
187
452
0
50
464
198
72
426
492
314
287
417
494
198
70
170
488
361
526
265
352
317
286
427
194
24
266
419
414
455
410
257
70
541
411
386
501
0
221
503
348
296
318
38
0
287
49
304
256
325
490
333
18
130
485
107
218
471
295
400
379
234
438
146
121
299
207
399
64
151
266
85
49
122
12
170
365
383
286
545
69
155
265
115
328
107
391
324
342
136
0
526
0
57
97
338
459
292
142
255
154
44
159
408
297
545
259
282
88
412
446
193
438
323
468
72
41
475
298
222
186
321
229
56
508
412
164
457
198
204
183
225
237
281
211
316
290
531
279
47
437
355
397
54
163
266
107
515
375
391
446
109
230
523
458
66
503
298
243
253
276
276
398
241
533
25
253
592
354
79
210
36
32
447
184
301
262
366
382
274
464
140
373
511
508
411
67
123
213
126
149
122
264
169
405
84
427
370
147
136
353
258
437
334
269
103
296
225
200
424
475
187
503
344
356
363
430
0
196
263
325
412
255
438
361
353
242
520
269
364
146
495
492
233
555
251
372
318
308
44
291
420
402
235
555
313
428
398
83
173
90
339
259
208
216
130
385
431
71
244
544
86
277
489
281
506
529
59
130
0
94
194
60
209
477
95
271
265
67
420
298
142
408
327
403
238
523
278
258
486
430
227
437
256
406
362
399
242
334
39
0
351
221
535
267
223
248
541
289
400
380
287
191
447
492
473
311
97
514
269
139
386
424
529
507
55
66
24
544
207
497
399
183
54
341
34
365
470
407
81
407
60
132
86
30
104
25
302
460
202
149
15
83
197
451
117
400
72
519
80
456
66
110
283
189
324
377
363
272
164
477
346
80
521
495
172
352
420
366
263
349
0
475
364
382
74
122
380
393
244
0
146
66
512
147
115
239
193
383
155
274
230
0
54
58
472
357
300
333
55
423
455
164
98
76
295
137
314
487
286
63
0
142
43
127
255
179
484
78
97
238
40
155
297
392
264
331
403
21
499
95
356
396
47
178
427
61
230
77
360
244
87
92
157
258
312
220
511
365
113
306
438
146
386
146
97
461
375
143
539
321
475
84
316
515
461
322
481
497
526
268
66
106
510
438
513
50
294
219
373
337
74
486
40
394
296
524
212
381
153
422
137
372
271
158
315
480
200
415
515
52
52
45
30
268
242
234
552
409
553
34
446
165
96
150
120
46
276
131
307
278
158
517
256
169
401
0
264
0
498
418
463
119
0
188
147
82
398
489
387
217
392
305
134
230
244
372
314
371
93
26
81
299
92
72
431
240
75
410
80
185
179
142
449
295
265
499
389
314
215
68
58
201
389
256
272
126
565
425
91
348
481
150
486
370
166
289
306
419
471
231
363
177
524
342
317
84
140
132
334
470
513
499
366
29
532
445
46
299
165
249
64
114
230
220
302
182
311
161
424
214
479
259
510
112
239
338
17
160
165
371
64
278
412
285
376
315
268
32
415
19
293
375
436
414
309
239
484
371
560
560
0
281
277
27
269
99
407
433
304
48
503
525
211
15
54
228
459
0
68
514
139
314
314
300
299
327
209
529
112
506
383
449
492
284
186
442
369
200
159
139
240
339
450
501
298
123
169
518
141
475
343
391
462
371
351
150
515
0
368
41
377
0
341
264
176
387
311
159
150
376
330
402
140
117
314
555
37
60
95
557
285
27
387
239
36
256
467
231
193
120
238
360
242
470
557
308
161
157
77
39
131
154
210
460
234
443
216
520
503
167
236
195
340
104
310
260
51
325
107
90
492
504
492
119
319
316
331
46
419
95
418
285
201
477
34
130
325
65
531
334
216
373
183
85
181
30
374
423
259
411
209
503
364
440
497
433
93
439
243
298
489
188
441
230
546
369
447
110
101
394
276
139
173
48
401
249
0
159
280
444
57
370
295
225
30
383
306
478
523
336
522
144
373
54
491
358
330
210
528
141
87
177
0
361
356
271
378
279
63
193
286
218
188
90
136
35
344
532
407
321
328
373
505
83
133
195
230
586
26
101
362
193
280
0
33
69
38
181
451
24
345
477
421
21
245
518
26
492
476
219
113
443
378
24
178
386
120
302
240
352
176
119
54
350
554
280
102
549
268
284
57
456
137
50
152
254
214
210
232
269
483
249
253
68
331
494
149
170
39
231
485
81
141
154
446
80
326
157
210
211
50
530
289
553
322
523
121
63
229
127
548
470
230
319
130
269
292
284
135
360
342
202
114
466
462
331
389
421
353
462
347
231
294
62
531
335
232
303
421
127
25
44
199
159
350
165
58
479
104
576
545
522
135
410
326
544
145
233
207
46
376
146
51
200
448
0
359
528
122
17
426
432
425
164
140
321
458
54
343
325
134
510
495
362
480
43
102
240
110
75
277
481
340
174
431
137
287
25
76
226
321
202
50
477
401
236
305
383
517
521
413
110
76
388
129
101
407
82
357
388
93
0
82
335
452
335
31
74
193
345
189
358
296
241
410
0
502
57
279
281
90
260
28
281
198
471
492
400
114
257
80
20
142
35
266
152
182
367
365
498
477
510
116
154
250
345
441
396
148
503
33
507
166
71
338
305
234
274
43
150
141
439
539
508
356
41
422
21
467
162
488
361
81
20
0
425
221
331
341
50
448
234
446
281
472
230
382
264
58
386
187
351
463
265
230
45
48
80
161
491
213
283
122
559
148
188
109
407
277
531
301
517
263
407
362
142
218
385
217
55
486
383
241
184
475
253
373
444
220
263
249
348
71
270
82
438
279
354
415
301
235
285
519
31
241
249
316
499
498
109
52
480
83
430
267
456
209
22
224
105
149
135
174
259
515
98
153
201
296
484
98
108
250
281
217
490
378
158
146
172
492
341
379
356
266
268
345
458
372
444
110
399
119
260
416
279
273
564
241
92
186
200
195
457
289
466
490
272
190
303
129
271
157
141
499
451
0
237
487
439
431
249
265
185
195
428
196
98
167
312
67
154
280
439
533
151
402
250
230
550
372
475
440
367
416
273
97
115
76
112
321
370
181
196
26
298
296
303
456
206
78
279
0
435
288
522
170
426
511
241
109
508
373
0
274
0
10
525
71
73
193
467
261
203
272
145
426
511
268
324
326
254
37
286
495
212
236
345
57
26
33
225
59
433
372
54
493
451
394
139
13
178
157
462
225
85
203
239
180
394
379
474
554
274
328
228
493
548
295
140
432
14
365
443
222
93
445
141
96
121
532
382
239
113
364
306
87
493
421
91
417
184
275
221
401
294
432
384
208
248
510
159
40
543
461
460
160
0
533
363
361
440
0
284
412
78
385
222
269
425
521
396
366
429
483
251
158
425
402
225
431
212
43
459
432
364
33
512
356
22
29
388
175
31
214
82
434
374
513
411
341
43
231
192
412
388
412
171
160
541
185
74
132
78
32
185
366
508
51
314
115
188
259
406
0
495
178
118
131
492
73
421
66
457
537
230
36
213
298
491
429
518
404
47
208
0
208
367
382
417
255
51
91
101
433
337
517
139
300
459
112
561
369
142
484
547
489
218
0
44
455
79
338
249
387
471
49
253
530
165
66
33
137
120
229
364
153
0
405
515
0
172
198
457
207
406
342
95
113
228
537
458
67
155
269
552
91
217
113
20
569
68
64
116
163
93
92
299
60
129
66
501
311
268
166
378
133
420
386
372
116
84
346
237
64
97
381
16
217
446
365
124
240
214
510
431
502
504
79
60
333
502
215
456
520
507
34
324
453
76
245
194
362
126
558
286
17
273
265
62
218
286
77
179
314
298
254
518
416
227
459
91
446
175
133
516
451
257
118
208
25
125
342
577
424
424
117
192
203
275
377
58
514
538
534
260
154
333
235
176
231
143
421
305
495
243
476
421
309
225
470
7
199
264
479
380
450
402
179
424
553
69
313
176
117
114
322
424
155
508
298
537
52
466
361
29
492
58
293
78
556
305
43
21
507
301
379
68
19
477
281
173
500
440
102
446
290
47
110
245
25
443
205
317
90
71
294
313
349
49
474
462
37
482
26
140
238
510
156
203
458
419
453
51
372
465
523
334
410
267
178
437
500
405
92
244
220
42
40
383
452
104
83
293
191
359
142
119
56
458
151
64
362
464
49
248
262
353
227
78
179
194
399
522
389
258
133
251
67
308
202
0
137
192
159
208
463
109
531
316
72
37
465
229
90
290
479
499
267
63
81
570
198
265
479
125
251
414
236
150
220
493
76
378
44
92
136
133
19
506
253
95
357
17
436
177
82
100
377
358
353
322
235
389
278
278
425
265
145
460
507
145
188
224
138
120
476
104
269
83
286
135
271
57
456
468
120
306
152
132
342
501
502
508
223
0
183
11
238
304
40
343
70
146
261
477
227
530
162
489
281
38
213
193
64
489
260
150
44
139
287
276
292
228
150
192
494
501
453
75
462
253
493
517
273
21
289
167
65
33
457
193
415
387
437
407
311
520
299
557
275
335
19
0
78
368
434
360
292
307
150
472
385
246
397
65
229
371
390
214
385
517
65
263
230
492
423
66
24
93
416
535
272
298
16
181
213
56
295
62
201
111
346
176
453
483
121
441
486
287
249
94
124
496
13
357
505
101
366
243
495
263
531
531
455
542
18
491
365
484
468
21
79
242
294
266
430
339
330
433
445
280
231
177
459
208
292
316
454
122
245
369
247
14
160
548
213
212
394
198
156
171
237
51
479
355
421
314
71
530
453
372
458
0
499
279
501
143
138
157
500
36
421
339
403
246
506
34
52
288
446
438
448
439
167
499
465
163
502
97
508
551
348
131
311
409
547
97
68
432
221
265
485
267
144
53
399
139
265
298
495
168
209
100
479
133
74
0
39
363
243
221
53
51
259
286
250
503
145
235
310
358
0
403
356
298
294
21
30
126
143
409
342
472
210
109
436
353
478
148
288
448
386
46
209
470
454
317
154
142
310
302
387
88
40
71
85
529
287
276
514
117
233
342
138
108
185
106
290
131
272
463
538
361
198
426
329
50
139
516
235
76
469
23
448
501
92
186
305
86
570
258
451
276
347
312
431
265
306
26
379
236
133
339
96
132
234
337
492
523
41
478
41
89
483
301
161
207
227
298
309
189
46
373
495
23
48
179
129
220
109
153
257
147
448
123
119
103
102
61
224
82
152
137
361
178
288
100
451
546
115
261
129
394
388
113
452
385
403
51
237
336
328
460
245
309
347
277
384
67
337
222
455
32
229
498
251
112
144
178
252
209
232
178
447
348
103
263
74
226
212
50
246
54
413
492
272
514
454
185
459
558
90
362
24
276
504
261
392
396
435
469
445
214
324
279
361
384
290
162
265
189
94
376
347
224
309
507
315
0
55
324
24
28
256
408
284
319
254
423
344
112
170
64
55
503
87
260
353
140
22
226
364
196
334
302
556
324
499
279
63
533
23
228
17
408
65
378
329
157
148
129
115
405
120
154
178
82
421
18
453
352
378
145
209
259
305
271
219
168
0
173
375
324
544
123
78
333
414
56
26
477
101
0
349
214
167
283
295
273
517
285
44
240
302
178
524
181
509
254
187
457
408
258
158
42
176
430
479
53
322
162
320
27
458
224
457
371
314
545
50
343
16
63
78
515
227
52
401
251
537
482
445
262
376
215
208
299
461
207
468
335
23
158
296
219
401
269
480
368
213
351
484
44
89
443
145
383
431
288
357
97
142
93
271
388
552
118
59
471
63
55
281
180
14
497
255
187
405
384
342
411
418
67
213
358
371
280
116
44
0
157
349
478
21
482
173
501
354
97
479
440
181
14
232
295
333
22
301
167
469
394
41
418
452
257
221
0
298
42
462
118
308
214
326
44
345
482
258
273
394
62
472
562
556
374
341
167
253
262
450
485
455
129
50
414
295
124
162
427
271
102
552
338
354
330
172
41
477
110
526
532
179
42
405
526
75
214
424
269
366
248
184
547
515
469
215
330
485
308
119
104
87
387
199
77
58
212
268
41
48
458
518
61
78
466
225
256
260
100
193
140
89
336
53
449
177
298
362
232
314
226
413
502
56
236
414
569
500
218
75
421
467
457
354
160
42
448
511
447
75
409
422
378
105
206
243
376
222
133
49
26
339
122
280
84
445
424
13
131
485
222
240
490
0
211
263
383
433
165
127
78
330
178
464
397
23
488
281
52
41
40
190
447
351
383
68
271
493
325
47
103
310
160
181
268
121
31
383
15
95
184
162
204
322
132
227
259
268
405
279
259
156
492
25
217
209
444
265
364
246
483
506
313
174
444
185
427
435
144
52
277
95
31
129
452
239
385
229
253
453
364
273
348
194
319
477
56
145
54
308
257
248
249
385
189
182
363
84
398
378
161
401
435
449
346
88
124
231
306
188
74
507
436
152
38
114
237
36
260
36
300
193
136
190
228
120
410
255
188
389
58
270
137
165
120
173
517
318
0
318
556
268
426
157
299
79
0
230
159
65
538
178
326
37
506
239
257
496
0
548
65
381
166
148
76
258
75
482
228
0
55
556
85
57
448
499
132
251
429
24
87
378
171
221
456
511
460
18
469
213
240
88
509
146
353
178
157
525
86
323
80
376
215
245
453
424
525
290
476
374
68
425
259
59
335
511
547
0
358
366
561
429
36
299
99
49
366
468
55
443
72
19
490
36
194
201
413
453
332
319
243
399
398
51
217
74
247
355
206
26
128
71
155
0
237
534
171
248
110
89
85
491
540
175
517
91
115
492
494
461
382
463
39
416
24
371
564
576
489
289
46
495
402
328
81
310
362
231
32
324
336
128
314
275
326
581
390
414
193
291
68
140
165
349
230
0
505
241
272
290
0
495
120
388
118
114
602
34
556
342
46
344
78
62
466
296
0
108
431
167
503
19
376
186
94
370
236
483
477
110
365
52
21
496
327
0
14
318
109
122
366
543
524
0
309
219
464
46
235
458
106
43
407
0
206
498
32
522
490
515
16
283
445
350
31
410
423
97
246
281
261
161
357
458
379
187
253
449
482
365
63
65
59
363
124
244
292
272
429
178
306
419
266
149
85
33
238
418
25
60
84
366
301
73
208
113
534
275
59
196
227
423
136
0
149
62
34
195
385
337
447
99
253
233
125
535
235
426
218
237
36
492
229
313
336
339
179
306
336
537
13
545
383
507
420
423
36
207
198
308
184
409
371
311
90
481
216
438
423
419
110
212
510
335
172
326
447
59
319
191
452
32
442
216
384
547
105
514
74
450
569
276
122
431
67
256
533
139
244
85
266
311
87
365
185
84
204
94
59
268
231
457
363
224
386
119
209
457
371
326
102
484
516
61
339
327
316
248
154
113
364
66
389
472
73
261
432
72
276
492
346
336
489
64
298
372
540
333
464
444
220
282
417
391
175
100
308
349
273
393
454
385
17
188
546
278
