522
538
510
495
548
476
557
525
544
557
501
491
501
529
511
550
554
514
485
524
499
568
546
491
505
514
538
501
524
538
516
516
564
514
485
529
505
496
482
520
541
541
535
539
495
576
512
550
517
542
502
488
543
478
502
524
485
482
558
509
573
565
508
504
563
508
492
466
510
523
504
550
500
511
495
491
464
479
486
510
538
489
509
527
535
500
520
563
568
533
546
535
506
530
510
570
513
548
525
559
562
501
550
560
532
520
524
515
537
514
522
528
559
479
493
512
502
474
483
508
504
510
507
530
562
511
515
502
522
530
493
528
520
507
537
490
522
472
484
496
520
507
505
497
502
520
536
527
542
500
520
475
525
515
551
510
496
498
500
513
509
555
467
489
529
546
525
444
564
518
514
491
493
551
569
476
532
509
466
525
490
495
496
500
518
510
517
547
483
517
473
495
490
537
446
515
539
536
490
501
516
528
524
502
498
556
527
521
524
515
513
541
505
503
485
508
476
536
507
517
506
528
552
522
553
446
504
578
529
520
478
509
538
531
530
522
513
520
495
503
459
565
539
485
509
471
511
476
547
514
476
548
479
512
503
490
507
542
547
546
513
517
533
525
547
501
528
509
519
520
515
499
509
524
518
506
511
501
446
516
484
511
505
542
584
505
522
494
541
520
468
517
496
494
511
545
555
513
512
525
510
508
531
552
517
529
503
480
517
520
492
520
512
497
490
532
562
524
499
491
491
491
506
516
495
490
498
533
514
503
513
507
520
528
473
440
560
527
538
483
519
474
502
546
492
505
545
555
483
518
510
520
521
525
531
484
492
516
539
537
568
536
465
511
534
508
528
503
539
536
514
486
518
496
480
508
507
541
511
509
476
557
555
510
574
509
509
514
539
532
492
473
488
505
475
490
580
519
482
531
557
503
527
508
529
582
530
494
516
510
488
509
524
556
556
484
486
528
470
589
496
498
512
494
498
527
541
516
504
517
515
527
524
537
515
463
470
504
519
495
519
492
521
502
535
510
513
497
539
555
531
511
525
562
494
541
509
542
486
487
480
509
521
521
529
522
550
552
514
455
480
566
487
552
524
514
508
504
454
488
555
503
532
502
544
476
487
499
545
486
512
486
472
496
454
535
490
496
520
520
513
524
569
557
518
531
504
501
507
524
469
463
487
513
508
525
488
514
536
504
534
551
493
509
513
488
453
506
511
489
484
518
499
471
526
494
543
495
538
534
541
544
535
517
535
524
556
491
505
515
510
510
487
490
524
488
474
546
492
507
556
487
477
488
542
559
492
510
489
503
540
523
479
564
541
550
514
504
558
544
508
563
503
501
539
464
502
468
567
556
513
524
521
528
517
517
528
512
541
489
501
520
520
517
531
530
512
477
525
541
488
517
532
455
534
486
527
485
557
509
473
457
475
514
510
477
521
487
484
486
531
515
496
553
512
562
534
539
560
546
551
498
511
542
530
499
485
495
511
482
536
468
499
525
524
494
512
525
492
527
561
496
532
495
490
539
531
530
515
527
535
486
498
494
560
504
484
504
507
524
519
479
536
520
469
494
520
492
465
516
563
537
511
499
505
504
500
520
538
472
501
560
527
508
479
495
476
467
480
478
519
530
510
490
472
510
508
506
535
485
499
522
498
511
472
521
546
517
499
555
465
524
533
496
519
513
514
545
495
534
559
506
505
533
517
490
500
475
511
504
480
515
509
537
497
470
524
541
542
542
560
543
510
499
469
522
508
545
564
524
484
494
531
511
519
529
519
520
515
507
493
513
501
473
568
537
485
477
523
476
502
510
516
527
539
503
468
549
522
541
557
517
505
489
513
476
491
531
530
474
543
462
580
499
511
521
512
481
533
506
529
498
547
514
479
543
531
538
454
518
551
493
494
493
504
534
526
500
500
506
498
525
609
473
483
476
544
562
505
540
485
498
533
507
506
552
530
485
537
503
494
578
535
499
499
436
494
510
482
519
515
522
502
497
493
481
503
547
477
516
546
508
512
498
529
572
503
488
491
505
521
501
485
514
546
506
541
506
551
558
440
444
503
547
530
527
517
527
480
514
523
485
516
532
503
528
534
509
501
561
479
510
470
513
526
502
516
515
483
506
510
519
521
533
536
483
525
508
558
555
529
515
495
478
533
510
485
534
544
517
496
516
532
497
484
506
497
489
491
495
535
492
477
546
535
493
560
512
488
524
468
488
501
547
536
511
499
532
493
534
496
494
523
486
506
526
552
462
526
504
474
506
549
503
478
502
498
487
516
537
558
508
556
518
449
511
539
493
535
561
508
536
487
489
513
484
506
493
516
487
540
495
549
477
496
521
512
530
514
521
529
480
506
484
510
553
556
500
520
472
496
537
523
485
534
475
566
517
496
522
487
489
474
522
542
525
525
488
520
518
488
524
516
529
512
501
518
502
517
501
508
497
507
472
540
507
516
482
501
511
471
512
517
533
549
478
555
486
554
532
524
513
481
512
529
509
477
488
531
513
529
459
513
510
523
502
513
495
566
512
551
501
486
526
509
527
508
534
542
505
532
526
510
460
490
471
505
491
478
501
547
521
539
503
515
491
497
576
464
514
537
506
522
498
502
505
526
519
503
498
528
522
509
526
529
532
517
522
526
503
544
486
530
509
517
524
530
489
523
502
547
479
573
480
485
500
569
504
507
458
527
528
494
496
520
524
528
491
528
550
555
513
494
555
502
493
521
511
488
548
535
500
479
542
462
466
554
482
502
483
548
513
520
490
475
482
510
495
477
503
476
488
532
503
530
519
541
537
523
546
483
522
505
532
531
555
512
531
513
541
483
530
509
499
530
543
519
509
487
460
517
489
515
504
509
529
503
507
514
512
512
474
557
530
512
533
537
528
491
525
558
493
523
497
509
543
513
520
511
544
488
492
545
509
550
516
539
506
489
535
509
546
524
504
556
532
486
512
505
538
546
509
538
515
501
529
507
558
477
484
540
509
500
526
525
482
496
485
512
513
478
483
536
559
510
538
515
549
549
508
526
528
501
518
528
502
541
492
492
499
512
557
526
474
538
494
541
503
519
510
508
531
524
488
510
539
516
548
513
517
494
547
524
490
475
530
561
503
569
515
558
494
507
487
521
550
462
523
509
553
561
508
483
509
547
519
502
474
525
509
549
547
496
544
556
521
475
516
547
501
514
513
504
545
500
496
531
517
520
504
510
504
486
531
480
541
479
523
519
541
487
537
517
537
526
475
548
524
483
533
497
503
556
544
508
534
514
509
484
496
542
529
508
510
498
511
555
467
542
515
513
500
518
562
526
492
474
518
475
508
484
544
489
538
564
488
562
519
521
485
501
518
512
557
518
495
544
528
510
517
525
530
510
498
519
536
518
485
476
529
528
498
514
478
507
521
496
494
530
549
489
503
499
492
465
503
502
474
522
515
463
510
547
565
497
507
500
480
490
474
539
540
521
501
484
499
499
501
527
521
495
465
523
494
524
521
516
537
494
492
486
547
520
504
497
501
548
528
471
525
509
541
484
444
495
461
516
475
533
526
502
490
530
508
478
540
500
506
544
487
507
553
521
480
486
538
514
488
519
494
489
469
515
506
496
449
503
481
510
499
507
584
558
529
493
501
489
473
483
565
541
512
543
487
517
512
492
497
506
526
575
563
505
508
496
492
535
555
531
515
541
546
495
521
533
511
499
514
499
483
574
511
533
513
523
520
523
531
484
484
521
479
493
512
507
527
532
550
453
474
512
487
512
512
500
487
497
493
520
529
554
481
526
510
548
493
548
499
508
487
516
535
535
510
510
486
511
560
554
562
529
528
538
522
516
540
515
460
522
531
488
484
520
480
522
510
531
497
543
529
551
512
513
455
524
543
557
499
485
526
543
514
511
506
494
547
490
487
504
546
503
496
521
562
494
543
515
526
487
494
527
519
524
526
504
549
559
515
533
500
525
523
501
518
552
496
488
510
533
544
520
542
538
480
535
536
488
458
491
496
573
469
491
524
479
545
506
561
495
521
479
526
534
486
513
522
557
538
524
555
486
532
470
494
478
499
478
496
493
521
490
462
487
513
498
519
492
485
499
563
531
521
510
546
523
497
543
513
476
530
536
521
535
506
488
500
517
499
495
532
488
506
533
531
547
548
551
470
530
502
568
517
518
544
536
525
548
491
511
487
511
501
486
526
510
533
538
493
516
494
495
543
526
512
510
520
516
545
493
525
504
539
549
493
507
500
514
563
502
545
511
541
497
541
490
544
482
507
520
532
487
491
526
489
489
482
479
500
554
496
517
544
509
522
543
465
476
554
489
520
474
517
498
503
563
517
510
482
511
511
462
502
526
451
533
499
516
500
458
501
525
490
517
533
520
524
528
494
502
535
503
582
529
517
507
493
568
512
534
544
484
494
451
460
528
553
472
536
527
517
533
506
524
496
484
554
503
473
587
464
539
528
545
517
526
504
482
512
512
509
558
509
506
498
550
509
506
499
515
524
489
504
489
466
533
495
505
515
489
482
541
489
481
500
530
470
554
492
469
499
517
505
484
509
525
522
539
533
514
495
511
507
479
494
527
527
502
490
481
500
552
559
537
507
528
524
490
531
504
507
520
518
523
499
446
496
526
502
505
489
502
546
479
490
516
553
552
497
497
546
547
483
504
471
512
512
523
516
463
506
520
493
489
503
523
489
536
474
492
502
519
476
548
534
494
538
462
497
517
503
499
529
536
518
505
523
513
481
482
474
552
492
503
589
507
534
512
512
493
515
532
517
510
531
523
529
493
549
499
556
497
507
488
502
535
506
493
528
489
577
506
513
513
483
530
497
459
489
506
546
537
520
552
527
507
530
516
507
555
488
503
512
522
512
505
510
540
550
509
500
528
598
493
505
517
544
522
534
500
524
471
516
543
515
472
492
503
530
533
460
520
534
523
508
520
534
531
508
587
536
514
458
512
513
466
525
524
521
472
537
537
520
496
499
491
454
500
531
499
490
446
534
498
495
539
491
493
471
491
522
531
504
544
546
534
502
507
508
548
508
497
523
521
529
522
548
496
555
465
463
505
505
482
517
525
532
519
489
481
550
538
545
530
488
529
541
456
502
484
527
548
532
476
513
531
485
504
536
474
551
523
539
556
495
484
574
517
469
533
514
519
516
522
504
543
501
540
523
486
519
525
510
494
491
479
460
531
534
499
507
488
533
545
568
528
512
510
472
515
484
543
512
547
505
464
516
538
516
479
497
546
575
523
491
517
517
513
562
489
499
500
521
534
501
551
485
489
537
529
536
497
497
562
538
530
516
507
510
516
490
484
513
544
557
533
476
507
510
520
530
509
488
554
518
498
585
550
552
519
550
529
502
538
492
488
542
545
546
524
488
471
562
546
557
554
529
532
522
494
479
544
495
561
543
505
508
498
495
486
491
523
507
510
557
485
487
542
499
529
530
526
539
504
521
520
517
542
505
465
544
537
514
563
541
524
458
531
502
557
461
518
574
517
495
511
495
542
552
526
547
585
496
485
510
512
455
522
533
520
546
521
522
510
471
521
534
503
547
524
545
512
505
514
539
521
485
514
514
486
498
576
473
551
514
510
537
495
557
554
523
471
537
532
499
529
523
553
507
512
486
516
503
517
516
489
481
471
545
550
549
491
527
539
490
504
550
531
564
479
504
479
527
470
560
505
540
520
492
559
550
506
527
534
485
534
530
492
521
493
499
489
497
578
476
491
538
495
551
492
502
488
518
522
506
502
584
513
552
526
474
495
512
548
543
503
441
520
541
548
534
467
511
554
525
536
510
541
511
555
533
518
493
551
457
533
529
486
557
516
478
490
479
526
507
522
520
468
525
506
555
528
497
513
506
486
531
508
523
508
475
537
487
519
510
549
545
570
525
497
517
530
496
485
511
554
497
490
477
556
532
501
498
495
566
476
538
531
489
543
537
544
517
528
519
490
497
523
515
528
522
476
550
533
558
498
496
506
561
484
542
514
538
532
501
519
526
504
510
480
525
505
526
487
496
530
503
529
502
494
515
514
468
531
498
488
501
492
493
577
520
485
458
448
520
477
538
517
528
528
518
477
525
543
526
491
491
511
479
550
506
519
481
492
532
526
542
525
503
494
460
488
550
521
495
497
533
525
555
516
526
568
522
488
499
513
493
509
524
511
513
552
506
553
509
532
552
484
502
534
521
480
522
534
511
514
567
476
571
519
533
541
524
481
500
542
506
531
528
514
558
526
552
543
495
511
558
522
463
540
487
517
511
463
510
519
498
489
475
512
488
513
531
553
534
523
537
496
508
532
519
538
510
500
497
523
539
501
540
552
492
489
534
524
564
566
487
486
472
541
525
543
502
471
515
523
547
497
526
513
510
530
489
508
514
580
523
478
518
500
520
492
461
497
531
486
524
502
512
493
508
492
551
500
500
498
531
553
562
512
507
500
513
486
597
491
541
556
568
517
523
492
502
553
556
550
486
497
484
534
544
498
535
468
513
452
529
563
518
499
495
474
478
506
555
489
497
568
547
537
601
494
474
582
513
518
511
505
508
489
517
519
514
485
505
535
547
511
536
490
512
569
532
535
523
535
522
557
488
535
491
534
507
493
522
470
552
490
513
514
541
528
507
534
513
554
521
533
497
466
509
494
517
486
493
546
495
489
476
552
459
495
532
519
574
466
554
506
495
524
525
516
486
569
541
514
550
513
506
536
521
517
526
547
501
507
531
509
522
468
513
505
483
535
535
494
478
532
513
457
490
491
541
481
488
524
515
516
495
544
509
509
492
499
540
590
530
465
510
538
562
524
507
517
529
477
524
487
533
537
547
519
519
537
525
515
443
471
549
493
491
535
515
506
504
555
478
489
513
532
524
498
521
515
506
516
534
557
532
490
461
508
533
554
539
500
517
467
500
511
473
483
552
464
482
542
527
490
509
502
548
461
500
501
505
486
524
485
496
498
480
527
522
530
485
552
504
527
550
506
512
498
542
538
472
516
496
455
532
533
506
558
515
526
522
485
574
463
484
537
541
510
518
494
513
511
534
501
587
518
482
528
508
493
507
517
524
510
521
484
539
504
492
502
565
467
466
506
520
521
529
484
508
531
534
524
525
508
521
494
522
485
497
535
545
552
526
525
554
517
510
519
472
532
524
487
499
530
519
519
537
501
549
496
534
494
519
523
526
527
503
502
541
488
515
523
515
559
484
505
566
568
501
511
494
529
497
500
507
477
487
487
521
576
511
515
526
503
457
569
553
534
542
495
500
541
492
529
496
523
531
470
503
495
516
500
505
511
510
497
496
546
506
516
510
510
530
488
533
430
557
520
519
500
489
503
572
512
532
515
528
470
503
533
527
522
511
533
559
542
517
528
530
518
508
486
512
568
513
524
474
474
487
573
519
507
544
485
536
489
491
529
508
511
470
534
533
527
525
511
530
509
516
502
515
485
527
529
513
538
489
474
532
533
536
518
557
534
519
518
525
516
515
504
563
539
496
475
546
530
522
554
483
488
483
483
492
480
514
472
466
517
539
477
538
512
536
534
534
525
499
501
525
453
496
537
531
516
528
471
526
567
516
501
515
486
489
503
531
513
526
513
502
471
543
490
478
507
540
497
501
496
551
492
508
531
545
448
518
514
488
509
535
517
492
516
555
518
487
534
503
501
490
541
522
497
519
545
546
569
488
495
527
507
518
501
498
476
531
509
478
498
501
501
545
505
497
497
541
509
500
496
467
521
483
485
502
492
498
520
541
525
480
500
489
480
520
478
506
498
519
492
507
536
501
487
530
504
500
514
495
529
500
546
519
520
492
530
561
534
503
524
492
536
549
473
537
494
569
520
515
507
485
551
501
482
477
545
510
489
491
542
525
503
512
503
501
544
537
508
568
499
490
510
496
526
518
574
496
483
496
563
551
500
530
473
493
525
557
558
483
525
521
533
523
511
491
513
566
457
506
528
515
534
524
517
531
578
546
487
513
498
505
518
469
514
542
560
500
481
546
510
489
534
500
522
550
518
531
533
495
514
519
553
531
515
451
527
516
549
504
536
543
503
508
504
495
552
490
519
566
532
540
534
535
463
490
546
555
500
504
474
524
457
506
505
479
531
519
477
472
523
497
526
556
478
541
497
531
521
545
511
515
490
537
482
488
530
502
439
510
458
487
478
468
551
548
517
510
519
549
481
513
548
497
517
527
531
518
557
495
502
500
521
478
506
539
542
484
478
464
476
479
543
507
496
500
496
524
539
479
527
566
507
505
552
507
527
527
521
545
518
481
495
494
510
491
468
484
484
498
472
543
489
500
491
519
524
514
474
480
543
493
520
505
523
499
553
526
523
519
506
507
493
568
479
463
526
482
499
485
519
533
479
477
491
505
493
492
531
483
524
521
524
563
501
473
502
505
520
535
520
533
494
538
486
523
464
475
533
584
517
492
524
483
559
531
537
538
514
530
541
514
548
509
508
509
473
536
525
529
555
579
527
516
537
523
542
497
514
525
477
493
516
470
535
508
500
540
519
476
502
499
516
511
533
494
529
514
492
537
507
521
489
561
532
555
508
493
528
527
572
507
532
492
490
526
548
544
482
526
499
503
498
526
458
545
505
484
508
481
506
496
554
497
475
516
521
486
480
497
539
572
549
501
469
537
494
530
518
550
499
486
481
501
523
514
524
533
529
522
523
507
511
493
522
499
526
508
450
514
501
533
503
528
465
515
537
460
522
503
528
543
496
524
486
510
513
504
552
520
529
538
527
475
488
546
475
514
530
541
565
487
510
535
534
508
515
521
493
511
494
503
523
499
535
549
497
525
535
572
512
534
536
544
473
496
502
538
513
491
514
500
503
518
489
479
493
532
527
508
499
512
563
500
556
499
453
542
519
534
459
478
522
505
494
514
561
524
510
497
548
515
491
530
530
513
539
513
515
509
469
528
518
466
532
500
516
510
514
549
511
493
504
494
531
461
520
516
492
516
496
534
555
526
473
493
573
494
520
554
528
522
483
465
543
517
459
521
477
509
508
492
512
527
501
488
496
518
531
498
559
517
518
542
522
549
546
518
503
496
496
495
529
510
530
489
525
490
494
530
485
522
456
497
543
523
498
552
517
522
471
512
452
473
497
462
508
588
505
525
497
535
537
527
541
512
543
502
557
526
537
483
540
548
530
515
484
489
504
490
513
507
503
529
487
551
509
496
550
518
511
509
533
507
510
521
510
521
530
567
524
504
519
500
488
521
499
537
524
517
497
523
504
493
520
524
497
515
525
509
499
532
528
518
501
521
467
500
505
531
509
498
532
517
519
515
529
489
536
512
513
572
518
502
491
555
528
509
477
507
526
503
538
499
508
477
503
510
547
532
533
523
590
485
509
515
488
536
531
517
518
499
552
523
498
530
494
512
481
528
494
530
506
523
531
502
543
497
506
526
588
498
502
482
499
537
516
503
488
544
504
540
468
526
518
498
508
550
512
524
500
504
532
561
548
489
504
523
493
463
523
566
488
514
511
535
462
508
534
535
499
505
547
472
523
511
503
478
534
542
485
504
497
518
504
541
571
505
486
548
551
492
542
498
526
533
519
493
529
532
529
486
539
487
462
481
529
547
554
507
491
551
520
510
508
497
499
520
494
501
528
489
508
528
541
506
485
500
502
514
506
537
559
531
519
541
498
527
548
521
565
516
501
515
505
545
508
476
500
490
534
527
539
569
521
521
531
480
514
479
555
493
483
500
527
505
528
491
520
518
528
515
489
533
516
476
470
511
514
490
530
477
530
528
539
502
514
470
535
504
528
548
523
488
540
475
539
533
536
517
490
527
504
480
468
510
501
547
542
518
507
495
526
511
502
534
511
482
501
558
488
507
524
523
569
492
490
518
527
545
503
507
542
504
505
487
460
516
501
480
551
461
571
496
489
498
502
547
534
527
517
461
542
521
481
516
508
524
489
573
528
511
497
488
507
545
551
511
495
558
561
485
494
537
493
551
510
490
489
551
524
528
497
518
510
540
545
485
500
529
530
523
520
511
505
506
466
529
552
540
505
528
549
543
521
508
517
525
515
514
466
517
539
492
506
533
513
503
542
529
522
507
518
494
487
508
508
511
499
525
512
471
510
497
547
502
516
525
500
508
506
532
488
497
524
547
543
541
492
511
492
486
536
489
490
527
505
529
514
525
538
520
532
485
501
495
582
476
551
522
563
553
528
541
524
529
525
546
513
539
482
484
465
469
506
490
522
513
507
522
569
509
498
533
479
481
483
495
521
533
523
521
525
479
487
536
503
563
503
503
469
516
525
453
513
518
536
560
511
539
512
540
474
553
474
510
535
513
536
554
485
497
534
511
488
534
540
481
474
549
476
458
536
480
513
499
524
529
485
565
512
515
538
502
517
483
508
539
519
512
531
516
517
492
488
525
520
526
521
475
522
530
479
511
503
515
478
522
490
524
492
543
514
516
532
522
504
482
508
517
498
518
513
530
547
527
516
516
525
547
517
515
504
503
495
497
494
492
503
535
554
485
525
502
536
532
513
488
569
489
483
549
524
544
533
545
516
522
534
523
523
521
488
511
485
456
501
493
451
474
546
530
526
520
546
513
508
529
509
517
542
506
542
553
551
482
554
502
497
498
540
541
489
525
523
505
485
505
509
528
540
500
550
522
569
464
493
538
535
496
511
545
494
576
489
532
519
467
550
515
465
481
485
567
506
540
530
533
521
463
498
516
522
508
524
498
493
490
505
548
520
463
498
565
510
555
512
512
541
525
466
523
511
547
540
498
536
512
503
489
521
505
502
542
507
522
494
483
537
462
507
486
541
538
484
570
537
444
494
490
502
484
482
487
514
480
512
508
503
510
527
519
505
497
518
506
533
522
526
530
509
543
509
493
527
497
535
519
538
498
501
545
505
529
542
507
526
491
474
535
531
519
486
516
514
551
558
565
495
482
472
525
473
470
554
534
548
489
537
508
510
523
510
556
537
521
518
485
501
475
515
516
488
499
489
529
498
506
511
497
496
551
519
497
488
496
511
563
474
494
536
511
531
563
519
504
488
506
493
570
484
492
515
516
486
506
518
516
539
477
486
519
517
521
536
516
508
536
524
503
516
503
503
466
538
528
468
550
512
520
527
528
507
545
511
509
522
514
527
544
508
538
558
484
538
518
466
525
511
521
497
540
514
529
526
538
529
543
557
516
516
479
513
511
520
522
545
541
539
525
506
522
534
567
496
509
538
530
534
470
487
482
523
496
500
483
529
481
553
487
541
530
558
494
479
511
516
494
545
504
473
498
476
576
528
507
499
548
556
532
538
528
515
485
501
497
502
478
512
479
