442
483
464
504
463
489
486
509
458
493
492
480
478
510
508
499
507
511
513
489
431
421
438
491
511
477
455
459
471
477
507
477
453
490
454
511
490
493
474
464
455
463
425
485
510
487
504
462
479
475
452
421
510
466
479
456
467
495
495
509
458
433
482
440
489
446
484
487
508
509
487
427
431
453
507
450
450
489
468
491
485
485
478
463
454
489
507
490
423
484
465
506
464
460
441
439
479
488
505
471
477
472
470
451
485
472
486
474
486
459
468
437
448
468
460
475
486
485
489
480
485
483
459
488
511
494
457
481
468
438
509
468
439
491
473
507
486
458
505
508
455
511
457
456
464
491
479
463
439
477
484
462
509
465
487
472
428
509
506
470
457
430
505
430
495
475
459
509
488
512
509
486
503
486
483
489
494
508
485
510
493
482
437
460
477
441
428
463
488
468
456
483
428
457
475
482
484
464
508
484
488
504
478
478
435
440
492
463
486
487
486
436
477
474
485
423
470
485
509
487
482
460
429
508
484
478
488
512
485
491
453
431
478
486
481
487
420
508
484
485
506
465
480
507
484
445
507
460
482
486
464
495
489
486
434
465
458
488
462
478
459
506
449
481
485
490
477
462
460
421
507
461
490
484
459
483
486
432
455
493
508
458
484
448
491
513
488
462
508
471
464
484
482
507
478
454
450
456
431
444
425
440
435
476
457
483
451
488
507
442
484
489
481
447
475
507
450
507
480
479
466
507
467
422
443
493
469
484
486
486
433
482
481
465
487
508
459
488
490
488
473
464
479
491
432
480
508
490
436
485
481
438
485
471
482
489
445
489
457
432
484
419
481
459
480
476
489
476
489
454
477
493
437
430
461
503
514
508
464
448
487
487
473
487
468
464
488
478
497
458
459
492
504
453
513
507
491
460
482
435
488
480
451
481
479
486
423
468
463
505
491
460
488
431
487
491
503
486
505
479
510
482
491
490
485
486
458
506
479
441
483
507
461
483
506
461
443
489
480
507
489
508
489
492
449
506
453
504
433
490
487
432
488
460
453
505
437
478
452
495
476
479
432
513
498
481
506
481
478
507
438
511
488
460
507
487
459
477
436
443
465
452
460
479
492
484
481
506
501
509
482
505
477
509
510
483
435
489
510
487
435
492
442
459
476
447
486
479
476
462
511
505
445
476
476
492
462
467
481
476
438
446
429
460
513
516
465
451
500
442
488
479
459
514
485
454
436
511
493
485
515
476
512
511
481
506
505
478
481
514
462
487
462
434
425
461
484
486
510
489
438
463
482
486
446
455
508
452
462
477
459
447
435
456
478
486
421
511
474
466
434
490
494
476
482
509
470
439
432
482
485
513
460
484
480
496
478
483
455
486
497
454
484
447
467
428
425
482
490
437
482
480
477
513
493
454
476
465
475
456
469
474
462
487
447
454
448
489
472
485
475
472
438
481
496
475
456
504
510
478
507
467
469
455
483
443
487
445
483
487
483
442
432
488
466
485
460
516
509
454
488
450
480
506
461
494
511
468
444
459
476
462
461
459
450
493
488
483
492
454
479
511
488
465
475
464
494
440
435
495
479
469
482
434
440
490
482
510
494
463
465
477
436
492
435
488
508
512
447
479
492
440
475
466
474
436
485
473
512
508
481
467
476
467
461
512
490
488
492
484
447
462
488
475
494
506
432
481
511
488
479
485
454
508
445
440
451
465
481
492
456
481
473
511
482
487
466
455
482
453
492
488
495
486
455
511
509
481
433
425
477
482
509
434
495
509
476
508
494
483
435
465
432
450
493
494
461
427
511
480
484
466
481
431
485
435
438
485
410
481
481
509
480
511
419
490
455
449
460
486
483
436
488
479
436
480
510
476
458
456
481
452
461
490
434
509
469
437
485
487
477
474
428
482
455
485
460
427
436
497
483
481
508
481
483
480
476
446
427
443
459
438
467
445
461
513
488
466
510
430
456
509
493
483
422
480
485
470
513
488
430
449
482
506
471
490
511
438
511
507
431
435
444
491
470
468
489
504
478
476
482
478
489
508
480
468
456
445
458
479
509
492
438
504
434
477
454
452
417
485
489
509
434
479
439
447
488
452
428
480
477
428
457
481
481
492
483
509
496
488
458
464
483
428
509
511
509
477
460
457
461
480
491
481
485
487
481
508
448
457
466
442
454
426
482
511
513
488
490
435
474
477
479
453
485
508
459
485
481
509
485
492
455
438
500
444
475
468
481
487
505
421
484
426
508
476
482
483
428
485
457
484
492
456
510
483
461
501
464
492
474
477
483
456
507
458
463
487
469
460
482
509
452
472
504
459
494
459
460
507
480
482
482
469
487
471
483
434
428
460
441
509
426
480
444
490
432
440
479
450
466
493
426
485
463
484
454
452
491
459
453
467
481
448
465
440
471
482
510
449
442
493
507
507
463
506
488
451
508
492
471
469
477
514
485
474
507
510
508
461
504
435
438
462
487
429
485
505
505
471
483
507
479
510
488
445
455
480
487
461
431
488
459
431
459
445
479
438
509
477
438
491
480
460
484
461
481
410
452
479
509
490
463
437
484
454
491
494
491
449
471
467
463
508
507
448
479
433
504
509
433
478
480
510
477
507
509
465
423
506
433
487
482
467
481
492
456
481
431
472
469
477
448
413
477
482
461
456
433
444
458
424
507
474
494
464
485
510
489
439
476
483
461
483
455
481
452
510
477
484
483
465
506
506
485
423
485
479
434
493
484
452
491
419
455
480
493
487
474
479
482
452
455
435
439
437
441
494
483
455
508
479
483
478
497
511
486
438
463
467
434
454
483
483
437
509
460
484
455
483
506
454
488
483
464
489
464
504
510
480
477
485
458
505
469
491
496
512
484
435
487
443
491
414
505
493
485
475
512
479
480
474
505
468
508
439
509
480
479
477
461
466
485
463
472
494
485
483
475
486
484
456
434
459
506
483
487
511
507
460
510
480
487
506
476
476
435
505
431
491
486
509
489
509
492
429
480
510
493
461
479
507
462
480
496
513
459
442
426
468
460
468
479
436
471
511
487
443
460
485
486
480
455
489
482
511
434
474
508
441
512
452
448
473
479
472
475
510
489
445
474
511
460
486
484
461
460
471
486
451
464
486
430
506
439
508
471
489
508
433
441
479
484
482
453
476
489
486
432
434
451
456
462
483
459
449
438
505
480
470
462
480
427
493
480
484
511
466
509
468
488
477
463
508
477
512
505
438
438
484
450
490
455
456
496
433
454
507
424
508
483
484
484
492
457
479
483
446
458
462
466
451
462
460
487
444
456
450
465
474
481
482
441
490
485
505
486
488
489
476
445
451
507
461
473
486
467
509
509
487
484
459
456
484
486
513
481
499
483
459
461
480
449
468
486
509
478
433
432
487
464
455
488
490
477
492
435
473
461
495
477
435
452
475
446
504
451
466
488
475
509
508
442
451
476
506
476
482
494
439
478
442
469
489
508
471
455
483
433
510
467
483
462
444
508
477
453
424
443
506
468
489
460
462
491
506
486
508
492
508
506
430
494
506
477
488
491
465
471
467
489
470
488
476
476
436
462
437
428
465
507
493
512
506
504
430
473
505
486
424
429
500
488
480
435
418
486
473
447
436
482
433
455
485
449
432
480
509
457
485
424
432
516
484
491
458
509
487
507
455
469
488
510
477
508
479
483
476
506
440
451
446
515
481
460
441
478
487
481
494
449
475
433
451
476
477
507
474
479
489
509
490
440
468
462
456
446
433
508
436
452
448
426
473
504
477
484
455
507
478
438
463
458
492
477
471
430
436
511
485
479
479
491
476
481
510
454
486
474
483
486
489
428
464
471
457
437
508
489
507
468
462
488
508
471
476
506
492
473
487
510
478
482
484
457
453
512
512
433
456
470
452
507
459
472
513
510
508
481
489
506
486
504
475
515
484
508
494
466
439
484
476
480
508
486
431
509
506
454
474
509
489
454
439
479
509
501
478
484
460
483
459
505
471
463
485
429
478
450
509
484
450
517
478
509
450
437
513
441
429
468
440
435
506
474
470
489
506
482
505
459
479
495
450
509
480
488
465
482
490
457
461
511
507
457
464
493
489
485
430
461
468
493
475
465
492
442
506
457
508
489
461
507
443
459
509
465
456
491
506
492
512
461
484
459
441
459
509
461
425
445
509
509
510
483
454
456
510
458
441
487
454
512
462
485
473
452
493
478
487
463
485
466
479
480
513
464
481
510
455
429
466
460
441
421
457
507
486
452
478
511
483
464
504
495
439
493
506
432
477
469
481
487
506
484
478
507
419
487
487
460
422
432
421
465
426
416
467
434
473
484
483
508
483
512
484
493
512
481
453
463
506
479
440
512
510
485
479
483
459
469
472
510
475
487
452
430
509
479
482
471
439
451
502
511
485
463
460
485
474
436
492
507
434
476
496
486
507
459
469
486
438
514
444
478
485
511
481
459
459
427
431
480
510
472
441
476
470
454
509
477
456
441
510
479
483
481
460
475
459
457
430
475
480
511
451
484
486
433
481
476
440
511
456
426
440
493
437
433
479
504
497
456
488
483
461
484
452
489
435
487
445
430
507
510
459
471
487
442
485
458
485
460
485
487
459
473
486
479
454
454
472
477
455
434
490
476
477
430
483
455
469
488
483
477
486
481
456
451
432
470
479
457
439
435
443
513
465
456
444
489
492
481
491
460
467
431
508
462
488
511
468
470
470
430
430
458
469
461
472
513
485
509
456
472
512
471
461
487
489
475
489
479
477
420
448
436
485
470
508
440
486
481
435
510
486
490
451
491
507
479
492
457
490
477
430
432
468
478
513
490
510
429
510
433
472
485
477
425
440
460
488
488
505
439
446
486
509
508
467
488
440
439
438
436
458
450
488
465
468
486
413
485
432
456
510
437
483
448
428
438
469
477
467
507
506
491
485
438
435
463
510
473
507
502
490
463
457
462
473
483
471
437
490
484
493
462
431
508
477
464
466
488
486
509
441
457
424
458
508
485
427
476
497
487
509
451
510
424
478
485
466
451
462
491
508
483
490
491
462
471
513
486
444
507
475
482
509
456
483
464
439
468
476
469
450
481
508
453
510
507
430
509
464
433
508
441
505
483
450
473
488
458
480
493
492
480
439
480
512
507
480
482
476
436
484
466
472
509
462
480
512
439
508
487
433
456
506
508
436
454
485
453
455
478
511
469
478
431
507
455
494
459
485
486
508
454
475
464
465
493
473
428
488
512
476
490
445
465
481
467
435
471
434
484
451
473
487
425
484
474
487
473
440
425
484
458
481
451
474
491
488
477
446
469
481
454
505
436
459
430
478
510
489
479
507
467
475
478
480
433
435
509
481
481
438
441
478
473
458
507
495
429
479
481
459
496
505
508
503
513
509
457
509
433
481
456
475
475
486
483
492
489
474
447
476
455
479
478
470
458
476
482
508
506
459
513
481
436
435
488
426
434
476
489
436
478
490
467
481
452
435
486
455
447
493
485
510
490
509
428
508
491
503
487
455
433
475
486
491
447
491
485
488
486
465
480
483
441
453
480
439
488
430
452
509
505
429
476
482
441
478
512
455
457
454
419
468
468
475
457
481
459
428
509
460
481
438
432
478
460
474
508
510
463
482
507
475
506
467
484
507
465
480
489
485
472
508
461
471
496
484
445
488
481
487
488
449
447
506
485
468
453
447
508
427
478
454
465
459
484
458
455
433
485
478
472
480
512
468
468
491
511
509
459
484
508
509
481
508
487
486
483
430
510
483
429
488
476
503
510
430
488
486
508
446
515
488
492
435
462
489
492
481
439
479
469
449
469
463
455
441
439
482
443
456
474
481
461
480
460
505
513
477
466
503
486
451
486
487
489
490
453
488
435
475
485
490
474
487
508
490
461
481
470
465
487
508
480
480
489
439
456
504
491
450
488
435
453
416
432
485
459
485
434
509
510
507
472
459
507
475
510
487
433
484
512
467
510
509
478
440
490
461
472
460
507
508
485
510
485
431
511
472
470
490
508
503
474
477
431
488
496
471
484
452
510
504
460
479
484
457
431
479
432
475
481
448
431
459
424
447
457
506
481
428
451
510
472
510
456
463
510
439
508
429
508
444
436
463
505
489
509
490
478
489
432
438
505
459
454
484
474
506
483
508
446
484
459
460
472
511
510
503
450
454
479
509
489
428
463
448
476
468
476
468
453
505
466
459
457
450
430
510
475
434
461
436
469
485
457
486
465
478
508
428
509
440
509
431
461
487
490
468
446
480
489
462
510
489
432
513
512
498
512
491
456
508
511
509
467
445
509
478
435
472
483
472
474
455
497
507
446
479
511
505
437
484
480
489
486
487
476
502
479
456
507
470
432
505
465
477
426
435
480
461
507
459
484
507
466
461
462
489
507
480
511
465
433
506
509
487
508
471
478
489
505
509
484
437
460
424
491
482
488
478
492
512
512
479
513
479
428
476
492
439
450
512
490
457
508
507
479
491
507
507
422
427
453
486
465
457
508
474
461
512
467
416
480
505
491
433
494
435
481
487
428
508
430
509
509
441
481
458
481
483
486
477
438
445
476
483
511
507
428
429
428
472
455
482
509
508
487
484
449
507
482
509
476
510
507
463
509
433
474
462
483
469
494
435
471
479
468
459
460
433
508
461
491
464
461
455
478
434
456
505
433
443
466
464
430
436
505
505
460
429
508
509
453
460
504
492
511
460
476
508
504
438
509
482
499
509
441
490
460
448
455
459
509
468
447
485
478
427
466
509
514
474
437
510
488
481
455
507
451
435
456
474
439
484
499
490
478
489
510
463
489
462
510
461
509
437
489
491
485
484
491
489
507
453
476
481
504
510
492
456
439
481
486
485
484
448
426
489
506
481
507
445
468
457
480
457
430
480
468
461
456
452
452
506
455
510
508
463
478
456
483
493
433
495
473
441
505
478
511
429
474
482
439
457
460
477
504
486
509
489
486
475
497
457
486
506
484
491
434
437
473
455
487
440
476
461
439
509
482
437
477
469
514
511
472
430
481
479
482
452
507
463
458
483
508
506
480
507
480
451
508
484
472
455
479
437
511
437
488
474
483
498
511
475
482
489
431
464
485
507
490
483
514
485
482
511
505
471
461
482
451
480
428
486
487
431
469
446
487
482
511
508
488
463
465
482
449
456
434
510
505
479
490
434
485
457
431
484
509
505
490
479
465
482
507
451
450
507
508
451
468
440
479
487
507
452
509
481
485
485
485
514
463
422
439
474
481
441
509
505
488
465
480
460
486
507
488
423
483
487
419
434
453
512
495
436
489
432
472
472
510
464
488
472
449
436
446
474
507
458
494
488
506
434
487
431
486
491
474
430
462
468
514
456
510
431
490
445
459
509
468
426
480
455
428
479
469
497
510
458
506
480
457
470
506
444
454
509
479
508
511
455
495
492
468
458
492
509
483
454
492
510
494
478
459
491
490
456
482
457
459
482
433
464
497
481
456
471
509
436
455
463
511
513
507
430
480
483
489
475
492
480
507
474
487
453
487
514
509
482
509
487
512
437
508
505
461
479
454
480
479
508
513
478
448
512
486
487
508
458
453
468
508
485
447
484
474
457
439
439
455
478
483
505
448
479
478
505
463
476
493
460
509
474
433
460
486
511
508
438
476
507
431
460
488
487
459
460
443
467
478
445
484
485
454
434
485
481
504
487
511
458
482
482
494
483
474
463
494
480
463
491
429
477
484
505
487
491
432
485
463
466
511
485
460
491
471
481
475
447
485
509
454
457
490
513
453
431
476
463
473
486
474
469
429
485
479
447
486
472
508
508
488
451
450
475
480
469
479
512
446
410
463
508
440
487
511
461
482
480
455
489
488
482
464
463
497
514
485
483
461
497
442
459
487
479
445
507
467
432
435
509
508
460
469
508
480
459
433
476
458
452
463
482
437
484
478
485
483
480
487
510
489
480
487
480
482
491
450
477
488
507
482
485
465
491
508
497
456
477
504
479
509
482
470
506
461
513
462
441
490
487
490
466
489
469
435
436
467
476
487
508
491
510
509
481
503
470
479
484
452
436
509
469
488
438
490
464
440
440
486
501
446
467
467
479
473
471
507
453
484
455
477
459
485
449
434
505
447
460
505
508
462
486
487
492
491
456
468
478
490
484
481
451
506
464
452
427
486
492
505
452
487
486
464
425
434
463
479
486
506
446
477
490
485
463
440
465
437
509
486
506
484
423
437
509
430
510
509
481
475
439
482
479
485
508
461
460
471
439
462
507
436
490
476
462
431
473
486
480
483
461
505
510
453
486
489
468
455
491
454
463
470
460
460
485
513
431
506
507
481
488
440
433
460
467
443
509
508
481
490
475
453
438
478
458
486
508
457
442
447
463
476
475
480
460
505
477
469
476
434
512
502
453
436
435
492
433
461
492
508
481
492
486
483
440
432
488
485
467
505
486
459
506
512
479
480
459
468
463
485
431
431
436
486
486
457
510
505
489
438
487
509
481
434
467
468
461
484
430
476
458
429
483
440
504
433
478
447
515
479
432
486
477
454
445
470
427
462
460
478
474
508
463
466
483
466
473
469
483
482
450
453
475
434
489
433
429
484
487
491
471
488
423
511
489
484
451
508
510
507
486
450
477
472
489
482
426
441
456
427
459
441
428
460
470
481
471
512
511
487
478
481
430
510
467
475
486
492
513
494
436
439
493
481
445
490
450
511
465
441
505
425
482
508
481
489
483
466
465
468
439
485
466
463
507
474
482
433
455
484
453
449
510
470
457
474
488
447
492
459
439
435
477
481
510
509
507
466
458
437
427
470
448
488
478
476
453
490
472
449
511
515
440
495
432
470
446
487
481
484
474
431
483
504
508
473
513
476
457
442
510
485
512
476
460
473
477
488
471
486
481
507
482
456
482
486
484
476
476
511
509
460
482
478
437
481
484
455
509
486
505
508
459
484
459
457
489
489
461
485
461
422
460
471
491
425
479
484
501
484
476
437
457
513
439
434
431
510
507
477
470
456
456
507
482
504
441
477
484
510
483
473
484
490
476
477
503
464
486
450
472
508
460
485
433
466
481
466
508
439
459
461
431
457
507
508
511
509
490
467
473
454
437
428
503
462
508
495
480
492
485
509
457
441
456
435
508
443
472
494
489
509
441
482
491
475
507
432
464
458
511
438
490
482
475
506
461
487
507
483
446
431
440
478
453
480
496
474
472
468
492
425
481
440
463
506
488
505
482
493
456
462
500
463
479
479
478
507
484
476
475
451
492
452
482
432
509
506
464
453
508
488
484
505
437
462
487
443
456
436
439
480
473
505
471
483
474
460
490
510
449
495
478
504
432
482
446
506
505
465
458
452
454
427
449
466
490
507
506
476
428
505
486
509
458
488
491
487
461
506
482
473
459
506
493
506
457
479
508
478
453
472
455
477
489
495
512
477
441
484
477
509
504
484
494
457
489
449
486
468
487
437
460
511
491
454
423
458
481
505
507
478
481
509
471
490
484
507
487
511
482
481
441
468
497
490
484
465
463
466
474
482
493
508
510
440
510
477
506
479
450
510
462
476
436
460
510
496
474
465
459
471
433
507
503
480
482
456
460
437
458
469
497
501
505
431
436
509
483
505
461
482
452
446
443
485
507
491
485
483
473
485
496
438
458
435
475
479
438
509
432
504
457
447
458
431
457
487
463
487
462
478
455
491
486
490
510
434
486
488
480
465
465
507
489
491
484
431
475
454
432
471
453
487
451
439
481
456
478
466
487
483
505
506
507
464
509
505
449
508
508
456
511
484
482
452
475
456
508
434
487
430
460
489
459
478
437
480
506
506
467
496
478
503
462
452
481
506
450
439
489
457
479
485
437
473
424
506
494
459
494
474
426
510
514
508
512
480
440
492
506
488
473
436
471
487
485
508
473
452
466
490
514
437
463
431
446
464
480
511
474
478
481
469
458
506
477
459
486
478
477
459
485
511
487
462
443
507
451
458
506
460
421
454
456
509
482
512
510
480
464
478
458
487
474
480
505
433
453
457
477
477
480
461
475
501
496
505
471
508
474
440
462
485
478
456
453
454
508
479
482
462
490
490
452
477
461
509
488
467
514
485
454
496
488
513
467
488
482
487
455
506
482
454
488
491
492
480
432
435
479
511
502
507
456
480
457
465
510
483
475
509
459
482
486
440
491
455
486
433
509
489
470
506
459
464
490
478
455
510
485
482
494
473
482
488
512
457
434
514
506
456
438
483
482
484
480
433
482
506
487
463
499
505
456
427
481
424
475
455
458
507
426
497
452
485
428
505
494
509
484
490
498
446
461
509
506
485
481
506
456
510
429
465
509
508
491
455
512
495
491
509
440
482
474
434
443
490
475
507
509
445
449
478
476
451
476
508
458
489
478
481
512
485
487
463
450
441
448
484
468
466
448
509
508
461
485
481
482
431
434
443
458
465
508
504
455
484
487
462
469
433
472
448
466
456
509
491
459
484
475
477
504
463
487
485
470
480
502
484
507
490
459
481
491
445
480
450
492
489
418
485
455
483
424
475
453
482
477
488
470
508
430
510
436
458
506
492
435
497
510
454
511
488
472
483
507
511
479
489
466
483
428
468
482
511
476
515
429
475
465
487
487
458
438
479
462
476
511
480
487
491
454
459
485
476
478
478
514
490
430
442
485
511
508
480
453
456
478
487
449
484
504
504
484
476
451
504
435
485
442
462
510
428
483
461
483
511
489
481
486
466
466
436
478
487
457
501
442
438
481
458
506
488
510
488
488
506
433
481
486
452
454
510
511
425
505
512
429
487
492
483
484
433
459
482
478
441
492
468
508
481
508
504
443
494
463
453
461
509
510
486
447
495
447
428
453
432
480
476
466
489
478
483
495
487
487
456
485
437
445
489
479
490
433
482
468
508
454
477
509
477
486
459
448
489
505
423
483
458
507
459
480
509
479
454
481
441
484
486
457
511
509
468
449
515
509
452
438
508
441
433
444
482
508
482
416
489
457
510
514
483
509
484
446
506
468
504
483
473
457
434
478
492
483
508
472
428
453
483
516
435
506
449
511
507
436
485
496
487
497
487
457
474
476
481
510
509
463
479
486
508
510
473
509
482
509
508
505
480
486
509
481
456
489
509
494
510
474
480
508
490
456
505
473
424
467
489
478
483
510
463
488
430
510
454
482
509
476
430
438
483
475
504
507
429
460
490
485
449
479
438
481
493
456
487
483
478
435
471
510
482
436
511
441
480
425
450
472
472
505
490
490
476
482
469
505
509
448
489
509
463
449
482
462
490
458
474
474
434
486
510
479
483
511
458
477
426
455
480
495
478
489
460
509
481
467
511
508
456
505
507
476
