526
597
490
501
558
553
554
562
579
498
587
580
569
569
535
551
540
523
577
562
519
546
619
629
561
562
567
593
618
533
544
520
556
581
529
551
548
536
517
567
574
573
536
515
568
557
531
536
548
608
568
528
521
534
533
560
544
549
570
553
521
538
541
514
517
501
606
566
542
527
537
555
514
526
533
577
508
591
530
556
520
536
489
566
572
559
536
563
587
543
591
542
540
531
510
583
587
523
566
526
539
526
569
516
572
549
549
525
523
544
577
530
499
519
539
518
547
521
559
534
562
571
500
559
553
507
531
555
582
535
557
527
543
538
571
505
551
507
567
540
550
607
566
586
558
590
591
613
590
529
543
529
533
561
567
546
557
558
571
543
581
565
512
533
522
510
527
588
539
509
561
525
531
530
587
553
594
523
580
544
566
565
532
539
545
531
536
565
592
531
536
499
568
596
497
540
534
557
567
563
575
541
528
518
565
558
563
559
498
543
562
577
556
615
508
567
548
572
569
539
571
581
549
562
526
532
595
545
537
516
548
551
519
512
566
545
589
521
528
558
598
546
593
557
539
510
554
506
568
529
534
528
523
575
512
563
564
565
574
575
569
540
538
504
548
566
565
532
520
579
574
560
543
524
580
542
569
567
545
554
561
556
556
559
571
565
524
542
540
528
555
511
510
539
548
560
538
533
553
578
490
613
546
583
535
551
566
575
563
586
542
555
538
521
542
564
567
530
505
527
539
495
549
587
548
528
543
593
600
575
549
535
573
559
524
571
643
542
592
528
578
561
583
532
520
573
573
537
482
556
587
570
533
548
566
519
569
530
574
520
575
553
536
502
566
518
545
531
521
546
546
559
592
553
549
570
549
603
528
593
473
552
558
529
607
570
585
533
553
580
516
545
557
546
543
541
585
559
560
547
580
560
531
534
553
528
599
531
519
522
532
562
570
517
547
533
552
553
567
565
556
535
563
545
580
544
574
537
554
513
522
580
584
551
546
560
555
543
579
545
582
502
621
537
546
543
541
576
564
554
511
541
531
569
565
590
564
531
518
562
584
573
565
540
505
558
570
522
568
567
562
556
602
539
552
524
531
525
536
508
510
608
537
541
554
572
557
547
579
607
505
535
523
593
510
539
568
587
546
559
484
565
527
608
585
574
543
551
545
546
528
559
567
496
558
516
535
566
546
531
521
544
549
549
557
559
549
523
573
617
619
573
579
548
581
593
544
542
560
535
564
563
563
543
542
543
489
558
557
568
603
528
587
569
604
545
546
534
493
570
558
519
560
525
525
506
568
552
567
566
558
583
551
577
552
551
553
551
570
553
558
617
543
559
512
540
538
547
563
488
539
584
586
552
529
551
557
529
538
547
516
601
553
533
574
561
563
535
552
516
553
543
561
581
508
594
525
565
548
559
509
528
587
590
538
576
540
549
523
514
484
568
559
584
571
572
528
561
512
572
577
570
627
528
594
500
514
528
567
570
534
545
528
537
550
575
461
570
585
566
550
534
519
537
547
581
548
544
537
556
565
480
569
577
546
528
539
579
572
533
522
536
546
468
569
578
550
555
541
569
541
551
497
579
548
575
509
578
595
536
562
536
555
547
532
551
545
543
492
542
586
569
589
599
526
528
525
574
547
538
556
530
587
538
589
605
606
552
511
508
545
510
580
577
577
564
514
549
519
553
552
538
565
567
581
569
546
516
540
539
577
554
546
562
559
601
574
597
563
564
578
536
588
552
519
575
520
564
557
528
538
527
501
533
539
544
527
539
575
546
561
556
551
547
564
535
549
546
528
525
528
548
531
550
555
558
540
593
564
571
548
542
573
524
538
546
544
590
559
517
561
543
529
572
546
615
575
568
586
551
526
542
538
546
536
548
549
526
505
573
528
541
538
571
575
558
522
520
552
506
582
522
549
572
515
570
557
543
515
581
544
530
560
496
561
560
543
561
573
548
577
563
541
551
565
552
608
598
586
534
559
595
542
536
520
615
548
560
598
539
534
575
545
559
554
530
567
517
552
543
581
581
548
577
583
532
573
560
559
574
509
563
599
586
549
510
544
544
618
584
522
590
516
553
581
565
528
568
587
535
551
512
538
557
530
586
560
572
511
577
519
524
516
547
599
555
511
532
516
513
561
575
581
535
549
525
549
600
597
547
563
553
578
595
514
521
561
593
553
520
579
508
514
605
521
570
602
502
564
582
576
602
515
576
551
506
558
560
549
534
575
508
540
533
589
554
599
552
531
593
547
519
525
563
595
558
516
556
527
588
522
565
530
570
568
539
579
549
545
508
518
528
547
512
533
578
512
532
579
551
560
516
556
548
559
540
554
559
552
601
557
546
573
534
570
546
539
534
582
566
553
527
524
545
560
543
512
525
533
591
526
574
557
560
598
580
526
554
535
538
551
587
487
536
568
587
625
531
581
560
551
603
586
561
543
524
498
547
574
539
565
538
504
551
524
562
489
516
526
603
531
541
582
562
523
542
528
559
538
605
551
552
538
531
519
538
562
543
535
491
539
574
555
553
562
553
569
557
536
577
585
522
543
538
555
554
490
550
573
522
542
566
550
530
567
558
594
517
589
578
525
554
565
516
506
521
513
564
581
512
611
603
538
547
505
568
551
556
548
542
575
544
567
567
547
530
532
532
503
572
518
561
576
539
620
533
576
557
478
556
601
520
565
558
548
555
595
555
528
539
501
541
558
566
573
557
522
550
573
566
554
561
541
572
591
532
538
525
493
578
513
574
523
575
534
541
538
528
566
546
590
588
623
535
571
501
550
529
517
508
537
570
569
542
599
586
519
602
552
532
520
563
562
553
542
537
577
560
540
529
539
570
563
541
564
578
559
539
588
496
572
529
558
571
519
552
557
523
550
562
557
579
540
597
504
540
532
588
556
571
556
525
521
520
517
568
591
567
603
547
557
511
537
577
542
528
542
542
545
519
529
559
512
552
532
587
521
549
577
546
513
563
568
570
555
548
546
515
562
527
526
548
588
587
520
556
557
558
519
540
550
574
583
545
527
537
531
514
492
574
561
541
554
575
553
556
551
520
559
572
574
550
538
580
536
548
583
582
518
507
564
573
561
566
576
540
579
537
530
513
572
551
541
561
535
502
583
530
578
603
521
561
524
596
539
536
549
566
567
581
551
515
566
533
544
541
548
572
541
529
516
594
569
572
541
541
584
593
553
556
561
517
568
546
531
560
539
548
565
522
557
521
561
520
571
549
533
552
506
528
562
523
527
564
604
536
561
548
518
544
524
531
560
589
569
514
569
526
524
508
523
570
573
567
534
554
590
545
527
517
492
537
570
549
548
560
550
509
584
569
556
540
585
580
574
604
545
518
590
583
532
509
562
542
504
574
551
559
557
543
558
564
564
569
549
530
598
604
493
531
526
582
544
535
545
577
595
563
578
533
494
560
532
590
540
513
539
628
593
585
584
529
571
536
568
609
558
630
537
568
593
575
544
522
519
546
543
542
526
540
604
571
490
568
607
572
523
567
533
577
562
536
555
568
544
535
546
569
588
523
558
539
549
536
568
544
557
551
583
580
504
544
535
537
553
545
562
553
558
525
562
572
563
586
572
562
558
522
608
565
600
557
566
509
583
550
555
569
528
545
539
526
557
541
574
518
603
575
575
541
552
569
587
574
548
578
556
578
584
610
573
556
548
534
577
582
570
567
545
605
572
543
608
516
562
579
567
517
567
581
531
564
526
562
588
555
499
585
557
581
566
564
550
570
526
602
520
516
498
547
523
581
556
583
564
564
515
568
504
529
509
543
537
536
510
489
552
568
577
558
518
486
546
556
550
490
533
561
548
546
548
536
574
528
507
551
595
540
557
547
503
526
549
563
584
531
561
543
524
529
609
578
557
505
541
551
571
556
531
565
548
517
520
534
561
543
569
558
560
515
571
546
616
548
541
524
533
563
525
577
572
561
604
523
573
577
541
480
560
577
556
550
558
604
559
513
563
525
564
534
532
526
535
523
552
504
548
572
544
571
535
543
530
529
504
561
564
562
555
520
554
560
560
541
619
537
557
519
524
627
566
605
589
541
547
529
554
531
548
560
537
562
578
573
558
522
528
517
545
598
585
613
569
587
528
557
536
540
579
542
572
601
550
547
561
599
531
562
532
515
526
546
525
520
580
555
573
548
565
555
566
530
577
508
561
529
538
571
545
550
521
559
530
596
555
545
528
530
573
518
521
517
554
556
556
560
544
557
506
542
551
533
560
589
550
521
513
583
522
496
535
515
530
551
553
542
546
543
571
590
503
580
552
535
504
515
576
561
512
503
545
558
511
579
543
596
500
518
542
542
555
558
580
548
516
567
543
610
569
556
529
554
602
508
537
527
527
540
564
552
540
561
545
579
543
558
524
575
522
539
524
544
571
560
562
551
515
586
584
519
578
560
531
563
511
542
532
625
546
517
507
554
596
553
574
560
574
534
540
547
514
534
565
540
554
540
583
572
558
587
555
516
572
569
575
562
532
582
525
538
560
531
557
571
578
559
569
582
540
505
560
604
551
528
567
533
520
552
539
555
559
563
589
573
548
591
513
523
609
528
589
557
584
523
540
509
555
558
573
542
570
549
556
481
532
528
502
608
538
550
598
544
577
583
572
529
552
561
566
512
547
531
498
549
534
541
576
558
580
571
565
553
596
534
567
519
573
565
524
560
555
530
553
535
574
578
536
549
535
510
548
533
533
567
562
512
564
570
531
565
531
566
577
520
553
586
552
564
586
522
546
534
535
549
547
540
531
507
567
567
556
524
546
512
544
496
553
563
572
566
584
511
472
557
564
538
564
520
560
573
558
568
546
553
569
634
520
544
585
546
516
580
524
620
588
577
602
506
539
552
507
513
530
573
533
533
549
566
507
530
508
537
566
495
572
575
539
597
589
549
512
536
549
529
566
521
571
540
566
489
541
572
518
554
555
535
554
544
533
578
494
584
535
557
574
583
570
592
513
569
579
576
556
480
583
514
507
503
560
517
535
612
537
539
561
556
534
567
527
528
574
554
506
579
558
541
508
521
510
545
539
581
571
573
556
548
585
510
589
575
536
540
561
562
568
572
567
529
552
559
545
572
517
543
575
569
551
573
553
520
599
573
550
607
537
505
584
519
551
552
527
540
525
528
540
583
540
582
584
594
564
546
534
587
559
588
559
517
545
521
549
550
571
520
563
574
542
524
517
553
578
577
570
534
583
538
508
566
561
517
518
546
538
557
537
536
545
547
562
557
588
536
541
498
600
602
558
546
544
546
599
503
530
556
539
529
524
584
522
558
581
627
527
537
540
534
594
534
567
521
536
562
554
554
554
562
545
495
558
564
588
558
562
555
506
521
548
574
552
618
565
578
516
537
626
587
539
550
506
590
540
545
519
558
565
508
486
540
548
568
534
534
535
563
556
582
535
587
552
547
561
542
539
526
570
551
491
552
541
568
526
553
543
528
528
525
530
554
518
549
545
561
563
530
530
551
583
527
554
548
543
552
562
547
516
523
532
605
510
547
535
570
533
549
553
548
569
562
544
546
504
531
543
538
554
556
533
551
575
561
528
522
548
560
610
554
473
531
533
487
540
586
514
543
525
594
566
565
578
537
539
594
567
525
586
556
543
594
536
557
561
551
559
580
555
566
577
549
529
597
552
566
514
578
620
558
570
594
560
573
606
561
582
537
543
544
531
507
544
545
583
533
569
572
574
506
574
547
537
573
561
535
524
598
522
543
601
574
537
593
486
549
545
524
533
553
532
570
527
536
570
587
586
558
558
530
500
532
514
546
540
541
571
541
561
569
524
524
559
546
574
599
541
557
543
545
571
557
525
580
518
580
557
503
557
506
555
530
553
537
535
575
583
567
531
536
578
535
569
550
548
513
571
577
534
532
590
535
560
604
588
561
526
526
555
508
556
542
522
574
561
539
556
545
547
530
545
514
545
525
548
522
528
513
553
525
564
489
546
545
560
531
510
538
547
569
522
557
573
550
527
581
559
581
553
584
477
533
539
575
543
533
547
547
561
558
570
554
570
621
535
541
524
573
538
535
622
512
572
556
495
562
505
588
503
542
572
580
559
532
549
521
543
534
565
514
559
554
538
557
608
565
531
520
510
555
544
556
605
529
533
545
521
574
583
493
572
568
538
544
541
595
560
588
569
548
577
587
601
532
596
516
526
576
544
515
535
558
574
579
534
554
519
586
543
567
565
543
559
569
541
530
572
526
513
571
519
544
501
557
545
528
555
518
529
495
521
567
572
580
541
580
538
535
563
565
540
534
566
526
543
530
548
559
534
615
540
513
519
552
529
520
575
530
548
528
550
533
507
571
547
583
517
512
563
543
591
543
535
581
548
541
531
554
573
570
566
565
547
565
539
573
525
556
537
549
520
545
522
528
556
522
528
496
540
568
557
543
531
497
537
547
563
562
580
503
580
520
514
566
569
552
580
518
498
535
550
614
513
562
552
564
533
529
559
524
505
541
492
536
565
526
559
537
561
595
529
546
573
549
555
558
574
627
524
532
578
589
536
527
496
585
547
563
520
529
548
532
588
576
585
560
557
515
546
563
536
532
524
549
515
562
546
477
548
577
537
571
498
563
545
553
573
489
594
572
569
543
540
555
551
608
521
553
554
557
521
568
555
574
572
511
564
528
512
532
576
520
534
561
597
589
539
568
572
558
568
520
541
534
541
588
541
600
547
529
578
554
511
546
500
559
539
629
539
562
521
627
596
528
556
558
513
580
526
576
566
572
548
485
529
569
566
550
502
509
532
607
506
551
584
491
529
532
503
527
501
527
585
572
581
618
559
566
578
541
572
545
590
529
537
506
587
575
566
576
546
558
569
552
572
567
583
528
563
515
550
576
544
520
571
534
507
554
536
568
549
543
547
552
579
588
523
503
571
544
565
583
543
591
553
518
529
567
553
536
509
538
500
520
547
573
556
556
518
531
574
562
569
539
506
569
572
588
550
538
582
584
573
569
582
581
545
611
563
543
525
589
534
555
577
550
585
482
508
537
539
537
538
535
539
578
489
550
613
536
554
576
554
559
595
556
537
555
546
523
534
511
504
538
553
596
561
527
575
555
531
546
588
548
568
556
505
540
533
565
555
501
570
576
567
541
549
510
540
514
570
525
536
556
553
570
524
560
530
525
566
550
573
547
569
559
552
553
546
575
583
561
574
597
580
580
514
591
554
537
527
516
565
522
584
563
535
517
509
532
568
529
515
530
508
545
540
545
575
533
507
549
557
591
562
548
572
552
528
546
573
594
568
530
524
539
487
535
571
554
566
617
513
538
545
590
563
525
553
565
503
511
601
549
570
561
557
509
558
537
551
590
522
597
505
622
527
530
562
566
591
568
559
540
590
472
588
590
539
558
573
518
549
567
534
552
561
572
567
492
548
582
562
535
517
555
554
591
581
520
549
497
574
557
555
597
503
581
605
504
559
497
500
544
565
570
566
540
543
583
531
539
546
565
532
555
531
558
563
550
538
545
591
602
509
536
535
521
599
591
505
564
509
518
545
569
532
558
522
525
545
553
493
526
529
522
565
578
549
577
554
531
567
547
523
584
500
534
579
505
594
508
508
631
533
615
549
575
549
569
592
581
586
525
525
581
519
555
522
532
617
563
539
533
580
562
526
563
571
562
575
525
531
601
537
563
529
514
609
572
552
565
545
547
565
559
524
547
581
544
545
545
577
577
576
548
552
541
530
566
583
534
600
577
514
491
585
542
496
518
563
580
559
502
535
563
491
507
545
515
589
565
516
510
576
548
571
534
551
552
576
516
564
539
524
501
519
534
555
553
519
532
553
553
541
546
534
553
572
562
523
559
530
528
557
535
577
501
552
571
587
531
570
564
582
526
545
603
524
567
526
500
523
547
567
540
550
595
575
559
552
530
503
567
593
564
586
541
565
598
573
568
605
552
550
593
499
577
542
503
563
570
542
566
570
573
553
529
588
550
518
581
555
561
575
562
536
558
519
530
546
538
547
571
578
558
514
549
499
508
588
564
500
565
559
529
539
566
554
540
562
590
560
577
553
583
539
570
544
576
588
540
539
554
618
518
564
538
542
560
547
575
565
550
551
551
523
564
549
551
575
530
543
555
539
577
573
546
528
548
515
559
528
578
578
612
586
500
558
555
552
548
502
535
507
516
536
541
505
557
524
575
571
530
566
536
544
517
529
547
536
563
555
587
551
543
586
521
548
569
548
503
524
561
545
549
598
570
541
569
533
555
575
517
556
514
574
591
547
536
540
535
553
530
565
559
528
504
555
589
543
542
599
490
583
515
517
596
558
584
545
510
585
540
508
556
564
551
516
541
532
556
540
532
548
506
539
604
514
529
568
552
589
569
557
571
563
576
523
587
580
540
533
552
551
578
535
523
533
533
558
536
519
580
554
551
522
521
517
547
563
611
528
542
577
529
563
526
553
560
527
577
565
542
555
531
541
553
535
531
591
549
583
545
572
507
538
571
549
554
519
594
512
547
526
531
508
598
543
566
556
575
533
539
619
561
511
560
568
563
521
582
579
552
496
546
499
547
556
576
539
566
543
513
553
541
538
562
577
578
514
516
529
574
589
551
548
536
599
600
537
549
562
538
537
578
539
523
561
505
526
598
525
587
560
501
533
556
547
503
582
511
522
531
587
553
586
523
568
543
545
583
560
598
544
547
604
561
548
496
539
558
577
554
547
553
532
559
534
579
525
514
601
553
555
511
590
552
559
547
608
593
565
530
582
645
550
543
570
575
530
548
582
516
518
537
516
527
576
560
554
500
521
523
559
504
593
553
543
549
545
574
515
570
520
569
503
598
576
551
577
606
612
544
577
596
528
542
540
528
552
531
572
540
543
530
547
511
506
532
543
518
525
549
547
540
564
550
578
521
555
567
583
571
525
573
533
521
543
571
527
580
598
552
615
533
520
604
541
539
497
524
527
547
549
527
558
555
561
567
549
583
528
557
536
550
562
582
584
479
591
551
588
563
533
515
568
511
552
599
521
574
535
564
605
554
587
557
507
542
547
560
521
522
535
529
523
558
535
514
562
477
516
543
604
541
540
484
563
594
601
600
547
569
546
523
541
555
528
576
588
511
556
574
584
525
538
532
569
557
573
566
542
600
580
497
533
585
513
557
552
564
595
544
552
535
486
558
579
549
541
545
542
551
516
501
563
541
579
572
584
518
547
538
555
540
538
535
542
538
575
603
516
504
515
549
505
551
570
542
581
526
590
554
545
573
605
589
578
607
571
567
580
558
542
548
532
559
574
509
520
526
608
551
571
544
539
525
556
531
577
581
575
555
582
567
533
513
580
572
508
600
539
550
503
576
580
544
532
526
570
560
555
549
557
596
557
520
494
557
555
522
579
594
539
487
519
526
617
551
549
548
562
581
566
541
560
598
533
562
547
565
580
548
531
575
590
548
595
574
544
597
516
501
538
572
566
573
555
535
578
583
511
546
598
519
536
589
564
569
572
540
556
593
583
522
593
555
558
528
598
583
555
542
555
556
547
541
565
558
536
551
559
553
518
531
554
542
548
541
512
576
516
523
525
573
561
571
568
575
531
494
577
540
532
532
566
559
612
569
542
540
554
554
518
511
545
539
534
556
575
566
551
517
523
578
562
540
550
523
497
546
516
545
564
554
513
563
520
549
528
580
546
509
583
579
557
611
533
570
548
560
542
545
488
520
542
587
592
555
585
553
592
555
546
558
607
579
555
532
527
519
561
523
568
504
570
566
580
530
548
568
570
576
571
496
554
546
561
490
525
626
560
556
538
532
575
574
571
553
518
573
585
566
595
501
527
561
568
550
554
544
531
571
536
529
561
567
563
562
567
537
544
539
545
589
577
560
562
531
541
611
490
604
540
558
512
606
551
575
586
559
524
538
554
525
522
552
566
520
599
534
593
563
555
510
498
494
573
552
573
548
566
515
510
517
564
516
588
547
536
582
609
510
557
530
564
489
529
542
568
561
495
530
518
534
514
581
570
572
581
559
519
600
562
546
551
541
564
583
525
518
530
577
553
529
554
564
528
562
519
526
583
504
540
536
571
547
612
560
551
561
521
538
529
527
580
521
518
570
589
617
536
518
552
546
547
555
589
566
568
567
525
551
540
586
567
558
568
546
549
546
536
562
555
544
537
597
498
573
561
556
550
591
529
515
564
577
527
589
543
512
547
534
510
562
506
561
549
525
594
545
528
543
531
507
563
505
563
536
584
563
558
566
570
538
621
556
587
555
551
554
546
548
503
565
554
560
549
537
546
593
530
548
544
551
531
538
599
537
552
547
582
506
515
491
493
560
562
534
542
563
511
556
617
557
531
515
497
518
565
546
568
587
509
536
519
502
535
522
564
542
582
521
537
548
566
554
540
530
596
605
548
487
551
525
573
567
532
580
489
525
508
555
536
545
558
560
571
558
589
534
555
530
561
538
565
574
533
590
568
563
590
504
559
531
545
538
535
563
523
550
544
568
587
578
510
533
567
537
552
540
504
541
580
566
506
537
543
559
554
552
594
488
540
593
562
517
561
527
527
559
551
563
603
507
559
558
539
569
568
542
601
572
526
526
552
570
516
537
564
559
531
522
562
498
555
562
617
582
527
547
548
543
533
553
540
545
550
509
544
560
590
513
591
584
582
583
555
572
523
519
581
539
526
570
543
574
527
527
561
557
579
533
573
508
558
541
519
563
544
499
547
493
552
516
568
520
545
575
584
542
557
540
532
555
545
611
559
526
523
561
536
564
571
507
524
516
545
548
492
571
620
526
525
489
516
580
532
534
565
544
537
567
543
567
554
543
560
577
561
542
501
575
529
539
533
585
541
558
533
544
553
578
530
567
565
574
575
566
527
565
537
516
534
598
571
615
535
598
539
583
557
586
537
579
513
535
566
534
605
571
540
561
541
501
562
544
532
568
509
547
545
532
542
533
535
547
533
608
559
565
548
577
619
609
538
550
583
516
572
547
555
509
616
539
546
527
584
536
556
542
543
561
537
580
528
554
588
565
556
488
552
536
536
508
576
573
523
537
581
558
576
578
536
505
523
524
540
519
548
524
599
540
569
581
529
547
543
562
522
613
596
593
532
561
527
568
555
593
540
582
559
581
536
578
602
562
565
583
548
559
569
580
521
566
539
533
562
537
554
549
540
545
556
541
534
535
547
585
532
560
567
531
516
534
576
536
548
595
537
558
584
576
521
569
578
548
526
516
557
571
518
550
523
584
561
575
571
530
515
548
557
549
499
549
572
557
566
520
505
573
513
535
538
551
507
547
559
516
545
530
570
589
