91
103
124
153
62
192
0
46
129
156
232
60
191
170
212
173
196
14
66
218
22
87
90
40
8
139
213
140
21
200
116
216
181
171
139
140
58
181
243
208
22
75
48
56
44
98
33
169
157
91
25
59
114
145
101
51
177
155
34
193
143
50
181
24
79
163
147
157
142
197
72
87
229
189
21
224
90
184
169
154
25
161
128
56
14
78
6
74
28
114
141
30
109
82
57
135
165
16
169
140
90
180
85
95
33
41
81
101
72
183
28
35
185
137
141
133
64
63
14
67
8
174
121
126
207
175
15
26
109
10
115
19
136
154
6
256
148
18
213
167
31
170
121
71
58
189
93
160
107
149
41
88
100
0
85
10
56
0
79
129
163
106
86
84
169
164
87
75
48
145
234
106
25
39
99
168
128
136
176
119
69
78
90
74
134
85
134
155
60
124
135
59
184
23
11
33
45
31
86
165
22
8
154
221
180
101
161
219
127
44
52
122
239
32
202
26
57
66
197
23
78
156
242
0
220
127
90
47
145
57
165
53
147
217
95
23
23
79
164
27
140
189
29
22
32
211
196
2
190
56
116
94
46
203
0
34
124
137
177
6
62
212
152
182
87
205
48
121
202
27
181
38
214
193
104
79
118
65
151
97
130
11
33
119
210
167
187
45
49
30
42
34
195
164
157
47
5
99
62
31
58
133
113
86
180
148
110
119
211
109
227
165
175
202
168
125
41
175
67
252
164
209
105
135
177
209
177
46
96
102
43
192
55
18
82
126
111
159
152
53
213
73
195
7
132
156
36
203
191
53
63
38
175
111
106
43
98
219
114
100
71
187
111
24
0
159
192
107
55
5
159
152
189
41
221
141
183
33
122
236
54
115
153
71
117
80
110
224
142
4
73
12
57
26
99
86
167
18
149
75
0
215
8
37
109
88
229
102
216
24
176
28
49
222
80
69
217
93
0
16
52
208
103
39
62
143
5
49
197
0
126
164
28
135
179
132
83
177
116
0
202
132
169
200
180
112
68
42
9
194
46
152
125
134
59
109
111
75
34
87
65
117
27
135
23
49
82
169
13
92
118
86
179
171
126
185
131
46
72
153
16
64
152
61
156
14
80
160
199
142
133
91
62
123
163
29
130
49
170
63
169
131
195
50
109
16
10
210
53
30
128
136
168
200
206
171
98
111
89
213
78
216
44
199
118
97
144
39
7
205
171
132
93
15
158
83
133
61
161
56
147
144
77
201
61
18
136
110
207
139
182
139
203
26
107
186
156
92
193
174
158
11
21
129
147
216
151
155
171
0
145
33
57
114
119
47
59
0
203
13
81
177
227
158
139
64
78
75
118
105
134
7
115
160
39
130
146
34
145
112
102
56
26
121
27
100
71
105
208
70
208
22
40
28
193
183
202
14
160
40
101
108
189
154
112
63
9
125
86
161
79
42
109
61
63
102
225
85
133
11
59
154
13
74
150
63
9
45
35
20
20
22
183
197
49
102
40
70
35
84
117
0
187
170
229
204
175
176
215
151
93
103
153
102
0
143
138
26
75
9
158
223
102
71
140
203
92
105
99
124
204
181
187
136
165
6
49
185
194
84
117
158
39
0
68
153
129
20
98
160
134
134
179
156
208
59
102
78
120
106
54
96
183
84
111
118
101
110
23
63
133
193
28
206
99
175
197
111
109
12
103
238
28
67
127
198
241
126
17
171
166
7
81
44
56
174
105
4
124
189
75
135
64
75
151
122
27
49
22
152
120
58
195
174
30
67
74
121
93
0
196
147
78
73
41
218
118
76
181
12
254
193
213
67
54
181
0
0
158
49
35
113
226
81
220
169
111
160
31
82
173
106
7
94
61
26
14
61
140
40
108
90
62
31
70
114
160
142
78
181
136
103
110
154
84
98
130
51
18
69
108
37
86
51
202
52
136
58
174
41
185
74
133
36
78
74
60
35
46
202
102
92
13
54
77
67
91
150
85
24
199
23
153
189
137
178
34
213
134
115
220
96
55
159
209
130
35
12
38
188
95
181
61
142
150
188
155
39
97
85
88
226
191
152
79
88
176
170
40
213
118
208
175
89
56
167
186
136
