165
0
456
49
267
362
88
221
250
273
25
299
397
279
336
344
60
292
439
267
168
483
187
161
166
55
51
126
162
142
213
144
189
443
296
58
354
228
295
66
306
415
30
259
397
314
75
324
330
253
277
73
169
18
60
319
42
311
185
253
74
416
142
531
84
42
458
461
188
96
117
370
129
336
415
167
391
234
187
290
30
201
276
33
323
156
453
62
457
142
336
467
425
224
233
502
446
96
319
33
229
199
250
43
437
205
175
529
189
147
29
376
440
502
225
300
512
220
39
94
227
0
32
321
369
214
31
393
407
458
257
228
150
369
410
378
38
368
209
34
28
424
30
134
230
434
91
203
50
267
150
462
161
29
35
278
93
423
75
303
105
208
245
400
363
370
335
415
111
218
0
99
124
44
289
288
129
0
162
357
489
214
232
421
392
161
34
409
297
95
220
174
110
418
300
364
109
336
145
286
252
50
383
94
92
85
96
339
355
81
106
26
60
310
265
314
270
305
266
167
139
104
256
49
276
499
202
64
424
41
349
188
25
277
379
71
229
334
142
279
32
162
488
98
139
280
130
368
117
161
369
54
412
263
282
336
423
208
58
361
124
305
297
347
87
387
289
238
164
0
91
181
356
458
207
119
462
305
451
419
25
203
54
281
33
440
85
502
353
475
251
100
308
219
216
269
396
407
0
166
36
417
68
73
432
163
31
433
279
0
492
306
83
302
420
166
132
170
241
466
432
232
151
476
431
84
370
500
221
140
242
100
109
51
22
204
481
85
203
457
200
0
201
273
153
93
385
434
502
67
118
296
59
295
459
452
81
310
388
323
189
47
224
213
14
290
424
246
95
246
249
272
494
136
19
50
182
35
12
466
59
497
389
452
46
100
36
53
44
385
0
280
195
68
74
65
403
328
411
315
142
391
392
23
307
226
341
362
381
57
155
354
355
138
466
358
0
411
427
0
362
169
125
299
518
163
190
371
46
299
30
206
76
17
307
71
28
254
158
382
123
258
164
275
47
222
102
419
538
290
420
92
463
469
56
301
474
136
47
237
416
228
201
51
191
378
493
287
119
83
429
300
403
0
18
334
218
218
44
24
0
487
506
330
413
275
193
330
262
287
215
410
309
456
137
21
500
432
356
188
222
309
17
110
281
411
140
139
28
393
280
480
211
178
392
476
45
24
435
144
70
411
439
327
397
181
443
174
120
462
228
99
375
396
444
241
183
81
123
187
374
245
133
415
132
0
371
313
210
312
508
253
0
205
240
417
114
261
287
388
256
322
183
217
461
236
339
21
102
111
114
488
44
32
337
239
433
292
314
369
325
313
431
169
478
221
276
319
410
124
139
172
213
141
387
163
351
248
221
139
155
82
163
141
376
460
331
197
192
148
227
199
202
272
19
205
90
74
409
501
190
464
288
240
380
457
262
420
229
27
374
300
232
75
152
321
64
109
415
210
333
355
334
407
346
230
175
77
63
70
77
386
449
244
104
365
311
92
150
391
173
451
72
396
212
39
281
473
66
100
378
15
288
318
226
300
271
65
364
270
364
263
224
211
173
185
273
135
491
423
131
56
294
381
199
274
139
341
213
432
438
217
252
103
460
74
140
369
18
128
486
424
115
67
349
83
413
407
212
194
348
169
491
253
376
198
393
439
122
384
254
299
323
367
350
169
55
161
343
390
469
468
224
108
63
131
290
411
152
0
36
99
247
491
144
292
395
385
64
192
387
351
396
306
379
233
206
72
369
178
148
345
473
16
458
530
74
288
322
67
260
172
397
220
331
195
137
302
252
233
323
199
0
423
44
127
478
155
317
327
20
417
52
306
31
329
304
275
506
134
330
67
438
397
226
239
371
105
206
280
158
326
0
327
203
357
463
183
367
80
486
92
378
287
213
183
44
133
104
438
450
218
66
126
247
64
191
0
431
0
175
238
271
469
54
131
127
240
349
475
115
326
490
57
478
392
415
449
128
216
341
402
134
75
422
42
391
469
450
94
25
115
196
331
364
366
30
0
306
407
400
399
181
265
176
352
105
353
478
109
432
272
443
160
273
328
65
116
94
233
32
178
321
255
184
356
362
268
330
114
145
165
483
115
428
512
0
279
188
425
378
183
51
189
460
332
246
40
354
246
454
192
287
150
105
436
407
63
325
91
103
267
101
416
366
96
475
242
202
159
415
349
380
114
39
131
418
90
267
17
150
159
436
179
33
222
224
89
516
165
280
446
525
472
378
245
247
349
307
461
112
260
495
384
211
290
214
18
377
21
465
295
146
412
342
220
212
47
184
145
302
91
151
395
431
203
330
189
338
233
0
17
412
310
190
30
436
416
312
431
255
477
403
199
49
351
198
341
372
527
94
446
290
61
166
480
289
83
290
328
317
344
148
0
369
327
62
242
254
286
137
475
275
173
429
493
433
372
279
61
441
256
205
176
329
339
306
483
91
301
306
441
332
137
410
200
379
369
414
452
414
413
24
0
381
362
390
207
495
81
126
0
275
219
49
235
215
356
119
231
459
150
74
53
238
31
159
93
441
0
315
170
40
232
249
178
212
409
427
472
222
179
352
334
160
350
486
104
386
132
66
370
114
316
0
397
520
121
318
40
41
537
176
42
257
0
275
392
339
373
250
378
151
132
293
294
242
280
230
203
445
222
440
381
32
149
182
147
221
506
289
402
180
398
108
54
495
187
97
387
165
250
38
399
418
308
454
166
501
471
48
282
376
368
330
28
311
123
218
295
152
137
0
404
91
278
438
211
367
202
61
0
269
60
467
433
116
402
130
473
290
409
284
314
0
76
316
244
98
69
142
327
397
451
186
421
367
199
407
329
472
376
179
90
326
143
489
367
229
480
268
262
542
350
451
154
465
396
513
232
196
333
131
415
156
191
264
233
292
401
307
187
352
348
82
317
139
106
444
81
58
50
264
192
335
283
455
206
279
27
152
466
379
98
449
481
467
423
177
54
284
139
179
312
228
178
120
183
409
192
258
275
449
274
48
291
240
228
321
380
248
63
460
156
479
372
244
286
216
167
454
228
349
430
29
400
476
186
417
162
217
234
253
27
229
320
111
534
64
67
168
433
238
230
478
129
253
417
71
426
485
153
67
281
0
359
394
84
483
478
99
391
171
404
324
451
32
176
95
29
114
343
213
382
395
98
15
426
101
497
392
245
141
286
454
379
54
439
224
489
343
131
237
213
389
285
0
483
335
388
287
165
296
225
405
96
444
218
372
131
65
403
515
212
122
182
115
485
384
94
387
28
0
429
137
268
415
295
472
179
247
75
411
64
229
197
384
62
293
68
344
475
203
453
451
104
404
121
359
155
203
347
272
159
233
358
411
350
213
130
248
71
197
520
98
70
365
459
277
240
194
186
486
301
337
39
295
175
41
179
286
123
115
43
195
283
415
208
167
225
256
336
194
355
87
180
293
49
102
238
260
149
17
18
334
433
464
0
212
315
131
195
26
144
391
255
390
445
378
40
99
250
101
100
378
212
455
129
271
348
65
383
130
467
169
0
489
115
274
324
237
276
80
410
242
257
61
297
88
313
138
196
499
280
297
239
84
23
275
359
203
401
444
83
24
471
227
238
257
415
210
317
94
161
233
140
476
147
87
71
429
176
439
420
504
153
178
462
291
200
446
352
485
97
0
275
384
170
368
16
209
366
393
427
355
101
334
93
128
62
21
55
53
217
487
268
21
413
33
164
161
474
430
466
259
317
444
57
382
257
52
494
116
75
97
220
239
18
174
495
155
403
387
166
33
50
387
338
18
484
410
102
217
250
154
103
305
0
451
129
434
320
243
143
198
338
94
363
205
433
467
415
125
192
180
325
445
507
437
128
296
130
144
124
154
187
442
490
93
455
508
460
82
206
346
404
181
266
53
277
498
52
473
63
44
205
268
217
321
112
46
60
417
359
283
471
14
514
372
166
412
238
383
473
531
195
344
423
455
39
39
453
385
15
356
88
469
160
331
54
383
339
303
14
453
184
256
18
264
412
118
214
294
191
196
307
487
211
431
64
118
135
19
450
225
84
435
341
109
159
162
328
194
355
59
470
132
80
282
419
193
187
266
152
183
71
276
452
170
302
497
345
222
136
84
318
252
82
23
180
0
391
0
327
405
336
483
179
237
534
131
46
278
136
420
360
445
149
184
0
318
487
156
334
362
430
97
250
317
143
0
138
229
64
239
10
70
132
236
419
392
392
464
64
66
175
519
383
126
165
361
110
179
414
202
78
326
349
484
79
159
275
182
62
65
86
169
0
117
425
432
445
206
442
140
150
463
483
296
239
459
217
521
147
383
0
280
141
121
273
99
14
189
154
434
205
49
82
177
84
471
348
441
233
88
45
85
290
186
190
49
383
115
62
216
315
340
93
339
245
423
332
248
389
166
363
386
359
252
316
321
488
208
158
473
180
545
89
110
202
186
236
310
83
133
330
83
363
20
275
401
385
172
373
344
450
94
150
312
310
376
386
336
360
300
120
535
388
302
22
455
484
146
493
473
317
150
35
403
314
464
85
117
145
123
45
114
257
274
176
300
89
387
106
183
68
81
197
436
99
485
113
451
87
209
295
123
250
403
218
305
148
167
244
286
99
459
103
48
207
335
367
259
148
313
452
94
386
413
329
418
473
515
61
33
326
157
109
43
117
311
204
378
130
250
353
0
153
280
487
77
398
465
415
66
0
162
463
402
358
99
252
133
223
457
455
76
257
373
225
166
145
222
259
129
425
383
292
269
224
328
354
186
468
118
292
210
420
471
346
284
457
401
194
260
312
49
212
542
396
105
340
419
41
479
388
374
455
173
138
351
216
206
0
278
356
122
67
70
133
158
441
163
502
113
211
518
414
118
421
331
351
94
369
255
470
230
266
463
297
256
319
78
442
394
34
458
38
32
59
511
424
410
208
0
19
98
140
235
122
30
24
284
29
436
341
301
480
115
435
306
446
46
333
216
320
165
181
40
320
48
334
94
302
85
474
361
343
330
313
449
120
274
379
493
388
292
280
54
404
265
308
293
137
484
424
353
314
279
469
459
329
291
373
135
268
179
136
45
29
62
402
193
41
197
66
221
103
178
294
88
311
432
55
456
96
246
357
62
246
94
311
212
430
281
379
131
194
295
335
340
260
391
464
353
39
260
378
81
264
532
344
60
145
523
448
237
167
357
414
161
153
204
197
153
471
205
341
83
71
384
221
98
64
194
165
388
407
424
325
372
473
189
481
175
130
236
108
67
508
281
197
142
403
329
301
107
242
386
0
402
285
69
140
450
448
399
299
77
387
295
421
95
63
67
97
20
97
300
81
386
182
130
189
445
279
228
385
499
181
191
292
152
425
179
45
288
140
253
432
258
431
371
255
61
217
384
435
258
468
61
75
78
99
112
399
76
291
381
31
220
479
402
128
347
196
269
446
94
406
65
254
166
506
141
134
71
402
345
218
288
123
379
225
383
68
0
52
493
485
363
283
468
25
127
448
309
495
359
180
215
242
131
148
142
110
243
160
373
407
205
93
282
35
70
339
171
264
126
230
92
353
83
17
116
0
223
99
477
462
31
172
307
374
379
214
336
80
506
210
24
272
310
196
490
0
60
353
55
421
115
390
71
125
248
329
410
255
354
54
98
117
329
337
251
237
195
522
0
394
81
113
410
453
312
289
174
439
54
360
468
232
346
471
326
149
333
76
422
359
463
101
50
35
331
542
31
424
58
468
332
85
394
0
453
456
264
313
161
488
68
515
447
311
478
116
367
166
160
241
334
339
161
485
186
366
359
365
380
505
64
209
440
253
238
96
74
348
48
68
163
241
158
87
216
61
352
353
0
444
126
171
438
409
325
80
186
206
471
52
187
135
172
50
166
172
73
84
181
175
194
388
404
267
129
282
282
401
374
165
238
331
91
69
347
145
61
241
256
101
0
303
0
410
22
452
441
325
473
59
279
221
50
325
350
380
46
107
306
296
461
0
210
434
308
448
282
48
51
69
308
501
24
364
30
107
320
0
322
74
227
168
443
234
259
60
68
477
162
249
209
463
495
126
255
426
76
192
159
493
419
415
102
55
423
430
405
376
48
216
205
62
27
154
377
289
366
311
80
373
209
212
457
357
503
179
152
103
482
165
332
23
233
398
114
184
399
420
393
31
199
217
452
361
416
45
343
276
44
223
464
257
406
277
164
68
66
257
374
129
161
130
242
250
124
46
137
120
172
98
172
325
336
23
415
177
462
487
403
112
163
196
493
389
424
22
444
75
57
88
318
321
0
278
176
256
394
256
332
444
257
434
477
255
334
19
282
65
384
173
260
80
327
459
220
89
26
281
383
169
365
377
123
356
38
258
349
188
275
176
389
453
315
425
453
66
466
183
9
261
310
290
327
221
427
259
214
205
509
346
313
517
223
105
52
81
371
362
404
410
460
60
455
195
375
485
198
341
303
71
429
506
284
461
454
175
131
369
164
232
32
209
342
355
246
411
302
85
359
516
530
365
432
355
18
439
236
281
207
342
516
264
341
63
329
105
0
251
509
460
344
88
450
192
62
204
184
397
294
162
84
266
367
520
394
381
514
124
442
154
273
522
375
297
223
491
244
202
403
169
146
122
222
236
140
353
277
56
265
379
36
131
312
148
245
76
329
0
209
468
212
160
451
313
85
325
404
275
446
443
104
38
300
430
343
434
239
246
182
67
74
419
385
57
433
446
266
346
351
54
337
253
248
79
60
364
197
446
31
405
145
525
64
28
356
413
184
52
69
73
37
125
136
261
423
505
446
369
89
398
368
227
326
307
177
91
146
238
64
92
367
294
191
318
362
447
232
327
328
117
327
50
245
23
534
266
177
448
245
260
464
62
362
66
242
45
105
73
54
87
394
396
327
321
144
298
0
497
0
344
325
299
178
465
328
292
301
0
436
360
53
534
470
245
350
42
489
200
491
174
103
408
294
311
94
380
185
184
293
277
109
322
150
131
355
86
488
248
383
17
186
78
155
276
303
341
302
165
119
519
211
178
215
407
82
364
26
416
212
160
143
473
238
292
37
313
470
144
145
136
326
248
378
358
335
186
315
94
290
0
239
117
393
44
289
352
185
238
268
44
386
317
303
130
296
238
50
153
184
88
459
62
359
441
37
177
244
105
361
408
84
15
233
384
424
351
89
431
237
119
22
193
295
258
88
477
66
214
362
371
323
302
499
134
413
167
121
374
394
55
351
242
252
360
239
348
355
152
425
286
266
434
271
281
419
347
158
411
324
330
230
171
291
353
455
503
0
516
31
487
495
453
108
221
18
15
273
175
505
294
156
407
425
172
203
67
448
401
448
442
480
289
317
194
366
293
472
468
312
70
418
240
128
424
445
358
322
361
109
21
48
293
332
236
422
417
102
315
183
92
463
467
277
148
160
393
386
132
104
444
198
205
473
92
29
406
425
232
503
202
232
262
219
444
299
340
354
361
86
91
109
280
326
101
55
297
156
318
47
238
102
396
405
293
490
264
0
394
68
140
394
338
77
198
282
35
107
416
354
211
402
372
191
346
205
389
196
135
408
308
297
178
174
172
98
369
98
314
106
296
340
305
73
177
98
294
45
74
300
227
339
212
50
222
73
183
109
305
402
412
198
0
265
188
253
201
286
46
113
94
437
265
66
105
77
489
461
315
373
21
183
440
306
143
283
388
51
366
413
368
323
500
0
372
281
477
386
384
489
376
386
400
437
323
382
54
327
353
366
423
232
431
363
284
200
430
394
70
243
164
371
20
536
269
329
275
407
67
333
318
249
247
488
34
211
384
164
187
239
532
298
445
441
85
368
265
325
299
322
273
361
240
338
262
133
257
379
86
234
496
0
203
14
129
77
181
393
250
298
448
151
406
455
446
254
273
248
208
351
141
298
67
258
475
274
112
71
407
397
278
72
292
494
74
385
441
325
357
18
111
220
332
12
350
31
145
102
168
508
178
207
508
312
151
253
386
159
372
232
467
145
24
318
364
146
232
372
292
0
0
289
118
308
119
196
351
518
48
102
315
288
436
424
153
467
419
218
420
261
409
142
361
515
72
482
326
91
103
248
426
191
395
136
256
276
374
501
486
349
186
343
134
254
50
142
446
184
32
172
96
375
144
230
447
477
75
213
389
70
109
117
40
56
233
40
193
513
448
414
158
240
474
249
496
130
51
256
143
282
322
433
326
346
391
207
397
246
89
248
315
46
261
156
137
149
482
444
112
194
53
373
437
347
52
465
220
363
0
402
55
400
267
0
358
506
301
302
166
166
262
28
58
146
14
360
39
272
330
215
423
401
468
354
223
254
248
377
309
32
342
371
339
389
83
391
293
381
268
496
445
94
357
186
457
19
123
353
280
381
297
36
155
228
299
40
48
476
286
340
254
375
308
310
85
343
0
78
262
560
17
253
280
294
25
25
452
0
156
18
206
401
91
332
294
424
168
494
242
415
112
243
218
374
388
111
80
54
500
252
108
249
282
34
133
259
511
455
65
573
350
197
141
443
108
350
0
372
226
262
163
0
48
278
154
137
214
336
70
257
23
260
399
98
291
340
392
455
329
373
258
45
45
248
25
114
108
89
134
358
345
518
491
127
45
496
415
361
20
41
399
222
115
306
297
482
205
13
151
409
123
462
12
241
523
167
276
227
425
160
168
246
325
197
314
450
274
314
441
255
443
228
26
337
151
330
79
231
451
127
403
241
265
89
329
167
232
522
0
27
305
311
228
185
185
367
140
409
446
451
461
449
427
146
136
426
40
55
71
357
0
24
61
50
327
46
434
80
509
268
519
475
103
243
95
429
100
0
145
201
72
36
298
99
315
380
90
221
157
200
226
380
395
250
48
439
433
311
90
47
28
347
288
323
213
418
102
332
47
285
391
150
58
128
300
181
147
161
266
56
470
254
298
472
519
271
73
146
305
45
0
436
249
326
101
252
471
139
283
223
476
315
0
253
178
411
116
312
504
432
93
111
316
260
47
28
38
515
156
276
54
418
463
458
347
383
374
230
186
414
240
133
203
487
18
271
78
29
189
39
555
136
122
343
432
57
443
215
267
160
348
331
174
184
262
184
68
198
82
269
27
183
417
235
529
161
221
188
331
432
178
52
235
287
144
466
111
98
279
161
110
135
288
172
132
381
433
427
109
18
48
517
234
79
278
261
488
295
424
152
128
39
352
55
323
202
381
65
241
213
389
433
117
314
501
314
345
227
26
223
125
434
393
191
295
119
438
403
535
441
416
39
27
189
128
242
337
165
459
234
164
260
170
212
415
0
462
24
61
484
184
71
116
169
172
72
200
92
308
448
342
140
32
270
235
394
428
311
410
0
91
175
141
189
51
245
433
391
93
117
441
346
201
458
164
45
44
478
390
0
298
264
128
59
162
301
57
153
93
61
359
18
454
136
287
83
44
372
495
336
471
130
73
230
166
143
405
156
64
218
46
346
255
370
168
68
282
252
365
328
179
211
312
32
70
392
151
96
338
459
346
120
411
440
338
148
243
464
210
57
270
460
161
151
169
360
77
336
368
38
404
277
493
284
394
496
117
437
220
378
155
237
435
313
196
449
111
187
347
52
369
126
270
296
339
243
340
101
251
365
431
139
280
41
129
336
58
272
59
86
232
318
124
337
496
490
458
456
421
346
282
398
240
101
376
257
411
146
181
323
440
37
445
0
201
54
226
215
502
275
70
98
227
434
337
69
35
216
225
104
64
443
415
481
422
96
301
37
74
264
202
114
467
224
449
354
42
