38
92
70
252
121
40
92
218
97
371
194
112
15
201
84
17
229
248
49
317
122
184
103
231
128
363
99
170
260
380
165
328
165
331
226
289
30
0
302
239
72
113
349
88
117
104
21
218
262
154
22
212
50
33
280
225
340
96
212
115
50
99
290
0
261
77
113
217
291
166
343
86
366
316
147
325
296
288
312
86
203
186
271
233
327
357
83
365
334
115
345
203
325
335
260
168
239
0
239
223
220
164
299
22
236
341
223
172
324
27
353
10
13
353
242
56
178
25
76
70
283
105
320
383
60
311
370
179
284
329
83
325
202
369
221
76
300
188
196
359
341
335
307
371
166
58
211
341
0
134
173
104
294
412
326
29
126
352
65
58
99
172
104
89
243
0
279
24
363
103
353
38
92
344
316
336
140
257
361
102
277
252
300
104
137
179
248
107
127
17
298
280
192
316
208
229
275
293
224
105
93
185
268
140
79
282
22
168
134
88
69
390
113
341
348
293
197
362
105
28
162
301
312
284
173
218
317
112
308
352
287
193
224
350
142
226
358
29
378
98
95
166
326
78
413
42
0
88
220
216
193
181
16
278
306
359
311
292
134
238
316
105
331
244
69
290
130
365
382
274
189
269
22
262
20
188
411
86
85
237
42
134
363
16
391
0
152
326
203
287
146
273
397
295
356
152
228
26
339
350
296
52
171
275
88
95
69
120
19
19
142
320
266
8
191
347
399
367
42
150
274
266
344
364
122
127
198
267
229
23
177
178
0
246
177
209
379
138
57
290
133
93
81
165
183
300
97
158
257
230
80
197
292
245
371
282
129
356
163
258
282
278
324
261
357
50
366
336
310
81
95
166
188
120
107
237
282
167
96
91
18
360
21
83
251
312
14
289
274
88
85
324
232
50
132
239
122
36
170
90
101
79
354
337
45
326
385
345
122
366
150
358
97
349
255
181
98
232
278
268
131
19
365
208
382
201
384
42
164
240
357
174
345
268
219
176
136
330
417
35
300
143
406
345
240
74
354
245
51
389
266
85
261
215
211
277
44
352
241
137
356
107
261
322
316
187
27
337
230
76
343
288
152
24
243
391
252
216
251
0
240
335
245
375
79
18
0
306
379
226
280
128
408
280
346
283
176
152
364
221
170
314
265
243
219
277
262
89
134
355
119
341
252
348
356
169
309
63
350
233
256
191
238
63
136
272
306
310
306
40
262
168
244
245
212
16
116
116
311
303
314
231
94
58
42
377
83
263
65
55
44
399
125
163
345
32
25
113
135
161
55
128
199
218
118
149
246
192
282
247
177
200
36
153
220
16
324
135
342
209
316
204
177
46
49
135
205
243
364
247
410
33
334
365
207
71
266
115
375
34
208
159
157
40
131
318
208
350
98
245
279
180
140
271
21
121
0
315
61
204
152
178
0
321
284
58
46
144
383
306
358
175
135
215
185
14
168
382
121
187
91
140
322
83
53
320
175
39
219
313
128
25
140
0
69
282
282
265
230
30
372
59
221
28
175
374
45
213
159
192
89
333
28
386
115
299
339
199
146
228
218
174
54
184
31
336
306
350
134
254
290
42
392
102
18
339
148
317
55
209
295
259
77
247
62
149
49
181
158
274
241
123
19
326
299
178
10
17
127
134
220
367
223
124
352
323
98
110
106
106
145
107
240
61
84
68
102
92
40
295
108
96
137
215
225
100
108
166
18
253
295
116
191
334
253
21
258
0
304
104
164
65
91
67
125
180
125
103
240
14
24
274
31
27
49
255
367
151
208
123
213
59
286
334
234
322
289
39
113
206
157
317
267
268
73
94
175
252
161
327
67
306
227
72
368
48
91
285
133
64
0
365
28
280
260
282
191
29
157
35
104
221
160
0
118
226
42
159
148
0
194
282
220
289
217
355
306
297
375
329
74
366
0
15
305
69
234
383
286
404
306
226
197
296
316
233
91
80
182
251
180
152
43
94
84
228
293
89
213
276
193
297
347
211
0
105
98
65
387
135
218
29
258
230
16
256
389
136
221
236
125
100
358
270
372
20
104
100
41
232
193
254
154
99
175
278
189
39
157
347
30
261
205
221
334
73
54
8
130
339
192
208
278
355
29
66
31
169
261
246
129
79
32
34
237
226
261
89
166
39
55
58
113
161
356
233
116
98
79
82
102
359
127
85
130
186
247
171
162
363
112
59
101
219
18
92
159
277
243
74
275
375
354
242
146
27
139
325
298
159
81
322
363
52
353
343
309
298
45
145
359
380
91
265
223
70
237
279
232
143
107
342
214
6
80
26
40
324
115
384
64
239
30
34
107
205
49
387
147
73
109
265
150
217
118
285
57
71
15
150
146
69
45
159
388
146
168
87
25
296
171
20
334
318
185
395
61
191
299
356
256
87
0
123
229
245
312
315
365
47
221
68
116
117
107
218
12
288
172
352
179
271
225
64
230
122
316
72
258
217
48
179
272
71
249
198
102
259
143
330
76
307
318
300
215
216
33
98
9
187
39
216
409
241
276
142
93
71
322
381
21
32
311
239
21
25
88
110
203
310
320
285
330
347
59
304
21
40
255
70
193
80
126
65
199
268
135
181
297
143
182
98
203
117
51
297
157
405
59
165
275
294
21
247
270
198
163
126
360
176
71
237
310
24
232
127
134
63
111
259
257
16
252
123
85
300
380
56
221
107
69
29
50
337
333
249
347
184
211
76
223
325
283
169
75
79
330
175
297
59
131
361
245
323
222
89
326
26
165
106
204
201
200
168
175
185
297
134
187
145
180
360
63
379
299
230
317
55
223
25
0
322
8
91
349
356
170
31
37
352
158
225
88
159
375
346
321
372
161
308
333
398
195
249
255
290
66
102
304
34
153
367
288
60
41
248
255
116
243
56
243
37
152
44
292
184
301
266
170
261
332
213
159
172
124
283
96
106
281
115
238
342
165
165
297
234
210
44
28
108
124
378
110
186
282
79
149
387
77
360
120
78
159
269
92
348
77
78
209
260
62
37
89
423
385
353
388
246
174
28
289
393
163
295
345
284
64
196
137
283
146
29
206
65
149
110
62
252
218
180
212
215
196
399
79
53
90
370
343
333
84
241
341
129
46
155
82
328
109
270
275
222
181
180
341
109
282
157
146
142
310
311
352
250
320
311
395
307
135
218
222
0
257
20
231
0
387
56
358
56
333
142
125
123
17
124
66
231
223
262
319
323
202
360
87
321
106
159
136
418
150
50
114
194
114
245
309
293
362
150
392
154
214
86
371
177
145
137
29
221
333
320
266
178
198
37
350
242
26
378
270
37
126
105
252
273
277
258
354
340
255
28
302
206
179
97
42
275
0
404
159
322
81
0
267
112
309
93
77
61
211
110
290
4
108
252
166
290
208
79
333
129
37
163
127
121
369
301
153
55
335
51
107
147
396
71
54
299
50
257
142
48
316
240
324
181
293
284
130
0
54
278
99
347
166
91
221
107
57
280
352
82
298
78
131
362
121
154
178
297
307
390
141
102
26
270
314
37
308
305
180
281
155
91
439
226
88
33
256
172
169
374
274
308
328
38
310
283
223
81
136
185
381
208
188
53
385
135
127
182
7
357
85
46
339
177
199
213
329
369
338
193
158
156
207
316
161
324
226
77
44
221
119
90
105
240
62
201
74
326
312
395
155
350
311
138
63
0
185
199
187
351
200
157
55
334
247
198
225
286
354
144
253
349
109
44
296
220
372
302
97
31
340
68
401
211
233
109
361
264
273
278
111
299
216
0
62
150
47
404
104
387
281
348
53
100
33
256
232
126
128
181
262
316
290
107
329
25
314
302
73
287
243
259
15
265
131
186
231
157
353
84
165
174
94
317
228
377
101
105
228
284
213
307
299
339
335
217
385
346
267
168
362
64
26
101
56
12
16
138
173
179
236
79
241
293
156
145
59
367
311
197
123
264
193
341
348
25
280
186
390
342
266
220
36
394
151
273
284
229
254
160
122
36
129
342
244
190
210
159
135
302
331
260
211
281
69
242
191
271
204
208
96
196
51
67
146
322
162
108
213
162
314
327
82
102
86
270
302
111
32
301
8
361
283
72
359
299
53
134
156
17
68
337
0
23
15
8
34
166
37
239
304
0
215
160
251
232
228
101
300
240
273
146
91
126
329
44
162
230
291
144
12
340
238
104
246
256
207
161
328
342
402
320
365
378
234
192
78
323
385
92
253
111
326
174
359
221
321
286
203
195
169
296
215
343
193
300
163
153
303
140
314
0
165
113
317
0
205
198
378
27
101
279
40
39
46
313
267
228
148
341
403
94
283
278
83
233
348
312
294
51
63
170
258
253
381
54
128
180
267
232
133
154
240
271
388
92
177
299
61
352
315
387
238
157
353
284
196
121
265
393
225
0
130
301
180
258
140
147
28
386
41
257
235
109
308
47
135
149
311
191
308
217
263
351
86
0
196
237
92
53
349
0
263
127
0
339
153
0
166
301
246
333
118
350
283
62
193
389
357
323
289
218
26
54
112
244
280
360
308
102
31
359
44
262
188
72
92
247
126
85
70
30
93
43
41
331
187
291
57
225
21
325
0
354
188
320
78
302
322
100
144
270
385
355
279
23
320
163
38
32
210
277
195
115
345
17
184
291
28
97
287
335
164
180
229
12
224
89
124
11
131
173
287
65
82
25
12
152
198
18
236
262
201
147
100
27
69
219
104
184
128
202
266
79
134
65
230
212
66
220
151
160
188
28
101
73
71
281
146
265
238
44
207
242
213
211
0
43
175
0
312
14
42
292
299
135
199
370
22
255
377
380
63
294
318
63
53
191
263
212
142
144
189
259
139
183
10
12
77
310
31
0
244
96
240
20
390
177
58
95
187
50
18
195
7
364
48
326
68
111
89
373
35
19
24
47
105
93
336
88
75
274
217
7
329
0
254
46
168
155
177
361
65
117
183
270
305
126
166
144
311
147
151
196
155
124
282
0
360
128
415
92
49
22
213
167
179
282
124
91
13
182
237
238
192
34
95
395
181
144
281
259
76
173
165
350
277
47
48
55
364
102
398
240
193
61
156
372
77
64
103
343
373
58
322
86
93
169
52
187
149
161
296
285
299
124
152
250
252
73
326
142
112
247
25
86
256
209
292
294
314
290
194
319
39
238
209
354
107
202
169
100
50
145
221
133
245
77
267
94
138
46
62
87
99
53
243
155
146
147
232
72
178
331
307
328
226
185
178
308
397
48
180
360
372
244
49
147
172
85
22
95
58
277
159
184
267
11
248
192
291
265
39
269
408
277
354
335
16
272
211
250
228
281
398
22
261
180
141
434
352
222
351
32
285
158
128
111
143
316
126
239
372
226
375
245
46
69
34
398
234
20
170
249
329
44
252
298
12
215
96
144
229
348
198
15
187
28
50
0
106
340
145
72
251
259
110
348
290
136
278
61
98
345
283
358
131
329
312
178
266
326
276
100
252
363
260
203
200
61
308
91
128
363
96
81
134
372
360
308
90
101
223
208
235
265
251
385
178
299
26
302
124
369
76
109
349
216
281
202
310
117
139
56
67
324
313
227
286
137
152
199
54
104
142
186
233
317
375
231
10
203
128
304
110
333
189
155
107
256
58
308
377
200
334
241
273
51
267
14
183
309
47
289
232
327
358
106
274
303
247
283
251
117
59
91
164
176
135
17
167
23
312
378
92
330
153
165
64
270
322
306
50
345
353
162
187
309
190
23
311
371
83
336
409
167
87
141
141
109
0
117
226
310
81
378
223
72
280
313
176
209
295
316
222
107
239
194
384
330
26
364
278
177
329
14
181
309
152
138
292
248
135
209
41
190
316
304
147
22
213
311
365
356
282
298
366
138
285
296
47
265
180
310
32
339
64
329
175
308
373
377
368
93
367
226
280
189
151
237
218
67
307
330
217
254
126
236
211
288
18
192
92
127
321
261
27
357
245
404
208
419
224
0
356
350
207
331
305
137
18
188
95
258
335
379
165
239
33
17
272
298
146
20
321
73
118
299
113
138
132
323
186
134
167
296
192
2
195
15
256
164
40
229
197
128
90
227
335
200
120
0
315
102
330
88
119
35
261
18
11
30
91
409
209
154
410
260
