264
129
284
182
203
66
152
172
378
160
176
291
171
324
259
261
215
103
400
36
244
129
188
227
341
0
149
124
126
397
0
310
242
188
386
243
231
147
293
357
181
169
27
219
273
25
230
319
343
251
274
256
280
363
391
156
301
50
176
219
369
379
92
163
331
48
196
290
318
319
13
266
137
366
419
438
0
419
140
58
240
418
323
311
400
257
140
0
366
71
206
270
201
252
24
122
325
0
390
189
41
136
345
457
339
335
51
282
211
394
327
195
422
341
185
204
378
407
280
40
249
298
222
232
269
295
368
375
153
126
54
25
329
77
264
292
402
317
95
164
308
136
247
300
287
62
113
160
282
430
302
187
106
17
129
251
19
197
384
197
291
368
301
358
312
82
0
353
149
256
423
361
314
282
97
117
277
336
54
196
9
351
41
115
397
199
393
92
100
312
346
210
315
238
330
419
281
220
34
365
0
223
364
136
115
253
222
207
82
0
179
146
41
233
153
201
96
353
305
308
0
407
0
199
196
204
56
87
130
11
412
0
42
396
201
195
124
312
82
169
174
17
180
308
307
276
160
368
23
84
385
173
102
281
385
61
116
339
323
24
149
100
83
206
335
287
315
43
315
146
97
336
188
213
49
297
79
306
392
48
199
80
269
147
47
305
19
18
404
250
212
23
127
116
140
372
254
116
34
329
222
50
17
106
340
79
275
37
36
19
25
89
38
175
232
317
66
255
279
113
129
271
162
26
400
441
133
216
94
202
356
31
267
49
33
301
310
93
110
324
307
378
65
331
128
139
227
358
205
261
97
404
13
251
322
391
48
399
108
272
21
304
157
9
293
105
357
102
26
282
259
313
77
308
136
321
267
222
192
212
301
414
249
213
418
356
182
415
214
282
105
209
296
258
402
370
381
156
264
142
269
65
366
189
10
430
67
141
305
291
320
194
49
388
343
121
37
389
182
274
287
66
130
206
335
281
409
17
131
142
412
343
283
55
160
147
395
154
390
133
189
366
379
413
88
389
260
215
51
221
348
321
19
142
379
23
293
165
180
359
63
450
0
257
79
115
174
365
234
165
117
196
220
165
408
244
228
186
408
155
279
210
209
22
101
15
191
19
23
327
380
244
281
473
117
414
19
185
92
117
165
438
110
44
329
109
148
131
232
153
324
333
181
193
38
25
206
49
39
404
272
376
57
451
136
270
390
352
44
159
252
322
353
175
79
63
78
262
210
103
398
189
133
91
374
275
342
412
246
228
23
328
326
284
231
294
363
191
202
299
281
320
343
258
292
251
125
114
295
338
399
94
340
19
415
223
282
126
95
230
174
258
52
203
0
146
121
239
400
275
305
369
303
301
251
157
139
31
134
183
16
74
384
51
117
191
290
370
151
70
240
312
349
346
59
100
190
202
137
346
275
161
259
172
345
80
226
0
178
311
42
300
245
253
312
345
274
174
196
102
138
365
408
230
171
378
417
164
448
372
60
63
25
226
329
140
339
117
420
228
195
208
66
364
207
273
299
128
128
173
347
395
98
264
113
59
387
321
250
45
88
260
275
305
173
199
184
175
300
244
35
71
295
104
412
101
163
176
113
383
46
221
65
307
106
55
307
214
394
250
426
107
387
95
330
292
300
52
37
24
144
61
310
36
258
15
33
391
361
359
72
103
125
167
57
54
147
395
25
341
331
105
291
95
335
244
293
162
379
330
279
138
456
413
421
368
409
253
423
233
341
388
391
144
0
149
203
269
185
95
15
371
44
278
0
122
331
396
308
237
400
205
286
277
380
373
356
135
284
270
90
32
274
66
217
299
30
22
181
256
313
124
194
24
378
278
38
197
378
120
372
366
60
261
42
29
419
52
342
370
195
260
89
18
264
0
220
247
361
148
0
110
343
293
372
187
255
42
284
293
279
51
407
323
341
383
225
346
0
400
410
273
114
0
70
344
70
377
206
259
126
398
308
291
172
193
424
387
239
348
396
102
233
131
325
221
78
368
58
388
308
123
374
368
16
78
407
15
59
132
225
63
231
148
398
357
114
158
10
140
248
83
244
58
122
289
130
67
437
268
179
143
220
23
364
226
327
23
229
370
242
233
415
183
174
298
129
206
166
209
298
206
256
229
175
102
291
24
166
9
208
298
171
18
399
260
109
167
390
243
134
288
203
214
336
40
302
363
110
202
119
32
254
38
377
164
150
237
393
69
283
294
286
357
111
424
103
314
279
413
191
77
357
36
293
320
107
159
122
305
364
351
21
166
215
271
248
18
11
377
325
98
20
42
310
142
136
307
428
151
148
251
130
64
173
227
47
316
203
195
350
90
130
148
338
216
324
335
352
223
247
52
23
388
154
437
0
313
229
376
227
149
333
213
317
246
67
232
341
243
323
432
69
399
108
280
288
37
345
84
127
23
324
319
263
419
270
179
190
166
433
175
280
31
272
261
292
137
65
30
135
311
114
365
162
236
140
169
117
74
70
206
401
173
84
377
17
11
386
218
31
354
15
24
166
338
64
81
59
57
19
138
262
430
251
191
126
167
300
152
219
200
165
27
23
245
291
99
432
275
348
52
326
61
89
251
70
85
166
45
284
160
58
24
76
395
91
136
413
80
342
164
77
434
419
281
122
404
381
78
69
106
335
144
360
377
282
54
108
221
395
224
391
236
369
411
225
205
192
104
53
218
412
186
277
111
134
384
331
290
27
326
141
227
329
127
375
212
287
285
320
43
229
371
77
17
70
123
355
41
73
352
406
441
26
48
147
242
321
256
265
78
265
300
297
267
413
313
71
99
246
273
446
312
61
346
326
112
107
374
124
35
10
164
113
127
175
370
71
32
396
224
185
16
161
328
249
271
188
165
135
229
404
191
41
188
108
106
396
33
255
31
41
139
13
32
214
352
93
251
410
338
392
20
69
0
98
136
35
31
63
128
124
256
329
338
51
304
217
219
422
99
161
105
346
351
70
272
347
0
221
151
155
74
184
87
146
263
262
21
218
82
126
215
82
93
400
295
385
86
181
334
145
283
78
39
276
301
302
233
266
210
153
270
190
292
67
27
92
248
97
302
87
135
257
145
302
108
190
143
383
253
408
241
74
268
324
69
363
62
52
323
352
415
281
88
294
25
409
36
86
280
182
27
260
165
213
61
80
270
244
428
43
20
43
335
141
154
255
412
370
255
32
263
147
96
394
74
320
81
274
121
290
251
165
55
405
283
235
223
24
82
0
330
195
193
309
58
150
282
132
390
263
139
378
377
191
35
428
248
35
20
0
219
112
249
187
86
326
191
0
75
59
331
37
68
66
185
308
45
61
222
107
14
183
23
31
315
12
194
78
467
336
216
379
48
242
206
195
158
83
150
400
373
313
364
166
287
395
45
317
35
374
189
0
411
182
117
108
250
226
83
160
17
11
262
206
317
390
43
26
317
372
32
159
0
177
71
362
233
377
54
20
0
381
190
221
314
109
35
96
218
169
338
141
311
351
0
46
71
252
280
148
253
135
372
106
217
372
401
220
346
337
41
134
15
42
161
263
352
340
387
387
12
203
38
200
374
387
274
101
339
11
132
235
319
66
71
417
274
118
52
212
383
122
0
303
84
361
175
300
172
104
256
319
17
173
237
245
0
344
30
294
302
175
349
377
137
70
59
214
223
123
65
103
353
274
42
61
273
312
403
192
320
51
432
365
329
226
195
393
359
141
118
19
310
138
448
83
238
244
444
313
210
350
122
295
167
414
340
62
397
296
81
105
127
39
266
329
298
381
129
58
345
402
102
374
200
16
347
167
288
395
343
193
54
31
357
42
315
93
35
419
353
311
83
302
80
223
373
234
159
27
183
333
289
190
400
367
265
301
72
80
361
73
143
345
228
390
310
72
337
324
132
144
379
266
348
14
426
261
342
191
210
238
220
450
210
206
139
248
257
145
265
212
307
391
26
73
314
220
47
26
182
389
381
171
230
123
233
50
378
33
13
383
416
219
36
163
340
62
84
118
0
35
0
310
93
175
55
178
29
396
373
152
299
90
189
271
145
220
152
48
229
0
16
388
88
347
317
188
116
315
226
115
220
250
129
299
226
355
261
241
356
45
193
326
292
47
324
120
184
338
332
472
66
345
330
270
386
411
156
304
415
130
422
136
145
392
68
359
63
167
72
113
286
347
315
244
21
367
362
335
15
265
84
341
226
130
131
327
222
467
382
405
287
390
403
364
68
178
125
35
397
233
32
394
286
0
155
50
378
372
303
262
325
360
262
45
284
396
288
69
219
229
69
352
348
302
293
242
99
42
309
377
300
115
119
344
113
240
156
87
275
106
202
113
185
146
108
88
372
251
324
16
431
148
419
52
158
31
120
0
81
378
104
120
449
336
78
299
44
29
139
95
42
14
152
268
108
87
103
380
373
64
178
53
132
173
372
200
372
161
388
330
72
408
297
394
372
266
82
351
371
342
203
404
381
114
146
30
136
277
432
16
361
66
241
106
315
384
171
66
282
195
235
318
357
282
126
316
73
378
106
306
161
353
64
154
193
356
109
263
259
402
112
24
395
291
272
265
111
115
314
38
395
218
328
94
306
378
445
419
177
317
219
117
55
275
377
314
204
134
386
380
168
26
36
390
356
361
207
320
23
217
396
38
149
233
339
306
297
117
55
129
342
64
393
84
95
249
168
76
405
240
166
281
56
24
226
283
382
312
237
265
201
293
346
266
278
286
205
40
38
394
372
33
263
100
404
208
132
424
257
194
330
62
369
267
399
140
89
376
149
421
199
355
263
23
318
366
322
409
343
397
250
216
59
301
135
0
104
425
136
14
289
361
289
147
240
204
108
33
320
0
91
0
395
256
144
405
118
0
347
128
311
105
377
6
54
112
66
295
119
106
188
88
112
26
176
391
183
361
138
383
316
329
322
0
367
221
181
144
29
112
246
367
309
49
100
193
44
325
173
4
31
187
64
67
186
251
412
184
203
225
111
206
98
187
185
26
218
226
348
156
105
311
35
430
384
58
240
375
231
279
208
14
114
180
286
75
72
222
83
448
321
121
55
358
67
181
178
372
201
72
404
427
121
210
30
453
178
165
185
280
399
88
103
19
241
336
394
325
320
291
396
217
217
421
20
35
135
355
390
394
289
55
0
321
307
218
398
368
120
74
313
247
179
195
156
379
200
42
153
181
388
49
161
220
28
412
234
335
125
84
277
36
224
394
19
75
310
151
42
53
394
85
114
209
98
140
71
376
338
331
44
116
189
89
39
326
419
98
23
263
379
234
74
115
117
44
160
300
389
301
116
348
85
113
41
346
346
335
170
64
164
260
261
194
0
331
49
23
340
335
204
58
304
242
39
31
281
314
311
398
132
267
120
56
248
66
193
289
68
371
273
210
341
0
168
0
280
178
76
33
221
240
98
91
13
196
333
319
218
125
298
300
0
380
112
307
294
372
170
133
71
21
281
173
260
350
78
39
297
46
75
137
42
31
162
153
345
83
299
147
89
39
0
180
380
160
357
137
327
42
49
376
120
78
300
212
69
240
345
0
199
323
13
293
113
49
223
391
24
319
69
25
372
245
392
293
370
7
253
37
287
226
357
74
54
361
92
228
0
60
233
126
119
86
263
335
169
37
127
409
339
121
307
405
206
393
252
62
268
222
133
417
227
94
142
172
75
435
277
268
35
308
431
0
302
42
178
280
246
353
344
257
172
346
164
240
378
54
65
423
438
134
51
237
279
377
248
157
294
112
249
26
172
299
342
110
222
395
434
394
75
262
312
292
361
441
172
176
58
309
79
53
267
248
159
292
129
322
117
403
185
89
151
172
361
335
298
92
61
135
21
307
306
16
50
296
26
78
27
341
366
394
261
363
372
79
234
411
223
94
108
426
96
270
359
293
441
177
361
282
424
309
241
165
244
364
182
436
242
167
88
363
222
151
226
78
67
232
268
294
202
215
166
216
347
179
376
239
89
304
220
161
67
321
143
363
152
20
410
350
295
189
147
265
388
376
288
376
340
327
347
374
12
183
102
369
202
381
90
114
200
374
33
186
260
79
235
90
219
75
318
326
172
81
302
325
159
51
336
293
382
141
366
17
329
195
331
226
59
35
302
48
312
123
281
0
73
238
205
167
385
286
208
314
227
377
99
183
151
335
156
31
14
185
369
271
150
14
109
294
295
178
274
303
37
43
157
323
57
388
0
435
326
335
169
23
178
90
360
49
140
302
385
293
435
100
217
168
64
98
401
44
162
265
317
101
323
306
269
202
384
341
312
24
69
75
87
99
50
331
84
395
85
334
226
188
290
65
0
414
152
411
254
264
59
376
82
35
205
329
362
149
312
236
305
290
74
237
361
273
33
277
353
113
67
302
68
431
249
300
335
85
40
382
43
166
183
122
399
94
271
376
263
69
99
295
0
332
320
170
106
324
7
293
19
392
130
114
330
221
223
426
45
172
205
370
36
49
117
373
97
246
139
33
262
363
207
120
333
419
234
212
373
101
94
168
139
388
42
348
393
381
366
386
404
294
421
348
25
123
314
197
152
167
59
259
306
312
219
304
0
161
140
366
134
399
419
93
143
274
399
40
73
112
221
53
161
75
0
57
99
131
298
390
421
212
48
251
128
281
148
222
285
16
344
125
174
203
97
303
22
309
72
121
26
234
16
65
103
192
40
351
223
352
0
362
125
270
57
0
112
377
302
181
363
128
424
360
145
18
389
72
212
308
350
354
68
168
104
364
372
212
258
17
70
177
87
25
236
144
25
53
134
156
344
293
202
234
268
382
196
106
15
17
371
403
313
395
41
136
366
171
0
327
258
346
232
264
64
426
275
224
179
241
282
307
131
80
169
146
298
423
228
264
225
202
138
194
84
372
224
105
122
310
187
158
57
289
385
222
30
323
288
46
44
0
88
413
173
0
208
30
24
301
428
80
202
184
0
98
315
404
374
353
51
126
163
94
145
134
34
357
386
195
172
233
390
0
219
404
421
24
172
235
401
123
92
150
25
260
321
318
216
175
343
347
13
145
216
38
216
251
205
225
185
158
320
332
392
101
220
284
272
68
311
279
68
342
223
114
17
75
107
25
130
112
155
241
305
188
354
310
244
369
325
42
187
249
20
318
314
423
124
333
358
297
334
278
364
6
205
308
243
371
323
74
384
322
46
189
383
246
48
178
77
391
387
441
70
264
241
218
369
238
73
137
305
31
387
111
210
231
333
20
118
188
207
155
103
158
15
174
294
201
447
176
373
245
234
280
221
243
203
63
348
395
326
419
121
233
359
329
314
328
131
53
97
230
61
218
332
238
99
56
296
116
341
95
430
336
174
154
81
382
105
106
284
113
197
257
122
321
198
102
69
209
265
426
335
147
148
64
308
371
215
338
75
359
49
155
133
378
367
314
326
375
281
361
102
0
364
117
399
286
232
126
285
89
223
270
25
0
175
0
215
132
140
275
393
7
283
100
26
187
248
176
326
97
314
431
215
20
92
397
138
395
153
350
99
222
114
120
312
28
247
194
342
327
0
355
193
377
202
128
186
164
159
224
233
254
400
237
160
196
300
189
150
193
360
157
353
63
105
301
202
0
0
104
221
380
0
298
366
186
412
199
15
120
325
260
44
272
295
333
396
371
196
169
374
394
223
333
42
226
307
52
24
400
256
273
420
284
420
307
126
204
24
273
340
81
0
161
174
381
78
447
59
92
361
78
120
296
318
385
35
18
131
32
123
134
92
374
285
363
106
350
80
376
298
103
190
290
20
56
215
292
421
426
394
408
132
0
196
82
50
235
133
414
75
365
311
406
197
336
95
313
54
250
58
169
406
281
200
219
274
21
246
150
91
45
174
399
279
31
301
228
86
220
0
237
209
418
335
242
154
225
24
333
321
159
252
223
178
118
218
151
163
310
59
293
347
80
156
65
224
142
130
227
90
288
339
266
167
317
331
230
449
338
233
157
160
354
200
131
65
47
28
412
155
104
256
218
355
364
176
126
37
150
329
110
30
23
132
285
322
189
103
59
141
280
54
249
99
376
332
334
112
239
253
170
317
238
136
314
178
326
297
387
313
332
396
366
110
354
362
0
90
170
368
305
410
192
144
38
177
307
252
248
157
78
320
128
248
316
309
419
246
60
123
149
366
83
179
171
334
328
66
112
21
403
274
36
183
111
225
64
244
0
279
21
63
112
153
339
178
400
218
412
201
153
140
40
393
91
43
114
315
417
161
218
174
62
77
77
36
296
73
404
120
200
96
206
261
305
318
377
246
132
189
164
220
368
43
211
165
382
222
53
0
304
349
80
304
247
83
313
92
106
120
280
416
347
320
180
290
121
296
424
177
112
43
325
336
178
157
429
237
48
266
117
30
0
0
221
178
257
150
71
30
294
419
412
114
137
245
72
128
49
57
219
393
155
0
140
172
425
137
219
447
200
298
355
175
224
231
204
172
109
121
218
68
41
275
323
284
342
243
394
239
327
200
393
334
339
293
160
166
148
78
409
38
212
182
0
341
219
70
340
230
301
138
363
227
245
90
363
344
302
10
79
275
367
196
217
43
221
66
185
313
75
103
343
373
300
236
188
169
332
324
342
199
169
110
247
341
178
113
285
0
363
162
249
341
270
60
150
242
241
263
193
127
154
232
399
238
130
29
189
247
34
168
385
187
309
147
266
310
170
58
41
223
250
79
0
242
273
221
121
206
314
300
410
223
243
445
275
95
307
358
232
301
299
302
264
21
323
24
256
69
105
207
83
96
278
306
32
360
329
34
9
305
333
60
210
431
302
278
229
75
74
259
0
409
367
29
179
298
340
81
307
250
308
231
61
397
413
310
187
271
151
234
339
36
86
269
79
177
26
257
379
140
366
69
420
144
177
397
330
66
32
159
228
385
97
127
83
186
438
63
329
19
433
201
128
115
22
218
36
281
128
432
138
270
84
41
42
296
318
195
270
409
95
173
185
220
335
121
369
227
153
165
132
74
223
23
107
343
53
407
395
358
179
272
364
78
354
25
379
196
395
19
366
420
121
167
252
265
216
194
355
289
348
208
230
54
272
376
256
83
329
201
146
359
397
34
294
241
325
263
29
222
0
217
175
201
130
125
173
127
95
0
417
218
390
396
183
50
21
356
321
273
144
92
300
64
334
270
161
345
22
223
322
117
134
343
81
162
262
276
146
107
262
417
161
84
219
15
40
240
211
267
345
406
338
87
333
188
408
365
350
141
259
365
274
105
418
123
178
428
334
366
132
109
158
331
394
374
323
233
340
140
48
247
384
155
389
70
30
368
99
106
220
125
245
214
376
403
157
106
296
298
73
267
56
239
105
59
234
273
430
39
189
193
415
148
59
376
128
258
156
266
121
254
257
377
141
148
40
96
0
403
207
255
316
14
142
315
157
164
141
352
303
160
49
150
247
85
357
437
348
133
269
99
171
77
16
366
435
74
