84
301
49
482
441
139
263
121
175
219
412
245
49
391
47
321
54
131
319
20
128
344
312
435
425
190
86
463
453
46
22
373
22
135
0
170
142
244
99
195
252
226
49
181
183
176
381
365
49
81
460
245
141
57
300
271
176
383
441
40
274
417
101
137
54
105
84
167
434
116
57
131
0
289
0
307
70
405
160
216
68
213
59
446
349
181
435
217
380
182
264
125
374
81
312
384
134
466
299
342
84
317
0
261
346
354
131
367
336
32
41
204
40
219
365
219
180
208
292
64
367
153
51
134
72
166
15
37
19
372
450
418
313
311
221
193
353
277
133
115
71
141
306
276
325
185
349
427
271
452
445
444
279
280
218
285
304
273
496
17
416
348
71
83
396
305
20
252
84
135
142
343
132
129
337
234
288
362
170
328
269
148
361
264
85
417
183
373
124
49
66
66
296
199
479
17
58
415
487
302
177
284
122
348
235
187
194
182
91
26
424
0
195
339
293
83
216
181
208
253
39
130
197
385
403
438
337
457
246
357
432
100
412
129
234
200
371
465
205
422
299
492
211
0
116
347
432
108
367
85
203
360
45
296
162
159
349
316
440
343
325
21
446
50
66
163
66
446
452
386
204
484
209
11
260
35
19
113
363
368
0
141
432
466
287
294
113
0
236
175
36
170
279
440
311
441
17
358
431
239
236
147
191
163
85
283
101
10
357
120
81
203
434
89
221
99
47
365
214
34
333
450
275
362
161
388
298
306
458
441
143
256
391
353
352
164
251
476
298
268
290
83
280
369
227
382
232
426
494
477
0
70
269
144
295
13
170
396
237
343
261
198
0
112
196
127
434
135
423
449
449
159
368
413
199
196
165
255
178
460
154
310
162
71
492
430
65
441
202
33
117
312
155
296
436
268
427
246
80
292
441
118
277
302
453
454
462
365
431
122
486
101
172
372
372
253
236
400
211
273
0
67
46
295
371
144
410
74
293
243
286
309
130
157
156
376
153
19
273
117
146
105
81
104
87
267
476
497
378
334
413
150
281
142
333
333
432
313
314
383
350
136
361
278
236
117
427
330
120
188
272
258
400
458
314
344
214
412
290
38
95
20
24
436
374
404
415
26
491
310
93
281
318
353
404
66
175
295
152
0
336
417
152
376
341
52
199
391
46
309
108
169
208
72
68
332
27
21
492
462
399
147
281
123
162
278
21
285
379
235
201
438
378
27
297
270
106
420
364
410
63
320
142
292
155
463
387
311
341
382
325
340
360
278
481
413
424
358
490
47
376
400
55
167
312
430
26
282
205
469
362
20
356
353
336
214
259
343
279
282
471
308
124
445
409
261
124
148
367
90
301
438
288
17
188
56
279
434
28
130
26
221
113
273
371
274
269
386
313
489
273
131
185
39
454
84
474
262
329
97
497
168
457
85
431
336
211
263
407
472
160
300
114
478
386
15
318
200
20
354
130
162
141
120
464
327
411
263
348
365
259
0
157
221
198
114
471
228
309
139
266
226
407
252
30
324
245
0
467
325
92
172
178
183
311
185
198
153
287
363
400
255
319
130
413
421
194
0
380
381
202
430
29
174
251
396
461
73
27
177
304
226
64
202
447
197
291
378
257
315
166
461
400
280
103
131
398
320
401
185
17
346
323
227
319
201
240
205
180
282
105
322
329
261
301
237
236
194
49
370
122
360
430
27
286
312
17
389
0
291
255
18
495
445
206
15
373
200
313
209
371
281
129
156
227
282
186
289
461
235
112
288
394
40
171
18
131
393
396
309
380
10
389
284
310
330
279
259
154
136
260
207
460
380
165
329
395
166
342
429
382
226
258
89
261
275
415
432
0
50
215
377
443
310
418
252
271
420
108
342
0
207
276
52
353
309
297
339
149
20
124
444
161
243
83
193
478
198
493
170
166
303
136
117
351
374
417
97
127
343
99
83
121
477
94
101
85
40
149
427
373
252
267
277
372
458
97
108
97
11
436
192
124
265
299
117
376
426
252
250
249
18
154
418
431
133
107
0
174
210
129
105
271
97
217
412
421
189
400
0
355
360
353
455
31
125
58
369
234
355
328
218
349
30
155
361
263
373
217
153
235
313
411
430
101
343
293
82
240
43
138
136
0
175
450
108
261
488
342
293
343
476
310
114
193
335
494
287
32
455
111
363
115
428
179
262
179
357
210
445
130
294
439
328
180
178
20
42
264
282
66
97
42
121
121
95
318
217
184
166
43
154
120
400
184
452
198
261
334
410
294
175
370
104
459
373
211
0
73
168
87
161
157
377
338
207
214
458
326
41
111
252
226
256
42
40
192
403
429
143
314
116
83
188
92
51
314
192
310
22
421
343
455
308
389
35
357
296
441
373
79
27
300
209
296
392
85
34
428
38
170
83
292
322
144
287
248
354
197
216
72
182
393
197
145
423
100
196
371
245
292
240
89
171
173
182
105
85
370
271
368
440
171
210
284
363
98
392
245
448
274
389
219
239
112
219
331
332
460
200
199
31
47
356
238
235
128
489
151
347
418
64
215
102
185
51
125
176
449
105
439
231
414
174
368
159
253
0
89
389
353
26
236
65
231
82
49
44
131
215
465
99
291
464
442
37
321
321
390
72
0
301
80
160
446
351
362
120
462
302
418
348
133
199
377
427
47
70
34
202
146
48
354
346
315
260
93
74
40
462
293
70
0
430
358
365
183
161
441
226
81
144
215
392
142
256
273
298
444
294
144
291
56
360
293
128
359
339
115
183
344
133
145
14
422
181
61
364
132
167
255
259
136
208
429
131
256
156
13
46
442
378
335
261
281
270
258
360
211
416
476
348
350
8
324
423
211
318
377
355
271
43
118
327
399
295
274
430
68
370
463
64
34
454
303
421
478
315
461
244
381
407
218
329
466
375
157
433
419
52
321
264
120
339
430
122
309
406
250
357
0
150
359
64
256
359
59
142
328
433
268
409
140
194
346
255
93
392
62
433
170
318
291
421
336
476
168
284
470
37
392
169
49
100
246
455
251
189
181
396
436
174
347
394
197
300
323
293
434
431
172
27
403
71
169
335
99
353
68
381
335
217
369
147
324
428
257
127
181
476
384
154
115
432
121
308
228
30
242
431
460
0
75
115
319
223
29
248
432
248
368
331
115
193
286
383
266
438
333
329
223
421
456
350
48
0
144
19
353
334
365
198
161
45
107
507
437
46
206
247
122
460
519
165
156
393
411
163
419
241
461
468
85
363
138
440
285
442
286
234
349
59
486
184
141
289
182
222
361
18
168
68
240
236
430
199
14
149
61
294
49
249
286
281
464
120
364
429
174
64
293
338
277
146
188
373
452
429
59
289
61
208
85
215
361
413
99
80
65
0
329
273
143
144
331
297
408
254
86
200
380
339
114
415
473
353
83
104
117
320
367
185
214
69
131
349
202
243
22
247
254
199
345
309
437
356
249
362
281
160
282
283
138
122
477
186
377
14
17
369
290
132
131
436
191
69
149
81
289
138
0
253
258
366
110
44
100
397
348
87
473
161
344
50
62
159
242
127
195
178
170
212
60
275
334
270
252
302
111
172
431
430
237
0
130
28
83
31
93
436
76
208
332
345
376
267
320
72
23
350
178
463
478
405
218
426
370
292
229
18
320
25
46
361
75
362
124
279
461
100
111
67
193
453
271
378
36
238
306
58
391
116
196
197
154
183
0
374
33
447
148
0
358
224
188
39
306
280
225
393
165
273
42
420
226
217
375
164
50
190
300
184
237
435
269
251
147
397
336
266
314
362
0
200
354
359
279
407
51
12
333
250
54
229
289
143
51
174
319
356
115
313
320
181
322
398
403
477
397
465
288
151
176
210
236
67
325
134
389
205
19
43
391
427
112
136
251
285
503
88
172
388
442
122
468
356
193
379
431
182
253
249
459
0
402
137
360
366
64
340
113
144
161
359
221
165
92
166
22
245
66
335
340
144
126
125
116
464
17
132
262
103
225
123
223
317
211
446
320
426
23
321
362
107
290
173
242
174
299
282
236
162
316
189
86
246
217
124
291
342
202
39
17
170
351
31
149
198
358
67
180
379
144
289
437
312
314
109
133
251
350
170
39
39
340
160
374
298
79
339
465
119
154
443
243
385
52
264
81
413
372
471
16
442
360
160
428
173
201
412
72
159
270
373
107
174
68
198
446
276
191
177
481
66
410
114
130
331
185
369
304
47
14
17
415
291
169
148
403
327
179
410
89
51
398
162
119
173
359
126
276
33
325
17
27
211
253
74
281
293
349
366
291
176
76
389
449
425
197
444
285
125
393
176
109
35
393
178
424
360
51
433
328
222
268
321
251
340
107
340
20
118
244
515
318
309
159
162
442
394
387
407
231
256
397
259
108
207
382
426
0
35
373
360
293
424
328
318
115
354
184
268
119
361
209
363
350
480
28
291
360
339
303
54
251
425
366
123
416
152
79
16
150
33
406
392
338
61
215
444
172
66
396
489
121
148
438
216
22
200
24
112
155
85
16
221
99
305
311
379
21
369
422
371
414
402
224
197
126
0
67
441
331
294
472
271
204
398
379
121
270
72
314
420
57
89
175
182
287
459
182
201
375
14
234
254
317
184
76
168
485
443
272
135
112
204
35
109
256
127
397
76
299
361
62
75
0
77
241
36
61
239
87
257
239
48
407
182
336
367
92
385
229
46
440
352
434
82
328
373
256
268
229
385
52
316
203
309
180
240
84
342
226
58
303
475
511
410
455
45
418
103
109
363
0
427
302
454
92
203
198
434
150
326
290
61
58
422
72
300
424
195
320
153
74
97
278
321
308
387
161
262
188
330
429
191
437
365
27
240
293
452
331
174
204
290
264
351
428
12
316
316
162
51
194
295
333
489
95
55
359
437
180
25
289
25
27
415
408
416
106
314
197
445
296
321
218
92
202
280
288
246
444
288
336
146
474
451
187
67
302
207
37
333
281
183
333
257
75
11
210
125
171
386
480
17
277
34
15
216
327
460
135
399
306
374
412
360
355
166
279
106
447
337
252
68
101
330
156
71
176
481
475
77
440
182
386
299
288
85
367
296
494
0
436
126
23
138
385
130
405
419
90
424
386
0
473
318
49
91
266
485
350
361
194
231
433
417
175
33
137
226
126
252
286
61
427
109
496
67
128
458
192
85
247
320
352
177
376
348
442
283
440
523
465
225
398
249
283
263
124
0
242
118
133
41
200
99
326
215
522
367
0
271
81
386
87
13
99
436
178
296
424
416
403
220
338
254
98
434
64
273
58
395
269
194
253
427
395
27
16
61
0
164
251
378
193
335
247
348
236
131
396
523
370
40
321
424
59
228
338
0
346
247
140
200
85
464
215
198
199
163
315
253
65
210
301
74
120
34
244
87
76
184
381
209
61
461
151
151
72
304
216
72
127
313
309
446
46
143
139
219
160
129
101
25
41
298
240
324
486
220
22
522
327
429
109
82
51
360
193
125
404
326
211
84
419
339
115
244
416
390
414
203
171
339
419
116
190
109
129
12
23
334
315
92
460
424
478
354
195
129
311
312
350
42
79
101
188
332
30
127
386
273
122
409
455
433
280
350
433
165
0
175
168
225
199
247
279
304
387
336
230
311
73
138
33
338
402
150
22
421
19
284
434
310
121
380
354
91
309
310
310
269
291
289
176
452
352
183
466
299
221
428
401
196
31
327
10
245
359
245
305
167
285
435
362
79
171
214
92
445
68
101
143
211
294
33
340
253
149
222
14
42
209
91
101
0
94
112
406
453
182
102
464
162
177
70
322
28
90
301
171
18
157
275
243
199
65
325
279
188
0
233
19
299
81
86
234
117
202
478
483
175
96
436
305
283
264
89
421
122
451
215
452
447
360
27
454
425
377
245
223
500
124
195
43
427
381
127
281
0
48
182
396
136
232
361
353
52
43
354
492
325
23
111
250
459
471
228
342
225
188
459
53
530
107
376
223
439
0
113
365
433
407
427
411
491
312
373
448
367
173
479
409
211
434
47
166
47
212
52
462
458
122
337
40
328
226
436
454
286
132
131
437
262
334
220
237
384
102
90
94
0
240
434
178
0
338
97
431
124
240
18
345
411
223
304
293
381
398
41
211
271
188
261
68
341
131
336
397
352
291
440
371
431
467
153
338
306
337
266
63
207
317
314
132
212
223
209
220
161
380
166
237
321
191
347
309
264
60
56
443
64
93
363
249
80
241
64
172
47
61
299
96
242
342
102
130
47
218
73
206
237
225
389
363
471
178
291
417
58
362
0
235
395
302
31
462
243
109
200
344
137
388
326
179
196
156
16
374
463
240
352
294
389
203
0
376
283
164
478
320
332
41
163
29
165
0
32
325
295
254
109
80
285
433
361
107
442
209
118
326
109
435
369
269
193
167
275
306
223
135
344
14
259
0
139
283
170
54
228
77
162
435
231
53
95
258
339
131
44
176
445
27
95
137
223
95
57
175
50
470
77
131
175
100
411
0
259
161
165
338
123
115
336
240
455
409
162
350
431
352
459
144
254
333
0
407
461
455
276
62
119
367
307
169
177
267
34
251
91
161
114
426
362
238
54
461
100
452
69
398
213
436
96
303
90
65
459
84
174
349
262
71
0
28
376
238
232
309
416
371
82
102
111
334
48
24
417
349
120
447
494
440
323
114
342
168
135
466
345
55
422
391
156
391
318
358
201
69
381
33
207
147
101
28
171
381
405
363
100
401
139
230
336
187
201
477
207
382
48
22
306
25
401
109
0
440
466
104
104
424
212
507
375
516
243
202
207
224
63
231
32
37
398
186
325
349
359
130
139
103
348
0
288
285
407
0
308
434
331
97
26
442
216
184
320
133
331
395
314
193
210
435
378
242
28
112
409
23
401
166
430
173
180
16
406
35
186
157
101
137
352
349
336
396
108
277
444
228
497
347
450
170
443
421
410
294
150
257
363
310
107
56
28
102
391
99
409
91
74
160
358
178
178
218
326
417
249
12
329
71
151
133
423
96
387
57
188
450
59
482
54
402
459
159
335
373
71
241
87
207
353
156
257
167
421
472
311
301
137
258
155
289
240
291
303
0
184
23
388
347
156
27
52
85
333
287
0
459
27
318
282
174
312
170
452
250
402
285
464
345
183
147
160
461
220
118
398
347
108
121
332
300
217
346
412
41
313
237
255
222
214
152
85
295
169
75
197
42
163
18
288
287
115
259
440
91
316
438
123
152
353
300
317
127
187
433
474
267
81
168
356
263
211
320
393
194
394
415
47
419
297
324
148
285
74
99
115
131
329
133
65
355
378
212
56
233
146
374
339
223
69
381
413
459
441
234
237
183
39
327
256
374
356
116
364
143
411
127
479
403
44
328
307
461
301
320
170
367
95
360
410
381
72
424
291
20
314
427
285
98
97
215
132
215
323
501
198
348
105
277
276
378
353
496
169
292
366
451
470
112
374
305
361
444
49
330
69
393
285
357
41
264
445
387
240
303
30
432
213
310
443
425
383
254
313
499
278
13
247
76
244
121
89
221
137
233
415
341
139
55
330
427
380
39
205
241
0
174
361
449
448
144
96
431
394
406
222
168
70
84
21
85
378
120
257
312
125
80
231
285
254
51
45
199
352
481
31
330
255
118
202
181
150
185
167
56
393
89
38
419
477
105
231
187
28
84
186
335
241
136
386
80
219
422
324
46
183
423
374
378
282
275
179
66
138
0
256
12
311
263
114
217
25
185
297
239
369
82
376
181
0
0
468
374
32
309
322
246
0
385
80
207
130
390
294
146
378
60
169
269
190
364
157
468
177
485
350
191
412
379
68
341
478
211
37
44
222
325
102
131
319
402
307
329
315
479
426
424
320
63
404
371
77
401
52
466
59
146
177
113
318
237
258
49
303
147
444
478
313
313
430
200
77
122
291
378
85
265
232
175
322
245
0
435
203
291
88
42
294
175
329
223
395
30
292
52
471
441
396
149
0
318
483
198
133
79
410
131
267
382
117
233
174
45
97
154
256
64
428
349
276
312
329
448
87
252
390
94
398
375
57
126
135
348
406
240
153
306
128
460
110
173
66
329
251
427
364
171
166
181
214
380
98
350
158
232
384
105
393
184
273
292
105
207
92
38
336
0
90
91
298
225
81
208
225
436
187
