532
33
0
544
520
50
75
203
75
359
376
595
197
48
250
365
71
561
51
493
488
257
370
314
472
375
74
0
545
512
39
118
172
277
485
302
438
258
462
135
102
149
510
418
28
109
0
147
426
71
199
226
441
212
310
457
197
458
339
421
23
456
318
508
383
316
238
489
134
28
342
138
124
311
421
179
221
493
38
217
509
536
319
247
464
300
402
329
175
437
28
28
593
459
275
521
393
243
410
442
487
66
24
267
236
118
163
463
223
191
581
151
0
424
36
281
529
575
410
213
286
148
434
425
398
522
87
516
472
268
0
523
235
439
432
296
524
180
138
334
212
468
452
368
480
229
328
536
398
272
118
508
458
308
442
174
376
471
536
129
549
216
406
271
67
416
569
403
522
443
417
344
50
38
61
302
0
126
161
34
125
273
71
275
138
209
322
34
383
234
222
150
399
549
380
275
23
279
189
96
461
354
58
354
284
37
30
509
129
378
520
158
221
68
497
188
72
339
245
400
523
255
457
124
0
164
163
280
356
136
62
107
326
234
557
346
483
544
338
150
121
584
206
146
445
208
84
34
455
153
277
49
264
133
273
486
504
62
435
522
503
295
297
560
145
314
44
80
277
301
146
240
447
209
552
367
294
99
199
140
152
516
108
145
284
478
270
472
485
400
418
106
49
418
522
409
174
98
310
159
566
465
472
411
192
99
378
401
236
115
342
517
89
150
359
372
311
350
209
411
203
22
132
168
423
388
41
0
451
299
373
460
375
104
102
109
310
58
434
428
452
566
331
30
357
469
369
276
148
515
352
492
54
210
49
206
25
227
469
125
241
210
180
511
282
370
355
412
124
197
316
113
560
395
66
341
274
56
298
421
69
39
145
429
0
50
213
302
58
115
0
417
0
379
190
326
557
134
161
424
126
101
556
99
362
445
424
45
289
65
215
233
524
194
85
51
393
472
97
501
86
512
219
501
265
362
167
77
479
491
577
89
65
293
173
457
416
108
105
141
307
310
0
308
314
276
587
586
493
461
477
148
176
256
400
537
179
270
156
41
501
230
38
226
25
547
77
498
202
39
366
472
471
118
97
99
256
417
104
281
426
506
196
104
432
388
205
189
220
518
183
357
360
13
255
568
70
378
566
273
571
214
399
526
100
380
126
336
325
556
156
19
62
261
407
75
206
553
302
237
276
62
289
280
104
504
524
260
555
294
117
321
128
320
389
178
252
492
539
463
50
36
461
364
471
37
163
502
200
153
389
463
485
499
479
210
212
226
309
29
188
180
404
151
130
128
550
48
255
179
264
194
560
403
439
355
297
131
81
332
173
64
374
276
406
33
81
477
418
393
331
211
75
416
359
409
278
463
558
328
531
145
485
528
27
361
326
483
345
453
165
483
338
564
448
181
103
356
187
381
32
43
272
42
280
345
313
246
48
534
443
293
54
281
264
176
199
553
179
17
501
166
458
0
64
289
104
515
96
410
200
481
72
441
154
609
321
518
474
424
53
155
368
420
172
305
527
377
112
484
363
0
400
285
255
500
344
122
461
361
284
74
46
449
446
472
405
358
396
83
283
173
141
396
263
50
35
123
382
534
384
115
0
149
510
534
402
315
324
526
148
215
161
0
320
383
87
370
182
517
119
358
491
41
598
206
500
337
449
339
352
277
199
438
372
89
56
198
238
436
338
454
238
550
591
215
440
0
603
163
210
100
337
97
241
250
508
342
357
201
349
428
229
194
482
347
168
105
454
491
427
528
184
482
44
50
567
324
199
16
71
119
421
268
476
106
308
150
496
406
522
491
322
145
125
87
29
500
346
224
356
83
319
473
273
260
372
163
434
33
212
0
328
226
297
84
537
24
209
53
442
346
283
269
329
25
398
450
427
15
198
469
322
63
547
84
25
257
47
452
175
507
515
525
434
460
198
139
139
174
417
196
206
136
0
151
391
313
167
384
334
435
262
336
137
25
50
407
232
467
168
298
489
531
158
507
304
442
264
42
272
393
307
458
213
338
60
415
395
424
152
244
226
81
69
432
265
186
509
462
23
249
31
379
463
173
180
508
282
24
454
481
300
475
62
212
307
453
190
214
304
472
20
202
110
450
339
113
354
426
388
24
57
526
150
368
265
364
337
123
317
0
55
399
292
296
214
75
463
414
553
0
389
432
543
239
495
393
132
124
485
246
222
355
161
549
177
408
398
370
150
235
83
204
39
28
210
325
73
426
366
360
392
209
182
115
149
77
375
212
376
50
569
276
439
85
158
219
526
246
197
27
151
419
113
394
288
531
0
438
376
419
355
339
81
228
399
403
156
516
50
391
519
39
183
93
153
72
555
424
144
478
229
518
366
466
276
82
531
222
32
343
436
137
97
81
520
71
41
30
259
440
198
183
416
246
88
463
396
590
270
353
102
29
439
0
58
63
391
106
23
331
527
523
31
320
191
71
176
0
256
294
422
259
529
23
520
545
265
435
0
320
368
113
303
359
549
193
478
424
480
41
84
104
135
332
496
355
366
74
390
0
213
331
285
513
501
66
543
367
41
536
39
259
0
359
395
278
309
50
280
393
378
516
365
397
191
97
225
354
520
119
145
124
454
194
181
552
51
148
583
509
451
445
283
377
448
185
370
429
371
404
54
374
106
444
179
130
183
459
386
83
150
98
220
480
99
364
179
494
433
187
104
309
447
26
308
414
378
158
124
324
186
533
509
341
327
137
547
194
135
488
406
288
85
388
469
269
0
334
90
582
354
294
254
104
272
378
148
102
412
489
16
349
105
213
456
310
341
528
326
233
152
574
270
86
70
90
473
367
259
212
413
242
185
239
179
26
140
356
147
488
383
232
416
116
63
76
313
403
75
15
612
434
505
248
578
325
289
408
319
245
586
245
348
384
194
434
287
381
379
326
131
110
0
107
461
310
336
281
319
217
278
190
167
427
323
142
421
189
128
185
504
73
504
323
195
471
345
167
237
117
488
220
252
0
126
333
64
368
554
212
97
246
267
55
423
325
491
444
302
73
580
70
35
149
367
96
483
298
178
231
314
184
40
297
336
575
135
165
259
143
413
212
86
550
153
171
359
274
365
250
82
164
215
82
141
501
215
190
64
285
351
412
521
148
180
367
479
565
568
461
286
543
442
379
627
575
371
222
261
298
369
427
545
369
481
492
98
0
94
205
460
438
53
205
313
585
519
447
176
378
251
79
125
150
453
296
36
66
156
234
480
424
507
0
366
325
198
128
200
437
439
321
470
112
594
468
68
93
0
388
313
144
28
440
226
315
445
525
527
357
448
82
384
394
555
420
491
406
134
228
291
170
273
368
81
167
0
71
0
492
100
237
83
124
256
222
429
522
22
382
291
423
523
529
398
410
306
346
543
124
405
164
494
272
51
345
245
71
108
72
565
355
93
39
432
512
515
206
470
464
87
273
399
492
159
327
404
42
209
489
110
385
472
261
437
338
513
352
299
356
197
468
279
525
426
506
380
87
342
501
32
332
492
487
540
53
315
534
225
94
310
251
527
372
188
346
152
236
365
452
530
418
327
454
69
341
80
529
449
262
613
130
50
246
33
156
432
220
178
169
224
496
453
60
437
192
397
398
119
418
86
534
339
73
123
430
12
328
514
464
299
185
494
388
397
91
594
325
376
563
195
192
199
48
47
173
235
93
440
81
0
207
116
215
77
580
369
130
350
474
128
322
230
135
284
482
472
398
327
410
418
116
106
141
515
321
556
420
339
0
440
329
486
88
356
472
445
42
495
459
183
139
512
292
180
48
321
366
205
397
547
68
420
15
171
44
417
404
269
49
289
308
34
376
178
241
149
403
0
360
484
500
127
224
55
70
84
539
156
274
374
220
526
37
279
288
284
232
0
516
436
248
96
403
83
202
214
92
88
0
422
423
323
218
0
419
568
266
266
345
291
231
89
363
124
538
510
62
132
265
552
0
228
81
45
431
414
395
244
180
144
210
476
310
429
247
344
32
73
136
246
90
523
504
379
546
183
342
145
229
365
568
507
124
45
303
413
90
166
155
33
334
443
184
472
155
523
429
456
285
400
70
207
319
297
327
233
475
489
104
285
174
271
111
262
495
46
271
153
69
444
484
229
456
542
207
280
390
82
495
75
332
457
160
44
225
246
260
197
315
480
81
181
439
346
210
412
547
335
513
377
124
215
176
519
320
156
180
528
171
289
417
601
413
353
302
57
70
550
242
127
401
132
320
17
360
84
407
245
413
107
331
530
411
0
89
506
504
585
297
69
159
239
126
47
517
290
572
340
553
525
353
284
177
98
546
52
533
492
178
485
53
273
573
371
155
19
45
345
207
345
156
178
313
72
456
525
34
330
490
144
342
107
501
146
26
341
390
393
274
542
190
230
141
117
492
59
427
367
557
418
506
352
445
307
485
324
535
587
422
152
457
71
52
406
149
227
105
500
412
348
101
91
347
92
25
387
21
400
295
90
176
261
74
455
69
361
269
311
77
241
157
86
484
160
394
448
596
289
348
18
156
64
238
496
434
320
147
521
536
132
353
500
274
463
357
287
202
123
61
34
0
80
492
268
454
483
452
172
435
422
217
400
508
217
539
352
289
433
246
185
359
584
483
262
392
261
510
292
85
307
307
83
431
219
348
119
477
271
204
465
398
544
511
71
185
528
299
403
286
542
284
498
346
176
197
0
528
492
40
526
59
137
275
317
327
503
469
176
347
214
256
47
219
349
453
287
248
524
69
128
134
570
80
368
257
114
72
232
93
23
410
260
292
352
433
240
172
189
528
273
161
242
256
514
357
503
153
366
607
40
53
292
268
516
381
364
401
124
512
528
462
277
22
153
266
280
319
301
320
340
369
532
157
565
233
132
399
514
145
531
310
151
20
0
356
444
399
209
54
398
64
92
89
392
272
227
329
126
564
270
469
436
417
498
550
67
0
86
368
230
462
420
191
90
526
374
222
249
100
362
499
344
66
313
72
293
244
177
282
315
375
427
467
170
272
383
525
456
469
38
159
27
503
276
254
100
533
200
376
188
522
500
575
304
85
413
371
169
144
157
282
146
553
152
337
35
0
434
354
93
573
529
244
497
285
321
0
138
67
218
470
462
474
560
451
429
177
252
349
130
252
502
518
204
463
382
515
521
101
339
188
202
213
288
47
46
465
477
365
126
143
86
358
618
272
499
32
138
284
457
135
443
327
30
526
373
201
301
54
330
76
231
567
500
561
477
146
464
369
556
111
167
537
270
354
406
227
283
156
485
209
526
275
15
49
206
64
412
80
135
30
311
427
346
54
340
110
107
66
99
82
162
117
509
464
417
392
401
94
438
0
201
337
397
220
426
444
303
53
508
237
364
117
54
569
348
138
200
273
411
175
234
285
281
468
290
277
303
48
178
482
531
401
196
443
214
447
433
512
558
322
540
81
399
512
235
169
321
448
294
425
192
490
128
521
392
566
168
458
246
333
552
123
473
340
478
505
587
551
452
245
112
276
41
462
362
216
366
262
312
418
535
422
232
261
140
172
425
145
519
441
188
306
484
301
189
418
532
104
261
206
426
481
40
116
406
433
505
498
233
204
271
389
558
344
357
0
76
450
497
373
344
564
446
507
292
33
194
391
437
392
238
148
513
26
141
530
62
556
562
194
544
136
139
338
522
56
353
320
202
228
41
234
238
501
313
477
420
180
466
110
263
31
0
171
269
506
233
162
378
190
32
570
441
166
30
286
525
182
99
0
417
282
442
422
314
63
486
236
187
22
242
606
491
383
295
353
432
568
69
22
124
549
116
419
311
193
140
495
22
139
109
271
594
551
154
315
239
482
506
444
460
269
77
35
440
360
95
499
87
553
135
274
351
347
365
514
183
557
286
234
36
27
91
274
121
536
252
531
309
0
84
186
434
167
38
204
382
272
98
253
473
498
16
509
529
306
59
291
448
405
570
510
495
368
193
516
479
345
450
335
151
222
291
348
56
297
293
493
397
179
116
377
451
411
209
186
61
145
457
372
428
217
167
341
289
230
218
447
438
327
452
375
329
253
414
274
135
332
144
372
181
124
146
0
194
475
470
112
31
220
341
268
409
269
185
174
569
288
361
453
434
142
168
376
535
167
119
87
463
193
283
514
146
487
166
25
534
467
304
268
177
51
342
77
137
156
117
309
521
218
454
0
126
481
176
187
274
99
15
79
16
303
89
54
144
105
197
157
517
91
103
180
41
396
159
217
514
291
243
228
214
548
18
80
409
313
428
97
401
149
290
458
34
502
386
98
349
501
332
114
217
515
254
503
386
121
387
296
306
69
523
245
514
274
422
146
150
145
218
432
119
266
147
95
116
434
41
93
194
268
315
205
428
130
483
322
466
420
505
393
246
486
490
362
403
295
92
501
339
228
548
420
559
410
567
0
387
29
535
392
31
72
63
313
526
148
482
376
116
340
188
499
507
221
307
139
205
597
240
143
114
445
126
40
356
34
568
20
464
222
514
460
365
141
68
137
145
498
543
411
336
58
251
47
80
451
179
543
554
213
45
56
143
104
383
448
250
470
177
535
311
131
539
270
331
508
192
215
62
242
169
284
229
423
68
539
203
446
95
430
297
230
263
398
289
543
356
307
108
79
410
497
547
407
277
334
244
421
427
394
59
17
174
71
87
368
536
390
232
290
96
209
92
308
91
181
122
568
85
517
17
222
71
315
550
223
220
164
589
530
566
52
539
396
459
168
389
336
386
550
299
352
368
418
266
121
30
519
208
519
531
391
202
61
537
513
43
189
107
151
54
211
429
492
0
428
204
37
134
47
168
128
399
293
106
80
180
337
408
169
86
496
304
121
460
495
359
567
329
421
355
555
497
492
188
272
390
33
192
451
309
453
110
162
357
335
276
492
518
246
86
228
357
262
226
189
498
0
497
452
24
237
269
67
508
537
295
239
208
502
259
176
0
88
115
563
272
239
181
448
120
333
33
200
56
156
515
79
533
34
181
501
479
22
387
219
129
133
164
89
274
80
414
515
140
59
13
405
307
551
140
157
286
259
199
226
463
496
227
207
383
66
289
88
448
543
161
197
15
480
305
491
157
48
75
354
176
147
258
261
28
389
294
166
477
432
147
454
407
563
298
529
426
476
393
417
327
148
502
345
495
275
157
444
486
81
220
26
367
519
121
231
349
375
30
354
213
469
371
34
25
514
232
467
128
196
431
304
107
401
376
42
264
365
297
166
186
281
147
258
535
78
57
197
230
120
404
244
270
63
284
504
457
257
548
188
33
457
314
133
312
137
458
167
25
104
381
482
267
412
514
265
455
346
170
357
37
177
412
173
352
547
417
527
308
134
168
496
230
235
150
439
502
214
327
119
91
312
292
123
492
132
422
403
174
131
526
291
393
0
545
186
493
169
310
406
174
320
473
454
112
71
204
127
111
326
491
419
500
467
284
302
486
491
188
238
413
460
71
39
423
306
464
281
280
401
350
241
434
450
163
552
248
372
131
182
469
476
185
311
461
163
141
535
214
348
545
320
429
572
109
481
29
202
21
273
436
157
542
415
393
320
156
96
403
134
165
246
55
157
115
365
383
110
170
179
338
231
292
245
233
243
534
514
137
236
166
126
244
274
29
440
425
243
348
18
460
216
544
106
543
143
431
169
348
203
87
542
0
88
289
370
0
67
322
313
67
371
108
184
60
171
262
562
394
118
266
583
231
247
503
527
565
36
314
544
72
464
318
369
537
0
206
458
118
478
222
94
39
82
470
240
16
69
272
247
515
62
475
546
255
474
51
222
337
547
363
193
280
412
338
163
70
61
227
164
104
209
453
16
150
438
578
168
163
382
415
310
22
151
270
42
0
126
224
315
195
448
514
43
480
219
459
461
162
372
198
311
315
0
185
112
183
337
80
320
343
82
179
302
413
198
494
397
80
282
48
163
520
122
329
574
27
598
543
253
0
556
154
307
255
361
472
13
458
0
349
493
214
417
351
52
0
183
317
107
218
140
86
275
22
379
368
588
480
492
375
481
440
321
247
193
121
81
131
379
134
535
111
251
340
218
255
465
160
190
53
270
301
250
519
317
539
435
125
513
123
242
352
179
348
305
104
330
37
382
38
199
290
532
20
35
476
124
102
483
11
454
231
470
244
273
0
384
82
479
415
122
275
329
164
247
245
327
166
343
371
297
112
120
281
527
273
350
157
548
265
61
354
317
16
226
207
45
226
230
37
434
195
466
478
358
461
506
54
119
162
0
241
165
241
358
421
149
292
349
306
134
494
119
27
449
165
238
414
332
193
408
339
133
246
124
499
537
409
258
28
139
138
331
215
166
42
310
467
561
397
93
238
411
157
440
216
90
72
366
156
127
312
43
185
262
123
141
444
140
78
512
276
313
522
133
0
535
204
332
510
356
267
24
0
129
538
211
537
413
458
229
59
0
485
46
212
259
315
290
22
163
275
111
361
266
303
523
518
517
212
269
458
215
216
101
98
291
209
433
81
496
277
442
459
201
289
156
400
199
556
213
384
146
288
366
171
71
483
313
30
326
208
194
363
420
247
224
321
337
458
498
266
416
431
456
0
113
512
219
528
453
480
188
113
175
275
64
466
0
232
382
461
155
359
27
195
239
323
342
302
50
536
367
403
398
0
202
331
156
55
334
193
337
514
73
504
410
192
361
388
284
240
254
339
532
264
468
468
503
513
493
387
425
420
197
0
501
229
203
482
58
32
0
529
70
491
391
0
490
310
238
395
325
103
0
192
258
408
326
319
288
420
386
538
434
118
224
431
405
388
49
165
491
119
260
456
185
299
155
319
418
193
457
82
332
312
550
407
413
297
516
312
224
262
441
0
23
193
0
262
253
528
465
565
302
572
147
429
374
277
0
54
215
424
318
183
172
152
214
41
140
440
205
112
461
131
530
381
466
562
311
63
60
459
397
204
400
392
150
230
128
368
22
291
149
360
167
255
287
528
239
114
507
350
124
430
442
581
582
228
444
461
117
114
492
248
260
222
302
419
22
404
54
258
316
0
231
305
519
40
351
209
98
305
386
143
74
545
545
464
251
415
524
484
576
203
213
167
60
286
322
0
403
112
369
417
510
71
415
298
339
515
64
226
469
419
180
40
232
450
230
37
189
222
199
431
271
313
374
343
162
111
449
300
212
311
223
135
48
29
453
123
392
356
397
257
297
190
471
325
49
41
481
282
349
0
213
24
373
179
410
290
322
197
302
345
402
389
365
118
413
482
251
80
93
177
96
333
94
251
209
297
486
311
506
423
125
231
173
231
154
415
327
0
147
453
413
182
455
0
132
542
23
408
501
359
326
116
299
501
186
543
546
113
589
160
529
450
329
77
205
217
94
334
521
175
434
52
384
0
481
168
110
57
419
571
216
0
255
463
468
359
477
387
581
41
429
124
445
294
48
219
415
462
434
180
515
496
511
302
157
293
254
455
151
306
399
128
246
334
167
119
322
125
434
385
282
367
0
58
447
64
356
531
293
508
165
0
62
259
494
454
461
517
541
414
306
451
520
205
389
432
308
273
308
426
83
428
261
297
489
217
539
313
60
548
275
461
420
394
182
545
215
238
220
380
463
501
403
56
429
129
450
128
116
348
446
344
69
84
463
70
149
267
268
327
432
273
66
92
50
522
270
351
108
57
543
104
67
49
593
75
264
369
446
424
288
71
458
217
110
44
438
123
208
29
109
518
459
371
213
383
463
305
22
446
136
553
125
273
517
326
216
126
397
201
333
204
15
28
60
217
562
91
17
22
375
97
54
549
342
88
229
305
289
125
127
35
392
348
166
366
301
329
154
138
226
183
146
515
98
29
85
184
310
228
263
409
469
337
436
293
253
208
494
460
336
293
305
23
261
292
482
121
519
289
107
579
211
254
76
277
528
255
34
122
410
101
142
70
18
170
375
134
142
296
483
322
543
231
362
0
233
19
254
512
216
122
378
272
364
147
51
146
411
129
453
26
440
95
68
160
166
341
478
238
391
470
415
39
510
111
333
431
65
249
577
260
90
249
121
165
105
423
526
426
352
72
498
277
443
615
364
383
172
71
183
261
63
503
48
242
400
372
27
468
95
149
479
451
499
370
72
336
76
248
430
21
38
302
144
252
143
461
554
95
159
115
435
29
312
235
215
110
229
47
354
501
149
266
138
398
47
279
284
398
362
469
0
170
372
317
413
322
80
545
83
416
422
133
349
502
347
270
552
422
273
397
531
49
128
139
586
398
493
526
527
490
364
104
457
279
85
100
130
319
51
351
300
17
79
40
268
522
309
28
277
491
454
219
457
564
272
362
489
535
253
422
297
61
347
52
