324
127
119
387
118
385
255
237
317
218
79
148
327
236
133
316
55
325
90
165
283
43
69
165
378
176
353
31
226
134
303
206
220
142
233
255
75
157
239
212
346
312
57
161
74
375
197
95
221
307
182
314
200
36
279
81
243
235
60
56
349
248
77
168
284
348
320
339
101
64
33
75
105
0
293
133
87
201
13
235
159
56
116
53
143
123
58
313
348
210
260
127
146
253
130
93
230
22
146
29
181
22
151
334
49
347
166
150
167
16
260
372
59
72
206
184
70
192
128
234
145
274
294
195
273
243
262
277
88
347
137
368
292
310
40
84
53
312
121
61
268
343
53
285
192
0
152
307
120
171
318
223
19
48
241
316
123
381
363
238
288
273
170
140
98
162
298
108
16
11
252
24
0
210
294
227
346
256
58
0
78
200
50
176
259
92
0
333
198
91
94
170
76
352
219
32
195
29
268
58
109
25
251
82
214
317
95
186
248
318
103
328
342
95
315
201
54
65
228
15
73
299
333
16
189
81
275
364
335
136
190
79
110
270
209
57
227
144
138
29
278
14
232
47
238
45
83
203
81
209
313
43
227
140
118
155
256
129
13
262
53
339
222
366
103
180
173
54
148
292
322
144
157
108
152
135
76
341
12
31
289
18
322
135
283
227
201
359
98
206
86
44
42
201
322
251
191
110
257
98
307
128
39
63
112
155
224
47
149
187
322
197
121
201
125
311
87
376
245
295
299
354
255
218
218
15
58
322
40
269
374
258
208
97
281
14
318
284
0
227
0
223
189
60
67
74
174
173
147
214
391
51
367
102
310
305
307
163
289
377
132
15
276
248
282
276
166
181
47
229
55
364
125
0
352
315
180
336
328
290
381
69
72
216
266
22
249
121
106
63
277
308
257
157
300
0
304
198
323
72
163
84
228
91
80
0
292
190
43
61
354
307
48
323
336
221
90
203
16
245
67
360
36
384
324
234
193
182
63
332
131
230
212
343
175
283
148
146
241
199
159
377
76
260
355
146
231
0
71
368
55
287
222
363
163
160
369
252
124
223
161
118
234
179
266
343
47
185
260
59
142
60
231
13
241
167
190
265
72
342
165
356
337
308
72
235
147
16
67
293
250
52
184
245
47
96
380
23
60
278
102
225
185
257
0
0
148
316
60
157
84
156
90
156
295
191
41
116
240
48
260
273
141
229
274
322
312
109
340
128
297
278
154
157
40
292
103
325
37
68
218
389
69
44
219
15
294
317
338
302
257
301
383
54
185
173
20
320
346
12
226
131
364
260
235
169
200
69
259
235
117
289
101
131
117
391
257
294
118
72
285
124
268
315
284
70
0
40
232
144
220
270
160
231
80
94
327
238
105
135
14
343
31
71
155
277
244
99
67
235
191
294
127
62
224
118
278
48
12
21
73
318
182
19
253
15
107
189
87
254
266
0
351
311
130
12
157
180
238
91
110
96
383
18
112
39
113
109
82
191
349
91
318
326
301
266
367
32
318
315
78
270
65
163
224
141
38
282
371
287
142
293
92
248
85
192
321
0
263
93
32
83
103
396
235
198
59
70
117
280
167
266
316
229
235
120
68
278
98
188
270
308
80
110
322
16
116
183
184
308
191
0
356
288
144
283
242
261
320
164
220
271
362
49
374
148
126
263
223
251
183
85
97
326
280
173
11
186
151
184
187
309
291
335
32
115
168
300
31
67
73
167
33
0
274
22
208
298
238
196
118
244
197
21
264
201
110
59
202
107
363
284
64
230
164
116
195
106
201
259
262
61
102
52
100
194
244
301
293
313
335
278
210
331
121
61
111
310
87
290
21
302
296
335
72
55
30
16
138
212
132
192
170
206
336
380
131
12
279
321
151
102
262
121
313
244
297
73
61
58
157
123
86
38
99
107
314
235
298
113
97
134
245
27
312
300
103
254
290
39
365
129
34
229
126
184
347
35
352
267
228
198
28
322
19
152
58
193
250
244
217
322
280
299
33
252
154
34
127
207
224
182
229
32
151
135
38
71
80
287
14
269
178
371
333
270
136
191
247
181
371
173
229
260
330
215
236
251
316
274
350
253
15
73
22
179
105
56
154
293
329
292
112
55
248
253
385
124
47
176
57
57
0
169
346
208
78
158
93
165
162
18
212
323
358
64
110
344
21
350
273
79
396
158
82
289
308
50
14
353
328
330
203
389
121
47
307
26
20
317
350
108
31
330
201
284
247
93
268
316
41
312
272
89
226
232
196
14
161
120
311
379
28
274
0
329
53
119
100
303
60
296
354
191
81
49
239
311
290
0
97
82
96
69
114
277
166
246
90
141
331
251
278
214
234
269
230
153
219
114
216
32
0
317
143
225
197
328
218
217
337
272
324
51
277
168
73
135
106
21
158
299
231
353
299
303
14
60
25
95
112
194
314
276
355
341
201
74
147
231
63
288
102
270
318
139
274
261
75
79
193
345
116
13
0
170
148
102
242
105
136
315
148
81
31
156
325
285
16
159
154
86
198
113
282
75
290
0
122
321
38
71
70
347
236
310
220
341
124
190
332
311
284
287
226
70
148
71
339
111
0
237
102
140
124
187
165
40
106
221
213
110
211
139
230
58
228
284
108
119
201
63
90
348
133
117
122
337
396
168
323
125
21
134
30
125
32
313
198
16
37
344
271
223
190
220
28
65
143
321
57
232
28
205
121
182
313
185
213
175
110
175
235
15
111
241
276
0
285
134
21
200
0
138
109
246
185
272
31
338
335
119
40
366
355
278
22
101
36
122
370
334
36
82
235
69
202
154
326
219
309
127
0
60
296
310
299
268
191
253
245
71
287
253
227
0
165
28
285
322
120
346
272
241
45
301
284
101
20
303
296
180
288
103
267
71
79
351
322
97
224
30
249
92
177
118
293
121
133
107
173
81
309
39
87
199
102
0
145
333
32
54
292
164
184
44
284
32
357
192
392
47
10
227
90
38
201
308
134
195
60
58
88
286
103
257
339
16
363
48
319
142
348
341
205
178
127
184
338
180
146
276
0
214
257
239
79
75
174
211
56
46
144
260
226
306
152
315
167
111
90
134
173
151
345
167
103
76
218
227
70
263
268
159
127
158
315
163
182
133
248
201
142
270
0
238
85
107
110
105
282
120
190
335
246
301
0
196
291
349
134
254
165
248
156
387
80
247
23
334
233
225
116
49
29
78
175
172
229
21
123
127
264
391
56
108
53
28
215
267
302
145
40
106
397
21
89
319
99
276
177
110
188
218
301
102
199
343
118
207
329
303
246
129
205
174
27
301
21
259
18
354
39
52
260
211
211
94
165
359
253
348
119
61
23
162
343
0
127
356
81
0
51
219
133
296
288
20
44
268
314
305
223
302
134
59
139
24
356
71
243
198
149
25
19
327
369
112
95
160
132
31
141
333
237
15
218
242
261
139
61
16
207
130
217
237
246
107
319
221
223
225
57
298
213
0
0
288
68
191
284
35
14
350
96
140
378
39
195
178
333
315
79
265
304
150
291
197
284
113
146
294
0
125
61
318
200
345
134
130
315
384
212
36
110
229
96
343
160
77
137
250
150
250
117
187
354
76
0
33
161
95
370
81
334
330
193
187
20
194
167
304
251
71
219
69
0
271
305
373
154
18
43
119
254
138
63
107
341
189
355
229
242
53
113
250
142
337
170
340
46
23
320
177
159
284
37
139
78
147
316
82
158
74
198
214
228
252
83
186
238
239
348
173
189
244
82
348
0
48
104
233
169
297
195
135
0
212
132
46
67
183
88
234
339
361
185
76
362
157
194
192
160
29
254
243
21
162
206
283
289
159
76
347
19
101
119
66
190
100
175
301
155
83
110
125
374
374
198
140
363
278
20
173
228
238
272
294
281
75
22
111
53
238
69
119
206
167
227
81
56
73
298
373
67
165
272
337
286
105
91
202
294
305
335
166
143
89
232
245
146
91
355
173
322
199
316
104
283
51
236
285
322
207
259
160
182
62
226
202
62
147
29
13
123
25
45
62
281
116
271
240
327
51
282
265
150
306
44
31
130
220
185
235
69
212
215
307
183
310
128
229
394
236
211
245
42
46
87
340
253
166
239
70
296
377
321
113
95
33
374
0
138
264
363
137
311
341
141
98
380
174
208
189
309
22
125
175
28
181
23
349
222
127
78
136
112
216
211
341
273
218
372
235
328
161
254
164
363
167
204
106
276
221
228
156
252
273
189
356
168
261
297
319
267
0
246
380
229
246
397
185
325
299
376
96
186
353
55
179
260
31
96
206
204
67
205
37
115
42
168
69
174
159
110
217
165
244
269
84
126
166
240
26
20
49
341
306
20
70
261
90
361
214
394
92
322
276
0
180
252
122
213
20
100
284
73
238
85
152
11
267
40
276
340
142
119
329
174
299
86
174
326
22
185
140
260
10
190
263
327
256
102
300
329
28
220
351
38
326
289
158
205
77
129
184
172
305
48
241
190
145
130
57
158
191
330
385
46
246
178
151
55
125
317
271
223
362
103
49
195
107
122
66
317
199
223
216
276
307
206
375
219
244
44
144
215
15
244
354
224
170
198
162
0
114
368
270
147
172
160
176
123
93
107
99
325
269
171
83
242
165
28
44
70
122
39
111
301
55
0
135
28
113
278
334
369
121
286
190
266
21
61
47
186
183
116
235
167
293
273
0
265
356
366
317
275
250
142
353
186
56
313
91
56
229
314
52
45
0
80
153
59
150
141
339
279
307
13
271
351
113
127
174
146
58
195
168
97
245
298
67
94
215
83
195
79
20
265
146
379
354
237
246
266
318
130
40
190
254
94
119
47
227
101
387
230
266
304
234
122
286
285
266
165
209
166
227
87
373
63
120
259
270
229
243
66
217
310
47
335
359
317
222
264
315
383
65
247
239
202
169
40
276
387
331
366
129
48
33
204
288
309
242
16
260
168
39
316
32
134
365
366
175
76
262
122
357
126
311
229
70
28
392
91
103
249
291
214
180
66
199
79
182
80
270
335
95
18
185
293
242
181
284
76
205
222
36
357
323
214
376
0
124
250
23
385
369
107
44
22
245
355
288
197
271
117
135
209
15
271
0
95
254
68
180
304
167
69
212
310
212
63
248
117
114
88
110
320
134
380
274
307
150
42
373
116
77
386
291
28
256
201
196
188
56
326
54
179
348
175
257
23
345
21
125
311
60
153
93
183
330
277
68
46
144
290
206
217
54
149
323
286
198
44
22
136
379
248
268
95
23
308
236
0
295
151
35
252
82
25
157
89
60
166
52
47
184
254
363
46
70
104
310
0
39
310
200
307
341
273
54
140
290
188
107
33
141
167
384
19
66
381
31
279
373
222
95
171
194
220
55
261
360
179
223
326
95
179
313
302
198
343
98
291
223
232
287
354
372
77
15
330
83
226
120
333
345
277
39
288
276
226
56
255
157
184
174
135
244
37
292
0
154
231
168
76
389
131
301
150
86
312
0
392
166
154
106
327
342
221
262
20
63
116
195
41
71
53
212
74
286
26
318
113
307
246
63
200
56
152
276
214
321
99
187
79
0
125
135
139
64
313
195
34
260
321
119
73
229
196
351
216
171
312
38
27
273
99
356
84
48
181
233
269
0
86
249
172
16
46
347
30
330
162
13
196
386
278
118
232
53
321
133
294
205
214
173
144
324
189
374
0
351
215
60
237
272
208
139
104
321
237
13
264
289
184
176
279
202
286
0
283
266
132
304
166
227
338
286
241
72
78
194
371
99
110
127
253
285
0
215
98
181
37
201
325
55
375
165
22
39
172
0
148
356
180
116
182
328
282
69
101
23
231
165
303
168
111
190
101
94
110
162
194
267
220
81
41
351
268
338
57
287
375
164
241
273
189
238
211
351
273
98
326
313
159
238
273
221
326
388
340
38
61
60
251
120
18
182
104
53
341
155
0
263
118
102
48
30
117
138
294
63
365
15
271
373
109
378
77
68
323
295
181
253
333
330
229
245
48
338
183
307
149
147
112
87
44
367
266
215
60
231
143
332
327
0
154
192
106
166
0
356
278
192
326
216
63
101
96
33
40
76
186
184
22
0
267
21
319
147
373
325
333
15
106
206
193
250
330
85
43
324
323
356
354
23
219
242
61
322
43
243
235
297
154
215
245
160
326
146
161
115
63
151
241
376
109
180
338
180
334
272
235
102
142
0
155
297
134
159
151
110
55
75
329
283
29
160
87
297
84
104
365
197
314
192
138
367
311
85
337
339
217
12
22
73
85
23
0
313
317
239
213
362
166
143
49
231
258
125
234
93
299
244
283
281
352
53
250
19
209
47
126
95
32
303
37
159
268
313
120
118
0
71
52
45
196
269
266
139
70
148
44
93
238
337
147
21
306
107
94
19
327
370
298
394
100
77
103
11
357
257
180
361
196
105
291
160
179
77
69
100
106
62
32
169
174
143
31
163
191
74
267
48
153
197
13
138
112
261
302
68
314
255
136
71
193
282
279
275
354
115
380
45
296
13
284
200
116
131
260
32
315
341
292
357
148
97
133
365
127
120
39
255
18
345
355
149
276
27
188
170
281
322
247
9
14
199
139
171
271
346
18
38
47
373
353
194
333
316
54
154
58
220
25
248
240
131
207
109
264
330
54
234
153
79
149
95
143
127
238
271
12
82
363
74
243
392
218
38
290
0
228
369
53
300
44
321
127
31
59
379
101
181
113
322
176
113
200
369
306
173
79
54
195
95
172
213
61
380
331
315
138
215
134
208
156
363
262
57
104
48
297
269
0
175
190
132
44
200
274
169
294
28
48
203
239
95
272
320
355
334
160
306
397
262
277
259
81
139
104
341
231
258
197
23
215
159
117
281
64
209
229
39
59
64
185
304
370
25
71
309
62
224
340
67
115
198
328
28
0
141
92
355
275
371
167
296
277
324
14
124
129
321
86
271
284
288
160
256
163
68
187
323
378
188
89
314
269
124
123
196
36
16
164
211
250
84
199
351
16
337
306
213
229
314
337
325
307
17
198
321
70
27
232
128
292
15
261
224
304
276
295
174
107
91
285
276
209
67
35
295
275
141
289
28
244
243
121
199
313
218
192
48
308
149
195
259
66
333
381
132
337
310
149
71
44
361
373
310
39
77
311
150
73
173
149
76
139
129
244
137
14
345
21
99
149
275
22
139
295
249
301
39
61
77
199
280
69
230
230
103
219
133
114
324
323
187
156
222
183
37
159
228
166
276
348
33
216
46
171
293
222
165
150
322
180
0
157
21
303
349
0
189
214
88
168
128
18
323
56
