205
338
187
115
454
26
431
325
233
85
344
379
318
357
59
331
365
359
215
358
258
292
46
365
74
328
410
242
463
70
126
174
124
169
145
254
110
266
239
14
355
406
35
380
272
71
434
430
338
442
426
52
302
57
294
321
394
34
228
434
76
132
231
186
38
364
98
17
96
493
105
64
403
183
334
422
162
307
276
193
422
190
106
207
146
408
169
0
95
258
406
122
252
385
203
119
358
266
0
478
286
59
79
80
418
458
142
487
84
302
93
203
399
384
431
130
374
269
100
370
136
124
374
78
396
177
239
186
198
389
39
335
159
40
260
123
70
489
328
368
437
151
78
28
306
400
375
53
137
406
81
270
454
21
315
132
417
341
25
340
178
380
342
290
388
113
18
33
348
373
143
352
424
422
281
383
368
361
0
262
12
257
13
158
103
335
350
301
275
360
202
31
166
162
395
385
444
81
384
75
149
345
267
310
449
156
289
200
427
348
199
46
180
290
347
286
195
40
122
57
149
233
372
287
78
108
269
77
20
393
375
406
333
205
295
424
346
281
275
344
254
186
351
235
267
62
204
370
311
106
378
20
185
313
364
457
220
374
0
392
0
435
307
340
191
35
254
305
205
139
142
169
42
361
39
330
427
185
0
354
90
266
368
306
316
318
217
332
436
364
428
327
401
152
348
188
81
23
397
241
395
244
77
249
69
241
223
102
124
239
407
165
358
15
275
337
122
380
26
220
95
109
93
423
221
271
414
544
166
417
286
305
466
50
476
444
170
310
57
281
411
56
443
357
199
371
349
366
32
26
35
136
361
406
362
203
231
29
332
371
173
72
426
283
266
150
274
56
152
207
393
382
319
266
68
427
121
145
150
501
363
277
371
300
364
23
441
324
185
186
0
270
275
139
29
17
277
37
257
0
198
219
441
384
369
200
379
251
275
216
83
389
419
212
364
74
118
88
96
313
82
257
160
295
95
340
387
330
419
384
127
317
309
291
427
233
413
181
476
179
394
324
20
352
62
243
313
28
131
345
272
122
54
243
136
167
149
378
334
101
28
352
70
426
266
287
272
386
276
277
430
386
331
243
47
286
112
228
113
135
74
172
374
144
110
259
424
299
384
165
63
119
372
92
491
382
126
433
342
307
259
402
237
134
330
376
157
49
211
409
427
222
0
83
62
360
79
250
302
228
397
333
64
204
249
44
206
387
189
278
316
310
239
60
113
107
128
182
45
0
217
208
332
443
456
120
35
291
145
153
278
139
253
439
0
245
312
416
425
424
153
327
100
118
383
389
436
102
25
48
48
198
369
351
146
183
320
363
167
172
140
230
381
161
237
255
452
169
311
71
176
449
84
184
375
266
343
353
166
56
422
71
122
416
56
417
256
278
422
143
338
212
250
204
337
319
118
50
16
182
436
454
228
50
85
310
37
310
334
284
53
404
44
363
99
453
50
161
487
442
243
266
212
111
229
176
374
416
468
188
339
397
208
19
336
272
41
244
46
253
106
48
215
229
183
160
38
210
0
90
405
200
252
271
330
326
39
84
235
291
306
0
410
368
149
487
104
265
152
88
57
238
303
199
143
330
128
118
410
179
152
50
206
333
346
135
194
424
413
28
15
50
174
301
108
187
116
281
169
277
98
0
259
301
425
343
127
299
388
18
105
114
32
363
58
306
58
358
328
342
441
35
170
164
319
126
156
193
171
439
46
22
257
0
369
213
280
467
71
205
199
337
280
21
158
365
112
373
252
39
56
38
448
0
262
185
447
375
188
78
434
64
174
346
417
163
378
46
268
362
68
281
169
190
228
443
134
133
103
14
319
325
85
405
137
297
363
109
36
359
225
257
349
167
267
245
17
69
53
419
63
294
438
203
54
233
224
489
58
73
232
333
24
386
388
266
359
412
82
399
149
24
400
100
346
78
229
82
124
358
256
233
260
141
354
91
386
327
183
21
328
72
335
408
431
325
42
299
383
140
406
396
467
0
163
42
157
226
356
31
277
325
99
24
187
143
126
45
417
48
240
67
219
329
309
53
446
450
333
309
281
81
372
268
50
458
142
423
367
233
461
309
230
71
170
444
304
122
318
455
318
148
176
450
293
413
316
375
78
198
181
209
314
290
175
157
259
327
120
416
304
323
266
0
153
92
296
118
339
273
357
385
121
458
288
144
416
161
208
326
390
36
464
272
379
131
371
276
341
109
93
40
46
308
462
0
336
417
132
224
194
273
354
33
56
474
123
418
365
218
95
27
145
169
119
75
23
231
208
142
145
147
98
106
158
34
433
80
80
219
342
483
437
295
392
140
52
31
164
165
125
35
186
402
368
148
332
152
13
231
413
376
385
72
346
131
366
169
133
210
384
128
123
179
362
447
0
37
327
365
190
140
172
367
65
303
455
258
41
371
45
343
91
206
349
345
401
186
295
460
355
313
334
394
293
279
397
300
399
452
264
44
361
104
445
377
51
197
337
143
295
0
466
426
250
416
167
482
340
118
141
44
250
217
190
330
382
435
150
416
47
124
132
21
138
80
198
232
425
299
391
268
121
148
0
255
366
289
388
348
202
137
271
201
228
66
207
134
331
78
345
36
405
127
185
198
176
119
109
77
206
169
179
205
415
97
28
0
279
118
397
49
403
113
422
269
415
252
175
133
191
205
504
334
438
281
186
352
88
240
393
68
295
175
159
416
189
71
395
325
390
215
304
186
307
73
421
489
281
437
202
209
394
220
60
176
119
130
231
0
237
120
190
454
107
292
197
140
144
125
396
30
319
88
362
364
162
370
169
359
0
220
393
47
254
37
226
380
347
304
310
213
271
299
390
75
183
45
66
319
410
32
367
291
67
204
330
411
381
388
366
401
15
316
337
225
261
92
163
344
100
282
218
306
168
431
396
397
422
399
340
158
463
254
218
442
20
107
143
229
448
65
293
301
319
349
319
50
209
207
459
55
96
425
427
341
220
197
140
155
271
31
45
390
384
317
278
56
446
446
328
113
251
434
147
369
108
98
434
243
229
87
456
123
289
21
281
0
114
34
114
412
104
320
343
33
324
125
189
227
228
237
72
67
328
56
443
66
422
307
184
389
210
211
304
491
368
303
342
24
435
184
20
53
315
150
21
104
175
21
313
445
478
478
174
103
60
195
219
68
363
131
389
115
390
0
430
0
333
157
436
31
414
0
146
234
325
434
404
31
90
331
218
449
275
341
97
0
80
183
334
238
88
41
175
313
433
85
337
321
379
322
428
252
155
123
218
211
145
293
30
198
410
385
435
467
363
451
297
488
60
319
126
247
368
271
253
324
250
174
293
403
29
443
206
83
198
17
426
171
355
0
113
434
309
434
15
359
349
240
346
156
0
368
434
340
0
120
38
214
183
207
49
241
425
203
241
255
218
40
97
19
428
238
435
0
142
327
207
194
135
383
330
313
17
127
193
318
283
332
63
243
69
67
377
183
24
27
170
15
175
411
401
396
344
56
319
391
460
167
223
392
96
109
136
194
241
351
378
36
19
431
388
228
206
153
224
0
96
342
181
166
142
206
75
110
22
281
0
216
203
261
300
286
355
82
440
143
286
363
271
105
364
248
360
37
32
195
17
253
166
140
421
72
425
62
382
289
43
20
123
219
216
80
458
116
256
64
131
147
383
377
368
316
261
213
263
210
339
481
152
394
401
374
177
84
65
58
448
134
94
221
96
373
449
99
228
149
421
284
398
454
373
195
453
367
133
225
262
370
173
147
229
29
210
43
306
120
338
263
282
356
393
34
38
40
109
361
109
49
115
340
225
461
38
269
12
15
405
316
315
240
211
187
238
445
234
114
34
264
184
76
438
265
34
130
296
88
418
318
12
52
88
182
460
410
256
286
42
127
125
178
332
249
15
478
439
33
202
158
458
34
62
208
438
177
471
300
242
351
166
316
397
324
11
314
251
202
75
171
442
61
448
130
116
411
140
97
108
195
278
461
0
107
58
527
404
191
390
135
275
39
313
224
229
346
154
359
302
363
110
20
385
95
108
101
16
37
181
366
323
339
407
196
312
14
40
461
383
250
481
330
249
435
280
345
24
398
60
373
387
305
112
70
273
42
107
152
123
47
280
158
44
411
254
231
412
118
360
276
300
323
67
338
76
250
433
225
49
344
421
0
181
202
409
106
21
0
462
242
272
286
267
380
198
440
56
425
78
159
0
425
345
310
40
380
214
305
40
143
46
106
316
345
0
166
425
98
428
379
283
0
232
239
361
61
223
52
176
122
314
348
252
312
225
415
410
358
45
174
248
248
366
83
360
358
68
214
430
178
148
472
20
117
13
156
63
52
347
199
337
115
0
67
447
58
378
214
0
93
336
362
139
249
282
328
289
242
261
416
490
385
236
141
181
134
45
296
70
341
378
249
397
336
416
6
59
246
408
231
358
187
309
389
437
320
302
55
0
131
266
297
313
265
381
333
154
23
132
29
108
232
22
360
53
158
269
432
464
360
270
39
224
276
86
475
90
209
324
434
42
205
423
259
274
31
313
361
396
42
302
118
359
164
36
455
83
51
76
254
141
375
388
13
177
333
421
60
266
430
0
41
283
358
42
387
229
396
82
316
229
222
216
411
102
469
55
367
129
86
115
263
199
91
449
72
92
188
111
198
429
430
163
277
472
310
0
37
345
319
229
362
311
206
73
380
287
443
23
231
409
15
18
255
83
45
487
178
411
249
60
90
421
0
401
45
320
455
457
69
302
96
72
358
380
349
13
0
323
130
270
440
94
166
37
119
90
418
399
57
40
47
447
341
441
89
220
393
171
212
338
384
388
183
70
199
312
320
217
324
22
119
215
223
106
349
124
305
43
306
318
455
59
326
294
249
433
102
370
262
326
458
424
131
275
364
328
313
459
400
162
325
434
109
193
417
318
92
201
414
181
50
362
41
241
417
342
109
363
477
68
247
72
96
106
451
383
278
135
262
106
341
205
119
281
120
86
353
204
174
172
451
163
282
233
136
458
53
433
131
167
352
27
138
380
95
117
398
58
116
429
246
448
422
407
249
19
224
206
30
74
297
376
0
16
299
256
95
77
258
455
169
342
287
321
292
7
417
338
381
244
282
238
311
62
43
148
419
464
216
281
357
271
378
423
240
124
102
257
178
314
414
424
170
417
286
270
50
171
182
454
313
110
263
412
188
239
160
269
151
0
81
366
37
293
429
147
227
327
89
219
140
119
248
35
482
417
257
363
282
329
254
367
217
219
80
57
323
323
237
260
81
131
59
168
330
128
77
353
369
362
220
450
156
392
111
95
174
113
373
125
173
378
394
166
259
52
267
93
217
152
156
213
474
433
51
245
330
377
263
439
224
374
382
242
64
36
225
320
59
41
405
177
66
377
178
297
106
109
68
363
373
392
177
415
61
42
470
20
310
98
195
247
273
472
343
102
397
98
385
366
407
212
189
45
393
259
166
381
254
48
288
418
115
124
261
377
103
238
251
74
165
119
131
411
264
16
297
389
413
134
378
257
164
11
0
242
438
23
406
140
385
415
74
360
387
335
231
40
173
222
337
147
195
195
469
204
405
414
120
22
300
29
170
230
206
0
361
359
112
83
287
429
177
150
338
405
247
336
268
455
205
293
260
36
287
316
149
198
414
365
30
192
457
279
439
185
266
78
19
115
359
268
100
213
355
248
103
222
27
446
314
461
121
296
197
203
351
226
306
247
351
220
232
378
132
45
208
304
125
0
345
350
99
402
254
402
361
132
407
112
219
388
69
404
389
226
149
451
295
278
63
152
120
251
137
244
409
25
103
433
96
121
384
106
303
234
200
373
88
421
242
73
380
30
235
245
27
299
136
53
221
234
181
282
27
82
26
437
253
62
19
417
401
170
58
163
336
119
325
355
309
364
81
336
383
263
127
109
409
450
211
353
419
289
324
262
194
229
287
368
301
45
484
119
6
358
280
468
0
20
180
216
171
62
163
116
31
382
247
300
123
177
454
218
373
338
40
412
341
307
136
226
187
360
108
333
379
315
282
391
278
121
232
165
445
142
342
254
456
424
231
28
100
304
96
16
13
196
143
218
479
408
376
388
156
217
367
307
382
472
413
149
373
78
127
180
50
228
258
439
209
39
393
148
212
351
432
46
164
380
289
267
232
439
159
253
423
328
28
51
425
325
461
115
52
361
376
141
115
293
345
284
396
256
0
410
128
35
306
331
245
179
451
253
30
240
405
129
274
393
443
315
465
32
474
447
240
406
180
278
0
220
467
35
339
392
43
52
364
17
427
310
451
172
107
389
22
280
110
32
76
315
469
343
66
383
346
271
424
443
104
442
192
434
323
0
105
190
224
73
60
138
238
443
165
246
403
124
247
312
72
279
88
106
322
337
354
349
385
82
409
101
349
297
259
426
248
388
363
166
137
194
0
138
62
214
295
94
108
307
230
373
350
299
339
292
341
344
278
80
453
327
331
371
274
203
113
177
257
344
221
64
196
280
309
23
307
443
29
373
216
417
146
260
104
308
166
158
263
257
50
324
42
0
163
97
77
431
315
169
62
140
178
232
490
92
135
146
156
305
173
51
18
166
405
40
235
442
216
187
202
54
481
181
487
284
0
281
302
204
240
220
315
173
290
321
45
154
432
140
372
188
367
0
273
159
257
374
238
26
151
117
432
470
230
422
420
259
82
174
155
161
287
305
341
71
346
349
425
131
111
278
222
120
191
33
390
173
375
180
422
196
232
38
105
346
26
51
17
280
30
212
117
341
0
395
419
479
192
71
0
396
40
115
268
223
389
300
404
283
304
330
148
214
414
91
24
32
168
16
439
240
321
362
249
124
176
477
229
363
414
34
328
265
258
88
253
255
103
39
75
243
255
100
297
268
259
220
458
248
447
109
325
150
433
338
96
443
141
440
269
219
59
481
80
243
68
16
360
103
376
138
188
384
386
96
273
0
342
66
64
194
433
165
294
343
393
339
337
312
88
65
61
156
46
158
337
196
174
385
19
404
440
370
310
404
224
60
462
150
155
374
227
140
401
426
227
363
311
359
153
324
347
432
296
174
104
146
358
114
462
105
313
208
362
274
357
302
189
396
108
0
191
71
155
20
34
224
401
79
39
112
105
414
301
490
336
396
77
350
149
202
195
164
129
236
288
431
119
391
299
112
331
212
442
26
421
216
405
156
405
438
140
276
15
107
304
112
202
192
133
49
149
307
476
112
107
389
199
243
242
291
372
115
171
244
39
375
398
159
30
196
233
366
33
295
360
396
354
158
273
96
401
456
333
471
220
421
153
278
380
93
279
337
97
71
362
93
0
424
33
339
334
87
256
357
184
318
141
455
207
214
351
187
411
271
489
9
306
261
271
144
110
244
81
274
400
334
298
141
29
372
331
110
381
232
329
87
0
371
346
418
318
316
390
48
0
377
0
32
211
397
382
401
30
358
384
390
262
420
280
127
195
185
55
37
128
332
0
314
44
192
274
396
403
441
338
344
83
229
390
354
258
439
16
78
285
256
311
373
114
456
424
446
319
403
183
400
338
430
351
39
36
63
64
31
392
47
213
221
430
359
53
300
174
319
49
113
414
207
343
288
434
0
384
186
64
345
374
184
63
392
215
232
273
35
57
489
391
103
117
240
126
72
171
423
446
383
252
265
199
227
201
289
218
211
166
244
348
182
110
75
336
227
460
304
46
0
276
400
292
11
479
364
423
170
449
434
268
301
462
0
56
175
430
376
308
385
113
70
272
174
430
219
267
117
391
34
372
34
102
92
263
72
367
37
272
51
412
297
350
386
449
123
216
360
192
308
273
0
361
395
18
343
329
170
292
36
241
55
104
72
136
129
390
449
423
324
86
91
85
296
360
284
245
327
238
332
377
51
424
18
393
238
239
277
246
430
420
383
115
430
406
214
250
385
359
235
401
72
171
418
17
126
60
239
342
66
24
183
78
66
308
132
24
108
427
0
386
149
293
294
437
322
417
469
122
81
418
146
311
194
37
314
104
18
150
195
430
61
182
77
251
232
427
295
484
283
290
181
227
330
356
264
236
194
305
296
39
143
461
231
296
0
52
234
66
102
291
289
295
383
333
292
142
35
369
360
63
29
210
328
23
388
141
333
179
277
17
425
316
247
442
274
383
335
182
402
165
90
282
290
203
174
451
503
302
438
279
306
65
90
181
52
412
145
180
405
125
408
0
299
434
411
75
200
435
446
325
221
163
463
116
426
290
239
241
436
269
390
387
443
255
38
398
209
140
282
438
215
86
263
376
425
432
241
79
406
257
59
27
351
424
146
320
252
189
26
427
324
369
458
140
64
39
459
43
248
173
182
238
183
411
427
356
182
223
356
143
108
195
215
58
217
384
337
243
400
382
345
221
37
23
260
108
221
53
39
338
375
100
327
396
304
67
456
339
403
113
265
332
226
54
465
292
53
0
152
429
251
208
260
127
208
236
156
352
358
345
58
264
138
45
151
154
102
473
340
174
336
403
332
343
423
388
208
255
207
436
210
356
84
453
151
166
388
144
323
207
44
226
458
314
289
434
205
367
331
450
378
381
148
85
121
120
71
465
345
278
321
482
84
449
12
145
364
469
302
337
132
85
125
304
96
323
125
102
91
345
364
433
366
88
247
339
195
43
120
82
368
291
113
108
483
294
286
91
390
448
424
71
397
381
64
419
301
14
429
166
247
291
226
33
223
218
194
140
85
13
283
104
227
239
282
168
449
381
178
129
251
217
0
320
16
34
447
304
130
271
386
154
310
279
239
427
153
115
53
292
29
0
263
228
76
84
278
265
328
301
338
100
148
192
411
305
188
65
0
102
274
471
144
441
194
365
251
19
407
364
442
77
74
11
300
331
319
320
403
409
315
58
44
89
243
464
271
106
351
464
402
237
408
334
270
85
0
295
226
253
342
257
137
47
211
413
427
226
266
61
107
76
157
338
216
66
181
328
269
444
245
362
0
140
124
67
233
444
213
20
64
130
43
134
309
152
239
175
406
44
313
36
38
278
169
200
384
275
284
325
275
408
0
193
22
72
138
23
330
359
198
354
333
443
114
256
148
389
311
449
155
94
315
84
186
309
350
282
369
426
156
272
302
146
401
194
361
271
286
136
85
102
164
194
218
143
460
211
340
318
290
15
248
211
148
360
57
209
409
228
436
375
359
410
138
168
201
361
188
328
97
276
83
195
0
300
96
314
394
307
424
398
0
126
367
218
51
230
316
311
20
213
110
259
42
472
466
227
482
145
258
210
256
58
259
333
381
241
425
481
368
360
80
266
300
118
185
21
227
379
234
426
112
52
260
147
289
185
218
0
216
376
0
41
380
185
162
347
398
52
77
298
365
437
0
394
251
72
110
13
55
177
0
387
342
301
16
25
460
409
456
104
421
147
469
36
201
414
193
287
272
67
201
141
469
390
424
385
345
339
263
451
233
160
267
265
104
218
212
376
56
353
117
103
247
323
365
164
406
69
417
130
81
133
174
129
434
205
424
135
244
64
377
99
338
71
285
352
394
437
230
366
199
23
453
166
427
296
185
342
116
427
142
183
330
463
0
268
294
468
287
77
26
431
315
303
403
301
219
425
29
215
400
150
389
67
364
510
310
233
132
136
146
142
194
307
378
242
212
343
205
417
23
93
451
344
35
139
267
397
351
366
176
213
323
26
333
439
0
255
430
110
305
0
27
249
260
53
273
428
371
0
337
133
353
14
161
71
267
260
332
338
92
20
325
229
74
63
277
352
20
221
271
127
178
279
77
352
15
24
447
147
0
466
240
281
93
437
429
186
63
318
163
34
459
371
413
366
437
25
160
335
397
38
419
71
400
82
326
46
106
408
378
333
333
146
277
100
267
344
97
353
319
164
158
226
219
375
212
197
273
361
24
135
187
245
372
59
419
63
285
30
33
409
412
228
181
100
213
41
104
274
204
310
296
114
200
339
139
137
20
182
109
231
391
232
51
452
336
