557
562
521
591
590
486
541
565
539
563
580
541
603
533
552
564
532
567
519
564
574
573
585
531
570
517
528
572
538
530
519
578
583
563
505
568
601
562
589
557
577
521
517
560
574
531
512
570
559
491
552
533
521
530
585
557
537
571
574
534
591
490
555
560
553
555
532
572
553
534
561
552
527
530
609
520
571
541
520
568
518
590
588
600
530
520
588
510
574
527
531
503
541
523
555
573
537
554
542
598
576
504
592
554
516
533
538
564
497
527
518
594
555
560
544
551
539
557
519
598
526
547
572
560
541
603
546
551
575
578
518
546
530
549
580
567
544
565
558
496
555
497
552
562
527
580
510
571
564
551
545
515
567
563
534
497
588
563
521
556
565
539
564
528
515
578
563
549
527
535
560
570
541
589
552
523
557
559
529
508
561
581
573
568
520
533
556
594
503
513
528
562
511
541
529
555
507
509
547
551
576
520
559
569
510
496
571
542
554
506
537
538
550
532
565
599
549
549
567
518
537
572
531
527
550
604
584
535
552
591
497
609
593
547
550
559
522
600
547
517
501
496
545
577
523
596
585
575
577
558
494
557
583
589
587
499
594
554
547
554
513
522
544
533
566
497
551
555
563
510
536
515
587
585
525
605
588
579
554
544
525
589
572
529
564
527
571
496
561
523
536
546
514
548
555
525
565
579
567
541
479
590
553
520
606
582
578
514
586
529
599
573
536
573
603
551
569
554
550
549
574
533
549
547
551
551
556
531
539
545
541
566
535
554
536
581
532
554
547
537
551
572
512
559
613
585
526
539
598
582
550
535
583
557
572
563
542
588
544
536
555
582
577
559
569
530
567
502
598
559
557
572
574
524
526
541
517
527
569
531
516
557
538
541
560
583
497
535
585
579
577
513
542
563
595
524
580
513
544
502
552
527
550
573
509
587
596
548
546
557
518
535
533
493
556
537
557
576
568
495
582
591
532
529
532
536
580
510
514
524
600
619
517
558
557
509
506
585
525
563
535
578
485
581
566
517
549
551
529
570
540
507
588
530
514
535
537
528
595
540
544
538
591
564
540
550
566
519
593
524
538
601
531
548
552
516
559
563
574
529
547
568
564
517
577
638
518
590
520
543
549
577
493
581
571
538
531
528
532
571
561
559
555
503
529
564
561
564
521
574
583
548
579
552
553
564
529
551
568
529
528
538
572
592
560
566
522
596
543
562
536
544
541
572
543
571
545
473
556
572
556
563
542
530
541
532
581
517
527
578
584
544
572
553
493
552
623
604
545
545
561
539
520
577
537
527
557
548
549
557
598
536
568
500
497
512
554
545
544
520
617
524
525
521
497
589
525
546
518
563
501
546
618
560
573
529
561
608
598
514
585
532
540
501
577
578
580
542
535
599
590
585
541
580
573
578
539
576
550
554
526
561
513
535
549
564
552
589
566
538
572
532
545
559
558
516
532
551
566
493
543
547
531
497
554
546
565
542
574
528
572
538
597
618
554
542
541
521
577
531
553
519
522
549
531
547
593
572
602
571
544
559
590
563
566
606
551
516
574
583
540
516
525
550
539
540
584
573
522
522
543
522
609
556
555
531
585
516
543
554
549
548
575
556
552
531
539
520
531
523
553
569
548
542
531
504
520
573
572
585
506
563
518
518
565
603
542
592
582
540
544
536
593
527
566
531
532
565
550
622
520
582
560
509
530
533
534
500
524
526
529
631
516
542
502
533
597
556
519
553
570
565
558
581
591
556
517
528
536
599
529
522
575
554
575
525
595
544
548
517
582
559
527
522
567
519
543
560
566
504
544
582
569
580
536
517
579
544
535
537
508
559
539
529
571
537
569
537
556
554
548
586
562
511
557
553
549
520
552
591
556
576
583
567
557
559
572
544
538
516
510
526
567
611
562
557
601
552
548
534
570
503
539
519
562
575
625
563
611
539
517
516
528
565
573
597
592
537
535
570
557
529
530
575
537
528
562
524
536
523
528
556
573
567
554
588
600
546
546
543
549
568
582
555
552
538
548
524
570
596
538
549
541
544
518
519
516
607
564
528
614
557
528
571
469
545
547
614
564
550
549
533
544
558
564
598
531
532
522
576
529
514
624
547
554
520
483
550
536
565
499
593
568
553
534
558
555
574
546
548
538
528
543
549
600
535
586
506
587
564
488
573
521
546
546
518
555
512
578
586
515
529
593
561
581
551
537
591
579
534
578
518
528
526
600
572
558
581
540
557
557
529
556
505
543
476
548
516
546
562
563
621
563
549
540
558
557
530
493
548
534
597
572
555
549
591
504
569
559
555
561
581
604
580
543
592
507
526
554
561
555
567
534
539
540
557
497
519
601
542
536
559
576
565
550
546
495
546
538
546
502
626
549
537
547
524
537
523
574
541
540
590
564
492
576
509
567
569
523
551
585
501
547
515
540
537
531
581
510
589
537
552
541
517
578
541
567
528
567
550
598
516
562
536
531
557
555
535
557
619
556
539
559
585
538
547
573
562
545
552
569
595
569
545
523
539
555
538
554
556
595
581
542
545
562
566
551
563
556
541
515
598
474
560
505
512
530
556
562
607
602
542
547
522
532
566
545
526
533
553
568
546
604
561
593
568
536
534
562
539
526
543
535
557
524
551
498
566
511
532
553
620
530
550
528
517
557
535
626
584
519
553
522
517
544
551
511
545
556
539
523
508
545
569
528
538
526
563
573
607
502
553
552
583
538
594
581
521
542
536
528
562
537
564
557
537
560
558
537
575
533
497
601
529
585
578
552
572
525
564
557
519
536
571
542
550
605
542
482
601
512
525
545
571
551
517
568
583
548
542
520
530
543
588
533
533
566
575
581
536
533
522
593
607
532
548
541
525
542
574
547
546
561
530
509
539
515
575
515
570
560
554
591
526
524
484
567
542
587
520
573
545
556
586
558
536
540
590
569
516
558
574
522
620
552
559
562
577
547
569
534
520
546
541
555
497
525
522
537
552
558
515
574
578
489
548
581
538
514
538
604
577
536
543
560
496
545
520
554
552
516
536
555
530
548
608
580
566
586
526
549
533
546
527
512
535
569
552
532
573
569
527
542
535
580
511
552
502
528
557
510
543
560
542
537
569
620
546
560
570
553
569
555
527
523
540
519
573
538
599
522
585
569
603
513
591
546
626
552
551
537
535
564
566
617
570
513
515
551
541
529
569
557
509
568
531
551
555
598
580
586
551
541
539
526
555
544
534
508
553
604
571
487
544
544
559
512
532
563
546
525
532
555
556
538
531
556
585
579
543
493
513
484
594
554
541
498
574
582
571
530
536
557
559
511
570
608
558
570
566
527
514
549
540
570
579
529
524
556
544
595
516
582
595
558
485
530
544
527
525
539
531
561
573
550
523
532
487
570
583
590
544
582
555
527
594
535
526
510
586
517
540
537
590
522
587
538
542
603
592
519
517
575
522
585
545
557
518
530
548
547
536
618
570
551
546
539
550
581
542
569
560
594
517
558
566
549
601
586
528
566
526
552
576
526
545
614
619
608
538
541
557
575
583
571
518
603
541
535
582
566
535
560
599
547
580
543
512
561
540
497
567
541
534
588
562
542
557
537
598
544
568
554
526
554
632
561
573
525
557
487
517
552
619
599
528
565
542
485
522
513
542
531
602
543
505
552
503
565
545
627
502
543
566
520
578
556
556
586
538
549
575
564
524
581
519
580
600
604
548
491
483
528
506
566
542
605
511
538
515
541
570
580
537
541
573
595
518
581
502
501
560
554
544
530
621
532
504
553
533
520
503
583
574
542
551
634
543
558
544
519
576
576
573
583
529
533
597
495
587
562
530
498
540
565
542
572
529
578
504
591
496
511
583
538
614
579
571
556
603
535
508
560
545
507
556
497
601
547
518
637
540
569
550
600
547
579
616
587
506
561
577
564
532
551
508
570
578
567
561
556
566
585
566
541
543
539
626
564
587
549
592
543
550
593
577
563
525
565
533
582
575
567
531
552
542
559
569
544
539
568
535
513
559
521
499
575
578
535
538
547
532
611
551
522
594
515
548
585
591
541
578
525
555
530
545
526
537
547
540
516
570
531
619
537
551
573
558
559
545
551
568
590
554
551
554
558
508
589
544
521
558
544
553
550
573
588
553
537
551
538
565
516
555
519
543
562
565
550
571
555
565
530
540
554
591
581
587
558
575
560
591
527
550
517
559
506
542
518
573
539
558
557
560
534
559
568
568
568
548
582
567
556
516
547
560
571
575
564
504
552
529
598
555
545
535
513
559
568
588
530
556
579
569
512
557
540
537
589
528
557
514
557
547
520
507
562
541
571
568
560
550
613
540
542
565
547
552
544
542
551
551
552
579
569
568
546
557
539
551
508
531
550
509
507
552
527
523
528
581
565
567
563
550
570
528
549
572
588
528
568
520
541
583
547
549
589
568
588
580
557
566
553
559
530
543
540
525
553
527
553
579
567
540
523
563
545
561
566
599
536
569
533
601
577
531
534
540
606
575
531
525
505
532
502
538
545
570
620
533
544
525
564
594
530
547
556
526
555
580
535
611
581
526
533
500
574
550
586
576
506
503
543
538
511
530
517
528
569
523
547
578
579
566
563
594
520
515
577
529
592
534
517
518
554
561
555
597
513
572
581
528
552
508
563
532
563
545
579
565
556
527
579
545
539
571
590
527
550
508
478
574
591
558
566
581
542
569
582
553
526
546
559
562
529
565
559
488
574
515
547
543
566
520
570
552
556
560
608
545
587
575
625
517
560
520
581
556
552
551
503
574
616
567
545
558
579
576
538
529
554
585
533
517
568
557
556
595
607
503
521
543
529
497
570
530
561
562
549
566
543
545
488
544
574
549
575
566
539
574
557
563
534
599
519
547
526
530
580
550
581
536
543
501
638
570
508
551
527
564
553
555
603
557
574
542
506
529
546
525
591
566
611
548
560
589
568
532
513
596
533
548
560
478
562
516
549
585
499
547
573
506
573
598
535
516
553
596
536
520
550
581
508
533
576
504
566
561
569
569
558
602
583
524
551
537
577
550
557
546
511
573
625
533
557
527
552
557
555
525
563
530
558
554
578
549
523
561
583
552
592
572
592
559
512
581
641
524
619
563
575
550
519
552
580
539
556
526
567
510
522
481
559
567
552
575
583
502
602
590
593
512
505
539
563
523
540
581
549
538
579
548
562
564
572
556
540
556
559
517
521
544
573
558
557
568
569
556
568
532
531
548
543
533
549
530
516
558
564
529
578
503
558
531
595
540
550
516
557
552
533
592
527
585
540
534
549
645
522
580
543
542
539
587
526
558
510
551
581
544
579
539
592
586
562
524
536
540
597
538
539
578
564
588
584
601
546
560
547
498
494
567
531
576
532
564
566
583
557
544
560
546
538
554
539
571
525
506
550
554
559
523
557
539
559
608
565
570
586
589
568
586
538
588
506
536
590
533
549
496
506
564
520
546
571
558
554
586
569
539
611
513
516
529
550
522
559
563
538
533
542
567
546
484
588
549
542
597
581
558
556
556
570
554
601
606
515
536
519
602
598
567
536
606
593
610
553
563
569
540
553
569
614
568
534
510
553
569
563
574
525
559
569
503
586
519
564
566
583
520
570
553
562
525
563
551
597
573
534
548
529
569
533
571
628
529
524
536
604
574
552
519
564
547
556
583
619
582
522
515
559
590
562
544
525
594
608
580
541
561
541
593
523
527
572
520
527
565
574
526
605
617
575
599
550
481
572
547
566
544
528
577
586
660
561
549
600
562
539
531
527
590
504
523
593
573
584
549
491
553
546
539
559
541
574
558
525
561
603
568
579
549
559
563
531
530
592
577
550
522
520
559
559
585
578
600
561
611
557
530
570
595
570
551
587
538
553
550
602
551
549
549
546
531
562
567
549
536
594
512
556
513
572
584
533
582
619
508
587
553
589
523
540
569
575
552
544
598
564
587
593
514
542
586
517
565
544
528
543
539
544
543
565
552
558
567
491
607
551
534
570
542
566
584
526
546
582
546
519
593
564
554
593
546
543
557
526
578
552
532
582
530
575
540
545
548
530
540
592
566
572
570
516
551
557
581
517
559
543
558
549
587
589
567
564
577
515
510
551
551
554
576
561
553
536
534
528
554
588
542
540
552
516
550
603
541
518
581
560
527
521
521
649
524
545
570
604
536
514
515
504
567
564
517
531
617
559
536
516
566
548
521
582
556
555
564
589
546
519
528
549
536
558
545
559
577
511
541
571
593
519
531
566
591
538
568
539
575
552
516
584
582
626
520
514
487
544
545
550
559
602
530
520
581
624
568
564
570
567
579
577
564
543
510
579
561
530
548
550
561
553
561
525
559
576
545
541
510
547
561
545
552
568
524
571
542
523
569
568
574
554
533
537
549
541
527
537
604
553
560
557
556
559
550
495
588
547
558
593
543
541
609
540
533
626
536
589
562
521
567
554
510
538
590
541
604
561
531
563
557
540
539
477
592
503
472
534
581
578
577
562
538
546
552
566
548
577
579
527
574
569
513
618
543
539
523
532
571
541
520
531
543
556
535
544
580
545
543
498
530
538
538
571
582
524
526
576
587
557
583
546
552
552
561
515
520
578
502
584
569
518
533
541
597
524
476
566
572
562
538
583
544
569
586
549
541
563
595
544
580
546
543
557
611
543
558
537
581
581
556
568
531
566
584
503
550
577
587
595
593
534
549
543
569
585
609
560
564
563
560
542
556
623
585
528
556
519
553
523
556
557
554
578
537
655
560
591
532
520
544
584
574
544
598
597
536
567
550
543
542
549
578
522
571
546
541
576
586
551
490
573
494
498
606
554
571
595
519
602
549
539
523
582
511
561
592
582
535
541
606
483
560
556
577
545
552
507
515
563
555
587
592
509
536
510
573
577
544
588
526
554
536
551
577
606
555
514
571
588
537
541
530
628
579
555
576
549
566
535
554
491
529
581
493
537
473
579
550
573
527
540
544
552
569
480
532
544
540
533
536
572
545
577
517
527
498
561
526
537
562
514
574
540
564
541
544
498
576
514
567
536
534
519
539
547
549
621
602
551
595
499
512
539
608
513
548
580
610
543
522
551
549
528
523
516
556
602
549
543
592
593
553
552
562
535
551
543
537
509
534
573
495
603
560
574
535
563
560
563
554
579
568
547
592
563
608
556
569
546
617
588
532
555
525
534
515
574
561
519
522
568
555
541
539
569
525
546
557
556
526
597
536
542
582
578
586
580
528
602
522
548
576
548
562
523
519
579
600
570
575
505
574
530
623
566
582
611
536
534
534
543
586
565
563
556
507
578
523
546
551
540
538
575
567
510
535
576
521
560
474
547
531
520
548
560
503
550
562
577
561
545
537
557
571
486
537
548
542
557
539
528
522
548
517
509
574
582
550
519
511
549
523
564
514
517
502
567
593
575
563
600
554
577
519
507
543
484
519
571
568
557
576
528
520
557
497
555
551
548
530
582
556
526
576
555
595
547
550
543
572
558
544
537
556
561
548
566
553
562
558
598
545
594
518
561
517
552
523
560
514
575
539
574
583
600
561
581
532
554
505
528
542
537
582
527
553
560
602
510
538
547
577
561
530
543
490
560
513
535
556
535
524
554
558
586
554
546
509
553
566
544
569
521
517
575
548
563
593
528
537
526
540
532
577
537
562
595
562
590
531
595
505
579
598
517
531
563
531
544
564
575
564
547
589
588
511
576
596
528
502
551
599
604
518
562
573
556
560
589
560
524
578
537
601
518
610
551
566
523
588
584
566
534
549
525
530
547
525
514
534
548
564
578
575
557
541
564
555
588
555
547
553
558
581
577
550
530
532
602
556
559
557
541
534
571
573
580
570
550
563
528
560
545
547
564
576
552
557
556
521
618
552
558
530
511
565
560
559
594
541
595
517
565
512
592
486
556
539
553
533
555
530
542
566
596
545
589
586
542
544
570
491
599
537
581
537
599
526
553
554
534
538
581
516
559
526
542
571
508
508
549
511
512
541
569
543
605
568
531
524
614
593
534
583
548
556
574
560
558
514
566
522
592
597
547
536
522
503
545
567
554
551
571
595
597
497
527
589
524
516
556
566
515
565
545
575
563
570
521
595
585
546
525
592
518
575
627
503
522
578
613
550
558
562
554
548
535
574
584
535
550
553
513
576
517
565
501
586
534
573
544
551
552
561
531
548
536
511
569
543
579
597
502
561
583
570
533
549
541
521
525
565
605
561
525
538
618
577
574
506
539
515
524
524
600
575
545
532
521
557
521
597
556
549
574
551
546
561
516
577
558
543
534
613
571
497
552
589
596
615
564
546
559
556
568
564
570
546
607
555
556
589
529
589
533
519
588
535
558
529
506
556
555
495
553
550
527
572
576
598
517
520
570
559
600
541
590
537
533
517
547
607
490
606
590
590
598
556
592
572
563
559
554
546
552
545
584
526
580
544
562
514
495
570
542
550
565
551
547
556
572
599
538
531
539
526
501
531
580
560
553
598
530
493
576
554
541
505
585
528
518
575
538
513
526
585
606
522
519
506
557
567
534
561
551
585
530
538
569
564
629
546
560
567
545
591
553
558
571
535
581
522
546
557
556
522
551
548
521
556
517
501
572
569
549
521
552
562
527
566
569
554
536
539
550
569
521
552
556
618
532
531
578
522
540
537
545
608
583
507
501
574
551
545
540
617
568
545
572
528
526
521
567
557
499
518
573
525
555
561
563
566
542
547
547
546
536
513
552
546
536
606
586
529
564
550
551
541
558
536
583
589
609
528
613
537
546
513
515
557
539
567
559
604
555
532
556
584
589
497
578
594
584
528
574
525
518
519
622
525
514
513
539
597
571
551
538
556
535
608
591
555
552
550
538
557
540
565
595
546
599
541
562
589
548
544
576
586
527
598
531
572
530
499
607
532
583
571
558
544
555
543
607
547
529
594
589
535
579
548
590
548
556
554
568
532
589
550
547
541
546
521
546
478
529
555
571
543
565
556
521
511
504
560
544
536
575
532
564
545
579
549
597
499
541
515
534
577
514
526
523
521
579
532
632
531
525
569
544
557
553
506
594
553
534
589
542
558
601
544
592
580
567
513
557
518
563
532
549
529
528
520
574
572
563
582
548
545
532
559
533
525
529
510
536
577
549
528
583
540
535
559
565
550
611
584
566
533
534
530
530
540
566
570
574
563
618
519
557
498
564
571
542
560
526
533
513
518
552
564
565
546
591
560
561
528
567
533
562
577
587
534
586
540
522
551
519
555
565
546
553
519
568
557
533
553
580
552
570
525
542
569
572
598
575
588
566
497
550
554
531
561
526
568
561
556
565
501
573
527
563
521
578
555
538
550
547
544
528
561
564
523
565
585
564
550
531
558
543
557
559
538
544
517
498
529
524
565
511
569
575
485
552
512
549
549
498
541
553
494
521
532
616
587
582
560
580
567
576
561
544
563
497
578
542
522
537
587
549
541
548
558
540
614
516
564
593
545
514
518
544
574
586
572
496
510
533
503
540
589
573
551
541
526
586
543
615
562
571
545
550
573
535
538
568
520
550
558
587
557
537
538
545
565
550
581
561
554
546
594
533
588
550
563
554
633
597
593
504
516
529
577
541
544
592
547
548
513
583
552
580
556
613
551
537
562
545
585
547
532
547
503
534
501
547
563
522
534
552
549
563
613
487
542
547
552
541
536
555
586
568
556
549
533
573
556
588
546
517
557
547
549
581
579
560
568
611
556
563
555
555
543
525
535
551
564
559
562
561
562
554
505
580
545
576
516
558
537
553
553
561
582
596
531
550
579
544
578
508
527
571
572
537
543
588
570
595
582
553
536
616
559
552
555
526
595
632
547
553
528
554
619
546
503
541
552
535
530
518
515
523
516
550
577
508
531
570
558
567
527
614
545
570
539
597
601
501
561
551
563
561
587
561
538
552
530
533
533
552
535
539
521
527
550
530
572
503
592
537
604
598
582
517
534
551
532
537
541
576
565
549
585
532
592
550
562
526
543
554
538
575
502
557
542
572
584
619
564
550
507
551
561
573
547
552
510
555
586
567
530
537
561
530
553
627
550
533
553
581
537
545
519
596
576
583
584
603
551
528
552
539
543
616
572
553
547
543
531
514
583
594
541
598
551
541
555
519
594
534
630
558
588
564
608
570
541
503
549
596
547
557
579
539
542
571
547
574
535
550
570
549
581
528
511
571
564
538
547
575
560
500
509
571
537
585
585
602
567
593
563
575
515
600
592
606
572
542
544
505
583
541
535
511
531
519
592
512
541
613
553
541
548
544
548
514
535
530
564
563
534
504
547
593
585
575
494
532
581
503
555
464
572
565
533
558
574
548
632
519
570
557
535
591
548
598
558
560
566
537
509
559
576
547
572
557
553
525
579
607
552
508
522
520
555
571
534
561
579
538
541
538
599
534
547
501
575
502
543
553
533
539
587
554
572
574
544
485
571
530
599
529
591
548
555
556
560
554
532
552
585
587
514
596
567
561
534
511
581
546
583
512
548
543
568
581
581
586
506
563
519
544
563
534
556
554
535
509
566
541
559
558
539
529
537
506
559
578
556
564
613
554
579
550
549
536
541
568
557
564
522
553
512
543
570
634
507
528
531
572
549
562
505
532
555
540
615
525
593
573
570
513
564
555
522
561
482
533
611
522
547
562
568
566
593
535
561
540
575
561
554
503
596
520
519
552
579
531
538
561
564
562
598
520
550
599
562
563
515
629
549
582
534
513
507
580
554
545
542
589
552
594
583
526
516
572
621
530
546
566
603
602
553
485
521
541
540
558
573
541
512
543
565
538
556
547
554
517
599
558
556
563
500
547
542
526
511
530
547
586
543
466
543
591
517
597
520
559
532
536
530
544
579
570
571
519
521
524
580
533
500
578
532
555
524
571
561
572
555
564
529
601
628
531
518
571
493
531
544
524
574
505
590
588
535
532
602
580
529
513
578
544
585
595
587
525
508
559
576
521
499
551
531
578
545
545
520
516
549
552
548
527
573
555
549
533
526
545
563
544
552
543
516
581
538
563
560
582
609
546
554
523
536
546
580
552
524
566
529
506
579
560
612
544
531
527
623
552
559
502
566
556
581
545
596
576
555
548
570
628
552
567
576
526
549
518
513
542
587
551
603
493
557
558
561
528
608
577
507
616
585
532
593
556
601
548
598
512
618
484
573
595
522
582
528
553
539
568
549
487
559
586
587
558
526
568
562
507
540
525
559
519
555
549
573
539
564
542
580
514
595
545
630
553
559
542
513
533
546
595
568
502
498
602
514
553
547
583
537
525
531
570
532
538
581
534
588
572
539
523
501
580
546
575
554
569
543
539
516
557
573
