83
116
162
11
158
156
112
175
47
30
124
102
54
52
95
147
138
161
179
9
19
151
21
69
141
9
155
150
117
90
30
66
100
35
87
108
116
157
167
6
22
131
62
58
136
10
21
34
85
242
98
82
92
109
99
175
43
94
115
148
39
159
13
62
142
103
75
155
190
157
35
184
25
121
136
33
39
174
75
80
129
162
51
99
94
21
95
131
168
63
73
46
173
147
157
24
23
133
0
42
66
115
39
36
138
103
158
194
2
78
92
76
28
77
61
179
22
137
72
89
198
103
113
139
10
68
111
127
87
159
3
91
121
126
89
71
13
175
6
58
68
180
85
41
124
66
174
126
179
57
28
35
70
126
111
159
77
109
31
116
103
35
151
60
84
184
184
16
0
164
68
91
33
78
70
210
63
170
192
133
0
111
204
50
83
16
154
184
29
4
6
156
166
0
135
194
139
125
50
71
21
49
77
93
114
120
10
166
187
138
133
167
10
114
188
170
177
98
112
119
133
11
121
64
46
68
59
155
118
170
67
91
194
186
34
87
44
170
157
88
190
192
16
41
72
98
206
31
116
72
17
90
94
5
161
46
49
44
46
111
16
131
15
170
115
120
176
90
100
60
9
157
41
20
88
117
74
178
67
90
6
105
141
39
176
79
98
158
148
168
51
24
101
6
149
129
105
171
163
124
32
181
141
92
129
107
140
90
77
186
63
68
