272
40
139
220
60
45
156
328
29
63
61
0
182
317
127
292
212
21
314
55
102
13
230
70
283
362
57
81
344
187
149
241
11
355
297
108
106
325
237
335
233
245
391
294
21
22
233
61
35
221
143
74
125
347
275
120
264
322
190
47
195
217
29
301
254
87
185
176
289
303
290
158
127
177
71
237
350
225
217
222
263
86
226
335
185
140
137
194
229
82
67
317
212
206
59
254
95
21
57
333
180
219
204
27
284
123
254
34
32
258
141
232
229
157
340
238
293
128
99
113
260
334
102
339
44
149
62
164
193
82
141
141
231
180
131
111
107
283
231
323
9
347
106
224
130
304
163
42
149
302
208
13
301
122
273
11
172
371
131
301
33
109
43
54
321
192
61
79
228
139
269
149
119
327
60
273
208
113
32
379
56
63
210
266
139
55
285
0
12
137
306
320
20
16
109
273
195
189
320
274
269
353
232
348
0
236
159
118
56
36
291
127
148
46
39
124
356
74
196
326
307
349
249
328
149
186
351
291
168
315
232
65
127
346
18
156
226
238
38
41
164
141
342
306
392
49
101
306
270
85
102
92
55
221
188
312
364
129
302
48
238
315
332
263
266
132
120
169
218
294
10
48
312
256
18
156
163
156
328
224
118
129
357
246
43
16
303
212
162
9
131
157
321
34
32
312
365
155
80
30
364
190
167
242
301
206
239
208
191
47
96
47
333
76
64
121
95
360
62
153
349
322
42
79
165
0
286
72
225
75
129
315
288
60
113
276
127
328
416
78
172
349
181
343
381
72
362
183
93
241
87
335
266
17
110
208
188
166
248
221
339
339
121
221
145
251
272
220
374
117
263
73
277
42
268
114
70
48
143
15
106
61
6
84
17
210
122
289
56
60
74
212
97
190
290
83
79
170
171
50
56
210
58
238
312
96
118
0
16
292
256
169
182
142
155
172
47
168
0
301
180
160
124
322
108
95
93
223
55
319
206
132
61
388
182
162
95
312
79
240
283
325
176
221
365
357
179
174
182
276
189
27
20
8
0
52
272
44
105
344
217
23
95
213
221
344
251
388
66
311
356
121
320
206
99
230
111
222
232
377
311
234
268
155
16
207
335
203
328
90
281
28
259
119
147
210
213
303
146
316
59
310
33
261
182
83
328
362
63
181
345
299
224
341
187
49
98
66
106
65
241
256
19
164
188
147
22
198
54
20
129
317
166
88
235
41
313
331
264
199
32
0
163
104
183
162
96
140
51
332
18
55
348
51
193
55
84
209
217
361
175
275
211
234
161
81
349
141
136
34
145
0
245
23
100
160
222
306
66
23
157
167
138
47
273
340
201
53
24
73
270
225
175
137
262
122
75
295
33
85
284
13
56
134
60
43
184
38
32
228
10
379
176
259
324
339
157
316
205
212
240
112
155
130
102
130
346
325
292
234
268
29
20
258
147
199
229
17
258
168
309
168
257
323
18
247
132
79
199
166
221
224
225
296
98
175
164
217
94
237
187
376
301
221
278
102
19
227
248
147
252
157
249
138
190
262
80
314
56
9
111
235
259
281
299
85
187
48
206
45
187
0
347
262
224
0
256
161
242
29
303
63
338
127
365
274
359
206
329
348
174
17
273
49
139
243
50
316
100
201
66
167
236
228
64
312
83
0
313
274
252
180
288
301
239
330
95
195
52
85
213
20
249
85
142
66
119
52
304
160
171
284
88
68
25
196
212
180
294
255
306
144
328
191
216
164
192
13
164
193
341
172
58
208
0
97
281
133
107
253
187
195
80
114
192
25
233
248
276
180
30
187
327
313
199
96
149
0
150
186
92
156
180
185
169
309
252
327
0
55
25
149
113
215
160
192
89
76
154
155
0
22
66
215
187
179
118
0
270
272
173
265
154
45
182
130
73
189
284
172
216
228
273
295
269
315
134
159
343
335
169
272
242
262
259
94
115
145
12
99
149
94
273
305
280
169
94
89
296
82
173
118
20
150
350
228
369
61
187
104
197
300
189
121
213
310
46
371
9
26
152
285
232
308
140
274
85
90
265
152
257
90
129
253
260
213
37
98
227
59
105
208
124
269
334
45
50
261
225
0
212
321
28
135
132
290
74
102
88
184
92
275
265
31
335
178
292
314
271
114
289
211
29
239
175
354
103
220
221
155
210
54
257
238
157
24
19
212
158
11
205
73
362
293
268
32
215
127
337
13
206
86
267
98
296
168
164
123
146
338
152
115
10
306
216
319
139
363
71
208
296
103
219
175
107
248
147
175
324
265
238
106
0
228
181
27
225
343
320
344
65
268
277
101
12
132
208
22
159
212
185
330
179
99
262
0
114
303
29
192
223
92
211
332
98
306
263
290
132
17
29
180
47
12
254
73
34
265
318
0
303
295
228
151
250
218
243
51
295
287
229
271
48
80
276
254
12
265
213
25
270
345
318
315
347
154
292
328
203
298
158
341
319
193
96
363
207
297
246
186
149
83
91
172
149
294
388
256
259
35
0
14
198
90
173
34
259
327
73
140
32
95
82
65
168
217
264
179
94
71
273
366
13
181
245
366
267
212
87
0
144
223
29
260
48
306
386
166
265
50
315
355
262
60
43
319
111
231
276
104
89
248
372
243
91
259
140
191
195
272
31
195
291
56
323
162
132
205
126
254
66
348
373
268
147
68
281
137
47
21
117
243
275
195
265
49
166
358
89
182
16
155
313
104
81
151
152
215
331
281
243
197
249
238
377
274
218
220
185
119
269
115
94
35
233
95
231
163
344
266
360
308
241
168
131
213
169
42
0
42
0
147
159
380
296
115
178
213
276
340
103
138
24
252
314
43
283
211
284
160
222
262
376
0
215
19
364
92
305
144
287
150
40
317
37
159
324
37
228
128
198
70
153
299
10
167
112
257
309
0
26
52
226
245
143
242
351
34
83
149
112
37
50
73
79
187
56
95
354
34
144
106
78
359
342
150
293
305
125
98
283
260
0
141
301
226
19
256
352
21
111
179
23
203
63
59
19
324
260
159
62
9
228
175
292
165
302
264
125
296
99
183
298
87
68
140
121
257
219
43
257
276
327
182
230
341
242
57
280
132
65
236
340
174
362
241
349
94
11
99
298
187
201
173
148
285
207
37
236
135
192
88
10
186
164
225
380
294
119
408
311
9
81
176
220
159
295
53
18
0
171
216
134
242
373
102
99
77
367
180
335
227
294
163
36
71
224
125
304
53
248
99
208
312
220
176
112
295
312
195
125
211
92
282
182
188
68
93
93
146
366
27
30
289
344
237
175
227
242
131
217
306
153
19
140
44
269
254
76
39
243
38
289
203
52
166
46
255
146
143
339
375
79
151
147
21
67
49
34
287
115
131
31
5
261
90
14
190
269
280
265
319
284
69
285
115
105
121
137
100
200
302
345
25
336
231
29
334
133
47
123
302
155
228
312
256
0
154
122
285
170
99
234
249
48
68
328
64
169
293
207
221
338
114
207
159
217
101
32
54
344
326
81
0
124
230
223
0
162
336
131
331
274
190
267
310
144
316
345
256
86
16
64
139
211
45
23
82
315
266
300
162
203
366
272
95
118
228
405
180
341
255
162
21
270
206
256
115
203
375
98
296
67
235
238
300
232
71
388
82
343
51
308
11
247
288
181
345
358
219
307
231
42
194
186
48
251
143
345
222
116
328
327
195
333
284
282
211
38
34
86
267
275
96
377
237
191
152
266
36
353
223
247
157
374
332
149
324
304
70
251
271
80
99
221
247
215
260
20
250
179
90
89
15
148
341
97
364
158
0
213
17
228
133
208
138
245
191
70
299
279
45
49
229
341
41
291
168
146
67
314
302
261
242
236
343
351
205
45
264
126
160
143
18
148
347
259
86
120
195
217
298
121
0
145
172
26
152
239
99
170
137
73
156
250
184
366
19
289
321
49
285
172
139
160
99
51
334
249
155
122
279
305
324
61
257
325
347
312
97
0
282
252
265
257
170
337
83
369
340
187
292
208
314
266
55
31
241
191
150
252
17
232
153
365
247
121
71
191
350
353
267
101
277
144
325
55
256
180
236
275
97
236
92
198
148
232
254
254
271
78
181
356
30
258
35
358
259
112
235
304
32
0
317
353
45
193
194
163
190
84
126
82
213
96
263
34
294
279
127
223
98
123
65
81
79
66
141
104
130
114
157
313
83
159
337
209
333
194
353
142
19
68
297
90
342
110
286
98
140
74
266
65
223
225
150
327
45
164
76
61
44
0
170
300
12
147
191
190
101
117
26
341
231
45
58
192
347
0
234
191
111
103
352
199
275
64
32
293
154
51
206
298
141
252
74
18
261
26
82
234
143
272
353
162
25
159
333
113
348
241
164
337
4
136
62
55
199
57
255
345
45
198
333
349
44
148
131
298
36
0
297
321
264
389
365
323
348
255
79
354
267
277
373
338
163
99
35
284
245
365
305
29
176
278
284
249
343
298
0
269
286
307
214
335
122
22
60
100
79
326
242
50
327
174
79
166
336
26
308
29
392
137
141
81
60
243
74
350
180
251
185
92
144
285
158
335
252
378
329
85
290
235
129
52
265
111
178
141
126
260
100
0
69
152
0
69
208
334
