YES
XG
UO
AQ
DJ
QB
KP
GH
LA
AE
LB
KF
JC
WJ
PQ
FJ
QX
FQ
JQ
LG
NE
DM
YF
BP
ZQ
RL
RZ
MW
KB
UG
RX
FO
BN
EX
FK
VH
XR
ZX
LQ
KU
WH
RV
FH
IY
ZA
XD
EZ
QO
ZR
TS
UB
XU
JK
DA
AU
RI
MN
UV
XF
MU
SO
OT
ZC
OI
GW
KX
HI
DF
DV
YD
CQ
IP
CW
WW
MT
UF
BM
XH
OZ
DN
ZZ
GT
BX
FG
NV
DU
MJ
ZO
XM
UH
MR
LS
SH
QQ
EU
OE
NS
VO
XJ
WL
YV
EA
IZ
XW
SR
ER
NH
ZH
UT
SM
WP
UW
WI
UL
YE
ZT
UQ
NZ
AI
BK
TC
RY
YG
OX
UA
PZ
WY
CO
RJ
DE
UM
GU
MV
UC
FD
OR
PL
DY
ZG
HJ
ZN
WN
UZ
AN
EL
MZ
TE
IA
PE
EQ
RC
KD
MG
UK
EN
JP
AY
SE
XK
YB
YZ
VU
GZ
AM
ZL
EC
AX
SI
PC
AH
BJ
IH
VX
IG
IO
FE
FX
RW
IV
RT
RH
TT
DG
NO
NQ
RP
BF
TO
KY
FI
ZB
CG
FW
MY
CX
VA
XE
XX
PW
FA
ZI
OD
XI
AT
GM
PR
BO
SB
QF
PV
NP
YC
HG
WO
EO
KH
CS
XA
SZ
JE
KJ
PY
ZS
TB
PG
QH
FR
FL
IR
IJ
PI
VI
JN
UY
PH
WE
DW
CE
GF
QT
AB
OM
XZ
YM
AL
KR
MK
VC
VE
GQ
PN
WC
PO
OO
OS
PA
UI
LU
XC
EH
NL
AV
AG
GP
BR
DQ
DX
EB
MM
YK
OV
BZ
VL
IU
LP
FN
YW
TZ
BB
UX
FZ
LY
IB
BE
QS
CI
AW
QD
TR
LM
KG
OP
CJ
QW
UU
JV
ZD
SF
QU
EV
VY
KT
ZJ
MS
BI
MP
WR
JZ
YY
YP
BW
TQ
VP
TI
TN
BT
IF
CB
LR
NY
JR
VS
LD
SD
NC
AZ
QA
GB
YH
NX
RE
HN
VW
WS
LI
RA
ZE
TP
VT
GY
FT
MI
XO
MH
YI
DC
FS
SX
YL
YA
GC
RU
ZK
CV
WK
ZW
HA
TA
DH
BG
NM
ES
CA
IX
HT
VF
AP
SQ
XN
KQ
OJ
DT
QJ
WA
HO
SJ
JJ
DI
XS
LO
NR
OU
ON
QR
OQ
NI
DL
VV
NT
BL
OY
KW
GD
KZ
JT
EE
KE
KA
LC
IL
TJ
MD
EP
YR
KI
EJ
HB
US
LE
TW
ZM
HL
QC
MO
DS
LF
GK
EF
PF
SY
GE
CD
MB
II
EW
GJ
WB
XV
HE
RG
DZ
CN
JS
XQ
JD
OF
CK
ND
GR
RB
QY
CP
ED
XB
ST
QG
SN
IQ
VG
SC
GO
IC
SL
PD
WG
YN
FY
RM
LX
VQ
EG
NN
TG
IN
AA
VD
SK
GV
UP
VN
AC
FV
WZ
JL
TM
HW
OC
DB
UJ
LJ
NG
WD
LV
FF
SS
FM
HQ
SG
YJ
TX
PB
ZV
GA
KS
NA
OK
LN
PK
JM
CL
IM
BC
QE
XT
JH
NF
QP
VZ
CY
JW
NW
GI
OW
KC
WX
CT
PP
JI
GS
ME
MQ
CM
QL
DP
BA
BD
TY
SA
HY
MF
BS
VR
FC
YS
NU
LL
JB
FU
ML
YT
MA
TK
EK
PX
JU
NK
QV
BY
GX
HZ
VM
LK
GG
PS
SP
QM
AR
EY
IT
PJ
RF
AD
SU
MC
PU
HC
JO
KK
DO
XL
CC
TD
DK
IW
MX
DD
OA
JG
EM
OB
ID
HH
OL
OH
HF
AS
YX
AO
XP
ZU
CZ
IS
KO
YU
JX
HV
NB
CU
SW
ZF
RK
BU
HD
AK
FB
AJ
VK
RQ
OG
CH
ZY
KV
BV
EI
UN
HU
UR
RN
UD
WQ
IK
PT
WM
QI
RR
RS
KM
YQ
HR
PM
WU
QK
QN
SV
DR
QZ
TU
XY
HS
CF
LT
HX
CR
HK
NJ
TF
YO
BH
JY
TL
TV
KN
LH
UE
IE
VB
FP
AF
RO
JA
HP
HM
ET
GN
LW
LZ
JF
BQ
ZP
WV
RD
VJ
TH
GL
WT
KL
WF
