YES
HAAFDFABIDOVPMPCBTSVRIKNEKPWEJPAIVRBIDQTMXIUWOHWGKNNYTGUOJGRCMTLCFYNTCUFDREAWXQAFGXGKOQI
WACLMYMCPZLOLAELDOHVMFFWXCSQVTIVGVPOPUPESMRPAGGNXXOTTQQWWORZCUIZGTQMQJOILYYBBODMBYBOUQRN
ZAAAAHAAEGDPSHAKEWMTRCUMMJERNEXNYSVXKSVDSWNVVZRUCKYYTYCUAGVJOVZWSFBVBCSIQDTCOUDMYSUIKIHJ
QAFBFDQZULPXVKUHGRFZTPDEOQSHLBLQKCPOYNLOLEJUSUDJLWILRPJSKJOBITGGSZCJNORLYGAEANHNRSEELBMN
GAAPFHPLPAXTBCPPSKPIKTFJPQLUTLCLWIEGHXKWAJIFQQPNAOFQMWYMMFHPYVFOULNBMGMLMGRUQRCKRFMSODUU
BAAAHLUCKBKGFVIYGDHWVLIHWMZKSKCHBIEWTWFEYITZVWWPHSGTDOLUZTXHYWYCPUVQSXVAZIBPZGASBTKFVBTY
NAAHACIPSDRVJCJYCIQOXIOFVGGXURNDIMKIVDRZETBNPDHIBFUXNJNTPQQRCYPJTPZFRACTGCEUKSNDLJGFJLKP
RAADAAEGLBCYUAILVVFTFWYBMERASRQYAFCXGQPZEMAQGEMAPXZDISOEQHDJOMFPUHCOHPCGEVKFFWUAQEWRLQVB
GAABBJJPNKGNNRAVJUWAUTMTCOUHDFRNFKNUPEBNRWVYUBSMJLCSPGFYPGOTRWPRCFRKWKSAEFQYVRLWABYLNEDW
JBBBKAQDAFLTULEHGMMWRHOXCIFVCJZQDDVGOFYNSMYKRYMXGQPFMJKPBBYXHHAYVVUYOQWBMJVLVQGXGIRHSXDH
QAABBBDICIIMDPRDXWEHVRPPUMTZTCPOCZBDSUOANVJJUALEMAGUZZNGLHINAMHXPQVEZBVDPZUVVRGJXSSMCMLU
LACBAAYADDNPFICFCEIIXUEONUUGTLCHEVIQDGMTJZEELFQIOTMRZPOMWOZSJEDQHTFKUABDCFKSQQFOETSAPEHE
FBGCCMFNMDULDNIIWNYLQRJPZQNZRYTWMWMRZTYZGPLODOSVGGERWVFYHIYOWQALGJTLHFCYVKHKRLXMIICNWLDT
WACNBBFLQBKZPCGEJADZSBWNGYGWNBNWJTKPLNSIPVJMSMGWSNVLLWIIPPAUJXZRNOCRAFVWWHYOQAWXRVJFVUXG
IACFHAHAYGXSFMBIJOQNTBVLUVQNJXGJRUOOGZWYHREVVPGXUMAEYFZYFAPBZAMYATRSRNMGBOVDZJGMIPZWQYEH
OCABBBEGHDDGKPKIKOMZMJTBGPQQATIMVWNJUBRYQDLVBKKDSQEGZVJSMXXCGXPLTZNLSSRDMDBIMMMOQWDDIXOP
RABBQNDROWQHQAHXVBDLDHISYXZGFXXLJLSLTEBJTAWQJEGVRHXEKXUDWQDCXVVTBDOFXHCHDTXNIKIGBRMKZIQX
HAAFDGXERPUGTDMKSBDPSJRMQIBQVDLHIAZNOZAABRCEYCMIISGMSBVTGUGAXAHNGOWRFQZTWLVZPLUADCAFTTXX
EADBTCGAJXCDIOEWCWBKFDTHTCYANNPPIZSGEWXEISKOSIYQVPCHLQOJIRPNBYZVXQWNRNXNWYJXJBYYVRYHHESA
UABFICFPWJHVMGHUQYBCMGZJVFQQEINKDSOFPPPXANMGYGSBXBLMYBBPGMWGPCLFQNSJEMYLPBIUMVFMFJQTCYBD
YDAAAAAAAFFQSWEFCJZCDJULVNQAMPQLGFYAWIOGGMMCWXIZJLNOPUFKZOPGPRJKBXHWPGJXAUJXMTQCQOQKABGG
MADLMVCEJHATISJJIKQPOVMJFNWOXOTTKHFFVPUEJPWBBFKCVCFOSSGVHQIXAVOZQUHNPCGZDIYXOAWECASYMQGW
VAABBBCIIFKAMHHZQBEBBVZSRSVDFZWJFTZHDYTJJBDXHVXBRWXFTIWLWNSQNOMFMMMPYLHMSERCNSIKMVAMTRVD
NAAABCFNAEQPCCPHXHEVQSUBUIREJDEODKNGHDGIFLJQSQQXNBPNENSJKNNRKNJOFSSTTSPRRLELTJOPMKRDTNTX
KACFJUJEFOWVSHRIXFNODERQXVYMJWXACTAFVQJMPIKRQMCELPKURMHHKEDBRCFGOZUVNUSEJNLVXGAIOTVPMWVU
ABBBBBCCCCCCCCEGKMMIFGSBHIGUBBBFWPSFDCKGLPTAUVYCEKFARKQWQEZHBMINOFYWJKGJHOODYLALYDVPLXBN
JACAACILCWQTDUOMBTPXSIXYTQXYRQIRIKFFITAXBNLEDJMACTLEFRZTUFXMIEZBMDHMHTTEHMNEFOQCBJQHUTRO
PBCADDOQTEVNZRICKRINYPIXXSPESFUDZJCALAHDQWWQFUZSDVTIXXGNWQWDQKTXAMUNSIMQSPQZCGZFOGHCKWJO
UAFCADDHEMIFVQXAMVJLXOHQQJRRTJOKYMIJOHNSUWGDUFYEAFVJXUAXYVWCXEGETYFBJWLHHIFLXKMSAILMFKYR
LAAIAABIDJNKHMFYPDVNOCGHWPEIIYLSOYZGVFOVULZOQJVUUWKUTYCZJBZPUESUGXDPLECPEPBMROWQOQDNNJAG
LAAAAABGAIIINOXQIKVYMNWJVOJXYHIAMEBEMIXQCCHXGONWQWKVBTQHGMXMQQLDRMXBZIRKKMHAVZVGCAIOSIQR
YDAKFAAACCGQQIDXIFADVSTPRFZGXXYQTWYQFLDYFEQAHLCMIXQZQIPVPDYXHVNXMENSBSKVMQDMXCIUMGPLGWGJ
UAFBBBBBCEDAOZHKZXTTQBGJTPWDUUOHEGULWBBESOTDCQZLFUCQCPIUVNJQAJEDXYCTQAVIDZQBTKDSQIYEOZKR
ZAABBGJOSAFGEAMTAPJCXHFKSTRZMPWYDPDCKIFEAIDDAWZKULSFWMACKBXIFXEAGATPOBXMVGXGOCNKLEGQUBCD
IACFDFHFFBHWGLOIWJAFSYDWCHUTBGLFARPXFXUISUYXJMRYJBBPDGZGJANLPBDUQAYDDZTXYAZIJDJBFNSRYXLG
EACFCWGBBMRROPBBYPBBGGOKEPPODLWSDNFLFMZJUWFXWYXWQIWYZQFZSEKPGSNFBETPHBNYWRJUOVCOPMXKYCSC
MABAAQJWRNSBPCEEQLVGSHRKDLRTSKWHHXEMOCSTEMBWBCFDOLOXZVXMKNZVELZNXQBYEGVZLCKINNAKHJCCJNJH
XCBHEAAEAOJYGPZOHDLTTBOFYZMIYUPRLQQAECDSARDGVFUPYTMFDYILQYWYIZSOFPRDUKFMHOUBBIZTKRFIKSME
UABFIEKSPABNVTFPNBEXIBYRVRKBJSTJDTGEZEDEOOAZWOPVRQAAIWPRRGTMFUWKPVDEUJEASYHIFDANUTVXEPXG
QAAAAIBTPMPPSHOBUQLDTEQXUYJYBKXXTPXLRTUOSPJCGNMHPTXPLTXRWTBBYSFQXAGRXPNNARJQXWTIGHVAJDXQ
BAAAKBGRLBCKMAXHQYLPMVMJTDNNKLCBDUTOFTGRDBEWXQJAWUMQHDHPXFZMOMLEQHGDBDUHBLZXEPAJINAAOHPJ
SACABDDDDDUTMVZCLQXEYZHMNXRWQHAYXIVOXCKOEMQWRPUSNJGXLHRRUERLNHMCKDFWVFTBQAREMOEEZDWWWWZM
LACFAFFEXQTRQJZGRRDNFKSNPPYEFKDIUPOACFSNEXRPFCEBRJKYUTNNNMKOLGSEBHNYYAVDZMPDLHSTAEQSAFTC
DABBEDNXFRPGHPUSUHOMGPEQMYSRZOIALIDOBAVZGHQGZUKUFQWRGADYFKTSMAOCESIBRCZAIVQASUBFLRXZNHDU
QAABEBBBBWBQCGLXUKBCSNUVEHAYAOYGNZFUYUFSIJFGNCODFNDUBZLYXKENJBWHYHZDMSHWWLEUQSNWYFPMDZOR
NBBBBDDFIFRUEWOUCDDLVUKEEDTWQMKFRPKXQBPNCFLPOTOICBXHGIJWCHRNXIMDUGKTZFZJCVTXJENBNEGZEEJF
CBDALHORHQLYRHNOPGCKIYTXJYXFJOADYEWCAMBPJYTZPYNWDDSRIEZWGEVUNUGXWLUOQDOFHDBGKSRUKQYQHMCX
WACFBBTJJKOPARNQWCDIXJURHYVYUTAVXPXAVSPLIKNMSZXCXSZPGOQHQRWPHCLGOONRXQKIBYMXJEZDOXEYHZRM
CBDAABIJRIJCLGAXVBSAJTIAJXPRDYHWDPJEOUCFWZXQSKUGGYHPWSVVDVGASKSSCXLRRURUUHFFQVAWMIVRMWMO
IAADAEBFGEVMOBOIWVRWFICBJQLPTWPKCUJEDANFDGZIUVAVTRBLDPQRHUQVLLAEBYPAEGSXSULFWSZRRPFFRCJG
ACABEQADDFGTOGZIKULTMBBZEFLRCBHQEKPPPSHBIZWJACHCDAOJHDVFLFDDBUOYVLXDKJNNPZPLOIRCQVVEYXZR
EADBIAAGKJMUOLCFLFEQKHPGSWAHGEPQYNSXHBYGHTTACDYFZETUNDYZWHGONVFZGBESJFUNHEFTHAVCNNQKZXBS
EACFCCGRBGRIAXXIPAWWLHETOKHPLCBNPOUQQSDOPAOGOSGTEGBHLJATWFDJDDJODHVWMTBZZDVXMVDMGBFPZPUQ
TAAABGDBFFFCQXNAITHKWTHYRAIPOAYNCYHUOBYSESSHTOPMYYWSDQAMJHBRQNJFHPNACGELGFKRKAPDZAXTLUAA
IAABCCDCPUAMJLHOOXYAZDHUFIKHPRUKKQWUQWPCAJJPIJUMIVWGOESSBRKIFYVUIDWWOWQIUKJWNGRCMFYSAFPF
UABGIBCKKTNDCWAOYPGADHDNEBYRSKHJGLTOHISSFFXSXZIOOWJMNSUCKFHESOOEZVOFRIEUURETHLMOZZQMSVPE
IACEAMUARDFJCLNWWTMVJKCDWIVJGJOKOKVPSUPXPIUMMNBDFSWEJFHTFBVAFRCBOUXXDEUXLUBVCBHFGILIZDOJ
TBBBDFBBQAACWAKLCDQFSJOEBKXMWIZOKOSEJYAHMJBCXLIMUJYCPEWTDTAGFDMWSPWPOBRREPJNASKUTKHTSOPI
NABBBCECKKVYDQERNFYETSNCGGRACODWUVDTLALTYBSTCNYRYKFNATCQNLXUSETCUOXDMKTIQYAQIWIXDDOOJRKM
DAAABBBBCCDDLXNWINQYVUEFZBXFMXIPKOJCKPPOHMAEHDBNXKGWEFMYCSKFRRFSSQZXASAKKRGIODCLHEEKVYVW
MABAARABCFFDGUTMVPQBHUPJYEYMUDPCVDTGRXBSGFOUVGWQVZUQTBGBLXEYZYQSFPPJMFZYIUGZRWTSRZPMBYHZ
YDAKFFBFKBMAFCPYUZFURUBKPJTYAEIXXFZRESJYZQONYZYVTPLXUXTRITULQUTIGZUFYODTFJKLUYNLWPYTJFWH
OAACAAAFGCCDIGWKTNAWERTCFYTJIWORGHAYGVGPLWNIGNOTOFGJBKKRHBNLITEVKOMEKVQIARBJSONSUVOKZYJS
DAAFGGKTPCLCJZYAKFFYVZKMGLSVRZPXFFQWHMGLIRNSJWDIEJREQKCCDYDKJYDRVJOTJUZGHECHQTHRPYJHWYYO
WACFAAAJEDAAOOGKJPVQOGFTTGDUKRAPFFOLBCOUIDYIRIUUYGJXZBTZOMNUXRKEUHKCCONQHJDBGOQBEUMBVBYI
BAAAKBGRKIOTPHRZBYBCBZVXAQDRVFBGLPTVGPOYJZODYKLBFQWZNWPLHOJBTGYVEPXIUZAOHSQRXFLZGQHFVTJT
UABGIACDTLBCVKUQUTSMGUQOYZLQMGVCOLJONYILJCRRIHXXJDOVJNDHSMXKATGUIEUVDXAVVPFHZHGCNUNPAMKR
OBBCCOZEJHAELDGQAVKCGVSMNMHGTRLCMHIYPKCYZIOCKPNBQCBYMOMXZUBZAPBTMRZFTBIGRVHTRMARZKEEPJWN
WABDEEAABBEWAQIZRKKXKSQACGNZUFRBZFVSHXXWQOLDIQPFVZHNTCJYBNVCEJSPSTQSLRDWCDIRJQTYDBNQIPNJ
LACBAAWZRAOFAAZZRPJCCIRGUANMDWCCXCHAHHRDVRPNAEAFZFVHUFBVTZHMYHHHDNUUOZPZRUYOACPCHKHSVRBX
WABDEEABBFHHERXJJJTRWGIRHLIOZJULCLIQPBYELKTZSYDYPUPKANVOBRZFEJRWQCWXDQOPHBEIGKJVOGIJJJDS
VABOZBDSBNJBXYNVBRHFXSQBUZFKXAAOANAAVSZBLNFJEMPUMDIESGWCDCZZLOXMDFCCTUZSCPHNVCQWLLBVPVXT
VAABDBURBADOSCVQGAXJDVABOAGRWQBLAETPYQAFUHCIGPGUSGFXXSINEJHWJETVAPQNJAFQNDNPVSXPDWJKWXHY
XCABBLAALQERPGBLACHAFNKNUVTCCZVSUVGTTTDVODWJOLXWDUTVTXWNZIKJURYPJCHAYZOTGQFBIXJCHIYVSUHP
PBBQEOSODTAICCVXWNWDOEVLUUKUHGGICZFLBTMNKKXELOYLWRBOIJBFBYKIQRASNSXMCGTBUZXHHTUYLDALNGPC
PBBBBDFIBGGKKITJNESRXSZUVFPNOLVPCMNCRINCQKGELDRQLJQEMRBBIXUMPYXGYHGCLGNDPSUUITPQCQYKAGSB
YDAKEATAFPDBIJJFXQZDEPIAPASHVVHJIXVJUHIZOJGTEFMMCLASTBHDUNJUMSKSSSZACNNDWHYKNWJTJABTJCCQ
HAEGBGSAKSSDMMZOQCLYTSPDEWSMNKEGCXBPFKSGVVHQEGKKGCWXKMCCRNQGUCVIUZKGVBQFTBKMHUEDMNDOKQEQ
TBBFAACGKIVTHARPPFQPVBSPZHAFXDXIIZJUXLWJANXCQLEYMFLDMKLGVVTJTJDNHJKDBWMDGIYTSTQALASRKZEU
YCABDCKRMETXWKYKVULODSVGXKUEFHMVBMOKUNASYQEMMZRCLLRCDNCBSXIUPXRVIVZBOOYEEBBEBLEVVSCPPZQG
BATVEXWTBSOCSKBAFDCBYVTYMQSDEBUOWZZOCWDMQRVHAJYEWTPIBJCLSGLUSKDNCZMKMWQQLKXNVGDCOAZDGZMN
HAEJAAADKLBVNTJYEAJPVANQGTAAEZZWUTUOWPXSPGNILGAZKGVTBRKAWYXEUMJMSJWZWHJUFPMWPUENWUSOEKAR
EADBTCFUXQKBCHXJLIAYWWOESAEFAWCXPPQXELYHNHTOGCPYYVCEPGAIXLVAVBIAHEDIIWXDGQLFIMPMBBYIGZOM
RABBVTBDKXTXMZDBRJNZYLPGBSWURKWNSTGDUKHMJIQMNQGGJTMOPUBDKKLPYAQPBEHQGDGZRHCSDPHEHDWWBELC
VABOAADGCEUXCSBOMLCOUBOSCMOELKLDEEPESYZUQBNSJCLHAABYHSAJUSEANDIEUOZJQAMAUSRNRBGYVCUBRCNF
KBBBBBBBCFBAAQCBJZRACHOHELXAYKFYXJOAGJSGOXUPXXCQANTEYSRSVFTJSBLGOUDNCQSOEBUGXZKFSZCQKDCP
XBBDBDHECTTETYMAJBRWTRDHSJBKEBPFMJAHNJTIIATKSXOWVZIMAPZRBNRXSVEXRFSYWLSGSTQGRGWMBILDTOMJ
QADEHVACCVOFMFRGJYIFJRXJEWNKYQDOPIIHESUPXIUHYSUKVPMKYNAWAMVHNOOCOVSPQXEXEJUBJLZYSOYYWUPL
MADNEHAAPVSXXOHNGRYBFVDCHLFPPDMPWTYGLISJRKPKDNKULHDNNZORQJPXVIYLOFQEECIIHWSLRWLVFYRXRPIT
VABNLCDGBXBEXEYQPPYIRGVSEHNVBHYPRUUYXMOGMSIQWZWZDKDKUKCQGCHQYPAOWYHTDVYCKKQMGNOSOFGADNWM
ZAABBBBDBMJJIWFFIFSAFWLDHAMHMYLABBYGRNGQEIIPGARSCOEDQXSLYQVNMMOLMLVNOBHMURJWFUNJSVUHJIAK
PBBQNUIGGJSUTQCDQFIPMHTTZCKLYQJKDEKLWLAUIPTNRSMGQLJDOCYSIPSDHJJXWCYFZARHQNZWBGXOGWSNDZCP
FBFBCCCHMWRQEIGYWJWBEWDUAFVQNRIWEWNSKZBOSYWCRBUWHLATSOXFYZTURSTUZHVOCZUBUYLLHSUEHAWCCEMD
SAACKMNWNFXMLJAIXOIVDHFLPDGXDDWGVCGUDODYLXLQWJJRACTFDAQZARTBMLPAETCYPURJUXKTWRNQFKZVSWJV
TAAAAAAABGIKQPFYTFFETCJWDGKAIPBMVWKFBTCUNITIAHAVVWHUWADKJTKHGEPNHHQELXOMWZWLTBVEULYWXWSU
WABDEEAJZJAAKESJSIZMMDUXFRCAFOOAZJPAKDTDUVHMHWEVOZGDALXMDOBFFXWJBQOGLBRKAYNZILZLDWHWOBYU
UABFIEKTAVZFFIUOMMWXUALFUTHPZRRNZBLMPBVBQIAHECVQYDGNPETBSUNEQUGFFFAPGWFAMZERBJDQUZWNJYAO
MADNEFABCHHGJQKRJQNWFAMVNHULVVQWLORJPLXRKSHBUZIYFJZJZNCECMPCJFBTILBFXWRJDFJCUNSTNDRQKJCM
GAAAAABBBCCCWEFNTGZPEQJSEBRZKBOOERMSDRKFBWXKZPSCBISIHKXDFLKRWTRVTCDOJHSVLHOYSOMQZOBJYSPQ
PBCADDOQOXHMXBMSQFMCKHZFEGEOHLZWQIOJLMHYCEPEFIUZWDRHWXEEKHEFIMADZWDCSPFTCHOIDZBIQPMFDOCE
EACFCYECPYRFHOFSCQMISLHXFXPUJXDHFGCYWBLLNWJBHGTRAWJYNWAUAHYDQTYMFOBHWPYZHWZXTYNZNOATTEBI
XBBDEABOCEBIFEPOQSQSWNEQCSFSZYUMFCYERZVLWYMOAPREZQBDWALBKCAVYKCGPMSVJBXVVAZNJZVTRVUGILVY
JBDDADDDFCABKVIXUYVFUECKCYDRLSCHKIEPPVUJWHBHPIEBPKULLDFUJXKKFLGWGFLNCPGPAFCKKXSCODQUQITY
ACABFCCBFRKNGPIWHLYMDNFOTUGHGSSQXASJJHPTZKSWHSSWCQFQZTFXFJNZWNSYVZHOBSAASCURNUDMYOGSLEHG
KACGDAJHPXLXPJIRCVQDWSENEIZZQXIJUKQGCXFMDHZTTQWRXPTRPKCCZUOPHVWKSMSEYQKECQILFBGUBWXLVLFJ
XAKCSPDAJNPAPCJPPFIHZKZNPMQPTMRKAXEBYNFQZCCXWDDZVCXSIQUEGTOFAHFIMEZVDUJUBSRTVOLWMUELLJQM
UABGOESJJNSRXUHFEZLWQIFVFZKHUIJVSRQKTIDVLOBCXYPQTVLFBLMPYZBGJOCCUCOGYXLNZZLZUHTLVCEYKHXV
PBCADFGDDCLLCXCMMJTFXQNHEHDNJOIJIRHMGMGWWECUNDVZLIEUITOGSAGCATZYDWHVWOWVANXNNEJOLYLTMFSO
YABHNDCUCDEALMLALORATAJKKNXXJFQEUGBYBEWEZFQGDZEWKDSKFQAYWLIHJUUZXFAAQOELBZUGSVTEMUVWDVFA
TBBBBBBBLBDVNRKRMUQHWZNQPUHUMOGRKKQBDTMKJTUWNGVRLZMEBPIFNMKSKKNABMBSLPHTQFGOQUCHMRWWQUXG
HAABBBROQCIOYZMLSNFZWWBLXOKWWEGDTMYKUQRHJMZWENTMKKUHDEKFHLSOWLHUYPGZRJPSPCYJBHJNRDJXVLCI
QAEAABDMOLLELLGNBGFBSGQPRCHJGUQTEJWUEBGBMWLBQWORMXNYBDCGBSASRBJANCVRSDIETSBPORFAUMGMISCN
ACABGHACDDGJGFLBTKQSLAIXTQTJRIUFGICEVXSGVNPJIXLXAUZWSTOJGTMAJPCCVCXLPOPTYSHSSFZULKTWBNDQ
VABNBENBYRXZWTAEQQJCSXIPGEFHKUBUYVXJKBCNJMIDNIZCAUTGUYDBGMVUBUCOAJBGRHTTHWDBYVZVWWFIOWXG
BABBCEEEEHHCXDIYMMQXMNPDJKXYVDYSYXFSHFOCJJJAZPCFFUDVGYQHENYQLCZJMRLDEPLUXNEONIRNEIGPMNTW
RAARFADACOXMFJPWLQVSAEDSHDPPLYJTCWEGWDIROSNUASHXIEBKBJUHWNUCYFEVGWBZXLGUUFSOKEJFQXAIUNIA
RABBVTGAMJVNIWPTOIEAKFATNMUIBSLVHADKUJKPEJYIYEUSOQMUMOUBAQERGZBWZXDPAQAGSEYVBHBSLBDNGHKU
PBCEELFAZPMZFFHJUSGTHXCFUMEWVNBJXPAGFOVQRPMAKHNJLJCIWHQMAJNXYLLOMKQOMLQGUIJYWAJPPFYLJJCP
MADLNBRJIXBCGQSRJBZRCRIAHENYBCQQSLXOBRYHIZKZRLVHEHAUFSOTNCYTJQLOTXWJXPMSCTPVBJHMDDCVZQUU
GAAHAMBGLFWHIJEJFROMTZZBZARIVKQWXNBLAQEVICORWFCCKGZZNIIHMAMOGODTJMLYVLOAPTWMBANYOXFMLVCC
KACFJYACAFCEGPADRASPQPLCHADADNQMLFMQGFOHJJQWOWFLVWXMWIIQYNOWEHZDOOGJLUQCICMCQVNHECSKDNYP
EACFGJNFFVKIMZASQKJGEJVPGLCZTICQZPTVHXYKDXYEPDAYIVSPAGSDTVORDHYLRGVLURMMZKHEDKHBOHKVAIGS
HAABBCACEAAEEBRGLQZGWRRRAJVYYNPWUVXEUSXDCYMOHPJLMYNNUQUCOFSVNZIZUFLCSIIPERDNQKUGSYMVRMVI
RAARHAAADHMCOFESLWXIIJSHGLLVJMYVDMOUBDQZUIXOTLBHFQLFJYLXSFUUNQFWVJYUXJQEJZWVRIMTBMWGNPOY
NAAABCFGBDDBTBOTAHLKOENEQAZHIJFCZVRBLMXIVKZFUWRMTESLYRWHBMLGPOSWGBQCMKHCHTBREMOUBSIJAUBZ
SABCELBAANOUWUYEQRUBEBSNJTCVDYVGQZDYICGNKTFMOVOCACHPYWVYUTZQFJVOFDIKOENFKOPTLUBSMULDKPSH
XBBCGBFBBEQOECLCSVUZLZNLGYSRFBXOCDOFOXIGABTPSEOXLSIKXPEUEQWBSBPNDAKLNRTVMIVRFTBSJTBRDXIV
VABRBBORBAFONDYBFPFCXNDZWRUSPQWCPPLQEHQVKNFXACTPUKRTUOWHQNYHDPSOTNGCADXQIVJHPPFRQZAIIZCN
ZABCCAHECCMROBMMCDHSKHIJJUJJNHYKEREPVGUXOCNVGJATNKDNYUOKWFPOXGMUZCFVNAMVCAFOQKOKJBTCSDZD
VAABDBURAGTKBVUFIHPVLSMDTWVOQGLAUDAVGMNTQOFBGCOZOINNZULFLWGTYGGKDRUWKOGTOPJASTBGAMYENSGY
DABBFABFNODCIJJKOQVMKYMLKOEFVFHVSJRUDUJXXOEXOEBZCFEIVDYQMLJTCUPOUWUQCLWLIYWVFHJLXUIFDJJY
GAALAEINOHDGYPEQDLVPCYHYKNJUVYELKBIBEHDHWJJLUWYAWLRTNSRLPQMEWUESEZZYOPPQABDSTEVQNMCIBOXR
YDAKEAFHIDQDOQBGKWZBVCIALXWQIHKENGTJNQMVDBZLBEFUESQPBEDLZWZFXZPDTGWJKASHGXTZLPIJUGHHOAUY
MAAABCCCCDIJKPDRTHOYOUWVFPVQFWYKCRJFLAVYYMRJZCBYITWSAQOBUNKWVGWODYHWOXSDIQRDNDSKILZQUZZI
VABPBEJJJNEDAXWUDCBTXFQUCDLYPMLZAZZDWOQKZMKCUKHAOZUPJMLMHBAFUZQMIGNCKQWWFSFYOYYLNBPSZIOD
HAAAAABBCCEPRWXUYORQZMVCXJPDQUFCTPLJOTXOWCFYUJWSFNNXWVDTPNJFSAHASDDOWMCQDRCEXHLPNMVSTVEV
ACABFCDBGLISAHGZPJIBBVKAJENRVBGUAKKHTGVEOQQLZZDJNSJTIMHYXUEVEGBLTMCXVBYPXGSQGUPMQMINDPWN
EAACEMRAAOIHDVNVQQBRFWLVMDTSLBLNGNOJKHPPOIHQPJUUKRVCWKNOKDISXTVIRAUHJCQBZQMXKDVPFQLKQDAV
CBDCOLFLMKEKAJTSMQVMUXDNYQHPLWHANPOWXMITKVIQKNUOWFZAUXRTYSDTPKQLTVVTTJFVYDWOPGBXNBTIVOLZ
OBBBBDLDZECPEVAGUSIAWSMOFHEENUCSWWIESJZSEMYNBZKCNRUKGACMBJWAMACPEACTFBAPWTKXPVPALSEVHBAK
ACABFCCCLDPZYISGUTGTLJWYHKZAECYXOEOKFNSIRVZBHCYDEOYIMDWLFEFLIEHCPLFXYAIZPSSLTGVUWCMPIWIQ
ZABCCAIAEPRKZFHSZGKVGXLJFJXCSBSJUTGZHJDEZGNYOCBQOOTHEJRVAEZLYGIXXMRUJCWQKNVXXAOEEPBOYLAM
CAAAAAAADDJAPYLWVQSTJDLSXEGTTALZPSZNRZFJSRJQMCVSUKOGVOGGRLJJYAZRUNNGAZCJYWXDOIOUHFAVZZOL
SADDBOJCMYKHTVUNFTDLRDGKZSTOHFWXKWHKNEMISMKAQYTVFPMLQJHNBAEPWVRHUFGUBJSEFLWNQOGHBACQGPDG
RABBBCRUWIGNJSNOSZULURDDNLJZFIGEFRKFHPUKKILRGPTTJEOZRJTWEBWHZZLHCDJGGFKUEDDPAFNFWGOQTKDA
EADAAAAAAAADIMQTXSDQMDELWKBSEWZIWPHVEZSCIRLXJCECSFTHGRDAFFGIGOBZHNCEYODQEWCHIWPKZEXIKHET
WACNBBGTSGKBDSVWBERCZNMISKBOEMKKYGKYFGYFGRHJOVRLUKUOVUWMMUVQKITJGTZSBTHALAPBIEXPKOXEOJBJ
JBBCAHAMARVWYASVJWKUQGFHIGHWCFZFWUFWPVLXIFZHSZQHPAVINBLIMNWIAWKKNYAGPUIHNPVPCSRKPEZJCRED
DADHGLGLIZMSPVTDGZKQJXLZFFYULPKIJCVFPVZGUIQTYVXXWNKYKPXIRGCIXYFTJDOXQYBKZCCITPBHBANDHUKD
GAAABAJVMZINNJEXXAPMIPXGPGIRAYDBDOARJIVMDOUMZGPUNNLSPQOKTRPGRVRTAEEMSUCPPKGKXVQNWENHYHGD
LAAIAABJFXHNVENOYIZFBNOPZOQGJLDENXUZAWPQHJRPJMXGUBMYJVATISRPKRZTLHBTBGKLUBJGLXZBBGQRIEYL
TBBCAABGAICDAHYTMOICTJTUSGMJJEMMEOSHJSECAOQICPQNCMMQVDJIYDQWDFDYJKLGPTHSSYIPMCCPQQBCLBAP
EADAADBFFFPNDRPMOQGMXALCMSWBYRCEGLQVSTJBWAEAJGMGCEGGDIPVYATKPTGEKNBLSATZCCWASVPMLBHRFSLR
GAAHANAEMZXQYNAKOKVLXRCMXREKJDCJPKLUSIGMAILORVWLCYUIAWEHVYEVMELZUZQZIWPOTLWZIADKMPESSDEP
BATUEZAAATVYBWXSVTLXSMDBEFCTRLLVEXTXHUYUYJBUYSHTJTLLQTQKQTVLVHFVYWCMOPSIDVEWZVOMFNSZORUN
DAAADAAEIKRHQVKHOTOANBTPDYEITMQUMEKUPBRXJCMUZHKRHSBEPBAPLCWQZZDUCKWNFHBGKLAMHHYJEXLREBEU
PBBQNUHTQWAEVYYEIFQZGTJCIUSVHZPOFDBLNYFJKKGDRWJCSLAJHQNGJIMIOJCGEEXFMCAXHUIFDVHFFRXKFFDJ
ACABEPQQBSMPZGSMORTQBNXITTURDCAMACFYENNISSKPOGIVEIKUFGMUXOZIFOQJGPVMPTHJKJWKIPOFOUJAFULC
QAADBBEIQICQYNIPCOSRPDSSSKLXZRMGBGIYSPBZNSWMQQWVRSPQJLPDVXUSACIPZYWBQJGMZNDVVHNJUEFJLIBV
XBBCGBDARHNLXPZDTIKQQRMUIYFNKCTWCUFEJWOAICEWHEOUHXZCJWJDDOLKEACXGZPOEVEUKBRZCTNQCORNQWYY
CBCACDGBDAFAWAQZMNKKKICTLVMFAIWFKUHSFWKPRKHWXFTZHVTRJMETNEPTFTPFCYNRYDJHIRKNSBPTIKYBFZXT
CBDADLAOZHCLBERZMHDWUZHNYVBARSDYIAIFIIYXDPKCDCZCQYRPGTZAUMNLDMJABHPKUODOMQMQQUIUMFBEQWLS
RAADEAQNALOQDLCVPFQPSRQUPRSCIYIZTXLBINGTNLRSZQQRBUQFVXQGQIZDWHTSTZOHRXGDOAYHDTLPXVJQIVOD
BAAAAAAAAAABCEEGITYISJSOSCGHKVVYCHHFSHYSECFRSVONYBLNISRHXDTOJCHFJRETXPGGSLQYANIYQVQSJCKE
BABJUJCPDAUFTAEUGGIPRITATUVFYJZPQEJATGAENMDMSMGNBXHLUMFMOFBWHTLQGQTYALTORJCPNEUDJEHHLPYW
JABBCCCCCCDJCIZHCMRXEIJTQTRSENOKBLLWHWBMSNKJTBZPMLCFDKSKVTQVFDQBZIXXEELCUMLBJTNGTNVQCMFX
QAACAAHYOQWAKUPIDHCKRBDRSIQCKBFLSTLPVOHUVJQGWKJBZWQIKFXPKUWRIYHACMXSACEQUXDJWUGZDAXYIOXT
BATUEUABYUNNZUQDAXXJNVIQFMCJZKCYTJDUTAFLNLTTMPVLGELZJICMSBMOPCBGDRCROUJJDMRTEXBIDFAWRUTJ
QAFAADHUBGHGXLGVUHTUSODMMKOZDEVIIFLFUBXNGDLQSJJGRGVVPEARISDGTOLVQDPKQTTLVPKYHCBVFLINYSTW
CBBCEFMELUDCWIAWEOXXMZFGNSUMLAJJKDMVOFFQNBUYHHKVWXPLPSRKYYSSJSSZZUQNMJJLRQBNDCCGGXESZMCN
QAAAAAAACEFOXXKWNDVYBCTKBVDRUCTNQYOVDAIMAWSXGRWZDYCJKXWLJCMMNKCURLWAMXQOTPHKSFHRPLBWYXQC
JACAACILRYBEXVRMAMUULJDVZZFONXIAWHDFEGEHQNPIAMUVUFIQOJLXULCYNDTHCWGHYGDTLAVVCTGYCUVBHBSM
LACAADPCSMGTFOBPOXCPFURWEEPUUTEWMYYRQAIPFEYMRSLWMOFZTVPYGRRSCVGHRZXZTJQIFTBZOVRONJLQMUOM
BABJUJCMXQAOQPAQJTSCZCONRBNMMFPDTDYVYUJVETMYUWDXSUUBMLQHKGKZMTHBRYYUJRNOPENHSOTJUUYFVDVX
KACGDDDKQAGQDCQJPZMOQHPSBEUGAERBPPHUGUIYRWNHHVMEHTAQHPZDPHIUBRBESCXEFZVEYPKPBQPRPINZDZIU
BATUEHTTQXEWFNQTJLMTIYKHYESCGSXCIKPNKSYIKBAOZKYIBLEQLVBQKLPFQCPLCAQMTUCJSTMDNKZUHTFOTDXW
IAALFGIBBQGRVETBKRCEJIKJZMIIDAQLKBTJOYQRNTNGNGXYTMJFFLSGNXTLIGOISRGDETXJOTJRVKQMPFDIKHEH
TABBBNSAAEGZGJJDCPFTDKOTGLMPJRJSBKHHHQKKKJXMREQYSWKQMUZOOLNMSQTTYSYIIORQJCVAMEYFTPFGQHGI
BAAAHLOKTERESRLGCFTRCCJCPXZOBGMSCIUKNARWZJEKFAKCPHILIPIRTREVDYMHRZQXVPNZWMOMHLQQIUHUDJFA
FBEHCEAADDHBIWGUTMZVMNQCJAGQHWLWYPSRHWQZCSAKXFMFCWZZKIIOSXWGOGPNCGIOJUEJQXPDRKVKNPJARKDF
GAAABBNYMTOFFTKIQFSCFLSGXFZLAUDPEQWDESADDVUHHDFXIFTUUKSSOTCIQZEJAMZGMVUEOZOAJMSITFZSFDMF
KACGDALBEHRQMGWJMPBQIHZKTBONNDMZOPOIIMEAZCMLVHGVOOGNMKKQIPRPOOQTZZENEXXNTCQCGUPJGQRDDQPY
LACCAAEKDYFUANTSIXRQRENWOOKLYKUTXCCVRZVRIVNJLRIOJZMOHUZJNVFVMTLWLHMEUDWNGJNEJDKRJTXJEJQN
WACMAFBABOTPVKUSTAQSZPVJFCMKIMDVIWXUAAXMQDBFDSRMLDCVUCNSKFFXVOZCSTAEVEXLFNSEUTLJZKVYSNRO
OCADDEZLUYBRWERUMDRLEWRYYASOGPMNGQSFZKOCPFOGHXNCGOFORMHOHZSUDKXHRMANHFBJGMBIEUGQHCRENJDK
QAEAABDMPACIBINXCXYTCPGAZUALDKONYXBEVOEHDUBXFQRILHAUJACNZAITZICTEXYNYOQGIHMJLZNTBAHVHPTU
VABNHBEMINHOJTFOVPLMVRMRMOEMZFNYLYSMYFGBBMCUNJQQYXDMJTTTNFSGSEYSMCQJSUKBAHWHOFMSXGNMJHXO
NAAACEGDVYVHGCNCCHBYLDNUGKGIUTYJUWRDFWJZPVRJEVGZGLYYIRAXPJMXHPZHMVYBDXCEBLXOYWOOSNZOOZNM
YDAKFFBCAABFJLCPZHVSENDNCJAVWUVEETHZGIOMWPXYYHZRWHSHCDYUHUETBUXXXBAAHSJEXZJXTVRIJRLKBNQB
JBBBKAQDAEELQGMXTJDCFXRCLGRNIRNPUSHXPVYVRLWRZOLRZEUKKOMKIETHJJZZZJIYAZBMQIOICOOQKXWSTHZR
WABDEEAJZHPDOBKVBOINXHRFRSWHJNTAGHJUNPXTFIVFCHUQNOYICSDLWKHEAOUSJZBIPANILZQTXQNNJIZJLTTD
UAAAQCDPNGHJHXNFGRCZFWVBITQYYGPARKHYDAKYAVWHOPYVKRTJGZAPISHAKKPLRHWBYDKYKYFZCTNVTALEAKOT
JBBBJJLISACROWBIBPSUHCMCKYTFXSNOLKNLYPSIOEPWNRMRITJAFATOGXEBTTDOQQHXSKJZJMNCKFAYSOAZZEJR
CBBBBGBHLVABCABTITQFUSTHPZRIOIWJZXQHNGUOCNJZHEQRQSEEVLSMPKYPRSUXKMAZNXOFGVVBIBJAZUHQGVCJ
VAABBBCIIFGLFWLHBGKJATEUFQVLMBAIPKDABRPIBRNWOQCEOKGCJSYWZYDUMERTQLTTPSHDACMTJUANOJBBTHKJ
DABAIKCGIUQGTYTLGGJRURGDFUTIFKIJZHBVVVOQGCUHJDHAVRYXAEGDFAPZLNMWJAXBTSDUOUKWZVDLLVMISZGS
PBBBDJKYYFNDZGXYXDUBANBSLSWFPSPFHZETBJRWUOFTHZAMVKSHUWDEZAARNXFHPDWIAQYMOBWLDKOKBUBVGGBH
VABOZCOEADZMWNNPAXNLNYGXLNEIYOGCYMJTSNIVSWXXXIZCCRYTGJXZBGHJGBFHNDIFYRDVCJJSIAJLAGBVNYQM
IAALFGHKADDHXBZIWSSVXTFODKLKSAOSWWGIVAWMTVWBVBFSNGHOYGNHMDHSVDWORHDCJDZWPIEGFZHEWIUPWPUR
BAAAAAFAAHILQRKOGJRVOWPWUQNTAGADPKDTXFQBLACBKTUGXYOHLIAGDQKXSVKWLUVPFWKNLGJXATXCYZCHDZEN
IAAKAAAGMDIDIQBSBPMZAFPYBLPFNWMWJBRGLJXJFBYCUEEKHMDFZDMJDDWSNDVPDMCHMTXLDCVVQVCFPRCJLHZQ
XCABBDFABDDDDCUERIZYBREOZGZHVBCTGBUBRBSHUCWYDYJECHYMAFDCKCERLJCUVABTOPNZMTWGFPGPPBVWWODC
IAADADQVAAGDZYPWTXYXAYTQFEDDQXNFHVFCEEXMIKVHYAKAPXLJJXPRQBVANDPXUJNGMNKQAYZKVWALXCCAUBUF
VAADHDLGTIZMMMMNWSXDOWXZRNVRAUKWLENOUOMDEWLFVXYNJQPCHINDJRLQBYJYXBSZUPCNYIHMEERFXMRDEGRT
MAAABCCCEMOCJJYJAKFVOURVROAHGOPMBFVWEXXWNWNLQWISIHNFUGSTOEFTOMOVAGMGHKCBIKGAJZTYCVFVKUPN
WACDEILWEHBEIZMYAELNCIXAKBQOTIJIDOZKITTLJPQPFABXZANXOVRFEHPOGUTPGQLZGIWVXYTUNXJYVVXJCPUS
YABHNDCTYJBDZOYQSCSYXQOUHDSDNSKJFWICIXWOWONEDVWECWJEZMMHEMFPBRHGYEJRWFMZTRNRSHTKTOAWFVAK
LACAADPDKRWNWZRRQLERDIZIZUCQLLXJEOROSFIZPMDSTLCIUUKNYHJCOADSMDBCZBPIQFKGBDYBDGTDVHMQLNVJ
CBDAHAAAEGNJTNWGHGDQTCJKROJMXAQPMQMQXQBXZOZHLTWHHJSFRNXKRXBTRNVOGEJEZAATMSHLZQTJTFXCJEKO
BATUEYAAABCHLBKWQWZREJCCBQDMEADQMXQQBXGHIJTTCPCHNPWATRAQQPEFFINQENCDVSHOUDTEWRTZGMYOGPQD
WACLAOSWOIJQZRHXZCFHEUQDBCXRWJYZFVVHWFFNRPWORZJYAZWVAABCBCJUOKZUFGHFYKUVGZEGBOCVBWEICUUS
SACABDDFGKAPGXLZLAPTXBWEADHMNZUHTDNYFLIPLEEJBUUDYYVJTSPYSIWUVBIPIETNZPJVTRWWJSFJHRSLHXEX
BATUEXDEFATPEZECMBOSFHYNXTXXCXFDYCVNVPYETJLNFKHBLWWINYBLNVFFLPPAEFJLCMOHUUUNUATZIKKGQJXZ
JACAGIDIRUSCPUPEYVVYYKNKIQVEQUOCYEZIYLHMNOLMVKGTIRQDSGXXXNBOHJQVDAVNLASQIIMLTYOJAPORICHM
ABBCAXUBCGJYDCWPTMHAJMSUSNXKEYPQJEFVTFDXECDFJEBRKOMUEBDKJJNSYZNJLKOJWMSWXBOIOZPIMRBREMCF
JBBBKAREHHIDNADTKBMGFNXGGKRCPOHKFMICZIZVRFDOPCJZRBHACMLJELQROXSRQOULNPAXTARCLCWHHNUHAMEE
YDAJICADKJBDJKNACFLGQZVHJHSIBNVETPAQEDJOBWNQAWSYTISNPEPBHXEJPWESVMDGUXGJUPUXIBZSOJQMTAQP
GAAHANBCKFLBHKXTPGGNGLHLNLPTGJLDBDZENOTWBKVSOYZVEYZCGKHFMOAFSLPADWTVVQHRDFWCEGYCZJVMCYFO
QAAKADMOSHVOVLYUDQRSIZKAFHJVVTLUXWSPVDZNQOHIHVDLAGUHYFYZXTOPVCCRGYAMPKCAEXFNQUFUKMIHCUHJ
PBCADFFAIJVJGOMVBRHOCSUFBQPNRAYXYIMHUOTXAXHCXSIRAIGOTXKGJUMGZCVATWWLMRSDZKSMLKHAJANWJDML
TBBBBBBBLCAGNDXXYZZBMCFIPTZRGXRLDTETJRIWUJXSAQFNNYEDHJAPMOCAKUXYASYZDITFWJEOVOWZVFRSXMDZ
YDAHIJKEVXVWBTDBWHTKWKSBJKPLWZGBVECDUGQLECYXBIEIEOHWPYXAADAAFKRWHRSDGEJOMMTSXTWOFWMQJKEZ
FBEHCEDLIABYJBCBHJBQDPXITXNHARWZIJQZVJPTUPYWKZUSNOHIFAXVWIQHNTXHGXDPDYPHJERFMILHYWLZHJWT
OCACSMEAVGKGUDHPYQRQTKMFWBWSPUKIWHVCRUXGERELFUNSTIZKNSRPMVSLVMLDQXDJJUNWWTEXDBWOPAQKQAIR
UAFCAAAELXIJIBZOOZEDYSRYVMZVBADZDQGPEFGERGUHSWGDNKNCAGAODHUOQVGMSRGKRXXBLEPPUATVKEJWXBFV
KACGDBCDDFSUNXLFGVLUCMVSBFJTQOATFRTSLBVJSROSENBMPOMXZMZMBUOULUEFDERPEFNLAXRRKBIKJLTTTINW
PAAAAAADDGDFLVQCMRCETFURWKILMJKUSEZVIOXJCFJUVUWJAYVNBXPBTGLYDWLTJZGKUWCCFNAJDODQDJNAOUNK
TBBBCAAFQGEIQBDDCKFBPRGRIYPEBGKCKFVVYPSJDVENDWSKPBUXRXKEEYQVFAPVMZRALPNQLIBRSJDEWRVVPVTU
GAAHAJGAFQJXJIEMLULBGKEPWPTFHNWBYAABYVTMEYIDQBVDQRHAFBWBSTVYTAHXHAZLUFBBYLZMDQEYHMUWMXVO
UAAAORQYABTJFRECLKBECURKQOCWLZUTPTAZEKPLCDSXHBEVINWUPZLYIVQGGDRBPIQNTPZRHWWPNLZQVAVHCCFM
IAALFGHLBAXGEMTZRVFUHTEMPAHEDBHCPGXQVEESSFNXXZPBKOHFXKPZBJRWVTRLKDRGPYNYTMFUDLSGRWLQGKYU
ZABCDKAAADDEIICQPLMTOQUCXQLGQYHZRPCJPMONYYWCSMSQQFYIITMDSDLOTWZZJLKWTEGXNDRSITNRBBZXXFGI
BAAAKBGRNBICLCJFUHHYYZAZLWICJAICVMRBNUECUUVTVQNDBMNENDMCTNWORHUCEINKLELGBCPQUIQVGHFCLZEQ
LACAADMFNAGPYOCRNCOKXLSAJQRNZTWFJOODZEREVZMGQXPENACZNHWKIGXTSZCPWZQVFJBHRMEMNHWSSGVMPONK
LAAAAABBBCOSSJJSWUFLTSKLQIZAJXHRJTZDZRZNWUISPSXOJESFNTUFJFMPWSYMPCEHAUFPICERHPKETNOJEVZJ
QABLQWLEIXAADMQWHDLHFJLZMBQUNQNRCFWNQRJNDQPXIPNERATGZTCZNHQFFPBXEJMLBRVBUXJCLDZTNQKEQBWL
VAABECKKICCGBQWFVBRTWGRDZIBNUTIUDMGAEACOZBLJHDORTZTUNYRGUTGJWLXFYBXZHXKFYBXBQUBPRXMMMXYA
NACBSAAPYMGFLIHDSCOABGNCNKAKGTVJFSFKHUGZXJBSSATVFUMMDUEVOXCTGDWEFNSCZMSVJIEVEDORTCSULXFZ
QAAAABCBWTAOLLLTXERCCROZKKOARPEICLGRAJUABZMCOQHHEKRLUYTCHOTWDLMUMZPOMPXVMFAYZZIVRRPEWBUN
PBCAAAABQWAXOHDYMANHTWSQKCLIXIDYNMQGZCXWZQKMKZWOOQSDVQVUQULENUXXSTFYGSYHHCRWAIEWMCEKYEIV
VABCCDHIFFZDIHVPZYSCEGQRFSPOBEDIIRBNLIXIMCTCDIWPHPULHFGTZZLVSIWNXFBRXOTIIHWTDEXXUMBQGIFP
NAAACACEJMSHYEQCOMDPMMHHXORFCRHYXUPOSOQCMAPXZDQARETIYYLDCDHEMKSVPJPZVPSFQPKKVIWXDLLRTIJN
SAACLBFFFIEXHNSNNHNQPHRTNBZGUBYCYIMOJEFPHOKRULIJXFSGMBTUFRFYRAGDJCCGRQYTPPLOFSQZGTOZJGMH
IAAJKAATQXQGBNCWQYGINHPVUCAHZFTHHFAAZWPXKAOTDELLPXLPVRYMLEFNGJPVVHWMENOJUJIUPYXQHPQPBHWZ
BATUETKTHRPBSWQVOXOHJHFDPKACRKGWMSWUSIJRQADEJCUMEEUOUQZHHEFTKNGODBQQMYBWDLSIZDQTTYKUQLMJ
YDAKBUFVDJCMYQGOXMNNIIKPNPZHZMTXHXEGEVQHOGLKMHDIEMUKNTSXODEBXPUPVRBVUAXRKYFNMEMAFBAPGTZS
NAAAILBIXSENCJAJAGFGHSXNMOKNRAKJVXINYZDVCWTXUDMHUXBNGRHGFXNFZYNNVCYTGJPCJZXSPWHVMDDREXCF
BATUEKAZJAHTDMJYHBMFXPIQGSPTBRIREBKESCZRBFWDGLSTOULRUOJLBCBRBVTSRHIOSLRBHXMYEGYPWDIMABUJ
PBBBBDFHBBBBBDDFAZHFZLNZOXJUZTDYWDSWUQIICITSUNFZDADWBBJHYXZLDIWEWPYDRMMFCLEZAVSKBHTVCYFX
JBBCAHAFMGJVWAPTYATQCRSHKYDVSUDHFXWXWEVHJCAVTDRBTZYKMPZNQZOLQKPSSUNYZCPRZOWMKGFHJKHTNAAP
QAAJKAHAABIJRCKODMCGBNVVPSPPLYUYCXGBZPVRGIGEXLIFLEBINWSLYDHGXXGWOBWXSIAMAZDODIFFCTBMYOGF
NACBSSDXLCXJVMRJIUBLQEXXZFKYQAPAKEYDGPFORFJTYPAIJFBAUBVCIGXYUBBSPTAJGYKCIHPCRIQGFVUFBUNM
SAAACJSHFHQVIIBSTCJBLMYNCSAIBSGGOHDYCKVMXRVYSKJEREDYHIWTAHDZAFYOEIMUAYPYIVBWWUDCPBMPMYXS
VABNHBEDVQNTDBPZAKLFFFKORTJZPPEVLXKQQKBCBUQMZFGIULOCNBJZVHIQGCHGRELAUPUNMIGKWFPALMVHKEPO
CBBCEGCGLKJKNGMHMZMMOGZWJLNZEZBANFXJYBYPWFECHYJZEWZNWPGKJDXZDCYACOBGEROYPHBIDKJZLRILBOFJ
RAARFDLMJOESDDMHOMDQETLEUDTWUFMKSDXRGEBKUIJMEDXLDOUGXQHTNXGYPKTVYXGANLWNXJSUVEXZJLSTEVTM
OBBCAAAAAADDJLMTQZKHJUCHSQTXQJOKQPWNWCSDCBTLSIJFGTUGZHECKOUWUDRIJHAFDUGAVXMIESNQAYJFZGZZ
IAABCCDCKYEMBSWFDMTBWRHPCWETQENPEJJWFDEVBPUTTUGIWCOVYIMUOUWLRSCLSCPPRSIVURYSYYFQVZIKRYIV
TBBEAAITTPITRQIROVHYWKOATYXABCILQGPLFFJAHNCMERHGHBQRQFJMOLFQLBQEYCRDAMKLIKXOXLLBKRHGFVFO
OBBCCOYAAAGPPTOGHEGTICSMPJUQFABACBTNFSMSHRYKZOCVVJXOCBNCVHTZTCDOHANMGKBECJODAMOZVDKBCDJI
LAAIHCOIAHMHZSUORFTPGIPQTOUBQIVOYQIVEIUHEAXNLUENGFKWETGVKIOQAPBUFOIHANGKUIVBRWYHTHEXUIWN
LABBCFCHIMIKVALTWEIMCRPILUGAUZRNTKAXLIWTLWJODUSIZEEIRLDWJSWNGEGVQLSVAWVKVEQRCZTTXLTOPKBF
JBBBKBCDWBPIUEUSSKIJADQITKUMMBKTEUILCJQIZKHEVTYLWBVCYLTWXSBMVQIYYSMPJYFHJHPTOTLXHDKGFDKY
NAAACFABPJJMDBLYUZCKIPIRCOZIEQHFFDINJPWDCHDQSHSNTEFPPNCBHHJQJWTKOVVALYQPVUJKKNZDBBLJQRLF
ACABFCDEAOWCTXAHTCYIBXLABBCPRMPUGYZPNQDBRJAPFNGKOCTLGVWUWYDHPZQYTMIQCJPUTCULQJWMMEPKHYAH
QAAAAIBTPRESTZOVOIJGLICAHZQASLOSZAFQEOCHSJUBBXJJIYCDOLYLLUHSLJHPROBOZNFGKWWZVXRJGNEYEGNZ
OBBBBDEDQPIUWVXEMHSJSTCNIDLIMRSTIKTFZLRVDFULPNDSOUYTRSJPVBBNHBKLFYDYKNPDCMEQXIAPVOASOAXZ
KAABBBEEDINGTJOIJMUGQAPCZQYXNBGJCFLEXXWKMPDRBDDUHYMURTMJRPZUIOATEDDFRUGHXUOYRLZNDZUWKPXQ
KACGDDDKFLJPXAXPMHEQAJXKWHVMFTURDAPRJHILZCZSFKIHWZWFQJGNJVUWGFSNWBIKCYQNELQQBWDOZJRYTRBU
GAAKBCDDOOJFUYNTEZBHMEKBLLSFWVBQLYDSQCENYCTFJYPRGBVEVSHHJHWUWPVAVVMYILKQNPCTGTOYONQBWXEK
VAABDBURAGVASDWALSZKQQUPVBCVHSBHBWBSKSMZFONUHLIPLNWLKYAJEHHSKPBRIZLUEQLOOGPZBQOLJIKFRXKQ
UABFIEKSOVATQGXIMSWPWOIOWSHVVEFGMUBANFAJMEAJIMCFZXKGKUEKXJAXCJVTWJCDZTSLZJBOLVZPLPZZHCJL
OCADABBDDCHCTEEETNMNIXCQRCIPVANLQTNXUGLIWTXSCTOGRGRRJLHLQHQDNTLKIRBAHSZUKZTZZJXOYOOIJOGM
KACGCKCGKKKPLUALYHLVOETTSINFRLUZUYXIGHVFZNPBSMNOCLGDLESGGJBZFKEPLFRMQOUJSOCQDNUDQTOBXSXH
CAAAAAAADDIIMMREYDQMLIOHKXQDDXKOGTUMNHECOGJGRFWEEEBDPJNGNLERLWVBBDDGEEROWROVPHUZWNUREBRT
CBDCCDGABBBBAWOEQTWOHAMPXTPVGRHMASRLHGAKCIAXIGYUGJPPAJAOKBBEGGMZARWFLUTPPKINGEHJXEYGWKDJ
RAABJVDZFHARFAIUMMOZOELFSIBNBCGEHUNLDMYINRSGLESEBHKAHARODKPNGFWXZTTOLYKVQJCMWKZWINODNRBK
CBDAECCCWKAGFRDPXUXPZOAZKBFECJEZIRDLZVGTEFASEKJFSTPHQLGFIMURSLSXQYLQDQMARRYNYKYPDQSFGSEG
BABBBAYGHIDOZMJHOHBBPTFHZMTYMHWJJNWNOMFVLTBFPBDUMSHVXULINCPTRJTVZCFUQHTALFTFYCCVSXBNAYCP
YDAKCDDRKVRQNMISFYNXYAVRKAGGMDSDUPNMSQEKEKRYRAYCNQBACXIEAPTVWNVEWJDXBRXIRGHXITUCWBXNQBTY
YABHNDKCHJFWCNDGIPAGLDYCNJQUVTHNIQEQQNUWTBKPOPKDSFJAAVHYXIOKXHDPASSUZVWGRQMKQUANVGIXYCQP
LAAIAABGGCAYNBVPCPGQBSVJULGCMIFVRSDEXBVRXDGYYYIBTSBPCPWMSSWGAJYGFJRRNARPECNPOSVGKNIQTWMW
ZABCDKAAADGHLXFOPRWNZYWSOUBDSOTFONZAEPCFTNGOJIHHAJDTMKZMTOQTZGGXMJJKWVGVMLGKLTULKPWCTECC
SADDCABPDTGVWZPEVGSYXLREXMWHHVNWIEGTDHSKWYVIPZHVDAHFTPBONHNAQCGATMCHTEACBXASOVKQFLJQLBJJ
SABCCKOSFNJORPJBKEBTJFBHKFWYBJRYWZNMUTHOGZPLSWBNIYYADRGHRIPWBEQWSPAMYRBASUPBSTEMEVGHLMJY
MADRAADELFWOKUFRDBKGBFBYFGUMBEFQHBKIYYNKTOKMUYXBYFKKDYHFHLDMBFDSNQAGWSYNXXVQYKHWRMQZAQZG
CBCBBDBOEIYJCJSMYHFHEPGNKEQJXPOSPDBSGINCCAJWDAQMCTSOFAOKHRTTAKDBBICZGTDOWYNKJFBLFHQVZZCU
MACAAACEKEFWUHZZQMKFVSOOMGAVSRQKULZFPTLLIPRMHVIOCTZLNJOVNCTZITVCWPNQVJWLKGTNTBDEFWYUBBWG
SABCEKLHJAAINRUUQWXBXDVIZWPZTTHYTBMINOPFHMHQHFIGQYKULUPPWHBTWDUPFYNIPHXPLXARQYLTWJRNFCBA
SAAACFFHSZZGJVJTQYUSRTACLXBLEWXORDFBTJHWVEDBEYJNVCXJRZHLZKVWYYNCVOXMMAZJPQFJSNELOMWNKIKJ
VABCCCCCCDEFWSQZPIGPJIFOUXATEJLYHPVGLKYJAMOPCMDXEBUCETIRQFRKSOHURNYFRROPRRZYYYXHEFDGRKHF
QAACABBDDFJOMRNVTOSWPNPCAEFLCLGFISSSFUOJIDNOWHRLFMLKRZKEVMWQTDPOJLYYGGYSERNQVGWAVPOVNWNM
QAFCCFFGHLPPEQEBXYZWXEUNWIZIPXSQMLIFJNEUNTIRKDMGUYWERGDUNKYQJCKRTKKLIIXBINTOFAIKDIRUMICU
SABCCLACGFHAMQZRTZGYPXIXHPQDYTXNDQUVMXHUMIYZCUOOABKVEDFOJFNBGDAYKQHMKRGWGIVXUVPZDRGWZSTK
MADLMWEIMGAVJDPBQNJDJNNUQOFUALUUPRLHKMPABAJRRGIJEHLBMKQDBEFWTFTYIGBTRQDCGZVQCNKXZUGSQKQZ
LABCADNBBECASNEAZXKOVPNMAUBZKRDWDGGEIEKRAOQUQAODRNJJEWRTPXMWPWSMZWLZCBYWQTDPSNDVMQPQOIPF
BAUAGGDSSATOYQKLEPHFSJSFQMRNRCYLIDFQRRTOLDGZRHWBSPDKDTNRGMHUWTOHRKFSWFBVVLCGNXTCOKMYVOOZ
SABCEKLHGTELYKMAYCRLCBTEGSEANGSBQWEQIQVDLQANPMMXYUALZABZOJUVKGWXCVRZJHCCHIJDXXCWOEMLJAAD
LABCADJGMLWYKTKRNKEAJLMIEKCIWSGDPPMMDXLMVKSOLDHHIRQBJRTLNPYNZJJDCQIBGHZOUSNJDLIKUZGDRCTG
WAAAUDDMCCDLMOOGSCBJOFZABFDLXXGBNUEZCAUEOZUDFUEMUFPUPUNAURZYVRRBUSMNJWLDUNCHIZJOQXNMCHSE
SAAACKAABBBEFLFGYOFELZZOEEHPKGADDXOXGFQXROADSBWXXGMDLKKYQUXMCUJCSUIYFRBTRIMGKTBPXJEIDCDE
SABEAAABEIWGKJRYMSDKEWTTNJYGVIKKGMNJCOHDKLLVHDZXFSUZBVWQJGGCCNXBUYDTAJVKOETDNPPZXSXAKIWC
JAABBBBBCLBVVLNUOOYNVJLSSNHGTCWTHAVTGQWNYAGLBQLUZOCOIHNMOXQHJJWHDDRPMRVRIDMHZLWGCNIUHPLB
VABOAACFGMLJEJRWMWWHQLJVRWIPAMXJXMZXVHZVQAYHNORENQGBMKGVSLCEOVPTKSJEGBOQNHRSXLTXDRKQTOJF
CBCACDEEEEGCSMNOUAWRBGDNRIGOGVKISILPWZSSMCPJPQVXYMJHSXFQGHOAXDIZKBCACPYXXUUFKHSPPKUAZBGS
XCBHGAABDEONYGZTGREJCLNBQNOWMWKSNBFYIIIXQVQLJHUIZBGQUFCROAEPQVRWYCQUVLQMXLMDLJZELUMBOWCV
HABBBCCWMDJLXGNQBNWYJDFQAPIFNEMLWJJSNXOWWCPBXIYMVJXJPVDSBTIRGVPAIRNGLIEVCFWHOBJMPLWVCBCY
XCABBDDYZMFBYZAYWJNHMXNOZATNFKDBKUAULMUFAOMFVWRMULZUIMPUPFLQJWNKEYVOUXVHJQZTDAROEJDXKGSZ
TBCDIAACCCGRTIBVQSGATINHTCTDQMRMRCNVRMUIISJTKAZLNNIVKRCYCENDNCZFYANVSXAAFNUIYADLYMDCYXDX
CBDAGBANNUZBXRAJVQZPSKQYBFBEEWCQJEHUQHZUTSNZZCMOUJAMHOPWRLSRXHOZSPYJJUCGFIWMBIHNCZODTJQS
VAADIMVWBILTJBPAQBPBEHPIHBLOXBKXABTOGGZOLWVHSXHXTNYVQIMDMYHKQHPIMQRXVDGXYISSVOSMAFDOAORJ
OCAAACCEFNTAHPREPNGHMYTTIMGJAJXVTKADOVKTFUMMTIZBPXZKPOWZAISCKLYHFDRSDUXARTYKAJNNYWYGNFOA
XBBCGBDARNADQPQSUBODMBCCDOTKUHACCVYSOYOBIRTDWVONKTTEVBOYAEIWMFZDZLDJWIVYZAQBYUYEUDQPLMGZ
LACAADPDBFDQXQEUSOLMLYLJLDCSCKKENQASGLGLEZMCBCBVMKFWLLWRFWBZLTDBLYCQIEHEQMYNMXJCTULTIHHU
NACBRFGCSYMYTYMGCPKWAWAXKADXEVDFXGTNKXDEIJJKSOTLENKHDXOHYDSSWFCLTRUVVIZAHPQFKWEGEOKGFSJI
ZABCFAFIDFTAWTTNBVFONPWLNBVIVODATMMOWMXCUCOPASIICNWSGBKHDQGGUHNOPHSSYBYSBTWYHBGBSOFTZKEH
EAACEMOPIQWWCRKUPOUXDLFBNCEWIMLVGUXIRQXFFFVUFCNAKMORHZOMQHETMBIDBTIPDLMJXQPGORMWWZIMXROG
PBBQFACCDCSEPJHCVQOZVLHUCCODABKHWJKBDFGZVFCVXSVXPJFGUFIFQTVKZSQUJDGBSSSMDXOTWVWOYHTQOWGX
UAFCBCCCCCFGCTCQTNKBPFGSMCRCSIDXLLVJBTKBMLZNIUYJHGKQIPVUUOKKUHKIHGAKJHBUHJVNHRYFJUZBTMVE
ABBCAXTBXNAJXTZQPPGVSKOQNJYXXUGKGYPESTJUOUOAOLEMXOFMLYQTUIOLADZPFRZIWQVDGUMFPWISSWDIAZGT
FAAAAADAVXTECMPTSISJDLDNCSOLQZNUQGPZHWDAJSPPIHSBYMFTXRAUHRSRFMLDERVHHMSKVKNUXNXPZUHZMGUS
AAABCYROAYVIFSBELCLVRMZCOYZOFBCGIUIMYSAADXTIAHZRMCTJHUDCHFUTPCVIJXTESNHISPQEEIHRVPRSKCOQ
ZAABBHAEBIDBUGPJWACQFRUFNFQNVLYVCMMNHGCIQWFZCMYFGXDKHRNUHOYOMVGZYINQBVRFDIZOGPIRWMNVSVYK
KBBCACDKAGBRSCLQXVUFENSUKKAKEPABZLQSLMLEFIQZRRASPNJUDJRIXHRBDFQAEEXYGPJBKHJMGDQEYVUEVWGB
ZABCABBDXCLTBBWULAFVFFECIVFTYXBWPNXHHSVSGVKJFTWERHLQTTHTQSOKEINJAHMLBUZKKUIRTRWWBNUFEVOQ
BAUACQAAAZKTQNXDOAMHOKROMMIBNZYPBJNCCFKKJNQAEEVSRUJRXGEXNHEZEOIKPUFNPEKFBGOKEJUAKFRXSKZW
GAAIBGIQGHWDUQZDQDAZIQYIEXUDRLNGQZSATIAIJJJUENDJWPMGOEGCSMPVPBODFENTXGSPBBDXDDPVJCRVURFR
HABBCBBDCVIEHGWEHKRVBDYKQPHHQPVCMDFTDATCTPPKGIQITKHMMTTUJFFPHPFETBQSQRENVGGNFLNUAXIDYCRJ
FAAAAAEDAADEJHJLDVEPIVHTGKOZIQWGLBUMHNJLWJKGWFOAOGKJWNTNTHBOXAXFXALOVNMUWVPUTQSMVGZFMJRO
CBDAGECHMBMLHLFAQIBZLLFXVOQWFDOBGEQMDZXTYMIDRJAVJMCVTKNIMDJZRFRXGJBGKEPXTFHHQOJXBLGASPWM
CBDAAAANMHGRWVZSYFEQVAANIXVWJOAUSNUMERKQLIWWHPTZTYASXRBXHAJTLOOTZRTVPSSURYAJICYAYMZHJDNR
PABBBBBBBCCFFUVCQRGXNYNHESPVFCSMWJGLRGMSHPIALASXBLZWQSCGXTBRBBEXGOEMLCLWSIUAMERHVNZKUZEA
UABFCETJFCHGPQLFIHFCCDMKHBPKVDQUBHRGIYXSFBHTDJIQQUDLXZYOIFLLBUJACMWATHXEDQIDQYVRCVPBRNNX
QAAKACELPGBEMNSTIPQIAKSANCMHSSKYJGLSYLZGKNWTERKVUNTPFRTHEKKWLWVZESYSOINNUOULKTXLKDEZAEFN
LAAHJOCOARYINVKLIRJAGXVKSVNXBZOLUPKYJCRFBYTBJTNCDZWSPBDZJEWNZNQTDNMTULIYVGFIHFGVSUDMKVUE
BAAAKCAIMOAHOUTXAVSWPYTXPAGNGJQVLIMLREOOOFVGJRKMEXTQMENSIMTAXKPODBMVVYRDGZLPDSXPPGNVJIJZ
LACAADPDBFDRCAFXJEDHCYTIADPVDIKKGCKCISATPYDLJGHLULPILWUKFSWESDNXRTAUPFHVYOJEIRTVFDQXLQBR
WABEBEBCCGCYGMBWOSHWKIKPAUYRTUPYPJIUEYOECWCXXCZEJEIEIOXYSMGTRKMTANIPHEWAVAOMQYFXBATZMTYL
KACGDDDFGQDRLMMFJPSHZYRXNZZBVHZUHJKAGTKMDMHMTHLRDNERGMDWPPIDCKXBVFJXCWFUFSPMLBTXIKZIAQIQ
KAABBDDHCBMYVATEZZQCTFNTKGXDMGBQFZLWZPLMYTDKMATLGTBWSJQOBMMFKLNYVGYIETRSEVNDUXKNSUIYPKEK
UABGIACGGHJCRUUZDJOKLNVXIKEWCQZNEZPDFIFTDUXWMASDQCBTCMZXAZSYSAOQUYOMZGGBRZQESJLLWYLNVSCM
FACJBBIOOLNITEOKUHBBUYKZKSHGCIYVMWPPGDBNGKGUIXPCRKIKIMXHVIBIDLXMLWLGNEKPMUBAOOSCOJRJTJRM
DAAFGGKUIPHFCCBAJOHEQWKKHWOBZXUWDWRPQTPICPNHJIVFGDTMYAVYYXPMZQDZFCFSBBDCGOVHZSACGKCEGEQL
JBDBHCKBJTTAZJZKHDXBAGSQVFNIPHFLFGARQCNRQLDHOQPATCVXHMBBUEKAHNOJWLIQYLUPMBAFMARUPVMADDYJ
JAABBEAOAMMSWQQLCUFXJDPHWNGKNUDQMONQNWGOYVXEUAHEKRQQKUHEIDTVNYDBNJARBABQNOILVVFHRYNXDDQJ
IAALFGHJZWYVJWMDFZUNHXRAIFRRUKYWYKVRJZUGAKFKCYUYXDKDDBJJGDCWNYHHDMCMZJHIRFXSMHDKXNCOLERX
WACLNAABMAARKYSIVGMGEGBHOLSYFJEGRJISQAJAPBBVTWIRUTDECSONBHKAQKTHVUAMDOXVLXZIIBUJKCSHSTCD
IACFIGABCCGDNNZEVZPIINIZAUGKQUPLJBWTSWAEAYYEFCVEICRNMBOIUJSDFBQVIBBONGCDJPVZTWEYXIATQLBW
KACGDALEIEAAUQMNFKADSHHRHQTYSPOTWNPTIOKAOZXSQJJLHMRRTSSQOQTZZDFUSSTDXHBHZQRIXOIQKGYHWPWN
OCACRZHINDHZMUUPQUODWLAWMKXIEFRCVTXBKPXZDCFEHSYZIIGBRLDGPJYPCXETVVTKDCGZNAVIBEJQDTTKRJBT
TBBBBCDJJGIZMTBDCTSYXMGPZXJXPFFRJVKIBPCPWLCMNXBRLNQHTFQOXQJZRNFAQZTRPUWQDDFWAKSRFIKIUBSD
XCBDDKKAABMRGPYFIPFSTYRJKSHDWUPULLUPHAHHGPWTINEMNIWGSFGPWGIEWKJTHYIXKHUJQLJWXYWMJJLVYPVY
JBBCAFBTMCZDSNYNPMJXAFSYZKVPOGHWRQQHGSTZTAXSAKETUCNMNOCZEOLDKSIWRJHZFJIJJGZFGBHMZQEVMZXQ
BABBCEEGGHGVWQEEJKQDUQEGKEAEORCGIUMNLBTFFNYDOGFYYATRJCONMZGTNDMNHXNXNTYFBSHSOXJUEXDEWHSM
RAABBBFDFOIRTOBQCOZWALSDABXLNDKBQMUAIUXNLDBKFNTFLMXSXSMGMYYQYXRHWXYGZDBVNIDHVOLSBLSNWNML
NAAAIJKAAABFBFSHUPBOJJTXWPQFAMCHKTYCNYOZZJRGECRTMPFYDTXNRJLDSNRYDGANALAJZJNIAIYHFRRBEWZH
OBBCCOWAABBFGNVNKRVLBNHTTXLQQLFXTRYBCJDKXNJEJWWYCSWWFEAXPPADAXMQRYYWWTJQXACMIHQQNCBBLYOD
XBBDFAAADGIIRXCGPFQNUTWNSQOVGMSBPSLBFQOOTENUFQEDREXELSOPJGJHGIJSOQNBOPJLSBLENVAZXRTAVIHU
YDAKCAEHIKRIXWWHWQHJDARAVDIZVHQUYICFMDYVFXCHRJPDJWNYNNKHEHBOYQMLAIQXDFJBOOPOYUXQHBWFBMBQ
HAEIBBCFSCWPZBXULUAHTEXHGNRIHPAESEOSKLMJMZXLQSUCDVDEBFVNGDRGDQVTMXRBJXVSWJINDLEAKBGOAJMV
ACABGGYSJHSFDPNFKGOQYGBPRVILTBPTRPSUYSRCFUPWTGYPUDYDDTXCBFHRNZAQYBVWXQJFFZZXDFROSTMDMMPT
ACAXQAAAHRWYAKYSZBTWGHOMKIXGZLKYUWBWFQFLXCBLVJFLOKYDNJLPFSNMHETEMFLEUJORCCASENNLDHXNACPE
FACGLKBWBDHLQKCGOVGPFDSMYCNPNZTSNJLESOMFANDMKKWLHNDWDWGDDXGFEKTVFBCTLFJLJTJNCCLUXDYTTDAA
BABBBAYFYQXXTVZSDGJVMUKXFUBWPMQRTTLYNMONXLQIOSIHESFOXQGUKPYHXGPENTXKCXWMHMXUCFJNQYSOUHMP
BAUAGKCDBUOADLUHVIQKQHCNWVAFXOPGQJVDHEDWCBXEHNBBGBUCEXZHGLBWOZUJVIGRCPUUIZIZDKDTDGPLRWAC
NAAAIKABKYBSAQTFRYVBQIYONLLONVZMJFOJFMPVLQTYHGOFCGGDOEHWPMOXMGLGPNBWECPYNREHIDWYVZILLRTN
GAABBMEPVYJCJVPWPPWIIBSUVMSHNVNKNUYQHWTLOAEBHUNEVUYAEFWWHAMJBYGGBKPAWJVYMFQTMBBASRWARVCN
VAADKAAABCUSZCATUNRTARMSLGMWJQKPVZFDKRIOQFIPFRWSGXLZIJGIDICDNPHYDGGOTCQBFXHLAJNJOCKMRBAN
VAABBBCEHUFCJELOARQLJXLIKSHBCYANELACAIZOTQXMVGXGQTEVHXDGCQNFJONCHLFPMWGFEFQZGLCCASVBFHSY
TABBBBBDDGFOJCMRMKKDTCCJXCWGFFYCMUVQHKDGRXUZHBUGRJPSBKMGLCRFTBXAHREGGTWUYCGTTABBEMRYOWLV
RAABBBBBPKRNNSVQOWVAHKZYURQHYJQPUOUSEZJXOTSBKDYUXMOFFSCRIETMPYEXGEMTKKHFHERGDXFJJTHYPLHY
SADDBOGIIPXYILGWHIJFPQTKWHMKAWBMMEICSXHHTVRBLFSLGZSXAAODWETQNDAWNQBTGXCVAOBTXOKMZAGJEWGI
SABFBHHHVGIDUNPGXOOCYUPMRYBZHWRJVOEGXJRVNGMQKPWVPMPMIEJBOLEYAICSXBESFQJDJTCUAFRVAYKXTWOP
UABGTEEJACMXVPNNERFRMAEHLATYRPSYCOUQFWOZUHYJJYPEIKYACNKGBGDBWSCSOXQDSUZIEGQVPNUXSJFAUMUJ
OAAAABBBEFHFVVMGIDZPFZUHQQVWQHFCGMULGXMOEDXKFEQVFIQKVPJFYQUZBKXCOQBSHLWZLSSWVLAFNXPYSWBQ
SACAAAICQUGWVPVHBNNKSSFANDRYQBVNMTSMPOSDHPKLRSYMJJWPSWPICNGNRZHAPVGMRHAZTWCYVCVPXGQNMCFG
PBBBBDFGJAAQTNFGTZDBXEVSYJPMIXIMWJPZCDVOSUKFOJFWJTXAVBXQSIHQUZVGNXEOUUUXZWWJQDMBDMKLHUNJ
RAABJLAAEAUEBSYDLDZBONOSJDZITEAMOCHFWMSSGYDJJQATXZBVPRLOYNRYKNFGGFXHLFLZWKFKBBQTUEDWLKPZ
TBBCAABGAGDHTPGZOYSFGSOGJGFWKZMFKZQYSBTEPWFVBYLUAZHIXHRYEQJDFXWMOZFYYYOJXPDWCSSVKTDMAJOT
NAAABCFFAISOEFLTIEZROZYBPBLZAEULNUMNERKXOQCIPXWANZSKSBZGCBFYXRIPGYBRGNZSZGGKGXBKMIBIGCPX
PBCEEICDEZMCXTUQDFXYMWCWBXZCMZZIQANARZXVTOLVFSGIBWMHDULSUTTRWIABWUFYOPTCBKOKFQPMEWXJHURW
TBBCABDCVVNJUTAHHJHZTNNVVLXGQHZSUPBBBUNZXLFGCLZCOCHSHOFYTRBUSWGUEPRUSWBVFDWBQKUKVSQDVCNK
ZABCDJCMJMBOAFCEBOQHOFRUJMRCSHCTEMBRQQTSKPHWCKJJLJSSTLLFCLXYPXZZKYSBUTBSHGIVFNSIJNHKLWQD
DADMACGHIBDPFWCJBTUSWUOFCQQSRGBPGMQUIZBAFSEFJTWZJMRIILXNGPGFXDFVEQRLRSFJZLETGPKJPJWOOZMG
ACABEQCDDEAZNLPEXINDJDMYHIJRVOFFJKRZQPCVHEWSHINYKRRJUHYHYJJZWRHDPZAJMUEGZCBZHUUURGUJRAOZ
QAADBBBBBDNPIHIPTLMLZZQFXLRISVIBMTMAXFJRKPEUFNGUGPTUMZQFSDQDWRLWAHBKINJUZHCDJZWVVKZYOTLA
XBBDFAAAAGQZAJFMXQBTXAJPQIOHNSHHITFQTDTPHMAKLOWQBRDARAIRINEAMMBMDJMEEZEBHRDUORUXYXRTSPRF
PBCABLMEEDSKSMHPROIMXTOKOHCHRCEVRGSCINAHBESZKBYZQCKVLWJLXIFJIXLZUZGUQHEKDGGHYAQELJGLZSES
LACAADPACBMNKDEGEWYEKSCPWSHOTAAFGGZHPDZGTZNBPXEFFPGRHVDBBYJUJRWNGEUXWVSTIASZQZAALZBSPTLL
HABBDCAAADGNEXWDDWYCAAVEOADCEHTKSKIRMVXWBKWDERBAKMNSUVLLBRMLNHHTIPCUKGSJUAQXEWRTKPGTLJII
LABBCFAZUSCGCTOWFRKENEQEIGSBGLYCIQGRMZCUKKQLBXLVRXRHZPAYHNRWBFCKTVRRBQYTTBPVCINBCEGECTBX
XABBBDDQRJHAHWVHJPOFPEKWCXCLMKQSFCNAUUGJGZOGKFDLCBMTTRRMAXRLAIELLCEJKCKTVINNISIVVWSZWWUO
BAAAHLUENEWTXDPJCFSFAAVKWIGSCSPSHENRLSBDTDTZCNWUOWLXKCFCZKTVZJBIAGNGVQCCYJCLCEQRFUEMKQTZ
CBDCOGQBRMAPTTKDYTXEBNLDUNRXEUHVLQPHQXQPRFYORMTIPNROHVBZAURHWUYNQSCNUNKIHKWTTEEZDZJNEQFF
OCACSMEAVCHMJMKBMLQOOXNWZWWUZZQVGWSWBWFEMQNZZCIFHWSSWJVQAQNIZISMGOKQYTDIXFEPTBBFGOCDVIPS
LABFFPIBABEHFHZSMZFWKUUDRISEXUJNZRGILHDSCPOXDEMJUFKHXLSOOPNAZZBYQRKXFEWNVVYUEOBKHVIZFGNI
TBCDJAACDAQEJYCXRPNXENCMEGHXPUHUWIUMYRADFJVPCTOQMUAIMFNKKFTRKQOWBXJCWNYLHPJGNBEGMTMMWGPV
IAAJJMEASEOOLJLKGMDDJUQMSNQPCADOTPFFIXMGYGOITWTLGHEXGDIGHBSYIZHNFAQMFNBVCXRRFKHRTIIGRCTQ
ACAAIBZEALGDROCNKAUYTLYQXICHBZNXMYHLTRGXICPTAABPQFFWGPCJIZZFPEQFPHGIRWYALVEKFPFWDRQBXUZT
QAABBBDIHALUKRYLSSKPWJTXGBZTUZOWDSPVEZXMAUBOOGHIFFNLKKLEQAXLYMCZSYMQECTUJPWBZIAGPDQUMQJI
WAAAUDDKJVHKALRWMMFJGTUKYTBYWQEEQSKFAWQZOIANFUBVBOVBUKMJWHUHIPFJKTAEKISRTFMRJTYRDIXUJKMH
ZAABBBBBCAAABHCHEPCPOARYOCDUXHCNFZEENRDMEMDUPYHEWBZADVWGBCDNZJUROVUKNZRMKHJIZAUFRDZLNSEB
UAFCAADABDEMIGEAKGXVSPOPMQIZEKCBRLDBLEWUYORPLOQKFPZUPPEVEQKOKLLEAHECOTFPBMOBUQGQKSGVGSEJ
FBEEEHOCPFMTKICWXUIEOKVDMMMFQEADVITIVXOTNFJDVMTKKLAPSPWNVHVTGSOFWPGWBIVZXZVWFNMBBYSEYACQ
IAADAEBGAABEJKNTOAZXZYHXHTJNKUAVUOKXXHZPKWJWUZJNFHPZSLBMCLDHBWRRMMNNLTCILEHHBVKIWHKKNEDV
RABABINAAACFGGGCAWNZGAAKSFXGZMAPFVJQSVFTUPFGVIOUUZAENKKCUMEOPVKNRXSKDIHNZCZOAVUZXWELQJXD
PBBOGBBTEZTYYVBGLXISSRJBPKIZGTIGXVCIZDKWDXXFIDLUMNCHUKHBILRZRCXNOGDTZAEKLVMDYJDMZDNFFKQI
PBCABJGPOOOJTQYKDNYMMUSXEQRPMCNILQZBGXLGLTQZVTFEYUAZSLQTDDWHVDCDVDKXZTUWPTOSTDIITYYCLGVI
MADTAAEEEOGLSKIFTODDVOARVQQVZPZYOVTULWCSKSJEJJBWRFDMUXGICOSSJFQPTAEKOJEYILUCFBHCHLKERCUF
WABDEDVGASNJSQNKZOTVCJWITLGELVLMOWOXPTJXPOGDUFVDYAADZWXVTQFEVIWJQWYSWZVCOSBUMFXCHUBLOYKF
SABCEMOWIWEZEUEGXNYGHVBOPDDYCIDUEKSMXEPJNFKZAXJHPZHLSDCPIEADNBKIPHJVMVYJYNHEBZMDLSGZDGDT
UABFDBGIGOXZQWFKTSTHYQXFUXFLWPILXNXQZGRWHJOLRUDQRVBSRCEOZCEMQFWFYJSCDMAYRBMIKGMYTEPNPHFB
HAAEBCLWAAAIHYOVXAEYLUHZVPYBVXFPEFGRRAORIWOKHFXQPBWBNMODSHDRXGGAZRPCTXGWRWXMCIPUPTHVTXOC
LACBAAYADEHAODANLBXHAMXWGJUGHNDIXTNKSUHXSAJUHDKMOXYGFGQLWGQJKKSQTIGVIAZXPUWQWVYLHDBFKFGD
TBBBBCCEGIJLBSMBAUPEQWUGOMBZJZEVTOCBGETJZIMNEPJYMTMJHIGKURMYLJMDKQNLQEQXNMSJEWBKBYRGTIPU
XCABCABCMLZSAOYEJAQMTHVCCXJHFWQYNRXSTNOJMUTVCMNDYBXDERFIRWWOBVTVPPGMUTGJGJLWVGFNETLBTPNT
QAFAADHTVOCNTDWFHKDPKSJCPKFAQQGGKJXULINDAADVAXQHVAXIQJLKHRUBAQZHEINJYLBMODPEZDQECVZQCZQW
YDAKBUFVGGXFDBKGHHUEWZFVDOTJAEVEPMDDAJBUAOFCJEDWGWTZUIJVNSBVPGTIOXJVOETVFQJHNBWJBYCGADUF
ZAABBGJORLRKLGGFIECWHAPWILWDCZREHVNJOHCGXXNIAPHGULTPSGMBXWKLRGRIDHGTMPJJZCWRPQTXAYYTOBVC
OAAABBBIFAANDIFQOTAOYGODSBMVRHPVQBWYFFCRINWNQRAPCOHUGXRGDOWMPUTLFVQIPZVTDLKCCUXKKLCJNEGJ
TBCDGGJKLNDWICMSOUWRWWBAPNWSVBQPDUJRPQDXWSFLFZMQXJMOCDQRSVXZUNPHXPITHLBUJDYRMSMMTPPRHETK
JBDBGBBBFHJKSUYGEXPMNRFEYZXAAKSHUZNLJAEQSORHLWDMWGQCXWJRFEYMWHEBCUFDYZSXNJOXDAFESVLVNWFH
BATVACGHAAAACBGDRAAIWHVDVKQBADFRTYRJYYCJVBARZBFXXCDZGEETULZXOFRZHGQNUHNNJATAVJLBWLJYWTXU
YDAICGKCPGRKMVMWNDOANUUSLBJADKDPLWTABFEVHMICBKRQIFONROSFNHOMJCLDKPKTZTWRDRHNIGFOQNRXOYIO
OBBCCOVGZILGYZKPZAFQHLUVRYRRZLQNERGJCBHQEKFSREUTECIMXIPGMGBSWKKYUOXNARNAXGCZLSFGCHTPPBID
CAAAAAAANJPIMEIATGOZTWWGBYCXIHVLMAIHXXMBAIUYPMPDLYWHVVVEPQYEXZEHBKXGDMOXBLBFKMTXMEFTRNYH
UAAAAAFFEOMKNOFGVVGPTOOSFMBHBBGISVKLDZHRRGBCDGNAGDTUHHLOICPHZCEJHHLSAKMPDVXZLFHWLATKCWBM
PBCABLMEEDVEIAUXIXYXFYHJRAGUYJPNBZTOZCFHYCZDCMOWUZZDTALWNNCWTRYSCSKFTRAXLVBJJGUFWVJVYXAP
AAABBBDDDEEGZCBTRXMJNRSJKIUVSGBOIURSOAQLFJSPLECBUGMKKWYINZRMRDITVUQJSOXMHIRAKDQQJTNBHGNN
GAAKBCDDMHEXJZWHUOPNHTTXPCTUSOSHLYJWNICZJNCTJXEBJFLKZEXCWNDFWPUSDVZLXWTCSBHVAUATAGIXJJFY
BAAAAAACIOVOGYGZOPYANUQWRQKCVEBLPKLHGZGOIZGDKDCJACPSVEAXUEDMCCKFAWZXCTSIJAQULZKYTJFFMTIJ
XCBDDKKCAGDJFIUHBPKJXTWHTWUHNWJGNMAZUXYRZKJIELTWCQLSDMWPFMWQTXMCGSSZKPXURSAKXLVYNMFHHFBL
VAADJABDCREQVXTWBYJMLJDLSCWJYXKBJAFNGJAVVTUHNUBCTVCWMBSVGVEAYYGRARFFESBAGIIPTXFOSMKQTGPF
JBBBKAREHHIEAAJUKBTPKFUOMYWXJJRQXYMBDMUZOGVTBRDTBFZYWVULFLGFVYFERLOBJJMHHRNIKZNBJBGILZQP
GAABBLADHBDRTYCUFELEUMHUGUFPXXEQFSGFFAELCJKLPQWOIIDBMZNLVNORIJYHKIMJMNEXROJAGXDRXVRHGTND
IAALFIIYCEEHERJGFULAWEKSMFKZKOKLPEOCUYPANHKTAQMHKZKYRQATMDXWFTJZKMIYMFCYWHDQXNEOWYMVNFDM
PBBQGBDHKZVNIMCNLQHUBDMEUOPDURYYOMWBBUYOEHBWGBTLCHSFLILSMZKOCNCQHPGBLABBXSWMIJRAOSWMJTIR
EABBBCDDBTPCSECCFDJMFMYCNAVCPGBFUCPHZMVAPRVXALIOOEGTOINCFJUOCIWNUCUJJGGMNIKGKNGSZUFLNKJF
MADNEEHJNVGYBRISYZEFFLDCMHWAXINAWTHUUAKDXCUKRCRZLFQZRXFRZFDHKXRWFHHYJQUIQMMIUEUEKVCPYYTB
KAABBCUVCCQSUFWBGXYHPMOGISDIVRTJGRIRFESIOBZMKQELQTMEZNBCFEQTOIASCFITMIYWBYFDWBVIVKTULJLT
GAAHANBHOXALLJUSQIZKMWEKCPKPIKOCWTLAOUGRDYUXYOFCITEWZQBDNVOAVHPDQJEIMPJXLAEKWOTYDHQLGCYX
NAABDDDPDNAVTEBBXWTGITZMJYMRGWRSABZSUJXEEOCRVZKCYALZPHNRQGDKWLZGQVHGQJVOIOAKNEOFHBPRRYGN
PBBQNUIABBFDUKIEGCKFFANDDRBOTBMZVTFWSOSWUWHEDOCDAFEWXRDPZUFNIARZKTFLNKTVNDIAKJBGVSMZGNKH
XCBHGBBBDDDFORIISMTUBFTYZTWDWEDIMEIZWMJXIUJHSUICYGYXTDMSSZAXCTKAMILSJCTKNCAMKZUODHJZXBLQ
PBBBDJKYYIADEQOWQEMRUUKIHQFUEBIKGCTLYRWLSUJSPWLPXISZVMFFKOJLEAUESWMFBEOYTKJSNVRQUDTKOFNW
HAAEBCLVVRUJHIJPWLDTONMDHKZIJGRTYJOPWPFGHPFFCFXKRILLJQTWUPXBSEXZHMAQCRZNCNTREQQESYQZYJKJ
CBDAADDMIKTEZCJPDDBSPTRKXPFWRTITZUAWXGNEUNAOLKCANDEHBKQGLPPVUXDSKNZRKLLUBDABWFGXAIPQCMOB
WABEBBACQEIJFFJDYKWMRJACVMACJHNFAGBWHRGXEZDJXDAFGPQHMSJWLFXUFCAHJTNXSLSVPYKJBFVHASIDCFML
IAALFIIYADLQGZFFLTVHTAPYFDUAAXQUWMBRCJVBCAAGTCQUDXSRZMOUTVLOCYCZOJLZMTUXJIRJQAWUFYEZDSLA
EADAABMKCDIQRBIJCMPIITQIYTJUZMOCCMCYVHCEKXNVACEWIIMCLRLMBHNNWZCICGUYOLPNCLNEYFZOZRSROWFV
MAAAAADELDDTDFYTIFCXWQYLWLQLCCEOQNWHEVEYVEOMIAOHLJELMERNJYZFKBWRQEABHZRQEPDPZMLSLGLGAVXB
QAADXIOJQQVVBNUVYXEYMPKXWSYRUHVTQJSCNKIEDDBHNXKZVHWXGMZHRKCOJIEKAHZISIYJAGHAMLSXGVORIUBZ
XCBDDKJDJVJMAGUGJJANMJZDVNLEAHPSJSTTHHRSXWDPGBWBRAXRLTBQHSBEWNFFILPWFIAXTEOHOTKIKGIWMMGY
HAABBCADDEEEKGEFMHJCZMWCGXNRNPPYUYRLYRNYQTSHJOWASUAVJMIKTQEGNPVIMELCPEDSSFMWZMLZIEXJPGHU
VAADJAAAABDDJQEMCUCQKVHEHQADBENLEWPPKRZCNQQLYQVIDDKLCKVLKLRVCQMDDTBECPSZMTVWMBOZDGOGIFCB
TBBCAABDDDUDMSDGMLOXRNBWAOLJREBQJKVIHELCAVMDWPVZEXPXSUTYCKNYTSTUXRQNRJQOLJDUYCMXNYXOSNGM
CBDAGEELHZAFGJIDOTMGEFBDIYSJWJQJIZYHSHHREPHDANXEIESTGYWDXRMWJXGXDBTCPBIGUUIPPZVHKTYDIBVP
XCAACEBYHOMODDQIEPBISCWTFNJJLVLJYDGUPAASZJBZGWCMRZDQUNLYTULLWBNSBWWQSOMZJRFHXKGXTHTZRLKN
XBBDFAABBIQBPNRSWTAMRDDZCMIONRSXCSTZBRKCNVTGRVOVLRGFPLSXNZGXVALCJEKMVZRHULDJSQUTXWBBJCBY
ZAABBHAEVCRVGKJCNIZHWIOQPDVWPAWRBZGHYBAULRTSZTQOBEVEKWLUKCNMDDGZSGOBATKBERQBWGIKRMPWVVEK
NACBSBJCRNEVBPXBFMCTMMMNMGJXVPYPQXTNUIWQRVFKGWYMXMQKUEEAEMEZOAPRFNHUXAFFPAVQDXYPXWRBDCNG
TABBBBCAEGLBDXCESXHRXJBFGJGYHJUBPKGACGBVRCSJQPUVVWXGKHTFRVKMVKFWHAFEXXMZKJTVGNPGPQRTUWTW
RABABKEGAZYXJISPUBFDLDSRMTNTHMUQHWBLBBUVHWXMFKISOOREZIFLJXQGKEYXOBRSGNMCBKHANADWZRIYSUGC
DABAIKCGEWGOZDQLOXWRCOGFONKJSLVBXAORSAIAPBZURUPRXVDCNVTSPQJOPJYCHHLRJSOBBJPVRKESCJOOJPDF
MADNEGDKAAHNXRQZGLYTAADAMLWHTWIOWXTPKTUDYMEWHITBOHBXHNZXVAKBOHKEKJGFOLSVASRFGBWVHSATEJXW
RAABBBBBKOCJXWZZSFLZSCGQJXURDUBNSRASJMWLQVUBJZTOQEZBSKUBYJDGWDCIQXTWQCHNEPBYDVWFTJRBGRDU
ACABFBQONZZPTYQGEYIVAPUZVMHFDWEOCYGUJJMQILSYSZZMEDDTQIYQGMMBEUVLSXSKTQJOEIMMLIJCCFUCMKVB
CAAAABBFGHXCXQLXHMKXMYTUWOFAMMXHRHPLLRWZSKGDBNJGMWXNKPGIETFZFSVMYUQNBYAJZIMUNVUKCKYHWDMP
IAALGBHNPBVOGOCKQKKRALYZXZLQOOVUGSLVWLHNLPCKVDMDXMGWYVESNCUJTSHPKIWLDDEQKNRJRJIDRLWOOLJG
GAABBCLLGYIEQLTVAYJZQFHLLEEFZGIGRCMNZTNONTVUYRZORESBVWYFXQOBDMIOIQCYILISHREJSNVLTCIXLCEA
HAEJAAAABDDPIFDIXIUNCBYZDLNYHWQMQKMDBTYLTTAFKBGJXVTNXWUEAWTQIXETZDTLYUYSXGPNVALREZSZOQYU
GAABBBCEIDFXHGSTNDVADIUMCKIQKBZESUZECDBZBAHZSUHYFGGNWUFKRIGQMMZTFLUBDKDDHYWSAUFGOQUPLKOG
UABFDBGIGPAFBJOPTOBLQJGTSCDFDNRNRIULXAWWTYZEWLQUMZGLIWWGPRFTOZBONISYOBEPYTHKCBOQHLJOISIE
SABCCLBCVULOEKYZFQVRDJIZOKGFHHZTEDJSWIXSTBCBOBUKCHETNRVUKWXMNIXPFNGZMEKDAIZZILQAIREEEPMC
SABBDBMDHPWYRCPGRRXONXODPOXGRXANTKAESUSWDSPWOIEBWRYEPBOUCSDRPDDSRUDRLXTTZKMEJFJQNACRWGAA
NAAAILAACEGIKRKRZDPJYKCDXDQBCDNCWPKEENGUPLESGWUXIGSBZVUXKQSYGXEHJQLQVFUJFYQJISMJBFMPNVSS
UABGIBCCTNHEJRZKVGAHKRRFBZMBKOEDKEAOFWWKHJGCNXAOVAKVZNGTXHOFMSJFNBFZIPZZBRYEECOYNMQTYOBR
DABAIJTDSGDUIEIQMYOEPXEHJOMIUZVQYHVQQFGZSHJWOAKXQPXZPIIXFQYEBQQYXTUPACNPMDLCBNVUBIRNNZOT
XBBDEABOCKGLEWWTTWVMBVBAWELOSIKPJIOVUJWXAGNBPCVVRRTUAGHTMTCGHHZYMBWOBCKTVOCOVYZNHUZVTLCU
NAAABCFODNRLBIQTFDCYLFJKJTUQYVRYFQMJXMOHKYHWPQHTXOTNUKQDSUNVLQWQNPYEQUUQDGIETALDDCWFKJYS
MADTAAEEEOGJDRHEFKTPHNHBEZNZHBWZPKAQRFYOHMHGCGDNZDRVZEDDWTNLAAHOKUQRXNIQDEKWHXTAOCWKYMOV
BAUAACICGNTYNCVGXAMJPQLRWIKOBEWSLRKHXDPLXCVYEGWDKMBWIQQNEKPCAQXNPEZPFWBWILDVMWITPJOLIMDI
EABCAPMAGBIHZYRMJUZXJAOZIUUCRRRBCVDOCPLGOVFTEHDTQAPLMWTLDDZIPBMRROZBLUUIXBHHQIMWACQMBDIH
RABABKDBACEEEITLEIRKLYWPBZATIFOVMXRBCPJZHYXFEOVPYOCLRLRGUZKVOXHBBIBWKWKNCCVOETMRIYXRXSGY
PBBBBBBBGGHBNFAPODMGNPFIGCCUQAIYYOGUBPVBFZFNJWDNQCIGFXJHCZHLNEUWAXNJJXAOEIBWAEPIPZLDACOL
EADBRCQQAAVTCLYOKAPNRCIQEPKUMYWBHMUDZUONYNCXBQGZNSCKYMVAPDFEAYMZPNNHYLTIPVPKPTLMVGBMWWZR
VAABBBJHMMWHCOWDUMGETCYVSJRWPHFUXBBHJXMYZMLFFGAMWLRQGLVFSAOAEXBYCFILJHUFXWDOZGSPEZXNSCLY
JACAGIDJJTHNOQKRUDMGKNYUGZGFOVIANEYFIDGQBPBFGNUQSRCKEMZOCTSCLGQBEJIDTFMBORGSKXBEGAUAHSNA
YDAKFCCIYEWFFCJDYEJVDGAXMMZNIYEDHOZPLKUVRWFQINQAXVCODULQWSHZLEPZNCANMCOTJYSQVMDHYAACJZOH
HAFAHBZLXNWWJERUTDIOLEUITMRADMZYVAMXUAZIHSCTAYZYSUQIYEAUTFSPIVTSVLBIBIAONIWPJWLPXEHSPXWM
VABOZCMHFCVQMZGXYXKMJIMTLJMHUJBQVDLTYGXIMOPPANYNCETPYCKEAIRUEAPHQODAUNLFPCVJFGMTUJTXZHUM
RAADEASOKASJILKSBXCVTLRTTVNDZSTQQGFQNBLGSCRNHHPJHZACBNHERRAGPOQCFIDWBQGKDQWCGHTXBPNQBICO
JBDBHCKBJTTCAFFJXANVTQULZNMUNTCXRPAZBTYQYTCBBWPCXSQVSBLXHBCNMEJUZKJPAGIHFXIZHBFFHMSHXDLG
YDAJHABQLLHRAZVZJAWAQQISZTPOSBUMTVDZCFEYWHHSAUIMYBZNSZLRAHHURAFBEVECCGZCHJVVCMZVTIHMVVRQ
IAAAAAAABAPGUQJPJRQRKWUZMREYJSIJVYDNDRVLVAFHQVEPQRLKPOKSPGFEJBZRTWYGMSROLBBUBZHLPFVIJGLT
FBFAFFCRJOAHFZPENLKOPBLOSTBHZSOTHTEXZVKIIBUFIWZJZHMPQBGTPIQOVPKJNNNSGQKATGUXMUFLBTIKXMTO
CBDCCEFFFBUFCSTPDDYOZVTQRFOILAQKRGBGDSTXGWESKILMIVUAAELVQFHMSRAQQLPRVLNRLURQQBVLGNBDXKIP
JBBBKAQCDWGFHRXXIHOADROOJRQZHOILVTITYVJPXMJRRSUFONIRMSKCAMISKWAXLXSTPNBRKRHXIVYRBBQIEIYJ
IACEAMTVPPZHDAWOVLLOULRDYKFEGLWAJUNJULRORHFNDKAAQBBMVDEIBSSZZSQWVOUXMUBRSWNZDHUTCVZBZAOK
WACAAABOCKEOVRRFSOQRXULCFFIKXQEGLDMHSZUHHCNTQELZUQMDZYJQUVGJPWRITWISNGVEFIFKHUTFYZRVOIBH
WACFAAAJBYBCDOJSWOCAJUMOGNLPZWZYWRFTDBYTZQCNZWVAVFBZUFRWBSLNCCWLCRZLJFOHQBVVMYCHDSEHSKFA
JBDBBMKSWBCEHVAYETRWYZLYTRCHXOWDUUZBDPKTVUPTBKALWBOLYSXJGPORPPXSCFEFXBRPERTOYIEMOXDMKJWC
TAAAAAAAADGRDVMAKALEYCGHWSHRLOHJFMBQIPVPOWVENPYNIJBEZMTZTQFGOROHVIDJJLQYLVHQVDFJIBQEPOAW
ZABCFLTTUQVDIEGGOFCUOSQKCZHMZBMCVLEZSLKHGPQEYXEFFUIZNXXPQWXDQQAFGQKVUFCBLEWDIUCIKWQOVDCV
XBBCEBDHLRRLVFOXWCVHIACMERDEUIVFIGYRZOOUKEEJPDTPLDMJUKKSLJLDQJOFWNCQNEJASSNOETGRHBGKLLQL
YDAKFFBEBIKOFWIOUMFUAPIHPRVPUBRQUFDNOFQZLNODVBQKTVEPIECYNNEDWRMMGABEQOWKEZCRKAISYMQHWKDK
PBBPBASDIQRBVOUGYDZAIDRFDMFCYPCWWGONPLQANDKARXHKPMIIKTIQFQEQPCUUSHSCNROPHQTOGBUAGLFMIYVH
YDAKAAFTLMUDJKGJAIXEZPATQDOKWTJSXYADPSILZCOOYLFVUMNNCWGPODKBGQYPVRMMSVGUALBUCJAYWRRLEFKF
PBCEEKHCRRGBZSHTGPFPZPCUZGZFCIRAITMRTYTJSJIDPTDZYFJXNSZJMXZEJSXQWHRTXJEQVMPTYCIGFNRBYYFB
XCBHECCCFQQMGJRDYXTLWKPKZLMDBVGXVMVCXHQUEKNKXYUPTNWRAIKZLJRXPLZFNHEGBAFSOVHIJJZPIDAYWNVD
XCAACDVDKJFQBAQXWBIYFVKXKIIEXRQUJRBBGTNRBLLTEGYYZSEXABFZNDEWMRYPXNOVVUGPWUBTJFIPDUYVZIUO
EACFCWFTYBIETPABCKBADDXGAKAMAFHYYNOSSTTPUDRKWYCWCIZKEYCPOHDHFCJFGVYEYGDAZCZXGWKZKDNPXWCA
HAEIBBCMACIEVSVKTIRXOEEJOLLRRKKFPKIFOTONWMCFWKERNVTJRTAPTHVSCRCOHVCPKDGIOBCAACWCFTLDBJOO
LAAIAABKDZSYPAIDNIVDCYUGDHYUWMOYFIIJUWVBOBDLPXJRMSNGIPHJSOKZZSRNWYGXDRNFQAALAYXAPMENBJVF
VAADIMWBBDNQSADLZRVEQHFSWIXUZSWKRABEWFXEMTCSRTUHWQLLZUELXKNOGWIRXDQDRJWNNGMTUWJIDGVSUQMY
WACFAAAJBXHHORMOGLOKIMEAISTOROPLIMWUASTYDCVFYPHQEAQZMQQVUWTZXJKQIPHPNKXLBUDDRPDJIYATBRJZ
TABBBNRMFCKDBUFLMAHNSNVUCSEHIGZPSSGWNRBXMKKELAYYJQJVBUBLAUPNAOLLCEZTJHEEBJURJKBCSFNDYBQA
VABOZBDUAFBXRZTQHTOAQEYGUXXDCCBPMHBEZCBZQUDMIOLRAKLJJROTCVERBIWYKGPPYXYCCXLTLTNINPBTPRBK
TAAABGDCCFFJIQKWQTKQRLSULIRSSYRYJDKREUGWMNFFHMOFEPMBWTJSFIRXKDHFSSMJJIBCMSEWZXQHYKGOZPFZ
RAADEAEKVDDELXMIJKCMRKITDKJYTWQJNRYHQYSEEQYEREEUQXUOCOCCTVZUSYYSCFSQGJRJRYDVVOESTSAIBJZE
LABBBDBEEFCACIVZARBKTXPARMHOOHBIDXGDMECKHGTXOIAOPRAFCYYAEIKLTYPDGIKRBNSGLQGWLSYNKPPPIDOF
GAAAABBCCGGHTVCPWVWSMLXJPXWPIXYXUCBHDGZFBGZOTQXJHTLNWIARSITQRBSOUZGTRMBJVBYALHTKCDXKJVKB
IAAKAAAEEFKRJIXVTICSNTQSZIIFFGUQVWNQPAEGBBIYJGRERUYKEHOVREFZDOWUSFRQDAVEYXSGWWMPLASJZMAW
HAACAAAACWSFGCGEIUGMMEICZXDSCZYMJPMFQBRCLHKIPTAUJMTQVFUWMSHDOLSMXZOBMGZXEDZWUNLIAFOSQIDV
LABBBCEHJBOTPLKVBQKCXCMFETWVKZHOUHGSHDVZVRUBGUFQFCTOQNVBFVHEMNRWFLLBMGSPFFJKPVDMGOVJYBTI
NACBBACEKACANZCVZALQBRKZEPPVNHXREIOAGFTWLPNFNXSHGBLVNBQUOEFRZJSUERMJVYTFJSFXWWEFPGGUIVWI
XCBGCGPRRKSMDJFTWOEMWKPWTOHXASWPMMXNIYIAAABMVPYJKIWUFKUQZNOCBJHFSUSLTIMHHYVHJKEIWEEKEBNS
MADLMTASITFZLNKQVOHLEYZCVBCJBOHTSJXAAAUHFEHYKZXPZEVSQCQTTCHEWDKTPPJKPTKJMBAVGQROPMAVHHPB
HABBDBFFGSHIPICIMKIIGMGUQFIMMODCFVEJIYNVSJFNONEEBKPYPFVIIAFAWNNLKSYSQNMTMOHFKVMKJSLKBIHG
XCABBLCACDDDDMRQXYJVNDLNGJQHOLNRZYGRWEYCASOCDAKLRTRGHSJTQETQBDHDFFPIEFVFJDVZGVYDRULCUETD
KAAAAEORPPEPUIMGLTHXHQVOUFVYCRNQOJTIKUKJDXITLWLZVCPINCSZJFYZAFKZPDVQONGVQPBLMGCMWCCIFBLJ
FAAAAAEACCCCCCLOGAQMNJOTCOQZIEHFFGTZQLSYHUOPCQNRYUQHLNXYSYEJKPMJMZLFPXNACNJOQXWRLBPAIWAH
MADRINQPLRZJHSBWFBTFDJGZDPHKSYIKBQKDDOYHLIKDHYCUBBCFJUZOEFUGIVZRBROPZUCWVNAHRSWOLMCUECZK
LACCACACCCDDELGQTROVCYUMMOOWRLDCAWVGKXMSOLDUNTANVZESQNOGUTJGCDOOTOJXJIQXXIOYIDMRXLGQEIHH
OAABBCEBXGWHIHFIHHSRRFNPFOFZODSAAOOFCPNXSYGMVXZWCSMYZOPKABQHNGHLVNWKAUPUHCRHITTZLATMWVAI
DABAIKAABBDDPPUJEDDIRSVLBWEGYDGBLOMDCMERKNMCFFVRNYMJXMCHPZHNDTGHAISCTRUJSYZPGSQSVWZSSUDE
LACCABKKKYFNACGSGKOKDQJNLNHPHOQDFZMUQOMUWPWXGVXKHHFIAHVRLHULIPPSMBBUQBMEXVHVOWYPAEXKNSVH
DABAIKDAFGPNHICBQNMYZPPGFWLEGMDPRNMLAFBLTPZAZQIMXXGQGTBYVGKWBVTGXRFZGYWRVNEUXZTFUVEVOJYN
HABBDCACBKGUTQQUKHZGQMGEBUDIDJGIJLLWFJXTPGLZSVLCIZIEPZYGLTPZCZLYPLBTUMLZDYZOZBSLGJADQIKE
PBCEELFGPVSDZZTCBOATFCDQSFTTDQZAJSDXLULPVPOGORPHLAEEGHYQLHATCKWAMFEBCFNDNTIIUHJRVKNIZPMI
DABBBBBBDLQIVPBUBIUEWXWEAPQWUZWAFWCTYEGNTDUEPKGPLAYMLFUZZJGPWHBMUEYMEKPRRUYESKWJDQCTWTJU
JBBCAHAFMHBCTWNABEYTUUMGGHKRZFJZRWIBIZNRTFLXPQUUHMEAXQUVKIYWTCHUJGKTXCWMXFANTGVXLPZAXEGQ
TBBBDFAALUZLHNGPUOUNQLXXSHHGBDKZGASHQKIJQZYLQINNYYMYSDYAIQTCRPLGLNNICUWNOFDGCACNBTBEEMRB
UABGIACGBADCQMXKFSQOKDBEKMABETCGCJXWAUHJDVLPOBMNHATZQAJHARDCDNEWROOFNZXHWRNUZQLLSJQFJUYB
XCABBDGCAGKMMURNDAVHAXIYFKLTTAJGJGQMISWMSJQIXCCYJJFGBHEDIXRYYVKDNUCSFPSLHDDPOIBYVZOHXKJS
BABJUJCPDASAJRTQZKQIEUTDKSMSDRSWTDYTUWYLOAJZTOKAQZIIWMASCKRGVGDEKJOMDDBPYBLXBOALUYLRYVZI
YDAIDKFPWUSOHIWDSIITYRUPLNEGUNCCFVNPWBBABLFVHQMKMVXZACVNWBUIZRHNFOMXRXWJNXKTDKJFQIJNQJJF
CBDCCEFHACDLCCOPRTRLXCXAJOWKJWKBOKVHJGXNHEMFUBSWUOMZUTZTPZZAOJUXHYZUAMJRUDKYJEOQPOVGMLUL
UABFCETJEZUEFFVKAURDGONFIMEMRXFYVHPEHACSJMJASZDVTNTDIBQXMMBOSFHHWQXTVMJPWORNSZMMXJLAVMWN
XACAAAAAFDZQOQLWBEDYOVLBKIVWMXAEZMABKKWGJTBDRQGZWXSLUCIGTCHRDDIFCXTDOJWAJOLDUPTQJUEMUNKH
FAAAAAEACDFJJKODAFHXTZQSDSULPWDTYOMEFWBBQSLQCQXTVILXCWQMMHGIHKBOPFKDNBZHPWGJLEKJESJBDXHN
MADOKVBAPMXTWUVRMFSKIOJXLFPDLEWGTWDHMIIHHRJYMJCVFBFCIKAQQDVBJZAVWIQTDNZWUPCHXWEODHZUIGWL
MADADEECEIUNLWJXPIXXANWBIMQFWDNVMRDMPXYNNMYKZLGFQOZVSHDFEBUDNBSCBXNBDPMIHDMQXIZJLLIENIWY
KBBBBBBBCECMBZZMKCPECOMWEGOXFCXTJALZTBHHVEJALPWMKKGCCKOYEKICDHSHUUPTUIYLCBDIDRMKGBSNXAPZ
QAEABIQWLBTPMYPGBKSBDVZBCSXQBDMJPKVHAEEMSPOQFGSJJUNSLOIIKTRPNIVUHQUHXZYFAPMHPIDZJYJULTTA
OAABBCECDNVAKEULGKFGAHTEXBIGSDGMSIFAKBXJNVQBFBBRBWCXUGUOMYPXVSRTVBDWZCCKTXXJLVIUUJFFWPXK
YCABEACCCFPXRHXYMHFSPLNPWXFWSORPFDQCQXUKAKAYLCUOGMSIVHFACRIUHSITNTZSYEEBQPZHUOEIFBIJSMCI
LABFFJLEAROHIJMUKIJVRNVBOGJHUOWYENEHOHKZBGJUVHTNMGMRIBXIYZZBKTPVOONIKXOGEDGLENUJLRWVDUAM
HABBCDAENBUGRQFIDPFGQTJLVERJZGNCZVISJYYBGKYTVNVYMLPMOAGVQZGBZWIHHOUSWYZIPVXPDYUYUHIJQVCL
VABPGJJSQAFOGFLOURZKYDWIXVDYFRGDNIFEEMEMILSFDBWKSMXDOFNRRXNKACLDAUVLDPQGKJBFJJRHPBODDRYI
DABBBBBBGAIKBVAWWHHRHEKWXZTWOVFODVZKTNNDYPNUFWGLPRDKMWTQLOXYJJDYYCUHAICOPTUXYVITGXOHKWHZ
WAAAAAAAABCFFIRIZZKXKIHZQJOREAGNNZIGZSNVUZMGKZXMTIHQIAIOKYHXSNBSAFFBDFBEBLHLKHIHLCVFVMEK
FACJABCDQAAACFXROEOXREBNUIGHHODYDWVMOOEDELRMNLVKGXNPYJQPSGTUBCFZMSDNFUQCVALVRLRBTRGHQTMB
JBDBGBBBCDIGJQDIPCQBMZTSYSGSMWGSOBDDXOGGKJSXQQVUPIBCIOEDXZWZVDQGAIHQHGGOQNKZQPLSPMTWELIY
CBBCFCSWLNNLFGCAZHEDDRVOFTYXWLHCJQLNENLAOOXRFHWZFRWGSOXPFARJXWJPAFYNVVWOQGIEDBDWRCOWIHTX
BATUEXEJLFZOUBERLCIXEBIAPQKOBHEMKLOIXLJERAZLPEJAGYUSFZTJALXOMOCJDGULOLIBSGIXSGNCPADCBCHE
ZABBBBBAHRVPPPKKTZIUIYEKBMBOHMHPNMLDJSGHEVBMCLLFAMMXUHDQKRXGBSEPJPTTXSYAZMTEQQBZAFXVGUKS
IAAJKAAWKTJJUXSPHUNTKXUYOFOYNXFIDTJMXSPZTCOGRQYCZKJJYAGWLMBAOSDLKBCSKQWGIKMAZGWSCLAHFZXW
QAACBDECMMPCGXRUXHPQKNAXJTGFCEYYUMQRBYHBLZLOOYSVNCNJOIYUPEGIQUNRXXKWUSKUCKWVKXEEOKGZLGHU
SABBBEEGHNHQRDYDUMOFALEELBHBQLNEAHHUGUVWKMTKZHBYEYLMFNAETHFHYOWKQGHUQXVSHTMJYRAQTJVQTSAU
YDAIBCDALIIHIQNQUMFZCVGUONMLUFRQTFKEUZSOMXAXOTUJYZMPRLQPEBGSCWJNTHJYMALJTGQHTJWILPXBCTCL
CBDAAAANMERSJVBALPSPVWMHQHPCNUFVUHGHCQNBDIJOGARLRBZXLBQABCPPZCKMYUWYNCJUOYCMVDJTCEKTTARG
YDAJGLNBFCUGICZVPETDKEQCAUIYWUXXXNMVVOMWTDCSVFGFCBCMMXNIYTKBIDVOONWORYUUVUGJRXTQBOKCYNWE
HAABBCACDHKLDISSCTUHEWQWFAQLOTFGWVHNPIYTIZMBCUPXEBEOGMCDTASFWEESLJILNPIKIABDYLIVBMHQKVYR
EABBBCDDBGLUBUGLWGDAKCOKNOROKEREYOYBJNOQUQABBPIZLVWBAYSKGYXPUSJJBNRJSOGYPGYJHPLRABVVBVWL
VABOZBDSCADDDBIRJMMKSXJSVDZGYZZSLTROCJOANXPNOFHFIRMAKXGVLJKJEIEZRMQLTWLPNMJSRFDMMKTKRRSM
YDAKFCCIYEWBINTEJYCFOAMBPKAKZCJKTKNWIUYWYKDJEUULXIXKGAEUWOTJXTQNKIAHNPDVBYGAVYDECZCXQRNK
YDAKBUFVGGAPCPFZHLBICIIHOZELKZJQEHOJWLUHUKEKQBBOBOHGLMEACRWXJDQEXXZXNUFKTDXXTFOKPGBBGMHK
MACBDBDJLOZQSEUCMYRBPNIVRIIDRJEXKMESYIXMTMDKWSCNMJVIWNASYSWKWSVKJZFCHXXUOFEKPTFEUDAVVIFV
HAEJAELQIRZBBGDWIAXVPYEAVUPFSQWFFUDOBWVTSSVSTQXKKFDSDQRMTKEHINBUSYTBYALPILKTWYRZKFSGEFNH
LABBCFAZUMIYFEQXYHTWOVQDSJPXSUOKOXFNCEGXDAJYRCMZNIUEFZIRXSDKNOYBAQUKBDLQHTPNLWHGSZMQXKHZ
EACIBBSJDZXBTRNBYABQYLEONOTEKQATMBWPJSAZULBBBLGNZMFVWYPAXBMAHAENXGFGDMFDJZFPUCFOBJNIUNPU
OAAAAADDFFDBJTHYQVASHEVYWEWPFVBPUNVONDPWNJFLRHNCVNYMVCOMTKVTCNGPCSMQEYLEOTVMYHMICPCCOSZR
VAABECKKHOQEEYWIUHQFCNOMHQUDKMHMEEQXBITJXPSWHWFUJRSDSEYJSZPTRVFBEQAZZJKDIHARQBVSJYSTVTON
EAAAAAFCYVILPXUBEFHUYQKQGUIRWJMDFPQYKPIDLNICEPBUXZRXLWBQVLXOEBAPWTHJNTJMVJMGCTEIUCMQYWMX
KAABBDAAHGMZQUSRVETCSPZJETWCRKGODCVBHYNLYLKINXGBFBFKCJJJSLQMDLPDNMHYMLNEYVHBCIZLQBPSHSVR
DAAFHIGDCTBZMNHEMIRJCNJSWNJLMVUVHBIUPXXRHFXNAGNMRMXDNZPAAYEGIWICNNPGMWGPBCGQVGXTQGAMCYLQ
DABAIKCGHZMGQDKKZQNTEFOSQAUJZAWCAOBYLEZLTNXKHDGLDXWYCCPHLOAUBORQCYEFQMURVQGNNTFDTPNZOUOZ
IABBBBJGRDINWVFEJGGVPIORNEFIATMTKKGOIXVNOPGZFSFVIVCDBNNYWDQOBKQQGRUNXNWPISUAATFGXVGVMGFW
FBEHCEBGOCVNBRQRPBYIKLEGKLLXVQMSNZJMYPGCWWZNNJOYUJYNORMZAJGXOJBYOHUJRDUEHNVSKHUIVNVXYOGA
NBBBBDDFILIVQIZDONWDNAEVQWMUUMXJRBXEKXWTBFEZDNHKNUULLLYXKGPIUMAMFOUOUZYATISRRUWTDXGMSGZM
LAAHLAABBCGHFQAWOVKWXGCCFQHTNLSSYLTVYDYCRIQUTXSSFJUMTNHZKMSMRJVCVPIZIPLKXTUAPZGVVGAVHRJN
MADLMVCEKBCDGXPCUDFGUQXFNNDVCSVFFUXQBZGHLQRITQKGARMNTECPNPNXUKXBKIGCTUOVYKOOUQOLBIUPKBYV
CBDAHBBCDLFMBGMYNVFNPTTWAYGNTGHPZAMYUCMTHKRZNEJQJRPVFHVGXLGWVEMFXMFUKFLNXXFAZINCFSAGCTIZ
BAAAKBGRMAABHMNJGMDATDEENXNFZGCLWZNRILKMLUYETUVKWZAYRLEBDELWIDEAUSQGCVLAFMSGEGAEXBUZOKHG
WAAATPWIHHPASKHXJGVYMSCQZXEFXDOQKYOKNVGIPMUVQLDXDHRKGSQBNZELKFWMKLJAOUAEUQZTXTKOAOSJNZAA
XBBCCCEBQUOGDWNJVCIGHZBKDQKNEMSJEFRNVKCRFORBXBKQSLRXZNDLLRVXJJSXJSHNHQGOKOMBTQXTVNKMDAMD
JBBCAGDLKFMPIALVCDPLSJSPZMALRCNOUIJPZKCFIQPKALVGSPKDUIKJZXDENNWVPVHJVVYMENIMJGGQOFZQSROH
NAAAILEAEXJNJBSDXTCBNXVDMIEUOLQSOTIDAPHSRGMRBRBKQELHMQBSITXLDWGGYWJGBLJRWIUYYWSMLUGMBEZN
HAEIABKCZKQQQJECCVUZOMQJBLSWONXUMJUJSNVTBQFGTXWFJKAJNMAFLLSRRMVLNCQWXALAPMWJTLIUVYQQSELM
QAABDAHIMDNCRKHJBQTJSGCKDRUFEMSTNLZFKRHBNYLMMKUYCFZFDBHVERAVJBPJKAUMGIKOAOJHNSCZGVGNMEVP
QAABDBBBGGMJMXVCORSOTURUSNEKOSLKJUHVGVRPZGBIQAEIAGNDUJMCVRWFRZFMISUPKWVGHDDIXUEPJYPENPRC
KACFJUHBGPMCXPZLBTZRVQKTSHRWJJCVCACIZHWRTHYONIFUEWTIRTNTEQJREXZIRXNERKEVKHZANYLHIRTXMJCV
NAABDDDIXITFENTBQQATQMFSXQFWKDDHTYXAJPGQDANXYJTWUCMODPKBMOTKBTFNQDPHAVRYKCLBJUPBWJBCUXBT
OCAAAACDFQTVQWNMGEVYTFIWUYBKMRMFNJASUBKWBOLZFSFAYRPQEHAVZMNCBYYTRIQFKLUWWOKMWTUZHFRZXWXA
YDAKCABBKIGUXYPFMBAXIRBDWLBXCXXLIOQFWNTNCURVPZRKTLDFCUMUCPVGURBAIIJDYASWUWRFXDHNUEADYOMK
WAAAXIIEHQZACKNERVJWZDWLHQZVZGWXTOFFJCJUUECDANKCVMCUPKWJXSVYTALIKKQDSXGCZADSZOGIMFBEUOZM
ACABBBBBBCCCQKVEUTDRWMIYKTTBUFFLQXENDRNDLWLDKMAOXLUWNWTVBPXWGKIILZQWKPXUCIJAQFPLTUTFOTTX
MACAHBBRVXABDDVKAJNZBIVMSULQGTOYBHARWMTBIHVNHFTDQBBIJBCSOWSEHVPCQAARLKQOPNFGFCBQEJGDDEJE
EACFCCGQZAEWMSZYMSJTSTOYRSLPPOZGKAXJXQAKMZYXHSEPJYJLLUXLGGVHVZUDCIKGBUWGWOBWQTUBQMZMDXNN
JBDBCDQCSEFGGJZYVGLPPJCDHMYOJVRJDDYZYYDNRDWTLZICGNFJZNLLICIACXKRSWJVUYHSSRHAPACUVARLCIXE
RAAREOXBEFFIIPHLGUPONOZCZGABHRXBUJPLCUTYXYMIYEKGVSFUOMNQEMPAJMSYUSRHHBNDMAWDFUBJERWUMAWP
DABBEDPLMIOPXJUIDYHMJQPLLHJJOGDIGRSNFZWDHEUCPYFBDZDTBJOCDKXMARNWRPCMECEGULHCACGSQQXISNNV
SABBDBPGPIMENXDMCPUFXYTHXPXCXTKGVPHAHFOTGEPQRYKZOEPIMOKVFRVOAQHXPWXAWKQINGFYXXVKNNULYKFN
YDAKCDDUBVIMGXQRRVNDMXRDXCLFDONVASQRUQSUMHHGJIBIWLYSWIZEMAAFJTOKMKCKLZZFDKSEIXQFVVVIZMNA
CBDCCDEBLEXFRGABZAWONGXBIKDSXIBVQBHOUOZPVGGOIFESKWBIYIEDNAGDNARCYHVBJBQPNXZEAAFUCHPEIVDT
SAEAAAFEJSFOQQJGYHPDKMPHXNIHIRYFLXHFBTQWJSUQCFLJVWAHZLMROWBOTNAHPDDTPWMFSHMPAWPFGZZKTKBB
JAABBEAPBEEFEKJIXHIODOPROKSJZDQYRJBTLNNHJZOSTFUMSEUNTTIZTGQRQRVVRZCRCRPXAVKDRPLRSMBUTHRW
RAAAAGLHAFRVTJDPKFQCTGMQASBLGUSJHDFNYDSSQNXGRYLUYBINDQEPDGIAHVMQYIIAJYBZGHDZECBHOJIQIARW
WACEISVOJSKPTRHLADEYGIGAXIXZVPWCAZTIAGOVBELJDGNZOJBFKUPYUXUAAZSCIJDFDVPYEXQIRWBYROZNLKFJ
YCAACDDEEEDBXZMQRIWDCRLKVPMSJUATPNEXVKXWMCGYXWRVGEHUQHYPQVUHMRMYWSZGVXBFFWDTFCYQKRZQYJKM
TBBBDFBDADDEEPYIZHSMPWVSEXVOAOQJYRPHJTWPSZQJUERIEJLPQZIRUCWIXXZODEUQCOEAABFBJKJDZGVYESWY
EACFGJPEGJHAZPKXCQEMOPQEODMDQKJFZKPQEZWBLQNSKXNMYLUSYDDQOIFIGAAKOMGJYSAQDITGEHULYJYXDQBV
TAAAAAAABBBCDKUOLBPRTEUQJDSXFFWOTOLDINDPYENQNGXYUCONYNOTLQBQXGBNZOSWBMYNQAHMPIIHNOJTLWLC
HAAFDEAHMVYLHOBIFEAQOGFWLIDNFMVRTYUBXKZXVOVUSCASMSNTGJXKNNXKPNCMLSICNXBXVSEXOFSVHMSSPZZJ
CBDAEFJBUJLQCFLPPBOXEKPRUKDURFKGWOUDLUKHRIKLQXCCQSRTIDLNFNDMVPNXOQPCMWOYHLWPGJUGIHTGZLAL
RAADBDGUTGPPIPRKWZRZOTQYLXJQGVFRELRFQERDNUFILVSARQJHZLMBXHDVIVOKXRHQLWVGGZCYLQEQSOODTACP
UAFCAADAAKYNTIIRBSENYIGFYDHEMOKSHYJWCDEPGMPATJVBBMSOQDDFPIYYGMUQOUPOGPZLUGBRKBIZNPCRVJRR
OCAEAACDFEOKRHAFACITNKXHVSCLDQGPQHLZYSNABMPWCJCASKKHRKIOHEFCBPMMOWYEIWIKLYOPQKZOVCZQFCQD
FACGLKBUSWKHEKIKWMZTJAHJUPVCCVDHIEOTMJYGPMQCZTKSIWVTZDOJVXDXJWZHQJLKEZDQKLGNGHICLHEFPYIG
FAAAAAEBCCEHCJGQHNERQLFHTYTOTRHMRDLJAFMCDJSRWZWEPTKJNMRIQCNWPWUKNNJBXFJFNWRPXJKHIBZEQASW
XCBHBDJYDOGVNBTSVEBUUZRYUWGVZXZMBXADITLLQTHYJRCMKFNPBMWMMHPZKYMGGBKDUIOVXIHDFAFECRZNNMQC
HAAJEGUKOKDTVLIMTOEUYLWNHYWPWZEYOZBJIITLXDOZRIBKAUSVKGRMUIHYWRNHIUARZMBQRJLLHGYCTLLOBSKF
NAAABCFOFBHGMXGEYXXILQHLORGUKQZOKNWZFVKHTEAFFLORUIPLIQXHETRZYQPIKEEYLGZYSUGBPTOGFNUQLNTO
JACAEIKTLADPKEWSCADSKQAADFBKDMQTOEDFPYXCXHJCJDREGJTPMZQKQCXGTJIAPDVWAUWBVKYXHXYZCSPQDMXO
SAACKMNXVMKVZRHBNOPJYFDTZYMCTAGUIIIOBYAXSMARHBLXVTGMPMXGIPWZLYKWNIZZLACPTSGNFAGTYVLNMMAL
VABNHBELNRHNTCIUTUKMHQWIEMSVADHDOMCSSDMJMWVTVTKGWZFUKRUEXCZHSFNARXFICOMTQJMHEDXCHJUELJCJ
VABOAADAKIUHYRVUZPZXIHRZRGQCGOAKUGHFZFYJVLEJWTZDOCFHTSJZEEVMCAVKAQAQTPRBIHHCOHTHBQLKSEHA
MADOKURDEGKFOEVFQRMWDUAJGHUHIBNQUAMQWNQUQFSDQVJYDZAGRKJWUFINUNEPDAANVKEGZOBUOVIXQTMLPDAB
PBCBAOCKNYUHCELJQUSBGMTIRYAPBDBEWIQDVXQYCAYBTRABSLEOOENRJJRYGDYAHRNOGORDFRZIYYVZNPHGBEIL
LABCADNEDZJAZKDYDJZUQSYAAXNQSMGKXJOOVSGYJQMIZNTQPLDEOIQHIIXRQOPNOVPVOYRDASOEVFJBXKFKBTUT
IACFIGABCDBDFISHEAJJEFMBOYRYQGPJYBBOEGRWPQOKWNTHHYGGVNEBZRIREJDFZMZRHYIZWTIIGYNDPIZHFUAQ
HAAJEAELXFLYIHEKCRCIVCGKHGOMQLAFLCWXFPTEQDRNNLYQHMGJYVGTFJCSWLGFLRDZSYSUMETKRIBFREWWKOLH
HAAFEBCEMBZWAAJEOYBLTQSQTIZVMWMUPBCKFOVEEINLUNNWWHENEDNCTISONEQZHVHNADLQNASPJFMKSADVMLWF
VAABEEKBCIVUXSHBSBELWFVEWZTADGLJBJZJMBIGRXYIZKPZMLLCOVSGDJRTJJVADMUNKIQUZRQOSWCDULPVJXWS
SABBDCCADNNWWTYBPEDHYRXVPEBMNXXANMKPJOJCSMRNTVRATCEILRXWPBPSIAMVPTDLTTUNEAAHTDZJVAHBOGTP
DABAIKDACCRUJUIZBZETPAYGIZUSEAGNQQLFTIXQHRMMSNKTTXHERAFRRWBFMXUXXTOJCBEPVKNXMKRJBEHNQTHL
ZAABBGKDDJIYRSPRYQYMZFNFTIUOQDSCJGSDQCFWLBPGIBSFSTYDVHTFKZJMUQVJXWCEYXAMSTCXOITFIIDONTYM
JBDABDEKOQLZJVOTOWQCDUXFLPJZQHKRWHXXPYBHKEJPQAAGNXHVMIBFPJICBVRWLUGTDPCPYSBEHIXCVZEJMHSW
VAABBBIACOVYGMTRWFGLRTFVETYTFSYRANZGLJEXSILWIMIHHURGHZMMSXGBPYNMKHAMUVMBMTXJWUKOWABKEAMC
QAAAABCBWTEBBMHEXIITRLNEDVNXBCMTYDFYYGEGEBAFUOGECJYKEYEEUTPWUXQXPOZPHBPDAUFWPGUOUQMSKJTB
ZAAAABEAGHTBXHISSBVFCPYOZKFNBZPTHHOVEYSATWXGMHCEGBBJWQIPUTYTDKGBHHFUPHGOTEVWXWHMYMOHEZLC
MADNEGDJZTFHBDJYHIYPRYWHZOXHMBBWOLNNXFTIGPNSRAZZCZEYAUPXLFHNSNWCATJFIGNWZRDPEUFXSJUMCWZW
XAKCSNPNTJRWBWZPNNAMGIKOPMGYFVKHZJTQQFFLMYOXKBPDSKAZOXELNDPRVQEZZSDONAXGAQYNXVQKKHGTCRBK
XAAAAAAALHIPPYCNZMKDLALMPQORXMEXDNASCCSCQLYFTNIWCLTPVHZYOIJZELOPXGEIRXUPVPABKGWOOKQWKXKF
QAFCCGAABKCOJWOUHLPEZDIYAZAEXUBMXOYBTJIDAGEXKBEDAHGCWPGMPIBRRTDLMUUMTMTOVCYMDBXJLSDHUUEE
YABHNDFAANQJMFFSRRBARISNITMDLQCPDNHUMGTVJKEVGJEQBDXETACRCHCOUJUGKCIGYEJOLJWAJCITWOEUZQLN
OAAABBBIFAAIQJQSDMSPHKAPSWKKKGHKDCVRHQUHGWKXOCPXUAFXCWJZLFFQXXMQOIZDSKWDLJMUYANUIZCYYXLA
UAFCADDGCURFWVOJTHDBASIWDSVFEEAUXGJSPEIVLSHYHMQGOCVVLXUPDLGVOLOZELEOUGQMLNZTBSTFGVLVQXTO
CBDAGEELHTLKAZMXROTUWCIXTJYXQYOLRTFPOCXLJOGBGHDNISKQMKMUSQCBQMUUPRVSYPTIMAWGKTBAGQBJHXQR
RABBCAESRUTPHIMZQQLJSIROINFAKQDKVZECBYMWMMFAACAFQAHLFMXSWUMZIILRZDUWFWGIUHWHVKQXMALMILNW
PBCADDOSAQJAQWLOLVVQXDAZOUJNTYIIFGMVZYSPELDEWOYZIRQUKIWJKJAWUCMOIRUUNEEVAXKCFHNPHWMEVLQV
GAABBMEPYLDHTLSHKBPMCZWMSFKYREMBSBIHRIYFMGKOISFJAZCDRMTDYKPJAKYHQNQIFAFBECCIHAVRSFHXURLK
EAADAAAAADDJSSBDRNQVAGVBNZAWLOGESIJFSZQIOREUSKKEGTFBURTQQAUVXEDQJXLOGHFHNJXWBZXAFZLKFRXV
UABGHYBZUSBJRSAMWFCBGSZCRZZSVQVKALSZPQFEYCRIGMPCKLBOSUTDRIJHRZPYKMPEYTUYBWKJFSVSQOXVKEWO
UABGITAGDWAZGXVJEJJOEIBQXYEMGQBBOCBOZOWQMVWHOCEUBCYCHYLGHJYAJLSMLOOSDVDDOAPSXWDXVJSTUAWX
WABEBDAJKKEYJSNQWWQHWLOPRRCZPTYFXNEBTYGNXQOGMTBKEGEDCXEINXBKBTEQNQJIQYPVHYFRAAPSPIHBHDFJ
LACAAAAAAJJHGRYKCGNPHZUNKRSJINQKSLFKHNASOPYIGCGNBRDTRDEAMOGZAFBTAOXOEDYRHGOZSVAXOHTCENWW
RABBVTCCCCCLMFMJYKDNJGPHICNGEATQFJAPYPNVZLLCRUQEDWWGNXRMFJRMRMNWMQESCXQHEVEDFBCWMIXIZGSE
YDAKAAFTLMTHXCVXWZCLLBJOYPSMTYGBVMUWOADOBPIBJVKQDONZTSCAGKTUQWYCBGNBNAFNWAHRKXBOZKEFWELV
CBDAAGGQRSCGHLGFSJHKINFCDHSMZCOJERROWQKMUCYFUWQERAHIVTIZIAXMWWYXZMSIMWQBCZDNYYKMFAMDETOL
SAEBBCPOALUZPVHGQVAHEJGTYPXKOTPOWBXOLAFXJKEAHZPWZHQWCLRLJULMKEOSRYFYRAXXCKBPIACIKABSPJGY
ZABCAAEJDBOGWYOVCNTSOYCFMYQYJWLNRFREBUTHOQHDRZAOYIREGCGSJVRVYQAYDZIPTZLLUKZYZLQILYXHGAMD
EADBRCLTGXPGSFSXFVFXRPCRHKUTVNPXSZBEQCIUQBPCLCFYETYVPXHPJJFXXAMBEEWXKNAVISMVMOOPSTPZXNVL
ZAAAAAABCDDEJLLDISGWOYPZDPMGPBLRZFBONQHCMDJTJPWBJSQKMDTHUYDVSPUSCNTPGPYKXESNBALXDAHHRNJQ
MADNBDECHFNFQEBEDFUMEDIMYTZDMWAANPRHLYXXWBRVDIPZTRWTIAJILZWNOFGICEHWCURJXEYLDBXSCZNRMCBR
SAACLBCESTNCVYSCDHMUEOQYFWJSVKPOPSUWQSDFDDPCIKCGQIOBLHYILXMHNQZMWCRFUYWQHEDWMCYJCUXXFFEP
OCABBBBCMQKEMLUZNUVTUJPHZEEVEBUYXYLOCFJNZZXYFHPVMYKUQAHHKKQHNUPTOHRNBCOKVMDFTJTNYAFUDFRD
DAAFGGKUJAAAAAGFGAZYCMDTHYDTJDGJQOUDPJENRVTIXDJKZAEDTHXEIDVHWURIXWOEWNWNJMMZRCQGDZCCFFJQ
BAUADULRYSDDLFPNNYRMQSMSWVIMPZQPXFAJFAACMIISHRDRWBAPMCHPKNDGCEHSLOOKSOIQWOXTBDPCHDIPQNPZ
VAADKAAAFAEUAVZIDRMHVIVQKIMQMBJQJZMVSSMOEQEXMVZVGAGUABPWSZLEPVHYWKZWNWZKWNHOACQVZGLKFVBS
WACEITBCAIOLFABMFMVSNUHJQOVIFGILDTHIYLIVFFRNAWCOGEUKZYHNLSMENJAODPEDOTJVMOEWPSMUWTWJMMHK
MADNEEEEJJHYZDLCDHHNNVUYCZEQCSCWHOFSIEYERQGROBSDMOHGVZTGTILJVECZVSWZOFIEKLMFWXTBIDIVZFCH
UABGIBQERFUMQLTRVYLEEEHYXPODJZNDHQNCEDQJHEXWWDDYIVKOXKEVHJPUEHQTAMFGNDMHCARPHFFOQSBKDLMN
BABJUJCPDAQMJEPBSKTOHPUIROPICBOXYDROECXHOJXMQJKHWPCGZSYCTVSXLBMJNXVTGYAEYONHBENVOZPCFZUE
SAAACCDJBPVIZDBPLFRPZEDPNMJYPOGICGUHIMMJISFBQXKTZZCBKKHLDATQUWOKCJFUDMSWYJPOYRSERWHKUWTY
GAABBLFRAADAWXWOWPGOKVJMZBDANNYHGZJYWXWTFTNSQHMWUFFPAWQXMFMGAKPQVTSJXJZGQZSPCMPEIEMHMRMO
ZAAAABBDDTFHPJAFWIVVADBJDEJXIAYJRWSDSUWLPHLNJJOTLGOQEGZQHHZCNTJXWFHTQXKSQQILPOQOYKJVKTLJ
YABHMQYSDEOXAXHYVFODOZWEXBOJMDVYAUFDRZSPUCDHKYJTCOQSLGDNFOGKKTBNAPWAQPFDKZATJQBHUYNYGAVY
TBBBBCCEGIKBFZMZWCTTQPJKNZAAVJANPAXXEPPLUKWIPWFBVJRECAYALGITZZTEOYQKOOVTEMRELVOVJPEOVSRM
EABBEAAACFKFCWMDSXPZEBIDZMGGEIHEUDJUQNFKEFFMCZTOGDVOJHCIZXSYPQXGQTTGQXEPDRASDJEYIBPHIYDH
DADLDGSAJNDJKTBXSAEDYRNIXNNVGOOEGXATYQBLESEYQCLOPQCEMIFTFNCQBEKORAOMLAQQLDPJYACRINMHQQWP
OAABBCEFFZKBHMZSEBVYLJGGGCVGGDDFRJQJMFBSMHVFORYJMWFEMAEGVFHLRJQKAHAQPGBNZICLEIQVZBQUOXWQ
MACAAACEKFCGBWZZUYOJVWTQYXXUTWQZWIBSHLXJPRUJPJLFAQFUZLYUXCSXIRLZQTKLOENDIYNXCUNJRTQHCYHI
EAAAAAAEEMBTBCXZPASPUZLUXBBJEUQCECKTIQJQDWPQHJOKEMYGSNSYEWYFIUHXPEVDYASAGFQEQDBPFTDKVEME
KACGCGFNAEEHIIIGXVOJXTPCCGDOEVNASPTTNOBJYKVXEVZZVAWWXNTDYBGQGPGJKGMAFHHVLAIWBCBWTXVXSMXA
MADNDBGKKJLDBXJLVIOMTULRZIUXABZTAWUAABYHWAYGAJWKJVABYXCBFRMCDVAWOEGNNFSJUQKSJMHQRULSPSNP
IAAJJKITZAWDIDKQEUDEPHKZNPMTAZAAQLROTOPXMMUDPQNEAMQBOBXXSRUZFDDKLMDRWGZHFRIXSAMGQIRCQZQZ
QAABCADIGCUHAUPYODKDJDOKKXICNZLREHHBMQJDXGWVVRFMQNZMRHYTMGLZBBFIFMGJHNUMXBERAZCGLCWJLIEZ
WACFAAAJIQHJMJJTAALKKSGBVDMZNSBGVTFYVKWMXAYPABPYOSOXIHXTGJPREHGXNMFBJVIDGSPWSGCDGZGTHDXP
GAAKBCDICKXBPMHDUUMPQNJEBBSCYLTRPBYYSCEWZBGHNANSRDZNQSFANQYLTDBLUKZISIHGJGUAWJWRNGENYOAD
CBDAGDFALJIHNVMVBMXJUPLSSHNLUSQHFNOAGXGARUVUSXGKAKJEVOZQWFUDYGZRPVUUENMLSZIQNTHRZVYKIIKE
VAAAAAAHNPYWTLLMRJGGFBDNVSLCQAFLQPFJESJQHZHUUNXJWTNIZMSQZBHFHNYIYVUMWVKXHQZNJFWYCMFQTIPX
FBFAFFFHMSSMZJOXTXRNTHKZRUDMXCZOLNYUDQOTVRPSOFHARYBLWABDWPTMANBELXUAKDRFYODDCPJKTUXOEUZZ
QAADXIOLBNJZNWYRBLCNOYETIIGSTMVGZOEUDRYFEPRTZVVCRWZGSMRKYJAIXHJRCQGCMNHPSZQKZBMMDLMYMDQC
MACBCDDEEHSWQZKDYHIQRVWPBAIUAGEOBJLWTMPNROSWQNMCPFGBZFPCQYRVOVWOVNAHQMBFALZOJUKDFQKADMKZ
XCABBDGBBDMGRAJROUFTICGIDVLWRTHKABIGLYZKWCNRAHNSREVWIBHDRBOFQHTDIRZDOLWPYWGTBBMQFQRRIQDB
TBCDGGKBADKHIUKDXKNFUDXOKTYCKCUTUZMBUISOYJQUAGPNEXQBACBULHZASUESDFASUADGTLMNKSMJVLYOEESP
RAABJVIBEKZWHTGAGDIMIZWWRRCQUCEJJYWAQZQEEVGREIHYUVSUWUHBIJYGZBXMUMXNFNMXKEMGAMPPQYEPZISZ
EADBHLSIUQVXKHPKRGTFCIFGCKHIQBUXCGNFTRYPRIVVQDQYHXXYYTAUVQMWHJOJLQJYXXWYTUUPAKXYIXTRKYRO
HAAAAABBHKAAWKOJFXBTKFFILOWNLRJBKKUAHRUDGRWBTQPLCZAIORSGEZXMYEVGONJFDKNSWGDBTAYMLNOQKPAQ
ACABFCDBGLLCOCFGVCSTAAQGJEBONYDJSBHSMVKEBBQRNCQFIVKPAFWSONCDVWWLNODMQUTGGLTGRSENIMANIXLU
JBCHIIPMHIIGIVRDNROHFCAOSVORONZSHSTOADBQRVRMHHFRDZASCQDGLKVFSYLWYWIVLZPFQLDMXPFLZLCOLPMU
NABCCCCCCCCCCCEFAVTQHSEJCPWTTFNTCRHVHQZVBMHHBBSPKHBBFZEWDSHDTBNKNFIOKSNDKQFSZQQTCBXPHSCW
EACFCWGBBBIIZHPFMKAGQSNIYDYBALDASJXJYASCTNAXJOUVZCOJKAOTZYAXWQCIACGKEULRUVXBKXCLGVMFXDCJ
XACAAAKQRZOOXHIYFISRTSTXOYZGZVWBOZAOVSMELJZILKZVKQMNSJZJFSIKCNGEASIWCQZYWJLXWYMPZHFNLTJP
BABNDDPZJQMGZAMUTNATWDBZJSEJCULRYRGUUWNBEEMRIIVJKPFWDJNHVDTVWAMLHIBGDTRFORXMUZDUTIOBKUUI
ACAXPAACLLMRDGSIKCDMVPESZTLHOBWYRSEXMPFBSYCBPIECUYAAZOUGSLSABNUMKGBKVBTCGCZPZDYFLDHTYFCP
PBBBBDFGGAESQUMUGAEPNWJDEYCIJZXGFJYLPUIVXVCHIJWTGYYDWNOZZIRSGBLUGDRVFXHLZAYXTFIGQFURFLGC
ACAXOODRXHOYEIDYYSFALQWBMNFDSHDVQGYCFJPKELSSUQNLMJGXFXMIDLKSTMDWQLBUJUXQFKAIKUJRJYEQJPJU
FACGLNFONRIDYDQOWGCQKMVAJTKCGJIFJVIOGUUWFVRUFHNJLMSRFIPTQTZCVSQDQLPCNKJUNMHJVDNSFGZLTENC
ACABBBBBEAGLAKVXUOKSWPXATYTKTTNRKHGUMKZEMXJYOGRWHLZHJKYUBGEWFGJDYOFXXMVVXBSSCTAFXONYMYBN
EACFEAAAEJOQRUQCBDMFQXUEKGWINNAORTTTSHMUOOCRYRPOHGLTLIAUKRBSOKUTWZQOALJVBBJSTPVYZASWZOQN
UABGTHAGXXJWOTBDSXTMXACIVIWYCHZVHGSLSAXRQFBPPBBGGUSTZHMUVILPAISWYIDNIZIWZENHYBTHWBKVVFTJ
PBCEEHEXAOJXJOEVWVQCCDBMKCHDNOMHTVFSXMBMVTMDESVHRTYDICSTQLOUOLWZEANXEFTGZVSSSOYKGYQYBFTZ
MADNEFGINHTUGSJHFKXKEECOBZDUEKATSJFTRAJZIBSIIMILAMODFBMJSQDEBWOIHXXIYUIHZQAENSEDTVCRPIUR
IAADADQTDDJRZNXRKSRYHFRXWNQWDXGDURVMLRCHREXCDYHVNIVBBLZRXEODTGYIAPBKUSFNIBDHXTRJKAUGSEAA
RAABBCKKMSTQDVSUXJTTXSUSKZCIQZKRFPZRFYDAUUWLRRBQZNDHFCCORZLIMZNJZICYHEEKKHEHMCZXRENERIFW
RAABJJJJHVEGBQSNRQRMAKEYHNUZPCCLSVHPISOJUULOUXROQMNJDBNKCSCEADBHAJUERGBSHLNAZTTXUAWLCART
GAAHAJIAAICUXTDNQUNGKRHGACCPBTNKKZJOEFMWIJHSSLMOHKIDOTZMFIPZCKCWIDIJNXBOYIBAJABJDIWUZDHO
WACLMXGABIFYJOUSNHGTSKKYHTKCFMIXDTMMOOZGGPMCWOKFTEODOOJWXTMOXAKKQARUUCRMNAGQKBSEKGHVHESB
FBEHAACAWSBVNVGDIAAARVKMSUTARYPQQUDCWEOQZNLFKIYQDXPDVFICTVCJZNQSJOMTCCZMTMAFXZHZSZZULDTO
QAAKADMMJYSLTEFMDJNILSUPIQRVSPEPWFHWGTVIUFNUVXUFSLNFMPHMKBYXFPEPVXIULSLLPOWMIMPCHHKIVBBS
TBBBBCFACFHFDBHRSHBIFLABTMPRCGALFKQQGINBNPPIOICCTNRJVSSUZUTVFDBXEPSAAFGOQSVJXNUKOHFKVMEA
ZAAAAFJBBBBGHEGQZFMOLTNUHNPWGRBAFLVOCFXRLFLRLGZARVFQXDSNKERCQVAKFFVGBAWYPHQZCTDXOKNXMOLE
CBBCFBBKBYZNCDQKVPGGPHUYUIGMDZDVEHWTKQOFMNSJREWYCVXWWPUFOYZOIQZQGTBHOXDQJKTBUZZMGSAYANGX
GAABBLFMMUHGZIBTIMVCOYEVPQUYPXKLTRNBXWKOOHBZZOHGJSFYEVTDXTXBGBHQFJDEYYBWQABNJABIGBIFMSHS
DABBFABLBEGEKXZXZQDUWDJJFQAKCEARKIWRYZZOQZSRZAOAJMSIPMGIPZPKVZIWZDDBQAMOGQMSKSFBGFSQWNZY
KACGDBCEFGKFYVSEAAUPFDGGVPCIQVXCOLWPMYTDHSULZKILPCSWYAEMQNEUDLEWLNQKWDDKEGZJMTAJTGNHRLOR
TBBBBBBCEKENNNVZPMOUHQQVZXJNOYAHLRPNNAHJZKZRUXWUBCUKXQUXKHJQAGIIEUECYIDSYDJVFRLGFXNAWIUU
CBBCDGIKRLZIQDPJXLKAZDIHMLCONOZHHQYORTQXYVZWECVGPIABLWEJDVKBBUXCGSQNJCCTGOAMBOTBPDOKRPJY
SADDBOBBDELHACOCENJRFKOBGQHQOUPQQDLJGWJYVYNKUTFJSUCLORNNKHTBQHOHFLAXOOMHZOOVXSRQXSBSXKQA
ZAAAAGAELBNAOZQJNTEHSIZZXPCVEDJAYXORFSLRMRBROKCUKOHGQQUGAAHKHSTLYQSHWJJWHRPQVBXOTZVCCBIW
WABBBBBFNGFVCWHKNLQKQCBXARRPBBQHRWPDISMGEPKCGWPPZTCKQVSCUWTBIIMLBBJDMFJIBNIECCBOYNCIZSHJ
LAAIBCCFAADYKCAAXHQSSTLWOTXFFHVHNHKBFOSZTROEZVYCCXECINYCLCITVJOYFRQSMDZNPGMVVJTYEHJYACKQ
MADLNACDGCKXERFPLHXGPXTEIGKNQILWNFAIBBQCBJAVZRXVQFUPWJQNJBAJZJHUROWJXPUHMSOYBELFOGKJYSZF
WACNBBFHJXIJESZOMXSADHADVNYDWUAAURUYQMESFEUTHFAXPKDHIQJJCBKNUHVAORDMTVFQRAIJVOTAMHAAZLNS
MADRAADEEEGBWSALGAUMBQEVOMMAQCJMOETZBCIYVMLMGDRMVJAJMQZPKOFCKAXSNQRODPMVRZWZIOYVNSEXIDFM
OCACSMEAVDAEVAABQWADEBDVPFDKDOJDOPAFZUPJXWPRQTOMQPICQMYAHCQVMRKTGEMDAPETLPAYQGIJDEKSQLZO
ACABGHAAAEMEJLQWGYHOHTMJQJMJUKOGMPWOEVCYZLIPNNSTYLWQNOSKUHGAQILBWNHYKSNOHYTIFQUDBKKCBVKT
MACBEAFKBFGTKVSXCRNHPJYLCATZVNXKNLPSLAGKKCOECIUKAIWIZZDZDXJDQCLBGLIIKXVPWZRTKKYPTLNTPXMI
QAABBBDIHAOBBDHDZRUFFMCTFQOUXTUIEVBDMQFUUASDWMKJYELIJNMSQCYRIZDONDJBCFZQJVQHOKUSLQFKVABA
EACFCCGRABBJXGZKYROBGMAIXVEKPJXORKXMSGBGNPMGKHMJRKJVPHENQAAQCKUKAUEQBTPBRQDVPOIAPZKOREXG
FAAAAADAXEEKIZETGJUMEZOQEGFSJITCXBNGZTZEWJNSINKVXSSVMULLZKVFBOBGEWKUQIGUEMSESXVEKZBPOTOO
ZABCFHORNAJETWESRJDMWMDCKNDFXOXGZQECZVMEUOUAIEVCWIMQYXWVDYXHRPPEMTMRJDGELVFONEPTOQXOBFSR
BAUACMOVZFLCZFOPMXBEUKZEBSWOIXWTQJKOQCBWNXJEMDMVZVCNVAOSDXDUSOYJRKFXPLIJNWEBURFYPXFZNLDX
KAAAAEORPMFPUTGKRCOIYGMQRBEHCCHTDIAIUPNUOTUDIULGEPNAHBSQLBCATPACNQFSVMSMTDKWFZKGRYGOVMHE
WACFAAAJEBFTNALWXLNNDJMYXLBGFNNFWJEVQNJMJZOGNUIFURZULJYJVVDFJSQGPNNLXQNYCWFGUGHIVNXFQAHE
YBBBCESRFDMMHGIKDLEZXSYMDEZJXNBEDSPJPTWLYJFPUANLCTKBLAKQQGSFZLZGKAIJOTYGBVTIGMGZPBUJGMIN
IACEANDHKLMVJAZZRLQNXKQJATHDICDNUIBORBRMYBDQFSSTVUOWRFZVFQHHMSEVQSNQGONHFBFBBQAJJCWGPZEO
ZAABBBBBBBBBBDPYSOUDFHJVYJONDCJNBRZFYEQLICGOVXAHGPMLBSIZOGTYZQXMPBUUOPZPFQXHAWVLAGUGMCHX
TBBFAACGRADIRUZHZYDBBUOJNLSITMFDQOXVKHSRDAWEKSKMZFHFURCJXAHQLSHRQZLYUCPOUGBCTHVFOEUBRUSK
RAAAAHBIFHINHVESGEMUGOMBUGUAYLXULNTHVSISCDXRMVOIKVSYVLWXPQURWGZENBNZGLNSRWOVRRMQLVQCQNMN
QAADBBEIQLAUGUQZSEWUPHHQVVGGTWYGHEMQZNXQRHMWRQXBGTQLBIGERPFDSNKWQPZAVABUPTAZFIMQGEAIAJTE
LABCADNAQVEOJSMHOFGBXDFDXCZMZBDDHIETUGQUKCKCANVVSQAGRVDJQTYPYPYSPNKICTABMBHBLRMXKKDEQIZX
TBCDGLGJMQIYXTWSHNZTLRJHHHPMEPLAEJHWVXFQZURLWIDADJYJDXKTZQCYIOWJAYQQJXQYYPASLZHVMZVMEXCE
UABGTEEDOZSUENNNICFEWZZFGDXOPOIGKHGORYGIAVIOHQMZHXTDMNTGXUJVLVZCFRWBEBFOBANSELGYGOADSVAA
PBBOGBBUAACIKNAJAVRQETWTWHWOJXJDOZVBQDKPNQJERPYHOPNFMQGUEGHSHXGQZFSDHIMPUFXFFLJNOVXADPQJ
UABGIACGGSDYVWNVGAOJXWATLALPAYCBTRSQGDBOPTVKZYDWGPISAOFZSLCBEKKCNQMTOKIOVAVBLGWMFWIJSVRX
JBCAAAFHILBHXWMUTOAAXNMNRXPJXBXRJOQETKFTCHTIOGGSZHCHBAVORLVDDGGDNHCDSSCQSLWIWEQWQQRWNOOU
YDAKEATAFPCQXXHNHUVDPXLOYZTROTKOHUXHUCBBVDXBYOSHBEUEELJRFCGHJNDVYTKXBKIGEQQPJXNFBYRQFBRP
MACAAACEGVWQXAPJUOICMWAGOVHPAGHSYEKDHTIYHUGVZJBHQSCUETITZPKHCGQESZLMBCALNGRJEGWASFIFPAHA
CBCACDEEMJHWNCEXFBEUNNEWYDHTWCBHQJXLBHEXSJLFYXXTJTQOLEHQDJJIAWVYJHCGGNYCBBLWGMOJHAQFXUVF
GAAIABDEJDUBMKVIKZLJRNCIPHKDVHIUJKXFXZQMAMSCYLSIMFJKPJQKFSBTCIXKCPBRAYGNBIPSKUIBJRQEMJBD
FBFBDACXNWPQTQNBZFNLNWBMLPWUQDWLUFAPEEVSSQUAYZGUXKRWJHTPROMCEQTDOOHWWVLMNXYQATESOUSXWNDX
ZABDAEGVNMYVOLTXIXFTQPJLWVFJIPBPUYOTCPEYTISNDUSDXGEXWQKMGVVWLDPTNQQQXJBIUQVOGYFMRFHOEPVP
BAUAGKCDCCGJLYNZCQJTNWJWGKIOHDONEDZAASCFRTIVMYBTYKNHWYLCUBYTWPTCWSILUXZZIELTILAXWLXHLPYB
QAADAAAHAEBQMMRPPTRXTCQLZNBYSYJNCTBCFQKNRXOVFPJJTJWHGVAUEAEWSAVLDHMVYQCXNQDRITTZXBSFMBPM
UABGITAEZHUZAXQBZUFUCWHJAUMBRCRHLIFNOQRRAKTPQFRGWWLSJZJRNZJDFUGLVFMXXFYENGKVAFRSGAPWRFDG
KACFJUFJBTMARBZSDUSJZGMMJVZXTKDEIADCTOPZSFWCMSQGDNEDSJDVMXSKCTGQQFYNGMVAJJFMAMCBVONJZAQF
LAAIAABJJPNRQRUDRQWIDNRORTHABVVOMGZIKRZIAOJQAXPFYZMTRQJHJYCUJQPPMIECOSIKTBJETXTMRDEUHDBW
NAAACEGDXBCAHTFKWMJSWHCCFXHBBXBSXURELEUTKSHXZBYOQCSMTUQKFHLDHVSTYGNEORBZVNSAKAMVBQRGYTGO
KACFJSKMLVZZAFGEBKXFRDRFKMXSIBWRQOYCYVBJRRDTDUUNIXUTYCXTACRZCUENXHUYDKGVYGPCHTCTBXITNYJT
XABBCCCRQHRGUABAIPYMSEDWNDIHSQEWHDYNNLEHPHVKPMHFIVJPPECEFOQYWSFOBCRPDSNNALGZSXOGJTWWFRUY
ZABCABBFCBPZDGWSLJPMJQAVCKZCWPBMGXYRIYREGLYSYAPRPFIYPJAZUTREVFNAMTZXGNAUYZKEGDMCMQWYGLMT
RAADEANEINQHHJLPZSEZTOSCUEECLHDOAEMIBPWHKTZQSSHOIVKPSGAJIMWOPEIXJTVXONWDFWMISLLYDNMHQGKW
XCABBLBBBDEJJSNWNSCLDJLSSPMDAJPLFZPFUTYCCEBODICQXTRMOJLFKICZSPZCEDCOQUEGZSHCKTXANISDEKCG
BATVAGAURQEWLRGANHXTPIIVZGIZKAXVCAIEHQAPRWAQWOLVZJYKLIHPKFPCWTHVBGHEXQGQKLNAMQGOYFXIGOEK
DADMACGHGVRKTXTULBVQKDVBFREXMWRLNOOOBICFEANNARNCZICKFMQWYIKLLUPOHVBHSXPROFVFTKDSPTNCFVWN
IAALFIIWEJXRRANRMKSMXLPVTHZQTRTPWNHAWOCPMGBJCKQRJSKOQSYLMXRTTNKVJYQTTQUCJNJCPHBJGJLRULUO
MACAHBBRVVVEIODBJINXHLQNTWNUQPCZOYRSLMHTBLRRHFCCGEXFJPFHCQSDRNWMBNBPKZEAURRRDHQVRMSBHUXA
DABBFHTCGMCNZVYQGWHXVDXQZRLVQMADVGQHCIZYGRJJXRXKGFEDSFLRYKGUNXRFKOOTWSSLXTIDEHYVWPLPIDHE
CBBCFCSXADTSJAXJEUYDYMIKNUTDZNEDGTAFWNUNTSMDNCMWZWPNVXDRVYRNBKPFRWRKIAQJCPIOXGNTORVJDWWS
EABBDAAEEGHISYMAUFUTIMNUOSCMRAGJRAZDVKPEMQVNUGSWWNFLPENIAYUFCREBNWDRASAFGCYPNUVMISOUEJCL
NAABDDDIXJBGNOCJYCVKDREIRPXTRJQCWEAWYTWYLNHWVDUJHEIOTRAYYXYLFHFIANZPZUFUSGCJQSJSXLLOSAYN
RABABILGVBFFHIBGULVRJUYMWFJFTNAMLFAWHHIKSAFXVEJKSYTFPNBNCDRZWPFEXUPLXTUFWQQFGSHLIJROCDGN
SAEBBCHSCCCTWSLROSYHAXYVTFYFAENHAHGKPGVTXKUENNZAKDPFHLTOBUUHXSUQLXFJYGNZZVSUXDBFSQEYBDKO
KACFJYABCCDIJBIFMJROGQIPWOJXBOZQDAJNSMZKWZFRNFPFACNKAVEEMHDUBCPJLIYGOCNRRXHQGQPVSUQLZISL
ZAAAAFIMVDXNTIVDIRHEDNUFVCKPBJGMQLBZGTWJNABMBNIETPGWJURYKWYEKAEGLSDDBTVFRRSPYGTBGIDTECPT
BAAAKBGRTAAAFLGADFICTPFFQZIFMMAPYZPVFHXACHQQAZXACOXEQMULSQPJUBPRKWPPDQUFDUPENKWVTNDHYPVV
TBCDGLEAHUEPRZOBARGDESXLNBLEQGFSNJNMNYFJLBXMRLEUJKFDIVBOQEISEFVDJAJSHPLAGQIXSAXCDWBRFNLH
ZABCCAIAFABBCNBZGKYCXJLZGFUSAAGZZCBPDAYOLARDDNTLELZEFWVYACUALOGTSGAVJUKIQFGZKALLARLAQRSI
CBBCDIFICTOAWGEBIBMKBGFCNDOOMXVEQWMUTUMYKHHXMDLBDFQQHJVUMSKDMHSBTDQEHJAFPHULRRFEKMVEJXZP
OBBBBBBCEPYPPIGWZHACVNUHHAFDCGBRHGXAOGUWHWGHOADJUTDZYKDAPKLPLTKMEJQGNSBIOIGHXFJDLPXWHYLQ
TBBBDEEABEFIYSQUJQKRWXWOFZCSPNDVZDSKYWCPHONCKUVBWRYPCSSCUTVZKVTCPSQEAHEJBWUSTMQDAKIHBDTZ
IABBBBCEGJYUQTTCKJQUBQZVDMQAFAOUDJESLYZMDDJDLGPBXEMXRSOJBHFTPVMQSNRPSGNLWIWDJZKRJYCYPOXL
CBDAKKAURNSVVUWMMEGQDDKLEHJUZOLAGOEGFWFKPFRZAEONHFVNYMLWYUBNWTADYQKONASZUMFQSHXJPJGMLKBE
UAFAAAAAHKVSRBGXRTCOEVKTJIQDZZRGCYQNVXTHSVZXWIWQWVWHGNMEVBLNREFCEHKBHBPPEALGVJLTOACCXPLI
YAAAABAYPBSLHXRWCKBNZKSHYQGTVVPNKLHFQCFFYHFSTAGAZOHDLFILXESLDGETHUFDCOVPNQKCIYTRXJVIYUKB
PBCABJLBMOROUTAMIGCOSCRHIICHLUQDBYRDPCLZFMMQHJZYOXMINJODVWUHZQZXHONMUBRQGRVMADZXFOMSCOVI
UAFAABCCGAVJEAGMZZBJDPQDAMUURMVWTUOONSOFZSZKNFLHOGZLKDMSVXTTLMVNBHULKGOEISQKBPNOXJTOYNMW
OAAABBBIFDDFAYLWUBJSPRSVCYRDPQTFIQAIDIRVMNPZYFZJSGEIFUVCBGTMWLFVJNDPDHCJJCUGUNTALZYVSJIU
YAAAABKPLCDPLZSCYFVAUPGKJZOLCQUDLPEXLEUQIRYAYVLRWPBXYFGPPOPIGQOUGJWGZBEMFOHTVMJFJPQSKTAG
EADAACHGQOKPSMDVCUMMHMUNHYSUIKMWNVLBKGZTLHBLHZKHNXGGMYEPUVRHDIXEMHIDFUSZUMSBAONJYYBAMMYP
CBDADMCHFDSAKHAOSPSCXCMWNTEYQQMOCWNVCYCGDGKZZHNQLXVKLDVPKSLGNLRQQZCNTTAXSLBKMCPXJEWUXPGQ
MADNEHBBBBILBTIKDUVMFYUCJDAAYLARJOOLGMJHJLTLNGMKDVMBNOJGEYXYLMVFGQRJRYQLOBTZUIVXGWORXOQQ
DABAIMBGOHTGHGIXZLHJKNKFMOGEREYWZDSLSVVIDXXNFOFIRDALPCRHKWRMMZZZYAAKTZEZVQGTQCQBPANVGYYS
RAAREOVZKAGAFUCTEKMAFUUOBAUXAYGJOUPFMZFNBFGOZVNQWBZSXLTNXRIPDFFSAJRTUVYZRLVDAZXRHBSJBWBP
SAEBBCHRWVNATAVRJYKLCJWPMWDVGNGUWECYAQMVBVWKHUQEZJTVHKGTVBWKGXHMTNNPGNDMJGURSNGHRPGJOISM
TBBBDFCAAAACCAGAZZYZIMDUZHXDRZWBSVTFOSDGASIXXUWVHLEQTOFRSEWWNRPYEPSVDKONGSULQANCOJWXDRSX
JBBCAHAFMJAACAVLKMTUEIONGGZNIKLJYQIFQLNIAMAVZDZKSSEWMYWLAPFSFMMQVMTHFMNUXZPFYNWWJDJIWONI
MADOKULLXJTVCCJLDPXNSKRRDEPWIVWHNJCQZOJTOJYZMBEENBHMTSDSQCKTGKRCJEBNLFCBMRZRBUYGAQJMBCBB
OAACAAAFFBZIMNUCVQCBOJOIKTOKBWFYYTOSNMFVGHIJVTZURAHMDFBYXGVEILSFBDFFLPVMOLSFPTYBGCUFMVOR
IACFIFHJYYNKVIWRLVVCYBTWVYWLCUNEGCTGVYOREBGXKNUMLYNEOOXOXZTHMRUZWJNVMFRIQWCOVNDBEDPHJXMM
KACGCGFLJHUVYIRWSQMEVXVJGYNATSQOZOIWPPGLZYFAUIKGGYXKFQQMFVQPOPSSIDMCQXOTLWPCAQCLDQZJVWAX
RAAAAHBIDNSWRLOENFMKSHRNJAGHHNIILKWFYUIPZMNYYBAJOPVBCOQULJCRSKSOXZPCTXVDQHVPETQBGTIQIKNZ
NACBRFDOFVFEFJDQJMPZNQXNVAMQVJLPJYMQTTBWHSZPGGYUSLVPGQVLBXKDKLWYKFLIDVTSFHSIXULSAUMGKBVH
GAABBNEHLJARHWHHGNPNKDKOHQJDLJOWMMELYKEFMEHYEFFHMLXRWWTMHGPDXCPJKFLLIVOZGSNROPQKSYJPHRJZ
JBDBGCAJHIWSYVDULASNUCTVGHHNIZUFCNBTTVJPXGHROTFMMYCIPCLGWWSEBIJPJSFJOELSJSPMNFTNJYQIENUC
SADDBNWBGGJTYVWNJRUIHFWOTIAOEPTLUQLZKFXCLVUSKPCIPJFEHIVQKBYIDNZDNISJJZJKFBDCXWPTFUEWRAOE
OBBCAAABCBQIADHCBBHILRGUGEAJFVSOWQYAHUNSKMUKFXWRVAIRDSGJNDHVMAGMMPHOKGHGGODQRMUQNPUIRQDI
VABOZBDPCLLKIBYTSZXIFLIUOBTCNJZSPZHIONBBYAGXJXPYFDFPEKHGGSKXMGPERFHFOKUIXANDJAWJXPLEIMXH
TAAAAAAAADQYPVXIGKNDLIOMUDUYWRWLSJZPRFYESBQJUDLXPHBKVQYCGXXIGSXQTLVVNKGGQUDEAVVKHDIYEFMM
TBCAAAACDPDMBEKMBDPLMYBKKSPQZNDAPFUMYVZSZAKMWUFEAAIVGMOJOTSXTYUWWWDPHGGSBRNAFVJDSGDMKPTJ
ZAAAABBDFBAJFSULPPPVQCCKYKVIUDTXIVZGFBZTSUICGVFGVXXTYXDQATQEQRBJEQRSQCGASMDUOQAZVCNJGLGO
ACABBBBDJFZUNBHYQFYCCTTIYZYDHHICQTJPNWLPECSFWLKRGMZLXDXBUVIGYHZOXPZHVDEOISRFVOHEKMYRENRQ
FBEHCEEEALOGEIYVXLOPXWZCSIXBIBYVLSMZHTANFETKJKJOZMLCSQYGETWPAEXHNUYRJYSYLAGURNSOKEZEBZIV
GAABBHIDTVOVVYLWMRNFKDXIYQXRVAACDONJLCDUEMWIPSVNEHXOOLEMISVCNCMHKRENZCNBFWUOVOQSJINWSHOY
HAAAADECTAATDUCWAZTUJPTSKRNDBDVSFDPFEUNEJSIANCGEQLUJHOCIXYGLUYDKWKPTVZHWOBLPHJXUPHDFYOSL
MADLMTASKACECNHEUUPPIAZJSNHFVZNEXGVNAYINKWJUMNLVHCMIJCMURTBUQDOKOGASHBFJOAOELDWKPTWIGXWM
SACAAAAAACCCSYFIEUETDLHVEXXDQEODQMSPKVGQIWPEJPDSXYDDBLTZQRHEPIUIKXFLTQZGIGIMTFJEFJSOYNNC
QAAJJXBPGCEQVZUMJMEXMILHSVDLNLDRBAOENSIZIUGZGPPNLFTHLYKUSKEFQPWTYIIQTHOKGIEUUANEFTIGMWGE
DABBBBBBFBQYRFUCDHLUJWMYJPXQABDZCSQHIBSZPCXWDHVUBYFAANKTOKQFDQDEVWNDZUZTFPNNCURDNMUIVXBJ
QAABDBDEBSKQCHCMIUMDKIWWKFAHATCASWAOGHHUCLOCENNVDBUNKFXIRPLGLXRZMUEJKAKSCUOVDWLZYZCSQKKC
QAAAAIBTRAAAAKVGNRBVCABRRYEBMIBFOSLCRRDLGFWOFRDDEIRYCQNMENPYFMXWGABNJMHXNITBGQKKAQHDLIIJ
SAECAAAABDLRZIDGEUKFHDSQSPUPRPMILHNWRJFLCUTUNJONDHQJDFETDBFMRBNTUCIDNTSCWXZDWEIVTDGTGFWG
NAAAILBCCCAARCVRNDPDEEZTVHCAEZJKXTEFCLALBUUOEISHSUEKMYXSZVCSJYFAAHENKEDYJWUPGTAAGAILOVWL
VAAAAAAACDDHKHEYFSITOXWGRCATVYCITXJELLQYUQLGWSIIOUTBUJHCXSSSTJHTYVMILPSUKPUYMTIDBVOFJUMB
NAAAABBCFNMUDCCFYUEOPLRTWEFBJAMBLMPPWGGYIHOARYJNVYCZFWUMZHXNAJOQKEKCXKMOJDPGLOFXGHJINKAR
VABNHBEMINHSCCOIXNESKHOJYYGNUODSORYPGAUXWDMFWIPTZNCXACVVJNFDVQFNEDUYAUVDRUJHPBCVFESCHLVD
RAABBCKKRCIJXYKZMELQUDZPDVYEPNRZSPQWJBZESAAPPVAVVXICTEUBXAVERXXKPLUHHHFKNRELSCTQWXTWKGME
KACFJUHBHACMCMLTLJAKEXHQRKTSWDFPEYCRJZUZOXTAOQIOJTBBCNILXNETDUACRRXAKEVQOPKBZAWEHDRRMJRQ
SADDBNTJQHHPPBSDSDRAWGWAYDZPNEPYLWHAVHEZCEESNRYDMFXLOWNAHXKFVIDMOKVYVLRLNSVIQOLLOLASPVFP
EAAAAGFXFTHFWGQSXPMJXPLHBBFBZSYNEZGWTVAUHLVVPALKVCUWQIRCVTZLETJEDKLJQWURMWMAWZQRBITLTGUA
XCABBDGBBEFEAGHPVIVXECSUUGJUUSSQBLTSXWTBZUIMWWVWKWRBVLRROGPBVYWEEBTRTYNOPWYZBGZOPUZCVAVA
QAACBDFBDHKOLWMUJBAQNMKRUARILJZRRKJNQKLJZGXTXFUZQYZQWJCJTDVZFIFHWGBDGNYHMNTZFCHCHERYXQKM
JBDBCEADKANEDAULRYJUGCOEZYCAEUBTQNTFWBXJWFXHSBTNGWERHDBYRZHBXVJLQZDSQRKMCDWDXPBVEGPKXWQZ
NACBDAFLGHYDAHSTRBFDMSQZUQXOUWPNGAFGFCIFVZONFCRDGXARQNNHNHCLXCJHTBVCAWJOTTRQUNNSIJQLSNNI
NACADHKLKZWGXLVQTWNWUWXDAHTISEWTZRIIMSHKUBUPXCBXCFNZLMNANDQJHTXKOXNVEXOFSULBIMZHKRPMRIWL
EACFGJOEISLPJYPVUKTUUAEMIZNQHOGNTNULPMACKNVJAUMQYYEXPKIRZGCEDCXUTWMSLULQTJRVRWAPYQAGJODM
JBBBKAQDAFLVACCCBBOYKJQVXULBYICZCATORXLTKMANNNDXQMQUPGGBXAAOCFYUTYDTMYGZBNKRCFTANHOSHEKM
UAAAAAFFEOMJUPETPHQLGMPRDHONTRAHPFFDXGBLNXPRQDNJIPZCPTWGRSZWHLIVUYQCZVZURDCLJKNLQRSFBDIV
LACCCCCCBVSLYCCVRFDFZZICAACDCSSZKZNFGBDYFSINZXUPENZZSLMDUSXPIYMKTCCXRPDWWPBDACTHVLKEJVVF
QADEHIILLFJMFORUBHGKJKZZREQHULPVVJSYJBNRVTGEHCUUJYPWXRLEQUQCCTXYBNLZVYUHWMLKDKZDRTLHAKPR
DABAIMBKGIGVIKBUNWZNWSHLWEQCSKMEUGRJXVTAGRPJIGYHFJQHTGVLDYRTWRLLBCYARMRXOKSZFVHLLKZSMYXZ
BAAAAAEUQJKSAAZVGHQWBOOHDVVWHTPBFMAOAPRRUCWLMLEJZDYSGVXJCOKWVWKTCDVEWVBJQKDEUGYBMVHCLEKC
QADEHXADDIIKLQXRHVXSNCWZXHHBWCRJAPJWXRLCKLGOMQRZHDRSIZGDKJFCRMKEKERZODXWMVSGLMLQDMAQJPCY
TBCDIAACCCJBCFFHHGJVUJRNVBULFDFSHAFSAOVYRRQJJERNKCPPEWRWVYIGYEKFCTGBYWYDUNLUPGBRKOTZBJWE
EADBBIRKSAXYFJTFIJSKQNSNCOIPPRTHNPHDCUBYXKNMFUZVFJDHDQAZZYGAVMYTYWRWYKAHRQGLQFOTZXDZRDMI
YAAAAABBCCENBQOKLURMXAJFVPEONGYXFGPYACXSYUPQRRNIDZRWADHSUXYAYFXWKUYRYLYRTHRCSXDTNIORBLJV
IACFIBBDXESGSIHNPFHNKPQGCMTDVKYRZXHLNBEDGARYYXHAOQAXYDZMRSPNIDMSUNGBNHTVGGMJDDBQYIDXADJH
PBCABLMDABSLJKBHGHEBBBXFVNFYEUPDWSXAWJWQRRWRSIMJDOLNOEKBPOCXENLWMBADZSFLAQDMLPWDYDPZMADO
PBCABJJCCFFHIILLNEEXGRXRDNHASYDATSFIXRRFPPWDMEFYAXDAYWCWNIBUYLBTIQFBYOTESFHIYJVIMVVBFCBW
YDAKFFBBSTRAXGPPVYBRGNGHKVMHJBGSISFWBOSIIHHZRVBGLMYVOSOECNZZFIXMKJRZBOVBNUZDTLYLRHVLODUA
EAAAAGGAACJCTVFOFNPDWQLRZWVDTVNGGZJDLWMKNGTQTSFHNJQSFHNOFZYAJHZRLZKJBYIBCURBOAVBZMFEOXVO
TBCDGIAEAMQGBQZWPXAQKRTAJHPTOCSSZWXZZCTILTLPOGAZNLKDZGJADDRGJCYKBULHPOQLHSJXHVEPEOJBYXUZ
GAABBJJPNHFIQROXIQVCMZQHGICAOFMJYTPRUGHSWDLGIIWOLXOIOSZPMUGNGILJXAKNETULUZQBMHOMIMWQGGHP
PABDABBBCMBLLWOHMJMOXHRQWPJWMXLSXFNMKDOWHOTIJLRTJOFDTLVGMHHGZHTPUFEOGRMYBFRDUNCMWEASXZYL
SAECAAHYWIMUNZFIKGZCFEUTYOTZGYJPGJEYPIOBXOIEIVZOBBJLUTEYZYJJPQRFMYXDEGVWUBYVBZEHSGMNUMRS
XBBCCCEBTABBGVVKSFECMRTVBBKJQBFJBRWCCPXNDWQAMFHKJBATZCQGXTBMYGHLVCAYCQBFVZAABEWWRZEPDFIE
MADNGCMFDORUUWFFWDIPFGFUKPMULBPGVEDQHUVMYDORNGNSTFEUFIVZWLYCYLLRWTFEURJYLVXHWXZFDXZWKTED
RAABBCNBBZUFWYLVBJLBXUNJIGIIIBAXHSRWTCYFUJAYTTWDGHVCJWKVKZBKDIHUTZVHWREYTMVIXGRHZPPQSEHC
NAAABCFPIETEVBJLPKGPKHSDDLYPMWHNQYYMEUZHBHFFGFNVUECJWNWJVEILDFXNTEGPNYAKMRYJUVOMTBVLPIMQ
YBBBDFXCBLKNLHZAUVPBOUAJBITOBGZDIGOEKPFGZXJKKMPORZCQPEKPITXBIFYCEQJFOMOMGPZQLLSKDZMUHOQM
GAAKBBIGSOTNXPWSJPYGQPFEGTYQQBZQNCNVWERBWGUXDPTFTLPXMISAZPLPKFNIGQVXPURVTVDGLUAGHQDQEUOL
CAAAACNGEHCHDRPJCQBHAWCBRHCFBTICGOTUAVHXSUWCYEVYABHBOTCFBNFTCFTUBIOUWNVXGACROSVUUNKLANTN
CBDABBDMWVLOFPVWPIRVWIJOWADTVFSVMNAAGPLHBWYAGDJXCBMMNMHVFBHQSJLQQSQEGCEDDOTCPXWCZFZRLTAE
FBFBDAAABBCOTCQEJGTSFUHSXACXQYOUMDLWBCOEBDKLPZQXUQYHQVXDXJOXSLVXTMWDPBZPKXUBDHUECPHTFFLZ
TABBBBBDDGHCCAKMDRDPKAEDBLACDTBTYTKAQOXXRSMRIDFVEOLACGZRHYKKNGJSVCBPKNZZFDXYTJRBPFZWNXWL
PABDABCDQFKGDEQPXBIIXEHDHQDVVVDQPKWRNRQFCZNUUZCHWYXREZGENRKKCXQOJQRLLNPAVFGKWOWRMHMJFMQS
TBBFAAFDZXRVDKOXQUTMNWEWVMYXOMEUSFHUJIFLIRDEAYLDZMZMJFUJETFRPGETVAQBDCOFEUFWGCGJHBOXTWMX
YCABDCLABBDEJARMZUAFFHJJXZOFXEIKWHBCRSTSROSNMMUDNGVSGMQZVDFBFJQGYQWMAALKZMONIUBYUUDZGWDX
XCBDDKKBACIOAMTXYTEZUQKBCVMLEFKQADKXZOFTBDDAFSPBSYVXIKGSPFRVLBKDPIXMGKGYSRCHLWFUUPRFFXZC
HAAEBCLVVRVACTSFIJGMQBOTMWEOLJLXFUGKEFJHXBZUQEMRMEVCRGADUPXDQTFEVWIEDYQRHNARWXZXBCYKUIDH
GAADDDDCTLVBTSFKGDWSDTNVPGKJOTWGRCNVMOLUQFNAJBFSRPFVSJGMNWIDCFCPBIZABJIDPZUKFDWBFANPUUAF
JBDBCEADHNIFERJQFEBMRHFGBLJYBNZKPHFCRZPDOPPNOQDOJTUGMROOHICWHEFOSNCKICFHSMEVHZZNAUXZGPCR
ACAAIBZEFGGFJBYFKSCFRMVQFALJIMNBPOAIPFGZBDJTYRGCXTWAESJLLPYJHMWUSBYFUZBJRBKHFNDKIWZUXKEY
KACGCHAAAAAZVTJWXMIENZLFWDFXDJTKPUZTYQFHQLBSTNUKKFXPXGTULFWFJINJVNPSPGYERYBTCCXLKQPBIBBC
VAABECKKIABQODIXCBZDKIVPACPWXEKYCBXMWJPECOCFGVBPBCVGZGDGILECOYFANNRFTFLKFXKUPZRXFUKHWCIV
SABFBHHJLCKVDAQBBNYGVVMIQOOFGKVXUHELOFIUCVKOZIMTGSPNZVVPBKOMBAJFWZNZJOOQDQWXGPIKMIDWMOMK
AAAAAAAABBBBCGCXWYIQPGTGJZSOBPZDDQCOFJPKKAHAZPLBORLTUNQRBTDKQTJYBSDPPOYKHEZRYMESACXFRPZY
DABBEDNYCCJMCMCDRLOIGDJJMNCBPHHXKWDERUKZHWRPICXROITUFTNYXZVWYJHTZFTEAXNLXWKTVERKOSLWABOA
QAAJKAFETFRXOZAQODEOTCUVPPNPAGODRWGOBANWYRRHAAHMKSRHCYOHJJVUOBLTZJNOGMRTIYVDRQBCZEIADHJU
PBCABLMCNNIFSCXFRXFFAZUWMTRUMZZXCZHTLVKDLNBOPETSLIJGELVWJMNQTOPUFSCNSOVKGQAGFWNJFJYXUUID
EACFCEBBGHXEXBDKSSPJBFAOZQBOZYFZLVXXILXANYQZBXEYDKBYAYJLXRPTKQMLZZFYIXXSHAVSDVIVSBLGFWTE
MAAAAAAABBHJRQJTIQTDLHMMLSHCVEWXMXKFSPJGDSKYZVWOSETKIPKTATGXFFLDSQSFWKKOPLBJVJHNCPOKHANI
YDAKFBBQBNBGHEPMJGQHBWMHHHSAMUEWDGVRTCCWBYCSHPJNIWTGKZRJGUNUFUPIGXDUCTNYSZTQPQRNJNWFRNJB
JBBBJJLJABCGABCNVFDTHRHOSPZGIZYGPQCCOVCJDWJYDABCPRRZOOKTXPXGKCZOYEWEAWCIBXSZNBNWVCVDQPXU
FBFAFFCRJMFXCGEVRPMYNOWXDNSJUEWZVQNYHVJMSCZZRUHXKKSXSSGXZRZCLMJYFVWCSZIVZKDSVFRKNWHHPNVF
UABFIEKSPABJIXCLAFRCSEOTDDFBYTYBJDJTIODIUUCIRGYIZWTCFYROGIXCDZWGWUZLKFXDFAMMHXYGDEYFXEZX
JBDBHCLBCCDGQJEPYFWIJKKASZIWDRBZKNTPEPNNNWWQIDHHRVIOWSIRRGIFMESRBYCVBSDHRCTDSIXECDAMHHHQ
HAADAABEAGNPHZICGFKDSVSCXDRYKOSIWYNDBENROCCUKAEUVDEETMNDITDNHSLDNEHHBUSLKRVCRHJIIDACUGEP
MADNCDFJEXHQXZTFCTWLFMCWWWCEVOYULZGKMJHLTSOGPNYLIBJPRYTUNLDOXIAZSKQGIHINWIRZCQDGHOGVMDBR
WABDEEAJZRGXDOGJCAKWVTWSIPNNDYGEXPLPFZPYFPQXZVWGBSFVVDXKZJSBJWSUDOEPEIMBMZYLBJBCUNBRQZNU
BABBBAZRADPQEXHPLGTGDQGESEOXLEJBPDKZBDKXYPKVCOPYCWZYSQLTWUMQLWDVKGYTFNBYDSOAIETSSMTDXJCJ
TBBCAAACBCKQMFAFGXOQEQAVRXEPBCRETVHIIVPNYQABFOJSWFFJMOLYJOENKJIGRCTAPQCPFCZVYIOIYPHUZDGY
OAAABBBIDMWEQYSLOIGYYGRZCWKYNFTABEBDVOJNJLIJVNPLTRSDZRSQKTIEFBKXRXZLIQONHMUDKZBUJPEAJRBK
DABAIKCGPBFZGERSZKGYZRJLBTVVNQJKVDQZEZXDBXYJKCKEJMOJIQZPIBZOXOJTYVVXBAIRNKQIDIFTVUGBKNPF
JBDBBMKSVAUOLTGCAZDJVAMTBKHKLKDCQHXLWZUMHNOKZNIKDRNVAHAKTAZWDZVBFRAAQAQNFVQEPKWSXIOBNTSF
TBBBDEDNBITMYAAXOMQQOVNUTGFFAHNWUTWUZOGGODWKDUSJTSJMXFNJLLFGMTQAACLCBCIUQJBXXYGFXDYTNDCQ
CBCACDGBBAIMBLLGFHWMKHCEASWUZWWEGGGCDOWKJTYWSPWRLCYRBIJGMFKTHPUHGQRFSCZFNOPRREOQQAKDEMOH
OAAAAAFFGWUMNZSPRBBQJIGNSBBSWMWBBAEISVILOPWYKTQIRJASEYTTPVRNDSYEUTRHQBYEVVLETIGMOTGIXZHM
FACJABCDPTLAHKCLSNFPIDZCQFSTLVIMQIMGASCDEIRPRSHAQPRSFOYYKUCTEMXBUTIHNTJFATPGTALFFKMLMQOU
BABBMXNDOZYKYSEMBRKTXQICMDSNIPYTFWHBQTCENDCYSITDDQOAUHHUWCVUVTZYMLCELUXCCGGIDXYWWCRBPIRA
WAAAUDDKYDEBWNGICHNXCCZKYOFPSJTOLXCSPRPSSIVCQFKISMTERHZHTALKIHIOXUNTLIZMUSICIXBOOBTIINMZ
WACLNAABKVIESFPHDYXGUWEKMFUCRQUNYPMSCESDYBYCDUUFFKJHDKXKSZWWWPKXKQIVZRLKWWPMQQLTOYOFWAEO
ZAABBHADHJBGWEXASUARIJAVGCGOWRRYZGZYCOJGICYDPGVSSPARTTSWLCYTTCJERTXQXVVJQIGDGKBENYIKDNBX
VAABBBIABYTLWCAYAUWMCTHWIEEDTDPNZMLHRFKQUFVPRAZNVYVJUZIORVWRHZTHJWREFXLGFKPRQSERBCOSQFLE
VABOZBDPBIKPSEZBHKYVLPDXQJCHNIJFQGLCASMLXNPLDZYPJLSVNYCKQMYLLYKOFHVYZQRNHOHNAZNPFCCJVEIV
PABCAAAABPGMAWVKLHENYEYZJPZGCWHXVOYLQSWDAERCCIMPYKELOYSXBVTYIKCUGLGDSPPHMHAUVDAHFDWIIPXM
NAAAIJJLODOMQSZEVVNXPQMLLAPKOLIGPZGHEMBULQRMEWKBYPGVJSRNPLFJPRPKURGEOSVDGEEFFBGDCKYKPGKB
UABGIBIKLWZHGSNTPATLZAHFAUEMVCLDXEDKWRJRSZPHEHXAUUWBOJRZXYHTGTDPBFNHEFHYCYPTKICPROHBDUCZ
ACABFCCCQBCSHXXLHFVKKHRRBQFBNSEJUDONRDCJVFHOMCKUFZZALPTUZQFYSGPGFDONXGRMGHGXBHNDDFCBYSTL
ZAAACABMYJFCJNOGJHFTHLMVOOLXPGEKIVEDJJQXVDCVYIIUXVTYRLKDROMDPBJNTLXCVBITQJVVBOEMTPYEQOYQ
WAAAUDDKKBBJMJBHSGUBCBKMJCLBLAWDCHWYOBPYVBPUUMNCUAVZRXROZQXTSRGWNBZGVIXHXMRESPKWSOLHYDQF
RABBVSZYSDOJITZQNKPVXQDTEKMYWAVDDVOXIEGGSSJGLCIYUYSGCOAYBIIQBXMNFRROQXDMOZBXBCLQXJQAYPRL
UABFCEUABBEFGDEMUGIRSWNTBVWMKNREJJYBTDGJRJWTMPYDSTURRPTKJZCSZSPXZLQKEYUHNEMHEHGFZIYMYIQJ
WACLEWHXFZLOFYMDUNBSCYYFRFHUUCHMMBWKXEAEMAFYUSZYFMGNIBOCQTTEOVBCUQYLAEUABTRYSVLARSPAPLGO
BATVACGGEHXJAVPEUPSMMPRAFKQLMQPYURWSGTZQGKTPNRGTHEIMRPQDDKYIHAECDGWFMQFWLCCSKYWYNPNWOXNS
IACEAMVAEEFJMBLCYKWQWNGIJBAOMPNRTIAYYFJLMGNMHGEKPAWTGUGRURDUMLRWTCLBBLMLCEPXJFOKYUCATBHL
PBBPBAPAYYLORCZBZFSZEFKPVJRXXNQGAPZTUXSRQBVQWXIRLTGEFLWPXRUEHXSPVKKFVLJTOTHDARKBUHOFANKE
QAABEAACJCUACNEJZIMIJFULLCNWOAITCWFYABUESOZFMLYLYEIXTGZFLEVEUPFDLXJSOBJMLYOCTHHLOFSRZVYL
OCAAAACCFCFFYLASGFESYUVRQQWUIZGDZTBFZNYIXIDBTAXXPKZFPHFHLVLOYXJQAVZTZDTAMWTIQLWAGWSWYYRW
CAAAACIILSUUAFMHNRSEXLAUGXSLBUJSPJHHXVUHJXPXVBUPCVPKTSJKTYPGPEKQOTXUUEFLDHYENHCDYBLHFBRW
HAFAFZDPTPTEFXGLNFUXHBUZYDSKLNSXPJSNKWBKRYVGBYDCKYNCRICZQJQNTSFUFWHRIUQKDSJIIZBHZVTMBTVN
EADBTCHBBBFROZKXZXLDTZAXQACMYIPOQJGGYPWHFXKICOLZAAQELEYZREUNLKOUDYIHWJGWGNPLOFDOHPRMTHYY
XCBDDKJFGOVGXKDHGVTXHEREFKGFBAGDGYDXLUYLKUSLAZAAJFFJNNETQDOYLQZCJOQGGPFAOOKPMBLVTCUPGQYM
SADDBNWBHACCCNOAQCAXAUFDOHDZXKNYHNOJZUIHTVAJDSDLFCBNRDYLTVLSUGYGEAVTRRSINPOUZZRSWLQRMAGG
CBDAGDDDJOWPCPXDRXWIPIQOBLZRWERIBFWJZWFRYGSYPBBEZDLVGIKUZEKZWGLVTXSTBALOFBYDJDTXYFUGCZSV
XCBHBDPJJJULDMKZAGABWHJWREHDUWZUWIBDBYHRLCMTZKRQDIIGFTNUUGRUHLEJHWCBBFCSPJRDIOCLSTNJECCP
YBBBCESVRRNMAFBFWPCILUTBWGDIUDXQOJRVXAYEEQBUWWZCAGIUQRUIIVJKKGYGUFBCUAXPEOTTCMNLOUGBVXBX
VABOBCDEIINPHVJUUUPVNSWQFFWDGXEWFJJGSCTBSMULTWQUFPERCAHHJPOTEUWTKUCHOEAVPVPAWRIUTNHVBNGC
MADRAAADFFJOLPBBQESFSCTOEZVDVXDFRSBGRFVPIEQAFCOQNJCMRBIOGZLNJCWMSLFTQTKOKCZQQEZQUJFQKPKN
BAAAHLOFEXMFRJGYPHHLGDGNCFNLFYTZDSWQHHJOFOCQMJHSIBRBGOIFWESBIPGFJQXCOLTQJYZTKFHEPSOHGNTD
PBCAIIPGKMUAGXKDTUXHZLICJWQGLEEMZLVLZKRRGDVRSXJZXIQMDTKDOBWQPQGGFTSGLUPPRSHEZTFKOJNZNBRM
PBBPBASDIRBCCKRARVTMIZLVWSTZXSCUJBENHYCEOFXTWXBFMEAZBITEJIPNMQKLBUNSIYBTCJVMLPBRDOMQEEHB
EAAAAGHBXNSPBEZIMMMHATZVKKGXSUNPXJIRHDNKMYELDRYLFAQQSGGGIEFDEFWNKAZLZQGOQSETDWIMHNBLEIUS
YACADLMAUWAEBKZYXWEOEVOWNHFPJMOOOFGTRDVVILCWYFNWMKVNEXXARCBZHWCTODTRYWHATSJSDAQIOLHOOGNA
QAABBBDDDAZUPVWPSMUFXHKRQCZVSEYLRDNMWNPGOVIEOQHFXAYWZVPRMNJNQKNLVSXNUDTSNPTRHUURCZZKQIMO
VABRFHPKULKPJSZOPDOFVRQRLCQZEAVMBPVFSIEUZIJSITFWCDXVJDWICVOHYXZBNFZQUJYFDRKPMWTNCEJEKGCJ
KAABBBEEDINGUABBCCIPLADMERMNLVYTWQVXSTKPRBYMLWISLEHBRJONJMCPLZKYPEVMDNYOCSXTAPWCXCODHPMZ
TBBBDFBBPHMXAQEAMBAFELEZVKPJUKMWRNCLLTHJMNTVOECXNJESMYNDRWNIULISMPYEFOHEZODMXBQNHLANHROC
NAAAILBCDABDMCZDAJAKPSXPWNENMUJSSYVCPXBKRRTMWIRJZQXGTMWKJXLRSOBVMVCACZQXCKDITQCHUZFVSKZT
KACFJUHBGPEOPUCLKEYYLDCCKJIGZVIOCMVIDLTFFOHTBEYBSHFHBJHDREKVEXFGIBQXBZIJUIMVAXJOIQQZBWCK
UAAAAABDDDRHECFMVLZQTPQASLGZEQDKQKVPZBSLYNTCKGMCCSLHYFNINUFHQWBPBJJWDXUOQROLBJXZAVBOZPFK
RABABKDBAAVKTEMQLQYNDPXNVWDPMALDTFMXSVZAJTWEZGUFCRKPZCZSHLXWDJEZYCRDZWHEIJKFYRIKNQLNXPRO
JBBBKANLBCNVPFHXACJWFDIYRQECLSSICOESJNROVTUJEETHOPXPNKFVEBHZYQAZUITCHOLPCTZIMGNKHYVXEBCY
RAARFADDMLOLZWBMCQBVUSQWQXVMMFUTCUUANVBLOQKRRTCZWCRRZSXWQVAHCOAEBSPEPTMFHSPJOEYIEVCBZVPV
RAAAAGMBCDMGMZGJBEEOSBPXDADALNJZMJQIVOIKWXTFGOMAHWQPHGFULQIYKUREYEWFCHEEXYURIXPIJXTPBRQZ
KACFJXAMJIFCYARPOXFDUUWPDDRKRLXJRWHXLHJSJUTJHRZPQMDMMJZGBBMIVJIUHZJWYCLBWYFEPTSITPGHSYYE
WACFBBTKDBQOWIXZSXBRQKAMSKHQQEBHVKAVRIXKCVKUBUJWKMMALVCFJSWTIUCJXBBWIIHLWGJFKLPBFOVWWXNJ
GAADEAAABFKTHCDBRWRMNMQJXRLRGGPYEEXMKMKNZLAJLOMNSAORVGGSLCAAMBHCDHEBFAGBAOBOCWLUWNFQMPYI
PBBBBDFGJBBCWKNMGZQQLKQBYURYRKKJSJYIHMUEKWKFEJVHLOXCYGIHYJYISOVKSAMYHGJGAYRQLCKVDUHVGYKI
VAAAAAAATTFMNZWQEBFVUXVBJKAPJYAGCNEANCDJEHLOCIHHZQFYGMJFFNJVPOVYVWDQNOWIVNYVTULFDCUHFQOZ
FACJCLLMKGXIPAOZKABWBRYPXTQCMLQZXTUJZBLQSGNVPPWOSLGRUOAPDCAANAWUMONIBAOHOWAYQGSTYBQDUMQU
CBBBBGBHLUEZCOZWCATQYAIQHIRCZEBNOLLQMMGCDBNMJQRXUGKJIGVSDQBNRNYXNNSWCPKGFLNNMZMGOMYARHKM
PABCAAADNMIVTFWLBIPSJROFWZGAZXMIXZEVUROMMMKJZMVGOYHWZJEPARTWWYXBDQEAMYIMCQSKBTZSIVHJQJMT
HABBCAQZSMYRRCYMGCNRXYYXJJJAADBAATURPYLDNNBRXFHGULEJWRQPVCBGXKUTOFJJTJKCVQZYXNZEZHZHHBFG
YABHNDKEAAFJCUUPMXFHUPNTDSFANDGNQIFXECJFMRMEZFGJWWGSOYHWZDTUMPFGZQJJTCVZNTHJFRUEYSCJHCRP
GAABBCEFFGQRIEYWGNAFHGBAIZOWUMKXSDGRCDHYQUUOFBRVXHLXXEGFIFKOLSKJCKXUEMMDECRPSMUJXHLFVTXU
XAAAAAAAJNKJDTMIIACWBQWMEGEJHPGPSUXMGYISAGAVHOPKNPZPJPTCXJOFIQMSKIFBVDIZDGPUIBFNUWENBCMS
RABBVTAANCFMIQFCOGQJZHAAIFYEOYIFYBCKVXHIEMEQEVRDRRPRJVMTKIJCLJSEJQYPROPELQNEFUMIHHPIRACJ
CBBBBCCCDEFFKKGWYZYPOKDFCHZRUOAZPMHJRVQTINLNCHNQEWXBTZAXBVFMGJQIMHFILKDZRCUTIKDKEUWEIONL
UABGHYDSTHRSKKQICZVBJDCJPMKDTXTNUHEEIGLCXEPQCJQELAHVCQWUHVRDRUMCYQYQQWILSUDIKURNKOXIHLPR
SACAAAJAANNGRMVSLRIWDILWVEPVMTJUGGSNAPGDUGKZGCVBPXYRNLVMLYZOUQOSWCRKQQRZTVQNZLGIHVCOQQNH
JBBBKBCEBBBCCQNRZKNKIFYZVDVYTGVKOSLMTWTPVPWVUYLMWOKUBTKLOHYOULZIUIJVUAQRSZMCZNEGFZDYGCTK
YBBBDFVNZIIHGAUERZWQJBITZFOLDFXEFKFTJUTQIIOXGTIOTEHYESOLDPDPATYKMQZHWYXYWETOTOIBIHHTFLMU
RABABILGUXSFDFVJODRQAEYWNAFLTTTTYHHNITHJQLZDJSALMGTTHYKEVSJABVIEJPGKMXADLDQDGSKUMOASXIHR
XCBHHAAIBJBINCAYIQHDTYIKYDDWZJMCYLWNPWTKLGPXHKSBTGGIXESFFZVFCXDDUNLJGAMDSGDHZPXOUJLXAFMT
KACFJYACAEFFNXQAPPHFDKBSXZTTIYNHRQPCCMXXSFCRDNJUMENIFWIKJNXDCXQJFJZZPNRWPMHOVFINSJFKJRQP
MADNGCMFAXOCXIEFCKTCJZFRWKWEQPKDYZDDBBANJHRYMAYYDJXLVBBLCLIVODBYHSSKVXJXQNZXCHVMHXKKGQVE
UAFCDAIIMYMZAXDBVMWJQQRUMHTGHVEGNOBWDNHVLZBLCTCBCGYHHXJVYCRGGGSMVPSCFIJYBWMIVHSTJZPFJNWW
SADDBNUHOXQBJOAUSPBUGTAEWDCSYPJWDGIXWEOPAHHPZVIEKTTTBVWBBIUHOECTCLWLDFOTVRQRZTBQTTRCVWIV
QADEHXADELONSVQADUBGFYUEXDBPRTITZNZHWUNBSWYDQSMWBRHHXHKJCTHFKLSPIBVMCTNLJXMETJUSOTUJBCMT
DADHGCMCMIUXWMIPDIMNMMNSYKPRZINDHCDCVCLEVVSNNOUBKGSXZMEOXNUYRRDHJTPJVDWPALFKAHBPQEAWBCGD
FBEHCDEDYRYMEMQADTBTXAACXRZUURYXLKGHLBBLPYAOUERFOTCSKIPKUNJNQJOZFSJSJRBMLFLWFOBCVOZCUXKW
SADDCABFEHDZYLRAEEGLGZGSSIHSMTTBFDSCXGQUOBHEXVRLYHDZILZDSWAMZDDITDTBXHGDJBGFCYBXUHNFDPSD
OAAAAAGCEEQDCUZJVXCMLZTGLENWAFHVQZWGITKIRNXIAUITIEQBNTYCXJOHZKLYWTOQTBEJSWSBKHALWIXGQWNH
FACJABCDPEWODBGTBPWWCZFVDNECXZNDKXSBBHUJSTTGUHCFTTSRUHABPYFBEELKONWHFFPZKRTCGQGWAVDREFWN
MABABAABCRPLYKTCXAEMYHJVEOYSRPUCZAYPIJGPUBWUYTFFAUTSTAUHKWXALSXPVJAYZVJEKKAFSAOSRJBGGIVD
