YES
NB
FA
FB
RP
MR
KR
QE
AP
BF
XV
VE
UL
FK
PB
CO
GP
LY
AR
LU
UN
AE
FO
ZX
OO
HY
NO
QG
QI
KA
QT
IP
VW
JD
GT
OE
FJ
BA
CS
HG
GA
SK
EA
YT
KF
II
IE
HE
HS
KZ
ZL
IS
AL
IO
CP
GK
UG
JJ
OJ
KC
JF
OV
EG
EC
ZT
LS
BI
SO
LB
AG
NP
TR
DZ
HH
PM
IB
GH
OT
KE
CT
DA
TD
BG
PP
IR
VC
LA
CL
GS
KM
BB
WO
MF
VI
BQ
VU
SA
QW
VR
FD
PW
BD
CG
UO
IZ
YS
VY
QO
WX
ZQ
RW
HB
IA
ZN
QL
MG
TW
YZ
PC
KQ
LK
MX
YH
YN
DJ
UE
UX
PJ
HJ
TX
IX
DT
UK
VV
UB
KS
YU
CN
NG
JV
BP
AT
KW
YM
VT
ES
BX
BE
TG
BV
KX
AA
BM
TF
CC
KY
IY
QS
SF
ZD
PV
MP
XI
GY
UH
GG
CD
HL
YQ
FE
JT
MA
IT
YC
PL
DV
XS
VQ
SU
EZ
YI
IG
CR
UA
AB
TN
NY
HZ
RD
DQ
DL
ZO
XT
TT
YV
LO
SS
AH
WV
JS
EU
RK
XA
QM
EL
GO
AO
RR
CK
XK
EI
SM
LG
DM
AD
GL
XR
GX
KU
JK
NN
VN
ON
WZ
WG
YP
WU
MB
GN
RL
XX
XD
FI
CZ
QZ
EH
DD
BW
OX
HC
MO
VL
KB
ML
BO
HP
BJ
IL
WY
GD
ZU
LX
MQ
XH
BR
MW
RY
TO
RO
HM
MI
ZE
ZF
FN
SQ
FQ
JI
YE
KT
RB
CA
QX
EO
CE
YD
TA
JX
JA
OS
XZ
XM
WW
MZ
SR
WE
DY
GV
TQ
UW
QF
JE
RN
ID
FX
RH
NK
TI
OU
VK
LF
UF
VS
GW
EX
RI
PG
HX
TV
QA
SN
JN
MK
PI
RX
IJ
AS
PA
UU
TB
AM
MY
XC
XG
DF
NF
LT
SP
OH
XE
XP
TU
UQ
MH
CF
XO
RJ
FF
HU
SB
BS
NQ
MT
KJ
FH
AV
WH
XW
BT
AF
WC
NS
CM
LW
UC
JW
ME
DB
HF
DS
JU
ZJ
SD
PE
EW
ED
JH
OL
WR
MD
EK
NE
PD
AN
PQ
PY
HO
NV
LD
UM
FU
ZW
AY
GR
LJ
OP
RG
YB
SC
AQ
WL
CJ
KO
OQ
WJ
GC
YO
BY
EP
UR
TM
UZ
MU
NC
PS
EF
QP
NW
DU
RU
VO
RA
TK
XF
SI
JZ
TS
NU
IF
BH
XJ
KP
AJ
UP
LL
ZZ
IC
OM
AC
HV
VA
GU
KD
ZA
NM
DE
DP
HQ
MN
LZ
FP
XN
OC
SH
LI
AW
FW
QN
ZY
GE
LN
TP
EY
GZ
FY
SG
TZ
BN
AI
AU
VM
FZ
EM
VX
GF
KV
CY
ZH
NA
BK
MS
HK
DC
LP
ZP
SV
ND
HT
UI
PN
QQ
IW
JR
EB
DN
IK
BZ
YA
IV
YF
FM
VG
OA
IQ
HW
WS
TC
FV
LH
HI
PF
RZ
XL
HD
WP
MM
JG
SX
QJ
WQ
AK
YW
DR
PR
LQ
TH
TJ
WK
SW
YG
EQ
ZS
OF
KN
ZC
US
CQ
VP
ZB
EN
TL
TY
DX
DO
YY
LR
GQ
QU
PX
CV
QH
XQ
VB
GI
QV
VD
DI
PZ
QR
SE
KI
ZG
YJ
OZ
HN
NI
AZ
SZ
GM
FT
HA
PO
EV
WI
QY
DK
LV
RF
QD
WT
GB
FG
XU
KK
OR
IH
OB
WF
SJ
NT
AX
RQ
EE
DG
JC
UY
ZK
LE
TE
VH
WA
UV
LC
JY
RT
RS
CU
WB
OG
UT
WN
OW
PH
RV
ZV
NZ
ZR
ET
HR
UD
NL
IU
ST
XY
MV
CW
UJ
NJ
MJ
JO
YK
PK
ZM
ER
QB
YR
RE
OK
GJ
DH
WM
FC
CX
KL
FL
BL
KH
NR
BU
IM
CH
IN
DW
QC
NH
JL
EJ
JM
YX
ZI
BC
JB
SY
VZ
PU
JQ
VF
CB
RC
KG
NX
WD
RM
OD
YL
CI
SL
LM
XB
MC
VJ
QK
FS
OI
PT
JP
FR
OY
