YES
YZZZYZZYY
YZYYZZYZZ
YZYZYYYYZ
ZZYYYYZYZ
YYYYYYZZY
ZZYZYZYYY
ZYZYZYYYY
ZZYZZYYZZ
ZZYZZYZZY
ZZYZZYZYY
ZYYZZZZZY
YZYZYZZZY
YYYYZZZZZ
YYZYYYZYZ
ZZYZYYZZZ
ZYYZYYYZZ
ZZZYYZZZY
YYYYZZYYY
YYZZYYZZY
ZZZYZZYZZ
ZYZZYYYYZ
ZZZZYYZYY
YYZYYZZZY
YZZYZZYZY
ZZZZYZZZY
YYYZYZYZY
ZYZYYZZZY
YZZYYYZZY
ZYZYYZYYZ
YYYZYZYYZ
ZYYYZYZZZ
ZYYZYZZYZ
ZYZZZYZYY
YYYZYYYYY
ZYZYYYZZZ
ZZYZYYYZZ
YYYYZYZYZ
ZZYZZZZZY
ZYZYZZYZY
YZZYYZYYY
ZZZYYYZYZ
ZZYZZZYYZ
YYZYZYYZZ
YYYZZZZZZ
YYYYYYYYY
YZZZYZYZZ
YYZZYYYYZ
YYZZYYZYZ
ZYZZYZZYZ
YZZYZYZZZ
ZYZYZYZYY
ZZYYZYZYZ
YZZZZZZYY
ZZYYZZYZY
YZZZZZZZZ
YYZYYZZZZ
YYZZYZYZZ
ZZZZYZYZZ
YYZYYZZYZ
YYYYZYYZY
YYYZZYZYY
ZZZZYYZZZ
ZYYZZYYZY
YZZZYYZZY
ZYZZZYZZZ
YZYYYZZYY
YYZYZZYYZ
YYYZZYYZY
YYZZZYYZY
ZZYYZZYZZ
ZZZZZZZYZ
YZYZYZZYZ
ZYYYYZYYZ
YYZZZZZYZ
ZZZZZZYZZ
YZZYZZZYZ
YYZYZZZZY
YYZYYYZZZ
ZZZYZYYYY
YZYZZYYZY
YYYZZZZYY
ZYZYYZYZY
ZYZZYYYZY
YZZYYYZYZ
YZYZZZYYZ
ZZYZYYZYZ
ZZYYYYZYY
ZYYYZZZYY
YYZZYYZZZ
YZYYYYYZY
ZYYZYYZZY
ZZYYZYYZY
YZZZZZYYZ
YYZYYZZYY
ZZYYZYYYZ
YZYYZYZYZ
ZYYYZZYZZ
ZZYZZYYYY
ZYYYYZYZZ
YYZZYZZZY
YYZZZYYYY
ZZYZYZZZY
ZYZYZZZYZ
YYYYZZYZY
ZZZZYZYZY
YYZYYYZYY
ZZYZZYZZZ
YZZYYZYZZ
ZZZYYYZZZ
YYZZYYZYY
ZZZZZYYYY
ZYZYZYYZY
YZZYZZYZZ
YYYZZYYYZ
YZZZZYYZZ
ZZZYZZYYY
YYYYZZZZY
YYZZYZYYZ
YZZYZZZYY
ZZZZYZZYY
ZYZZYZYZZ
ZYZYYZZYZ
ZYZZYZZZY
ZZZYZZYYZ
YZYZYYZYZ
YZZYYZYZY
YYZZYZYYY
ZYZZZYYZY
ZYZYZZZZY
ZZYYYZZZY
YYYZZZYZY
ZZYZYYZZY
YZYYZZYYY
YZYYYYZZZ
YZYYYYYZZ
YZZZYYZZZ
ZYZYZZYYY
ZYYZYZYYY
YYZZZZZZZ
YZZYZYZZY
YYZZZZYYY
ZZZZZYZZY
YZZYYZYYZ
ZYYZYYYYY
YZYYYZYZZ
ZZZYZYZZY
ZYZZZYYYY
ZZZYYZYZY
YYYYYZYZY
ZYZZZZYYZ
YYZYYZYYY
YYZYZZZYY
YYZZYZZYY
YZZYZZYYY
ZYZZZYZYZ
ZZYZYYYYY
YZYYZYYZZ
ZYYYYYZZZ
ZYYZZZYZZ
ZZZZYZYYY
YYYZZZZZY
ZZYYZYZYY
ZZYYYZYYZ
YZYZYZYZZ
YYZZZZYZY
YYYYZYYYY
YZZZYYYYZ
YZYZZZZYY
ZZZYYYYYZ
ZZZYYYZYY
ZZZYYZZYZ
YYZYZZYZY
ZYZYZZYYZ
YZYZZYYZZ
ZYZZYZZZZ
ZZZYZYZYZ
YZZZYZYYY
YZZYYYYZY
ZZYYYZZYY
ZYYYYYYZY
YYZZZZZZY
ZZYZYYYZY
ZYYYZZYYY
YYZYYYZZY
ZYYZZZZYY
ZZYZZZYZY
YZYZZYZZZ
YZYYZZZZY
ZZZZYZZYZ
ZYZZZZZYY
ZYZZYYYZZ
ZYZYYYZYY
YYZZYZZYZ
YZYYZZYZY
ZZZZYYYZZ
YZYYYYYYY
ZYYZZYYYY
ZZYZZYZYZ
YZYZYYYYY
YZYYYZZZZ
YZYYZYYYY
ZZZYYYYZZ
ZYZZZZYZZ
YZYYZZZZZ
ZYYZZYZZY
ZYYYYYZYY
YYYZZZYZZ
YYYZZYYYY
ZZYZZZZZZ
ZYYZZYZYZ
YZYZYYYZY
ZYYYZYZZY
YZYYYYZYZ
ZYZZYYZZZ
YZZZYYZYZ
YZYYYYYYZ
YZZYYYZZZ
ZZZYYZZYY
YYZZZZYZZ
YYYYZZZYZ
ZYZZZZZYZ
YZZZZZYZY
YZYZZZYYY
YZYYYZZYZ
YYYYZZZYY
YYZYYYYYZ
YYYZYYZYY
YYYZYZZYY
YYYYYYYZY
YYZZZYZYZ
ZYZYYYYZY
ZYZYZYYYZ
YYYYYYZZZ
ZZZYZZZYY
YZYYYYZZY
ZYYZYYZZZ
ZYZZYYZZY
YZZYZYYYY
ZYYZYZYZZ
ZYZYYYZYZ
ZYYYZYZYZ
ZYYZYYYYZ
ZYYYYZZYY
YZZZYZYYZ
YZZZYZZZY
YYZYYZYYZ
ZZYZYYZYY
ZYYYYYZYZ
YYZYZZYZZ
ZZZYYYYYY
ZYYZZYZYY
ZYZYYZZYY
YYYZZZYYZ
YZYZYYZZY
ZZYZYZZYZ
ZYYYYZZYZ
ZYYYYZZZZ
YYZYZYYYZ
ZYYYYYYZZ
ZYZYYZYZZ
ZZYYYZYYY
YZZYYZZZZ
ZYZZZYZZY
YZZZZYYZY
ZYYZYZZZZ
ZYZZYZZYY
YZZZYZZZZ
ZZZYZYYYZ
YYYZYYZZY
ZZZZYYYYZ
YYZZZYYYZ
ZYYZZYYYZ
ZZZZZYYZY
YZYZYYZZZ
YYYZZYYZZ
YZZYYYZYY
ZYYZYZZYY
ZZYYYYYYY
ZYZYZZZYY
ZYYYZZZYZ
YYYYZZYYZ
YYYYZYZZZ
YZYZZZYZZ
ZYZYYZYYY
ZYYZYYYZY
ZZZZYZYYZ
ZYZZYYYYY
YZZYYZZYY
YZZYYYYYY
ZYZZYZYYY
YYZYZYZZY
ZYZYYZZZZ
ZYYZYYZYZ
ZYZYYYYZZ
YYYYZYZZY
ZZYYZZYYY
YYYZYZZZY
YZYYYZZZY
YYZYYZYZY
ZYZYYYYYY
ZZYYZYYZZ
ZZYYZYZZY
ZZYYZYYYY
ZYYYYYYYZ
ZYYYZYYZY
YYYYYZYYZ
ZZYZYZYZZ
YZZYZYYYZ
ZZZZZZZYY
YZZZYYZYY
ZYYYZYYZZ
ZZZZYYZZY
YZYYZYYYZ
YYYZYZYZZ
YYYZYZZYZ
ZYZZYYZYY
YYYZZYZYZ
YYZZZYZYY
ZZZYYYYZY
YZYZYYZYY
YZZZZZYYY
ZYZYZYZYZ
ZYYYYZYYY
ZZZYYZZZZ
ZYYZYZYYZ
YZZZYYYZZ
YZYYZZZYZ
YYZZZYYZZ
ZZZZZYZZZ
ZYZYYYZZY
YYZYZYYZY
YYZYYYYZZ
ZZZZYZZZZ
YYYZYYZYZ
ZZYZYZYZY
YZZYYZZZY
YZZYZYZYY
ZZYYZYZZZ
ZZYYZZYYZ
YYZYZZZYZ
ZZZYZYZYY
ZYZYZZZZZ
ZYYZZYZZZ
ZZZZZZYYZ
ZYZZZYYYZ
YZYZYZZZZ
YZYZZYYYY
YZZZZYZYY
ZZZYYZYYZ
YYZYZYZYZ
ZYZZZZYYY
YZZYZYYZZ
YZYZZYZZY
ZZYYZZZYY
YYYYYYZYZ
ZYYZYYZYY
ZZYZZZYZZ
YYZZYZZZZ
YZZZYYYZY
YZYZZZZZY
YYZYYZYZZ
YZZZYZYZY
YYYZYYYYZ
YYYYYYYYZ
ZZYYZZZZY
ZYZZYZYYZ
ZZYYYYYYZ
ZZYZZYYYZ
YYZZYYYZY
YZZZZYZYZ
YYYYYZZZY
ZYYZZZZZZ
YYYYYYYZZ
YZYZZYZYY
YZZZZZZYZ
ZZYYYYYZY
ZZZYYYZZY
ZZZZYYZYZ
ZZYYYZZZZ
YYYZYYYZZ
YZYZZYYYZ
ZYYZZYYZZ
ZZYZZYYZY
YYYYYZZYZ
YYYZZYZZZ
YYZZZYZZY
ZZYYYYZZZ
YZZYYYYZZ
ZZYZZZZYZ
ZZYZYZZZZ
ZYYYYYYYY
YZYYZZYYZ
YZYYZYZZZ
YZZYYZZYZ
YZZZYZZYZ
YZZZZYYYY
ZYYYYZYZY
ZYZYZYZZY
YZYYZZZYY
YZYYZYYZY
YZZZYYYYY
YZZYZZZZZ
YZZYZZYYZ
ZZYZYZYYZ
ZZYZYZZYY
ZZZZZYZYY
ZYZYYYYYZ
YYZYZYZYY
YZYZZYZYZ
ZYZYZYYZZ
YZZZZZYZZ
ZYZYZZYZZ
ZYYYYZZZY
ZZZZZYZYZ
YYZYYYYYY
ZYZZZZZZZ
YZYZYZYZY
ZYYYZYYYZ
YYYZYYYZY
ZYZZYYZYZ
YZYYYZYZY
YZZYZYYZY
YYZZZYZZZ
ZZYYYZYZZ
YYYZYZZZZ
ZYYZZZZYZ
YYZYYYYZY
ZYZYZYZZZ
YZYZYZYYZ
YYYZYZYYY
ZZYYYZZYZ
ZZYYYYZZY
ZZZYZYYZY
ZZZYZZZYZ
ZYYYZZZZY
ZYZZYZYZY
YZZYYYYYZ
ZZZZZZZZZ
ZYYYZYYYY
ZYZZZZYZY
ZZZYZYYZZ
YYYYYZZZZ
YZZYZYZYZ
YYZYZYYYY
ZZZZYYYYY
ZZZZZZZZY
YYZZZZZYY
ZYYZZZYYY
YZZZZYYYZ
YZYZYYYZZ
ZYYZYZZZY
YYYYYZZYY
YYYYZYYZZ
ZYYZYZYZY
YYZZYZYZY
YYZYZZZZZ
YYZZZZYYZ
YZYYYYZYY
ZYYZZZYZY
YYYYZYZYY
ZZZZZYYYZ
ZZZZYYYZY
ZYYYZZYYZ
YYYZYYZZZ
ZZYYZZZZZ
YZYZYZZYY
ZZYZZZYYY
ZZZYZYZZZ
ZYYYZZYZY
YZYYZYZYY
ZYYYYYZZY
YZYZZZZZZ
YZZZZYZZZ
ZYYYZYZYY
YYYZZYZZY
ZZYYYZYZY
ZYZZZYYZZ
YZYYYZYYZ
YZZZZYZZY
YYZZYYYZZ
ZZZYZZYZY
ZZZZZZYYY
YYYZZZZYZ
ZZZYYZYZZ
ZZZYYZYYY
YYYYYZYYY
YZYZZZYZY
YZZYZZZZY
YYYYYYZYY
YYZZYYYYY
YZZZZZZZY
ZZZZZZYZY
YYZYZZYYY
ZYYYZZZZZ
YYYYYZYZZ
ZZZYZZZZZ
YYYYZZYZZ
YYYZZZYYY
ZYYZZZYYZ
ZZYZYYYYZ
ZYZZZZZZY
YYYYZYYYZ
YZYYZYZZY
YZYZZZZYZ
ZZZYZZZZY
YZYYYZYYY
ZZYYYYYZZ
ZZYZZZZYY
ZZYYZZZYZ
YZYZYZYYY
YYZYZYZZZ
ZZZZZYYZZ
