YES
BBBABAAABB
BABBAAAABA
AABBABAAAB
AAABABBBAA
AABABBBAAA
AAAAAABBBA
ABBABBBBAA
BAAAABBABB
BABABABAAA
AABAAABAAA
AABBBBABAA
BBBABABBAB
AABAAAABBA
AABBBBBBBA
BBAAABBAAB
ABAABABBBB
BAABAABAAA
ABABBBBBBA
BBBBABBAAA
BABAAAABAA
BAABAABABA
BAAAAABAAA
ABABBBBABA
BBBABAABBA
BABABABABA
BAABBBBBAA
BAABABABAB
BAABBBBBAB
ABAABABBAA
ABBAABABBB
ABABABBABA
AABAABAAAA
BBBBABBABB
ABAABAABAB
BAAAABAAAA
BBBBABBAAB
AABABABAAA
BABABBBBAB
AABBBABBBB
BAAAABBBBA
AABABABBBB
ABBBBABBAB
ABBABABBBA
BAABBBBAAA
ABABABAABA
BABBBBBABA
BAAABAABAA
BAAABABBBB
AABAABAABA
BAAABBABBB
ABBABAAABB
ABAABBABBB
AAAAAABAAB
AABABBBAAB
BABAABBABA
BBABABAABA
BABAAABBAB
ABBBAAAAAA
AABBABAABB
BAABBBAAAA
BABBBBBBAA
AABBAABBAB
ABABBBABAA
BBBBBABAAB
BABAABBAAB
AABABABBBA
BBAAABBBAA
ABAAAAABBB
ABBABBBABB
ABAAABBBBA
ABBBAAAAAB
AABABAAAAA
BAAAABABAB
AAABABAAAB
ABAAABBBAA
AABABBBBAB
ABABBBBBAA
AABBAAABAA
BBABBBBBAA
AAAAABBABB
ABABAAAAAA
AAABABABAB
ABBAAABAAA
BAAAAAABBB
BBAABBABBA
BBABAABAAB
BAABBBAABA
BBAABBABAA
ABBABBBABA
BABAABABBA
BBABBABBBB
ABABBABAAB
AABAAABABA
AAAAABABAA
BAABABAABB
AABABBBBBA
AABBBBBBBB
BBBAABAABB
BABABAAABA
AABBBAABBA
AAABBAAAAB
AABBBABABB
BBAABABBAB
BBBABBBBAB
BBAAAABAAA
BAAABBBABB
BAABAAAAAA
AABBBABAAA
AABAABBBBA
BABBBABABA
BAABBBABAB
BABBBABBBA
BBABBAAABB
AAABAAABBB
BAAAAABBBA
BBABABABAB
ABBBABBBAA
BAAABBAABB
BABBBBAAAB
AAABABBABA
BBBAABAABA
ABAABABABB
AABBABBAAB
BAABBABAAB
BABAAABABA
AAABABABBB
BABBBABBAB
ABBAABBBBA
AABABAAABA
BBAABAAAAB
BAAABABBBA
AAAABAABBB
BBAAABABAA
BBAABAABAA
BABBABBAAB
ABAABBAAAA
BBAAAAABBA
ABABABBABB
BABAABAABA
BBBABBABBB
ABABBBBAAA
ABBBABBBAB
BABBBAAAAA
BBAAABBABB
ABBBAAABBA
ABBAAAABAB
AABBBBABBB
BABBABABAA
BABAABBBBB
ABAAAAABAB
BABBBABBBB
BAABABBABA
BABBAABBAB
BAABAAABBA
AABBAABAAB
AABAABABBA
BABABBBAAB
BBAAAAAABA
BBABBAAABA
ABAAAABABB
BBAAABBBBA
AAAAAABABB
BBAAAABBAA
BBAAAABABA
AAABBABBBB
ABABABABBB
ABBABBBAAB
ABAABBAABB
AAAABBAABA
AABBBBAABA
AAABBABABB
BBBBBABBAB
ABAABBBBBB
AABAAAABBB
ABABAAABBB
BBAABABBAA
BAAABABBAB
BBAABBBAAA
BABABAABBB
ABABBABAAA
BBAABBBABA
BBAABBABBB
BABBBABAAA
BBBABBABAA
BABAABBAAA
AAAAAAABAA
AABBAABBBB
BABABBAAAA
ABBBBBAAAB
BBABBAABAB
AAAABABBAA
AAABBBAAAA
BBBAAAABAB
BAABBABBBA
BBBBBBAABA
AAAAABBBBA
BAABBAAABA
AABAAAAAAB
BBBABABABA
AABBBAAAAA
AAABAAAABA
BABAABBBBA
BAAAABABBB
AABAABBABB
BABAABABAA
BAAAAAAABA
BAAABBBBAA
BBBBABABBB
AABABAAAAB
BBBAABABAB
BABBBBAABA
BBBBBAAABB
AABABBBBAA
BAABBBABAA
AABBAAAAAA
BAABABBBBA
BAABBAABBA
BABBAAAAAA
BBBBBABAAA
ABBBABAAAA
AAAAABABAB
BBBAAAAABA
ABBBAABBAA
BBAABABAAA
AAABBABBBA
ABABBAAAAB
BBABBBBBBA
BBBBAAABAA
AAABABBABB
ABBBBAAAAB
ABBBBAABAA
BABBAAABBB
BABBBBAABB
BBBBAAABBA
AABBBBBAAB
AAABABAABA
BABBABAAAA
AABABBBABB
ABBAABBAAA
ABBABBAABB
ABABABABBA
BBABBAAAAB
ABABBAABAB
BABBBBAAAA
BABBBAABAA
AABAABABAB
BBAAAAABAB
BAAABAABBB
BBAAABAABA
BBBAABBABA
AABBAAABBA
AAAAABBBBB
ABAAABABAB
ABBAAABBBA
BBBABBBAAB
BAAAABBAAB
BABBBABBAA
ABABBBAAAB
BBABAAABAA
AABBBAABBB
AABBABBBBA
AABBAABBBA
BBAAAABBBA
BBBAABAAAA
BBBABBAABB
BBBBBAABAA
BBABBBBBBB
BABABABBBB
BABBBAAABA
AAABBBBBAA
AABABAAABB
AAABABBBBA
BBBBBABBAA
BAAAABABBA
ABBBABABAA
BBBABBAAAB
BABABABBAB
AABAABAAAB
BBBBBBABAB
ABBAAABABB
ABBABBBAAA
BAAABAAAAB
AAAABABAAB
ABBBAAABAA
BBAABAAABB
AABBABBABA
BAAAAABABA
BBBAAABABB
BABBABBBAB
ABAAAAAABA
BAAAAABAAB
BBABABBABB
AABAABBBBB
BAAABAABAB
BBABBBABAA
BBBAABBAAB
BAABAAABAA
BAAAABBBAB
ABAAABBBAB
ABAABAABBB
BABABAAABB
BBAABBABAB
BBBBAAABBB
ABAAABBABB
ABBABAAABA
BBBABBBABA
BAAABBABAB
BBBBBABABA
BAABABABBA
BABBABABAB
BAABBAAAAA
BBABBAABBB
BABBBBBAAA
BBBAAABBAA
BABBABBAAA
ABBBBABAAA
BABBBABABB
BAABABBAAA
ABAAAABBBA
AAABABABBA
BABBBAAABB
ABABAAAABA
ABAABBABBA
ABAAABABAA
AABABAABAA
BAABAAABAB
ABAABBAABA
AAAABAAAAA
BABAAAABBB
BABAABBBAB
ABABBAABBA
AAAAAAAAAA
AAABAABBBB
ABBABBABBA
BABAAAAAAA
BBABBABAAB
BBAAABAAAB
ABABBAAABA
AABBBBAAAB
BABBAAABAB
ABAABBBABA
BABAAABAAA
AABBBBBBAB
BBBABBAABA
BBABABBBAA
BABAAAAABA
AAAAABABBB
BBBABBBABB
BBBBBABBBA
BBABBBAABB
BBABBABABB
BAABBABAAA
AABBBAABAB
ABBBAAABBB
AABABBABBA
ABAABBAAAB
AABBBBAAAA
BBBAAAABBB
BAABBBBBBB
ABAABABBBA
BBAABAAABA
BBAABBAAAA
AABAAAABAB
AAAAAABBAB
ABABAABABA
BBABAABAAA
BBBBBBABAA
AABABABAAB
BAABAAAABB
AABBBABAAB
ABBABABBBB
AABAAABABB
BBBABAAABA
BBAAABBBAB
AABBAAAABA
BAABAAAAAB
AAABAABABB
BAAABBBAAB
ABBAAAAAAA
BBAAABBAAA
ABBABAABAA
AABABBBBBB
AAAAAAABBA
BBBABABBAA
AAABBBAAAB
BBABAABBAB
ABBBABBBBB
BBBBBAABBB
BBAAAABABB
ABBABABAAA
AAAABBBBBA
BABABBBABA
BAABBBABBA
BABBBAABBB
BBABBBBAAA
BABABAAAAA
BBBBBABBBB
ABBAAABBAB
BAAAABAAAB
BAAAAAABBA
AABABAABAB
BBBABABAAA
BBABABABAA
BAAAAAAAAA
AABAABAABB
AAABBAABAB
AAABAAABBA
ABBBBBAAAA
BABABBAABA
ABAABAABBA
BBBBAABBAB
BABBABAABB
BABAABABAB
AAABBABAAA
ABAAABAABB
BAABABAAAA
AAABBAAABA
BABABABABB
AAAAAAAABA
ABBBABABBB
AABABABBAB
BBBBAAAAAA
BABAABBABB
ABAAAABBBB
BABBAAAABB
ABAAAAAAAA
ABABBABABA
ABABAABBBB
AAAABBABAA
BAABABBBAA
ABAABAAABB
AAAAAAAAAB
ABAAABABBA
AABABBAAAB
BBABAAABAB
BABBAABBBA
ABABBBAABA
BABBABBBAA
ABAABAABAA
AABBBABABA
AAAAAABBAA
ABBBABAABB
AABABBABAA
ABBAAABABA
AABAAABAAB
AAAABAABAB
BAABABBABB
BBABBBBBAB
ABAABBABAB
AABAABABBB
AABBBAAABA
BABABAABAB
BBBABBBBBB
AAABBAABAA
ABBAAABBAA
BBBABABAAB
BBAABBBBAB
BBAAAABBBB
ABBBABABBA
BABAAAABBA
BBBBBBAAAA
ABAAAABAAB
AAABBAAAAA
AAAABABBBB
ABAABAAAAA
BAAAABBBAA
ABBAABBABA
BABABBBBBB
ABABAAABAB
BABABAABAA
AAABAABABA
AABBABABBB
ABAAAABABA
AAABABBAAB
BABABAAAAB
ABBABABABB
BABAABAABB
ABBABBBBBB
AAABAABAAA
BBAABBBBBB
ABABBBBABB
AABBBABBAB
BBBAAABABA
BAAAAAABAA
ABBBABAABA
ABBAAABAAB
AAAABBBAAB
BABABBBAAA
AAAABABBAB
BAAAABBBBB
ABBAAAAABB
AAAABBAABB
BABBAABABB
BAABBABABB
AABBAAABBB
AAABABAAAA
AAABBBBABA
AABBABBBAB
AABBAABAAA
BBBBAAAABA
BAAABBABAA
BBBBAAAABB
BBABABABBB
AABAABBAAB
AAABBBAABB
BBAAABAABB
BBBAAABAAA
BBBBAABAAB
AABBBAABAA
AAAABBBBBB
BBBBABABAB
AAABAAABAA
BAABABBBBB
BAAAAAABAB
BBBBBBAAAB
ABBAABABAB
ABABBBAAAA
BBAAABABBB
BBBAABABBB
BAABAABBBB
BABBBBABBA
AAAAABAABA
BBABABBAAB
ABBBABBBBA
BBBBBAABAB
AABBBAAAAB
ABBAAAAAAB
BBAABABABB
BAAAABBABA
ABBAAABBBB
BBBABABBBB
ABBBAABAAA
ABABBABBBB
BBABBBBABA
BABBAABABA
AABABAABBA
AAABABBBBB
ABBBBABBBB
BAAAABABAA
AAAAAAABBB
AAABBABAAB
ABAAAAABAA
ABBBBAAABB
BBBAAAABAA
ABAABABAAA
BBBAAABBBB
BAAAAABBAB
ABBBBABABB
AAABBAABBA
ABABABAABB
BBAAAABBAB
ABABAABABB
BBAABAAAAA
ABAABBBAAB
AABAABBABA
AABABBAAAA
BBAABBAABA
AAABAABAAB
ABBABABBAB
AAAABBBBAB
BAABBAAABB
BAAABBABBA
ABABAAABBA
BAAABABAAB
BBAAABBBBB
BBAABAABBB
AABAAABBBA
BBBABABABB
AAAAABBBAB
BABBABAABA
BAAAABAABB
ABABAABBBA
AAABABBBAB
BBBAAAABBA
ABABBBABBB
BABBAAABBA
BBBBABABBA
BABBBBBBAB
AAABABAABB
AAAABBAAAB
BBBBBBAABB
BABAAABAAB
BBABABBBBA
ABBBBAAABA
BAAAABBAAA
BAAABAAABA
ABBAABAABB
AAAAABBAAB
ABBABAAAAB
BABABBBBBA
AAAABAAAAB
AABABBBABA
BAABBAABBB
BAAABAAAAA
BBABAAABBA
BBBABAAAAB
BAABBBAABB
BABAABAAAA
BBBBABABAA
BBBBABBBBB
ABBAABBBBB
BBABAAAAAA
ABBBABBABA
BBAABABBBB
AAAABAABBA
BBBBABAAAA
AAABAABBAA
BAABAABBAA
BABABBABBB
BBABABBBBB
AAAAABAAAA
BBBBAABABA
BBBAABBABB
BABAAABABB
AABAABBBAA
ABBAABABAA
BBABBABBBA
ABAAAAABBA
BAABBBBAAB
BBBABBBBAA
BABAAABBAA
ABAABBBBAA
BBBBABAABA
AABBAAABAB
BBABBABBAB
BBABBBBABB
AAAABBBBAA
ABABABAAAB
BABBBAAAAB
ABBAAAABBB
BBAABBBBBA
ABAABBBBAB
BBBABAABBB
BBBAAAAAAA
BBBABBBAAA
ABABABBBAA
AABABABABB
BAABBAAAAB
BABAAAAABB
AAAAAABAAA
BABBBAABAB
ABAAABBBBB
AABABABBAA
ABBBAABBBB
BAABBAABAB
ABAABABAAB
BBAAABABBA
AAABAAABAB
ABAABABBAB
BBABBAABBA
AABBABBBBB
AABBBBBAAA
AAAABABABA
BABBABBABA
AAAABAAABB
AAAAABABBA
BABBBBABAA
AABBABABBA
AAABBBABAA
BAABABAAAB
BBAAAAABAA
BAABAAAABA
ABBABBAABA
BBAABBAABB
ABABBABABB
BBABBBABAB
ABBBABABAB
BBBABBABAB
BBBBABBBBA
ABAAAABBAA
BBBABAABAA
BBBBAABBBA
ABBABAABBB
AAABABABAA
BAABBBBBBA
BABBABBBBA
ABABBAAAAA
BBABBBBAAB
AABBBBBABB
BBAABAABAB
ABBABBABAB
ABBABAABAB
ABAAAAAABB
BBBAABBAAA
BBABABAAAA
BABAABBBAA
BBBBAABAAA
BBABBABAAA
ABABBBBBBB
AAAAAABABA
BBABABBAAA
BABBBBABAB
AAABBBBABB
AAAABABBBA
ABBBAAAABB
AAAABBABBB
ABABBABBAB
ABAABBBAAA
BBABABABBA
AABABBAABA
AABAAAAABA
ABABAABBAA
ABAAAAAAAB
BABBBBBBBA
ABABBBAABB
BABABABAAB
AAAAABBBAA
BABBAABAAB
BABBABAAAB
BABBABABBB
ABAAABABBB
ABBBBAAAAA
BABBBAABBA
ABBABABABA
AABBBABBAA
BBBBABBBAB
ABABBBABBA
AAAAABBABA
ABBBBAABBA
BBAAABBABA
ABBABBABAA
AAABBBBAAB
BBABBAAAAA
AAAABBABAB
BAAABAABBA
AAAABABABB
ABABAABBAB
BABABBABBA
BBABBAABAA
BBBABBAAAA
ABBAABBBAA
BBABAABABB
AAABBBBBAB
ABABAAAABB
BAABABABAA
BAAAAABBBB
BBBABBABBA
BBBAABABBA
BAAAAAAABB
AABBABBABB
AABAABBAAA
AAABBBABBB
BBABAABBAA
AABBBBAABB
ABABBAAABB
BBABBBAAAA
AAAABAABAA
BBBBBABABB
AAABBBBBBB
BBBBABAABB
BBAAAABAAB
AABAAABBAB
BBBAABBBAA
ABBAAAABAA
BBBBABBBAA
BBBAABBBBA
BBBBAAABAB
BAABBABBAB
BBABAABABA
ABBABAAAAA
BBAAABABAB
BABBABBABB
ABAAAABBAB
AAABAABBAB
AAABBBBAAA
AAABAAAAAA
BBBBBAAAAA
AAAABBABBA
BAABBABBBB
ABBBAABBAB
BBABAAABBB
AABBBBBABA
AABBABBAAA
BBAABABBBA
BBAABBBAAB
AABAAAAAAA
AABABBABAB
BAAABABABA
AAAAAAAABB
ABABABABAB
BBBABAABAB
AAABBAABBB
AAABBABBAA
ABBBAABAAB
ABBABBABBB
BABAAAABAB
BBABBBAAAB
ABABABAAAA
AAABBAAABB
BAAAABAABA
AAABBBABBA
AAABAAAABB
ABAABABABA
BBBBAABBAA
BBABAABBBB
BBBAAAAABB
BAABABAABA
ABBBABBABB
BBBAAABBAB
BABBBBBBBB
BBBBAABABB
BBBBAABBBB
ABBAABAABA
ABABAABAAB
BBBABABBBA
ABAAABBABA
ABBBBAABBB
ABABABBBBA
ABBABABAAB
BBBBAAAAAB
AABBBBBBAA
ABBABBBBBA
BBABBABABA
BAAABBBAAA
AABBAABBAA
AAAAAAABAB
BAAABAAABB
BABBAABBBB
BBABBBABBB
AAABBBAABA
AAAABAAABA
ABBAABBAAB
BBABAAAABA
BABBAAAAAB
AABBABABAB
AABAABBBAB
ABBABABBAA
BBAABBBBAA
AAABAABBBA
BBBAAABBBA
BABABBABAB
BBBBABBABA
AAAAABAABB
ABABABABAA
ABBAAAABBA
AAAABBBABB
BABABAABBA
ABABABBAAB
BBBABAAAAA
ABBAABBBAB
BABBBBBABB
BBABBBABBA
BBBBBAAAAB
AAAABBBAAA
ABBABAABBA
AAABABBAAA
ABABBAABAA
BBAAAAAABB
BAAABBBBBA
AAAAAABBBB
BABABABBBA
ABBBAABBBA
BABABBABAA
AABBBBABAB
BBABBABBAA
AAABBBABAB
AABBABABAA
BAAABABAAA
BAAABBAABA
BBABAAAAAB
ABAAABAABA
ABBBBABBAA
BBBAABAAAB
BAABBBAAAB
ABAAABBAAB
BBAABABAAB
ABBBBAABAB
BAABBABABA
BAAABABABB
AAABBABABA
ABBBAAAABA
BAAAAAAAAB
ABBAAAAABA
BAABABBBAB
BBAAAAAAAA
ABBBBABABA
ABABBAABBB
BABBABABBA
AAABBABBAB
BAABBABBAA
BBAABAABBA
AAAAABAAAB
BBBBABAAAB
BAABBBBABA
BABAABAAAB
BAABBBBABB
AABAABABAA
BABAAABBBB
BAAABBBBAB
ABBAABABBA
BBABAAAABB
ABBAABBABB
BBABBBAABA
BAAABBAAAB
AABABBAABB
BABABBBABB
ABBBBABAAB
BAAABBBABA
BABABBBBAA
AABBABAABA
ABAAABAAAB
BAABBBABBB
ABABBBABAB
AAAAABBAAA
BAABAABBAB
AAABBBBBBA
ABBBBABBBA
BABAABABBB
BABBAAABAA
AABAAAABAA
BBBAAABAAB
AABAAABBAA
ABBBAABABB
AABAAABBBB
BBABAABBBA
BABBBABAAB
ABAABBBBBA
ABAABBBABB
ABABAABAAA
BABABBAABB
ABABABBAAA
AABBBAAABB
AAABAAAAAB
ABAAABBAAA
ABBABBBBAB
ABBABBAAAA
ABABBABBBA
ABBABBAAAB
BBAAABAAAA
AABBBBABBA
BAAAAABBAA
BABBBBBAAB
BBABABAAAB
BABBAABBAA
ABAAAABAAA
BABBAABAAA
AABABBABBB
AAAABBAAAA
ABABABBBBB
ABAAABAAAA
AABBAABABB
AABAAAAABB
ABAABAAAAB
AAAABBBABA
BBAABABABA
BBBBBAABBA
BAABAAABBB
ABBAABAAAB
ABABBBBBAB
BBABABBABA
BBBAABBBBB
ABBAABAAAA
BABBBBABBB
AABBAAAABB
ABABAAABAA
ABABABBBAB
ABAABBABAA
AAAABABAAA
BAABABABBB
AABBAAAAAB
BBBAAAAAAB
BBBBBAAABA
BAAABBAAAA
AABABAABBB
BABBABBBBB
BBAABBBABB
BBABABBBAB
BAAABABBAA
BBBAABBBAB
BBAABBAAAB
ABBBABBAAA
AABBBABBBA
BBAAAAAAAB
BBAAAAABBB
ABBBABBAAB
ABABBBBAAB
BABAAABBBA
ABBBAABABA
BAABABBAAB
BBBAABABAA
BBBABBBBBA
BAABAABAAB
BABABBAAAB
ABABBABBAA
ABAABAAABA
BAABAABABB
BAAAAABABB
BAAABBBBBB
AABABABABA
AABBAABABA
ABBBAAABAB
BABABABBAA
BBABABAABB
BAABAABBBA
ABABAAAAAB
AABBABAAAA
ABBBABAAAB
AABBABBBAA
BAABBAABAA
BABAAAAAAB
