YES
JEI
CHI
HFJ
EGD
BAG
IEA
HGJ
FAE
FHF
JIG
CIB
FCC
IJH
FJG
BFH
AFB
BJG
EEA
HFE
AFG
AJI
EAG
JEA
CBE
FHB
EIC
EFH
FDC
HAI
JGC
HFH
AGF
GFI
BJA
EEF
GCD
FGE
DEC
CEH
BAA
IFB
GAA
DEI
BDG
FCA
FEC
GCB
BAI
AFH
IIC
ABF
BCA
ACE
DCC
EFC
ACD
ABE
DEF
BBF
FIB
FDB
IAI
FFG
HBB
CFH
JCH
BHD
AIB
BCJ
CDE
CCC
GJI
FID
BHF
DHF
JHB
ECI
IBE
JAJ
CEB
BCI
EDF
CDF
JCE
HHC
CED
CCJ
CEF
FFA
FAG
HHG
ABH
EID
FJC
BJD
AGG
GHJ
ACF
IHE
BBA
DJC
JED
IDF
FDF
AAI
CCF
BGI
DJF
JJD
DFH
DCA
GBD
AFD
FDE
BHJ
FII
AID
GCJ
BFJ
FBI
EAH
HCG
CHG
EDC
AIF
FIA
GFF
BEA
IEE
AJA
ACH
HGG
IJI
BJC
FEG
AJG
EIE
ABG
JAG
DFB
HID
AAF
IIJ
ICA
BHH
FBB
HFG
GHF
CIA
BCH
IBD
IAA
FBE
GFG
GAD
ICI
IED
BAB
AHE
IBI
CAE
CEI
DBG
GAJ
AJJ
IBA
JCD
CFJ
GIJ
BJB
JAC
GEE
JHH
JJH
ADE
DCI
HDF
CCG
HFC
DCF
EBJ
HBH
DBA
DJH
GJE
FIE
EHH
DCJ
FAD
DFC
BAC
EFD
EAJ
CIG
CGD
JFB
AIE
AGH
HFB
BIF
DCD
ECC
AIC
CGF
IEH
JJF
GII
HAA
CEJ
HHJ
GAI
FGA
DBE
DEE
BED
GAG
JDF
GBI
FGD
ABC
IDG
IAH
GEB
ICE
GBC
GDF
ABB
HFI
FEE
HHH
EIG
JFE
DJA
IHB
FJE
JBE
DBJ
AEE
JBF
IBJ
HDI
EJH
CAG
CBH
GJF
GEA
FAI
BEH
GIA
CFF
IHG
BAF
AAB
DIE
AFC
IGB
JHA
CGH
FJJ
DHE
JAD
CIJ
IJF
JEF
JGE
JCI
FED
CFB
CGC
BEB
BBD
CEA
GAF
DFF
EFA
IGF
BDD
AFA
IHJ
FJH
DEG
JAA
CHC
CCA
ABJ
CCI
GHG
IJD
FFH
GCH
CBJ
BFB
CJB
CBI
GHC
GHH
CGJ
ICG
JIC
FBH
JHC
CFC
FCB
HDJ
IHD
HHD
ICF
CIC
JEE
EIA
EAI
FFD
CAJ
JAF
CBF
CIE
BBJ
DIB
JFC
GDJ
EEJ
ECJ
DAH
CAF
DDB
HDB
FCH
FGG
HEI
HGD
JGG
HBC
HHE
EHA
CDA
FEB
IDD
BHE
BFF
JFF
HIJ
JJA
FDJ
CJI
GJC
JAH
CII
CGE
DFE
JIJ
EFG
HBI
HIA
GCI
HBA
AEH
BHA
DAF
JBI
HCB
JIB
AJE
EEG
EJJ
GFB
FEH
FHH
BCG
DAE
AGB
IAG
GIF
ADJ
FFE
HIF
JEG
DJE
EIJ
GAE
IIH
GJD
FEA
BGA
ECB
CBB
DIF
CJF
EFI
IIF
JAI
AAJ
AFI
GIG
FIG
CFI
BDI
CCH
GHE
DAJ
FGF
IBG
CDB
GFA
FDH
IGJ
FDI
JDE
AIG
HDH
ECF
ABD
BGH
JDG
DBC
FEJ
IJB
EHG
JGB
IFF
GBJ
JID
GFD
GJB
EJG
EAA
GED
IHA
EFF
CJE
GCG
ACB
EJD
HGB
EFJ
BIE
IDB
GCE
FAC
DDA
HCI
ACJ
EDH
BFE
DDF
GGB
AHA
BIH
JHI
DAG
FFB
EDD
FAH
GCA
IFG
FBF
CEC
HAB
ACC
FHJ
JJE
GGC
JGF
HAC
DGE
GGF
HIH
IFD
BCB
FHD
DDJ
BII
HIB
ABA
EII
JFH
ACG
FGB
EBH
HCE
IDE
AJB
IGC
FFC
ADH
BGE
BBC
EDJ
EAC
HCA
DGD
DAB
CGA
DGH
ICJ
GEJ
HAJ
IJJ
FCI
JGI
HHI
CDD
FDG
CFD
AAA
GAC
CAB
JFI
IBC
EHE
DCG
DJI
DHI
EJE
AIA
EEH
GBF
CJH
ADD
AEJ
CHJ
IEF
DDD
EJF
HCC
JDH
GBG
CGG
BAH
EGB
JGJ
JBA
ECD
BDB
DHH
BEJ
HED
DGF
EAD
ADA
AEA
FAA
IHF
AGE
FFI
DFG
GID
IDI
DHA
DBH
BAE
BEG
EJB
DIC
GGI
IFH
EEE
CGB
DDH
FEI
ABI
AGC
CEE
JHG
BCE
IGI
GCF
DCH
IFI
HJB
BJH
JJJ
GDD
EIF
EGC
JGH
BIG
BCD
GAH
GDI
HDA
JDC
HJG
EFE
EDA
IDJ
JCB
JJB
AEC
BID
HJE
GIC
AEG
AGD
EAB
BDE
CCB
GFC
FHI
HDE
FGI
GIB
BJI
GGJ
HEH
HJH
DJJ
ECE
HBE
CJJ
AJF
FIF
EGE
FHE
EGF
CAD
ECH
ACA
FCF
HGI
HAH
GGD
IAD
FFJ
FCJ
AHG
IHI
AAE
IEB
FJB
EGH
JEC
CHH
FGC
JBJ
EEI
EAE
FDA
IFC
EBE
EDB
HEF
EHI
EHB
FJF
EBB
JDB
GHD
DIA
HEG
GJG
FFF
DGA
IIB
IJE
ICC
HAD
JDA
GHA
BIJ
GCC
CHF
HIC
EGG
ECA
CAI
IAJ
AGA
DAA
BEE
GBB
DHB
CHA
CHD
CJA
AFF
HFD
AHJ
HDD
DBI
IAF
FIC
DGI
ACI
GAB
HEE
JJG
EGI
HII
DFA
BIB
AED
IFJ
HHB
ADI
BIC
EBF
HJD
DHC
CBC
FCG
HJJ
CAH
EBI
EIB
DJD
DEJ
GDG
JCC
GFH
HJI
AAH
FGJ
CHE
JFJ
DBF
DAD
AAG
JAE
HFA
AHD
GHB
JHD
GBA
GGE
FAJ
EEB
EHD
GHI
HCD
CGI
EHJ
BGB
DFD
CEG
IHH
DEA
BCF
FAF
GIE
FCE
HCF
EBA
DIG
AEI
JJI
CFG
IEC
JBC
BEI
CFE
FBG
IGG
AJC
JIE
JFG
HBD
FAB
HJA
CIF
DII
JJC
FHG
BHB
IEG
GGH
IGD
III
JBG
FBD
BFA
JCF
JCJ
BBE
FJA
HJC
JIF
FBC
FCD
FHA
ICD
JBB
CJC
HCH
CDJ
HGC
IIA
GDH
CDC
AEB
DAC
BFI
EGJ
EBG
IDA
DIJ
FDD
HEB
CBG
AAC
EJA
EBC
HEA
DEB
ADB
ICB
GJJ
GEC
JIH
CIH
BEC
EED
HGF
GEI
GDB
EAF
EFB
GDC
AGI
BIA
DHG
HAF
JCG
GGG
IHC
CCE
BAJ
EEC
EBD
JII
IGH
ADC
DID
JEJ
JBH
GEF
CDH
HFF
FEF
DED
DFJ
GEG
BBB
CJG
ECG
EGA
IAC
FJD
BGF
CBD
BBI
BBH
FBJ
HGA
HAE
BDJ
JDJ
HEJ
EIH
HAG
DJG
EDI
BJE
AII
EJC
AFE
AHF
ADF
EDG
GFE
FJI
ADG
JGA
IAB
AJD
IEJ
GJH
DGJ
AHH
IFE
IGE
CAC
HGH
AHC
DCE
JHJ
JGD
HJF
GEH
FBA
BFD
IDH
BAD
CFA
BGC
DEH
DIH
FGH
CDG
EJI
CHB
JEB
BDA
BDC
DJB
IEI
DAI
HIE
IIG
JFD
CCD
EHC
JEH
JIA
EDE
DGB
AHI
HBF
HHA
GDA
HHF
JFA
BBG
BDH
BFC
BGJ
IBB
BFG
AIH
DGG
DFI
HDG
DDI
GGA
AIJ
JBD
CID
CAA
GJA
GFJ
BCC
CBA
IJG
GDE
AHB
JDD
DCB
GBE
JDI
AJH
HBJ
HBG
DBD
FIH
IDC
IAE
HDC
IBF
AFJ
BJF
BHC
ICH
GBH
JHF
CJD
IBH
BGG
BGD
IGA
BHI
JAB
BHG
BJJ
JHE
FIJ
DHD
HEC
AEF
HIG
HCJ
AAD
GIH
BDF
DHJ
EHF
DGC
DDG
DDE
CDI
IJC
IIE
HGE
DBB
AGJ
JCA
IID
BEF
IFA
IJA
DDC
FHC
