YES
AHA
FHF
DCI
ECD
HFC
GBE
GDD
HED
BIC
HCH
JIB
GAD
GCH
ABH
BEA
DHF
FBH
CHA
AHI
JII
GBG
FBE
DEB
ICF
EHJ
GIJ
IAH
IEC
EHB
HBF
IDG
FFJ
ABD
FCB
CJI
GBH
GEJ
FHE
JID
EEG
GHD
HHH
FID
GCI
JGH
EBJ
EDA
HGH
BDG
IIJ
AJB
FDE
AGJ
BBG
DEI
IIG
JCE
IGF
BDF
FBI
CEH
AEG
JFI
IEH
DBC
HGC
CJD
FIA
IJH
DJC
HCI
FAB
JDF
BHA
CHH
JIH
GFA
ECE
BHD
HGJ
GAI
ICE
JIG
FEE
AJA
GGG
EDD
HJF
DEG
DDI
JHH
EJE
AGF
EEI
CCI
HGA
GDA
JBB
IHF
GBB
IEF
CAB
BBC
AHE
ECB
AJD
FCA
FAI
ABF
FHJ
JBF
IDB
DIH
JAE
AEH
BCB
JAH
GJA
GAE
FAG
EJF
HHA
AEC
JJE
ACC
JIA
ABA
GIH
EHI
HEB
CAI
JBH
DJI
IHC
DDG
AGC
CBF
JJC
JFC
IEJ
AIC
BDB
CIB
ECC
DAJ
HHC
AII
HCJ
HBI
DED
BIG
JCB
JHJ
GFJ
EHE
ACA
GJI
BCA
BAF
HBB
AHF
CDB
ACG
GII
HHD
EHH
GCB
JBI
HIF
GGA
CGG
JEE
AHD
GJB
FAF
FGE
DID
IFH
FGD
HIB
BHH
HID
IIF
JIE
AIE
BGA
JDG
BGI
JHI
AED
HFG
IDF
DFH
ADI
AGI
IEB
FGH
BBF
EFG
GBA
IJI
JBD
BAC
HDJ
DAD
CHD
EBD
EIG
AAA
EJB
IHG
GIB
FEF
BDD
IHJ
EBA
BFB
GFE
IJD
EEJ
FEC
ABI
CCB
AEB
FJB
DEH
EAF
IBB
IGC
JHG
HAJ
DIC
JEG
BJJ
CIF
EFJ
BAJ
DFJ
BGH
FJF
IBI
DFA
DCG
JEJ
GHH
IAA
FBF
JGC
CCF
JDJ
CHE
IDE
EEF
AAH
GGE
JCC
AHH
DHI
EIJ
FFI
DHB
CHF
GCG
BAH
IHE
DCA
CDD
EDH
IJF
HDC
DGB
CJG
EDF
EJC
HEA
BHC
IBE
ICC
HFJ
IFF
HDA
IBG
HIA
HBD
BEH
CBC
AHC
CAJ
CBE
FCH
GJD
JIF
FFH
CFF
DHE
HJB
DBF
FDF
ECF
JHD
FCJ
HDI
CFD
ABJ
JJB
HFB
GEA
JHC
EBE
CEC
BCG
FIB
DAI
EHA
DEC
HAC
BAD
BGF
IAB
IGJ
IDD
EAJ
IDA
AAC
BFJ
EAB
DHA
JCA
ACD
DEA
EBH
FCG
AIB
AFI
HAB
HII
CFB
JAD
AFF
EDG
FHH
EAH
HAF
ECA
DJD
CDG
GDE
AAI
BDJ
CJC
DAB
DCF
EIC
JGE
FGG
DIA
IIH
IJE
GCD
BCH
DGA
FAE
AGB
CAA
ICH
FEB
HFA
BCI
GHG
DBI
EDI
ACB
BCF
HJG
FFD
EEA
HCG
GEC
EFA
HEI
BGC
GJH
DDJ
IGE
ADF
CCC
CAG
BJC
IFI
JFG
JFJ
CID
GFG
HFH
DCB
JBA
CHI
BAE
CBI
BFC
ICA
HDH
FBB
BCJ
DAH
DIE
CBH
III
GEG
IID
ICD
FDG
CJE
DBE
DDD
AJJ
AEJ
HAI
IFA
DJG
DJH
AFG
ABE
GJG
FHC
BIF
DAC
FIG
CGB
CEA
CGJ
GHF
EIF
DHC
FIF
BEJ
IJB
EIH
DJB
IDC
EGC
AJC
FEG
HEJ
CEE
CGI
HAH
DCC
CIG
CJH
IFB
CFG
ECJ
FGA
CJF
JCF
GAG
GCF
HCB
AAF
CAD
AFJ
JFD
HEH
CEF
FJH
JJI
BIB
EDB
BHF
IEA
GJC
CAE
GDI
GFH
DIJ
FBG
IGG
DAF
GGC
BCD
DIF
IFE
BJI
EAI
GAB
HIC
FEA
DBA
JDH
HJI
GEH
BFF
BFH
FED
GHI
HDE
CBA
ACF
GDG
DFE
DBD
IHH
DIG
FHD
CGF
ACH
AFC
EID
ADG
CIJ
BII
HHE
HBH
JCH
CFC
BJA
DHH
FFF
IAE
HCE
AGG
CDI
AFB
JEA
BDI
GDH
IBD
EFE
ECG
HAE
GHJ
FEH
AIG
FGB
ECI
EHC
DAA
FDC
JGI
BIJ
GIF
EJD
DHJ
GGH
GDC
JFE
GHB
GDJ
IFC
IGA
FDB
ABC
CDE
HCF
HBC
FII
DAG
BEG
CGD
IBA
AGH
BFE
AEI
IEI
DCD
GHE
CFJ
IJA
BAA
ABB
BGG
GIC
CII
HGE
ACJ
BJD
FAC
JFA
GAC
EGD
DDB
GHA
JIJ
GEB
BHJ
HAD
EBF
BDH
FFB
IBH
IIA
BBB
IED
ADH
BGB
ICG
CAH
IAJ
HHI
JAA
CBB
EFC
JEC
IHB
GBD
ADB
HFF
GAJ
FBJ
EJJ
HJH
AHJ
GGF
FJC
CEJ
HCD
DCE
ADD
FGF
AID
IBF
EAD
BJB
GJJ
HJD
FFA
HBJ
AAB
CIA
IGI
GFI
JHB
ADJ
HHJ
CJA
CCH
IGH
EJG
JCJ
BJF
IJC
JFH
EBC
JEI
CGE
EEC
BID
FFG
EHD
HGG
JGF
CDH
BHG
GIE
BHB
EII
GDF
BEE
JDB
FAD
JHA
BBH
FBA
CIH
GIG
GJE
IFD
JGJ
CCJ
ICJ
CEG
DFB
FCC
JDC
GAH
AGE
JAI
GID
AAJ
DGD
BAG
FIC
CGA
HHB
CFA
CCG
IHA
HCA
JJG
GHC
CJJ
EAC
GGJ
CDA
CCA
EJA
JAJ
EGF
GFC
BJH
FEJ
EDC
CAC
HIG
HDD
FHB
DBG
BCC
EFI
CDF
JHF
DBJ
JBJ
EGI
BHI
EGE
BEC
FBC
AIH
DBB
FGI
JAC
EEB
CHC
ABG
GCC
DDE
GEE
JJA
JGB
AEE
EED
JJJ
FJJ
IHD
FHA
JFB
GEI
DFF
ICI
JGG
HGB
DFI
AIJ
EEE
IJG
JBG
IEG
FHG
HJE
IGB
EFB
ICB
EAA
HEC
DHD
FDJ
GFF
CHG
FFC
FGJ
DCH
IBC
CIC
DGC
CCD
GCJ
BDA
FJE
EBB
BGJ
GBF
GAF
FAH
FDD
IJJ
JIC
GGD
EGH
DDC
BFI
BEI
CEB
BFA
JGD
HJJ
AGD
DDA
JAB
HBA
EBI
FCD
BIA
EHF
IHI
GFB
AJI
DGG
IDH
HEF
HIE
GFD
FDA
DJJ
EGJ
CDC
GDB
CCE
JDD
BIE
CIE
AAG
BAB
BFD
HCC
FHI
EGG
AJF
CBG
BDE
BAI
AAD
FAJ
CFI
JGA
ADA
GJF
IIC
BBJ
IDJ
AFE
IAI
ACE
FCI
JAF
EJH
FBD
BHE
IBJ
GED
GGI
JEH
AEA
EBG
BFG
HFI
DJF
BGE
EDE
DDH
DGI
ADE
EIE
JJF
IIB
GAA
AJE
AJG
IAG
JCG
DFG
AIF
AFD
CHJ
CGC
AHG
EIB
AEF
EFF
HJA
IAC
JED
BDC
FCE
HJC
DIB
BEB
BBA
GBJ
DJA
EJI
EGB
FDI
FEI
FJG
BJG
HAG
CFE
EAG
DGH
JBE
JCD
EDJ
HGI
IEE
AFH
DGE
AFA
ACI
DEJ
JJD
CDJ
JJH
CEI
GBC
GCE
HBE
EEH
DBH
DAE
HFE
DCJ
JEF
CHB
DEE
JAG
FJD
HDF
FJA
IIE
FDH
BBD
CFH
EAE
GEF
HHG
BEF
DEF
IAF
BBE
JBC
DHG
HEG
FIJ
BIH
HEE
IGD
EIA
HIH
DDF
FAA
GBI
JFF
AJH
CED
AAE
FIE
DJE
FIH
JDI
FCF
DFD
IFJ
DFC
BCE
AHB
HAA
HBG
FJI
GCA
HIJ
IDI
FFE
JHE
HGF
JDA
CBD
FGC
ECH
GIA
EGA
JEB
HFD
AIA
BED
AGA
JDE
GGB
EFH
CBJ
HDB
EHG
CJB
DGF
HHF
BGD
JCI
IAD
CAF
HGD
EFD
CGH
HDG
BBI
DII
IFG
ADC
DGJ
BJE
