YES
HDA
GBB
FGA
GBA
AJH
FIE
GAJ
HCB
CBB
EDC
ADB
JFA
HGD
IJG
IIH
IHE
BJH
FGB
BEC
CGE
BEH
GFE
CIC
DFJ
CCF
EGF
HHB
IAE
CIJ
BIF
DEB
ACJ
HHC
DGD
HDG
GCC
ABJ
FFC
ACA
JCE
AEF
DEC
GHD
FEG
DHG
CAJ
FJA
IBA
GFH
CDF
DEI
FCJ
JGD
FDB
DGA
CDD
FCC
AIE
DBH
JEI
CCC
EID
IHC
ABE
EBH
AFC
FCE
FGJ
AGJ
EGH
GBG
ADC
CBD
FDA
FFD
JCJ
ABD
BHG
FJD
EAB
FJE
BHD
JFE
BHI
CJH
BDI
GID
GCE
ICA
DCD
BGE
DJA
HGI
IFD
JEE
CCB
HIH
BCC
FJC
EDI
AEC
EBI
DIG
BAD
ECH
IAI
ACC
HID
FGH
HAF
DEA
CHE
CJE
IJC
EFE
BIC
BAC
HED
HGE
CEJ
IGI
CII
IGH
FHC
EAH
JJE
FHD
GBE
GEE
EJJ
BFC
FIC
EAA
BFG
EHD
BBA
AGA
EII
BGC
GDD
JDE
BGI
BED
EEB
EBB
IDE
FCB
FEJ
CHF
EEE
GFF
CCJ
DGC
GJA
DID
FFH
GCI
HDD
BIG
AAG
IJA
GCG
DCE
GDG
HEE
CBA
CGH
FBG
AIB
DAC
EDE
DJB
BGB
GHH
CAB
FIG
GBI
ACI
HGB
FBH
CCH
AAC
FAI
GGD
DII
FEE
GBJ
CEI
BIE
CGI
JEA
JGA
IAJ
JHF
HEA
IEH
FBJ
IDF
EDB
GDA
BFA
IIE
CAC
EDH
DAG
ECG
AIF
GIF
DHE
JFI
CCG
JHE
AFH
FAF
BHF
JCC
CBE
JAF
HFF
IEC
EIB
BCF
BDH
DGI
CFA
DIC
CHG
FAH
DHB
JCD
FFA
HGG
IHA
CDI
JDC
CDG
EGC
IEI
BIJ
BGH
BGD
GAD
GBC
EGD
DJF
HJB
BEE
AJF
EAC
BDJ
EEJ
FJI
HAH
HHI
BBJ
GDC
FDC
JAH
BBF
CHA
GEH
GIJ
ABH
JIA
EEI
AAJ
DFE
EAE
JAB
BBD
GJG
DDB
EGI
FAA
GAE
HBF
IBF
EFA
BDE
HIB
JHI
BAA
IDC
CCD
BBI
HAG
IEB
BJC
GBF
HEG
HII
ADE
IBE
AFG
DHC
AHA
HAB
IBC
CJJ
JCB
HFB
DJD
FBF
EHH
BJA
AIJ
AIC
JDI
CIA
CGG
BFI
JHG
AHH
CFH
DCI
CEE
EHI
EJG
HJJ
HAC
FAC
BCI
DDI
AJC
JBB
FDE
IGC
FJF
JGJ
CFG
FHA
GEG
BFE
DIJ
HCF
GDJ
DAH
FFB
GAI
DCF
BAI
BCB
HIC
HJA
HIF
JGC
ICC
AFA
CFB
GGI
HCA
BHE
JHD
HDB
HHA
IAA
IIA
ACG
JBF
FAG
JDD
BJB
IBI
EBD
HCC
IJH
AJJ
CID
GED
EEF
EIC
HHG
ICD
GFJ
IGA
JJB
DAB
CEG
EFD
HEI
CAF
GHG
DCG
IAH
ICI
FGE
JBJ
HBE
FID
CFD
GII
ICF
DEH
FIB
FDF
FIA
AEH
AHB
BEB
CAA
GAC
JEH
IEG
HCE
IFA
IEE
CFJ
GJF
BFH
HJG
ADF
JJJ
GHE
DBG
EFG
BFB
JJG
FEI
JDG
IDH
DDC
AHF
CGJ
ABI
FIH
CHD
JJI
IEA
GCD
EDG
IED
FBC
CGC
ACE
JDA
ACB
BDF
HCI
AII
JJD
FBB
HCJ
GGC
DHF
CFE
HCD
HDC
EIJ
GEC
JDF
FGI
GJC
CJA
GIG
IJJ
BBH
IFI
HAE
JGG
JBG
AFE
JEG
BAH
GCB
AEB
CJI
AAD
FJJ
AGD
DEG
IBD
BJG
JHB
ICH
BAE
AJI
IFG
GGE
BFD
GGH
GEJ
FEB
AEA
ABB
GDB
GJE
GCJ
DDF
HIG
III
JBA
AFI
HFG
IAF
HFE
DFG
JCG
CCI
IGG
IIJ
GIA
JAI
ACH
AGB
DFA
EHC
EHB
HDJ
BBC
DEJ
AEG
GDH
CGA
GEF
ABC
IDA
CHJ
GEA
AEE
HGA
FHE
CEA
IFH
CEC
EJF
IEF
HAA
JDB
EFB
AGF
IIB
GIE
AIG
FAJ
GGG
CDA
GCA
CFF
DAF
AIA
JEF
FFI
EJE
ADI
HBG
AAI
DFF
FGF
FDG
EGB
IJB
GFG
DCH
IDI
JCF
AGC
GBH
BFF
GAG
GDF
AGE
EHJ
JIE
DFI
DJJ
CAH
BDB
JIJ
FHI
FBI
BJJ
HJH
DAI
GHC
FDI
ADD
HGF
FBD
HEH
GFC
GIH
AFB
GJB
IHJ
EBF
EED
EDF
HGC
IFF
IGJ
BCG
ECB
AGH
FHJ
AJA
BEJ
IHI
HDH
AFJ
JHC
FCI
JFJ
JHH
JIC
CBC
EGA
HIA
CJD
ECD
DGB
GJJ
ADA
JFD
AIH
CAD
JBD
FGC
JBI
JAE
BCH
GJI
JCI
DAJ
AJG
AHC
FEF
CGB
FDD
BGG
JIB
DFB
CHC
HFC
DDD
FJG
ICJ
JJA
JEC
JDJ
DIH
CHI
JHA
HEC
EJB
IBB
ICB
BCE
DHH
GAH
IJF
BAF
GAA
AAE
DCC
DIB
GIC
HDI
EAF
CGD
JBH
DBD
CJG
JGH
HJI
DHJ
DGH
JJF
JEJ
DJG
HFI
IAG
JIH
DDE
FJH
ICE
CDC
GAB
HIE
HHF
HAD
IFJ
GGJ
FFE
DBI
EJI
FCA
CDH
JBE
EHE
FED
DJC
JAJ
BDD
BHA
AJD
ECI
IDJ
AHE
DEF
DDH
JGI
BDG
JHJ
ACD
ADG
AFD
HBB
DEE
EAG
CGF
BID
IFB
IAC
EGE
FDH
EBE
EAI
BJI
GBD
BAJ
AJE
DDA
AEI
EBJ
IEJ
CAI
GFB
IJI
JII
JFF
BAB
HFH
FCH
AID
EJD
EIA
BEF
FAB
HHE
DFD
FJB
CIF
AFF
CDB
FDJ
EGG
IJD
BIH
CIB
GHJ
FBA
FGD
FCF
IIF
GHF
EAD
GFD
HFJ
DBE
ECE
CEH
HEF
FEA
HBD
JIF
EAJ
JBC
EIF
EBC
DFH
IIG
BHC
ABF
EDJ
ECF
JIG
DDG
CHB
DCB
DED
IHF
BCA
FHF
DHA
AJB
IBG
HFA
JGB
ABG
IAD
AEJ
GDI
FCG
DAE
FCD
JJC
AHG
HJE
FIF
FEH
GHA
ECC
CIH
IGB
IDB
CED
IHD
EGJ
AHD
BJF
CBF
JID
CJC
IID
FHG
HDE
HIJ
FHH
DDJ
IFE
DIF
IHB
AHI
JAA
IDG
FFF
FFG
DBJ
BGA
DCA
JFC
AAA
DFC
BEI
DBF
GAF
JDH
DJH
IGD
IBJ
ADH
CJB
CJF
AGG
JFH
CFI
IJE
EEC
BHB
JAG
EBA
IBH
DAA
BJD
EFF
EEG
DIA
JCH
JGE
FAD
GGB
BGJ
HAI
HEB
EFC
BCD
DGJ
JAD
HFD
DCJ
JFG
EFH
BFJ
HBJ
ABA
IIC
AAH
HBA
HHJ
GEI
DGF
GHB
CAG
AHJ
CIG
HHH
FAE
GHI
ECA
EHA
CIE
HJC
GCF
JGF
CDE
DBA
IAB
CFC
FEC
IGF
IGE
DBB
BEA
DIE
BDA
BGF
DJI
EHG
GFI
BHH
HDF
CEF
GCH
HHD
JCA
HBH
CBH
GIB
GJH
GEB
GDE
JED
BAG
HCH
BCJ
FII
HEJ
AED
CEB
BEG
GGF
ACF
CHH
DHI
HBI
DGG
FBE
ADJ
DJE
EJC
EFJ
BIB
BIA
EJH
BBE
BHJ
IFC
HGJ
EBG
BJE
EIH
AAF
HAJ
DGE
JEB
EIG
EEA
HJD
IHG
FFJ
EJA
BBG
JFB
CCE
BII
ECJ
CBI
FIJ
HBC
IDD
FHB
CDJ
ICG
CCA
JJH
BBB
BDC
CAE
EDD
CBG
AAB
HGH
EHF
GJD
DAD
EEH
EFI
CBJ
AGI
EIE
GFA
JAC
DBC
EDA
IHH
HCG
HJF
FGG
DHD
GGA
