YES
DAABFGQA
GAAAABQB
EAAAACGS
KAAADJEF
SAAAAAAF
NAAAAAAA
EAAAAVKC
PAAAADAK
QAAAAYEX
BAAAAAAA
KAAADKCW
AAAAAABJ
YAAAAEAJ
HABCELBC
WAAAACDP
UAAABDRX
HABCELDB
EAAAACGT
IAAAAKPF
ZAAAABHC
WAAAADOB
DAAABEAG
BAAADDEX
PAAAABQR
DAABFGRL
WAAAACDS
MAAAAAAC
FAAAACCR
VAAAAAUT
TAFGEFLT
BAAAFCCD
TAFJDDWA
NAAABAPE
YAABBBCG
SAAAAAAH
SAAAAOGG
OAAAAAAH
MAAACAAB
KAAADKDB
BAAACAAE
UAAACDKK
HAAAAAAI
BAAABBLJ
TAFJDAPD
LAAAAACD
IAAABBBI
HABCELCA
WAAAACDL
YAAAAEAM
UAAAAADU
LAAAAPDA
VAAAAAAE
RAAABBGH
MAAAABAJ
WAAAAAAA
SAAAAOFT
OAAAAAAX
NAAAEAHF
IAAABHAF
RAAADFAE
GAAAABWI
AAAAAAAM
AAAAAABM
HAAAAAAJ
XAAABBOW
NAAABAOS
OAAAAAAS
RAAAABEH
KAAADIKW
DAABFHDE
PAAAAACE
SAAAAOFP
TAAAAAAD
PAABBBBB
DAABFHDG
BAAAFCED
BAAAHALC
XAAABBOU
HABDAACD
MAAACEAB
UAAADAAA
XAAABBOY
KAAADKFI
AAAABQBC
OAAAAAAF
DAABHAAA
XAAADFAC
GAAAABWN
PAABDAAC
NAAABAOY
XAAADFAB
FAAAABBF
SAAAAOFU
NAAABBKB
TAAAAAGA
MAAACEAC
LAAAAAGG
YAAAAEAL
HAAAAAAG
RAAAABEF
HABDAACE
IAAABIAH
XAAAAAAD
VAAAAADF
LAAABFHP
IAAABIAI
RAAADFFG
VAAAAADP
CAABBEIS
AAAAAADE
GAAAABQD
DAABFGPW
CAABBEBD
BAAADDET
FAAAABBI
PAABDDRH
MAAAABAI
HABCCDDW
FAAAAAAE
VAAAAAAC
KAAADJEJ
GAAAABWK
DAAAAAAA
UAAAAABQ
JAAAABCM
XAAADFAE
FAAAACDD
JAAAABCD
BAAAFCAB
WAAAACDM
QAAAACPI
DAAABEAF
QAAAACPM
DAABFGPP
MAAAEERB
GAAACAAI
GAAABSPE
TAAAAAAB
AAAABPRU
WAAAACDN
EAAAACGN
RAAADHOC
MAAACAAA
PAABDDJM
TAAAAAFO
UAAACGBB
GAAAABWQ
UAAACGBA
TAAAAAAG
IAAABBBK
AAAAAABQ
XAAABBOS
GAAACAAS
BAAAFCEC
OAAAAACC
JAAACBNI
DAABGCDO
TAAAAAGB
LAAAAAGB
FAAAAAAC
HABCELBL
FAAAACCI
QAAAACPC
UAAAAADS
NAAAEDWH
FAAAAADG
NAAAEDXB
AAAABQAG
RAAACFNE
VAAAAADN
AABBBBBD
IAAABGBD
VAAAAAUV
AAAAAABI
MAAABBSR
HAAAABBK
IAAAAAAA
GAAAABRG
EABBBBBE
IAAAAKPE
TAAAAAFN
EAAAABBD
HAAAAAAB
SAAAAOFN
FAAAAADJ
IAAABBCE
HABCRAKV
KAAAECLU
WAAAACDE
EAAAACGP
FAAAACDC
JAAAAEGN
GAAABSPC
YAABBBCJ
EAAAAAAA
TAFJDDWB
CAABBEIJ
LAAAAPEK
EAAAAACB
RAAAABEI
CAABBBCP
TAFGDLCF
SAAAAAAI
FAAAACCO
KAAADIKN
RAABBBBN
VAAAAADJ
CAAAAABM
BAAAFCCE
FAAAACCM
CAAAAAAB
HAAAABBN
PAABDKAM
KAAADIKV
FAAACCAM
UAAACGBH
IAAABFFH
NAAABAPI
HAAAABBM
YAAACMOQ
VAAAAAAH
QAAAACLA
YAAACMOX
NAAABBKD
XAAAAAAB
CAABBEBF
YAAAAAAA
FAAAAADB
OBBBBBBD
TAFGDLCD
WAAAACDR
OAAAAAAA
BAAACAAG
EABBBBBB
WAAAADEO
HABCELBB
PAABBBBC
PAAAAABD
GAAAABWS
RAAAABEJ
BAAAAAAC
ZAAAAAHH
IAAABFFI
LAAAAPEC
VAAAAAAV
QAAAACPA
ZAAAABHE
VAAABBCC
LAAAAACG
RAAACFNH
JAAAACAH
JAAAACAA
FAAAAADD
LAAAAPDE
AAAAAABB
WAAAACDF
UAAACAAD
IAAAAAZV
NAAAAAAD
QAAAAYFA
EAAAABBC
KAAAEIBC
EAAAACGK
DAABFGPS
HAAAAAAE
SAAAAOFS
WAAAADEN
FAAAAADC
PAAAAAAA
GAAABSPD
JAAAAEGP
HABCCDHB
PAABDKAC
CAAAAABE
LAAAAAGC
ZAAAABMB
DAABFHDJ
ZAAAABHF
IAAAAAZU
TAFGDLEF
JAAAABCO
JAAAABCS
XAAAAAAA
YAABBBCC
MAAACAAD
DAABGCDP
QAAAACPJ
KAAADIKO
NAAABAPD
AAAABQBD
FAAAACCL
WAAAADDC
CAABBEIA
GAAAABWP
XAAADEGL
YAABBBCD
AAAABQAC
JAAAABEB
IAAAACFF
ZAAAAAHF
QAAAABBA
NAAABAOT
BAAADDEV
NAAABAPJ
CAABBBBA
IAAABHAB
OAAAAAAD
FAAAACCN
OAAAAAAG
JAAAABCN
RAAABBIA
JAAAAEGJ
HABCCDGA
SAAAAOFX
XAAABBOT
EAAAACHH
OAAAAAAT
MAAACEAA
RAAACFPC
QAAAACPD
AAAABQBE
PAABDDRI
DAAABBBF
XAAAAABG
TAFGDLEH
GAAAABWM
WAAAADNE
BAAAFCAC
ZAAAAAHM
DAABFGRH
UAAABDBH
UAAACAAG
YAABBBCI
UAAAAADA
CAABBEIB
VAAAAAUU
VAAAAADO
VAAABBCE
AAAAAAAA
TAFGDLCA
GAAAABTJ
TAFGDLEK
KAAADKBE
MAAAAAAD
BAAAFCEB
EAAAAVKB
XAAABBOR
RAAADFFH
VAAAAAAY
TAAAAAEV
GAAABSPB
TAFGEAAA
XAAADEGJ
EAAAABBE
NAAAEDWC
CAABBDEI
JAAAAEAG
PAABDJIB
AAAAAACD
WAAAADEH
KAAADJEN
WAAAADEE
JAAAAEAB
EABBBBBD
AAAAAABP
EAAAAAEC
TAAAAAAA
RAAAACAB
MAAAAEFB
JAAAAEAI
LAAAAPCZ
NAAABAPF
SAAAAAAA
EAAAAABY
PAAAAABC
PAABDAAB
NAAAEAEI
XAAAAABH
WAAAADEL
GAAABSOY
RAAABBBB
FAAADBCG
HABCCDDT
LAAAAPEJ
PAAAABQQ
CAAAAAAE
LAAAAAAB
RAAABBGI
BAAAHALJ
QAAAAYFB
ZAAAAABB
HABCELBI
AAAAAABO
GAAAABRF
MAAAEFAB
VAAACBHA
RAAACFND
IAAABBBJ
MAAACAAJ
FAAAABBG
RAAABBHA
UAAAAABN
PAAAADAL
DAABFGSA
CAAAAAAF
EABAHAVC
BAAACAAD
TAAAAAAE
JAAAAEAL
KAAAAAAA
PAAAAAAB
DAAABBBE
HABCELDG
GAAAABWJ
YAAACMOU
EAAAAACE
FAAAAADL
IAAABIAG
YAAAAEAO
GAAAABWR
XAAABBOX
HAAAABBH
AAAAAAAB
DAABHAAC
SAAAAWMB
JAAAAEAC
EAAAAVKE
YAAAADMG
AAAABPRY
GAAACAAB
LAAAAABP
ZAAAAAHQ
TAAAAAAC
HABCCDLF
UAAACDKO
AAAABQAF
XAAAAABE
QAAAACPK
VAAACBGL
ZAAAAAHE
LAAAAACF
BAAAFCEA
RAAADFAD
JAAAAEAH
FAAAAADE
SAAAAOFZ
PAABDKAF
YAAAAEAD
KAAADJEO
OAAAAABC
GAAACAAE
YAAACMPA
BAAADAAB
GAAACAAF
JAAAAEAF
JAAAAAAB
TAFGDLCE
JAAAAEAQ
OBBBCEAG
GAAAABTN
CAABBEIE
NAAAAAAB
JAAAAEAK
ZAAAAAHG
EABBCAAC
NAAABAOX
SAAAAOGH
FAAAABBJ
BAAACAAC
RAAADEBI
DAAABEAE
FAAAAACJ
RAAADFAF
WAAAACDH
CAABBEIT
HAAAABBL
OAAAAAAV
ZAAAABFJ
RAABBBBD
BAAADDEU
YAAAAEAI
CAABBEIQ
TAFGDLCC
TAFGEFLP
HABCEJAT
WAAAADEQ
VAAACACE
KAAADKCV
IAAABHAC
WAAAADOD
UAAAAABR
XAAADFAD
TAFGDLEE
DAABFGRK
KAAADIVB
YAAAADNA
CAAAAAAD
DAAAAAAC
MAAACAAF
IAAABIAA
LAAAAABB
YAAACMOV
OBBBBBBC
SAAAAPAH
TAAAAAFM
NAAABAPG
VAAAAADL
DAABFGRM
LAAAAAGE
BAAAFBEL
LAAAAABC
NAAAEDXA
WAAAACDQ
XAAABBOZ
VAAAAABA
FAAAAACG
PAABDJIC
OAAAAAAR
QAAAACPH
RAABBBBQ
XAAABBOV
CAABBEBC
PAAAADAH
AAAAFAJV
UAAAAABO
KAAAECLT
NAAAAAAF
NAAACFOO
EAAAAABZ
PAAAABQU
AABBBBBB
JAAAACAF
NAAADAAA
CAABBEBA
OBBBCDEU
VAAAAAAB
RAAACFNG
HAAAAAAH
FAAAAACH
UAAAAAEA
WAAAADEI
EABBBBBC
NAAAEAHC
CAABBEIF
HABCEGNP
PAAAABQO
IAAABHAE
CAABBEBB
LAAAAAGF
OAAAAAAB
UAAAAADR
DAABGCDH
ZAAAABMC
XAAAAAAC
YAAAAEAH
WAAAADOC
XAAADFAH
LAAAAPEH
HAAAAAAA
ZAAAAAHI
WAAAACDJ
DAABFHDI
NAAAEDWA
NAAAEAHE
YAAAAEAB
HABCCDDX
OAAAAACE
UAAAAADQ
FAAAAAAB
OAAAAAAC
VAAAAAAX
AAAAAABK
IAAAACAE
GAAAABQC
TAFJDAPC
KAAADIKX
YAABBBCH
JAAAAAAA
BAAAFCCG
JAAAAEAO
DAABFHDD
UAAACDKN
UAAACDLB
YAAAAEAA
WAAAACDU
OAAAAAAI
UAAACGBG
SAAAAOFQ
UAAAAADB
JAAAAEGK
AAAAAAEA
YAAACMPF
VAAACBGK
BAAADDEY
HABCELBK
DAAABBBG
JAAAACAD
IAAABGBB
TAFGDLBF
NAAADAAC
OBBBCEAC
XAAADEGN
DAABFGPU
QAAAACPQ
SAAAAAAE
MAAABBSP
DAABFGRI
VAAAAAAZ
FAAAAAAA
UAAADAAC
OAAAAABF
QAAAACPP
VAAAAAAG
RAAAACBB
AAAAAABF
PAABDKAL
XAAADEGI
YAABBBBD
MAAACCCC
GAAABSOX
DAAAAAAD
SAAAAOFV
AAAAAACC
YAAAAAAC
FAAAABBE
TAFGDLEJ
QAAAAYEW
BAAADDEZ
LAAAAABV
TAAAAAAF
IAAABHAG
PAABDKAD
YAAAAEAC
IAAABBBG
XAAAAABD
HABCEHBP
JAAAAEAJ
GAAAABWF
KAAADIKP
KAAAEFAH
SAAAAOFW
GAAAABWL
RAABBBBE
TAAAAAHA
HABCEHBJ
UAAAAAEB
JAAAAEGL
OBBBCEAE
KAAADJEM
KAAADLAM
PAAAABBC
HACADFIK
AAAABQBF
GAAAABWG
HABCELBJ
RAABBBBP
DAABFGPR
AAAAAABH
CAABBEIU
KAAAEGDI
UAAACGBI
OAAAAAAY
QAAAACPB
HABCCDHA
CAABBEBE
CAABBEIG
UAAAAADT
GAAAABSC
OBBBCEAD
BAAAFCAA
WAAAADEK
EAAAACHF
IAAABBBH
AAAABQAD
OAAAAABA
MAAAAAAA
UAAACAAH
WAAAACDG
FAAAAADH
YAABBBBB
MAAACCDB
MAAACCCE
IAAABBBD
XAAADEGM
PAABDJHZ
HAAAABBI
MAAABBFF
OAAAAAAE
MAAABBFG
TAAAAAAH
DAABHAAB
UAAACAAK
CAABBEIC
LAAAAACE
KAAADIKQ
SAAAAOGA
OAAAAACD
NAAAEDXC
JAAAAEAP
LAAAAPED
NAAABBKE
PAAAABQP
GAAACAAU
NAAAEAEH
IAAABBBE
SAAAAAAB
UAAACAAI
RAAABBBC
EAAAACFB
DAAABBBC
TAFGDLEL
CAABBEIK
AAAABQAB
UAAAAADV
RAABBBBG
JAAAACAG
QAAAAYGB
QAAAACPL
QAAAACPO
VAAAAAAU
CAABBBCT
QAAAACPS
RAAACCFE
KAAADIVC
GAAACAAD
ZAAAAAHO
MAAACAAE
MAAAAAAE
HAAAABBJ
FAAAACCP
MAAABBSQ
HAAAAAAD
IAAABHWP
AABBBBBC
EAAAACFE
PAAAAACG
FAAAACDB
EAAAACGW
BAAAHAQE
RAABBBBB
YAAACMOZ
FAAAACCH
AAAABPRT
BAAAAAAD
SAAAAOFO
SAAAAWMC
ZAAAAAHK
CAABBEIH
PAAAAACF
WAAAADNF
UAAAAADP
ZAAAABHB
UAAAAABS
TAFGDJZW
ZAAAABFI
KAAADLAN
VAAAAADM
SAAAAAAD
VAAAAADD
OBBBBBCA
ZAAAABMD
WAAAADNG
MAAACAAI
TAFGDKAA
YAAACMOT
OBBBCEAB
CAABBBCC
TAAAAAFL
LAAAACCC
GAAAABTL
AAAAAABC
QAAAAYEQ
EAAAACGQ
QAAAAAAE
PAAAABBD
NAAABAPA
AAAAFAJX
KAAADKCX
EAAAAAED
GAAACAAA
TAFGDLCB
PAABDKAK
IAAABBBM
QAAAACAC
JAAAACAB
EAAAABBF
VAAAAAAW
GAAAABWH
YAABBBCF
LAAAAPEI
IAAABBBC
SAAAAAAG
EAAAACFC
OBBBBBBE
LAAAAAAA
HAAAABBO
QAAAACKO
VAAACBGM
IAAAAAAE
RAAADHOB
SAAAAAAC
EABBCAAA
FAAAACDA
RAAADFFF
WAAAACDK
UAAAAAEC
PAABDDRJ
RAAAAAAC
VAAAAADE
TAFGEFLS
NAAABAPH
KAAADKCZ
JAAAAEGM
OAAAAAAZ
EAAAACGU
SAAAAWME
IAAAAAAG
TAFGDLEI
DAABFHDF
JAAAACAC
IAAABBBZ
OAAAAACA
MAAACAAG
UAAACAAF
KAAAEFAG
SAAAAOGB
JAAAAEGI
TAAAAAEW
FAAAAADK
VAAAAAAF
CAABBBCL
CAABBBCN
HABCELBH
UAAACAAE
NAAABAOW
LAAAAPDC
FAAAAADF
HABCRAKU
AAAAAABN
JAAAACAE
QAAAAYGA
UAAABBCL
AAAAAABL
PAAAADAI
SAAAAOGC
KAAADJEG
QAAAAYEZ
JAAAAEAA
BAAAHALD
QAAAACPR
FAAAACCQ
EAAAACFA
WAAAADER
DAABFHDH
WAAAACDO
QAAAACPN
SAAAAWLB
EAAAACHG
SAAAAOFM
ZAAAAAHR
BAAADAAA
ZAAAAAHL
ZAAAAAHD
EAAAAAAB
MAAACAAK
LAAAAPCY
EAAAACGL
RAAADFBN
YAABBBCE
KAAADIKR
UAAACGBJ
SAAAAPAG
YAAAADNB
TAFGDLBD
CAAAAABD
RAABBBBF
EAAAACGM
WAAAADOA
JAAAAEAD
YAAACMPG
WAAAACDT
YAAACMOS
LAAAAPEG
TAFGDLEG
UAAAAABP
JAAAAEGH
DAABFGPV
PAAAADAJ
VAAACBHE
EAAAAACA
XAAADFAF
MAAACCCD
SAAAAWMH
HACADFII
MAAACEAD
MAAACCDD
XAAADEGK
CAABBBCQ
RAAAAAAB
LAAAAAGD
BAAAFCCF
PAABDJIA
JAAAAEGO
BAAADDES
RAABBBBC
ZAAAAADB
FAAAACCJ
JAAAABCH
CAABBDEH
OAAAAABD
GAAAABRD
CAABBEII
IAAABBBS
HABDAAAA
AAAABQAA
VAAAAADH
KAAADIKL
IAAAAAAB
PAABDDJN
DAAABBBD
NAAAAAAC
ZAAAAAHS
LAAAAABQ
HACADFJG
EABBCAAB
EAAAAAAD
FAAAAACI
CAABBDEK
HABCCDDZ
RAAACFNF
BAAACAAF
LAAAAAGH
EAAAABBG
OAAAAABB
KAAADKCY
DAABFGPT
SAAAAOGD
EAAAACGR
GAAAABRH
BAAAHALF
FAAAABBD
LAAAAPDB
VAAABBCD
SAAAAWMG
BAAACAAB
GAAABSPA
BAAACAAA
ZAAAAADA
FAAAAAAF
IAAAAAAH
OBBBBBBF
BAAABBLI
CAAAAAAC
VAAAAADI
VAAAAAAD
PAAAABQS
YAAAAEAK
UAAACDKM
OAAAAACB
UAAADAAB
UAAACDKL
SAAAAPAF
VAAAAADK
TAFGDLBE
BAAAFAAA
PAABDAAA
BAAAHAKZ
AAAAFAJW
MAAAAEFA
EAAAACGV
YAABBBBC
SAAAAWMD
AAAAAABG
OBBBCEAH
XAAADFAG
ZAAAAAEA
KAAAEDBA
PAABDAAD
EABAHAVB
LAAAAPDF
CAABBEIR
EAAAAAEB
XAAADEGH
AAAAAABE
CAAAAAAA
HABCELDC
OAAAAAAW
TAFJDAPE
UAAABBCE
PAAAAABB
IAAABBBL
JAAAAEGQ
EAAAACFD
UAAACDKQ
IAAABGBE
ZAAAAAHJ
EAAAACGO
IAAABIAF
LAAAAPDD
GAAAABWO
