YES
ENCCA
LJBOW
UZCIO
NXEIN
CHEGA
LSFBR
SSIIM
WSLDE
BDBEK
DGOCG
OMGHQ
IJAOC
ETBKG
NMHAA
PSIAI
UGACI
CEBEO
MVDGG
EHAYA
YPBDK
TVDID
BIDBQ
ALAAA
LOADH
XKTKC
YCAHT
GOBCH
RGACG
QMNBB
BVCHP
USKDC
RIBEY
FAAAB
NGBUS
UXDAV
GGCAN
MGBMM
FGBBJ
RDRBB
CDDGH
THDID
EBZFJ
KNABN
SYHBE
ZZIFF
KHBHP
RCEHV
EBLEN
WDDMT
VOVHI
QPMIU
JGBDD
YTDEG
ZBPPM
RAOBB
XMGBO
DODFA
FZCJP
ARBLL
ZHCDS
SWBED
GBBAX
IAFAM
UUFIG
FGPQO
NWETZ
QEXCV
UJAAA
LQDGW
OMCEM
ZSAEF
BBBNX
FCABS
NMCEO
HYFFM
IUEWA
KPAFH
NDAAS
AFBCL
ZBQAB
OKCDI
LSCKC
RZCAR
DWEEI
VYEFB
DBBCH
MFGLT
DKDFH
OOANB
CNBJK
EICBR
AAABB
MDEGC
BNBBC
OGDEE
RHJEN
AAABO
PHCVX
PGEIL
BXOKS
AKBBU
SHDAO
CPGLM
SHDQD
PKFBK
ZUGAA
WBCDD
UJCII
PQKBJ
CACGL
RDDDE
JSBXX
RKDEH
FSAAD
WHBFN
LDFEI
PAJDD
WSJJN
NTEFI
WAGJL
IVAHD
QODCW
RIBBB
TVCCN
QSAAB
UACDA
VEBEH
HPFET
EZBAQ
SEFJP
YIEWB
UUDAA
PBDEX
HXCEF
QTBCG
BVPCM
GLCGG
QGAHE
YBCJN
KLKWQ
BSIJH
LHBDK
DLDHL
QKGPX
IUESZ
JNDEP
FUAAA
CPXDQ
EDBEI
RZCCK
IIKKZ
ANAED
SHDQE
THEHZ
OACHA
HBEBT
ZVBZO
SYCFM
KSRMC
GTECJ
RAJJP
XDMPA
KLBVX
APGCD
JJFGH
ZYAFY
JOCGS
FZCJN
VRABO
KYCPY
SPUCK
TZBCB
MEFFF
NIIES
QWEAA
XOANY
GGDMM
RFCQL
LMCXC
SNWCO
WKDEI
OWACS
RFADD
VBJDM
MTDAL
TPEBG
HMUKI
BFDDO
UFADB
MFJDE
HMHIB
DWBKM
ZPBBB
NTBCD
AMCBT
RYCPW
TPCCD
QHGGJ
OVAQE
VLAII
ASEKN
CLCDH
ZLIAD
WDANJ
KDBEX
FMGAA
HFIDA
GGBBN
DXEIA
ZAMCC
IXFFH
GMDEK
GSCCC
EVDHN
LZICC
KJHOK
MTKXA
UOADD
VGANP
MRCAD
OMBCG
NACRM
HDABL
RRAGA
CJAHV
OYIIS
NMNQS
EIICT
KYCGR
HAAPE
MTBAJ
RDMQA
EKBGB
LMIAE
UPCDN
OFHEY
DYOJI
YPACF
GCADR
QPOFE
DFCCH
REBCG
ZSAAD
LIAAX
LDHIF
SHDMP
PRCEC
TDFIO
WQALO
ORBFK
NRADB
RJDQI
NBPGD
KGBJN
LFADF
WXOAK
KSZSU
WXCER
ATFTI
YOGNH
XSGEV
SAICH
EQDAS
LBDEI
SWBKA
RHAPW
FBGJS
PAICF
GKCCR
LSFBB
XJABO
LLBDC
VODAE
WLGNA
BJBEE
WVCGC
WPEFM
JBDGJ
BEDHF
CJAIH
CPWBA
GPHFL
RALBF
KEFAM
LPCLH
KIAAN
SDEUB
QVCCI
CFRMA
XOABA
YWDEU
UMCJA
PQAFR
HUBKC
HIEER
RDAAD
HFFAA
ZEGEC
WWFAM
AAFAC
CCFIC
SHBHJ
JJIMM
BPBCB
IJARC
QCNFF
UICEB
OJCHN
YTEEJ
CNBGQ
YCFIN
BDFJL
BPAEH
VYAPR
PSJBT
EWAHP
ODDDF
PSQIF
DYPBO
SLCCD
BEBOF
UVNAH
TBCDD
HMBBE
HBIAI
HVFJK
QHJCN
LSHJJ
ZLEDO
DMBCF
ENCHF
IICMX
LLKAU
JIFRF
WYAIA
YWQEM
PFBDG
ZBVBR
RNDLS
YAMOS
RUAHH
YUDAX
LLCAG
HINAN
XYCDW
SYCCR
VFAAA
ZABCV
MYACL
JKCHC
WGBIJ
ZLBBC
EBQEH
AZBBL
RHASE
COBFS
DQDIJ
PQKBE
HPABO
MXBQR
OCLXE
LYAHJ
RODCU
JBBEG
TECDD
PSOFB
HUBHE
CECCC
BPNNK
ZAGHJ
LLZBX
ABBIE
JREGK
LDDDE
IUEIP
KLBEE
TEKAA
HGCEP
APBFJ
NIIMC
MCAGM
JBBEE
CMCLB
PXAAD
JREWA
YTJCC
DCEPF
SNTFL
JIKBO
NRCCI
YWDDI
PECCE
URACC
ADEBE
WHGKN
URFAA
QHMAD
BACHN
URDIL
QACCK
AKBQA
MDAAG
LYAHM
YABKY
XAFBZ
NFCOX
ASAHH
OCCDO
XJADP
JKCME
HVIAW
PDABN
CZEAM
XFADI
ZXDFK
SJBEG
JSBYA
KWFAS
GRBNF
TJBBJ
DTAEF
DYOLQ
UVEEH
VONEV
ZVEFT
ENGAP
GLAAF
PLBGI
UUMCO
XHEKB
BXNEA
LQDLB
EKBDF
CCFVA
SRBDC
GMDEO
ZSBAA
IWEAL
JAEFG
GUCGH
OBBHN
KXCEC
XFACJ
VGDBC
RBBJH
BVMAA
REDDS
WVCEE
TZIKF
KSBBC
HVBCE
UBAJH
HAAQO
PFHPC
FYGIL
SPDEL
NACDE
MDEON
NIEUC
CNDOP
VUGNC
XTBFJ
KHBPD
TLAGJ
CLGNK
MSABH
ECIDK
YOGIK
QPAIE
DJCIZ
HTBCE
VKBAQ
AGBNQ
ZZGAL
GPAEE
AQCJN
PKHRT
ASCQK
OOBEI
VODDF
WYAHL
QWDFM
IEQLL
DFLBG
PHCXB
HMADG
TEHAI
CDAJP
VNBBD
HREJM
SWFBC
BNBGQ
LSCHB
FBQYX
UWEBF
FWDFJ
TPBBF
SNXKA
VIAIL
MZCCC
KADFV
QODJB
PQKDA
UOADJ
DSEAE
MKBBQ
MAANO
TTBJC
VNQKJ
UEAAT
DUFAL
YMAAD
FTFGG
UEAAH
HUBID
JCDIE
GVCDD
HVOEH
INABA
VUGJG
OUAFL
UQBEF
RVDBL
DSDEI
WVDDC
PAGAA
HBEPB
ILCEK
GKGAG
HCECA
DTCFO
WRBCJ
HFCDM
HKFMT
OCCFG
SHDJY
PBDIU
DUENT
KGADG
JACFN
SLAAB
GPBCJ
OYIKG
NIIGK
UUBAD
XTAKK
KWCHF
AYSEF
XMEGH
LEBFG
PLDEH
RANDY
JKDHD
JJGLL
MBCFG
VSAHB
KCFOL
HBBSO
CGAGH
TNIOI
FVFBS
ZUBCC
PSBGG
QCMEX
CFVGH
VUIBK
BDBEF
AYOQQ
HGCFP
HSCJM
TDFSC
DFBBS
WLGOB
AMBEI
PRAAA
NBCCA
NXFIO
OMAAC
MYBGL
ZSAYN
MYBJB
HAODK
VBRDL
BFLAB
LGBEG
FGBEY
WDANO
QCOHW
FUBFL
IEKNE
HAHDA
KUDFF
ADDEI
VOCNB
WWBPR
FCDAB
QQALG
DGMRU
IXLCK
WBLFE
GSBCE
TUFCS
KDCFA
YNBCE
HKLBG
CAFCK
ZQJJK
VJAEF
IEAJJ
MMAFX
ULAAI
FJBBJ
UEFFG
AXFCH
EUCGC
MPGPM
OLAGM
TKEKL
PKAAG
URDFF
KXHCJ
ZFCHC
CDBBE
BEDEO
HTADD
UAKFX
LHDMP
IHLQO
JNDGP
TLAGI
HFACD
CACFG
OKGTI
PLEGD
PFQBH
JNECV
URDJJ
PVDAU
KUFIY
PKBBB
PQFBJ
HLFNO
NAOBB
IGACC
WIACC
XIAVX
ZSDHV
GUEZW
DMSZD
ZYBCF
YPBMS
OSDAW
NWAAC
ZXACG
OBCIE
UREAA
BCCDD
UNELL
LSJNL
YCAKA
ZVEHB
QWDEJ
KWCHV
FLDFS
MOCCJ
SVDIB
MRJMA
HHCCD
UGJGK
USBEF
NEDXB
AFBMX
XTIDZ
WWFAI
BHNGP
PRAAM
CMCFC
SICGU
AEGII
SPDLC
KFGDC
BPOAY
NSCGH
ZQIDF
XGDGN
RGAAC
AHADI
LYAIB
GHADD
JOAUZ
JFBHL
LMCDG
UOADG
TDGLU
FUBGB
BJIBI
BADAF
HYCCH
QCNBD
AXEBI
XCFHH
CBECJ
SMGIM
FXAUP
DKAIG
XKDEI
ELOVW
QDEBF
TCAHJ
UUABT
OTDBD
UAIJA
GFETS
XDAQW
YLDGG
OWARB
KQBDD
HHCCG
WBBGH
EXDFC
ZJDFK
TEKCE
IBFFF
RFBBC
LIAAG
FQFJQ
YAIRG
DQFCR
WSNDM
KVCCD
VOCMV
RJKAQ
SAGHQ
OLCFI
ICCCN
ICGZP
OVAEE
SIBCG
YAABB
YQEEI
ONAAB
WWFAT
FKAKN
LZGFD
BOQMT
JJJOQ
KACVC
AIDEJ
RJDLJ
EBVVV
FVEAQ
RGCEL
ORBEN
FJFLG
TEHAO
ADRCJ
MRJGL
OTCHD
SJJJL
GCBAA
ASANA
XNBMN
EAFFJ
SRHNA
BJIFO
PVBCB
CYABF
CYAAD
DCGNP
AYSHJ
FGBBX
QTDHK
IJAES
PAFII
WTDJD
QMHEK
CXBCC
WWAAA
EIPUQ
IEQNJ
MVCMF
COACB
HBBDD
SZFFB
SCEHI
MLTLE
ZJDFN
EBBNM
RRADE
AXCGJ
CBBCG
UDNEV
PYBCK
JZEAN
SNDJJ
GUFAB
IDDQL
CFRMB
JRHAN
HIIPA
DKDLB
VJABB
QVFHJ
NBNPU
JCDUW
TRCKT
HLIJX
VOJCV
DDADF
TIAFJ
NTEEE
XGHDZ
MTDAD
MJOLA
VLBHJ
AIDNP
UWDDD
RZBFF
ROAAA
RYCFQ
IGGXS
VAACD
QCPHJ
UADDE
BBEAC
KBCGH
DLCDZ
NXEGI
DUEHP
MTIAH
LKAVP
TEAFT
RPCHG
FGBEJ
FVDGM
SNXBD
OXCGD
VMCCD
ZTCGG
AMDAG
HPGHV
GWAAE
UPCAY
ZQGEB
QWFRK
CXBNM
SPTTG
GYBEF
RZDHG
OOABF
UBAHJ
KUIEF
KBEQJ
EPGJK
ZVACL
KFFGW
IEQCB
DPABH
PKFBJ
YQCCS
CDAHF
ROEIJ
JKBHF
HKCJU
IGLCO
VUDPU
KUAAB
BJCHE
ANCST
FVIPG
UFHBL
CNGAH
OKBFO
CKGXG
LSDLH
SCEFD
FXBBB
BEDIF
HBFAS
WGBLA
ZJJAD
QLBJY
PCALB
AYAAV
YLDFD
WODCA
IJAPA
FAGOK
KSBEE
HTBCG
KOAAA
KSRWB
MVGLE
PAGFG
DWALL
QPBBA
RKCUI
VAPNS
RXADM
PAIKL
CPSBR
CNBTB
DGPCD
WBIBB
UAIII
WTHSX
EMCCB
JBCII
EOEGC
BXCUF
TVAAY
NIIGC
MZAAG
RVLLJ
ZUHYP
LBDGD
ZHCRA
CZBBG
FIBDB
FBCFL
FMFKH
KXDIO
TESAG
NPBFZ
JIKAB
VUGMT
TGAAH
GPKKR
NCCFG
SJAGJ
DPABD
WVBDL
HQCCN
JKCII
AKCHL
WZBEE
ZAHEF
OWAIJ
EAFGO
KWCDE
OMJAA
DMABC
RVBCJ
VKBIL
RDCDL
QWBBC
RKGCK
ELTHF
TWDPK
JYUST
AMABD
HEAEN
FCABV
AZBFA
EZANA
YWICM
DGOBK
AUFHC
WSLBF
MINAY
VQCGI
WIAAB
YWQKA
NHACQ
UFGKE
PWDFG
YIFBD
DXEGA
UXCFF
IDBRB
FFBBK
YIBBF
OSDAX
VOMBW
FCCBE
CUABH
EBCEE
BLHIE
GRFAA
AFBMW
XDHEB
FNCHD
ESFHI
YPFCC
TZIRL
YKBDE
HVHDE
MZDDD
JIKAJ
SNDEF
TBIIP
XXAAG
HAAAS
EHAQA
KSREN
SEGIN
DDCKC
DSCJO
RNCFE
ZANCM
