YES
ST
EZ
PJ
KZ
AC
AX
LS
XR
AJ
KY
BF
VO
BA
SB
EN
WJ
TZ
PB
WN
XH
YZ
CX
CW
HN
EK
NO
UB
KF
MS
IP
EA
ED
XK
DD
FC
UN
SO
YS
EI
GF
YW
FG
YT
NF
OF
RT
XC
UH
CM
VV
PW
QN
NG
GL
BC
KB
LX
JA
MY
JO
VG
QK
TT
PV
BU
DC
YG
BH
UF
WZ
CZ
LM
OC
TD
OX
KU
TP
ZX
MU
HI
BI
GU
OM
IX
RH
TC
XU
XI
EM
ZY
AG
FN
GY
YO
PK
NT
UL
TX
NL
VW
DY
ON
FF
FT
XE
HZ
RZ
JE
UT
OP
CV
JM
VR
AI
WV
RR
SS
SX
KJ
YP
XX
PA
HC
AS
WD
OY
QT
CF
IU
CE
OH
QU
FM
FD
WS
BT
XZ
MA
LY
NU
GJ
ZN
FS
DM
MX
ZG
LK
DH
QR
JT
TV
BX
VU
CO
RI
CB
LR
NQ
ZP
IT
YL
JS
HX
YV
JU
AZ
AO
HG
YQ
GX
LG
BW
LI
PG
LC
YC
ML
GW
EP
ZU
UX
HK
KO
UV
AA
UZ
EF
XS
VJ
JZ
GV
II
EO
IA
FP
GE
UO
QE
HQ
WO
IQ
IL
LW
SD
QJ
XO
SY
TL
HR
KE
DP
HJ
XQ
KK
CS
PU
WK
ZS
MO
DI
BL
YK
JX
WL
VA
SM
TO
CC
MQ
PD
UR
BY
AT
VQ
XY
GG
UA
TM
BE
VE
LB
WW
NE
UQ
IF
IS
WR
VY
GS
DZ
BZ
NX
IN
ZR
QP
CH
TR
KW
YE
ZZ
RN
WM
OS
HB
QQ
IJ
AR
OL
AQ
SV
SH
CR
CU
FI
HP
DE
JK
MD
HY
ZB
IM
IW
RY
NJ
PI
HT
UC
OV
SA
DO
QD
GZ
DK
CJ
YM
JI
ID
PS
HU
OD
KX
QG
GR
EU
UG
MP
KI
RD
QW
XF
TK
JY
FR
SQ
KV
KL
OA
RV
MF
FW
ZA
MV
GN
NZ
CK
CT
TG
KQ
YD
DV
TA
BQ
GD
EL
WY
ZM
PE
YR
CG
RL
PM
UP
HD
ZK
KD
RB
MG
UJ
QO
KH
LH
QY
YJ
RM
ZJ
PH
XA
GP
UI
MB
XJ
FK
TH
BJ
EJ
WH
ND
XT
MR
XW
FJ
TB
QL
OU
JV
PY
ES
PR
WT
SE
CY
BV
RO
IR
YH
LO
AM
JG
MJ
BD
VD
FZ
JD
LP
IO
TQ
NI
YX
NB
RG
QI
ZE
WU
FH
WQ
NM
GM
QH
US
CD
ZO
UW
SK
AY
NS
VX
AB
OI
FB
MM
SL
IB
JJ
HH
ZC
QA
XM
MK
TE
YF
WI
OO
OW
HF
MT
BS
NC
AN
PN
MW
NP
YU
DN
KP
AU
DJ
SW
EX
BN
KC
OZ
JB
SF
FV
YN
AW
UY
EC
QS
PP
DA
ER
CQ
AV
JP
ME
MN
DR
FQ
XL
RA
RX
VB
VZ
YA
OR
VT
IE
IV
PT
NV
AL
SR
JC
QM
LF
WA
YB
JR
UM
FY
JQ
RP
IH
RF
PC
BO
JW
VP
LZ
NN
LQ
TW
GB
NY
ZL
JH
DL
KN
GO
BK
LV
BP
PQ
ZI
DQ
MH
HO
FL
AF
DU
WX
PZ
JL
EV
LD
OB
KM
EG
PX
QZ
AE
NH
BM
HS
RK
LA
IY
VC
BR
GH
HL
OK
QB
ZV
VF
SU
AH
TN
RC
MI
WE
PF
HW
JF
NR
ZF
IK
DX
UU
XN
EY
AP
OT
HM
SJ
SN
XD
IZ
DF
GC
NW
GA
BG
KR
VN
AK
MC
GI
CI
TF
GQ
LL
UD
SP
RQ
HE
TU
GK
QX
FX
DG
NK
JN
IC
TY
WF
XB
FU
WP
AD
ZW
VL
RS
UE
CA
RU
ZD
KT
TI
VH
BB
LT
EE
OQ
KG
IG
GT
TJ
LJ
ZT
DW
CN
ZH
TS
FA
VM
QC
RJ
PO
RW
XG
ET
VS
OG
WB
CP
LN
YI
WC
LE
DB
SZ
XV
OE
DT
KA
EQ
DS
ZQ
SG
PL
RE
LU
EH
UK
FO
HA
NA
KS
VI
FE
WG
MZ
VK
OJ
EW
CL
EB
SI
XP
QV
HV
YY
QF
SC
