YES
SX
GU
YK
EU
VJ
SN
LY
QY
KF
UH
KO
ZJ
VP
UZ
QW
NR
SI
PB
UT
RA
OC
VH
BM
EA
ZB
DY
MR
AB
FI
RR
GN
OI
CV
FE
UM
GT
ZS
KT
IE
XE
SY
XT
QN
QJ
MY
EK
GM
FL
JJ
PE
CE
GH
KU
JM
FU
EW
HE
WE
DV
EX
YE
JU
TD
MW
OY
NF
DA
TH
AQ
RB
PD
AS
TN
CG
XX
HU
BW
EC
FK
YL
WS
RH
NE
UU
NV
LD
ZE
ZT
KA
MM
VA
TE
PJ
KM
ZF
TM
HF
ZI
ET
LU
ZG
IR
BG
XQ
HT
RN
LJ
LL
LX
HZ
ZL
VR
VB
DD
CS
MQ
DN
AW
WA
TW
KB
JX
UA
VY
MG
YJ
OP
HO
LA
VZ
JS
HJ
CD
MD
XH
RF
VF
VC
DZ
MK
CM
AZ
OG
KG
IJ
ZR
SL
NY
RE
FA
ZV
BF
EB
WD
MJ
CX
WH
RJ
HP
XG
HG
WF
XO
HS
BI
XR
YA
KC
GD
HB
DU
QF
AG
OZ
EP
ZX
MV
PH
GO
GA
BB
UI
YM
HX
HA
MB
CZ
QA
CR
KX
QZ
XF
AO
ED
IY
SA
AT
WU
JL
LK
DB
YV
OO
MX
CW
YW
FR
SB
MH
RX
EY
ME
GV
LP
CN
GI
LW
KV
EJ
AE
QR
RV
AP
LF
KQ
WV
TU
QD
GQ
GE
XA
KE
BN
ZN
EI
OH
UR
TJ
DJ
JO
PK
RK
NX
IP
ND
VS
ID
WT
CA
TY
PS
WX
JG
LH
CQ
TA
MP
NT
JV
NJ
XB
AF
DS
BA
ZH
JQ
DT
KJ
PQ
YG
YB
BJ
VX
JR
EQ
QH
CC
PC
MS
TV
OX
DE
LB
JC
GP
SP
OL
UL
VN
FW
KI
IT
UW
XN
HM
OA
NI
VE
SE
SO
EG
NH
TZ
XD
LT
BC
TR
RD
NB
LG
IZ
BU
DX
KP
YZ
DK
IA
UV
WI
CB
SV
VW
IF
OF
ZZ
GJ
FH
TB
FV
YR
AY
TG
SS
AX
JB
OR
EE
DM
KS
LM
BO
LZ
XW
OB
UX
GC
BZ
OT
CK
MI
BP
RM
UQ
WL
IV
CO
UP
GX
NL
QP
GB
QO
JA
NO
VD
DP
FB
HR
YS
IU
SJ
ST
QC
ZQ
DF
KW
UG
BT
WQ
QV
GR
VG
UE
NC
EH
AM
YI
RT
XZ
ES
WY
FQ
BY
OV
PW
PY
HY
LQ
PI
OE
JK
UC
VV
XV
IN
SH
JT
BQ
JY
YD
BS
ZM
GY
TK
PU
PV
YU
XK
RL
QT
IK
SR
VT
ER
ZK
ON
ZA
GZ
YT
GL
IS
HW
FO
KD
SD
TI
OQ
MF
QM
CP
EN
FJ
MU
HK
ZC
DW
FD
WJ
LC
WZ
LO
YP
RZ
JW
SM
LE
IB
UO
JE
GF
IH
BE
DH
UY
AH
UD
NU
TL
MZ
NZ
XM
AL
OD
OW
AC
IO
SU
RW
FC
BR
QK
RY
WK
NP
PL
UN
CY
PT
ZO
NS
PO
WO
RS
BH
RQ
ZD
CH
PG
RC
RU
UF
AR
QX
WG
FS
SG
BX
HV
XS
CF
EM
VQ
DL
AU
VI
JI
BD
OM
DQ
KL
FF
EZ
UB
VM
FP
PA
FX
HC
HH
QU
KH
LV
IX
BV
HL
XL
NQ
KZ
IL
TF
HQ
II
JH
QB
WP
JD
TC
YY
SK
YO
PZ
EL
HD
PX
US
IQ
TX
IW
IC
MN
XP
TP
GS
FZ
SC
DO
SW
AD
SQ
CL
EV
VL
NG
NA
ZU
PM
TT
TQ
WM
LN
XI
HI
AA
ZW
OU
RG
XJ
OK
FY
CU
LI
DG
NK
DC
PR
TO
FG
MA
UJ
SF
WN
EF
CI
KR
WW
CJ
AN
ZP
XC
AJ
QE
QI
KY
OJ
QG
IG
JZ
LR
VU
BL
BK
KN
NN
YN
YQ
AI
MT
JF
PF
PP
KK
JN
EO
OS
RP
TS
VO
VK
FN
ZY
QS
ML
XY
AK
NM
FM
WC
YH
LS
UK
FT
YX
QL
JP
MC
CT
WR
GG
DI
IM
QQ
NW
YF
WB
PN
GK
DR
MO
XU
GW
RO
SZ
RI
AV
HN
YC
