YES
ZYZZYYZYZ
YZZZYYZZY
YZYZYYYYY
YZZZZZYYZ
YZYZYYZYZ
ZZZYZZZYY
ZYYYZZZYZ
ZZYZYYZYY
ZZYYZZYZY
ZZYYYZYZZ
YYYZYZYZY
YZZZZZZYZ
ZYZYYYZZY
YZZYYYZYY
ZYZZZZZYZ
ZZYYYZYYY
ZZZYZZYZZ
YZZYZYZZY
ZYZZZYYZY
YZYYZZZZY
ZYZZYZYZZ
ZYYZZYZZY
YYYYZZYYZ
YZYYYYYYZ
YYYZZZZYY
ZZYZYYYYY
ZZYZZZZZY
ZZZZZYYZZ
YZZYZZYYY
YYYYYZZZZ
YZZYYZYYY
ZZYZYYZZZ
ZYYYYYZYY
ZZZZZYZYY
ZYYYZYZZY
YZYYYYZZZ
ZZYYYYYYZ
YYYZZYZZY
ZYYYZZYZZ
YZYYYYYYY
ZYYZYZYZY
YZZYZZZZY
YZZZZYZYY
ZZZZZZYZY
YYYYZYYZZ
ZYYZZYZYZ
ZYYZYZZZY
ZYYYYYYYY
YZZYYZYZY
YYYZZYZYZ
ZZYZZYZZZ
YYYYYYZZZ
YYZZZZZZZ
YZZYZYYYZ
ZYZZZYYZZ
YYZYZYZZY
YYZYYYZZY
ZYYYYYYZY
ZZZZZZYYY
ZZZZYZYYY
ZYZZZZYYY
YZZZZYZYZ
YYZYZZZYY
ZYYYZYZYY
YZZZZZYZY
ZYZYYYZZZ
YYZZZYZZY
ZZZZYZYZY
YYZYZYZYY
ZZZYZYYZZ
YYZZYZYZZ
ZYYYYYZZY
YZYYYZZZY
ZYZYYZYZZ
YZYZYZZYZ
ZYZYYZYZY
YZYZYYZZY
YYYYYZZYZ
ZZYYZZYZZ
ZZYYYZZZZ
YZYYZYZYY
YYYZZYYYZ
YYZZYYZZY
ZYYYZYYYZ
YYYZYYZYY
YZZYZZZYY
YYYZYZZYZ
ZZYZZYYYZ
YZZYYZZZY
ZYZYZZZYZ
ZZZYYZZYY
YYZYZZYZZ
ZZYZZZYYZ
YYYYYYZYZ
YYYZZYZZZ
ZZZZYZZYZ
ZZZYYZYYZ
YZYYZZYYY
ZYZYYYZYY
YZYYZYYYY
ZYYYZZYYY
YZYZYYYZZ
YYYYYZZYY
ZZYZZYYZY
ZYZZYYYYY
ZYYYZYZYZ
ZZYYYZYZY
ZZYYZYZYZ
ZYZZYZZYY
YYYYZZZYY
YZYYZZZYZ
ZYYYYZZYY
ZZZYZZZYZ
YYZYZYYZZ
YYYZYZZZZ
ZZZZZZZZY
ZZYYZZZYY
YYYYYYYZZ
ZYZZYYZZZ
ZZYYZYZZY
YYZZZYZZZ
YZZYYYYYZ
YZYYZYZYZ
YZZYZYZYY
ZZYYYYYZY
ZYYZZZYYZ
ZYYZZZYZZ
ZZYYZYZYY
ZZZYZYZZZ
ZYYZYZZYY
YZZYYYYYY
YZYYZYYZY
YZZYZZYYZ
ZYYYZYZZZ
ZZYZYYYZZ
ZZZYZYZZY
YYZZYZZYZ
ZZZYZZYZY
ZZZZYYYZY
ZYZYYZZYZ
YYZZZYYYZ
ZZYYZZZYZ
ZYZZYZYZY
YZYYZZYZY
YZYZZZZYY
ZYYYYYYZZ
ZYZYZZYZY
YYZYZZZZY
YZYZZYZZZ
ZZZZYZZZZ
YZZZZYZZZ
YYYYYYYZY
ZYZZZZYZZ
ZZYYZYYYZ
ZZZYYYYYZ
YZZZYYZYY
ZYZYYYYZY
YYZZYZZZZ
YZYZZYYZY
YYZZZZZYZ
ZYYZYYZZZ
YZZZYYYZZ
YYZYZZYYY
YZZZYZYZZ
YZZZZZYZZ
ZZZZYZZZY
YZYYYYYZZ
YYZYYZZYY
ZZZZZZZYY
YYYYZYZZY
YYYYZZZYZ
YYYZYZZZY
YZZZZZYYY
ZYZYYZYYY
YZYZZZZYZ
ZZZZZYYYY
ZYYYZYYZY
YYZYYZYZZ
ZYYYYZYYZ
ZZYZYYZYZ
YYZZZYYZY
ZYZYYZZZY
ZYZYYYYYZ
YYYYYZZZY
ZZZZZYYYZ
YYYYYZYZY
YYZYZZZZZ
YYZYYYYYY
YZYZZYYYZ
YZYZYYYZY
ZYYZZYZYY
YYYYYYYYY
ZZYZYZYYZ
ZZZZZYZZZ
YZYZZZYZZ
ZYYZZYYZZ
YZZZZZZZZ
ZYYZYYYZZ
ZZZZZZZYZ
ZZYYYYYYY
YYYZYYYZZ
YYZYZYYYY
YYZZYZZZY
ZYYZYYZZY
ZZYYYYZYY
YYZYYZZZZ
ZZZYYYZZZ
YZZZZYZZY
ZZYZYZYYY
YZZZYYYYZ
YYYZZZZZZ
ZZZYZYZYY
YZYZZZZZZ
YYYZYYYZY
ZYZZZZZZZ
YYZZYYZYZ
YYZZYYYYZ
YYZYYZYZY
ZYZZYYYYZ
ZZYYYZYYZ
ZYZZZYZYY
ZZYZYZZZY
YYYZYZYYZ
ZYZZYZZYZ
YZZYYZZZZ
ZZZYZYYZY
YYYZYZYZZ
ZYZYYZZYY
ZYZZZYZYZ
ZZYYYYYZZ
ZZYZYZZYY
ZYYZYZZZZ
ZZZYZYYYZ
ZZZYYYZYZ
YYYZYYZZY
ZZYZZYZYZ
ZYYZZYYZY
YZYYYZYYZ
ZYZZZYZZY
YYYZZZYZY
ZYZYZZZZY
ZZZYZZYYZ
YYYYZYZZZ
YZYYZYZZY
YYYZZYYZY
YYYYYYZZY
ZZYZZYZYY
ZYYZZZZYY
ZZZZYYZZY
YYYZYYYYZ
ZYYZZYYYZ
ZYYYYZZZY
ZYYYYZYZZ
YZYZZZYYY
YZZZYZZZZ
YZYZYZYYZ
ZZYZZZYZZ
ZYZYZYYZZ
ZZZZYZYZZ
YZYZYYYYZ
ZYZYZYYYY
ZYYYZZZZY
YYYYZZYZY
YZZZYZYYY
YYYYZYYZY
YYYYYYZYY
ZYZZYYZYY
ZYZZZYYYZ
ZYYZZZYYY
ZZYYZZYYZ
ZZYZYZZYZ
YYYYYZYYY
ZYYYZYYYY
ZZZZYYYYZ
ZZZYYZYZZ
YZZYZYYZZ
YYYZYZZYY
ZYYZYZYYZ
ZYZYYYYYY
ZYZZZZYZY
YZZZYYYYY
YYZZZYYYY
YYZZYYZZZ
YZYZZZYZY
YZYZZYZYZ
YZZZYZZYZ
ZYZZZZZYY
YZZZZZZYY
ZYYZZZZZZ
ZZYYYZZYZ
YYZYYYYYZ
YYZYZYZYZ
YZYZZYZZY
ZZZYZYYYY
ZYZZYYZZY
YYYZZYYZZ
ZZZYYZZZZ
YZZZYZYZY
YYZZYZZYY
YZYZYZYZY
ZZYYZYYZZ
ZZZZYYYYY
YYYYYYYYZ
YZYYZZYYZ
ZYYZYYYYZ
ZYYZZYYYY
ZZZZYYZYZ
YZYYYYZYZ
ZYZZZZZZY
ZYZYZYZZY
YYZYYYZYY
ZYYZYZZYZ
YYZYYYZYZ
YYZZZZZZY
ZZYYZYYYY
YYZZZYZYZ
YZZZYZYYZ
YZYZZYYYY
ZYZZZZYYZ
ZZZZYYZYY
YZYZZZYYZ
YYZYYZYYY
YYYYZZZZY
ZYZZZYZZZ
ZZZYYZYYY
YYZYZZZYZ
ZYYZYZYYY
YZZZYYZZZ
ZZZZZZZZZ
ZYYYZZYZY
YZZYYYZZY
ZZYZYZYZZ
ZYYYYZZYZ
ZYZYZYZYY
YYZYYZYYZ
ZYZZYZYYY
ZZZZZZYZZ
YZYZZYZYY
YZZYYZZYY
ZYYZYZYZZ
YYZZYYYYY
YZYYYZYZY
YYZYZYYYZ
YYYZYZYYY
YYZYZYZZZ
ZYYYYYZYZ
ZYZYZYZYZ
YYYZZZZYZ
ZYZYZZYYZ
YYYZZZZZY
YZZZYYZYZ
ZZYYZYZZZ
ZZZYYZYZY
ZYYYZYYZZ
ZZYYYYZZZ
ZZYZZYZZY
YYYZZZYYY
YYYYZZYZZ
YZYYYYYZY
YYZYYYYZZ
YZYZYYZYY
ZZZZYZZYY
YZYZZZZZY
ZYYYZZZYY
YYZZYZYYZ
YYYYZYYYZ
ZZYZZZZYY
ZYYZYYYZY
YZZZYZZYY
ZZYYYYZZY
ZZZYZYZYZ
YYYYZYZYY
YZYYZYYZZ
YZZYYYZZZ
ZZZYYZZYZ
ZZYYZZZZY
ZZYYZZZZZ
YYZYZYYZY
YYZZYZYYY
YYZZZZYYZ
YYZZZZYZZ
ZZZZZYZZY
YZYYYZYZZ
ZYYYZZZZZ
YZZZYYYZY
YYYZZYZYY
ZYYYZZYYZ
YZYYYYZYY
YZZYZZZYZ
YYYZZZYYZ
YZYYZYYYZ
YYZYYYZZZ
YZZYYYYZY
YYZZZZYYY
ZZZYYYZZY
ZYZYYZYYZ
YYYYZZZZZ
ZYYZZZZZY
YZZYYZYZZ
ZZZYZZYYY
ZZZYYYYZZ
ZZYZZZYZY
YZZZZYYYZ
ZYZYYYYZZ
ZZZZYZYYZ
YZYYZZYZZ
YYZYYZZYZ
YZZYZZYZZ
YZYZYZZZZ
YYZYZZYYZ
ZZZYYYYYY
YZZYZYYZY
ZZZZZZYYZ
YZZYYYYZZ
YZYYZZZYY
YZZYZYYYY
ZYZYZYYYZ
ZZYYYZZYY
YZYYYZZYY
ZYZYZZZZZ
YYYZYYZYZ
YYZYYYYZY
ZZZYYYZYY
YYYYYZYZZ
ZYYZZZZYZ
YZYZZYYZZ
ZYYYYZYYY
YZZYYYZYZ
YZZYZZZZZ
YYZYYZZZY
YZZZZYYZZ
ZYZZYYYZY
YYZZZYYZZ
YZYYZYZZZ
YZYZYYZZZ
YZYZYZYYY
YZYZYZZYY
ZYZYYYZYZ
ZYYYYZZZZ
ZZYZZYYYY
ZZYZZZZYZ
YZYZYZZZY
ZZYYZZYYY
ZZYZZZYYY
ZZYZYYYYZ
ZZYZZYYZZ
ZYYYYYZZZ
YZYYZZZZZ
ZYZYZZYZZ
ZYZYZZYYY
ZZZYZZZZY
ZZYZYYYZY
ZYZZYZZZZ
YYZZYYZYY
YZZZYZZZY
ZZZZZYZYZ
YZZZZYYYY
YZYZYZYZZ
ZYZYZYYZY
ZZYYYZZZY
ZYZZZYYYY
YZYYYYZZY
ZYZZYZYYZ
YYYZYYYYY
ZYYYYYYYZ
YZZYZYZZZ
YYZZYZYZY
ZYYZYYZYY
ZZYZYZYZY
ZYYZZYZZZ
ZYZZYZZZY
YYYYZYZYZ
ZYZYZZZYY
YYYZYYZZZ
ZZYYZYYZY
YYYYZZYYY
ZYYZYYZYZ
YYYYZYYYY
ZYYZZZYZY
ZZYZYYZZY
YYZZYYYZY
ZZZZYYYZZ
ZZYZYZZZZ
YZZYZYZYZ
YZYYYZZZZ
YYZZZZZYY
YZZZZYYZY
YZZYYZYYZ
YYZZZZYZY
ZZZYYZZZY
YZYYYZZYZ
ZYZYYZZZZ
YYYZZZYZZ
YYYYYZYYZ
ZYYZYYYYY
ZYZYZYZZZ
ZZYYYYZYZ
ZYZZYYYZZ
YZZYZZYZY
ZZZZZYYZY
ZZZYYYYZY
ZZZYZZZZZ
YZYYYZYYY
ZZYZZZZZZ
YZZYYZZYZ
YZZZZZZZY
ZYYYYZYZY
YYYZZYYYY
YYZZZYZYY
YYZZYYYZZ
ZZZZYYZZZ
YYZYZZYZY
