YES
AAJ
CEF
IIH
EGF
CBB
HII
JAA
HDA
GBF
DGD
JHA
JEB
EBF
BGD
JIA
JHG
DEF
ACD
CFG
DDH
IFI
FGI
HJB
AFI
ICD
GCD
EFI
IEI
GIJ
FDC
CJC
FFC
ICI
EIF
JCH
AHF
GAC
AJA
GJJ
AEH
BAE
CJJ
IGC
HJA
IAG
DHI
FHF
FBG
HFB
EAB
IFJ
BBG
EBH
DEA
IGJ
JEA
BIB
CDH
CBG
DIJ
BCE
GHB
DID
DFH
FDG
EBB
ICF
FHC
BJB
IGB
ACI
DHH
AHI
CDG
FDH
EIC
JGC
GEG
GEH
AGE
GFB
CIG
HFD
FHI
AAC
EFJ
AGJ
EEF
DBA
JJH
AIH
DBD
DFF
JHD
AGI
AFA
AIG
FCJ
BCJ
CFB
JIB
EHC
CEC
ECD
GDD
IDA
IDG
DEE
HEE
GAH
AHA
EIJ
AFB
FJJ
FHG
CAD
DBG
FEA
JJI
GJG
FAC
HAI
FCA
CAB
DHF
CCH
CAA
AEA
FJD
FIH
DCD
GIE
AEE
BBA
AJJ
ECC
FCH
IBB
IBD
FCI
DGG
EAJ
FCE
JJC
GGA
DED
JEH
AGF
AGB
GJF
JHB
FJA
IJF
GCE
FBB
DJA
DHC
JFE
GBB
IFC
JCJ
BFE
BDG
HGE
BCG
GBH
AAE
DDC
AGG
DFB
JCF
BDC
JJG
GII
IID
IHF
CFF
FBE
GIA
JFA
HAD
AIE
CFH
BAA
CED
HFC
BFH
EDC
ADE
FED
BEI
HHA
JHI
BBB
AFC
BGF
HID
ACB
CGA
ACG
IGI
AJI
BFD
BGC
CAH
HCJ
DIF
CDJ
BEA
CDC
DHD
IAD
CHA
DFC
DJI
GIH
CGH
IGD
GAE
BEF
GJD
FHH
FGG
DIG
HHD
HFG
DBE
BII
FEI
HGI
BCD
JCI
BIF
HAF
JIJ
FHA
GBA
AJB
EFA
FHB
HCH
HBB
JFD
DHB
BAI
BJI
FEH
ADA
ADG
CBE
IHI
BAJ
DFD
JCB
JBH
EGE
DAG
EFC
DHG
EFE
IAH
EHG
EAI
EII
CGI
DCE
CJB
HCB
JBC
AEI
IDF
GID
HEG
DGI
FAF
FEF
ECA
CFE
HDG
ECG
CHE
IIJ
FID
JDJ
GFC
CGF
FDA
FAD
AFF
HEC
AHG
HBF
AEJ
GCC
FIB
FBC
HIC
CBC
HGF
HGH
BBD
HGD
CAF
FFI
JAJ
FBH
DEG
IAI
AFD
AIC
HAE
JBJ
GGG
GGF
ACH
FJB
JDB
BHG
AHH
IDJ
AFJ
FBF
CIE
BBE
AEG
IHB
ACJ
IAA
CCG
CHH
EJI
IEA
FBJ
DBC
DJF
FIG
GHJ
CBJ
GGD
JHE
EDH
GAA
IJI
GBJ
HBH
CEI
FIA
BCB
AJE
FBI
EHI
DAJ
EGH
BAD
BDA
BBF
AJH
GBG
CGD
DJH
EJE
DBJ
BHF
FFE
GHG
ACA
IIG
CBD
HJE
GBI
FBA
AAF
HEB
DFJ
GCA
IFF
JFJ
FIE
CFJ
DAC
IAC
CEA
AAG
BFA
EAH
HIF
EAE
DFG
JDC
DCF
GAF
BAF
CHB
FIJ
GDB
FJI
HBJ
GED
DCJ
DDA
EEI
FAI
JGI
IJA
HAG
IJH
BJJ
EHA
HFJ
HCD
FBD
HDH
IBE
GCI
JJF
DJJ
BGH
HDD
GCB
BAC
CIB
ICA
CAI
EIH
FCF
CHG
HHC
DDF
JEE
GDF
DDJ
FDF
ADF
FAE
HEA
GJE
HHG
DDB
JAC
HJJ
HHJ
AIA
BFG
JHF
JFC
HHF
AHC
GEC
DFI
IHC
FGE
EBC
GIB
DBH
EJF
HAB
HFI
EBI
EJH
IBF
DGA
IIB
GIG
JIF
ABJ
EJG
CBA
AGC
IGH
BDB
HDC
GHI
ECE
GFE
JCG
BFC
EDJ
FGA
JJB
CII
GGB
EDD
CGG
ICG
JCA
CJI
BCF
JFF
JBF
CGC
GEE
FGB
BGA
EAC
EAA
CJD
JBE
GFF
CHI
JGE
GHA
ABA
GJH
HGG
BJA
DAH
CJA
DEH
AID
EJC
CJG
HGA
HBC
EHD
JJA
EGB
EGG
BEC
CBI
JAI
EBJ
FIC
BED
CHC
EDE
BGI
DHE
DEB
DGE
FGF
IEJ
JHJ
EIB
CCA
IEE
ABG
GDH
IJJ
GGH
JJD
HJF
FJG
EDA
HEI
HDB
IFG
AAD
JID
AGH
DJG
IBC
HIA
BEB
CDD
DJC
GJB
GBC
HDE
AAB
CGJ
JDF
ACF
BBC
EDG
EEJ
IAE
JBA
IJE
CDI
JBI
IFA
ABD
CDA
IIF
FFH
ICE
BJE
DIA
GJA
FAB
ICH
IDI
IDB
ACE
EEB
AEF
IHH
GCJ
FGJ
GIC
GHF
EFH
AGA
IEH
BEG
CEJ
HJG
CDE
AFE
JCE
FEJ
JDI
FDE
FEB
IBI
ABC
FFA
GFJ
HBG
EAF
GHE
AJF
EAD
EEE
JDE
GFH
IIC
HIE
EGD
JIG
JAD
FJF
JIC
BIG
ICC
EDI
FFD
IEG
FCC
GCG
CGE
IGA
JJE
EFB
ABE
BBI
FGC
FDD
IBH
GAB
CIA
ADC
JFH
EEH
GJC
DJB
ABF
HGB
JII
JGF
JBG
AFG
IJB
EHH
BHD
AIJ
CAE
HHB
BCA
BJC
DIB
GGJ
EGI
AEB
CJH
GAD
BFB
AAI
HDF
DCI
DFA
IFE
JBD
IBJ
AHB
EJJ
JEJ
DGH
DEI
BDD
CID
IEB
JGD
JHC
HJD
ABB
EJD
IDE
ICB
CDF
GIF
FFJ
IDH
CAJ
FEC
HJI
FAJ
AJC
BDH
HJC
GDG
BEH
HAJ
CBF
JGG
JAE
GDA
JFB
GGE
DIH
ADJ
FEG
BIE
BEE
BEJ
EHB
FDI
CJF
HGC
DCB
HHE
ADD
JAG
DAD
IEF
HAH
BIC
JDH
BCH
CFI
IJC
DCG
IED
IJD
ECJ
EED
JCD
AHD
IDD
CEB
DAA
AED
JAB
BDE
DEC
EGA
CCF
EHJ
JAF
IFH
GAI
CCE
DAF
BCC
BHJ
HAC
IGG
AJG
FFG
GCF
BJD
EBG
HEJ
CAG
HBI
DAB
FCD
BGG
GDE
III
CCC
GBE
ECF
JGA
DCC
GGI
ACC
JGJ
IHJ
FAG
GAJ
BHI
EFF
DDI
BFF
BAG
GDC
EBE
DCA
IJG
GFG
EBD
EGJ
DEJ
GEA
FAH
JCC
FDB
AFH
HCA
GEI
BJG
AAH
GAG
BBH
CAC
ABI
HGJ
DGB
ADB
DDG
FFF
HCF
HFH
DGJ
BAH
FHD
BDF
IFD
HIB
HBE
EJA
AIF
FHJ
AII
GEF
EIE
EJB
GFI
EHE
DAI
ICJ
DIE
EEA
IAB
JIH
JDG
GBD
BHB
AAA
JEI
JDD
JGB
DDD
DBF
JIE
DHJ
JEC
CFA
IHG
AJD
DGC
BDJ
HCC
EID
JJJ
HDI
IHD
BHA
AHE
JFG
CCI
CEH
BJH
HEH
EDB
JGH
GJI
HBD
DJD
DDE
ECB
CHD
CCD
GDJ
HCI
HFA
FCG
CEE
AGD
GEJ
DBI
FEE
HDJ
HIJ
EFD
EEC
IHA
GHC
HAA
BCI
GCH
CDB
FAA
HFE
BGJ
GGC
EEG
CCB
EIG
CIC
GFD
CCJ
GEB
DHA
IIA
FJE
IAF
FFB
CIJ
HFF
JDA
JFI
JEF
BAB
IBA
DCH
IGE
ECI
GHH
IHE
BJF
BHE
IFB
DJE
IBG
JEG
GDI
GFA
DAE
FII
CFC
DFE
HIG
EHF
HBA
EFG
FJH
AHJ
BFI
EIA
EAG
FHE
ECH
CEG
HIH
DII
FIF
ADH
BIJ
BBJ
HCE
JBB
EDF
AIB
BIH
FGH
BHC
CHJ
IIE
AEC
FCB
BGB
JAH
HED
CJE
HJH
ADI
BID
BGE
ABH
BIA
JHH
GHD
HEF
HHI
HCG
CFD
CIH
DIC
FJC
CGB
IEC
DGF
JED
EBA
FGD
IDC
EGC
BFJ
CBH
BHH
CHF
HHH
BDI
IGF
CIF
DBB
FDJ
IAJ
