YES
YYZZYYYYZ
ZYZYZYYZY
YZZYZYYZZ
YZZZZYYZZ
YYZYZZYZZ
YYYZYZZZZ
ZZZYYZZYY
ZZZZYZYZZ
YYYZYYZZY
YZYYZYZZZ
YYZYYZZZY
YZYYZZZZZ
ZZYYYYYYY
YZYYZYYYZ
YZZYZYZZZ
YYYYYZZYY
ZYYZYZYZZ
ZYYYYZZZY
YYYYYYZZY
ZYZYYZYYZ
YYZZZYYZZ
ZYZZZYZZZ
ZYZZYYZYY
YZZZZZZZZ
YZZYYYZYY
YYYYZYYZY
ZYYYZYZZY
ZYZYZYYYY
YYYZYZZZY
ZYZZZYZYY
ZYYZYYZYY
ZZZZYYYYY
YZYZYYZYZ
ZYYYZZZYY
ZYYYYYYZY
YYZYZYZZZ
ZZYZYYYYY
YYZYZZYYY
YYZZYZYZY
YZZYYYZZY
ZYYYYYZZZ
YYZZZYZZZ
ZZYYZYZYZ
ZYZZZYYYZ
YZZYZYYYZ
YYZYYZYYY
YYYYZZZYZ
YZZZZYYYZ
ZZZZYYZYZ
ZYYZZYYZY
YYZZYZZZY
ZYYZZZYYZ
ZZZZYZYYZ
ZYYZZZZZZ
YYZZZZZYY
ZZYZYYYZY
ZZZZZZYZZ
YYYZZYZYZ
ZZZYYYYZZ
ZYZZZYYZY
ZYZZYYYYZ
ZZYYYZYYZ
YYZYZYZZY
YYYZYYZZZ
YZYYZYYYY
ZZZYYYZYY
ZZZYZYYZY
ZYYZZYZYZ
ZYZZZZZYZ
ZYZYYYYZY
YYYZYYYZZ
YYYZZYYZZ
ZZZZYYZZZ
YZYYZZZZY
ZZYZZYZZY
ZZYYYYYZY
YZYYYZZZY
YZZZYYZZZ
ZZYZYZZYZ
ZYZZYZZYZ
YZYZYZZZY
ZYYZYZZZZ
ZYYYYZZYY
YYZZYZYYY
YYZYZZZYY
ZZYZZZZYY
YZZZZZZYY
ZYZYYZYZY
ZZZZYYYYZ
ZZYYZZZYZ
ZYYYZYYYZ
ZYYYYZYZY
YZZYYZZZY
YYZZYZZZZ
ZZYZYYZZZ
ZYYZYZZYY
YZYYZZYZZ
ZYZYZYZYZ
ZZYYZZZZY
ZYYYZZYYZ
ZZZYZYYYY
YYYZZZZZZ
YZZZZZZYZ
ZZZYZZYYZ
ZZZYYYZYZ
YZYZYYYZY
YZZZZZYYZ
ZZYYYYZZZ
YYYYYZYYY
YZZYYYZZZ
ZZYZZYYYY
ZZYYZYYYY
ZZZYZYZZY
YYYYZYYZZ
YZYYYZZZZ
YYYZYYZYZ
ZYYYZYYZY
YZZYZYYZY
ZYYZYZZYZ
YZZZYZYZZ
YZYYZYZZY
YYYYYYYZZ
ZYZZYZYZY
YYYYZZZZZ
ZZYZZZYYY
ZZYYZZYYZ
ZYZZZZYYZ
ZZYZYZYYY
ZZYZZYYYZ
ZYYYZZZZZ
ZZYZZZZZY
ZYZZYZYZZ
YZZYZYYYY
ZZYYYZZYZ
ZZYYZYYZZ
YZYZYYYYZ
YYYYZZYZY
YYYZYYYYZ
YZYZZYZYY
ZYZZZZYZZ
YZYZZYYYY
YZYYYZZYZ
YYYZYZYYY
YYYYZZZYY
YYZYYYZZY
ZYZZZZYYY
ZZYZYYYYZ
YYZZZYZYZ
YYYZZZZYZ
ZZYZZZYZZ
YYYZYYZYY
YYYZYZZYZ
ZZZZZZZZY
YZYYYZYZZ
ZZZZYYZZY
YZYYYYYYY
ZYYYYYZYZ
YYYYYZYZZ
ZZZYZZZZY
YZZZYYZZY
YZZYYYZYZ
ZZYYZZYYY
YZZYZZYYZ
YZZZYZYYY
ZYZZYZZZZ
YYZZYZZYZ
YYZYYYZYY
YZYYZZZYZ
YYYYZYYYY
ZZZZZYZZY
YYZYYYZYZ
YYYZYYYZY
YZYYZYZYY
YYZYZZZZY
YZZZYZZYZ
ZYYZYYZZZ
ZYZYYYZYY
YZZZZYZZY
YZZZZYZYY
ZZZZYZYYY
YYYYYYZZZ
ZZZZZYZYY
ZZYYYYYZZ
ZZYYZYZZZ
ZZYZYYZZY
YYZYZYYYZ
ZYYYYZYYY
ZZZYYYYYY
ZZYZYZYZY
ZZYZZYZYZ
ZZYZYZZYY
YZZYZYZYY
YZZZZZYZY
ZZZZZYYZZ
YYZZZZYYZ
ZYYZYYYZY
YZYZZZYYY
ZZYYYZYYY
ZYZZYYZZY
ZYZYZZYZY
YYZYZYYZZ
ZZZZZZYYY
YYZZZYZYY
ZYYZYZYYY
ZZZZZZYZY
YZZYZYZZY
ZZYZYYYZZ
YYYYYZYYZ
ZZZYYZZZZ
YZZZZYZZZ
YYYYZZYYY
YZYYZYZYZ
ZYZYZZZYY
ZYYZZZYZY
ZYZYYYZZY
ZZYZYZYZZ
YYZZYYZYZ
YZYYYZYYZ
ZYYZZYYZZ
ZYZYYZZZY
ZZZZZZZZZ
ZYYYZZYZZ
ZZZYYZYYY
ZZYYZYZZY
ZYYZZYZYY
ZYYYZZYZY
ZYYZZZZYZ
YZZZZZYZZ
ZYYYZYZYY
ZZZYYYYYZ
ZYZYZZZZY
ZZYZZZYZY
YZYZYZYZY
YZYZZYYZY
YZZYYYYYY
YYZZZZYZY
YZZYZZZZY
ZZZZYZZYY
ZZZYZYYZZ
ZZYZZZYYZ
YZZYZZYYY
ZZYYZZZZZ
ZYYZZYZZZ
ZYZYZYYZZ
YZYZYZYYY
ZZYYYYZYZ
ZYYZZYYYY
YYZYZYYYY
YYZZYZZYY
ZZZZZYZYZ
YZZYZZZYZ
YYYZZZZYY
YYZZYYYYY
ZYZZZZYZY
YZYYYYZYY
YZZZYZZYY
YYZZZYYYZ
YYZYYYZZZ
YZYZZYYZZ
YYYYZZYZZ
YZYZZZZYY
YZYYYZZYY
YYZZYZYYZ
ZZZYYZYZY
YYZZYYZZZ
ZZYZZZZZZ
ZYZYZYZZY
ZYZYZZZZZ
YYZYYZZYZ
ZZZYYYYZY
ZZYYYYZYY
ZYYYYZZZZ
YYZYYZZYY
YYYZZYYYZ
YYYYYZZZZ
ZYYZZYZZY
ZYZYZZYZZ
YYZZZZYZZ
YZZZZZZZY
ZYZZZZZZZ
ZYYZYYYYY
YYZZZZZZZ
YYYYYZZZY
ZYYZZZYYY
ZZZZZZYYZ
YYYYYZZYZ
YYZYZZYYZ
ZZYZYYZYY
ZYZYZYZYY
ZZYYZYYYZ
YZZZYZYZY
ZYZZZYYYY
YYZYZYYZY
ZZYYYZZZZ
ZZYZZZZYZ
ZYZZYYYZY
YZYZYYZZZ
YYZZYYZYY
ZZYYYZYZY
ZZYYYZYZZ
ZZYYYZZYY
YYYZYZYZY
YZYYZZZYY
YZYZYZYZZ
ZYYYYZZYZ
YZZZZYYYY
YZYZYYZYY
ZYYYYZYZZ
YYYYYYZYZ
ZZYZYZZZZ
YYYZYZYYZ
YZYYZZYYZ
YYYYYYZYY
YZYZYYZZY
YYYYZYZZY
ZZZZYYZYY
ZYZZZZZZY
ZZZYZZZYZ
YYYZZZYYY
YZZYZZYZZ
ZZZYZYZZZ
YZZZYYYYY
ZZZZYYYZY
ZYYZYYYYZ
YZZZYZYYZ
YZZZZYYZY
YZZYZYZYZ
YZZYYZYYY
YYYZZZYYZ
YYZYYYYYY
YYZYYZZZZ
ZYYZZZZYY
ZZYZYZYYZ
ZYZZYZZYY
ZZYZZYZYY
ZZZZZYYZY
YZYYYYZZY
ZZZZYZZZZ
ZZZYZZZYY
YZYYYZYZY
YYYYZYZYY
ZZYYYYYYZ
YYZYYYYZZ
ZYZYYYYYZ
ZZZZZZZYZ
ZYZZZZZYY
ZZZYZZZZZ
ZYZZYYZYZ
YYYZZYYYY
YZYZZZYZY
ZYZYZZYYZ
YYYYZZYYZ
YZZYYZYZZ
YYYYYYYYY
ZZZYZZYZY
YZYYZZYYY
YZZYYZZZZ
YZZZYZZZY
ZZZYZZYYY
ZZYYZYYZY
YZYZYZZYZ
YYYZYZYZZ
ZZYYZYZYY
YZYYYYYZY
YYZYYYYYZ
ZZYYZZZYY
ZYZZYZYYZ
YYYZZYYZY
ZYZYYZYYY
ZZYZYYZYZ
YYZYYZYYZ
ZZYYZZYZZ
ZZZZZYZZZ
YZZZYYYZZ
ZYYYYYZYY
ZZYYYZZZY
YYZZZZYYY
YYZZZYYZY
ZYZZZYZYZ
YYZYZYZYZ
YYYZZYZZY
YZYZZYZZY
YYZYYYYZY
YZZYYYYZZ
ZZZYZYZYY
YZZZYYYZY
ZZZZYZZZY
YYZZYYZZY
ZYZYYZYZZ
ZYZYYYYZZ
YZYYZZYZY
YYZZZZZYZ
YYZZZZZZY
ZYZYYYZZZ
YZYZZZZYZ
ZYYZYYYZZ
YYZYZZZZZ
ZYYZYZYYZ
ZZZYYYZZZ
ZZZYYZZZY
ZYZYZZYYY
ZZZZZYYYZ
YZZZZYZYZ
YYZZYZYZZ
ZYYYYYYZZ
YZZZYYZYZ
ZZZZZZZYY
YZZYYYYYZ
YYZYZZZYZ
ZZZYYZYZZ
YZZZZZYYY
ZZZZYYYZZ
YZYYYYYYZ
YYZYYZYZZ
YZYZYYYYY
YZZYYZZYZ
ZYYZZYYYZ
ZYYYYYYYZ
ZZYZZYZZZ
YYYYYYYYZ
YZZZYZZZZ
ZYZZYYZZZ
ZYZYZYYYZ
ZYYZYZYZY
YZZYZZZYY
YZYYYYYZZ
YZYYYYZYZ
ZYYZYYZYZ
YYZZYYYZZ
ZYYZYZZZY
ZZYZZYYZZ
YYYYZYZYZ
YZYZYZZYY
YZYZYYYZZ
YZYZZYZZZ
YYZZZYYYY
ZYYYZYYYY
YYYYYZYZY
ZZYYYYZZY
ZZZYYZYYZ
YZYZZZZZZ
ZZZZZYYYY
YZYZZYZYZ
ZYYZYYZZY
YYZYYZYZY
ZZZYZZYZZ
YZZYZZYZY
ZZZYZYYYZ
YZZYZZZZZ
ZZYZYZZZY
ZZZYZYZYZ
YZYZYZYYZ
ZYZZYZZZY
YYYZYYYYY
ZZZYYYZZY
ZYYYZYYZZ
ZZYZZYYZY
ZYZZYZYYY
ZZZYYZZYZ
ZYYYZZZZY
YYYZZZYZY
YYZYZZYZY
YZYZZYYYZ
ZZYYZZYZY
ZYZZZYZZY
YYYZZZZZY
YYYYZZZZY
ZYYZZZZZY
YYYZZYZYY
YZYYYYZZZ
YYYZZZYZZ
ZYZYZZZYZ
ZYZYYYYYY
YZZZYYZYY
YZYZZZYZZ
ZZZZYZZYZ
ZYZYZYZZZ
ZYZZYYYZZ
ZYYYZYZYZ
YYYYZYZZZ
ZYYYZYZZZ
YZYZZZZZY
YZZYYZYYZ
ZYYYYYZZY
ZZZZYZYZY
YYYYZYYYZ
ZYYYZZYYY
ZYZYYYZYZ
YZYYZYYZY
YYZZYYYZY
ZYYYZZZYZ
YYZYZYZYY
ZYYYYYYYY
YZYZYZZZZ
YZZYYZZYY
YZZYYZYZY
ZYZYYZZYY
YZZZYYYYZ
YYYZZYZZZ
YZYYZYYZZ
ZYZZYYYYY
YYYYYYYZY
YZZYYYYZY
YYYZYZZYY
YZYYYZYYY
ZYZYYZZYZ
ZYYYYZYYZ
YZYZZZYYZ
YYZZZYZZY
ZYZYYZZZZ
ZYZZZYYZZ
ZYYZZZYZZ
