YES
TZ
QV
SR
VT
CN
WZ
PW
ZY
OJ
WN
QI
TI
LM
GC
LI
HS
GE
PK
FA
QL
QG
DF
XU
YP
OU
CL
AR
WY
RY
KH
EM
OB
ES
IV
ZM
XD
GD
WU
LU
AN
BL
WQ
WC
EH
OK
WR
WA
LT
IY
ZO
FY
BQ
MU
XY
TM
NE
NH
JU
CI
SD
VJ
MW
XO
UL
XB
AT
DJ
CM
CC
KM
NS
PL
VV
HC
HO
FB
YA
JR
NL
PS
AB
RX
OV
LF
BK
MS
UT
VA
AE
JI
EG
MI
HN
XZ
LW
WT
GI
QF
MC
DR
XW
AM
NT
XX
ME
OX
UK
IZ
TS
RB
KL
FT
GR
RP
GH
NM
DX
FQ
PT
BR
JK
PN
CE
DC
GG
DN
PJ
MQ
BG
IU
CH
FL
GN
RZ
UC
KU
JM
IT
AQ
OI
RQ
IK
MO
MT
QR
KD
HT
NU
AG
NX
RT
DS
HB
SK
OL
BP
OP
UX
FH
EW
SI
QC
QO
GS
TK
JE
OO
RC
XV
AD
YS
ZV
BJ
AA
VE
UW
JG
VL
RU
AK
VU
TH
PQ
UQ
EY
WF
JP
PR
VG
TT
RW
IW
RL
ZX
RS
CA
HF
BY
CR
KA
YQ
EN
ZP
OF
AI
SV
NN
UU
EQ
WD
MV
EA
MX
OZ
PV
TC
YY
QU
GO
RI
NC
YB
FR
GV
UA
YK
YN
CQ
LR
QH
VQ
DU
OW
TY
FI
UI
BU
IR
JV
LB
DG
MM
XM
QW
PI
ZK
PM
BH
XA
KF
ER
NG
ZC
GL
LH
ZT
TP
EF
WB
LX
LZ
JO
VR
XG
BN
FD
JN
KC
LY
XI
MG
UE
GU
VZ
QK
CW
CG
CJ
SH
JL
ZG
DT
DP
QM
IO
WG
HQ
EV
WW
EL
FP
QS
NJ
WL
TV
RK
BV
NY
IJ
OH
SY
JT
WH
FS
BB
AL
HW
FX
EX
BW
ZF
ZN
QX
ZR
EC
UP
HY
GZ
DB
BF
VW
UY
KX
VB
AV
HX
WE
QJ
JH
PD
XE
PA
RG
KB
DA
TO
KI
WX
YU
UH
YJ
NI
TB
VO
TD
YI
JX
HE
FF
IM
ZL
FW
LC
EK
RD
SL
DH
CU
IL
FV
LG
GB
RN
PC
FE
BT
LJ
MJ
DO
ZZ
KN
FG
SN
KV
US
IB
VY
YO
JD
SP
YM
KW
XK
UM
XT
NF
CX
EI
EP
MN
TU
PF
RA
NA
VF
LS
VC
NP
KJ
QT
EU
JC
MA
JW
GW
AX
LP
OR
CD
UR
JQ
PB
DI
SE
FM
ZB
RR
RE
UB
DE
SW
AZ
YZ
QE
ID
SS
VD
WM
SF
SC
PE
LO
DK
GP
UF
CV
OD
CF
LK
IQ
UN
PH
KG
MB
BZ
FU
SM
CS
WO
YT
II
IN
AW
XP
KT
EJ
ED
YX
EB
ON
CK
MY
BD
NK
HV
MH
BX
DL
YC
QB
LA
NR
EZ
RH
OY
HU
AH
QP
DM
FK
XQ
TL
TG
SA
SU
IH
HH
RV
VK
OA
DY
CY
LD
MF
FC
DD
LN
LE
CB
SQ
MP
UD
GK
IF
ZU
HD
AS
VM
TN
MR
ML
TF
TJ
AJ
HL
MD
WK
RM
YF
BC
XL
GX
BE
HA
DQ
IE
PY
FZ
YW
KK
HP
OQ
JJ
VP
HJ
VN
LQ
AO
YH
KZ
WV
UZ
NO
CT
XN
ZD
PP
UG
YE
ZQ
KS
TR
XS
CO
HG
ZW
OT
VX
YG
QA
JA
YR
HR
UJ
ZA
PZ
TA
KQ
NB
JS
UV
WP
HM
WS
VI
LV
GQ
PU
QQ
SO
AF
OM
XR
JF
QZ
OG
PO
QN
OS
OC
DZ
NQ
TW
SX
TQ
BO
YL
AY
KR
YV
BM
RJ
RO
CZ
ND
UO
ZS
HK
NV
AU
EO
ZE
IP
DV
SZ
RF
MK
FJ
TX
VS
NZ
ZH
AP
XJ
JB
BS
MZ
IS
PG
IX
GF
FN
KP
BI
JZ
LL
WI
ST
KO
JY
QD
ZJ
NW
TE
IC
CP
GT
BA
GM
YD
KE
FO
SG
SJ
GA
SB
GY
HZ
IG
WJ
XF
AC
DW
PX
GJ
ET
QY
XC
OE
KY
VH
HI
XH
EE
IA
ZI
