YES
WU
KI
HM
GW
LO
KC
IU
VJ
SF
CO
DN
WV
EW
YP
IH
YX
KR
WX
KP
DZ
RL
ME
ZM
ZW
TQ
DO
IW
SB
SP
QU
RQ
BM
JF
LN
WS
QD
CF
MU
YF
KA
TU
BG
KQ
VP
RD
FC
AV
QP
EP
VV
QK
XZ
OV
CK
GO
JN
IE
GK
AU
PS
LQ
TD
UY
JS
HW
DH
EU
SL
MJ
HK
BK
XQ
NA
TB
QZ
PX
UB
CU
TN
WC
EH
ZV
EN
SM
BX
UO
FZ
FP
NM
DD
SV
RM
ZO
ZR
IY
AP
KU
DP
BN
AJ
DW
FE
AB
TG
UU
IX
HG
BA
ZC
XU
MX
BS
KH
LF
BH
DX
XR
YR
FW
YE
OG
GR
CD
GB
SQ
LX
PU
ZD
RI
IQ
JJ
CB
XK
ZS
LA
DI
GZ
HN
PB
MF
OT
LR
DL
NP
JH
XS
IF
QM
GA
PA
DT
AS
NB
AL
EY
KG
OQ
SE
XP
AF
UC
VC
WL
XT
NN
VK
RU
EJ
HQ
FM
QN
TI
OU
WJ
UQ
DV
EQ
MH
FF
ZK
CH
XY
VF
BI
QQ
JU
CN
TX
KZ
IT
MI
VN
BF
WQ
NH
LC
NG
RF
FX
HF
QC
XD
HL
NW
WK
YM
PY
WI
SN
SU
SZ
MR
QB
RO
DR
HD
BP
XW
NT
PM
NI
MZ
AC
VO
DY
GF
EA
NK
NL
ET
CV
TM
YB
FB
OS
CX
HR
AA
VB
II
CE
ED
VD
CM
NF
ZU
YI
UT
RG
HA
HX
PN
MA
EC
BC
VR
YK
OH
PG
YZ
CP
JQ
NY
UD
DS
TE
JP
OO
JY
FV
XG
CG
VM
TP
TV
SW
EE
FA
OL
GV
YS
LV
PO
OI
LP
MQ
VZ
RV
GT
RH
IS
LL
PC
HC
YQ
YU
FN
TA
MS
FL
XO
EI
WY
PK
UM
TL
HE
UW
RN
ZE
BB
MB
FY
KX
BV
FR
GL
KB
UH
XH
JT
YA
MW
RK
JM
SJ
RT
YV
LI
UJ
GG
OB
DQ
ZY
LU
ZA
MD
HB
AR
NU
IK
VY
IL
YO
EL
HO
WN
BW
RB
RX
FS
OK
JR
GM
BQ
JB
QS
UN
GH
BJ
MM
ZL
KD
QF
EV
LD
IG
IR
VH
SR
UL
PT
LW
NC
PQ
CW
BY
JK
YY
FQ
EX
JA
XJ
WO
XI
AG
TW
ID
HI
IZ
DE
OY
KN
YJ
GU
EZ
ZB
PJ
JI
RR
KK
HH
CY
FG
WZ
BL
DA
NJ
VS
BT
IV
BZ
KL
UX
QT
ZF
LY
QE
RS
ML
LT
XL
QW
XC
CA
HZ
QX
WH
RY
ES
JO
HT
KO
WA
JV
GJ
SG
VX
IP
VA
RZ
NQ
YL
NV
TK
SA
UV
EK
EO
VW
MT
UP
QH
ZZ
WP
QA
CT
YN
PL
AO
RE
YW
SC
IC
WM
HU
SD
XB
AZ
TC
OM
IJ
HJ
DK
ST
HV
OJ
VG
KT
AD
OX
VL
DF
PF
EF
JG
XA
GE
ER
KM
AI
BD
UA
KJ
XE
XV
UK
ZP
KY
MK
UF
IN
QG
ZI
ZJ
FD
SS
FH
JL
EM
CR
US
CI
HY
RW
YD
ON
TT
OF
QI
AX
KV
ZN
FO
WF
NE
DM
XN
PZ
XX
WG
VT
ZX
AN
SH
WW
KF
LK
AM
PW
VI
DJ
SK
GD
EG
SO
CJ
MP
IA
QJ
WE
KE
ZQ
AQ
UI
YG
ZT
WR
OW
NO
PV
FJ
TH
YC
UZ
OP
GI
XM
EB
JW
QR
ZG
AT
DU
OA
LH
FU
PI
TO
MV
UR
SI
LG
QV
LB
FT
LZ
AE
BO
TZ
WB
PR
MO
OD
QY
UG
YH
ND
NS
OZ
AW
RJ
LS
NX
CZ
IM
DB
VE
TR
GQ
PH
OR
GC
YT
MG
TF
PP
SY
RP
HP
RC
JX
UE
BU
TJ
WD
AK
MC
RA
DC
NZ
GN
GX
KS
DG
CC
GY
VU
LE
CL
WT
VQ
IO
MN
OE
PE
GP
GS
FI
JE
HS
JZ
JC
XF
QO
LJ
CS
ZH
TY
QL
CQ
FK
KW
AY
JD
AH
PD
BE
IB
MY
OC
SX
LM
TS
NR
BR
