YES
SQH
FKC
AKB
NGL
LNA
BQC
FTP
REH
DGB
KKC
UCG
DLL
QGM
TJA
YTI
JDB
ABJ
YNO
JYE
SDD
OXF
BRL
LCC
BOI
MHC
YFP
IFL
IXF
LKI
JMQ
KVB
WIA
SCA
OAA
VKB
ZIE
JWC
RZB
SKM
LGE
LDD
FVI
LVE
CPE
IIP
TKB
UVJ
YYI
JCE
QPB
MQA
MNB
TCG
SIU
YBF
TSD
MOL
ULB
UEU
FIR
NKF
DSP
XGA
GTA
SOQ
ITF
XLF
EGA
QRG
SRJ
ENB
VQA
XMK
FRR
UZR
RJF
LWD
IQN
TMD
FGE
UGN
OBB
YEC
ILP
IIM
LSB
ODL
XNE
OVZ
XRE
HFK
XCC
YYL
GPL
NGM
FVG
MIA
LSM
HOG
CWA
HAM
XNQ
OMC
PWB
LAU
XMG
HFB
HKC
FZB
LDE
VIF
WAL
GSA
MEQ
FLI
IBI
UNM
BIC
NWA
EMY
HHF
BNE
SJC
QEH
XEC
TXP
APG
KAA
TOD
KIC
AKH
AUP
ZOC
QVI
GHA
CEQ
GDI
PVE
HFE
YID
WPI
MTN
SBO
FXO
ROD
YWG
PGB
BNM
EAJ
AAC
UTA
KEE
TJE
DPA
HXJ
CXA
OFV
JUG
VKA
GIE
JAH
DYB
WJM
HTV
PMG
RBD
MUJ
IRF
MNA
OUA
MLB
CDH
HXO
BDO
FSB
LVJ
CIA
PKH
JKF
SVH
ETL
ONE
ARA
BDF
MNE
SOK
IFD
MZF
NAA
BDL
DGD
ZBA
QXD
JEB
URB
LMP
EMW
WDE
EHN
CXI
KJF
GQY
WYC
PID
TYB
BQH
CES
SVE
VUC
RIA
RWI
PJM
VYY
RMZ
KLD
JMX
SVI
KCC
SYA
HHH
FGA
ZXO
WTB
CGG
YPE
BJA
DJC
BOG
DTA
NCA
YIV
CUD
YFB
KKI
QEO
TXK
NCL
DOI
FID
VUI
DPF
NGC
QUW
SFN
SUG
GPK
QAI
RRB
GFY
WWF
GTB
NIA
RHC
QRH
XNK
RGB
PQB
JGD
EPC
CCC
AFE
PBC
WEX
WPS
PKP
HQA
NLF
NWB
UJF
ZSN
RKF
RID
XMR
XWA
UMD
KEN
OOJ
TNB
XJF
RBO
MSB
YNH
QUD
SKT
UDA
IVC
KHB
RPB
NNJ
EMD
AUY
YXC
QUP
EJA
EWC
NIK
BJD
BMB
IFK
JPA
EIA
QUV
MPA
UFA
RNE
OGI
BFF
ZSH
PIB
WYB
OSE
ZXQ
QZA
FPC
QAX
JAM
SKC
POD
DII
CHD
QAY
IXL
EIO
KCA
LMS
XGJ
YNQ
FVT
TMG
BCJ
HIB
BBB
WJK
DLE
HMD
GXB
SWO
MRI
RYC
UVE
ZXB
OSH
CKK
PVB
VJC
PUC
SOD
VAA
ILQ
UGE
WOS
AXA
IAG
BCT
KQD
RKA
OQC
ORC
QAM
VGC
NMU
KBI
QKN
MVS
SFI
EHE
YDL
ZEN
ZKE
HLC
FQB
HDA
SXF
RHD
IBD
YFQ
VOF
RRA
KWC
NGD
EVA
WLK
YXB
GLA
ZQC
DGC
ZSC
AAA
AVH
DTB
OMG
MGV
NXB
MTA
EOI
HBB
PNB
ETW
CEF
VJM
UXO
SDC
DFA
TBF
WAB
BFK
MOS
NKB
FJC
WXJ
YPA
JMR
RSK
SMD
OND
DOF
YAH
UQA
FFB
THM
NUD
UDD
MRE
UHH
EWM
INL
YND
OIQ
SGA
VJD
ETS
DSC
CYU
DRB
RQJ
XDA
NFH
SOF
KOD
ERC
PCL
HTC
XCI
YGN
CPC
DDJ
LVA
DFD
TPF
EFC
ALM
XRG
YIS
PFB
PXQ
TDP
ZPJ
EAG
NZF
KBC
OAC
VWG
TGB
YJB
FBE
DKB
WEG
LQB
LEG
BNN
RIE
VRC
OMH
ZZL
SAB
QRA
MIE
QQD
WBA
DRH
VEC
CLA
ZKG
YRE
AFH
EAA
KBG
FVO
UHF
YBM
CMA
NKH
WVH
XLC
YMB
GIF
ZXL
LIA
QQB
IYB
HXP
NBC
KJJ
IYO
TBM
JKE
PHE
WXH
TUC
GFK
EJB
TAI
NGF
BCI
BRJ
PQI
QUI
VCJ
JXJ
SNJ
NQN
FGT
NKJ
RYB
NWF
ELC
XMU
HRK
EKB
NFK
FCD
OYC
KNB
KEF
IVD
YYE
VJE
QLA
RUD
IBC
EUE
IGB
ILT
PMJ
PXW
SWS
JQB
GOA
RNL
YII
THB
EOB
JBC
LAE
TCL
KPM
HIA
GAA
PKI
UAG
KDG
BPL
QKF
LQF
YYH
GFF
JXF
OAD
IJC
CAK
COF
PUH
PRS
NTI
VDB
CVB
ZIF
FRJ
KXD
OPN
EBH
ETI
DBC
XVK
PAE
GOC
CVC
ZIH
FIG
TBO
HML
JTF
SKU
BNL
BPI
INE
APC
GMA
UGJ
IDT
LXD
QJF
XCD
VNA
WLX
NJE
PBH
DLB
ABB
SNB
EUP
EGI
DGF
XJM
YUF
GVB
BHG
MBT
ZEF
UBC
UKB
NGT
XEA
CEE
WOC
IYI
SIO
AOC
EID
GAL
JFB
STG
CDD
ZSE
ODJ
QJO
VML
LDA
DIF
MEH
MXE
UFN
IYQ
BPE
GXA
QOC
XMW
MQH
LWJ
CAE
OLA
WGC
PSD
EFK
LKD
HGA
ACB
DHE
RQD
ATF
YMI
ZIJ
MID
SBP
OOB
LTF
RRG
JJB
THE
CJH
BOH
WTG
KUD
NNK
LYI
XIL
STA
IXW
SOE
VCR
PXO
PWG
GNJ
FRW
YQB
HWR
GDE
VMU
ZFH
DXB
NMV
MUR
DKL
FOD
XVG
IJD
PEN
JOA
UKH
OOF
MKB
SQC
VPG
NZB
TNG
CJG
FMA
FNA
QYA
TLZ
TIA
ZQA
ECJ
YQJ
HAK
JAF
WJN
WVC
QOH
ODH
VMO
JRC
NOB
VNH
HXB
KKF
RCC
GNK
GIJ
UUE
ZZS
BOL
DRE
VUQ
WSA
DOH
JHC
RSG
RII
WTF
PBF
YIA
OPF
WDG
QRJ
HAH
YCF
UAE
HMF
IAM
REF
OJA
QRB
ITG
ZQK
ZFG
RVE
ZQJ
BAB
UCK
EUN
DSG
ZHC
BNJ
MOE
VGA
YGD
BCD
RDD
DAC
PBB
JFU
QCL
CRA
RQI
RBV
EMP
MXA
HDF
HWF
CRG
UEL
TTA
CDF
OPD
HFN
QWV
INF
IRC
JLF
TBE
FSF
HMC
VBC
HAO
WTK
ODI
RDB
DJG
ORD
YFC
STC
LWC
SHF
LTH
FBC
NZA
GZB
MBC
MTF
GPE
FLC
FPE
VCI
VHE
GWA
YUA
ALN
FPI
EEA
LFB
TPA
JWJ
FLD
KDT
CPF
EAP
AVA
PQE
IEN
PXC
OVR
DPG
ZYA
IKN
AOP
JOD
ZSL
MGL
RBE
UQI
JRB
UIE
ECF
QKL
YQE
NQC
AVD
QBR
XTA
XLB
MZD
OCD
ZWD
CUI
CYG
SSD
UNA
TLW
VDD
IAK
FCA
FRG
TLH
WYF
QAE
TFA
GDF
RLD
LFK
CDE
VMC
MGF
FFE
VEF
SDA
YWC
PPA
UBD
GHB
UEO
OAK
DAG
KJG
VZH
SFQ
DFU
FSA
LIB
KJH
OPT
JME
FXN
WJA
EVG
YZD
JXN
UER
UXH
ZGC
YBL
UXG
WVK
GJG
ZEH
ZZF
FAF
DIC
KLB
QEN
KJA
KCM
ZAA
CAI
IEM
NGP
YBD
NFJ
MUB
DXQ
XNG
NSO
NUF
MPD
ARC
AFB
RBF
SWC
QWF
ZGE
MGD
YWD
MHA
OJB
YQA
OVD
PRH
QOF
IPB
UQH
GBG
JVI
GKC
TWM
LGF
QRF
MCC
OIC
JAN
FKQ
JSD
GGD
YQM
JLD
FPM
UZI
ESD
YYJ
ZAC
LYC
UEM
ROH
BVB
LWF
PRK
ZZA
WFA
ZXD
PGF
XND
MOK
XXO
OFG
GEB
WQM
PUE
RVF
YQI
GKB
UFK
IEJ
WXI
VFD
QVD
FAL
AOJ
TPC
VWK
CMC
WPJ
ABL
HCC
WTJ
XKA
KEO
ZXM
JUH
LJE
ODA
GRA
