YES
HAADH
IAAIC
CAAEB
AAACH
EAAEE
GAAED
DAAID
BAAIH
EAAED
JAAJE
GAAFD
FABBA
HAAAA
JAAHG
DAACH
GAAAF
DAADH
JAAGA
EAAFH
BAAGA
FAACI
JAAGG
FAAAH
FAAEB
HAAAI
IAADJ
HAAII
IAABC
FABCE
AAAAE
EAAFF
EAAIF
CAAGH
IAABI
EAAGA
GAAFJ
HAAFA
IAAFA
FAAJA
DAAFA
GAAHJ
GAAEH
BAADC
EAAGF
AAAED
CAAAD
HAADF
AAAHD
AAAGI
CAAHF
HAAEI
IAAAE
FAADB
DAAGF
JAAGH
DAAIC
EAAJJ
HAAFF
BAAJF
GAABA
FAABH
BAAGH
EAAHC
HAAID
DAAFB
JAABI
JAAGE
CAAAC
EAAEA
JAAJC
DAAFH
GAAIH
BAAFB
EAADC
GAADI
AAADJ
GAABD
EAABG
CAAHA
CAADI
CAAGD
HAAGG
AAAIF
BAAAH
GAAFI
GAAIA
GAADB
CAADG
AAAAJ
GAACA
BAAFG
CAAHI
GAABF
FAABA
CAAEI
FAADJ
EAABB
GAADE
BAAHE
AAAFI
BAAEA
DAAEA
GAAFE
JAAGC
FAACD
BAAHC
GAAAJ
FAAHG
JAAJD
BAACF
FAADD
AAAFG
FAAJJ
JAAHD
AAAAH
IAAEE
GAACG
BAAHF
GAAGD
HAAAC
GAAGE
IAAFG
EABAD
DAADE
FABCF
HAAGJ
BAAFE
CAAAA
CAADD
IAABF
GAADG
FAABI
DAAHE
FABCC
DAAIJ
CAAHE
IAADE
JAADD
CAAFC
FAACB
IAAIJ
DAADI
JAAEA
EAAAE
FAAEF
BAAHJ
IAAGF
EAAIH
AAAIB
FAAJE
JAAIF
FAAJB
CAAGG
AAAGA
HAAIF
FAACE
BAABB
HAABG
DAAEB
IAAGI
AAAJE
FAADF
EAABF
JAAEE
AAAHE
CAACH
DAAAJ
FAAHE
AAAHH
CAAFG
FAAHB
EAAFC
JAAJI
GAAEJ
CAAFB
IAAHA
DAAFC
DAADG
IAAHD
JAADG
BAACE
CAADC
BAAGI
EAAHD
IAACA
HAAEE
GAACD
EAAFB
BAAJG
IAABE
BAAIJ
AAAIJ
FABAC
BAACI
GAABH
DAAAB
AAAFE
DAAGJ
FABAB
JAAFC
HAACE
HAAJD
AAAII
EABAG
IAAEC
HAAAG
GAAFF
JABAC
IAAFE
CAAGF
FAAEJ
DAAHD
IAAGG
IAAEB
DAACD
BAAIE
HAAJH
IAAEA
AAAAC
IAACC
IAAJF
CAAEA
BAAIC
IAAII
BAAAA
JAAII
HAAHF
FAAHF
HAAHC
HAAEG
AAAFD
BAABJ
CAABG
IAAJD
JAAHC
JAAAG
HAAHE
JAACA
JAADA
BAACH
JAAEF
BAACC
CAAHH
CAAAI
IAAAC
AAAEG
IAAIB
DAAAC
BAAJE
FAABD
JABAJ
IAABD
GAAAD
FAAJH
JAADJ
CAABJ
BAAAE
FABBH
GAAHD
BAADB
DAAEF
FABAF
AAAEJ
GAAEG
HAAAB
JAAID
GAAHG
GAAFA
BAAHH
FAAJD
DAAAI
IAAID
FAAJG
EAAFA
CAABC
EAADF
DAAIF
FAAFB
HAAAF
FAAHA
FAAHI
DAAHA
HAADG
EAADJ
DAAAG
JABAB
DAACF
HAAFG
FAAIF
EAAEC
AAAGF
JAADF
FAAFD
AAAGJ
GAABC
AAABA
AAAJF
IAAGH
HAAGI
AAAFH
CAAFH
DAACC
AAAID
AAAGH
AAAHB
EAAJB
CAAFA
IAAEG
FAAAA
JAACF
FAAIJ
FABAD
AAAAF
AAAJI
AAAIC
CAAIE
BAAEE
JAAEC
CAAFF
EAABJ
FAACG
HAAJG
JAADB
CAAGC
IAAIH
BAAAC
JAAHH
AAAEA
BAAGB
GAACC
EAAIG
IAACB
BAAFC
AAABH
IAACI
IAAIA
FABBC
HAAFE
JAAEI
DAADJ
CAAAH
GAAGC
FABBD
HAAGF
JAAAI
HAAFB
HAACH
IAAEI
IAADG
HAAIH
EAAGG
HAAFC
EAAHE
CAAHD
GAADA
AAAHC
DAAIH
DAAGI
BAAGD
FAAGJ
FABAA
IAAEH
JAADI
AAAHA
CAACC
EABAE
JAAGB
GAAID
BAAIB
AAAJG
HAACF
GAAHB
CAAED
IAACG
AAAFJ
HABAD
GAACB
HABAB
EAAAA
EAAHJ
JAAFB
JAAHB
AAADE
EAACG
GAAEA
AAABB
HAAJC
HAABI
EAAJH
DAAEH
FAAAJ
IAAFJ
CAAGI
HAAHI
IAAFC
JAAHI
DAAGE
BAADI
JAAEG
HAAJE
AAADB
AAABI
EAABA
DAAEC
EAAEF
IAADI
GAABJ
DAABF
AAACC
GAACF
EAAFE
IAADC
DAAEI
JAAHA
HAAIB
AAADA
IAAAD
HAAFJ
EAAHG
IAAJC
GAADD
GAACH
FAABF
GAABI
AAAJC
FAAED
EAABI
IAAFD
HAAIJ
DAAHG
AAAIA
DAACJ
IAAAI
DAAFG
BAABD
BAAGJ
CAABA
GAAGJ
HABAA
CAABF
AAAIH
BAAGG
CAABI
JAAJF
IAAJH
GAAHC
EAAIA
DAAAH
JAABD
EAAJD
IAAED
CAADF
HAAAD
FABAH
HAAAJ
GAAIE
DAACA
HAADI
DAACI
CAABD
BAADH
HAABH
BAAFD
GAAEB
IAAAF
FAAFE
JABAF
EAABE
GAAHF
CAAGJ
BAACA
GAADC
GAABG
FAAEI
DAAGB
DAACE
JAAAA
JAAAH
GAAAH
HAAHA
BAAHG
DAABH
BAAAI
EAAIE
HAAGB
IAAGE
FAABG
FABBG
HAADB
BAACB
BAAIA
DAADC
EAAIB
CAAIC
GAAFH
HAADA
CAADA
CAAGB
AAABG
HAABF
CAAHC
CAAEF
DAAIB
HAAIE
AAADC
HAADD
JAACI
IAAGA
JAAAB
FAAEA
CAAIB
BAADF
FAAAD
JAAAF
IAAEJ
HAAHD
GAADH
DAAAD
EAAAJ
BAABI
CAADH
AAADG
CAABH
GAAAE
IAAJI
CAAEE
BAAAB
GAABB
BAAAD
CAAAG
EABAA
IAAHE
CAAIF
EAAFD
EAABH
GAAAI
DAABI
AAAHF
AAAAB
EAAGI
HAAHG
HABAC
IAADF
EAAAC
IAAHJ
AAAAI
DAAFF
BAACD
FABCB
FAAHH
CAAEC
AAAAG
EAAGH
EAACI
JAAFF
HAAJA
EAACC
AAACE
HAAIG
JABAA
BAAHI
IAADH
FABCD
FAAJF
EAABD
FAABE
EAADA
BAAFA
JAAJG
GAAFB
BAAJJ
BAAAF
HAAHH
GAAEI
AAACA
AAAHI
HAAHB
GAAIG
BAAAJ
GAAHI
EAAID
FAACA
IAAJA
CAAID
CAAFE
JAABC
DAAGD
EAACD
GAAFC
DAAIE
CAAHG
HAAGC
AAAJB
IAACD
CAADE
HAAIC
JAAJA
EABAB
DAABE
IAACJ
FAABJ
FAAID
EAAEJ
JAAFG
CAAIG
FABBI
GAAIJ
AAADF
CAAIA
AAAAD
JAAIC
DAAEG
FAAHC
BAAHA
EAAFJ
HAAFD
DAABG
GAAFG
BAAJA
DAAHF
EAAJE
GAAIB
HAAEH
FAAII
FAAEE
CAACB
IAAHI
JAABA
JAAAJ
GAAEC
HAACB
EAADG
DAAIA
EAAIJ
JAAGJ
JAAHJ
AAAEC
DAADD
AAACI
BAACG
EAACA
CAAHJ
GAADJ
DAAII
BAAII
BAAHD
BAADG
IAAGJ
AAAGB
IAAIE
JAAED
JAAFH
CAACA
IAABJ
BAAJB
EAABC
DAAFD
BAAEH
IAADA
GAADF
GAAIC
DAAFI
JAACG
BAAFI
DAAIG
AAADH
BAADJ
BAAJC
EABAC
EAAII
JAAIE
FAAIH
FAACC
FAAAB
JAAFJ
EAAHB
JAAFE
JAACH
FAACH
EAACH
IAAHC
HAACD
GAAAB
JAABG
HAAJB
FAAAG
BAABF
EAAAH
AAAEF
DAABC
EAAAI
EAAEI
EAAIC
HAAEF
JAACB
JAAHE
AAAIE
JAAFD
DAAHI
AAAEH
JAAIA
IAABB
IAAAB
FAAEG
IAAAG
CAACI
JABAG
GAAGH
FABAE
GAAII
DAAHJ
JAAIG
EAAFI
BAAGF
EAAFG
CAACF
DAACB
DAACG
CAADJ
AAAJH
GAAAC
IAAAH
FAAEH
DAADF
FAAIA
FAADA
AAACJ
EAAGJ
BAADA
FAAAE
HAAFH
GAAIF
JAADC
BAABG
JAACC
EAADB
FAAAF
IAAIG
AAAGG
AAAJA
GAACE
FABBB
IAADD
CAAEG
EAAEB
JAAJB
DAAAE
BAAJI
EAAAG
FAACJ
DAADB
CAAFD
DAAHC
GAAGG
JAACE
BAADE
AAAGC
JAAAC
IAAAJ
JAAGF
IAAHF
FAADE
FAAJI
FAAFA
IAAJB
JAABE
HAAEC
DAAGC
EAAEG
BAAFJ
HAABA
DAAJA
HAAHJ
JAAFI
GAAHE
CAAAE
BAAJH
AAADI
GAAAG
HAAIA
JAAFA
CAAEH
DAADA
BAAEB
BAAGE
FAADH
AAACG
EAAGC
IAAHB
EAAJG
JAABH
EABAF
DAAEJ
AAAHJ
HAAJJ
AAABE
EAAHH
AAAFF
CAABB
DAAHH
BAABC
CAAGE
JAAGD
AAAAA
BAAEG
EAACB
AAADD
DAAGA
DAAGH
FAAIG
EAAHI
FAACF
IAAFF
HAAEJ
CAABE
HAAGE
HAABJ
JAAGI
AAAGE
EAADI
EAAJI
JABAH
AAABF
IAAJG
AAAFB
IAAHG
JAACJ
FAAHJ
DAABB
IAABA
HAABB
JAAJH
EAAAD
HAACA
JAAAD
AAAHG
EAAGD
BAAJD
EAAHA
AAABD
FABCA
JAABJ
EAADH
FAAFC
JAADH
IAAJE
BAAFF
EAADE
JAAJJ
AAAJJ
CAACJ
EAAAF
EAAGE
IAAFI
JAADE
EAADD
JABAI
FAAFF
AAAFC
FABCG
GAAHH
IAAFB
JAAIJ
HAABD
IAAFH
FAAIB
BAAEJ
HAAFI
GAAEE
AAACF
GAAHA
BAAEC
JABAD
BAAFH
FAADG
DAAFJ
HAAJF
HAAGD
EAAAB
GAAGF
FAAJC
BAAIF
HAACC
AAAGD
JAAHF
DAABA
DAAAF
HAAAE
HAACG
IAABH
HAACJ
IAADB
DAAHB
JAAEH
AAABJ
HAABC
CAAGA
EAAHF
JAABF
GAAEF
HAAEB
EAAJC
BAAAG
JAAIH
HAAGA
BAAGC
DAAED
BAABH
FAADC
FAADI
BAAEI
EAACF
BAABE
JABAE
JAAEB
HAAGH
FAAIE
BAAHB
IAACF
FAAAC
DAAEE
BAABA
CAACE
CAAFJ
IAACH
HAAJI
IAAGD
FAAHD
CAACG
HAAED
AAAFA
BAAIG
BAAID
GAAAA
DAAAA
CAADB
IAAHH
IAABG
AAAEE
CAAAJ
CAAEJ
DAABJ
CAAAB
AAAIG
AAACD
HAAAH
FAABC
IAAAA
CAACD
AAAEI
HAADJ
DAAFE
EAAJA
AAAJD
HAADC
EAACE
EAAGB
EAACJ
GAABE
IAACE
JAAAE
GAAGB
IAAIF
BAAED
DAAGG
CAAFI
HAACI
IAAEF
FAAAI
EAAJF
DAABD
FAABB
CAAHB
JAAIB
GAAGA
CAAAF
JAAEJ
AAACB
GAACJ
AAABC
FABBF
FAAIC
AAAEB
IAAGC
FABAG
FABBJ
HAAEA
JAACD
JAABB
GAAGI
EAAEH
FAAEC
BAAEF
GAACI
IAAGB
HAABE
BAADD
BAACJ
HAADE
FABBE
