YES
AABAABBBABABA
AAABABABABAAA
BAAABABBAAABA
AAABABBAABAAA
AAABAAAAAAABA
AAAAAAABBABBA
BAAABAAABAABB
AAABBABBAAABA
BAAABABBABBAB
AAABBABBAAAAA
BAAABABBBBAAB
BAABBAAAAAAAA
BAAAAABABBAAB
AAABABBABBAAB
AAAAABBABAAAA
AAABAABBBBBBA
AAABAAABABABB
BAAAAABABBBBB
AAAAABAABAAAA
BAAABBABABAAA
AAABBAABBBABA
BAAAAABBABAAA
AAABAABAABBAA
BAAABBABABABA
AAABABBAAABAB
BAAAABABAAABA
BAAAABABABBAB
BAAAABABBBBBA
BAAABBBBBABBB
AAAAABBAABAAB
AAABBAABBBBAB
AAABBAABBBABB
BAAAAABAAABAB
AAABABBBABAAB
BAAABBAAAAABB
AAAAAABABBBBB
BAAABBBAABABB
AAABBABABAAAB
BAAAAAABBABAA
AAABABABAABAB
AAAAABABABBBA
BAABAAABAAAAB
AAAAAABBBABAB
AAABAABBBABAA
AAABABABAAAAB
BAAABAAABBAAB
BAAABABBBBBBB
BAABAAABAABBA
AAAAABAAAABBA
BAAABAAAAAABB
BAAAABABABBBA
AAAAABAABBAAB
BAAAABAAAAAAA
BAAAAABBBABBA
BAAAABAAABAAA
AAABAAABBBBBA
BAAABBABABBBA
BAAAAAAABBABB
AAABABBBAABBB
BAAABBBBBBBBB
BAAAAAAAAABAB
AAAAABBBBAABA
BAAAAAABAAABA
BAAAABABAABBB
BAAABBABBAAAA
BAAAAABBAAAAA
AAAAABABBBAAB
BAAAAABBBAABB
AAAAAABBBBAAB
AAABABBAABBAB
AAAAAAAABBABB
AAAAAABBAAABA
BAABAAAABAAAB
BAAABBABAABBB
BAAABAABBBAAA
AABAABBBABABB
BAAABBBAAAAAB
AAAAABBABABAA
AAAAABBBAAAAA
BAAABABBAAAAA
BAAAAABBABBBA
BAAAABBAAABBA
AAABBABAABABA
BAAAABAAABBBB
BAAAAABBABAAB
BAAABABABABAA
BAABBAAAAAABA
AAAAABBBBABAB
AAAAAABBBABBB
BAAABAAAAAAAB
AAAAAAABBAABB
BAAABBABAAABA
AAABBABBABBAB
AAABAAABBBBAB
BAAAAABBABABB
BAAAAABBBBABB
AAAAABBBABBAB
BAAAABAABBABA
BAABAAAAAAAAB
BAAABABBABAAA
BAAAABBAAAABB
BAAAAABBBABAA
BAAAAAAAABAAA
AAABBAABBBAAB
AAABABBBAAABB
BAAABABBAABAB
BAAABAAAAABBA
BAAAAAABBABAB
BAAABBAABBBAB
BAAABABAAABBB
BAAABBBAABBAA
AAAAABABBAABA
BAAABBBBAABBB
BAAABBAABBBBA
AAABABBABAAAA
BAAAAABABABAB
BAAABAAABAAAB
BAAAAABAABBAA
AAABABAABBBAB
BAABAAAABBBAB
BAAAABAAAAABB
BAAAABBBBBBBA
BAAABABBABAAB
BAAABBABBABAA
BAAABBBABAAAB
AAAAAAAABAABA
BAAAAABAAAAAB
AAABAABBABBAA
AAAAAABBBBABB
AAAAABBBABBBB
AAABAABBAABBB
BAAAAABBAAABA
AAAAABBAAABAA
AAAAAAAABBBBB
BAAABAAAAABAA
AAABABBAAAAAB
BAAABABABBBAA
BAAAAABBAABBA
BAAAAABBBBBAB
AAABABAABAABA
BAAAABAABBABB
AAAAABAAAABAA
AAABBAABBBBBB
AAABABABABABA
BAAAAAABAABAB
AAAAABAABABBA
AAABABAAAAAAA
AAABBAAAAABAB
BAAABBBBABABB
AAABBABAAABAA
BAAAABAAAAAAB
BAAAAAAABBAAB
AAAAABABBABBA
BAABBAAABBABA
BAAABBAAABAAA
BAAABABBBBABA
BAAABAABBBBAB
BAABAAAAAABBA
AAABBABABABBB
AAAAAAAAAABAB
AAAAABAAABBAB
BAAAAAAAABBAB
AAABAAABBBBBB
AAAAABBABAAAB
AAAAABAAABBBB
BAAABBAAAAABA
AAABAAABBBABB
AAABAAABABBAA
AAABAAABBBAAB
AAABABAAAABBB
BAAABABBABBAA
AAABAAABBAABB
BAAABBABBAABA
BAAABAABBBABB
BAAABAABBABAA
BAAABBABBBABB
BAAABABAABAAB
BAAABAAABABBB
AAAAABAABBAAA
AAABBABABBBAA
BAAABAAAABAAA
BAAABBBBBABAB
BAABBAAABBAAB
AAABBABABBAAB
AAAAAABABBAAB
AAABBAAABBBAB
BAAABBBABABBA
AAABBABBABBBA
BAAAAABABBAAA
BAAAAAABBBBBB
AAABBABBAAABB
AAABBABAAAAAA
AAAAABBABBAAB
AAAAAAABAAAAA
BAABBAABAAABA
AAAAABBABABBA
BAABAAABABABB
BAAABBBBAAAAA
BAAABBAABABBA
BAAABBBBABBAA
AAABBBAAAAABA
BAABAAAAAABAB
BAABAAAAABAAB
BAAAABBAAAAAA
AAAAABAAABBBA
AAABABAABAABB
AAAAAABAAABAA
BAAABBBABAAAA
AABAABBBABBAA
AAAAAAABBAAAA
AAAAABABABBAB
AAABBABBABABB
AAAAABABAAAAB
BAAABBBAABABA
BAAAAAABBAABB
BAABBAAAAAAAB
AAABAABBABABB
AAAAABBBBABBB
BAAABBAABABAB
AAABBABABBBBA
AAABAAABAABBA
AAABAAABBBBAA
AAAAAAABAAABB
BABAAAAAABAAB
AAAAAABBAABBB
AAAAAAABBABAA
BAABBAABAAAAA
BAAABBBBAAABB
AAAAABAAABAAA
BAAAAAABBBABA
AAAAAAAABBAAB
AAAAABABABABA
AAABABAAABBAB
AAABAABBBBBAA
AAABAAABAAAAB
BAAAAAAABBBAA
AABAAAAAAAABA
AAABAAAABABAB
BAABAAAABABAA
BAAAABAABAABB
BAAABBBBAAAAB
BAAAAABBBAAAB
BAAABABABBBAB
AAABABAABBBBB
AAAAABBAABABB
BAAAAAAABBBBA
AAABABABAAAAA
BAAAAABABAABB
BAAABBAAAAAAA
AAABABAAAAAAB
AAAAABABBBBBA
AAAAAAAABABBA
BAAAABAAAAABA
AAABBAABAABBB
BAAAABBAABAAB
BAAABABBBABAB
AAAAAABBAAAAB
AAAAAAAAAAAAB
BAAAAABBBBBBB
AAABABBBAAAAA
BAAAABABAABAB
AAABAAABAABBB
AAABAABAABABA
BAAABBBAABAAB
AAAAAABABBAAA
AAABAABABABBA
BAAAABABAABBA
AAAAABBABBBAB
AAABBABABAAAA
BAABBAAAABABA
AAABAABABAAAB
AAABBABABBABA
BAABBAAAABBAA
BAABAAAABBBBB
AAABBABAABABB
AAABABAABAAAA
AAAAAABBAABAB
BAAABABABAAAB
AAABABBBAABAB
AAAAAAAAAABBA
AAAAAAABABABA
AAAAAABAAABAB
AAABAABBAABAA
AAABAABBBBBBB
AAAAABABBABAA
AAAABAAAAABBA
BAAAAABBAAAAB
AAAAABAAABABA
BAAABABAAABBA
BAABBAAAABABB
AAABBAAAABBAB
AAABBABABBABB
BAAAABBAABAAA
AAABAABBBBABB
AAABAAAAAAAAA
BAAAAAAABABBB
AAABAAAABBAAA
BAAAAABAAAABA
BAAABABABAABA
AAAAAAAAAABAA
AAABBBAAAAAAB
BAAAAAAAABBAA
AAABBABABAABB
BAAAAABABABBB
BAAAABABBABBA
BAAAABABABAAA
AAABBBAAAAAAA
AAABAABAABAAA
AAAAAABBAAABB
AAAAABAAAAABA
BAABBAAAAABAA
AAABAAABAABAA
BAABBAAAAAABB
BAAAABABAAABB
AAAAAABAABBBB
AAAAAAABBBAAB
BAAABBABBAABB
BAAAABABBBABA
BAAABAAAABAAB
BAABAAAABBAAB
BAABBAABAABAB
BAAABBABABBAB
AAAAABABBBABB
AAAAABABABAAA
BAAABAAAABABB
AAABBABABBAAA
BAAABBBAAABAB
BAAABAAAABABA
AAABABABAAABA
AAAAAAABABAAA
BAAAABABBBAAA
BAAABBAAAABAA
AAAAABBBBABAA
AAABBAAABBBAA
AAAAABABABBBB
AAAAABAABBABB
BAAABAABBABAB
AAAAAAABBAAAB
AAAAAABAABABA
AAAAABBAABBBA
BAAABBABBABBB
AAABABAAABAAB
BAAABBBABBBBB
AAABABBAAAABA
AAABABBABBAAA
AAAAABBBBBAAA
BAAABBBAAABAA
BAAABABBBAAAB
BAABBAAABABAB
BAAABBBBAABBA
BAAAAABBBBABA
AAABAAAABAABB
BAAAAAAAAAABB
AAABAABBBAABA
AAABBABABABBA
BAABAAAAABABA
BAABBAAABBBBB
AAABABBABBBAA
AAAAAAAAABABB
AAABABBABABBB
AAABBAAABBAAB
AAAAAAABABABB
AAAAAABBBBABA
AAABAAABBABBB
BAAABAAABBABA
AAAAABABBAAAA
BAAAABAABABBB
AAABAAAAAABAA
BAAABABBBAABB
AAABBAAABAAAB
BAAABABAABBBB
AAAAAABABABAA
BAAAABBAAAABA
AAABABBABBBBB
AAABBAABBABAB
AAABBAABAABBA
BAAAAAAABABAA
BAABBAAABBABB
BAAABABABBABA
AAABAAABABAAA
AAABABBAABBBB
AAABAAABBAAAA
AAABABAAAABBA
BAAAAABAAABBB
BAAABBABAABAB
BAAAAAABAABBB
AAAAABAABABAB
BAAAAAAABAABA
BAAABBBAAAAAA
BAABAAAABBABB
AAAAABAAAAAAB
AAAAABAAAABAB
AAABABABABAAB
AAAAABBBBBBAA
BAAAAABBBAAAA
AAAAAAABBBBBB
AAABABBABBBBA
BAAABABBBABBB
BAAAAABBBBAAB
BAAAAAAAAABBA
AAABAAAABBAAB
BAAABBBBBBBBA
AAABBABBAABBB
BAAABBAABBBBB
BAABAAABAAABB
BAABAAAABABAB
BAABAAAABABBB
AAAAAAAABBBAA
BAAAAAAABBABA
BAAABABBBBAAA
BAAABBABBBAAB
BAAAAAABABBBB
BAAAABAABBBAB
BAAABBABABAAB
AAABBABAABBAA
AAAAABAABBBBB
AAAAAABABABBB
AAAAAAABBBBAB
BAAABBBBAABAA
BAABAAAABBBBA
BAAABBAAABBAB
AAAAABBBBAAAB
BAABAAABBABBB
BAAABBABABBAA
AAAAAABABABAB
AAABAAAABABBB
BAAAABAABAAAA
AAAAABABBAABB
BAAAABAAABBAA
BAAABABBAABBB
BAAAAAABAABAA
AAABAAABBAAAB
AAABAABBABBBA
BAABAAABBAAAA
BAAAAABABBBAA
AAAAAABBABBBB
AAAAAABBBBBBA
BAAAAABBBBBBA
BAAABABAABABA
BAAABBBBABBBB
AAABAABBABAAB
AAABAAABAAABA
BAAABABBABABA
BAAAAABABABAA
BAAAAAABBBAAB
BAAABABBABABB
BAAABAAABAABA
BAABBAAABBAAA
BAAAABAAABABB
AAABABABAABBB
AAABBAABBABBB
BAAAABBAAABAB
AAAAABABBBABA
BAAABBBBBBABB
AAABBAAAABAAB
AAAAAABBABAAB
BAAAAAAABBAAA
BAAAABABBABAA
BAAABABBAAABB
AAABBAABABAAA
BAAAAAAABAABB
AAAAAAABBBBBA
AAABABBABAAAB
BAAABBAAAABAB
AAAAABBABABAB
BAAABABBBBBAB
BAAABABBBBBAA
AAABAABBABAAA
AAABBABAAABAB
AAAAAAAAAABBB
AAABAABBABBBB
AAABABAAABAAA
BAAAABAABBBBB
AAAAAAAABAAAB
BAAABBAAABABB
BAAABBAABAAAB
BAAABBBBBAABB
AAABABAABBAAA
AAABAABABBBAB
BAAABBBABAABA
BAAAAAABABBBA
AAABAAABBBABA
AAAAABBBBABBA
BAAABAAABABAA
AAAAAABAAABBA
AAAAAAAABAAAA
AAABAABBAABAB
AAABABBAABAAB
BAABAAAABABBA
AAABABBBAAAAB
BAAABAAABBBAA
BAAABABBAAAAB
BAABAAABAAABA
AAABABBAABABA
AAABBAAABBABA
AAABAABABAAAA
BAAAAABBBABBB
BAAAAAAAAABBB
AAAAAABABBBAA
BAAABBBABABBB
BAAABABABBBBA
BAAAAAABBAAAA
BAAAABAAABABA
AAAAAAABAAAAB
AAAAABAABABAA
AAABBAAAABBBA
AAAAAABAAABBB
AAAAABAABBBAA
AAABAABAABABB
BAAAAAAAABBBB
AAABABBABBABA
BAAAAAABBBBBA
BAAAAAABABBAB
AAAAABAABBABA
AAAAAAAABABAB
AAAAAABBABBAB
AAABBABBAABAB
AAAAAAABABBAB
AAABABAABABAB
BAAABABBBABBA
BAABBAAAABAAB
AAAAABBAABABA
AAAAABBAAABBA
BAAAAAABABBAA
BAAABBBBABBAB
AAAAABABAABAB
BAABAAABABAAB
BAABAAAABBABA
AAAAABABAABBB
BAAABBAABABBB
BAAABABBABBBA
AAABAAAAABBBB
BAAABAABABBBA
BAABBAABAAABB
BAABAAAABBAAA
BAAABABBBBBBA
AAAAAABAAAABB
AAAAAABBABABB
BAAAAABBBBAAA
BAAAABAABBBAA
BAAABBBBBAAAB
AAABABBBABAAA
BAABBAAAAABAB
AAABABBBAABBA
AAAAABABBBBAA
AAABAABAAABBB
AAAAAAABABBBB
BAABAAABABBBB
AAABBABABAABA
BAAAABAAABBBA
AAABBAAABAABB
BAAABBAAAAAAB
BAABAAABAABBB
AAABAABBBABAB
AAABAABAAAAAB
BAABBAAAAABBA
BAAABAAAABBAB
AAAAABABBBAAA
AAAAABABAAABA
AAABBABBAAAAB
AAABAABABBAAB
AAABAABAABBBB
BAAABBBBABAAB
AAABBAABAABAA
BAAABBBAAAABA
BAAAAAABABABA
AAAAAAABBBABA
BAABAAABBAABB
AAABBABAAAABB
BAAABBBAABAAA
AAAAAABABAAAB
BAAAAABBABBAA
AAAAABBABAABB
BAAABAABBAAAA
BAAAABBAAABAA
AAAAAAABBBABB
BAAABABAABBAB
BAAAABABABBAA
AAABBAAABBBBA
BAAAAAABAAABB
BAAAAAABAAAAB
BAAAAAABABAAA
BAAABBAAABBBB
BAAAAAAAAAAAA
AAAAABAAAAAAA
AAAAABAABAABA
AAAAAAAABBABA
AAABAAAAAAABB
BAAAABAABABAA
BAAABAABBBABA
BAAAABABAABAA
AAABAAABABAAB
BAAABBAABBBAA
BAAAAAAABBBBB
BAAAAABABAABA
AAAAABBBBAAAA
BAAABBAABAABA
BAABBAAAABBAB
AAABABAAABBBA
BAAAABAABBAAA
AAAAABBABBBAA
BAAABBBABABAB
BAABAAABABAAA
BAAABABABBABB
AAABAABBAABBA
AAABABBAAAABB
AAABAAAAAAAAB
AAABABAAABABB
AAAAABAABAAAB
AAAAAABABBABA
AAABABBBABABA
AAABBAAAAAAAA
AAABABBAAAAAA
BAAABAABABBAB
AAAAABBAABBAB
AAAAABAAABBAA
AAABAABABBBBA
AAAAABAAABAAB
AAAAABBAAAABB
BAAAABABBBBAB
AAABBAABBABBA
BAAABABBBAAAA
AAAAAAABBBAAA
BAAABAAABABAB
AAAAAABBBABBA
AAAAAAAABBBAB
AAAAABBABABBB
AAABBABAAAAAB
AAABAAABBBAAA
BAAABBAAAABBB
BAAAAABAAAAAA
BAAABAABBABBA
AAAAAABAABBBA
BAAAAABBABABA
AAABBABABBBBB
AAABAAABAAAAA
BAAABBAAAABBA
AAAAAABBAAAAA
BAABAAAAABBBB
AAAAAAABAABBB
BAAAABBAAAAAB
AAABAABAABAAB
AAABBABAABBAB
AAABAABABABAA
BAAAAABAAABAA
AAAAAAAAABAAB
AAABABAAABBBB
BAAABBAABABAA
AAAAAAAAABABA
BAAABBBBBABBA
BAAABBBBBBABA
BAAAAAAAABBBA
AAABAABBBBABA
AAABBAAABABBA
AAABAABAAABAB
AAABABBAABBBA
AAAAAAABBBBAA
BAAABAAAAABBB
BAAAABAABAAAB
AAAAAAAAAAABB
BAABBAAABBBBA
AAAAABBBBBABA
AAAAAABABABBA
BAAABAAAABBBA
AAAAABABAAABB
BAAAAABBAABAA
AAAAABBBABBBA
BAABAAABAAAAA
AAABBAAABABBB
AAAAAABAABABB
AAAAABAAAABBB
AAAAABBABBABA
BAAABBABABABB
BAAABBABABBBB
BAAABABBBBABB
AAABAABAAAABA
BAAABABAABBBA
BAAABBBBBAABA
AAABBAAAABABB
BAAABABBAABBA
AAABAABBBAAAB
BAAABABABBBBB
BAAAABABBAABB
AAAAABABABAAB
BAAABABBBABAA
AAABAABBBBBAB
AAAAAAAAAAABA
BAAABBABAAABB
BAABAAAAABAAA
BAABAAAAABBBA
BAAABBBBBBBAA
BAAABBABBBAAA
BAAABABAAABAB
AAAAABBAAAAAA
AAABAABBBAABB
AAABBABABABAA
BAAAAABBAABAB
BAAAAABAABABA
AAABAABABBAAA
AAABBAAABBAAA
AAABBAABAAABB
BAAAAABABABBA
AAAAABBBBAABB
AAABBAAABAABA
AAABAABAAABAA
BAAABBBBABAAA
BAAAAAABBBBAB
BAAAABAABABBA
AAABABBAAABBB
AAABBABBAABAA
AAAAABBBBBBAB
BAAABAAABBABB
AAABABAAABABA
BAAAABAABABAB
BAAABABBABBBB
AAABBAABABAAB
BAAABABBBAABA
BAAAABABABABA
AAABABBABBBAB
AAABABAABABBA
BAAABBBABABAA
AAABABABAAABB
BAAABAABABBBB
BAAAAABBBABAB
AAAAAAAABAABB
AAAAAABBBBBAA
BAAAAABBAABBB
BAAABBABBBABA
AAABAAAABABBA
BAAABAAABAAAA
AAAAABBAABBBB
AAAAABBAABAAA
BAAAAAAABBBAB
AAABABAABAAAB
AAABABAABABAA
BAABAAAAAABAA
BAAAAABAABABB
BAAAAAAABABAB
AAAAAAAAAAAAA
AAAAABABAABAA
BAAABBBBAAABA
BAABAAABBABBA
AAAAABBABBBBA
AAAAABBABAABA
AAAAABAABBBAB
AAAAABBAAABAB
BAAABABAABBAA
AAABBAAAABABA
BAAABBABBBBAA
AAAAAAABAABAA
BAAAABABBAABA
AAABBAAABBBBB
AAABBABBAABBA
BAAABAABBABBB
AAABAABABBABA
AAAAAABAABBAB
BAABAAABAABAB
AAAAAABABAAAA
BAAAAABAAABBA
AAABBAAAAAABB
BAAAAABBBAABA
AAABBABAAABBA
BAAABAABBBAAB
BAAAAABABBBBA
BAAAAAAAAAABA
BABAAAAAABAAA
BAABAAAAABABB
AAAAAABAAAAAA
BAAAAAABAABBA
BAAABABABBAAB
AAABBAABBBBAA
BAAAAAABBBAAA
BAAAAAABAAAAA
BAAAAAABABABB
AAABAABABBBAA
BAAABABAABAAA
BAABBAABAABAA
BAABAAAAABBAA
AAABABAAABBAA
AAABBABAAAABA
AAABBAAAAABBA
AAABAAABABABA
AAAAAAABAABBA
BAAABAABBAABB
BAAABABABABBB
AAABAAAABAAAA
BAAAAABBABBAB
AAABBABABABAB
BAAAABAABAABA
AAABBABAAABBB
AAABAABBBABBA
BAAABABABAAAA
AAAAAABABBABB
AAABAAABABBAB
AAABABABAABBA
AAAAABBAABBAA
BAAAABABBBBAA
AAAAAABAABBAA
AAABABAABBBBA
BAAABBAABAABB
AAABBAAAAABAA
BAAABBBABAABB
AAABBAABAAABA
AAABAABBABABA
AAABBABAABBBA
AAABAABAABBBA
BAAAAAAAAABAA
AAAAAABABAABB
BAAAAAAAABAAB
BAABAAAABAABA
BAAAAABABAAAB
BAAAAAABABAAB
BAAABAAAABBAA
AAAAAABAABAAA
BAAABAAABABBA
BAAABBBBAABAB
BAAAAABAABAAB
BAAABBABBBBAB
BAAAABABBBAAB
AAABBAABBBBBA
BAAABABABBAAA
BAAABABAABABB
AAAAABAABBBBA
BAAAABABAAAAA
BAAAABABABAAB
BAAAABABBAAAB
BAAAAAABBBABB
BAABBAAAABBBA
AAAAABABBBBAB
AAAAABBABBAAA
BAAABAAAAABAB
AAABAAABBABBA
AAAAABBBBBBBA
AAABAABBAAABA
AAAAAAABAABAB
AAAAABBAAAABA
AAAAAABBBBBAB
AAABAABABBABB
AAABABBBAABAA
BAAAAABAABAAA
AAABABBAABBAA
BAAAABAABBAAB
AAABAAABAAABB
BAAABAABBAAAB
BAABAAABBAAAB
AAAAAAAAABAAA
BAAAABABABBBB
AAAAABBBAAAAB
AAABBABAABBBB
BAAABBBBBBAAB
AAABBAABAAAAA
AAABAAABBAABA
AAABAABAAABBA
BAAAAAABBAABA
BAABBAAAAABBB
AAAAAABAABAAB
BAAAAAAAABABA
BAAAAAABBBBAA
AAAAABABBABBB
BAAABBABBABAB
BAAAAABAAAABB
AAABABABAABAA
AAAAABBABBABB
BAAAAAAAABABB
AAABABBAABABB
AAABBAABAABAB
AAABAAAABABAA
BAAABBBAAAABB
AAAAAABBABBAA
BAAABBABAABBA
BAAABAAAABBBB
BAAABBBBBBBAB
BAAABAAABBBAB
BAAABBABAAAAB
AAAAAABBBBBBB
AAAAAAABBABBB
AAAAAABBBBAAA
BAAAABABAAAAB
BAAAABAAAABAA
AAABABBBAAABA
AABAAAAAAAAAA
AAABBAABBBAAA
AAABAABAABBAB
AAABAABBABBAB
BAAABBABBABBA
AAAAAABABBBBA
BAAABBBBBAAAA
BAABAAAABBBAA
AAAAAABBAABBA
AAAAAAAABBAAA
AAABBAAABAAAA
BAAAABABBAAAA
BAAAAAAABAAAB
BAABAAABABBAA
BAAABBAAABABA
BAABAAAAAABBB
BAAAAAAABAAAA
AAABBAAAABBAA
BAAAABAABBBBA
BAAAABABBABAB
AAAAABABAAAAA
AAAAAAABABAAB
BAABBAAABBBAB
AAABAABAAAABB
BAAABAAAAAAAA
BAAAABABBBABB
AAAAAAABBAABA
BAABAAABBBAAA
AAABBABBABABA
BAABAAAAAAAAA
AAABAAABBABAA
AAABBAAAAAAAB
BAAABBABAABAA
AAAAAABBAABAA
BAAAAABABBABB
AAABAABBAAAAB
AAABBABBABAAA
AAABAABABABBB
BAAABBBBABBBA
BAAABAAABBBBA
BAABAAAABAAAA
BAAABBBBABABA
BAAAAAAABABBA
AAABAAAABBBBB
AAABBABABBBAB
BAAABBAAABAAB
BAAAABAAAABAB
BAABAAABBAABA
BAABBAABAAAAB
AAAAABABBABAB
BAAABBABAAAAA
AAAAAAABBABAB
AAABABBAAABAA
AAAABAAAAABBB
AAAAAABBABAAA
AAABABAABABBB
AAAAABABABBAA
BAABAAABBABAA
AAAAABAABAABB
AAAAABBABBBBB
BAABAAABAABAA
AAAAABAABABBB
BAAAAABBABBBB
AABAAAAAAAAAB
AAAAAABABAABA
BAAAABABBABBB
BAAAABAAABAAB
AAABAAABABBBA
BAAAABABABABB
AAABBABBABAAB
AAABAAABAABAB
AAABABBABBABB
AAAAAAABABBAA
AAAAAAAABABBB
BAAAAAAAAAAAB
AAAAAABAAAAAB
BAAABBBBBBAAA
BAAABAAABBBBB
AAABBAAABBABB
AAAAABAAAAABB
BAAAABABBBBBB
BAAABBBAAABBA
BAAABABBAABAA
BAAABBAAABBBA
AAABBAABAAAAB
BAABAAABABBBA
AAAAAABABBBAB
AAABAABBBAAAA
AAABBAAAAAABA
BAAABBBBBABAA
BAABAAAAABBAB
AAAAABBAAABBB
BAAAAABABAAAA
AAAAAABAAAABA
BAABAAABBABAB
BAAAABAAABBAB
AAAAABBBBBABB
BAAAABBAAABBB
BAAABABABAABB
BAAABAAABBAAA
BAAAAABABBABA
BAAABBAABAAAA
AAAAABABABABB
AAAAABABBAAAB
BAAAAAABBAAAB
BAAAAABBBBBAA
AAABAAABBABAB
BAAABAAAAAABA
AAAAAAABABBBA
AAAAABAAABABB
BAAABBABBAAAB
AAABAAAAABBBA
BAABAAABABABA
AAABAAABABBBB
AAAAAAAABABAA
BAAAAABABBBAB
AAAAAAABAAABA
BAAABBAAABBAA
AAABAABBAAABB
AAABAABAAAAAA
