YES
ZZYZYYYZZ
YYYZYYYYY
ZYYYZZZYZ
ZZYYYZZZY
ZZZZZYZZY
ZYZYYYZZZ
YZZYZYZYZ
ZZZZYYZYZ
YZYZYYZZZ
YZZZYYYZZ
YYYZZYYYY
ZZYZZYZYZ
YZYZYZZYZ
ZYYYZYYYY
YYYZYYYZZ
ZZYZYYZYY
ZZYZZZZYZ
ZYYZYZYYY
ZYYZZYYYZ
ZZZZYZZYZ
ZZZZYYZZZ
YYYZZZZYY
YYZYZYYZY
ZYYYZZYYZ
YYYYZZZYY
ZZZZYYYZY
YYYZYYYYZ
YZYZZZYZY
ZZZYZZYZZ
YYZYZYZYZ
ZZZZZZZZZ
ZZYZYZZZZ
ZZYYYYZYZ
ZYYZZYZZY
ZYYYYYZYY
YZZYYYZZY
YYYZYZYYY
ZYYZZZZZY
ZZZZZZZYY
ZYYYYZYYY
ZYYZYYYZY
ZYZZYZYZY
ZZZZYYYYY
YZZZZZYYY
YZZZYZYZY
ZYYZZYZYZ
YZYYZYZYZ
YZZZZZYYZ
ZYYYYYZZZ
ZZYYZZYYY
YYYYZZZZY
ZYYYYZZYZ
YZZYYZYYZ
YYZZYZZYY
YZYZYZZYY
ZZYYYYYYZ
ZYYZZZZZZ
YZZYZYYYZ
YYYZZYYYZ
YZYZZZYYY
YZYZYZZZZ
YYYYYYYZZ
YYZZYZZYZ
ZZZYYZYZZ
YYZZZZZZZ
YYZYYZZZZ
YYZYZZYZY
YZYYZYYZZ
YYZZZYZZZ
ZYYYZYYZZ
ZZZYZZYZY
YZYYZZYYZ
ZYZZYZZZZ
ZZZYYZYYY
YYYZZYZYZ
ZYYZZZYZZ
YZZZYYYYY
ZYZZYYYYZ
ZZYZYZYYZ
ZYZZZYZYY
ZYYYZYYZY
ZZYYZYYYZ
YZYZZYYZY
ZZYZZYZZZ
YYZZYZZZY
YZZZYYZYZ
YYYZZYYZZ
ZZYYZZZYZ
ZYYYYZZYY
YYZZYYYYZ
YYYZZZYYZ
ZZYYYYZZY
ZYZYZZZZY
ZYZZZZYYZ
ZZYYZYYZZ
ZYZZZZZYY
YYZZYYZYZ
YYZYZZYYZ
YYZZYYZYY
ZZZZZYYZY
ZYZYYYZYY
ZZYYZZZZY
ZZYYYYYZZ
YYZYZYYZZ
ZZYZZZYZZ
YYYZZZZZZ
ZYYZYYZYZ
YYZYYYYYZ
YZZYYYYYY
YYYYYZZZY
YYYYZZYZY
ZZYYZZYYZ
YYZZZYZZY
YZYZZZZYY
YZZYYYZYZ
YZZYYYYYZ
ZYYZYZYZY
YZYZYYYYZ
YYYYZZZZZ
ZYYZYYZYY
YYZYZZZZY
YZYZYYZZY
YYZZYYZZZ
YYZYZYZYY
YZZYYYYZZ
ZZZYZZYYZ
ZZYYYZYZZ
ZYZYYYYYY
ZYYYZZYZZ
YYZYZYZZY
ZZYZZYYZY
YYZYYYYZY
YYYYZYZYZ
ZZZZYZYZY
YYYYZYYYY
ZZZZYZYYZ
YYYYZYYYZ
ZYZZYYZZY
YYYYZZZYZ
ZYZYYYZZY
ZZZYZZZYY
ZZZYZYZZY
ZZZZYZZZY
ZZZZYZYYY
YZZZYZZZY
ZZZZZZYYZ
YYYZYYZYZ
YZYZZYZYZ
YYZZZYYZY
ZZYYZYYYY
YZZYZYZZZ
YYYYZYZZY
ZYZYZYYZY
YYYYZZYZZ
ZYZYYZYZZ
ZYYYYZYZZ
YZZYZZZYY
ZYZZYZZYY
YYYZZYZZZ
YYZYYYZYY
YYYZYZZZZ
YZYYYYYYY
YZYYYZYYY
ZZYZYYYYY
ZZYZZYYZZ
ZYZYZYYYY
YZZZYZZZZ
YYYYYZYYY
YZZYZZZZY
ZYYZZZYYY
YZYYYYZYZ
YZZYZYYYY
ZYZZZYYZY
YZZZZYYYY
ZYZYZYZZZ
ZYZYYZYYZ
YYZYZYYYY
YZYZYZZZY
YYZZYYZZY
ZZZZYYYZZ
ZZYZZYZZY
YYYZYZZYY
YZYYZZZZZ
YZZZZZZZY
YYYZYYZYY
ZZYYZZYZZ
YYYZZZZYZ
YZZZZZYZZ
ZYZYZZYYY
ZYZYYYYZZ
YZYZYZYYY
YZZZZZZYZ
ZYYYYYYZY
ZZYZZZYZY
YZYZZZZZY
ZYZZZZZYZ
YYZYYYZZZ
YZZYYZZYY
ZZYZZZZZZ
ZZZYZYYZZ
YZYZYYYZY
YZYYYYZZZ
YYYYYZYYZ
YZYYZYYYY
YZZZZZZYY
YYYYYYZYY
ZYYYYZZZY
YYZZYZZZZ
YZYYYYYZZ
ZZYYZYZYY
YYZYZZZYZ
YYYZZYYZY
YZZZYYZYY
YZYZZYYZZ
YZZZYYYZY
YYZZYYYZZ
ZYYYZZYYY
ZYYYZYZYZ
YZZZYYZZZ
ZZYZZYZYY
YYZYYZYZZ
ZYZZYZYZZ
YYZZZYZYY
ZZZYZZZZZ
YZYZYZYZZ
ZZYZYZZYY
ZYZZYYZYY
YYZZYZYYY
ZZYYYYYZY
ZYYZZZZYZ
YYYYYZZYY
ZZZYYYYZZ
ZYZYYZYZY
YZZZZZZZZ
YZYYZYZZY
ZZZYYYZYZ
YYYZYYZZZ
ZYZZYZYYZ
ZYYZZZYYZ
YYZYZZYZZ
YYYYYYYZY
ZZYYZYZZY
ZZZYYYZYY
ZYYYYYYYY
YZYYYZYZY
YZYYYYZYY
ZYYZYZZZY
ZZYZYYZZY
ZYYYZYZZZ
ZYYYYYYZZ
ZYZYYYYZY
ZYZYYZZYZ
YZZZZZYZY
ZYYZYZZYZ
YZZZYZZYZ
ZYZYZYZZY
YZZYZYZZY
ZZYZYZYZZ
YZZZZYYZZ
ZYZYZYZYZ
YYZZYZYZZ
YZYZZYZZY
ZYZYYZYYY
YZZZZYZYY
ZZZZZYYYZ
ZZZZZZZYZ
ZYZYYYZYZ
YYZZZZYZZ
YZZZYYYYZ
ZZZYYYYZY
YYZZZYZYZ
YYYZYZYYZ
YZZYYZYYY
YZYYZYZZZ
ZYYZYZZZZ
ZZZZZYZZZ
ZYZZZYZYZ
ZYYYZYZZY
YZZYYZYZY
ZZZYYYYYY
YZYYYYYZY
YYYYYZZZZ
YZZYYZYZZ
ZZZZYZZYY
ZZYZYZZZY
ZZZYZYYYZ
ZYYZZZYZY
YZYYYZZZY
YZYYYZZYZ
ZYYYZZZYY
YYZYYZZYY
YZYZYYYYY
YYYZYYYZY
ZYYYYZZZZ
ZYZYYZZZY
ZYZYZYYZZ
YYZYYZYYY
ZZYYZZZYY
YZYZZZYZZ
ZZYZYZYYY
ZYYZYYZZZ
ZYZZYYYZY
ZYZZYZZZY
ZZZZYYZYY
YYZZZZYZY
YYYYZZYYZ
ZZYZYZZYZ
ZZYYYZYZY
YYYZZZYZZ
ZZZYZYYYY
ZYYYYYZZY
YZYYZZYZY
ZZZZZYZYY
YYZYYZYZY
ZZYZYYYYZ
YYZYZYZZZ
ZZYZYYZZZ
YZZYZZYZY
ZZYYYZZZZ
ZYZZYYZZZ
YYZZZZZYY
ZYZZZYYZZ
ZZYZYZYZY
YZYYYYZZY
ZYZZZYYYZ
ZZZYYZZZY
ZZZYZZZYZ
YZYYZZZZY
YZZYYYZYY
ZZYYYYZYY
YYZZZZYYY
YYZZZZYYZ
ZYZYZZZYZ
ZZZYZYYZY
ZZZYYYZZZ
ZYZZZZYYY
YZYYYZZYY
ZZZZZZZZY
YYYYYYYYY
YYZZYYYZY
ZZYYZZYZY
ZYZYYZZYY
YYZZYYYYY
YZYYZZZYZ
ZZYYZYYZY
ZYZYZZZYY
YYZYYYYYY
YZZYZYZYY
ZZYZYYYZY
YZZZYZYYY
ZYYZYZYYZ
ZZYZZYYYZ
YZYYZYZYY
ZZYZZZZZY
YYYYYZYZY
YYYZZYZYY
YZZYZZZYZ
YZZZZYZZY
ZZZZYYYYZ
YYZYYZZYZ
YYZYYZZZY
ZYZYZZZZZ
ZYYYYZYZY
YZYYYZZZZ
YYYZZYZZY
ZYYYYYYYZ
YZYZYZYYZ
YZYZZZYYZ
YZZYYZZYZ
YZZZYZYZZ
ZYZZZZZZZ
YYZYZZZYY
ZZZYZZZZY
ZZYZZYYYY
ZZZYZYZZZ
YYYZZZYZY
ZZZYYZZYY
ZYZYYZZZZ
ZZZYZYZYZ
YZYYZZYYY
YZYZYYZYY
ZYZZYZYYY
ZYYZYZYZZ
YYZYYYYZZ
YZZYZZYZZ
ZYYZYYYZZ
ZYZZZZYZZ
ZYZZZYYYY
YYYZZZYYY
ZYYYYZYYZ
YZZZZYYZY
ZZYYYZYYY
ZYYZZYYYY
ZYZYZZYYZ
ZYYZZYYZZ
ZYZYZZYZZ
YYYZYZYZY
ZYZZZYZZZ
ZYYZYYYYZ
YYYYZYZYY
ZYYZZYZYY
ZZYYYZYYZ
YZYZYYZYZ
ZYYYZZYZY
ZZYYYZZYY
ZZZZYYZZY
ZYZYZYYYZ
YYZZZYYZZ
YZYZZZZZZ
ZZZZYZZZZ
ZYYYZZZZZ
YYZYZZZZZ
YZYZZYZZZ
ZZYYZZZZZ
YZZZYYZZY
YZZZYZYYZ
ZZZYZZYYY
YZZYZZYYZ
ZZZYYZZYZ
ZZZYYZYYZ
ZYZYYYYYZ
YYYYYYZZZ
YZZYZZYYY
ZZZZZYZYZ
ZYYYYYZYZ
ZZZYYZYZY
ZYZZZYZZY
YYYZYZYZZ
ZYZZYYYZZ
ZZZZZZYZY
ZZZZZYYYY
YZYZZYYYZ
YYYZYYZZY
YZYYYZYZZ
ZZZZZYYZZ
ZZYZZZYYZ
ZZYYYZZYZ
YYZYYZYYZ
ZZYYYYYYY
YZZZZYZZZ
YYZZZZZZY
ZYYYZYZYY
ZZZZZZYYY
ZZYYZYZYZ
YYZZYZYZY
YZZYZYYZZ
YZZYYZZZY
ZYZZYYZYZ
ZYZZZZZZY
YYYYYYYYZ
ZZZZYZYZZ
YYZZZYYYY
ZZZZZZYZZ
ZZYZZZYYY
YZZYYYZZZ
ZYYYZZZZY
YZZZZYZYZ
YYZYYYZYZ
YYYYYZZYZ
ZZYYYYZZZ
YZYZZYYYY
YZYYZZZYY
YYYZZZZZY
YYZYZYYYZ
ZYZZZZYZY
YYYZYZZZY
ZZZYYZZZZ
ZYYZZYZZZ
YZYZZYZYY
YZZZZYYYZ
ZZZYYYYYZ
YYYYYYZYZ
ZYYZYYZZY
ZYYZZZZYY
YZZZYZZYY
YYYYZYZZZ
ZYZYZZYZY
YYZZZYYYZ
YZYYYZYYZ
ZYYZYZZYY
YZYZZZZYZ
YZYZYZYZY
YZZYYYYZY
YYYYZYYZY
ZYZZYZZYZ
YYZYYYZZY
YZZYYZZZZ
YZYZYYYZZ
ZYYZZYYZY
ZYYYZYYYZ
ZYZYZYZYY
ZZYZYYZYZ
YYYYYYZZY
ZZYYZYZZZ
YZYYZZYZZ
YYYYZZYYY
YZZYZZZZZ
YYZZZZZYZ
YYZYZZYYY
ZZYZZZZYY
ZYZZYYYYY
YZYYZYYYZ
ZZZYZYZYY
ZZZYYYZZY
YYYYZYYZZ
ZYYZYYYYY
YYYZYZZYZ
YZZYZYYZY
YYZZYZYYZ
YYYYYZYZZ
YZYYZYYZY
YZYYYYYYZ
