YES
VO
CB
KN
RP
WN
FL
SM
PY
LI
OC
VM
AS
AU
ZA
OY
OW
KW
ZJ
EN
FN
HD
ST
IO
ZE
FD
MP
SO
GM
BV
TZ
BP
WK
EK
WH
LY
SB
JY
CF
XJ
HS
KC
BM
YD
NL
QV
HL
ID
US
GP
OQ
OK
DI
QP
PW
DR
OP
NA
JM
OX
JZ
PL
BG
ES
AF
PF
EA
JD
TJ
XN
UV
SL
FI
UH
TX
JB
CA
NP
FR
LA
CR
OI
TT
NK
FB
NN
YV
XP
CU
BZ
VF
LX
FG
BD
FW
RU
ML
BT
ET
CP
VD
QX
CJ
LR
KS
OU
KY
QF
NQ
AI
GV
RZ
RK
BA
PA
EQ
ME
YI
VE
MK
DW
MW
ZO
JG
PD
MO
LB
GY
MH
KG
IX
WT
TC
ZQ
ZM
CH
YZ
ZP
ZI
EV
UA
IY
VS
WU
XU
GS
KM
RQ
YF
TR
VH
DZ
UT
VC
AV
UU
QE
PJ
ZZ
GD
CC
DB
XY
CK
EC
IE
MV
LC
HR
TD
KP
UY
RR
KT
JA
NX
ZS
HT
AO
PK
LH
PP
SV
AW
KO
TV
IC
LT
SG
XW
LN
PR
XH
JH
BJ
BU
EP
GQ
ZY
VP
VG
HQ
AX
EZ
XA
FC
XE
RD
FF
CI
UN
NI
QD
EB
GX
LP
MB
OT
PO
EL
AG
RN
IK
PV
XT
NE
FH
GH
EM
YM
FQ
VX
YK
OR
HU
KX
UF
QN
OL
VN
UX
OV
SN
VV
JN
DF
YT
VA
XL
FA
TM
HF
WW
PC
ZN
HM
NU
ND
MX
RE
PE
IN
EO
FU
DV
MG
JR
HN
LS
FX
QT
TK
MY
IR
ZC
DA
FM
KH
FY
LW
YL
AM
KI
XC
XR
JK
MA
KF
BR
ZR
SR
TB
FJ
NG
HH
LL
GO
YJ
EE
UW
AB
SW
EW
VJ
AA
ZK
AY
WC
YQ
GI
HE
UL
OE
OB
UE
YG
FP
HC
KL
LZ
LE
RM
AK
DM
PG
HX
ZU
DU
IP
JV
QJ
NC
PB
MQ
KE
UC
XD
JS
ZB
SX
SQ
VT
HA
JF
LM
WG
CM
PI
EG
AE
QK
BX
ZL
UB
GL
OD
NB
GW
QO
JX
DX
XG
QW
WX
EX
YP
OO
WQ
ZX
LD
UO
SI
GJ
UZ
NS
EI
GE
FE
YS
RF
TA
NJ
RI
KV
BH
NO
VY
OH
NF
ZD
IB
YW
KA
YC
JC
WZ
AP
OM
DO
CS
RJ
PX
NT
IA
DS
IT
OF
AC
PT
WE
BK
JI
BO
XF
SU
UK
HY
CW
ZH
CG
RA
AR
QC
QQ
IZ
VU
DN
JQ
WF
BC
WY
AJ
QY
BW
IH
IG
BS
BY
UR
CQ
TG
MN
CZ
FZ
YX
SY
WO
BF
QZ
PS
SF
SH
GK
RL
CV
BB
QA
UI
MJ
VK
OG
XM
YA
XI
KU
PZ
QU
IF
KZ
QI
GF
DL
RS
HB
UP
EH
RW
LU
ED
WI
RY
QR
HW
YB
TF
AN
JP
HZ
RO
KK
IV
FV
QB
WP
YH
ON
UJ
VL
PH
DC
QM
GA
NY
AQ
TN
XX
LG
ZV
AZ
WS
PQ
SA
CO
WJ
DT
MD
QL
VI
IU
SE
PM
LO
EF
IW
WM
AD
NV
RV
MF
ZF
XQ
CD
LF
XV
GU
TH
MC
SD
OJ
TI
EU
PN
BN
HK
DK
MM
MT
UG
AL
HO
WD
HG
FS
SK
GB
HI
KQ
BL
JL
GN
ZT
FO
MI
HJ
GG
UM
BE
KJ
DE
XB
VW
WA
EY
NH
YO
RX
SS
CX
CE
QS
KD
EJ
GZ
HV
IS
LJ
VB
MZ
SJ
TO
UQ
WR
GR
TQ
WL
GC
XZ
IL
CN
YE
KR
YN
MU
VR
WV
CY
ZG
II
SC
RC
DP
OS
JO
XS
VZ
DG
TW
QG
KB
NZ
TP
IQ
MS
IJ
DD
BQ
XO
LQ
SP
AH
FK
CL
NW
YR
DY
CT
LK
ZW
GT
TU
TL
DH
HP
PU
OZ
VQ
WB
TY
JW
YU
BI
JU
QH
TE
DQ
JJ
RH
YY
MR
NR
LV
RT
DJ
UD
XK
RG
FT
IM
ER
NM
JE
RB
JT
AT
TS
SZ
OA
