YES
GBDDAAADGCXKLKEEXEWJHGRDBXWYJKRYZGHGABICTNEHFSSMVKAEGELIUMVEKWNKUGNEGLHUUXXOBPLQTCKRETIS
WAAFCACGDDINOKKQMRBVVUWJWVCMCUGVXOAVKVGHBTJAEJVAEEKWUQIJKQQPWATOBELCOZBTSATBIFLVUQEYCOTD
NAACVBNDHYDQZGLKUWYZWDSALBVICCPXCYPKHJTFAQEKHJMZBVSVFSHGUEAPSMXIOAWTEULABJHQHXYOOGQGUTTO
ZAEMOJSBFTEEDYHKHSXOZRPGXOUJIZUMWGXYSBUSWFGUTCICKWHBCYWSRIUEEJRPAXMYIVFTDHLNUSXSBHBLCMLH
QAAAGDABEQMRQCUJERIVOSWCYTMNOANIZVIXHAFDNTCKDTCNYFCSMVXQMCFFZLCDQLDIWMIDBCHRPKCHDZOUKRFZ
KAAAABCADAEGJHQIGUBYAJUNYWWBKRVOAWSPFIAISSBPKXAAMCSREFMYTJYGJEEZWHMNJLZFBPUMQYHOFNILSXXV
CADACDDDTFYJEAWMTQGCQWUKYRGIXFFCLVGISSDKGYFBUCUDMHUUPORUIEKOZRYDNHHEMCPXQQFDGAJXAAQMVZDM
OABBBPQSAUCALEBMLLWWOJYCKWMAGYCQHZQAHWHRFKGCUMDAKHFHJNDCGQGEVEKIRTLQRVNVNCLELOZYCMHGXUYV
NBBCCCKLTUEPXTGHZXQMXHKXXVQNMYXAGMGAMVEHYWVMFRORVDEEAQVKESYWDJVDVLEAJLCJFHWULFFUTTEUGOPH
YCDAAZDADFQOFSEQPCRLOGOMJTSFBWIEAXTKYUHAOXZSVKZPCPTTIFSZUILKFYWMSRJXEVHWCTDMGHJIMXMWIVQT
LABBBBYEFJILDDFAWHLSZQRSFYBKGYBDEVECOGCTOPZJGCVFFEZNRWQRUDLVHZDYXARFPOGFVZGFBICZGGDEXLMJ
YCDACAAALSDZBHAUKKKEEEKJZLFDRXXDMCGNWASHUNABQBLYFONAAHIDOOUBXVVHDDAFWGKRLOBMGVNHWSLQTAVW
JADEOHGBDDKPKIVODNVEBRKLRJKGUGUXWXQVZIIUQNBRKQMMUTSVVTVUZPTCJUDUVDGFLNEKLLGGRGJQWYFXUPMV
SCAEKSWCJIIMAJCPUQFQDUMFNWEAEUYFGYKKQLMJHHAWJLSHVVVKLBTYRKMAXOLZSZATQRMOFLFFSJOWKQTAIAXO
NBBDALBOCRTSAGFATNEJNMCJESZYFENOXHVHXOXQWSPQAENPAHEDFQKCRAZNMVJNKTBKBTMLKRWXOQLEGXJGARSW
JAEEABIADGOOKHVUZWBEKSVHRARJEMJTKTKNLTYKNNIWCQWPBARHGOJMMADIRJYCQMXWXRCITOBVQWTDVOCMOLFO
EBBBJDEEKKGXOPUFSTFBREXDLCIGFZJIHQCECBVFBRNGHLDAUTMRRDLYYYWOORYTWXJOKFAEEOFYGKFSJCAWBAZL
ZAAWCZUBCMITVRQOGRJYJBFZPEDNUHHPJKLLITNKISZORRFPKSDYPPWRTJHVSNYKKUQGAWGIZUYEDGULUZDPMPNB
WAADAADEGGPSZDLOCLMLDTDDMRLMGGBXCSJHNFNRLYBXTEVFMWDQOVVYJONRCARGTLDJCFRTARQOCWZISVOTQXKH
IAAAAAEHDAABDEKPFKWOYFUAVXJBRHHYNDMSQUKWABFIJJFZUBDEQNLJEXUHPKJWHKZLOQHFKUHQJRUUJLTEZBXJ
YCCCCCDEEFRYOCAAQQQRRGNGOYQRQDJJLLIFNGKGGTLNKRAYOACHYGUMWRRKLQYSPBYIVKFOVISVAWYNSUAQAHQT
TABCZCAUSGSDDVTYLTOZVZZHBSKPGVDXKRZRDFFJUWKSTRPOIXPRBBNSWFNIVLQTEPTEYDEFWXTXEMFUBEZSESYE
LAAAFBCEALAWAAAZWRQZLRCBZXMJATCYIDGPSOSGXJZXWHTSFWZYJQWBYKIQQPEXBMMZTXABESHRHATESIPPIZFG
IACACHJMNMJCMJNEHEBZETMAFZPVWPPODUJESVPENAFLGSTMOPPLWYYMSDMXOIHNYSWCRGPLYRSGRXSVYAKBSBNL
LAAABCGHIATYSOOWKLSUCXENWSJHRBGIGGNYHGMINQJDKQFLINZSGVYXYQXNFVQCTGFCIXFEWIUYZLPJJAIPOEPR
KACABCNAAAFGGLPLMEDHOCXKBTWYKEFZZGJUOQGYENUMXAQPJJRPWPTIAVQKAJYRTIZCXNREVWJOSLARCWFNEUIV
EBCAADLLUUNHWRAUCBJPAZCDJMXWHZWYIJLVUKKQMMPWVFUZIQUTQZYMXYSHUNNQBHRXCDQJZWBAAHBYSVIEYLCP
FAAAAAAFOFCKVKDKPTXOVFXDCIEXQXALANJKJFENMKQSZOBNBPEPRAYEEYQDUCOGGEFOFCPYEJWJAYOUZAOGLHWA
JACCDEGLFNBJEEIKULGDFCWAINRJHEJLLNRTQOMKVWHPFBKDMRQDKODUNWKAJDGQIRZUSGIJETFURZHLXFSRJUDE
NBBDAGYKMNENLUUIXYQRBMNORNIIBFIAXCKUKCMYSJFXXUMCZMVVDCTQCOAGZQZPUHSVENLDVETKHDXERPABTDYY
MABMHCFXLBFDAZCGMTJLXYLETVNFDUGBITIYHSEVHRDJYWWRPWFJMQFHEAJHKWMPKYFOSBCZBELJHOFFBTIZYFYI
FAAAAAAFMEAEHNPPLDIJGZXKJSEIMYMEBJYRVBERFCHLTFTOBGABRZLCZYAABJQKGEECFPFCQVPBNOBMRZNZKPSX
FBBOCDEAWGOUZDQSSJKAGXMYUXWHMPVLQQQRXNBXQCDXUKADWHGFCKFSOZLVAXOBDVVANTNDRQDNDMDQKOHIATKA
PAACADCADVEHVSOZVVBFTXZOWGHECFNTRYCWCKFBAFNYLWAHIDJLOEKFUOJIMBMZDUECJNGVYVOKEFPIBIDEYJXU
GBDCEZLOHHULNMTSAXOHVYKDMYGCPOILRHQVEIVYMROATWDXBOUNWHCMHYCOXPVLBWRWIHNEWWNNJEUVLMGDYYAL
RAEAACHOVCAWFREZNRRPRAMJXMDVFVCQCWNOQFFXMWDTIBRQMJCTJXDRUXFBYFSIGKJLLZPDGMVDUOFSCFJUVKJE
DACCEIUHROOMLMONSSYBDWKQTOVZHEYSCIEWIKCVVWQLIICITVYKVIIHASPHGPGUCYDJXOZIHVWYEDVODWBSAXHP
SCADGDUDAULSQMOMMBZPDIRSQSOPIQYXEITUOWJRGLAWHGTFSCUGGZEKUISRFSJTRULTCPFMVJRFJHORLXTOHZEG
GBDDBBBBVUHMFLKYJHSGNQVBWGRJYKPTUXUYZCUADNCOSGRDUACXKVAYVOADIWYOYXNDWPZBPOJGNNFGZMTXOSZW
ZAEMPAAABCDFJRTGQCWXTTWQIPOJYASMEAPRIRVIUJIXPXYBHWRDMBZUWPDOAUSZVVYQBCGZTAYLFXNYZFCTSYHN
LABCCEHJBBFNCMPAHAYQAQKRTKDOZJUIXIBVBOOLOCFPVIZIIVZQSNXPGLFDKUZQJEBPIHHCVQSKNXGJIIPUCSEN
YCDCCCDGGUUZGFYHLKCUVYAEBZKENNVGWZXICVIAULXXUVWYELDXROWSGCCZGFDGLHYEUFCSTVLKLNBCYUOFJTQK
UAAQAACAAAHUAACKKNQDIAFHGKGUCAVHGMQZWMRNUMDMPRPSUSXDJFXTMQXVBTNWKMZORXJZKXZVMNTJHZFZDUNP
GBDGABCDEYCTNNKPRDMDLEHQFTQEPOWJFTLJCZDAAPKWHRKOVVTXBHFBIHLMPHGMPZVROAMTGTGLUFGDOTBUCNEL
NAAAAABBBDIFRDJYYICUJYINQAIPNWMNSDPFVXVTMWKIHOXLJNVJQSOPKYLVIOIXCFKCSMGHHZWYVQUFNYWLIUWI
KAECIDFBBFPTGKRITBBXQTGJJCKJDFSBZVEOWBHWVHVBYBGRJNFACSXPHKYTKTUNPYVWBHIYRZEOWRNWZNUGKYWG
GBCBFFKTPLAWFIQPGVUYBNBCADVYWZTHAGIEGVWAFKQHYLFIBJENOORFZOVZJCSLZKZYQICLKLMXTLXLZCHXHVXT
XAACAAFBIJLJMKORHTBPVLIOJVEBEYXGXGHPAOFDWZLKXRJIXHSRPIHIKPJHFBYPSSLYIQNNSYGZYWQFMZOTNONL
SCADEHACIAAGGEEPWDQROWIZPMPDFWBCSPMUMXQGNLJLPQIGJIYYCIBBQPUFFQERLOSVITRHESBWLCXJNWWAWDED
XAABCBANPMMJPJWXUDNATTYINULPKMCDGNYUDTFPMFPOPSQCSPVBVCZVRYEYSHFYJRHYYWGCLGLWLBELXVEOMADI
EBCCAAPCBRJONSLHQKWSJJNCUBXRERXHEFYXSQTMUFCRXTANYDUUCTFUGWHAKSTMMBAFLCGXMBIZJTHGHUQLQQOZ
MBPAABBFIEBYXPUPBGVQPQMQYCRKTHYFDPDKVYNOQPUNTDLMHQBUGYEYCXPUBRIRNHBWVQOUQHMOXUUXBREQJCUO
ZADAALNCGZIZXAMWEOUGAUEUMJPOQRQYSVQQXTOTATJGVRSPOZOPIJBIWOGKMIIKUIBWCRRWKWUCIDEOPSNBZYPA
TABDINSABQYNSERMCEDPRESOMGIKKYPMWLYHQTIJPOZVESRRSSHFTYLJVPKTIJZJZGOVKGLLFUGVJRKKDXPXPALN
VAGUJCLWOHQPIQVDXIISYKYMBPYYWVDLILNAWDAXLVOJVSYCITYWNLCNHWPXVOBDIHAHRTPGOMGVNCHAGDIJFFXV
IABDAAJYCERJZKOPIALAJQGIOHLGUVMAONOYJPNPUZIJBFRPKASTYMVCBZMYFIXQSZHBLWJBUJOGWDMWTXOJCQGY
ZABTCKAAALFEQZAMVJQBSKUZDTSPKLVSNTTNBBQGFTCNHWDRPIQHCCTRDCITIYOPLHVZLIPNURDRPVBBWLHGRYYB
HACALEAGHHNJNVBOWYQDJUKBGXELBTEOTXLHAPKENUWEAPINJGETOAJALSNOOKTGDRSKJYPZEZMRGLZKAHYZRLYM
VAAACDARDXGSAKKYQFEDSSXOHXGXABEBGXIRWGKEUPNWCSPXAUXEEXKSSWBMUIRPJEVQEMJSIBAPLWRYUJCMPKLW
JABBGIFSBBAACBPUZRHYANNOPYNQMCSMTBZNZABIQIIRZAXTYDHELJLVJQJEWJZGYLRWMMRIBXSITWCUEHLYBLMJ
KAABBFAHBPYSIXEACZMGAPNIONDVESBGQPZBSIKDOXNABEHDHOKXSNMSDBGPPDFZPCHNODKWZEAAUAXVTZRSOVZO
RAHBHCKKDHBZNYNIEJKXMQIWIKLJKWMYZKHJNYVNSFADLZSCCMNWQPINXCDBJQHUKUGWUYALJIOXKKRPHMQPZTQF
SBBBBBFAABGIEADLQPUYRYJHRPYVPRDHLBOOZOMRVRFDFBUPSHTPYAXGIGYMTNUMSYUYAYMJIWLDZHOUIBNWFPBS
HABDAFKAWIAXLOGPVXCXXGVMSFHWIONCDYIBVFXOCGIJEHEZKKXVRFMVNZQIXWXVSVLXPCKOUAWJJAWHLJCOSHMI
UABBAWBGLACPWJXWQDVLMMHMEGCMSRDYEOLYLPZAREBIPKWMMXFWKDEREJZVTBIJZWQECSQWRXSCOEUHDGOGEACN
ZABTCJWKTEVKMAXQXCBMGLSYIAIUGYBZSQKNWWJCQEFECJFRDXZCDKTULVWDONAVXROMHVSLBNWZEHENJUFLUPKZ
NAACVBOBEJMNQRQCDZVUTROLTXMRDRFLCASIDGTGXBNOJOLOZTMKBILNTBASRFAAXXTIRYKKSILVYCXOJATHWBTM
WAAFODRBDXMSUBBHSZPJLWYYAHSRAMDMOVULRDKRMCQVKRZADZISPLHAJFETHHOONLOZGHFNNDGJXOLNTXHSTDOD
DACCEJABSIXCZKXUADBNDOFVNIZIQVGFVOUXUCURRQUYOASOVAWSAXQYNLAVKJQWCVEDVTDRGDXJONJSLOJACEHA
CAAEFJLBBNTWVBRYQSUTOIZXSBETDCKXVILNFFPHVPRVLRHVPXHLYBJBTPVKQYGJHWQECZLUPGMOYJNMIRVBNTUV
UAAKAFOVMKKGEMZCRYYIQVWKTCRGACQZNCCBXHHGUXHSZLUADCVMGGNVDBNZVOWANDIELBGWNIYAAFCPAZBYSYQA
XAACEBKWDMDBBXMEVSTTFUIUQGGMVPVRWYQHOZKVQDBWNWTMWVDFZVPLZTSPUCUIPYSWYUMKJZLGHHMMXSBZJHUN
MACAAAAACDDGHRWLXOWOXKBGPOESPCPWXRGYUPZGSAHSEHPIIXVSBFYIYDULTSRXRDWZZXOWMICADSTUQJTDSTPG
PAADHDCAAVXSHFGBHJBIUIJIZTWYAKHLEWGGBATKOXEVPMWZPXBZMALLQXDZIRHEEKZQGLDUGWTJJUZIWJEIBFMS
GBCAAEOVVSHLTGEFEMLOCTKYOCHZZJRBMIMZPGIAZPHEUVXHDCTVFMPGLERGQTWLPAKUMXWSEYHBHAYHLQONGTHV
QAHCCOGGAWLYTUUVHSNHBYLVXIMINGGXBJEMBXQAZCIRDJEBOVDBIOWQGLUWNYUNLQOOAYZATPGJBGYOBTLDPHFX
IABBCCFLIDHQUPLZENRUBHFWRVTUTOAAJQIHXWWEPGKVDVLYWLYRHNSGQDVIBROWCMEFNWAKVYWBUFGEXHITZYTW
NAAEAAAAFFIYEGKECIHCXNFPPECRQPRJMWISEZPVDGFNJOQFQFASVYMBUHJBDZTEVOGCCWGJLCFLZWGDDRHFNAZI
XAACDEAAAAVRTUQQMNKLBELJHEPZEBBJRINGCDBCACUAFKPUOCNAUOIHTPAYEQVSCAIXNKXRZEFQSVQTALRVICWN
OAAAADHCCCAVDMRKKFNYEIOAZLQYWOMYWOEMFAVYEJWXIKSRTGURFSVKTPFAUJKJPXEBJBSLQREFLZUWSPUEDRHJ
ZABTCKDAAPAZLPJDCTWDYGVFSUQDTEAKSSBANBLKDNPDKBQWHWKRVEGZUHWWNATUOZBBUPMGHQEUWFYSOIZYURTL
JAEBQBCCDAOZEIQOHHZRDCLBXEWPGIUEIOSPZXZMGDBYAPWRGNFEGBPWGFBLCNYPSMNCMCNFWLZMEEIIERZLGZRH
WAAACJNBBBHIMDJOGKTPUANDNLSAYBVDPAVUIKCXGJXLBFSRKUKOBBJKMDERMMYNWGATFHCVDMFRYPQAULWHWXDJ
IABDAANBCCBSCPEOOKQKFSYPGHTCBJDKERSJDPELEJBSOYXPJXFLEMHHEJIMLOAXHPAYOWBVIQWKUTFEIBOUAQXA
VAAAEFBHPQWLBSPEXKYKBQIKHSBELOFPJAXRGNTXUVRLTXTBOKDSKPXFXVXNAAQDJVAQYEMBBWTDEYSUOCZMSVTC
GBDDUNRYDVOMMEQGIMDKTWZSJVKZRDDGSVMURRXQLCYUDTTWMJMVBPAUWLJQOQQCJWCSSYNHBBRFLRLEDOTAMZCV
YCDABARLHKHXYLYUKWJYRNUPAXUWYHMEJJGBABZBYGPEYIOGNDEZDRPUUEYWQYOFRMNVIZQXAHCOJQZLHIVBSLIF
SCADGDZCDEEGSUSCUTCFJLNDEEOFGGPPJKLWCQBOJNVQEOFGUIOMURODBYHTOAETUWEEYCMTTZIDYWBXHSSBYGAZ
BBBBHNDABDLEINYCLPCBIZNINBTUCEJKWAWVKSPVVJAFVWHQVIOUHQYKFGKZEDHBOMXWOHDPIAQEPCKEPYDIYKFB
WAAACDJHPDWEEYSEXFHJDVWIKCLGKNLFYSRANPHMRMYCDTXGSIUKKQAGARIOTIIMKDVBFKRNUDYSLIGLJDTUMDOS
TAADBIDMAADDOFDHEZTWKMTELTMOPBONSLWRRNFXGGXWHQKYXNIBVCXMYERYXULHQPIYYGADYEGKZVJAPNHCSNTD
KABCAACFHHUYLFDDOYXUHVAEKAGOIKYIZYVWUSGHNECTQWZDAZUKIQNRQDTEOKJUKRXSMXRUJYOEIVTCSOIESPJD
RABBCAAAPSCFEVBZXSSJNKYTVXXEKVYHAXPSACWFVGNDXUXSWVYCFGWUONUENBHNKIQJVNICOXAHVZIINESKXXGY
OAAANAABFICACDUNMDWERFZECHUKAYFBVJDQGLOKVQNCMFPHRQMWIRMGMXXSFLTKUTCCNXCDVFAUYSQMFDCFMSMZ
FBBOCCDMGOYZBLATBFEJXXVXWXGXQEQHTDBHEXJVVSCLGACQIDVYKCORATDRWEQKLHNBEHKQYETKAQIZEVYUXXYK
IACADADEUMJUZYGRJRVDSYXVGJQWMBCJJUVPZQMSLJVFWYMHIJHVIRIEWXDGUVSJHQYNXAQHOSTKYSLGIGVDSPOL
RAEAELBFDXRQMIFXVWGGQOFLFXXTZVIGFPCKSTATAVISFQXWCICHUSOWYGDJCFSIGWTHNCYVXTDQMUQIXKKQHTMN
EBCCABBDGHHYMMMONMNXXGZDVHFBLXPAFMMJGAKJPTTUVZUORVFOTHITDOCXUNSZKGLRKADWWVSHFHWTWNODLPXM
ZAAWDDRVSSTBAOVGOLAFJDGNTFCVWBYZABODHCLGLSLJMZJZQGDLMCZFEQLSHYAYHGPZXIKUJOFQVFFNZAIHQLBU
EAAAADOPQOWFMIWXVZDQCIKKBUYFCFVKKBQTXJDNFIEDUEFSIWZEJBFGDYDNCFYBUIUBZTKFOHYPPEQIEWRBHDML
WAAFRBAZDDTCAZOQGWEPUVQVKXRWUXHTDODJHUCHLUXFEBSIJZDECIAWBKKAFZHFRZPVZLRBQNIVFWFHZLFXPRGO
OABBBCCFGFDJILIRHTFMLSBMSEAMNVRSHMWPPIDRLKAIPHMJHHJNIOBKBEFKBNKMCLOLONSNXJRWRGEAWNYLVPNH
JAAAAABIFGFSOCNFAVRWJLOBAZDNIBWOVAMLDZUAJOJRERUZLSTYRGDXCPHMUDRANYCCQMKMVKZZXVYWZZEHMUEY
FAAAAAAFMDUBLPKBEHHRSSDGOBNYQJOVLTGCUEIHEGUBYMGHKKGONKQASKOQDEJHZMBOFKDQCSSFERXXFPXZPOUV
ZAAWVJFGGNULSOJIBVSLVFZZJQSJAMRSXEBGXILFYEHTWJPDDBENIOLZSMCGNOTOODORWPWCPUZWXCHDKHNJOTAL
BABCFREFGSCFGOHOHHBBWLUDVJYDIAIWKMNXCQIBPHRBRRZLAJMFWJYITJJRDONYTSITEMTIEQXPZTPXOHHRFMNI
TABDJACCDFMDAFNMWJJISGYNXFMXKNTWDLJAGDXLBLASCGTYDYRIODKKOJJGNCYVSOJALPGZTBUUXDEPNFTEAXYD
NAAGAFNKVJSCCFNFTNMDRCSMMCVKCYQPUHQAOYGYGAHAPTFCMZOFMLCXKFNNHYZFUMDXQUOUQJZBREFKOYRRPRJD
RAEAEGBBBBGGCBUXUXORHWUJXAABMRPFMYLYKUJAGWQOPZWCTVYHWMFTNYEBTPXILNCAMPCNAXVFMQVDLMZAALST
UAAHAAINNRACDWDALVOWMBINKCHHKWLZVKOHTNFHTNCUMTTCXAVPRDOBTPJPWEPAISDZRSHIDMKJXEXDSXBRSOXS
YAAAMAFFFQSXEPEKKZHTBOVRHBFZEKEMGDJUCJMXFPJSKOXOVVPQQAHZYGUMDXCQLRLLFDWYLILDNHEIKTWXRDTA
NBBEABGJKLITOFXRPEZQBBFKQKGOHOTDMTPOUTJUMHXYPGRUTMBQVXDBHSYCSLZMBWIFFIYGGGQDCSYTCHVYXEUJ
TABCXNZFIECSWJNSXFXQSTDWQVNLPXZPJPMXDOTWNYXLOFSCNKZUZRPNIDTEKFHAGCUVRIMWRFFWAECBGOKVWPAU
KACAAALFIIBWRXMIUAJMTMAPXZQHUZQTZPMQFEOUQERDUQTYLLRPXSUWKFLWUCYELZAYCVGOMGMVNOXSVPUBFSMT
LABCDHGAACKKXPIEIXSCUDXJFBKMCVPCLXWOCZSEQLHKZWFYUMSOTVPMTUBRRTIVRRUKXSASGCWOHSKFROXKPNIF
WAAFRBAXXLMQBDUKSWOLNZYQDNCXSZOTFNGWAAVYKXWJWHYKXZPGNHQWLPHNBWXGWRIZOUZNPUNAQEDIBAJGAPEB
PAAAGBBBCGSOKQCVWJHXSDWMZMTNMHYHHZDMVOUVMOWQLOGJTBHQTYFFPGDABEBFLRDAETZBFKHEOKQNKAHXKTHF
ZADAALNEITNKAIKRFAJIJXXLQCQANKDEZSMNLKDVRMJRKDJLOKDSATGPATWOBRXICVCDPMXEVKAMWTFRDQKDWABM
MBBBBCHOSAHPUZELNFPOEIZUTSXWSUHZQZCPEJVHSWMFDXOYLAMWQWKUATTUOGQIIDAEOVWQTPAVURBVRVSFPRTR
KACEDIMVXAABBBFXHCFNRJDLXLLTRJBHTJSAHLEWFYZXXVWUCVZXDUXYOVOKTBBHMEBNCPOUTXSATXZOJRWTGOOF
FBBHHOJMULOMMBTREGKZXFGTYYHQVPTKSNPEWHYJJUZRTDLAYFFDIITHDYMXJQNCVDHSWAMNWATMVEKACQXYADZJ
NAAEEFGCPHPWKHHUTHKSOKYYNZMWPTORDYJAGPCADXKGBLICJXGFWJMBELYUEBKZVHSWCAJCHEXHXAGWHLOMUAXX
NBBDAICAKQREZFRZVDVWGWFNOLIKNKPUSZZSPTMCTXKMUIOSQDYZIEAQOBOKQIRLCHRNIILUPUSQFOARCYGEBCNC
UABEJGNBDITVRPPFNRMRNSTXTNBNFOBBOIRLTAGJZTXUVVICWBYEKOVLXYFLPUMGTSQINKLPUKAJBLIALDKLIZGT
YAABBEKGCGVWLWOMTAOFSNOEFNYNSAXCMKXQZBCKJZLMBIYVSXVCYYPKYQLIEGSDKMMLOAKSQSZNWIIKBYWLBPXH
YCCEFAGKDLAYJCZWDEQTGKREXTWOQNWBFOQSJTNREDRUHJEVWKTSBDYZXUQIJEGDJQXCOJHBFTIBUXMPWOBAFUSG
FBBBBBEDTACRSVYBYISLJVQOBHPBUVLWSZKMKQTOXQXIXLNHCEJHXWRNGMQDUVPNDSHKTBRHIHGZJJNXKIQRNXCN
SBBBBBDCEEECSKLJREZRRMFXTXSCKQPRRWUZGJSPCWTPFBPIWSTDJPPZVAMHTXQZKWUHZCKPXBHMCUDEYFBMPZZD
PAAADFFMGCLVYCMCUFCOQQRMBDBFLSLEIREPZBZQQNALIKSYCDHTBPMNJQUXWROJVOHUCBHDHWHBVCDUDOWCPBZZ
NBBCDABBCHROUISUJTCTZPHMNFXITCSGZWAJFBCWRNKNSGQDCCKCYXZYEGVGDSSLSUKUHDFHPOLESRWCLSHLTTEM
PAAABCCQUHYNLNAYRCAVWTIVOEUOVCVNKGWGMALDAMCHBVELHCFOVAEMWUAJCNWIGULXLXSLUKVYKHMWBWBMCMIX
QAAAHDHJQUYUUBMODQGZXDXLBLWMWTQFESKLJEIAYRHNCCXIFQTATEJYBLATLMMDJCKDEKFVMQDOEDAABAIMYZTK
XAACAAFBIIMQBTBANFKMAFWQNTQUVDKUSRQMOZVHFFAHMOLUCJPOOQMDQWOMSKIANQPJEXDHCEQFBPYHAAXEYFXF
YAAAHCRLQMJGGGAUBFEUSIERCXCXBOLCMGEHEGGTKLHGKRNMOWYXXITRQRHFRGGOTHLFWNCLENNOZDYNVEEZAGCX
MABMJBFPLGBBEJYHTZOQZJTUGMLZNKBBCMKFBELLGLQOPTWBSLABLEQPHVEYBQUWMXIAXADZEPCRPUOGPEVEMRNF
HACBKAAAALHOGRYOSHMWCCCSMRELHCTCUCUZMUXCYWDUGQBHBIFJKYKWXYFWRBNXGQQGNBXAIHVRQTYPBKHWVXYR
LBBCAADHDDFKVWAPGVTFVHBHXCZSRQDNNKSVPUJJPCMMRJFYLMLISZJYZRBJAUGZPZNWBUMYNUAZVNBRRAFVEQSQ
WAAFBUIKVVDACCQZKYISMXIMGYMDJAOXMQENEXGVSMMCRXXALBXCEECXOGJZLKEVIWXHTRXALBDITECJGGABYGJX
OABBBCCFGEKPMQNEIYYWACJRCGPGLGYTERHYARDLXAWFDMSVAGNZRBJGWMYUNQKQJEEIKSSPCVHDSXOEUEPDVBKP
LAABALVSJDFWNDBOIDTGNFHLTRJXDDXSAVNQPSPAHNUWNYPPEJWWGKBWHLSMEOBORWJOGKPJDDTIIAJHLEXWEGGY
SBBBBBDFIGRIVXSILFJFTZRSGAELQWDPISVLCCYZWLGYQGCCTQNAUTPRYSZLTMNEGBWRSPNDQOGOVZMOEZEDFZYI
IABBCCEEIRRXTOARRNHPDWWJYHWYOQNPSTHNJLTKBSBSCIDQBAQAXITGHKFPEEOIYHUBLOSILORJKISUEXXHRFPV
PAAABBONGMCAFLHWXHLRELQMHTKAZIDNBEKKRYRUGJMZWSUCHACBBHGHUIZQWRCZVBFFOICRFWDDJEMDSWSTPWNC
KAAAABCABHDDOCTAFUFSETWWIWCWESLQMKNCQCAAFVXWXKQTOWGCDLBBVPXREBJOFBKKBKZDYTNDTXLNHWBOFGCO
NBBCCCIFTMSJAGJBSUAFFMBPGMFKEDFPJZUEISWEOOHTSVKRGKDVPJHIBYEEOPKOADIDKCWFQGBJQCSLSXATESKW
WAAABCJEWGZYOFITCTUEFTAKVYKIXKTSXTBWUXXETTMUGESRYULHKKRGMOCUDHNZHLJUQWOKUFRRKTZSNZDQEPNL
RAEAEFNNRFPJUVBPEEABSYSKOWXTWKMJYHAYWGBZWENGGIJZJMNRXKYPACVNEPTGNQLRRGGQAMMWJBYAXNNVPCRA
VAAAANQNNHCDLWGTWLODFUSDXZUKPXMQHWHSXGXODMDBYYBOPDJHELDJEKUDEWMJJUYEMDAPDYUSEUESUHOHKBJR
GBCHDEIEKIXESSCGWYOGSDIIXUVUICPRLVBOLIOIJVEFVGTXMOZAWNKKCLZBRFNGMHRSANQFOYXMDHFCHYZEHUAG
TABCZGACNCNMFCPVGIJBWDYLYZKWWJVBYPIHRHWCNFHVSGCVPDKAPGVQTBRNWKSPEYNQZGQCQMEQANTFCNDNDZAW
IAAAAAAAABRUEOALIJGBKJESQOJQBXXUZUCZRRJQCHBQEYSPKQBPQAUXXBYXTOZRBKIQCLPOMOBMDNVAKHQLPOQC
UAAPBFCDFKENBJQNGTMOROQJNHNJDYZCOMOIXHNEDJAMPNRQINRGCJYQFLLAVEBYGSUJNFPSVPTGFDZFKKWLIFSE
RABBCACFJNGXRHMXWDMRHZSJBPCRNMDJAEMUBTGETIHRCKPLUOXOEYGRWHZFKDLTZSUMYVHOFVJFSOZKPFJGZNVA
GBDECAGVYVMQAJBKCQVEBVZQPIRYZDUNONEVGFPULARSSCJLESOIGTHIBXHCSFGEFVRXSFKEDWOGULYQZBLWNCJB
TAAHAEHULONSWOCQIXQBYTXQLLHEXTBXLDQHQRSIORDYSQLUZLAYLQYFXQJNZCRZRFOHAHRTWCSXOULBWVIZWFTI
GBDDAAAABDECBRGIDBFKMVMUVYPUFYQCZXDJIUQJVAHAOPPLHOZIKHOQQBLQLLUXXXBPEYUCGBZLFJZHOBFNKKAM
SBBBBBDBDDGKMHBVGOVYYDZWYEXDCZMHZVKQXDEJIKIGHOAIHQKTCQGJZVHRQXYIICCPKUKSAUASBXZPWOAKSSON
SBBBBDNPUGAYOGCKWXHLGUMWYCJWGXUASFUHYOBXXSVQCLZAREMCNSVQMZZIIVSOVTORJFDNMONKTEQMMYRLQQUH
MACAEMOOPSCIBDBOTNIDVOMIDXDXZTFHTTLAEUGFCIVJHYCFLZBKYADWCBRPAIFYIAFDQDSEIZGUYMXCQDFUIFXT
PAADGNIFYJGKGRBUGMGNSZXCQGLYWBFYJDXXZMWUJGZVUOSDMYWMPNRLSBFAAKQPJUHAGVJGCWYLLIRDRJSSSYOJ
MACABEFIPQHAAVYIORSNSXKPJDCKLNKGWDUMJYBNCMHAHBPULIZPSDGRJRFYZTMUVQYTYNJLYVODJGNMHMQDOSJC
LABBBBWTSOVREOWZLNOYHXDQJWTWSWUXFTWAQNRBMCISGAPOLHINNVBUARRDPJFRSUXBJUTMTHZMQMDGDAUXNXCO
XBBBCCCEFBEJVYMNPKQYJJXZCZOMIYFJVHZICGCPSSOWMCVOPVCBUHICTXIBINAAFQJCAZKFPMNAKVJXGUNNCRFB
WAAFPAAABKFUCFTVWQHNXNVMCGVNVBQUCDLPXCYBJNAVOBOAJTZDLVKZJNIBWUQDEDLROQKWRALKXZRJLVIABDEK
UAAPBFCFAJENEZEKWUZKJLFLXXGYODOIIENHYJETOOHOOJUKABAVMKKDNAHIMEIHKXMFRQSWITNHRLZAVVCNCLCQ
JAEBQAYCWTHCSFRMMOEESVTIWPFOIAXWSPDPEPZWXNBZXLHYCFOHVTKCYWLNPMASAKQWPPKMNNOUXGPGOPJXSNLD
HACFAHBEBBBJKBIOSARMOAYXDLKHVGGELPPGPPFELDPZPNDPBILVPWBHKSNAPNWFAKODGQBTOFZPAPLQNYAEIGMD
MBOPAJKGHHDBQSXCLRWWCJUUDOTHVKMJKNEZMYHQQIUSTMXGGFXVZYQSPWTRJKKMNJBHTVODECNRKALFRVSNKZEK
LAAKHPHSEOSBLAVJQJGWLTQXTLTLADBTXBCUXFPDUQHIBHRQKESDTVIWNCVBKSRLQJXFQLGQZMUPQABSGFBCTJGV
XBCJPJZPHAXVLYXGDUPFSSNIQKGFYAUAMRISQUBPEGKTVWKTNNCTUXRRDTHIUFJUZZWHBOUSVOUZJBLFPMVPYVEP
MACABBCUDJCZDRWCERPJNTOOUSOXLKMCQZUMPEYBPJUQBALBWMTXFHWMEFJKRHKLGAEXBXBQGPERUEMHQZDSQDOQ
UAAHAEFCNZXPFOJFGNXYKABUUIFHEITIHABYWLGURUHTIAVXAFAUCQIWGJJVHHOEDTESBCHKOTOKDPBPEXWTKLAZ
ZAAWCZTJVJNLPVNGXNKHKZQRCNNHEDPLZLBPKLACAZGYVOSZCPLJPJOYZAWOAKNUGHTVZEUXVRZDWQVAIAOYZXCY
XBBBCCCFACZJTLBJJDPOXQZQNLKQTABCDRHCFLPEQXDMGQSBCXQOQCQPJVHREGRWMNSLDOUJNLHRZXGNQQPWMRJJ
YCDCCIBKLRTIJOXBZVKISYGQQVUCZZCAETWDNAEBKGWSWGFKVBFBHQFESRMACKTNGYMCHFSMPUGIKUXNOPLYIJJR
CABBCAAACDMKQLPYESRETPSWFXHTLQZOVBWWEAQTMXXWTDSVYOYGPBRAVNEDXTQHFSCHVSJZEXAPLZINKTNHRJPN
RADAGKHADQEEHMHEUOYJHYKVXDGJMTZZNRLVAMZBXYILVVQXYKOYQYDRNZTNMONRJQEWXNFJPDIDOAMGWXKDGWAI
LBBBEKMLBCCFIFSLNKDBICRUNCXAKEUXKMFKHOFBFANFBMKYBTZCJMQCPPBKFIUOLTWYWAHPUNGGXXERFZPNHWEG
YAAAMABBDJJLIPJESBXSQGMZCSRCFXBAPVFMVGGYVMWFCMBSMLFPTLWEQLFIODOCIJROQXWPCZSBFURXUWVWSIQP
LAAKDVSNBHBAQUZZYINRLIUBOFOQUXMLMLBXYNPYCWFXPBYNSELDBDFVVCMBYYDRLPWVZPHPBKKNSDTHSWRZNCTE
JABBGIFRQZCWHONIMVGTKJTQBCWTRYMOECPFFFTJIUXPEQYBFTHBQOJIJCDAMVGFTPAUMZKNCHHAVVSFZECTOJDW
EAAAACDHAADHHMNFINRUDCBULETKZAGLERBIXTUEMBTCXATNBWUHQNNXPUVNDNWGJAIOSTWEEFHVDNBKBVELARAE
ZAAWCZUBCNDDFJOANOSRKJIHQANBDLBAIFUSSVKZDGYKESRELCINSADFSULWDDUHFTSXRWWUSQAIGNYNFUYZBKLW
QAHCEIJFPPFBJNHSBARUFWJZUSJTHKGQEINQLDWBENDPUMCXOESGARAGDWCYCQFHOCIRIQQINTXNBROGWMKRBUIS
GBDGQHMJBWDZJCUHJCSSZFDYTEKGPEGTALAYCBVOKSJTYWZKKJNCDGZATJQPDBFYXYMQBVPTGMQDHLCCRHFJQPSC
XBCJPJZPHAXFASEAQGJUMLTUHVLJZGBBPIBRKJDZCSPXLUOCXHQZMRBIDXUQIUFKASJDLTRNJNLFAMQVRDIQLCHR
UAAIDDIHRFVTKAMZPBWGRDSAHZGFDZLBOEVHAXZOUSCGFQLWYBMWDKYEIRYPIHRWWRNRLHOCGCGBAIYNDQNHSIQK
ZAAABDAAAAFOQEFBGLNPWVGRJGOPHCXCYVTGGSPHHOQWXTFAMEPBFMCMGNNTFWVSVTRVQKVZJCXVYYDVZQFXZBZU
XAACAADSKUZJBYJSSTWHFVNPUFAAGIXLTZYOBGBXQFXRYEKPRLUYUJQCFINIDQACVTXLUCIERQMFWMZSRGOZIYIQ
RAECQUPKESEEFXVSCKPMOKYNDXJHAADMOTDVUDZMTNFLCSSDSZZJRXYKJFXUFJSOUNEIXKKVXPDLDKIFLUMQGDXV
JADEOGWUEVRXPTGPYLQTBGODBYTVYNJEHWFAKZCPRBLAVPTWKVHGVZYMRVJBYFJGWEKZACBEWTUXDDCAVDWCBQTC
NAAECABFGIDTXLIUWUDSVJSUHPZPEABAGPZCRZROSKUZYCOTPRVNTORTZNRFWKSSFEERUCPWAXMHSJSLTIOWDSDK
NAACAEEMZFNXNOUHWCJOEYPJVCZAXWZUWNOFTZVGVOKYJFXUPJBYUEHZUHONGWKSKJNKARCRLYQHDXMHGAHILXSW
RAEAIBIAAABBIVOIXWZOAFPLMRVPYAPYHPAFCIAZQEBCFYUUVFYBNTLTCEFFNHVPQODIHUSMYUTUYTXZOMHAKMCK
EBBBOJGAJOCWPDMDVVZXXYORFSWUZVOPWEWTCGIHFIMALJDDFLCHTJUWAQXGKTHYIRVYNADMQXZEVKBOSUPWRWUE
VAHBBCCSOCGBOFVDZDECKNGMFKKJNIMXADUQXYWBZPRHPSTKPAMNPWYLSFIMQOUBPYTDJCXJVPNQYZBLJNBIXBTD
KAECMHAJRRIKSRZUVAUWYJADKBXROLUTUUQIKNSIWSXTASVIGJCWYXVNQECNSSECOOCWEXCLUBOLHXSFKJXXSMYZ
MBONDDEJGVHTIBJBKOPNNONJQXAPFCWGLUFHQUIPPGBMSRURETBGBCGEEHDKEYFOEUMCROEEUCDATZTXRMAABXGS
SCADEIBCHJMQBGBCSJQOYMKLOIFHYBUNUMRHIZHQJOAHEMJIKINQGNGQHHOWSEFXQLCBBNWZFVJKZGFNKBMPDHCN
QAGXXKWFVUHRUZLGBDWFZYLFSSHMQJRUBRGPACDYDSKIXYMUGIPWLURWCQXNJPLHRTLTGLZQXAHVFOQPQTYAQLSZ
XBDBBEUBXYJFFDQQLAOCSCBQVWYQBUQSKZOORWYAGPUMAVJDTIVYJQISIETGEFOLQNZBWXZMUNHOCRTVYUZTIRRK
UAAHACEEHFWUMCUVKFOCDJWBGFTATUDQSDGRDQCLUJZIZJJFMKXAFAXCPRNSFHVMAFIBVUEROZZAJXGDERQKLYSB
UAAAJCDIEIURREAWFCVIDWWBULYUJAIGHTNPBHNWPPMQNCIRKOXDBPPELKKHVWXAPCXLWDDGEMABGSJSFGGDDUWY
FBBBBBEDSKNXKQFCGYXZMYGMAERUQDPMNUSHNCDNVVEFSTHIFGMLXYZVVHYRVHDYFSQOPZHPBVIRIPLUFVEYWLDK
TABCXPACIJWUDBDWNYNIHRNSFANQGNGHZQMFHAUCLPGWNQELFCUKKHNNYFTWNSUCVQHEOQDPBQQRIUHRBIBFKIKD
NAACAEGAABFLVLXIEXNMRDMDHJAHOXDYZZIHKUIRYBGYYDTLVLPGZKLSBMFMLQOGFESFMIWHKCGGJGOWEAYGDJGF
GBDDAADXAHEQWZNNNKJEFKXZYQZCHWHFNXPWECUKFSXDWAHXQMOXWHCVFZUNJXKWUAVVEHJHIEFLYDVSKBOBLQQW
UAAGQBEGIWRCAVQNULSWOKBBRQUPCAYULSTYIZCYPLLVSJRDEOHJSEDICAZCSMYAEQIVLYHQGZLLNNZUMKBRRCKQ
AABEAAEGLQSBMWQLUHMFCSPAXFCOLFCYXIISKJPYUZUVHTGXEBEFAGDHGYMZLXDEGRVDGXYTATZSFUXMVJXIQVCW
QAAACXOLUNHNQWXPZINAOYHFYTTOQYPGBSGWDSUGRNZGXZNRLMONJNWYRNLHBEWQMQMXXJSLHVJFQOEYZPBCRIAR
SCAAADBCCOVNZESBTWYQQEWWMJTAXZEGVSYHODUGIPHUGAXBFTGFQRJGLRBUTPTMJROVIXRRZMFQWWJLMJGAJRFH
MACABCCFFGPVVSFWYRPWDYZFGMBJBWAFRZOKFHYRBBGMCAJQVGVCJEOHUBPBZJXPOCGRAUVOUNARQXYFBISEEBOW
AAAABANLVMMKZWKUTPWVUDEFRWSTVOHJMWPHOSYTOXQHJYAGYKVGJQEUYDTVPLGQMDOWKNQQPJTRCKHPWABZXKSL
EBCAAAAAAAADINMNUOJEZQRZRYDAPBLVFGCQBSQMAOMQUKBYEEPTVDGDZZQRBRSTJBQEZDTJJYARAASQAXSGKOVO
RAECAAAQOHNKYEYALEZIGJVDUKJKHIUKQUXVYDJUGOASTYDWRZVOVLEXXIAJEZQRFVXNGKYZQOLQBTVBMNBHJERM
NAAGAGCDKNTVXNXGPJSDTWRYNAQSAQQRADZTIMUIIRPHKIVQMIBTYCIZABMYZIQGXQUFFFRYOQVWGEPJBWPSYJWS
LABCDGAAABDJKSZDXNSNGHOPBRGKNINTLAPMDRNFOCIZSCVFLBHGAZTTVBYRKLONOYMEPULBHLQTASXRPOEBSEKJ
KACEAFAKGZAAOOVYTRBAFEFCITZKXWGBHHGSWAGLZVLRCTPOSELFDENSZLZNDLJQNKECIYWNVEKYDLKRHEAIAUMW
ZAEMPAAMAKVVHPFPFLIUIRXPUFRBKHZRQGTJVWDEWJVUQMRFCMBXOFXAEMENCGYJYAPZRLZQFALLCMHDKIKFFUXY
CAAGQBBCODEMCXYAYDOEXIFORUWMZYXGBYWIJXFZNKEEQBZLPOBVFTGZEPXLELPEKZZZVSWLHKRUXJWFZBZHINON
SBBBBBEFFLNRMYEQXOBBPREXWENMODYGUZLFUFCSCMWYNDJAUUQJDVBGFLFLASTINJICITHXZKRFJJQXOLKKJXJZ
NBBBIVNBNVSPHJQWWXRDCHRQTPNVNMDALQHLIWLBOCNTGDEOLWVLXKZCQAPHEPFFYHFNIDCWCZVOVQFNKRIYGDDL
IABDCCHABCLZNFALNFLSQNWVJNEIWUNLUQRWNGULJNDCOKCIQRPYCTAZPYPLMLMKYWLDQQBCFDIIETPLJHHWJCBP
JABCCCHMEMUAZNVWBHEUCKHVDBUJQISPRRAMXNLGUXRTJZOUASULDQJFJCVKGTRNOREFREIUELNPDCRBPOKAYBTV
JAAAUYZVRKQPRFQKIDADUGTZXBYHWEQKQBOAHCXMSBAAVSPMNJQZJCYCNZMLECGRLLXSCVHGCXJHJESVHASSNZGM
ZAAWVJFIACDJAEFNSSDUHWFSHOPMIQYOCXNAWISAZZTTBODSIVIZJYLKTXUJGTDBXGIZGLMHVBFIXPSQFQKGRQFJ
ZAEMOJSCXXGOUOEPCPENAWPAJWTCFABYADOWICPGSGDKSIQOVFNMVHVEGMYBSVJSRAQEABYWELKHIHDMFYLKBELU
XBDAANBBBCFFYKJGAOVDDHOHPXYSJFSIAWTTMNPBZQZWNRSWPXDHYZYZJHWGUPWWRONOOTNCINBQUFFECXSUTQKI
OABBBDAAAIBAPKGEWQDCITODTKZLAPHCDCYFOZZQHWMXXWIYYDMJNDSOKCESNAHHMTVJUNCMRDMOKRWEVXLHFILU
RAEAEGBCCFFCUCZJVAGBXTGXDJIMOGWBMRQTOYFQKQZPOETXUHGMCPGDTZHVBTSXAJCJAVRBSPZXTMIAVLBKUDVJ
AABDRVJWBSVFICQWMVKXPPBHLLCIKULZNAEATVXAMXYFGKWAWWMIQZCHZZLSGLKTYAWATMFJECBQVHYVGWIBXVIP
DAAACCCCDAXPZHEEKJAYCAYOYOYYZXGOUDZVIFLGNBXGARNEYDIXHBAOBASLHFJPPQXEMQEGAYGPSZQWYOVLPAXZ
TAADBEHAKEMBUSWZZCPKTBFAPSPXSUJBZGJOLAHNJOVHDNIUYPVXJTIBAFQPNWSEFACEGPOXHSGVQIEKYGGAVNDO
JAEBQAYKOTJFVDNABUVOQONTRUCSPOPOEHKIEKVVIGNDFJHBZFZSSPHTYXSCQGBWFHQABFYSLRXVLWAKYESVRXKC
NBBCDABBCFINWBYOBORZCJGJNRSBHHGRVIBLIJHQBHKDVWLYTCNKDORHYUSCEWBGAIJDFQNTTRVNUAYKQVCAPELD
NAAEIXFSSNJRDYHRQXMIICVUKFRSMJGSNUWMIHIEVUYWMBQRJOJTXDJUGDZPKIGXYSCPDEGEUYHZCFKEYAVDJUUF
UAAHAAINNQGVEUZVDWUWPWKWOSHYTAKPTDIZLKYFWDWZWTONIPRIFIBEAPDEZCLSXPBLCNADGPVGALUWFOMFYWKP
ZAEMOJRXYWYNAXTTIXNMEXXAGHYPROBNZOJGFAXTRODQUAZFVKFXSDBFZDYYEUILBIOVDMJPSTDPVNEXAWYMYKRC
RABBCAAAPOMIUQVZIGQZMYCQCOHQQLHTEKPIEFDXYDEFSMICPHBZLXNFTUPAHCZXJMQIVUQTSRNCBLHFJHLZYXJI
XBDAAMPFISZKZWBBJSHNIILDUKTCOGBNVPLSPQCJHOYHTWURBYOHYNMTZRHISSTSBYRBYAMEGHMPGHHXQVGCGTDY
OAAAADGVRHUCMXVAHHNBCOYCPMMJLPCVQQBYPJGGVTNDSXHSMGZUJMPIDHYYSSAEVBJKTIURAWCMVSBKULGQPVZK
EBBBFIIDEDIUWVYBZUPBYIIBEGAYHLBPDGEWBEZQOXLWGLHEQCAFALXLWJHCGHECGKXZLODFCBXWEXKKPFHINJVI
YAABCACDINJRTEZXQPIXECJHJHEANFTKEYGGUASBXMBFOYRIFXIJMJUAYTGGBEPMGGQABZBIZYLRLCIKMQNERZJN
XBCJPACDEFKNEZLGGRXWALNDSEOYSXUKAUQHEOUZTVRCKVWQYBAQUIRITNWKDYGSBMGZHTHYNKVDRWLVXXBTXVEM
WAABPBBJIDBIANMUJUADGHKGSFTHAGQJBSNWTVPQQZPKSJPWWKBRXYSGDCPPLXPDGTROITOIPLSKDYSQUBSWPDXU
MBPABBBAWLOSQTVERGNCDDGBXTIBLKRXNTEUVBVBOQCBPWEHIEOMGUNCIAOIAMOUZNDGGGYRKRETFKAPYAWGCBRS
RAECQUCSSRFOVFXLLXEYDLIBYAYIYGGLETMOMLJIQAUSGQWIGLFNPQVHUEOFCUWTOSQPMZGZBGMBDGGKOBHXLTPG
WAAFSAAABGKLMXIUJIPFPEIIMLQUQQQIWQAMYCFTCSYURXZWQPRNAXSMCVQABKXJUGYRRGRDYBDLXJODAFALDIPZ
SCAEKSTMPTRIAZMZODQRVICCXGOXJHPOZNPFBYBBHUANSCSRLNQEDCIWEGIJSXDEUPJHVYEIPQZPEOTUHCYSRFDF
ZAAABCHSOAUOLSFDWTWNPHAHLHBINQCHJZICIRHQDKYNBAQSHHACLTLWIINLQOKWNXUCTUQHAASSSFLZEDSTFIGJ
QAAAFLSREEGNGSLKZSMYNFNVQBAUJMSSPKPXLGDRPGVUUJTZFBJLPXYCHHXMJONBEXVFNIQQYJOWLWTGAZGDBUVE
UAAQAAAECKJIPBZYQUMYSKWKWGGDLBKHPAFDXNEYNNHWJHBOGBDYTCKEJGKLTMHSNIFNEPQCLQKQQEZDSTFVLIHS
PAAACBFMGHDYOUFILKJFKUIENZFEDISZPFTAORDXVMSSENPOUJRHYFONUNIAWPLQTFAKSFTZLZBVQXUMCJJESITN
YAAAHEAEDLVGPAYZMXSUAIUHCVFNFEWBLBVXDCUNGBHHTTLVVZEYFAHWAFUKAUEQBKJPEJKRYQEGZDRABFNXMBVK
QAGXXKUPDXKLHGUHJACUXQSPNDFKNXTFPHYCQGEFFXIIWEEEYWFFBWLVCRCLYAHTOEGJGQUSKIXXWBXZDNFCCPKW
HABDEBBCYWZSWANLTJKXGSTAGBCZGZVFVMHESNUDQPNUHPDKKVMRFWQCCYJPPNXDCWYQFTAPHDMCDDTXKAHGZSTE
EAAAADHCCYCZVEHANUPLQZUBOJPBWXUGLZVGBVJBMMBZQSZNNCNWFQQLFXBJUOEXUTRKBDPCDMHSKTHTDXHZTVDI
KACEJNJELEYLSATTPJHCSHZOROUOKDPEQINHEIWAREVUCFGRWRXIOEASUEDMOBRHHDPBCSULXSOTDUAFLPWNYPYU
KABCAACFIABBDHOENKHEKEATEXNHWFLMQRQCBPPJKOURHMTJSYAQUOLFXNGVHDYCAIMUPWXLGEDSIJOCRBVAAEAA
HABDBBDDEHKRMWGIQZRGQLJLOKOHNDZDPKDFMIJMNLFTBMDLUPYXVDNYZMCRPRJNNHAVBBMILAABUAEKOSPZRERF
HACALHEPPFWODGQICTZNDXUJUQQBYVJLTXYKGXDBJFYLTZEHEKEOIHKQPHIVDGQPVZPECAILHMGUJJQAFUTJGXSY
BBBBHNDJDTEZZNLGXXKWUCYGTTVGIDLUKVESZFZGMLDVTWAZGHYHBNPXTKLYVJSDTKHQUAUVWYSHCGGGSANFZSNT
BBEBCAAHVLPTMUUCZIASJIHWEFYDCIGBTBPANRDJPKMHFOZMUSZJCPACGWBCLPYNXOAXMWGEEUIJEFXMNSSHEWMB
FBBHHSCCEGJMHKFEUBZDNKBPCNBXXYYKMNDMYKJWEITJYOXWAWSZXBEZMWQJTNTGJOULSMUPDIFQBGLULHRLHSPR
GAAAAABBKGCNCNJHMVMIOQZIIHLPGSQZDMBKXVEFZGNVMUQBVSDTJRXNHACXENTWQGSXGVMIWQXQSZIPTIBQVNZQ
PAAAALABBBBCAQQGVSAGDLGYJJQFJVHQNUTBDSRYZBBPVUTUEFLFXFXRRAVEYUFVCECBZWOEFPMNTAWQPPJNCYJP
BAAAAFAAAEPBBRLRUWSIQANVUMMMFMVJRKDMKAZRDPVSHHRFPIEVGESHNFULRWQSGQEQJRSVYFLLPNDJWSWUJCHO
OAABCBCRJJPESRPPASVONXRNFCXDSRDOYFXTPGAJJHVFFLNWJAPNCNRQLJFXKHNATZMQIGUKJYALTNIYCOCGHXQY
OAAGGWPQBZXLQNZNCNAMBMLBTCTPXELHWUBDZDUEETKEQTIYBNYBKOWPEIGXFCDPXPAUNQANPZHNSETYQXHZQCQB
AAEAAHBBCIJLNWMGPNNSSXTOJJOFWJQENLDECDELMKRETRGWGCDVJQDMWBIHXAMWXWBLQJJRHZQEMIGJXWGGOSHA
QAGXMYBHUMIGUISPDEJPPCCVCMNIDQNRGUGZLOWDVZCUSTCDUXWNGFJSJEBOLCGJICRUDMGLZWLXAOSRNTGNDSDL
XBBBBBBLALSJDJAXWJDAFTHQUDNAOGWANCSVYWRPPTDBADTBICLYKCUDKTAIJWCZJVXVQQAUAXANGDTLJTMGMMZI
CABECDDFGEUAHDQRDKLRCZXGRRDSMPBUKWIRRZGVQIEWSEQWNPNWKJCJFCUFAGJPULHKAMXFPJNKJUKPZZCQNYGO
KAABBFAHBPHAMTXHVKAHOIBNRXAZIHCTJBSGXEFSCOVCLIINJNSKWVQACFONRHLPHLBERJQFWXUETETFRNXGEPJX
KADCCCEFHEFLEZBIZLOWFRRRBGBVSWZQHUQFBIVPZGFDBEPICNASBMQARHBLBMNCGQHYHTOHLTMJZNSOBLWADQKL
TAACEBUYOMEAACCHDMEXHQYBGMWTUOPZGDYPCJXEZWJDXJGIKCQNNGECOBVETPHIZSITFRDAHQIWQOHJXVRXDYGT
GBDGQJAACMQIDMISPIJYQOZYMFEGCFOICXWUYOLWVYGYTZWNDOYKQKIIQHEUSZKHMZSIFMBZVYWAOGUEMKGFISLO
IAAAAAEHCYTWHMMWYLICUSZHISCMYDGZADZYYAZDIJVZPALAFPQUZOCWQQVPWBETIDNIJXUIHLAZMYOSRPNHZOGO
SEAAMATSTLOAQICKTQXGSUJWGRXLNIRGJADVCLHIPHYZZARIIJBLXDEPHOPKEHURCJMQOXQESGXFHMGFFCHBSGQC
TAAAABBEERNKXNQDJTIMIXQMLLXHHEUXDNFGTKTXKYUNXYBJTGBEAXUOJCEZLTHZXJJUDVROLQITRQJWEEEJMLKR
UAAAEFINXGCFVIKBJWCBAFXFVAJTKNJXFODIHLQUNQGNTATKGGBSENTOLPQIGUHHRBDJRYJSPRSDHLESPBGNMSUD
BBBBHNDJODHDMOCXSBUCATFPWVFQELMJBQTIQHITLKXVMTIYQEXUDXMQXJFMYAEYJRZUPGFLXVSVUZUHVYVJGPIW
BBBIDMPBBORIUGJFHPJNKEWZUXUCFUYXTCTKHVKRAPPVWSDTYHNBXMCDKNTOTLTKHKOZINENBZMADSOFNNROWBXH
PAAAGAAAAKGRHJBNVUSLWNWJWAIYOEZFLMKEZUIRCHPLMZDNVSJJIWGNGGRPTEDQYKSUFJSBJVLPCAUJIQXDTNEX
PAAAAKKAAAJVBSIHTXVXMEVYQQVFTIQROBHIGUNAJGVMRKMHVVUGTXMEJVKXUOQRHUBCACNFIYGGOONNKEZNJXTI
DACCEJAJAABMFEHTHJIZPZUTMKUZGDMZGNOMPXTZBAWLNJZVEIMFJUACSFATHKKFVBKWFWOJHGDYEUDCEELHYWNN
CABGCCDRRBIEENRHQHSWTGINYATPGZNWIHZMYXFGRMOXOALHERDDSEMSZDMFLSYJCZKMKCHQFJERCIZTQJHUCFPE
HACGABCIBCDDGNFNKYYGOVOJQUXTZJFQNCALRYHYINMMNYLCBVUARVHNPMAZQYKKBMBEUZZDIVKZMCXVOOHWCVMZ
GBDACCNPRWNLVXVJBNQPBSUHETXUHHYTXZWZDVBCIBQAZKQOYGNMAWKKKQLUHDPCCRUISYIKWFGOWASZEBVSPHYB
OAAZZQDEFBGQGRNLYGFXYQFDUOACAHEAOHCHMLNAAUMXBWLEEWZTIMLTCERAKIVZZWPFPPPOOBXICJGFMNVXVGLT
HAAAAORTLIXBNOESJVCEONOTDKZNFCLLGFHCOELTNYTQFSMCSJTWFYMYOMYDBBSZFJGGJNVLTKBJXUKDUAMWUMWG
CAAABAMDQJWEJHQCTLSPVOQFDGDQBJCGCLGLAAUCHCEKANUOMNPMYXYJFVBOEPDSVMJYWEOMPVACAZJNOJQYEHIF
BBEBBBBEEDMKDXVFSOHJGFCREMBAALTPSZOXOMRNYMFUDYZOKUIXJFDLQDPLIOQTESDXXYOFZCPKGHURTEPNAPJM
LABCDHEFHHBPDYTJDIFOQKEYOKUCUTCKESNVJJPHQRDMTXVACRJBADJMMROPSZVVGRRQXXTNGACNKWAGZEMUYJEL
VAGUJGCHGLXHEWQTXFTCVWTMFJSWBCBSIWIMHAHQWOGCVVJBZXEKHWVICGXTYDDVNEPNSVQLDLTVDHWRBIZIUAWI
CABGDAADGISTNVBXQSBJSFRTKKYLRWFSBVJUZZALKVAXPCWEMBCZBSHWJYJQIIVBEKQEFIDFGXSGROQZJITEKRRE
NBBDAIBBJJLNNHWEUPEGDHOHFUZMAKGAEOPKTBEXBTHFRPYZBPUCBRUSBSFEKIVJJIDMGKIDNYRNSAJOICTZHMNE
DACABBDCAXJMYROZZJCGCVMYUDWPCNLZPXVMTAGWMKIHWWUWAQBOUKTPTYPXWQYFDXLDGIGMJECTVQAEBWDHGILN
MACAFBBHUNKFWXYKFBRDWYJVRPCNRWQMSJWRWDDYZAFBHNCXRUMTICZJKIOPQGOXISECDDIXIWLNYXSSFMMBXXIT
KACEKEACGJJXKOIMKFOFNMMRUKJAFJCJERFLDDIEKRCBYFKOBKQSRBQPUYJMTRBVYNBGEHUKOIXBQYUYATINSHIP
NBBFBFGLQMMPJCADTROBYBJFXQCXYVQKPFCHHCDXVOQGROERRTIJAVTYRSLIFBQDSZICAZPIDSTIHPDZUTKTJNRL
DAAACCCDDIDDCFTRKENEDYNODXEQPXSIVTQAEJQBGZHRHOSWJNFDOTSWGSZMNQJQOAENSNBWAVSBAMZVSAJFKXOE
YCCEBAOVEOOIQXKVFKCAJHYWZJJSCQFNBDPRLCMJXFVBXFFUSGNSQCDNAKWSZPCOWGZDZLNUXVSZBPFLDCHXRRFP
KADCCCEMMHOYWDGKJBKYFXFZOFNMECCYNPLYOWOSTBLCYRNDCZSVEUAELNXWIQTSLNLTNEPTMZSJOGWJANJTTJBJ
YAAAMEDWIHYZRDFRFFQJOKGKQFPPAPVIOEMNEZKQFRZMZFCLPTNVKCUGOACSHWXOGWJBNVRCKGGVWJVVNJADPFAG
XBCJPPDZNIVPFFWPKCLOWWNPSRDWJVCCLURAMYMWLYQSYLGMBFKGMNBXZDSZLKZKUBJRCAJLTJZYHZGZOBUSQVZP
UAAGPBRQIHJXTZUPXRVKLHPDTVEUKZDPMKMHGBEJDRHTOCVAGCZQUIALSEJSCOGHSOYBXMRZTLCLDOPWVPRXLPWQ
NAACCADBEFDXAJNJGJDBCKCNQOKWMINAAPTNVLLLXWHYYIUBMKSRJSACYHIDEDIPLAEIMLCTAUESNGZSOHFOQAAV
HACANEEKIEIMWIEUQOKGOTYITDWQHCSDCOMAHMWRWDDQDHQBJGMSALWPSIMVSXXDHZPBFGSKFLVRGBIBJVGABFKG
VAFCPVHESWSTEVWFLOKVNVPNHQQWOPQNIQBBNXOQELTVZPYMFUVKTBVNSLAOOCDGJDWECCGXGEBYPIANLQTJDOIX
UAAQAACAAAHSGXARLYJPWQJQDCTGYULYYHSQTUJFSQWUVGBKVGEGVIHHWQUAOMRFBEBEHKRGHNUVKGUXBHLHUPEL
KAAACAOOQHJSNZTLVSBXBIWMBDMZJSNRFYEIMAAOGHJNMJBDWLDEUKGTYPIBMHCXKVTPSDQXPHLCJMOGQTSJPAQM
OAAZZSAAAKTAZBKZEVNAPCAQNNVMDUZPYHVINLHMFQAYRGMKPRHKCLQYPZIZEZHDUSXXBAJDVQFRKFQHZKBNJFXH
WAABNHPMPAAINLFHTDYABBCQDUUUUPVJRDCSZNFXURIVYCOZVZMPBGLVIWOPRCSWTVIXNZZWQBFSTZCETADXBMMT
GBCHDEFQUAVPPDITJBFQIUFOZMWPRQWHIPPIFHSKDNFUGMSDRSGRXDQKKVYUIFDBBHQSILIUAQRTZGTBXASAAECE
UAAICFSCOAADDMQTHCRYIHQYIKKVETGERAWYMTJNQFHNSSKNWRQGZWQRTDBQCQECOVOCDFPSJOPHUPBYFLIGNGML
PAAACCDFAALMASBICUGZCBHEMOGDFQFOAHBZLSYXKJMLXFIPMJZRHLTBQPHWXZKHMMOZFOAVHNOHIOZVSKVBOBAD
MACABCCGAAAHUOZOKQNCJWWMVYYUOHCKYIWXUKXAOPVPOEAOTYXTFAJUHTWMSSFOYCJBIZLBFNWEISYTQQWVGYZE
EBBBDDMMAGZDEISKMZOODGVINXULEROLGEFBUTVWPTAOTSSCTFMEFSNWLQIJQWPBDLUAVUMMBNBXTJSQLGVORAKC
MBOKGNBFCGSDIXIEYOXNRJBJMSRNPXCMWPHGAGWYUWSOKEUANTYOMTAURLFQORTEOFRTJEAVUZAISTXSWCNBEEEI
LABCDGAAAAOJRSRTEAJLGRYMMJQTZXMCPMIYBOIMTLZNMLIHEJCRNKGRZQAXZLQNLEEKMYWSLWREDHETUUTIOLNF
EBBBEAAEHBHKQQUGBURFQKSMXIQJKGLXCOKNTIAJSLPBJUEPFGKIYRPKBOOEKVSRZIVJHCBEHSSFHBGKTTBITLKQ
HACALAAFGIIELKVUGREGQECRILYZFPGTVBXXJIAIFPGOFDMXHIPWGMCHLRAYDYTTQPPUKFEDVRQTGHPURMGMYBRT
SCAEMGDPASSUOMCSVIDQUYUJXUJUHUILJJZBPQBDUKESOTMJZLQNHJJHMORWMHVDDIYQTKRDSYJTPDKBLKWOXXEP
CABBBZMYNAQUNVFGUJLBYOOSQMOZUSTGOWEGVJZUKRJURZJDQBBBVZRHEVHAYODBTOJDNRYDWBKDYEMOHDCREIBG
UAAQAAADHHJEKAHGPEHIGKNCXCMRZYTINENMEAHEAFKAOCCXJNVWATLQDILVVAXJSMMYRHGGJSRGLJLDQDJXYXMJ
CABCAACEDBCXKLKAZPJULMPFAVGIDCDIUIJUHBEUTRSDICGRDLHBRRNTYTBKQAKVZTRDCTPCKJWUNNRNRGEOYLLT
MBOPBBBBCARQMPYXRMPPNSSEEMRDVGEVXXMIGDMVMARAWWVXPLDZQYNKNXGVLWDLYHCDTZWGEOINKCHQCYJNHITV
XAABBCHJJCJUDTJWQINLFCOCHVYHXUPIXKWEUTOMCNRTLAPVBFVVTLFYRCQDNFBVHDDWCPGRJVZJIDWVMEMXDRJZ
LAAABCINTHMIMUMIPUYNEFISFOIRCAUHWJQQIFAZXLKGOVJHXJHUBLOCBYEQIXQDHRKCWJWFFSIFEOYDICUPFNXD
EBBBLDEIPBEPIGNZFMMUBXADDWZZQZCYZAWDTICMSDQTIJCUZBNBJBSUJTMMPIEDCPVMQYKMJYWXPHGTBFRYANEW
GBDHAABAEISYTIGSAEWPKNSTFDDHXBNGHNUDKKCGEWWUBOQWGAEAKRJREUDBQYGTTWAXIIJHDMKPPVDTYQRNXDLC
FAABJUBBBAZXSAAGCQJBJPGUXFVMYNETVJIKNSJKPKPQFVDRWWRDGKKHCRVQYZJPKDOPFAWTUTBYPQQIUBFBHIPC
IABCACFJDIPODBREQLQAVHABCHZCEDWEUWXEAESFUVAPFYZPSLAZMAJBNGLPUBJWZNVGVXOAJVHEICKBVNUAXWJF
EBCCABBBPLIVGRTUPBUIELCGDLVXKILZWKGIMWQMSIRCOWQSUURTEAQTTRYRHYTPLAJTBIOFFMHQGOTXSVHCQLCE
FBBHIBGJYNMKJPNLMJIDOJSLWBRVSHEDMMTSQEKERZUMAGVKNPDTFFENXVIIOMBYFYKGVBGYABJLKVJJSLEKVKOR
FAAAAGGRBEEEEIAYEJKNERUSMNKLOUVYLJFCQDXRJMRRNOLHURISLAGOHLLVHRWAUBBASBNAGWQMURTGMRGMTMYO
UAAAHIIIPAAAZMUHPZIMFKKGHAWUDMKQJKHDTFIWCZLITQXDEEISRNNTCJLNGOQDXMGUZIPPNQUYRSXLRICPMHUC
BBBHBLIEKIQNORSUVYTHLCNCZSMGXQOJGKZCIXGARAEPIVBBWQUNQHYOBYLYFQNFIIERPEJMCLZYZCPRXOPXUDZZ
WAAABCJEWGTASHEVTOGNHQTEHYYYGCUWABFWTKJOLLFFHQASNGENZOQECULYBYXQREYCLMQHSEVMAAHNYFYFXWYK
JADEOHHAHHEQYUEKLBBVMUKTNATTRCFGOLWCAXBVEFZKTSYQSGWGXPTHXSBUVARAHPJUUYIECVQEUTCLGWNMMTFU
PAADAZFEGJMMVLSVZHKNEJBARIMYCOMSUJCDVXOGEJZLFXCSTWSPZRBKEFYYQHTXQXVYKMONENJUQATSFXZLBCUU
VAHBBEAIUSMLVYAWFQYZNPIOIYKJLOAKGEJRXBYSESWLNIFKXTWNMUQHINAUUKNRXFAYDXDLDJOPZJNSLHMWOKRG
ZAFABBBCBCHYWBORQISRXIKQFONDAGYTGRIAJYBFWVKXCNEVNIVXMDCYRZCJMGQCKABLWEIIGPIFPAXPYAKWPMLC
UAAAJDUKJDUIGVJSTNKUMKFRUDYOBQKPDNYAICTBEQQJTHIXDLKMKLZGZBQPEPHJFAGFCYDSIRZQOBFDNDUZAGTJ
EBBBLDEIMNNYAKJPQBMTRZRDAGHKYUVWAYTZVYTWOHCSEPIBYUTCDVRXPZVYRVIWSQVRUVVRANBIGPBITFTGKLHE
FBBLAABHIJOKSEMVRMLLVPIKQPLUCGBVPIYLATJMYWQMWZGJYKLFNTDNYYVLYWUZEQITYVFTZXMPDECIPJRJNPVW
GBDDUNRYDWINOXKOSBLMXINNIUKNLHWARAYHKSNJOZGIBZLKIGMNMIWOAFKOEUDEZBDNTPRIFVRGEICROBZVPOQL
CAAGQBBCXJJLFWPKHTRAHCTJNCTVBMBUVUNNBMZFUQIPGHIEDRPEBIWWCGXCKJAIILAJHLWCWKXSJGDTBGPJMVEG
PAADGNIIAJAXKIQHETELEOTBJYBCNIEURMZICNUHNKXTSHFTCRDKGTVYTEGBUVNWNOCLROPAUBYYCRDHIIIGWBHK
AABEAAEFHOPRQRZIUHLFUOZOZNDEWDLBYDIFRVYBHUIERENIVZSNMGDTYTYBUIYXTMQVGEOPWIORVEBDUNWDHRGX
RAEAACHHLBSVFVOCAAHSLARXIKIRKPYSXGXFXPNTCBVAEMBTSIWDTIISFBLOLOUFSIJLJRLBWOMXIAHKDGFRFGFE
KACELAABXGXPTNDODKJMOJRIXKZOGMVNNETVRGXSEDZSCESXQXPSOKVTFAIAIPHYDZHVMJJHFTRGBOJLEHKIKSCL
PAAAIJKPGZREKYCMIHFNPPHWRSIYCAGNHPZTJOJZVJBRKZJYUABCAPZGUDXKPOWJLXIAIDFZBXUJMDNLXHPYPUYU
QAAAHDOAFIJRCBGWNUKFSLMOFPPGRIWJGFAOAJTTDZMABRYEYVRUOOCKCVXOIUGUCMFITGZBHKBDJHSVIQIKDGOW
LABCDHEFFAQMCIITPEIMDRZDKTMLGQDCWYNGZZHMPBRZINOGJHJQUHRILZLQWVHAFELHFUDFYNGDVDCNCTHSOYCR
TAAGCCCKHCRTKJARUVJPTQAAMTIITGPQODIVEDNPEXEWBRQIRNMVHEFVFSWEJKWTEMMGESQDUXCGBTOFFMLJSPHR
BBBBHTDQMFILLYIHXVZODUFJUPHGMQSOISRKNVPMJJIHEBBAELDKWRSGBMJZPEFXQHZRVBGZSQAUHZZSHNCXZJSV
RABBCACFFDEPYCSRXAFMQGFSKFYONRLGDEXQPXVCKSDTCZGDFTCQQJUXDLDLFTZIYCWEJMACZVJWPOELJPWICYFG
XBCKBBCGAQRWJYNAWPJNQKCKBNYNJZLLGRFGPSKKNEYMBZFGQAMZQEENDGGLENVTFKKJPQQTIJTSYOGAQEFGDNFL
AABCADDKCNTUAXCZRUUXNIOJPXTZHBUTPWNCVLRZKDRRGECVEJOTHOZWLTXNFATTSSXYUDSKNVPHUDRXUTWKEZBD
MBOPBDANGQZNMBTOHCKTSRAVWLNCVGISEKOLIBURJMICQXWFAFJYGNZOBYLSSNTIEGNSYNVWDPAFRHDCPOVJZSIC
HABBBBKALIYDSHZCDZSYONHRUDPKIBLLBQQNHBXGJBWNOPWQJLWSVJJFSQONYFIKSIIEKZVONQBODSUOUKYOMYBY
GBDEBCDNRTADHRHQNGQCZRUBKSZGYGTNBYKWFBBXQVVYMLALPKFONXWQWGWYIPQVVDIUALFEHDDDYERBCKAWLXWH
RAEAIBGJVJYOHQFTIZANAWREIQWYJWXHCRUNZJQCRRITWDEMBMYEPPUNGGAIBYMDQKAJQRSSJJKVHYFNTNMAYLAE
VAAADAAACCCHBRCTWDHQLQDLFKBCHRYURRYJRYIJHFWMOJKEPOBNPTZGTARDGYKGMFEVICFKFCKYSPNCZNUFUHYO
VAFCPVHESWSUAAABDEBXRGHRSJEMOZPILQMEWQICIGHWRGSWUYQRLVXHARSNHAGRDJFFYOCUCFYJOAIXENJCTNGF
NBBCCCLBGJLMAKEKQALFPVJPKGCCYRLYXPTWZEYNMYNBYSCCKAOAMXPDFZLEUAWKCKXTOFLYJDIXUDXOCIZHSHIO
XAACEAABAISKIHGLCTRCBWVSRBSXJOAHUOCJBKSOZIVYHKMAYOIQWJQAJDLGTYOVUNZFXDQNKDJUQQZMHWEAIYIP
VAHBBEAIPPPJSFPIKKSGNMJYQMNOEAMJDHPLAEGQFPORODLFEWYLJKEWWAYDONTLPGDIHQXQYFKKRNXQSRUWQDCB
XBDBDAADFAADQAHELEKFMXVDEFYYBQJJCWKIFKRDCBLXTWVEJGSBRAIYSGYYMCXJGBEFLUAHNFWKMJANCDPAMZXS
VAHGORAALMMMNFNMEIAVDOFJNHIVUEGTUFFHTNZELPXOCMIEIFLVMWHQYWKSRTLHMUTNATJOKTOGKEPZMIDJCEMA
YAAAMAGBEKXLPEYKJDHLGPBYWVNMABZHRQTZWOEXIWODHZLHXEYNUIDZIDCUNARTXWHBRMXCHBFSPLMYUARIPNUL
GBDECADGQAAAAHQYQHEMHWQEGCSRHZIATDLUXNOEWSOGUJUXJXRSOPDRERJPCZZXLVDOMBAJBZXMURYQQVEAFBGV
MBBBBCIEISIXDEEKQQHIRIKMZNNCWHOLUCCAZWOLVUNQTOOTKEBCQTFMIHDFIQFAYFNDHGKZILKLYXIWHRMOAVTZ
NBBCCCIHBLFSJGXEXJLUACPQTOHMJBPPQPPKLAUFLTCNZUGYOURCWOYHMCCRDRGHITBAOYDILXWVFNITANQPIVTX
UAAICFSFAAFFHKFUDGHCMUFVHTRWWFUZDHBBSWISECPLQWPFGBGUPAOYNUGZHBWZLERESAILETVPUUEFVNBEEESB
QAAACHYRTCMNHMSNCUINPXHTBHTFLXGKKGNHGUDCAMGORMZWIOLSHDHOVKMOOCMUERTPFAZBGIRQNMRQYLISVSVU
OABAAAABDEEIHLEOTUIEHRDHNQTUXCWYAJQVRJJWKMGCGYEHQPFOUTGJLIHJEPYIIIVSECYOQSMWDURDTBVMTUAN
MBOLACUTDHODJZJWCKWOXCNLGIHBKTOCKVRURNXKJEETFHNLXKDKPJPLJISJEEBQRRFDMTQHXRWGEJXPLMLSNNOL
WAAFRBAXVUWHQZTZHREIZTIZBGXZHXBXRYKBOBIGVSSDNKOOIJWLDEFRRIRCKLNKTOMCULAPISMYTBJEBZGHCXPV
BABCFREGBFRUJTFOSHCMRVUXYFJOYTLBYGHYYFLCGYSFAGEGZWXJHHEVZXWOAPELCCLZGPPEBPKBSJTRRNAUMFUP
YAAAHCRPDHOJYKAFUUEJWCHQGOUIIJIYPFBADGLYAFJMTLWMLVSOFQKPUWUOFWIWFPNIBQUFBVXUCYZPNUKSFVRB
MBOKGMVHMLDCIOHGSUTVZTNHQBZFPJCNUCOIENVRLBIKQAMMKFOWEKENPULUSLXGJFBEFURWGLUEYXAFNEYWUYGU
XBBBBBBRACPJMHSKVHEDSFRRCLMWGDLKWUQTZYXNLZZKBEADFOMLXBMMVTBIQYINSODORUGZPOUQSNJMOMUYYWLZ
IABDCCHABESQTIZKQDEACDGSLCFAJRPQJYNPWELSFSUTETQJNBXIYNZNWBWPSYFBALLJWEPLZIBBVXJDKXDVCDUZ
LAARFQCEGFSVHAHALVJNHLRKCESGZDIUTVFGYGPENUXALRKUMEMNKDYFCWUQJXPNZNJCLBFNLSIVJESZXRIZXMRN
PAAAADADNGQASQBUGGYTLNDANWVYHOREYUYXVRIAZQRQHIGPFLILGPWHCIMPDUTENOFCYCUGSAWIXUMZQYNLMCMA
WAAFCACGBULVXPNUAFMTBDZCKQFMBKAUFQBWBRWZWUUSAIJCPYFFIGIMMZGWDNUZIDELZYFFFHYXVAHNAXIUSQMI
EBBBOKFFREGNNXAWIGYQOORJCTVMGQIZJOOZTZZUMJYFZIPIODSXKHCIKDCZHFMMNVTMOTIALMQFZWEGZMDVFCVF
FBBHHOKAKAAABDDEEEGGEYXXDGIZYLUHVPXFTNXRNVNTEQEFBCMNVNXYMCNOIUMBPUOYHAKQPMWHEOPBUAXZZDMP
SCAEKTIHQPMMINAGLVWFANKHJXYLNSYARAJNWNUQCEOIAKJYBUPZZQEKAULOSDWGBDFPFXYJPBUDTQFDQNJUBGTE
XAABCAFBCCUQYYZVVUDSJQXRQAKJEPBKXWGMAPVSXTYVGCMEYFEMCSJDSIZZGEEMGRNSQZKEJGMEVEEFOMHXVGZV
VAFCPWBBVWKLKWWSFSAUFUWODUITDIOGPIKBXAMQPNYRENBBCUUBFTVTMOMIQUSRBWCCGORCZYWXBBHDKQXRTGEB
RAEAEGBBBFFHDVSEKMNDFGIEGGKWEKKPSRFSQBDQYYKLZTDBNAMGZZNUXMQXBRPOSXZYVMYLFDBZCWCDHZMLHZUK
JAAAAACCMQJCOXOMZQRPZXJMEFDQVKSJUQNIXENLMKXEIAFATSTGZUDQIVQVOBXXAYBXRFTVUTRYFWBYGTNMQWOQ
UABBARYBSXSGSOHCYTNEUFLEVVJNQOVMKKYNKMDVXIHJLTFDVYRHVTZTHASGWUVLKHJNYRTZWTJCTQODXNTKIYSS
OAABBHFVYZJIBJHFKAZUACHCZWLHEMMVHVXGYGAYNAHYDQHEOESZJYJKYOMNNGNGJGWYHUCKBOBMFDYDCTIWIGLQ
OAAZZQDDNNNPMLAOITOFEIOPBEZUDGROKWYTCQUJSWFHFTXUAOILASXDENNVHAWQGHBYZWYHNWKLODHXFJVXASCM
LAAAAAAACFGHMWLLEOBOAWMSRGPWFYJXBSHPAXCIWLECIPKPYYNDLLZYVRZZNPETLYYSTMIILXELRCYCOSGWORUC
ZAFKMESDKJCVIZXTIYRKFLTLTNKWUSOJYQJUPZKRGMCRFYBTVZIVOWOENTBZRSIKFCRHSIARFCREWOSTBXTCIHZR
OAABDAADDDTRXZHIIOURYUSZFMQOHKJTIFSXUWAKYBFFSEITCNIBKFQBWPDONLFLZUSPLKKXJNJVYZORALIYITWD
CADABBQEIKXICAVCKYXDZPPOGDCFJEPWDWNFLCLLZVHXJFQXJVCKCGERKASIJXILFBWLTGFYOQOKYCJOBDPVUHTC
UAAQAABCGCOCFPETDEZATNFZJIMWMVXSJFFDPRXCGIQJORBFYHRHLUHQGXEUJNBYDYEJAOMAWHWXNPAYAYRTLGUD
NAAEBYPWIKJXPUDNQRLADLHMZMGGWESMNOYYHDQTTLRXHCUVEMWVJWDEDMOKMKLBPVMDKBTZOKAEGTUZLMOBVMFD
KAABBBDGCEFUZIBPRCIASFPYCKCSAKRPCEPMTURROSIGXJXWIHQSTCQQKTEFLYKIDYBUWNHHAJMSMZRBKFEDKQHG
YCDCCCDGQCXPJPHDFBFLPECRLOACQRYNPFHRXKMEEGKPHTUTSJSWQWWWZXOECZFNPFRIBUUKMVSFTUGJTVTIZLRO
YAABBBEJAQOEVFXCXJTARWYDKZNOAPSKFJYLENPSCDIGFZRHWQRLRXAHKVJMLSIKMEUUJBUHCHVMHLMRTHXZQTTE
ZADABDAHZLFRBQFFWVGNXHESOLENLTMENZCCWZENSBFROEXSHIQCSUSHUGNMEDSXBWNJCDDFCSBULJSCZSQKCOMQ
GAAAAAAAAHHAMYGREGIXTXQKDQFIDKIWQWIDMDDQHYYRHJGLQWAMNJBVPPJUEPAVAHJJQATCWCAKVEKDHIDBRYLB
KABDAAESAEHMPMAVJGGZSEKZBMLSDHCQGBXHWTENEKNISJRNNCMKDZJQARVYKHQMUETZLOGSOOHKAJVKOKIGFWJA
OAABDBBCOVVZEBCPLPBICMISORHOCIVXMXEAEMUNDFYYVQEUIDCJEFYFXRCAPYITLXWUFMKGFQQVADMDHBSTCFMR
RACAACBEEEMDQEEPNKJPGDQWEOQHPDHCOYKDNCEILDDAKUZQZCBDVTANVBLTHFPAYDJQQUHKHKXFUYCLMAPOESOY
CABBCCELNBLWHWHRMMWXCRFNOFXOXNIQZZRNGXDKEWNPMOZEGCSUHJIDMIFELXTZWMOIXNPEAONXCMMKJZHXFWNE
ZAAWVJFIACDIHJBZOYRLRNURSCWKRPPALUXYLFEOKDNNFEAJLIJGFBCFBAXPXSNECWBPXHJRUSGLCGHBLRZHNUKV
KAABBFALOYKCUELQIJHCJQOLLMSMXVCRBTSEWAOPOBAKPBNILJWMIIOFXQLEDIOPKGDYZHJCJSLBVDVCJAWYLCFX
VAAAAEBJCLQPWDHNQCAPSMWEFJOOPSPMRFWEFKHWZOZIEFFCXLNQZHHENCUSBGUTBYOXKAZEYADSZLRHQAYCSDWM
XAABBDAFFWVHIMPIOLQBPYRVQZSTRXIKHOWMNAVJCCMISYOJRRGMZNUHQNZQHBIPBZUWGTJAXWTGFJASVLMURGQX
QAGXXKVDDGMPREHBYZXIPPUYRTZDGFBETZKKFDJPALDZWFJUXXKKWBBQUKKBPJSQTAVHOBMYRLUGRDWPOSMZYLOT
OABAABDBEFKGCSRVNXLPFUKSSREUJGJAKWOKDDBUGUDQOKLTVOEXPIYXCZUUBDROGPCYDFWPRIMGGAOPBOJEZFWO
ZABTCJWKMCANKNQRRVJJAKPPUFHEHMFLNPFJEHNBSRRKVHVOUAOEPJOKXMOCZRAKEYYANBWGCDONIJIRHJAQOIVH
TAACEBUYOMBTZDWCRUDSIMUSWYQWYJVNXXXMFSDLICMTXOCOCBSPBLDWYXSGPZEXMYRPPZVGPZOVOCNJCSHCXKHJ
HACBJHHMRRQWHLSRFCTXWTISTXSGAPEQTNUJFEWWKNLDSBMJREVOZCPHYPJDNUDJJMAXKAOBQQBSDJQDWIPBFYGT
QAAAFACFPLAISKPHGITEIZMFDVMLLZCZCWRLPKCBOLRKTXMOAYZCNAOHIZUTKMEPSQXSKZRKTQVJSATCGRXXTZGQ
SCAEKNDEGGIMFAXXGDFLVJNONDFSAITCLVRBFGCCPYEGCWBRVSFSRNNTVUNPIIHLPXKSIMQCPCYDCFGBYRSGKMGR
LAAAAAAAECZTOGOBLEUZURXMGPJTNZOGJPVHEPUIAGFICFJFSQJWNUPCBHUJMIHNNIFAYGONQVGETKZJHVIAGHTL
AACABBBBHBDMCTUTUNAQIKLCOBVVAFKGPEVGPKDZLCBZHVUQAGSVOLUKLNFICWJQAJZEXFQVJLAJEIGNPVEPBSOR
AAAABELAAFJRTUIVJPZXOPIXNQLGKJNEWHHPUUZCPFNXJHQZPLCDTRPAYGLIOJZSVWXTMMLAWKAAUPUYWXJDYTXY
LAALAAABBBNJQBBVXQXYKPRTXANEKILODEOBKHODBJJXYLPDHUDGQDTDHBCFYATXGVXHZCAXYRCIKSRJJCXGHBAQ
RADAGKEKDQLQRYFBLPNMLNUSNYXBLYDOITJECMPWVCXPCDDEWGSVWCHNLKQPNUTQVOUEQHUOEZJEQPPPIBNMRYYO
NAACBEBUWWSAYJEWHAQYWXAJESMFZIRFECDDYZGSLDVUKIYNPVQSCOVQZKATYANNCGAQOSARIPGOEJVEFBWWMCWL
OAAAGAOEDTMDHUCMFKOWLLRSPPDVUIFLIIJCKYDWAYUJXXYNMPDVWQCXMCMYMIJSCPRGXVONKQJEMNTGDPHNTNKN
EAAAAABDGBGGOCSXYBONQWZBWXHKBZKWEZQNDZPUHQPYLUPPOJJLPAUDNHICMTQVURXZXUUWGKUDNYONQEAKTDWX
JAAAAALBHCREOACNPZTFGAJELGTTTVLYUZQVITHKAVSTPPTOUBTNHGSLGHSRQJHMFOBZDAFDZQERIJLUSAMYLJBS
GBBBDKNNLYDIHQHVJCUPGDVOGLQDLCGWQFNLTKJHKHUKCAYWMMTDGLZCSGTRLKXEHGTNDPABIOLILOBXASQDOGGN
TABDJACCHABZCZGDWKCNQZORMTLCNNIEWGSMNAYCXNRESPBWECHCUHZYGGMKVJFKGBJIMPWOATGZETHTRZRUNUVD
MACCAAAFNSRPBLUOGIRBSOOFCVECBCRNRANIUANWRAZWBMRCOJNGQJYZYYSSVYCGJIAXEQCEMENAAMKQOVZCVNZL
DAEHABCLIWWSCWWPWVWJWIESDUQUGWFCOOSMTYDQGDZELPHULLYKEYSGDDHUJYIAYYNDPXVKTTTNJFWHTTXLWVZM
RAAAAAABBBCFEWETGBWZEERSTMRVIRAXFJIMFGWDTTWAMXVBFHLTTKTXISBYNEXIWABGXMJUYQDMWDKPRTCPXVIY
PAAAGBDAFLHZZRYPKMBHSQVROFPBOEXXJJFSREOWEIANXWQZILZNCHOBZFEVAHQXWXGXRANDWQRMECTFFACXIHLT
DAAACCCDIRGUPAHLEQDJEQQIDRDBZHMVKUYMVLIQMBPZDEWOTTDGQHHVCCRLRHDRRWKRZSIWNTSAPULCZWBKHYGB
TABCXPDHHMFOBYPHRGNUXVDFESMHZHGAPDRBIQRCKOWGJIQXNGRVAOTQVNYOXZISCEYOZOMGFYFBDKBQTOJKUVHA
EBBBDDMMDDDIKRMFXJYAKJBAJJUXPEYDNTZFKGATLVNRSBWVVMRZMEATUOLIEHSWQBPZNYMNPKBTXFQLFQSMTPKR
HABDDUIPUZVPDPOAEBFWKEIMNSYXYSVNENYSLDQMWQIYIFGIJFBPSPVXAXAGGUHJLIOJYCPWTIONTSKOGEAXJSMA
BADAEIZPDFNVYRVTSZADDIDHRXBFKVAPFXXHKKZJXSAFBFEBYCCRTDKDVYBJKERZWQEWILZCYCLYPIYRZOALPPOU
LABCCFBCBQJEZVDGUZYUERSEZXCXDVYJZZYRUDMFKEUAOFWASALKBKCSMODUGXKNEXEJJHGBYWHUVSDPYILJGOPL
VAAAEFUAEFDDDGIJJGQYFIGPDSVUCCCFNDJDELSAUVTIIZUCFPEMMRVJFFDGIZUEHDYPXDGZRRRTFIXCGWQGRQCS
QAGZGKVCJAQRIMHIEDERBVEKRSEZDKJYFSTQFQDLCOMTZOTYREFXXPZZFUOMUAIVYMOIALVIQRKEOJMIMXMHWJPP
CABECDDFIAACOOQWTRUPJMQPXTHGGZAWSDYUILIFAEOLFGQVWRADNOJBVUSKNEBALXNSSTQOCISPICNYXGZVMJBA
WAAABCJFOHTOCILCFZGGHTOFQEUFAKIQEVDWSVFUEIHGOMYRBQYHPWMGRXTFDHJHFMBJBVDPHKAOPZIVSQZGRHCR
SAAAAFFERIMKCMKGJGTWZJBYPUEFNZPFJRWKKJDJOJFMKZVPHKJYDSZVJVSDCRJTRCZPQVJZGYUHSYZVZOHLRQSU
JADEOGWUHLGYZGQQBJJDLEZEAAPGQQLSUUVLNQERQRYZEOXZGGRSAQLDKYUCYEWCDZSYJCZZZZBXDLWPGWKAYNFD
MACABEFIQDOLXHFPQQQCEFBKBWVEHUOSBCHPWGGXMZNIJWBLNWENJRJUQFKGABNJRZLCSLRNOOPRNGAGLGXDVTLJ
JAEBQBCGBCHLFDGILUMXIAEKYAVXPBSOQUCDWADAGJTGZXCLCWLLEWQULSSECOPMGTBBFCGWILECELXHZXQANZWV
CACAAAEBKDNVRSMTYBSPMTNDCZSKAYYRWYDIKYIHJGZUTXGWWXDYVXLWELZCPKAUINLDYQOPCOHYMRRERGURLJCI
JACCIAEPRKYTTAWJUGXKYMMGNZZJVRJTZXLTWAJCZWZRFMBYCQYQZOJMFUFPNLJCBYMKLPDZXBZYXLGIQAHXQBAK
XAACDDCMYPSOQEBTTMHLUSLRTYCELLOUVSJZYGVOXFERJPSJQWGPMILKELNUEASWGWOTNYPTMVNGZJPSRFMMYBRC
EBCCAAVFEKFLNMVNYIXTXTDMXTWNLEHZFQZUWEGTBUPUBIYKDYRVFEBHWSFKDQPQZLFNNPOLRYDOTSRQNAIICAXV
PAAAALAAJAPSTGOXJEJORFRIPXPVUCWHFAEWBMLJBBZZBELALBUDLEBVOQGINDLUCNUCPNMTATFQCCEBAHOCHVKM
HABDCJRRHEHBITFPBUEHNBLRKUUVNWFPNUOHWTKZSBJJQVFXIISHBWLZCEWJMUZSENLXHSONJJGGIJMXAIRPPFAR
HABDBBDHTNJPMKRBTPOZMSJSATCCIISQVSCBHXCIMJKSJOHWFIBQSJQMFNASVSLKNGRZCMSYUWZPVHXUAXYTLZIX
KACABCNABYBUAAVTFNJYAKSCSDFCRXOKQBHNOJWALIDYNYDDMIXXITAMVZIDURNDIOLENJAFVGPORVJXHNQXUPDK
DADAABBIJGHGCMLRUCIAMMNISYCGVGJTEUVJJVYWTZGAKEEZJBVMZAYOQFROLTAMBUDJCOPHVMTEORGMGNUQKWJF
XAACDKLHJNDNDKKHPGXMGOSCJLWSLBOAXECMYBRKNVBVRXCAIKXLITPSTJUSHUABTAMOFALGWNDLPHVDCBIPCNGU
CACACFAZQJWMDSFTKODUYSPGMHBZYHDFMLHHMWMOWGTBRBAMKFMDZECXAYJKGFEXWICFDXDCJFJGBCPWFTGKINWS
KACEAFAKGXIGKFZDGYEXYLPZEKJVDEGQVWYFQRSEPJCNOIRZYXJTMXWFSMGMOKMDXICLFEVKTCVTYAIRZPQYEGIG
AACAABGETLDXLJUDBBKUDNYHVWWCEFRIJAUHNGJZEDKNJLMIBNXLGLNFOCDXAHXGLTBPXAGQWJOZWNPUKQJVLKYQ
UAAPBGGLHRKOFDPYGNUIJTVMIQVKRHHQQPNTNCGPIUMXWFPWRPZTRIEGGGRCHNHNWSVGPQACGFLMCAAPVJGZLVFD
XBCJONCYEJGYCMJXXVMIBQWJUTSLCWQIMAGFUPLXGUTSFDZYOMLLEYDHFZGTHGVAEDJULXFWXZIYNIEHBKSNYMYJ
CAAGODAPGKQWJFTLCATJWJBWMYRQRVJGOZXKKMFOILECPITECHVEMSHXVFCVDMIVPVCFTHOWLZZMIJEZHICRWSWS
DABCIJLNAKAAAFKLOEWLYMPYFIWNHYKRIIKHFREQNAZYIIXZMHSYAZVOEKKQBITZQXPWTWAAIHMLFCBRKRWUQGJZ
PAAAGAAFSPMFLYCVZTOWFAQOKZCVGJXKSNXGRGGZJHPNMMAGDJFQOXUSHSJCUVAYWCVDXOETBVGCUZPNLWGFEFKP
CADACDDGVJRRLTUYFQOOYMRVYJNILAKDFRIBZGBLVTUCKWHFLGZMYWJCQSQXEIHPRIACWKTUHXIFHJPPONLZJPVP
LABBBCCCDICELBISRCPOIFFJTYJDEYMFSYIZKSDCNUVKAHHTFEPWKUGURJSWAEMLSIWFDEOZXODRRYMYRACOLHLI
EBCAAEAAACFHEVRAHRQPWWLVSBFAELFUKKCAOHIZNQWHWELBJTCYMBHUTUPTCJDYUFDKIQRCGBRTAPMZDTKEDJEN
PAABBBBEKBDDJGNQSPKINOIXBCHCRECHDUAJGQUNVAYYGRVRVXPYLMILZLXFYBASOOFHTZIMWIZQKCEKJVJJBMJK
GBDEAAAHKGBNZMHOLXRBSWNFDCILHVJDUQWEZPNTXUNPQOJTYVMMOKLEGVBEMWLFDCEYSVBIUJOARRQDBDELFXXL
JADEOHEGMQJMKSZAKUCEQJLERVUWSXFOEGUACDRBERYEFUPWNAJLKDCTPWHGPAGGRVXCKWROHKTBNYBETDZGBBEF
KAECJAACFGTAIOSZJHUBKTGLGQHEVIPHKFDGSXSJVRUFYLFHZMZQIWZHPYADGRHQTNTVQVTEIVRCBSSAREIBWRVZ
RAEAEKBBHHJEKHWSSSQZKZBSLNMUUAZGNEUPOBDAGIWZMFGCFWIQEBXQKZXQMIYLDABUHWPWRIBXAMNCOIGFUNIM
CABBBDAAAHNEIZFIVPPKIZYCXLJFTACFELFPATVNBUAJYHQWZRGTVIQNIBNMQXUUMUICGCENBYIAVZNBLWFXSTKS
JADAAAAAFKECKBNESHBZGQQPWQEVIYYNJDYQOFIDFHLFIIMXFZCTXUNZVKPUIGZZQUWAOOOLIRTTNSBGNBTBHACO
RABBCAACONERSXCOJGJYYQWIWXGXYAYVTNIBXQQAXXJHXQPXSFRWHFVLFXNBOSYQJFQTSKCINDRXJFQITGXSHUWM
UABBAWBGLCCEAWUMJUTXABFXMUUNAGTCBSQMIFEUYPKUFMYCKZEHOUQYLMNRKNVIXNEVQTNBYAGEAJPHPJCNFGHJ
LAAABCCRAIKGFCWKOEVANIIPJEQUJTTJZCNGGWTLLCECHDOXTFCKWOGAVJNGJHKHIAWFWHHUHDWSUGDEYTZMXORA
LAARFQCGEBFZNZXMVAZZPJCUKNNSIRMPWMPWQDLRMYFEUBNNRMWMQGPVQZMYHCJSQLUENWOWGYWCDEMYAYMKLUSI
CAAGOEAEQPSOSIZEYMRVNGODSVBXHDOJBYKSEXFZJSYNBDNTPOXJGIQSKUXDLKRBSXWIOQYWHFXGPITLJBJJDSDT
WAAFCACGECCEXAKZIAHTBEAQNQDPPCZHCVXERSCIFBAGLMJYKRZZSSXCIJQKDWQLWAUXJSUQBUMXDOYLNQTNCLMI
WAABIBANEXOPPHZDVQYTSFKEANKVYVURIMNEIXAYITFMBYWOGHTJVUEXWIQYWVAZNHTSZCTHELKVUYXHVERXTCTS
VAHBBHLPQIUQAVNPJPHBSYWZCVKJYKSPFYRIAGZVPCJWPJSWVWQMPJCPWJZVVQSKJUQBTNPLOAYZSLAPOQRENSWH
NAACBCCCEYBUOVTOUAQYHPVMYCFNCCWOVGHNBMCTLVHPXQDCQEHYRDVDIOLFSKVZEIZLSSTLRGTWJOPSCBEEBNGR
CADABBLDDDKVBFJHGOLKPAAFBNWPYCAFNCSDZOAICEYXCDYPNRJYMLGDDAZLRYYEUTDWVXLUYSAAEDRERZJGWIZX
MBGABBDDDCIAPWAMYLSBZVEMYMTKCGFIPTTDQNZTJNMQRHZQAHOKKKMYBZLKGPCUUFKCQBNSENHDLLHRTKTZZIFI
BAAAAFAAADIBZUFLDVPFUWORQFNRSTFRHQGACGGRLHYVYAYAKHXCABGOWEGTRIAGRUQIQUTNSGNVMXMJHEYEQZBP
WAAFCACGEMIHOENDKZMPMFLIZVVCUYBLCJYNJBVHKCCSKSYIKRWMPWVQPSLXUYHNLQOLJVFGVJYEFSFDSBOGFAZI
XBCJPAEEEVGNNVBWTUBUIYYPYONZNEGXTQFOWSVEZYPAOVJVWDEAXZGJCGYGZQZKZWYHOJWTKUQWKRQDUVSGNHXQ
QAHCCQBEZGQIDOLJHTGKJBCDGXGQNHEBRREGOSFKNNXSVFFJKMIQQLVWPOWYVMYZSMPLGNGPBDMERKLCXCGDTODQ
QAHCCQBCUAVYLOUABZVFBPMRWAUNUKACXLWHEWXBEIPWOEDKONERNFBIGUEOOBSNAFYWHSRCPJPAHTLEDSTFIYWD
QAHCCQBCXBCCCEFFEZVGDFYAFZCGQKUICXZWAPZBXPTDNNPBZBMFAFWDGWXPXDSANFCIKQVEUPXHPNBZZQCQHTUH
KAAAABCABNDOCTAVVMOVVOSMMYSTYKFCTSRSDTXPENRBQWMJEDEQAMEIQASCWYXOVGHMVQILYPNHGPZMNUYYYGCU
KAECIDDMWMCGBZRTDNNXWGKRGCABCJZLZNSZSGEZOHXEBRVQFIXHVNQECKPEUZYKPYCTPJXJRFATKGMLCASZUWIM
VAFCPWAAAABCEEAVTEIYZGVBNBWEXATUEJYERCOXSZQWFQSOAYDMNXCAMMZEKJFHQWEYUWKUXYUNJOTJDEOGHEOT
BBBBHNDABDLELLQXVVYTUHQLIELXLLHFEEFHGSEHYPGQOHJSUOHAWZCDNEZKLTURGTWZKTSMKDXTXWPFCFIPLODE
VAGWBCAAOIFDOUGDXWFECWAJXHHGFRECQRXMXTYQIGQSEDGGETUDFDZTXPOMDGIWMAKAENOGHSRZIBZPKQWLYYVM
IABDAANAGSSXNHNWUJZNQWDSLNMMUOMPCSWDVBNJFDOORTGLDSHOWOYPHMVRRUIOUMUFEXPNKGIYDREEDWUCHEHP
XAACDEDDMYSDDJSLEDFKGFKTFDVFIXFNZXDSZEJMNLGTPDBYLCQCSKGQLSRSBYLKXURWQSPFNGFDGBPJGZITSMRC
TABCZFBDKZNLNTJSPLOFTBVQHQANWLBIXKDHWEUYHUDHJQRGUONZWQFDYFQOFSDPVSMPYXKVGVDXSKOYOAOXYVOM
EBBDADDDEENBYUCTCLUKRQEFLCVFZBBOWVGNASYVUSFRWEOMBPMPLBMOKEVJSGJTKMIZPVHIPDRPWJLQAKAWAJRQ
AAEBCAELPBXAHXZLNZWKMZEWURTPJMKQDGBTCCYHGCYZGNKPZRBIULMJSWTRPFVDUQMBEXEYMCDMWSWBMIYQLDML
EBCABBBGGKCPZPMUUIWZSURLBXXJRMVQVCFWWTHMBZPGHNXCQGBVCAPSQQYYKXRHIBDTYOTWSRWAJRCNKCNWVEZC
IABDCCGGSABYMWQLRKGCSBCSDKLWPKJGAMSRFCBRBWWCDROJFAVCAUXKRSANWTJJXRFMQMEDVDLGLLAAGOIVLYUG
WAABHHCSEZPDEINQJDECVGDYYVOCAVZQRYOKXKJMLCZNNPEDTWEYOALHKBOTPMXWWGGVJORODJSNBHKZFQYNBXGQ
IABDCCGGLOGGTSUGWKZELTJRPYOKJSMNBALAGWUTDJCJSKTWDRYNEJZFJNTPCBTLNLCWFXJABXWHPJWRKQHWWNOR
WAAACJNBBCCYEVXDKYNKGCCNEZTJPPIBIPLGJJRBTLDTJLCHEOLFMQHCRSJZGONFXALZQVRWIBRBCQBVUHHTLOFH
NAACCADABGUTAVUSARKVSYFQAZCWNSTOWRYNZQVUWPKVBMTDLZBRQTZMDHPNRAJHMTSIUNXOVZOBPMQRXRFVVEAK
QAGXXKVDFFLPBHYLRCMWZVQTNQFFISFRQKOKWYSHJXSYTIAEEGHDDUYNOIUZXVNISBLDPLMTLLLJIEYMBEFSVTZP
MBPAAADDOBQWFDZBEFWQCJPGPGLNEZUJSURDSRYPOQINPSUJPDLZVFXMNHHSNXMLFLFEIJJTMXBDIEKKVPZWFPVW
DACCEJAIEAQDFGOSARAYZDIQIIUVGWZRMKWCOZYBDVOHJRCCBYXPBWDNXEYFCRNWGQNHCIUFGNXGUEJGLICFSPVV
PAAAGDFBNNNIJNAYIQECIQUFNPDLQUMPCPCFRPUOUBTMXVXKYBDHXAZMFYCOMLJXPVMIZAFJBUGQASUJCXQHYXKW
BBBBBCGBELNDZQIVBBGDJRCRALHBQPRCQUBVDFMTKBCHXENXUKYEXAWUBPYNEENQWMPBKQMKTRSSFMNBZZQYBCYX
CAAABAIDDIPPTIDYVTDACODVSOLNGBOXYEZICGSEGQWEBGNBUCBUSLYITCASJSZITMCVGGLGRDSEPPWSDBKXONFH
UAAGOAAFGCHGIBECRBMNSYQXQKFMWYWRYBWAZMYOKOUEGNCVMUPWZNIFHYFXHDZPPIXKJZBHIUPKTONARQGESBSF
RAECQUPKRHZODOZAKAUDUREVZDBVPGYYXTVHSDOCRZNYBNRFHECWOWOFWHLFMFZUNLZTLTZUVHPQJFWEXWPDFNUU
FBCHJLJAFZQJJPFZFPIBHEJWRXRNMZQPTSHCYMTCAETQOSGAFFUYWYKEMJRCNYPUAHZXSIHDRTABGVXZGFPPVOZD
PAAAGDDDDEPKBZRQBVYZJPERWTRSCBXSTQZKTBIVYEFGMOTNULXRGNCWCMUPMSTZPYUBKMEQMDTSOLXKNMZLEZOS
DACBBBBCCDDCFXYGBXIIOWYZINSLPTDDJPWCDXSRZIXWIZAPQZHXPUKDKYEFAWVFGONDNDHZQPIKLBOXYDWQKGFF
LBBBEKMKIHECZOSJVBOVCYRIYDYGGIEHLVZNJFJYXFAXYZHVTWUELYTLWHZNRYNMISKGDIZYEUIKFTEQPVKXPRIY
PAAAACXBONQNQBYZNSRYYLNCAIHJJYDHNUYYGNRHCBONOKHQFBXZHGGGXGYJGSAESLWSUUFTRKSHZVHCHPEJFUCJ
PAAAAKHZOONGLGRQUQMKRKVUNNCBBGGJOTOBQPWHVEPWUDWNPUXPNOBUNSGQKFJVANKBUNYEMKGWWJLHOPIRGDYY
KAECFKQNCXQZYIICFAFMHWVXGLJARYNMIJSABQNSDGGHZSEGSHBCOFKLHNQLHBXWCGOSGOKCRZQSYYWCXYGDTJEP
FAABJTLMICTDJHXPZCGGNTNWVLSSAVTKZEUMCGWBADELEJGAMLWLRMYMUVKVLRVJWJUAWFYNVFASQQCCINUGJDEI
GBDECADGYEKDBFUMYECVSAGVBFWYMHGMDEPPNUMTLRJCKNLATPXPWRAKDKEZIPUGVOTMBCWPRDWVRXRHXJAWUOXI
BBEABKPMDCLVJZVFTVEMCCFIUBJHBVTGVHSIDSOTHKPJOONEXDAXBVRQALGUWBKVRMNPIIZSFLYSKLMYVDXKSFBK
GBCHFGJOOCAVUPNWKMAOMZAODTGPVEEHXKGGYQBKSIQEZLSZABTWZCRCPTIAVELFXZNXIGLYOVKISSDQFSWIXLRZ
WAAFPADNCGERLOCIQZZFEVUMXAULOXISWCMDGEXVFTMUXOHDTZOXIIXCNRFLFYUBMSCIGJOWTEOAPEXTZYSKSQYA
VAAAGAABFHIRUZAYCQLOYDNOQCNIBLEXJBUKWHFCCKDGMZMGPKTYEKSKPYFCBOTCBZNCMIPKHFIDDIZXDVEDCZZM
RAECBBBBAUBSZCLHCVGQMIIWITWZQGLTRNIYEFNJKUWCYMIIGTCNCJDYESXBDJXHNZUEFGBMDDZZVNADRVXBACYD
XAACAAAFGITAGTMLBWRSPBSCGEFBFQVHDYEJAMQDCDULNMNAQMXGFJXIZKRJRHAPBFHXZMSOAVYREVLXPGQVMDNK
VAAABAIMIAWGRJEXXQGBLTLHBESCCHFVAOJGKPWAAJGGIYQLQTZCQORQSQBPCMJKZDKAMDGBJXUKCIGFWTHETRWT
OAAAJBORDAEEDYBGSTCQERATULTGPMBGGHWADMOIXFVRMPUBMYGVWQGRLRHKLJKSTONGAQZIGNAZQOSYDAZVCCKS
SCAAACEEEEVWYFSSJUOOCIJGHNGNDXMCYLFFZZITZWCNWZHHMSHYSVSFXAGPYFIRHNVZIOHNFQHTRCITMQICRCZI
GBCHDEFQRYZCBXZCPRHEFEQIGKXRLIMTJGQJRBJDFJWEYFZRVXBAPYWKZJCLDSCHZECLXWDOPILZCHNDYBOQLNRY
NBBFACCCCMOIKRCNQKIGEQVFLJIXDGADNCJOUCYLLALWWQKPGFUAQATKAFGYEDSXIDIZFOHPFUFBEYXQACFATOFD
GBBBFJLAACHNDHYQDMXAIOGEKLLGEURAJMAQMYRXVSOEEVUVMCWENPFROYQDRNPCSSXTXNLQENWCVGZXQKNYODBS
EBCCAAWAAAHRSPAXZMWBRFVMCWXAGUMKFKOSPGOTKSFEOQUCHVBBZOISOJVLGYOYOIRMRHCNMWLZOCMKGPPISJEY
PAAAALAGMFMXEYZQSTDGATQWEEIKXYPQRKHWOILKZGMDTAAVJSKSEEYVFYOSZEORTGEGHNXSIBXZKSBJTIFCTOHI
HACGAAAABBBDJLPHPDBTQAWDAECFBKLJCGLKCCKEIBJIRYETKFEMTOMUSFVUKSVMVPNWWESNGRKPRAIWPRFMAYQE
OABAAAABDGBIMFKQSJCHARXMJLSDLBPTOMYCYBYMXPBRBSXOXRZCYYACVOKWBTQPXZXKMUXSHKUOMPCHTXTBVADJ
ZAEMOJSBFQQNAYMEDHPPQNNXKHYUNLORUJYFIODKFXDBUPXYMEVPMCWNIKVKIJBNVWJOUUGEUPULYUXVAPQTZFBX
YCDAAZBHLRQOGFMCVLTLAOETZAEJBSDWEOXRIOKCVDFBJAZPNIMWNDUWSLJFFSCWAMTASSOXTBEIAQZFVHMACSWX
DACABBCDMVUOSONPHEGRUOFLKLMBNKAVBGZXETWQETHSAZRQLNMPFKQJBKHNLMSNYPKQAFEOTMRGTXWQLEKVQPIY
EBCAAAAAAAADIPCEOOOSKWRIDAGMQGLVTBTXLJQNKPBFJPWKGFMCCINZYDNJWHEQFGWZLKLVGPTKFQLVKORNBXEC
CACACGBBEGPYYNFMOTXHQUTORWVNLQANRVOJVCANAOWUZKPAOEEAYFCBHUYWXPJLRQIKMIDYCAPLIDXAADHLRJZJ
DACCEIUKCAFOWBTJFENZNAIOZSBDMRHARNQFNYOLYVCXRFDFFLYADNUEIDDKWQDGJSMDOCOTYXLBJXPAWJMITREZ
OAAGGYJKOTPLHOVTGITTGSBAYEGSNPSBBJZGSJUUGQULZSERGDDFNQBCJNWNGPIWNYEIBWQMWHEIMOBIDMDNFXYI
FBBOCDEAWMFDAPCWJQJAUBSIFUSUKAOTOKCNXFQYTBGPMVZZOIOZDQTFDROOTMFCZQUKIQRITOWTGWECAFFITEAJ
UAAADDJSABDJABQZNMYNKCDWQYRENFOMZYGIZVBPUYNFRSWRHEGCMPLPBLOBNVPGZVHTHSTSQHUQCJAJUXNLAEYO
DAEGJMFYURUXKZLTKKRYDRPTTTNNLBIXKEFOUMBJPFKANCZVVPTDVMBYDUUEJOTFZMXLYNJTOQOJYQHRZFUVOUKB
YAABCACDIJOMLQCZWXUUKWQGJXSIXASKIITWFCPLNLSRBPZGYOOYJGDVMSBYULMHEHNCRCTSTVUTOHMPDSFAYPVC
VAHGOJQXACBKFKGZIZUSMGWXMEOVCHVIDCAQWSKTUNCPEJSNMSUKCLYGHIYXGGUZCRDTYCCHCEVJXCFKXUXMQLCH
HACANDFHVGSJORHBAAVDCSMPNOXKENSYPKQHIHZZBLSYBHINSCCGUPXURIUOPADHKUDAJQTPDCPHEPTTRMJZUFZD
GBCAAERGWSZRVKSYNKURSLMCHACCRLMECEHSCFMOKMCQDGEQTJOCRPKTYVOUWKGUXLMUHZUVVMREVXOLDYQJCQYE
EAAAACDGRDJIWKPGVIYWHMQNQHTSLRSYGLRXPRRTGOIEHMDJWCSZIMDAZHTRYHBWQRXPMCZDZGENICLKEOWNYMNL
MACDAAADDAHSCMTVYPZEJUNOVFVVTADGOTFRPVITSMONAONFMCKFDYTWQBGKYFFPYTWKEOIZXBEQNGMBXWJMQDJV
EBCAAEACCGGHFURVUXUABYTZNNTKOENANCAEPXBSVEJQSVZIICRRYDSJQXXUHSTWQOZOGGHODHKTQHRTGPEATBUD
VAHGORAAAAJCPXOSCASNXPZXTCDXCXTKFNEZFBXWYWRSGNWQYGMYZBTZOLBEGKEDAAAKUFUDALOPJCHUKRZJCXBT
OACAAAAACCCKKGUQAMUNNBOSOHMIEXTUHYNOVHPAGHYQIYWMOVKTSPBOGIDYCWKRJSBUZQYQSXARNRJSFRGYOERZ
AADAAFVAAADFYVQBRPESMDQYDXFZEWMDYQOYLNYTXKJAOMCKOSVLWIWPZJBDXZCSCFOLQCLVMMIDAOJDBMSYWWKY
SCADEHACHNIBDOGJKWLMDYUEYINDELZRZUILIARBYIRSJQKGHYJSVGWUBZUOUTCLKPIKUAPHWAGWSFZDNXBJVUKT
IABDCBBBOCNRULKUFXHKHUTTNSVZPQIXGTGHPBXWUMKJOPMGOZHYXZKERWXPMLSXOXDLBJCXNDQVCCEENQPZACDB
PAADGTKTGBLMYIFKLGQJPUFXFOWWUOTBVFSLGZLDFFEBTZVNQMVHFEFITABREBNHAYCFJPGRDQPSQKZEHVFMTHVF
JAAAAABHLGEJWJHVYHYNNWSFEHBLZKFQHQWWWVQCTPNTHOEDACEXGCQFBJNYVRLUGZKQBCRNMJEYAPHSBLDUXZLO
OAABCBCONMOEDPLNDBNYQZXMVNQJGCQYZWAUWKKGMVTTAPBOWKCWUHDPDBCLDGDFGOJARDECHBGJGSZCWQAIHWFK
CAAGOEDCDCETSIEDLMKESZEJHADLPEOYZZDEKPKBGHWBIFXMNTWMTZGTAGWOVTOYUOJGEYLMTOVFOOCWHNQEUURJ
LABCCEHIIIBJHDBQGITJWMBFFCKSCEWVAHOFCIBNDIVDNABWPUFTZLJONIZKMPDAXQOTEXRPJHPRESZFVJKYOFWO
BBBHBMBBBEEEGHLLOREJYCSYCSOQVIYLHXTDWCKSEGWAUAESFPGFYZBMVWGPWXZKEAQZIPPYSPMQNEWBIZNXSFFJ
CAAGQBBCZCAEQOMEVEOYKLAGGQSRRXXAGZLNEDNNKCBLHHBGGDTFVXZUGPTCTGIRFUVWOFXBPQFBQLRNAJEGSCDS
OABABBJSSYFSTUXFTZKBEKBBQMWUCHOIQEKIEHZXXMGVSENIAZMKICSNEAFUFHKDVABONGPBVGTVNCEGKSXGHEQD
GBDDUNYFLHZFFQBOZHHCLMJBLKGICXFRZSAKFCPETSVCXUPFEIZBDOXPJKKGCNKNYRAJRKMQAHYSHBKYKTEAEBLY
WAAFRBAXXLPCEEOSWXMSOZFKDXODCCJOBRJFXGTXFHIDCUORRKUNAXSSDRETVEZDAKYIAOGVHBGCBKDMKEKTPUBY
DABCFAOPYZBEHUZAZELQZLFMNEPLNLOSGDWLCOGXEQKEZURGGWFMGXGRCEBWLDZBNMNUBNIAYDQBAOYWFUJTBQDI
DABCIJLNAGKNOHPRKPUAQEEIVZTKBHRVNIRLOGQREBZIJXUTRLGPAVYVLERMLYSMXBNMPYQUKOUWEDKVZBYFXBTE
FBBHHOKAJERYUGDXEBUEYYHHWNMCMNATCROSNIDHQLZDLYTOXWJKNFUBJEWAPKTFXJEIENMKZIJTDMXRRLISWHUZ
XAACDEPDHBMWVLPDJURKENUJHVQRMLOGYMTHQOISGMEELLLAOIVCPFMAGPXURLMPBPWXJMFYQVMPVZBZKFYATPHK
NAAEAAHIPMFZVMNYAGBMVQCHUVCCJRQZAKIUVMKPAWUIGNWQVGDWSAXVWXEUQGOLQCMFRYFJNRELOJFUHMBINLSV
SCADEEEEFNPAARDRUVZXBWILOAAYEXBJGIIJNOIISLQDNMYMBBRHLDQFALIOFAOZNFHUVWUFBVAKLQCWUOBWELZJ
DABDAEMSSNEDKISLNHWWEURVQJNSXYUTNAMXWTVAXMLJIFXYZUUFQUXZISPJTEAWEVMHQHJLUQLNBGAFOTNIOWWV
LAARFMRDAFEEBSMJPVAJRDXNURJXTHVYNQYSNMZLBSFQQBRJDMKMPPRSSAGHRCALSERJXAYTTTSVXBTQDLFJAYQH
CABGDAADEGCAJPNDUHPEGJIFOKJFPRMPMLFPYINMBBBTLYJNYBQWVYHQFCYTIWIYSIAWLPBZJPFDKFGQVSGZFRQR
AABEAAEGMABLNAIWMLIBRDMLZTJGWMICUTCKKIALHRBUWSDZCZKEBKFNLFMWTDYHNTIRNQRZLMUOWBQZCXQKOWPT
YAAAMEDXNNKSIILESGIPAQCROQGREDYOHLLWZJXRKARFIEJGYUCHIVZTBAKTAFCYVQGOQUCAZLPILVOBWTOIZRBB
VAAAAABEHGCARYIWFVEPZCZNYSGCIYXFLSAKBUWTLPGRAQSNGBZUJEZURZLNUBLEXSHPBQAYIBDWAVWBOPCPPRFI
KADABBCRNJMRHWPMQQMILLVVHLHBFAKIZBASTAZCVECRVIUDXQCCTILWSFPSZJHBJJXHDCTXZCHIMFHMXEVULYZC
CABEBBJCCKWOAGOJVABMAPKZVHKBXATTVRBMTFDGRKKWUUDSTNDKISMCKSUGUGZGXWEGBCQPGQRBWGZKTVRGFDHS
HABBBBKBBBEENFQCEVXKDFATAORKGHKKWDSPFBHCSHCTPTBCCXZCBKXGLWIUHFKHBZNBDVMDJBLNCYMGXBXWLJNA
QAAACHYSBCCCFPOXWLNEHDCZPCIBYQKGQIXJISTLWWAIILXWOCFTFPICLEHIPMVSWWFIZXOLYLECPZMGGYKOXLAD
OABAABDBEFINDTJFBDFOPKQGVILIIKQKHCQRXQASUQZKOHCCBHPYOQZEZWIGKBDKCZERUMXNOBGFXRYDLQQNCAXY
XBDBDAADEFAVJIEKKTUEXWTNHHMLOBNCPOSVOUQYFIYGTRZOSLRJSXEGTKEENPOYITUZOLDULORVDRIJHHCNVANF
GBBBGAABGYWQHZZOKFZUHSEBDICIVXYLVUTVQDIKACWDWMMCHFOAKVGXFAFYBJCELDTTIEJHDJQPNZTYTJSOHUAG
YCEEFFJMWBGCHBUIAUOZJXSZKVWROYIMHNOMNYVXMKXCGEIPDHILQJJQGXJYQXLCRYOIQXNQXKJFRBOTGXVJIODB
BBECAAIZDNMTKGAVPLCITVSHRJPRBZSYYGEDERMVJGACDSTJYHZHQTPBSLHJFKPQJNUNDJZAJFEZDXMXHYBNEEUV
AACBBBFFJIWWDMQNQBZJBDNOYTGPWMLJHIHAOCGCIXCGNPQNEEZQHKTFXPOFGLGCGKJKKWCUITBBJXIKXWSWOXNP
OAABDBBBBBBEFIHSRSBOQPXUOIMMQVBGRJXPPXNGCTMIHMUELYTRBHYDFOTLDUYLVJBFALMIZUEKOUWQPLAGVQHM
XAABCAAAAFHGTESUIXAHAPYRNZDFXFFOMKQNMEGMTXAKPOWGNZONIGOLXILNOYVQDFODAPFFAQZSTTQPVOSWPXVX
KABBDBEEDNECACLHOTRGPOVEWOLZBIXARTRMXXZLYMGBEGENRPCPYBHZPUYVGCAYMWNAHEADGBPEGZFOUFFEVOSR
CADABBLDDDKYCEOOOHYZCSOECKTLVOVEOYOUCQYBLMIDFFRWVZKMRNNJODHWPHZAFYKGSZROPLRMLLQSTNMWJQYS
NAABEAAAJDNBOBXBAWDVOKZYXKROQHJOHCLKDJAIWMWVKKRAOCAKDCTPNANAJAJHCLHGEIRQBEMANKOKYOBJKTVS
ZAEMPAADGHGSRTJOLSWVTUJRLTQJCTDDKKZFKWGSQXAELFEGSZDRAMECNMHJCJSPPBQWSMANWBVGQTYCXZXDLVNG
HABDDUJDLQEJPYPCVVZOCTWDBOIFTBIBKGHIFHIEBKUAEZPNAQGVEPEFSVONWVZIKHZQJOUIOLJLVOBQZECVLKED
IABDBGEDBFUKUBWOZPOILOJAYYEGITZPKEHFLGBPILQNEPLRIEDGGYHUKAUOCQKIEARYSAKIEXWZGDENPMPJDAAV
SCADEFDDFHROOTMOWEESGKTSOPOWBBPGYJDTHSHIAWUFJGCXQMVHWZDQXXCDDNLDELKDUFJZIYOOFPSMGNTTIHBW
HACGABCEGJOHAWFMRTIDPHINVZECXHBXXLOZRDPOWCWGOWNXMZYFXAPUNWEJJQYZQMNIGAVIPPHKEGKVSMNSZZLE
LBBCAADFAABIXRRTFTEOUFKUBEYLGLCYEASSXYZREKVMNPJKCYNQLDFXVKFQBRATAJJBRASLONGNPLDYYLGPNTPP
KAAAADHHJHBGEBDRBOHQJDHYDRTSSBQNGRYRMILANENKOROSULDYPPOIKCNQDTGDUFTZNQWIBWHQGGPQMQKUXUGK
QAAAGCCEEHKVNVTQYFULDPBBUULYZATVCNCPWGGIVEWDGUARCRMAHGMQDQRZKGPDCMQRLMZDACGTPDLBSUUYJICU
KAAAABCACHKKAFZTPYMKHIUCADOGSMCCPKTNDNCXMKFFFWXQAANHRNHIWWKMAXCHFCJDDRKWZHBKVGFQTXKMMDAC
HACANEEKJAEGMFWPPBJVOGKLMMMGHZIVHADHYFSJCQMEQFEQEUYMVUOAOJPWGTLMKYIJKSWVCEADGURPTQZNZMNB
OAAAADHAAAESUDDAZPYJDEODHGEAYWHCJXRGIFWQYGURUEXVXWIGDWGGTRMGOKOCKGGUULGCOALVSUPDSOOBHKKU
CAAGOEDDEFFBGOGBHAVDAWDWGYDCHFUWQOEETJHAECAQMWJQLVCVQZESJUUAPPEBVKPORFBQSGHNTGXNLVJWWVDS
AAAABANLJCUVIPJWDZERNQQIGMNVOAXJLJNQQNRGHJBJSRCCTMKXXOVDVXCCKZJTNPWMFRWFTEABNKQOMCJHPEZZ
NAABEABEEEYIIUIMDQOMLICFKTCPCMNWBKZBZTIWCNOVGDPEIFRJYUCGTOMKTOKYFNMJLXPCXGLGUORIFKXCEWCJ
CABECEAAACECHTIXQAVOBYUBYICPXBLCCCWADVWZBRFESQJRCRCKJYBSQHXZQPFHJOSUTXYVPVMGAYWKAUBZPOPX
RAEAEGCEIOKATRQCDRWLKPSNGVOGPQESMIXMBNANQSGJVBCVVGAZALCZGPDUXQGJYUUGPZSFKSAXYPCOPNFDSKTC
GBBBFJKLLDSEARPFEKMBFHFNZMUEJTJTPHYHFCKPCMCFMHHXXGOBCWHVWGGDEJRPISHAZYOBDQJWHSSMCEELYTIT
QAAAGDCDAXFLHVZKVVBUPOTTMAADHZNAYVWLNNHCYQEHPXGDJGZFZQTADOCNDDRBVQWQSZWOUUMZAJOBGEQALZCM
UAAPBFBQDAHGUSMTPGTWEBYLJLDOOVKMIPVIZRVMOWHZWZPZBLYSGUXGHKZVKLCISNDFXWMQHORAZAYODDDKFZZC
RACAACAIGCFPZGLPZXHVJFYLJESRSRBVQKNNNKJJZJWWCKWQJJGYFQQUHGCLOXYHMQCHAEWZGLLQVMOGCQJYKTYW
SCADEFBBACQJOVCWUGLTIUHYRWKATHGHLGCCQNLYAISHRHLSLSHAZZCDEBAMJCURVHPKGZDWOHRWIOCAZVAIKYEF
WAAFOFCKLCSHVQYWUKFYUFHCQIITZUAINHLCCZWSCQJNUYVKBXPQJMUVCMWZYHIYGEOYHCKQAEDSLQDDUUDDMCKM
BADAEIADKDRMVGHOBQIYFBVULLFNNHSIRNVRESFACQMEUIDZDCBOUFDPKXVDIFMTROBFCLPYYNXXTRKFMCDIFRAS
DAAACCCDDHCMXSAXQNXUWNJQRLMVHXLZEZXWQASVTXQNTZCZDDLYIZRZPTSZRDNTHIOSAHVJRYJWCUQJBPZOUWYX
SEAAMCCIIHTDWTLIRTGVKDIJDSRGJGISXEBXWJSSYMWBXEDFNTHBYDMJLJGDRONXUMUOSPLWUCCOTQBNOZLLFRCP
UAAADDKNMYROVNNJUOVGJHOBPTRZUXIYXRKTYXSFSFSZVRYGOHMBTGTOMOLNHELZWCZPKPMCJZNHJPJTKNLLYYMS
CABBBDEYAAFGDVOJBNSFOFWAKSVTQXHZMYUGRCHOUPIDYEEDUTTRMBGOMJZGTAYOMCEJKCLTRPHMAZGDOHAPYEUK
DABCIJLMBLNWCHUMVORYVTXXGMYDHPWHEWSIRDSAJVLBCXPQXPNMJHIUHQXCPYOTCAOLLEHXQASXEHJRYWDQXCOH
TABDINQQTPNTHNXXQBUWXLVSJOPNMYHCMBIZVEMMCIZUNPTWPDJQZUGNDCGXXQWRNMVMOTUGBDVVNETZKIUSGCSU
VAAAAAABCJDZKJFCWMLUKVSFEDIZLHIYWASTCFDWBLHMDNYPCQVJKBEAOFUIPLISTRWPNUKEKURCZGVWLOWQOYOU
BBECAADDDAATAEFOSCQZCGTRDTSMTNNPZKAUYCZWONFLQVWIGNWYPPEPHWVSDMZNENTFDUSBMFRUMBYZTTTYXVBZ
YCDAAZFBFOOCZVDAHFDFETLXQVDMHNNBSCJPGBOGGYKDCAQNHPCFEKJUJHPAPKPROLZKIVKMSHXCHFVFVRSCLRQK
HABDAFKAWIARZHXGDWIWCKTXIQKDFJLXEBZTTOERVEUULQHNPEWRMEBCZJRTYJNFWVHSFJGNKNDZKSUSFKNUBERK
AABBBBBBBCZRUMFHKVLVQRGPVVUSNORJNXMCUXDMVJUKGOLEGEIFWRQMZMOZOWKDVNXYSJLAYQSRSUOEOAUWVQZF
OAABCAAAAAIIIBHECQRWBGPONTTMCIHRXGPJOICXINMJZJZAKRQGQQHXKMDTGUTPEKRKTIMAXLJXQZLYKWKEBGEC
UAAAHIIIHMSPDTEQOUDVVKDKLDHAFABQZSTGPPSZBGSEHMCGNTOBIHIFCEFANZCITKHZOBQJPXCMKIVTVJXLASHF
LBBBBFMSSXJJXKGNCWSFDWSKFODVDRYZSDKTVDWOCZNBJDPCMVNUPJPLHWIYFNAAUBHVEEJIKKKTSSHXDYKALNSZ
EBCCABBDIBCFFFRRUNHPWTLSWGMZJRLZJDUWHWLPRNLLFDJGQCCSWEEIFNHWJBBBOMWBZPUWUEWYUHGOBMXFAASU
FBBHJNAJDGAPOAYBUMSHAGFVISOGCVYVWVNIZANDZDNYBCMKOLPZBNMIHJSOGKRFQMANBWQYGNKIQJDFCBTFZSKI
KACEJUCEHCLPEDEYLJYMXUDFOVXVSFBUXNDCRLBGCULNQMBGGNMQLKTEEZIJHEWHGISJTEBHCDIIVXKGFNMSLNBJ
AADAAFUWREFTRHKIDZCHUPOSMEMWQKCMKIOKIZKRVDQEUQPNVRRBPHUXAZGTZEJLTCKQDOSXTMRYJIPYJBLXVVWG
HACAKMBCEXGJBBCFUYCFMTSLZFOTPZKZRRZLFSGGKNVGUBLVPNMAUPAKMRFNDQPIQOBCCVMNDVKMMSDBFZJMICCN
RAEAIBHDEDAUOJMXARCOOZSGLQJILMOJDRMQIGPXQYEOODNYWVJWFBFVSOTSGCFXKUVZFUAWCUZJEMEBGABPZZZN
AAAABANLIKOPUQOITKWEENJYCQCXBYTBGGMBRBBWOOMZXOVBODMXXHOWOSTYJJPGGFLWNFKKZNKERXFYTWMATVNT
UAABBBKCSABEFUSTVISEXGOXZWDYCNXLHVZIDQCZCEDVOMCNBSSSAIXJSTGLUSFRFZVTDRWRVMEMICCMXQUWALWZ
NBBFBFGMFOEOHGNQJNFNZWMIVHOKCMMKPBOXEWRVIBCBDGKQZKBGAIHMZQETUTEFZBNKTQNTTRBZYIFYXPMHITRG
BAAAAEHIGFKOUULTVBMLUSRENKKSANTXYVSKIGPFTGTZEMOSIFWZXKJNPSRQBHUPGDOERQCKGEWKJVYXEQKBZNQA
DACCEJAGAIMODWDEQMCDABCALYPZGQVTOMEDGFIQKRQZDAWSCEGMMBBFDYBTLBIHDWTDGVDGKVRGFKIHTMJKLUDS
CAAEFJKYJKOTGKPGOUBXCFTNEJUWCIBUXBRRJXCTPTEXZNCIXETBPVXQPQNOALVNOGXLRLUYZKGIYQBWUTQNBRHF
KAAABDFKLYBTQBECYXSCDPMLPLTZOBGYKMSXSOFWJYJLBVDJLTYQWEDHUXVAXJASJXFUQXSXBZAPCHMFHBOPNSXM
YAABBBEJDDEFIYVGXMWBHXRQELYRPCGKUMZVJKTMFHQHVBRDZMUWIAMDNOPDYYKGQDVOIDKOHOSKJLFAJGLVOLPO
AABDRVJWBSVFFRUZSIUXMNBGYVHVNFZXIAAQMJMWTMPJGMSJQWSKFYYKJMRHKOAHVAAGJFXPZQWMEXXAFQWNIORX
PAAACACCABBXBDAUDIQLYWCPFPBIPKSVFFMZTBWTRHYQOVTRKSXMOURANCCHLNMQLDJECWFSFIRICEDUYBZMSGED
BBBBHTDQKCRWKHYMUBHTIKRMHVCSXJDJBMDAMHFKNQWNTRVDLMHRTDWIQRCNWHXTAVEJMDYVDANWSPZQHULEBXWL
VAHGOJQWZPWPDCKSSQZATEVSKRZLWWIRFZBIWYZZKWYVHNTUOVDHJTWKFENZJCKQBSCEOUZUTGGRIDGMBOKESCTC
QAHCEBBAHGKFZLGREHCWMNWLTGOMWRMGKDKXZWLAUBMMHTXJAGMORRJXHAYLDGAFGQHVYCNAGZMDZTDBVOKVDAUJ
CABBBZPAHQTEQUIHBRITLZUKWYLPPXOIUMQRWDBRFYMNQQLOHNTCHCJSPKIHTRRPFBBNDMUYDENCJQEVHVAAGSPY
GBDECAGVYVMPEDESYFOUNCRJRAMFSGCUNFODXXUBKQMUTUKDSXDPNLIOGYMWNFUKJAGEBNJTOACGZPYNQSOEGPGV
WAAACDJHPDWOAFINQBQKHNJWTKIZXPNDUWRYFOKRAAGUNSUIFPSEPAOKCANTNVYOBQLHEDZAGAPFEBEAYQFQSDGA
HACFAGUNAQEAAABBPBCPQXZKCEENJPMCQKVKUPZZVITLJPIXQOXYIMNBYVTFLNOMGXLSVAQWUDJBKOYIOLKOBGVW
RAEBBFPWABASXMHVOYEXQGEBUPMTVVDSUOOKHLWAFFBVGHYUNNBJWOLIXASARPVEDWJHMWXRIPOOULZCCZHAGNYG
FAAACKVBUQYLOGHDXIMLGIVYECJYQCIGKAPYAUFHNGLQGHMJXPXPQFCFJBWIYGLYKUJEEUXTVKIMVTZQPFVQHKIZ
WAABNKGGHISDAWLGTJIAPQPZKSGUABDKMAKISLWSXNZRCBMOGWTOMNHIQUKBCNXIJCXWVIAHPRYJRVRYWSUQLKLF
SCAAADAAAKKCQNBBKKGCKKRLJACHXXEZIPITVFUXSIOGNXBETGRGXUQODORLPDQIOMIKSEJXJZBHKEOXXJMVCVGB
JAAAAAKNPMGKVHYKJOILHMETYWCXITSBAZDJDCMTLAWCGDDDVRQETMTHZVRREVPOEPMTRPGAOSMJPXSCYHOCQJIP
KABBCGSSBGUDBMRBOXAWCEJJIWMGWMNJRCSGQQPARJBBNWFRLGPZPHTXMSMPIGYCJSVQRRCMLBGKLPHJLDNVTIUO
XAACEAABAIXLSJXROIRAVXFCROIMISHKFFHSSVCGGUPDYJORKETWTQCBRSYKLSDUMORBPNKBSWPNURRPIYJNWSRQ
OABABBUFKPNRXAPTAHVFFHZJFUCHQYQKRGPUHDNXIUFNOCEUWSWNHBDBKUJMLMOABODFZLTDFERZHOTCVOHZLTGW
MABENJJPDWZWFMIGIDLJPTTRQVEVOHRVZQTPEIUBKVJKEGGZFYKLIXQZHBAUCZRWVBKEUERCACIBCLDFVHJSQXNQ
LAAABCIQMRWJWIOIMONAKJXHHRQKXSGAKDCQDQHVGQNEQIMBKDOAPSQKOPQTFMXPVUBDHUCBWAISWAMDKQPSGZKS
ZADAALMWHOFNQIHWYFUSPMHZYOLXVAFPVRIMMEIQVXCQSZGCPYKERVOBWAAFLBRLKUFAGJORKGAQVKPRHNGPTVJT
DACCEJACAACCCAPOGVDVLRYPRDWXFZEBQMBITLWTFZYDLHXSYXNXXSETKVDIAVWAFNIKDYJPAYBLBHUJFTEVBNHR
IACACHJNATKEVQBKFNJUJQZIGACKQQLFDONSTMKCFTVVMEKDTMORHQBKMTXVSPNWJXLARNNQHGBSJQOSRLMOVCTL
CABBDAABFGFNZJFYJYQCSXCOYIRFXUGZNUYNFTTIROJJPWRQMQQARWJPEJRTRVUWFHPXIVPHAVKLKLLJYDUAUOEJ
TABCBPWQTMHNVXRVVMDHGCHMGXCHXUNMDZDSCGMFCTZNLOZWOZYLFONWZUCBQXUAASEBSUNAZAAMVTGUMXYJNDYZ
JAEEABHMMCZQIFFCTSGOQGNVEZIRTPZOAMRWYCYHQAWYYVNVKMAVOYAEJKGZMAQBOZZTIFKYLJVGBQDDDXBUUZAJ
KACEDIMVXAABEEFFGKPFTTZOMTFOCMWTVNOVXNEWPNFAWODPGYZNOOAAYZSYCXUSHGNXXOKYPYHDIDPEPZQAAFOR
PAAAIEMEWLRUNFSXFGVYZCQHMTHABHQQLFZGCNZRIGWYKTKTKSOIISZXBRFXGUHHAKVEFPMOOQTOBUIPYWRFVYOM
HACFAGUNAQDCPKRSIUBJYNQGSRKFLOHXVCVXVOSPADANHIHKEKSZNEIEUJQBHKCELQDQLGVZEGXJBGHRKZEILHJW
CABEBBGFKCZVNRZQFZNMPVKNTGWOUJUJOHJFUMKZZOVZDUIPYGTPYXXJNVUVPSGPESOHYJKQHRHPNPXCJOBLYFQZ
UABELACBAWPCKXRQSLNTGNTUDWBFLFDPTCVLQURJOPPPQNHZFREKOBNBRBAGDBBQFWABKSFTXJVXJKOVJKSYZKNE
IAAAAAAAABDEJMVLZHJMDWYDGNTWZZCEUHDXXODKWSTKMOYTFIJQTDZRDOPSSYUVMVRWIVWNRIASWZWDOVXOGOKG
HACAKMBASBOKBBKMURYWVSBZOCIHTMDFZKUCZWAQVAPQDYAOAELUQEFNXGQGXOBZFYHXWGRISBZNMXILXDOFTGCT
WAABIBFFBSEPSOKCNZZHUZXPHAEKNRYASBCKJKRCOXDYIWDJDLXRSLVVLZZSECJRTAGYFCMIHWJYBBBDHJHPTAPX
QAHCCQBEZGNFIDDKQTZRWWUQXZMCPKNSRKRYGSZPOKJRNDISFLGOPVDXJZXSUZCZOPBDPDZGDMVDTZPQGZIHZFAL
CADACCCCCAAJACIYZIYRREINMKXMLIOFMNHNOYOPINYJTFIMSGDZCRWJLMENELNRMBZUXFHJAMYTRYEMYBCYOEHM
GBDECADGMTTBBENQLLMRKOCPXTOALMBFZLAKGSOAABIEISOSBIOPGRNITCOEXRVWIYHSKYSGCOPUMZMEPYTTZVMH
SAABBPATSYZHUWTSXKQTMQNSZHVRZOFVPIKOTKIMCQKJUDDIBYOPLSXHYZSLPSUNDMUIRYJXFDPQQHTQSGFHORQZ
GBBBBCCRSNVWXJIAQOSHXVLVCMARDRAHHRLCSWIIHXEULMZVUZADNFQGPNBFESPYCBYNTCWBMFJXLPPGIBKSITXG
JABCCCHMFBNNBUWHSOCNXALCUKAXKKGIHCGMQWSLNRZELQGPKWVBVAGTOJKFYXTYWTEFOIDKFPMHEDXILEBDMENJ
DACCACALDHYILQDRYARYJLAEISGPQBRURDJNSXOJVWDQFXMEFSIFPQOAKYTRMQWQMLFZHVIXLXJRYQYMRDDFSACZ
TABCXNQDQDRXLXTWFJONWQRPWNETBLZGEQIDBZVULZGYZHEZUDJGUNDTMDCURIHPVPYYROAIASNHVVVPJUKXYMEC
BBBBBDADDECHISRLHNHWVWNBNSFKHAYYPIJYOBLHBZODZFRUYNXOQQSOBLGJOVBKBSTCNCDIRZWIHKBNLUWBDZRM
XAABCAENPQJXXBQKGLLOHQUQOQWWUUBGXYYGTEHUDCGGEAVLQWIZMNVEIFAXUEKKBKOVTGQIMQCDAIRXWOUBECIV
UAAHAFAAACORPCHUNEGHMAJQUXTYCGGLLEHHBBNHWITSPBVDLGTVHDCQBLKYGYFDADQYFRTPWVLSULGQVDXOYTWJ
MBGABBCEOQWHEOYISUHSORPJUVUXTEMBERZPPFFNEGOFFJKALFLNOYROCRRSRMOLXIOGAQBVNSCFDHMVXGYQJRYU
KAECMEGHHIOOOKMAEACNWLKYQMMXMKQFCDWHWKAWHVMURVMUEBLHVCBENPRBUCGHKYULTLOPBHLFVTVUKITQJGPC
CABBCAAACDNACEORKXTLPAXBYNWQZNIAOKYLBTSJHFUZVPYDBEUQJHVOJSGZLCQYOSSUQYJMVBPRDCBLIXYQQHDH
EAAAACDGSBCCFFITXVPVUKNAPDLVQQTKPXTXEHDQTUMRXULYURYVSYZABPRSYWZBCGRONWTYSJCFUKFEIMJIJSPT
QAHCDABRTJLGNSMEBZOHFYTCWKXYSIVMMCANZXLEQSDELDOVLGBEQNEBZSCZBUSRZTDAYHRAZLKNANQNMKKKDPJK
CACACHAACEVJNRQDYTIEFYHCBFWNRSZPQTXILTXYMBMQPKMDDGFHQKZNYYBQRVWTCXTNOXZUPPQOVJGCKDEZHGLZ
WAAACJMPDWRXDOAMJZELUTRVJKPLPQASZREKBNYJLDEDJCKLIQYICFYXINKONKCODAVWOHMMUNFOEKYJQBLPZVQA
GAAAABDTVZABJSXEGZJKLKYEPSEAKRVCHCBRCFOCJVERZDQNXNOBMBDKEZEJOFDQYVGTZUAYXHZVJZIIQCGEPLQL
SCADEFDGGIJDJDYHBKAGEHDZTMRTQYXDGWGQAHXWPMKEMGWLAXFFRZFHLKGLEFYAJSINTZEVQFQGTNETUGYQUASP
CABEAABGUXVVQQWMMARRLUHRQCNOKFYKMJZMIHVUJZGRTFZQVWXHOIMFXGTVDZFMVFCDLLYLZPTEEKPTMUWNDOZQ
UAAICFSCNWZHMDTXNIZQKRMQUJWIQWJAMCYSXERYRCFNGKEIANVKPNZJGQZMWELPMJCQOTYOJROSNIVNLRXRAWEK
UAAADDKBBDEBPJYDSVXIWNOAOODOMKFQIPRDEQPUTREJFHTOZVNMZNDHQGBKNNDILFIEINAPYGGYSNPBEZDZPYWC
YCDAAZDAECGNDPNTHRSXUQLDFNYIOYRGYUGXHIZQTMCRDYAKASMMRSNUGJYDSTADQSMPTLLTQOWZGUVKVFKMNIHV
NAACAEFRCQFQWZJWLRGGSEFIWOOSDUDFRTVMTPLSNHXOCVSPOLNIQMODQFAWHRCMLQNQAAFGWSGYEMMUFSSLROZC
KAECJABAIPBJLLQVPRTAGIKFNVYSGOZUSESVAEGNCPRNOMBYIVSIVPUNVHIMTJOUIFGQDELBJLCJOUIANIYKSSNM
OAAZZQDDNNNPMUULEFCGAAOBZQXIHXKULKGIKPBATKRVEYYNGGEZGGOLHRJMNGLOJTMUOVYULBXPYZAAZUOXFTOO
MACBBTKVYCQRCMMDBFEQABNKZLBAJRSUDMVGTMGBGGLVIGFZCYUTQSMJRHRXPVCKGCFMNARJFKYUAECKQWDULSTU
YAADAAAMMCOOAQYMSKNDQCPQDKTGFJWXXCCCRVBPEOXIIJOMOUQNOFQDYGBSQAPGFVIOBKPLPYMFYEJKSCQOVAGT
BAAAAAAABLMEWRKAMVUXRZQRNMOXYRTLRBPDHWVGKKAKZRVWQIWMCSQMVZTEWZYFAFWUJVOITAUBMHTMVETJWRHL
TAADBIDLGTRTWXXBKEMVXETQKSWXDWJJUZYBQTCOTIOZCRNNQDVCFVJDENQMBOHQSNUCSKKALXGGHDDKMBAXKFUE
CABBBDEYAAFGDWIPLFMANNHSHNFJYYRPYBCOIKUXACHFJVYNSPFZBZNHWMTEJURUZTHORHTVMVHQQXQYEAEKPGHS
DACCEIUHIUZVVHIWMLPCGYNEXZLSIMFBQGWDZQOXTVUYKZQOQSZNONHYOOCWWPIJPTWDFKVLDQMRJKEWWSGGANKG
EAAAAAAAAAGPKMTUYOGYLUIGKFYHCEWHHHCBWWAGUCSVUQRLEFRPAFJYNINQPXCRTFLQQYWHRRPROAOBUGDYDFZY
AACABBBSIKNKQZOLOKTMRPPLSTXCQIALNPPILBTPPKUXQOLHWVZHJYCBZGEFOUKREQSFHSMVONEDZVVRLQLRZCWU
TABCBQBEFFEGZWFSJSPKOFCHDZMYFIOJBBEWRWLBCWINPPEZBYEXJUFLVZKJPNMTJWGBZDNQJRCVOSLOWVJBGQLW
FBBHHOKBBCDEGEFVSTKLSVTDFEBNQUOZDCPSOWXWDBZZYHHTLNQPJZSIFVLCUEEINFAHSGHZPJAKYTPOHJLAECXM
LABCDHEGAQURGFRCTFAGGHMTDOKZAYIHGZXFFSTYYGDYIIPIJMEZIOIBGQJBXFQCCCOMDVLOUDOBUKXAALFUSKJD
UAAGNAAALDUPZDXMVXRPDOXHDNMWGWEOZMKKGAVVRWFLFIJPSBWWNOSRKCWAWPUJTSWXAHSTPAENIAMVFQVWBFBD
UAAPBFBRABBCBBPQKWAZGXQIIOOZUVVXQITVTFYOMFWYRFDYWZAWZTGHCAJCFMOIISNCRTLPLQBKINFZUJHQEJIQ
WAAFOEABBBZWMNXGLQQUWUIZHUFQPULXFZGASTZXEYHMOFWAUSGBHYYNWGTJLCZOOGDFHVMGVTQZUQIYNIZHICCA
WAAFODPSNLMZKMNKAFOTEXDGQSKVLHLFIMLWKJSNBEUBVRGZPTTQPQCBPERXFITHLHQSDKFTSVAKEIWKTZQOXHHN
SCAEKLIOVNOLTQHXBNMSNTMOAQIFFFKTHOJCYZPFNESZAESYWQOLZBTJOJSZUVBGZDUEHBMOLEUHNFRTNNKGCAKR
YAAAMAFFMDMQAFSVRKDJEHXQUWHWQYDPMYVYJPLNIHEBWYFTXXNOJWOPXVESVQGXZUPTQJBYLVNAEHUCORWWDIZC
XAABBCHJZVYUMRHTJFJGGBRTHYCONVLNXQEDKPBZUYWSRGVMYSRXIWAVLVMJMRMLYQMDGRGAKKWOSFXISZBDLGMQ
OADDDAYATAMVZXJSOVLUFLPWFPRYBYDVXDKZUARFCSLOMKXOAMOVQMBWMEOGVMRAQTVAPWKACRKMVNMPJLVLTCFK
AAEAAGGGJHFEOFLDIAUIYESOFBCOXTAYPHFCFGNRWXUOWJCSYVGSAQXHOZWZUKSNPEISHAJPHQHYEPILDOOAXFJC
GBCFHJHEAAACBJYGCECMCNZCTHMVPOLFDCPUFEUPVPXRHAUBIHQETVFRYMOGMLVGSJPYHLISBNMMMROYMREQIEUW
VAAABAIXBNRKQZQTXNKBAQJIPVICCJVNJXVLSLAELGOLMJAWSEVRIQGVZEOGQKAWBHUSLGKRCUXIBWTZMSHAUJCJ
YAAAMEDHAJNEIBJIBOVGPBCGKJWUCTAJEIPSMOHLXXRMMXOPLOBISSAPUCPTTATKVNKBOZPFCRFYTWMQGVRPHQOZ
XBDABCFFFKJNEARIECNKLJLJSVHYVRVVJDQHYTYVDPTWVOSATBKNKYIZREOAZSVPOQWCUUIOYIXFGWJJHGKOPNJH
WAAFPABILNNEOFWVUGIAJXCKQIZYAEPJYJBBLZPTSGUPXKWVRFCDJBAFNBGFJMCAORCXYFDFVXGFLAIZIKURMMDU
JADEOGWUFCCDBBHUGJZABJQEPHVITFBJHDMXDCANEFDLJOMTOUGTVEIUHTGVAZQKRGMFOVFMTJKPWUSOBPVEDVSW
JAEBQAYCXCDQUMMBJEJHXGBSOVICOWCCRVTLZXYDAIVRWSZXMZYIFOZKKXEAQNDBVTPJZTHYKCMILRMPMBXYGCPC
DACCEKAACEJRPDBDTXSISUEFCGZPSWYAUYXZQLFDMIIGQVSYGUNNLUEFFNEDXOQYZFAVSTJAKGMDNULBXOKQVXHE
KACECDFEVMBEIFDXXFSZYGDOMPBWWKGNWPFVXPXBPRBFFSEKSTALAPMIWANMAIVMCHBBGDEDAQIFXKBBEZMKJLXF
TABCZFDENJJSRQAJOSZZGWQMDMTCKPVDPDAEERILDOKYIIBSGCDBFZNKJKBFDNASWIQSHXZHMXRHCBYMSDSBNEZY
MACAFCCDFIIIJHDRKPJUITKWKFVNLCDXDTONZMXLSLXUGIAKAYRCCUSJXVUWFPIXVIPCDINFULGPGKNFNJGMFQMR
DABCIFVNTINEZZMSHKWVDPPJNPCJSCJJRCJMHOEWDZOEWVQFPQQSNYPWFHUVOITXLGZBUFUYCXKPFUSALSJQYCAP
TAADBJCWHTYHVFKTDZOTHCPFOLDJXPIPPEHRFHYPYBTPXEXUTKIQOLYHYNUSILCIQOKJYSJILDBEFKNGVSYHXLAF
HABDCELSVHESUBLVOHJIEERCQFZBTTUBJUSTOIKYBSVBONZLVNBDXCTBZZTJTSVYAMWLNSYEYLQINZNHXRDBJATH
QAAACHYRTEMBJMAVINRUQVJIFQQXLRXZLZFUUGXTTWOVLROOWEXVSWQGCMGLSPAUNZSWENSZJXFRWIWWTEFGVAZH
FBBHJNAIBLILYXRTXPIOIBQLJNXGOZDCDIALGPARCIYNXINJWDVDBCRIIRCGTWOXOUGIRFYFYUXOIMFVGLEUDCIS
IABDCAAAACADPSWECWOXNPHPAXYIULVCEKOATUPOXHKCCVCEOVXXUCNBXIQTNAYXDZNRBZNOZAWTRTIXYBXXBKYF
RADAGKGGIAGHEPMEOOIFPBGFVRRXGDQARBUVYGILKWEAUESDMEWCEBVWUTPWZQVDEOHFTWMUQBRONKYFPYCJBULD
RAAAAAAAACCAVRHPMSXEZNCKDWLLNBEBDNAJNZBDZPDMVVBVWYURXUQTNYEPGXMWYEXUDZPNVDEWMRXWCBETZWDG
GBDEAAAHLEHITVADFUFTPBRRLMCNDZZYJTKZCVXMBZZVGZRINXFIXBIMAZQRBNOZOAFQOMBPNDXNHLGTHHETPOOC
OABAABCIZDWHDYIWPIAVLUCYTXZCTCWJHLUGUEFPKDUCVGSJWEBCXDKVNENILKOCQZNMSCOLZYBUZXPTLALIYAWB
XBCJONBYECTEQQOASFOJTZQCDBBILLBTNGYXNGOMPIWKIMPQOOPSFAKLFNWAVLKPELRCYTEUHUHXYTZORTNRQAKO
CABBBDEQNGKGNQMCEWBYYHYKIXZOJEIAHJVLXDHHNATSDSCWWCUDIZROHZCSGZBQYWQUFOROWQTIVVXVZMTWQJCY
FBBKGCXERODWVQABXROHHVRLSHAAHHOZKVMYEORCKFOWDBCBHVAARRHKPZJOFXOUXQIBBQRRUQNEHKKNNCMWSQML
AAEBBEFEYFBDQMADIVKSAFIEDHPAENOSYSVFKURSZAXNCJYRXNYGRTKVPSQAOEAVZCVTZYBXMRDDWQZZISWAXESU
TABCXNYHEZUILRJHJOHZYCQOWNYVRQODHOFYLYAORHEKWGINNFIALQWRJUFVWZGHLVXOPNUQAELWDAXGSUCBTWPV
FBBHIBDBKKXSUSPKREZLZGXCOCNVTVMNZPNZSRNGFQTCWVLFASNQCVKGOAQFXRADBIVDYWHSVXLJQMOAIGSQDMZA
EBBBKAAAAAGWBFUCZYAOCAUPGFOVAVXWFXQGWIXBESSORSUOTJXTPXVFNMEEKGVWSJRYVDZLTJZEWPQRTJPVHFMO
BBBBHLFNWQDYGUPCOLMMARVBAFZIVNDDOWDRTUPOEAPOYOOJFIUAUIBBBRJWMZIHBUFNJKSVDRZLIJZINJWMFPRS
MABEOBQOEYECMXAPBFGRCXWSRGDBZYGHYBNURVTOTJJKIFYNRVULVTCLSDYHKMTKCCHVTFFXRAQRXRDLLZSRKGRV
NBBDAGYKSCDFPAGNTOADJIJDYAILJKTNKGOXDNOLULCZEEFNWTZWOZILIQZWGYQOXELGLGVTLXCWAURFFWLFBSHE
YAABBEKIENOOQYIQFPYEUPHPNUHDNGCAQBMMXLKCOXRDFMSRYIDULUKRRKNMWJLWUKAHBJFRSAOWNSCFKDEUUONT
WAAFODTGDTTAUNFDWMTFIYUQKOIQFJODZJGOGZOQUUMVZZTICGYFMPQVYBKJMRKNVLDUQUYFUUHGEYBWBDASEEXA
TABCBRCCJYOKKWDLFXMCDTRUSTCTUJDTGDGGLQOAVAACHXWTJOTFYXNWSVDJNUIHXIGGDFZFHGVAYMXLQJPJSIMB
AACMMPNWXMKZQCUDFRHSPSEQLPLDDMWMUHFFZDJVRACKDEYZYRBKZYSNDIMPUIWDNZIMABPDXYSFFQRMWGBCHWKS
EAAAADGHEGNYFWLHWVCSYEGRDTPEEVCUGGOENKSNOUWWPNZTHVMKWKQNLNDFJARKXWSWGMXVJAMZEPTTXYMYPOYE
VAGUJDAAGWMVFYSUEHLFONRTPVIFFONAEOEPAHRVNAFFQVHCVGPUAIRIXGDNMBTADZGRAJUTGRKSIDVUZVLDLZCD
SBBBBBCBFCUDPXBDTUYJXGEMFGUWSNWZIZCRDOWLKYBTEZFSIVIOZEQJGNJCFJGRFKASBAJIPWNVMMRQPEHYUIHQ
DACAAAAFJFRTMUDIWPRCIZIIUXVZDNVVLIFUZLBSHUQSFOKGHSRBXHAGFBGZBMYUTBJLWDYAKPQCVBBYJCQWNISA
AAEBBELQWIRJGDHTOCEJOXXWQFMMXIWBFTIGUBDLYHTQTDWKNROEWFRUHIWSQBAKCRWIBOKPEVREHZPNLGBGYLGA
EBBBDDMMAHMFJDZNOWRYMSPXGNDVFGNXPUEIWTKVGTHQINBFQTYKEBIRSSXCMNAUMMARZPEEFFOIRFRNLRCIWQRZ
VAGWBBNEFJKXTZPAZUKXVXHBTWTRMVDFMOTSHUOCOVNXPRWPHILFFANFECPLFLIURZFHGBXBRMYIXVIRBAYFGTWD
LABCDDNOYDICQNOABHGIEUHKEBJULXMVVMYBZUIVPIKWQHMUPLEBCKEWSGQRJFUPGFVOWZLESKDIAOOFDDFOLBNG
SCAEKSZFQCKZBRCZESFPEVWLWNGDEVTXKUHDGTUXLLASDVNBUJUQCWBWENLYRZFTPBHQCWZDGYCEHGHGQDAZNWTW
SEAAMCCIIJBITYAJACJKTXZDWLFJYVVYZBYFOUMTQXAZQBFBHEQHXGCSATLWADVCOKZNJYHSVTNJBMKQRSBUGSPE
EAAAAABDGBJAVJCRPQQKHAQHECETFQHWAHHWMTSYVBXRIOWTDUUKYTBDAQXYKHXVZWJYEPCNFQUYSQAZFDRBYOLL
JAEBQBCDFKQQLJVUJBADPCPVTHKQIWCPDYMKKBKKXCUMUHESITCHBUXTCZWBMXAFBSBPHEIGMUROOGCLFRLXJELI
DACCEJAGTDMKNROXWXIMCNNXQPCBBNWTLAIVZUDLVPVCRKIJBLRYKRPELJPCJISCGNHEMRKVVEPLWJUAJNJHHJEM
XAABBCHKAMOTEDSAZTNUUKGWOMFJTSHBVOFDPKIHUEOHCXGYXZFLJEUBYERHINFNCVYPJWTFVRTKHYKXAZEQZWIG
OAABCAAAAAIJRFDZQRKPVOLMHNXOQCICNERUQEEGSWNSSMKGQRLZCBLJTXTWOOEVCGDYJTRNXMATLBHLIXBRPGNG
TABCBPYBOYAFHJCPEXCPKYGTITWOBMHKANDNDAQMTBAMOWBSVANHKOCMDSNFXPUGWVIMWSGACXVVCYNDTMWWSCQF
FAAAAGGRAUIUKSXGPSSFWQXGDALOCOQCDJWFWZFYOLBBGKOWSVMPINMBYKECJTWYWXSYYWIAIUYODATAHFQHZKSO
XBCKBBXCOIHLQVQENTWSTLYJRICRTWANBRPMIEZWDNPOSRNADFSTPGEYIGTKZFQRNIWKNTVIQRJFCEABUASAZVTL
FAAAAAAFMDYJMUKGEFLSDEMRRPMTDBZDVDSOWBZRDAEZQGBTBKIFDFRQYDJUGVMUNYVZACUVZNUOWVVRWNFKNAOB
NAAECDEDYSNKCJRXLIGGHZXJZVWVUPOBCCIPGGBTMLIMFSNVTKDOFQMACSRMKDZJDNSSPRCRTDTFPENNIIOOLFDJ
WAADABBCCAGBCGVBWYDUZQQUFUKVSCMEGZYYINBGJTVBRLXGUVIIAVLQTNULTMPKXENLSYBNHJRATIMBESLMXBSS
DABDAEKBBEFANQWMXFMDKANQZBARPGWPJPPDKAFVBMOTLHXHLROWVPENOIORXJSCLTVODSWZZSWABTLUCJVEGLEG
GBCHGAETRIUCHKFZKEQSVOMIZELZPAZRMEDOHBJIGNQIONYZRIZXVRGGNTLMGFCRIOZUXSYAJMOIXZGWWCBCHEHG
KAAAABCABIABBBFKIMQVUVLZGRHUIYAMBGEZRFJKQARLQMEEHMHBTTPDQXAFDSBTOUWUYCHEICIPEYPIPYDKXSDB
YAAAMAGABBGHIQCEUNSJTIGZJOCJLKSARSSDDQXNAGSQJFSKFLPQYHSERFNKFCUDVGMNNMSGJHYJSLXCDKFDJJFL
VAAAAABCEELQFUNDCSOGBPUGAGFMEEIUOMSVDACRZUBPDUMUMJUMWUQQOMERUCWWAHXCBYECSIZYKUOGYUVUREKU
ZABTCJWKMATLGWTRRJTUXWOFZQWHXDQRPYSAPLANSERFNIBFYHXXPBYEKDXMERRGKNMZYQLGQHFQWOXDTUEVZLTF
UABBAWBGKTCQJRWGQUIMKIARRCJUAFMQHYLZOWZRLTGZWSAVJMAUSIFJUMLZYIEAHRLBIWQWWBJSFNATWDTMIVPK
MBOLBBEKFBKNOIIMWDSTJBPFFLNORJDMMIYJOSRBMVHHDIYRUINNFKBBAVNLWTLJAQDKIKRALBGPLZDDRNCAEZYP
SAABBBBAIAWPAOISIJRXFMHDJJNEEHQTCWJPSCHCGKCAFNTQMMVVGPMWAAUOSWSOPEZCJNESTQKEDOCMGYQJTVIG
MBOLAABFYWTURCFHFBDNQQJVNSUGDASSWILTEJBGSXSELVMRBVGVBMTGKBDKWASURARKDJYUNVCWVHPCUXRJGYWG
YAADAAASIKXZMRGPMCSNJHTMQXWEZWLHENUSAINQFENRLSWDRWLGMWGHMWMVGDDMRAKHHPGZEKVKJZLSOAQGLFCA
NAACAEFMBKXXLKDRTZZAFDCBWFXGCIIODRXVZWNYTZBDKLMSNZGSBLTLZXFBNCJOSIEFEFGNVPWSISPFINJKHLMZ
VAAAEFUAEFCPDCRYVIOUUIPWJTAKMRSFEEFEQLCEJBLPNMCJYAKFXRYINTFYCACKKRTKZMPLADGMBHDMFEHLLYTB
PAAAIFACDGFAMPNWEHQXEERWYEVSVOSDINKGQMUBRRQSEWEGYFJCAWVDQSDBNFGKYEBIJBPNBPSGVRIVFNOXNJAR
GBDEAABCMKNKHCIFSAUIPJMRSGAUXDISNBQSKSCBTXOZDEETPEYMPBWZRJJIQDEQTSGWGRIZGEUOLDOOZQEMAMWL
XAABBCHKAAABCJLYBHEVPQKVMQFXSGUHOMPITEKFZSDLFGQIGDEYSWLGXOQCSZKISIDIHTKQHHOYPTRHPPTRZJVM
HAAAAAAQYHMWQRLORWIIAGLZXRHXYVNUXBVDKQBLJVUBJWYIHTPWTPOIBPRBHVSKYPNEONGCDPOVTUHSYJVZZUZO
MBBBBCHORZUYIINSROAEREEXDOOEKFWKZEKBFMHRNQYHONLPGOWKTEZEHELNTMRHZYIBTSWHRCVCGRSTUYECGXUN
JABCCEAGANEDJVFQCUZGSBUJINHRFSGEORPSDNDKCSHHWLPLATDKWVCGJJVMQLXJDQZFFMCINMHZRYXEUQPXBUML
BBBHBMGDTZPDDBGVJPVUSTJLKPDXRPLEQHIGECXQMSSOXUALFQDYGWNIBZMPGCXGHDYBCVDXXSSBJNOYGCDOZDXH
KACDDIJTYCSPHYQXTOLOBJXSWBSAGAEOSMAFWWZWQVTCBRSSICLUSQSQDNPMBQNREGCSNBZTXKNCYCVFJSSEQSMU
LAASAAAAAAAADDLNNZSBPBFQUNQGXTSSOATIYXDHBQXYYZLRNKQHPANMJCUZQHBQWXFYGWVCCHEVJVOPBMQQCMPG
RAHBFMPULZTPTRQREOTBXHLYJDUWROMIOBCASTVSYJWKFWZHTCLHODWKSZRZOOARMYYULCHSQRKRWEYLDXKFSLUB
DACABBBHFACPWZPAUMEBOGFPJSYWSYKEILODXGZYCMGAUOXOAFVAWZMNKHGNRYXIHAQAGKDHKXYBIHRTGKQIYTBP
XAABCBANQAQCFRWUJYQXZDOFOJWZGQODTECTEKHQXPDJPMPUMTWKQGUPVNCGBNWVGUADEBACFORRKHVVPUTPNPIG
SCAAAEBCEIRHMYPINZEWEBMILCXMDRKUUCVDYYPNVZRXBRTOGUXDMFGQRQAIEUYRYVRKMYZJRIWTDKBQPWAGZOWP
UAABBBKCQLNSKXGMBQDDHWWAUZRQXXLZSKNMQSYEYCJNDFSNROFCKKDEOMAJJHTNYHAFLENIPFGWVFWJIUFDGGQX
GBCHLCCDWOJCGUSPQBGVUGYULVZTDXRXEPFBLBZDZMTKYWXBPDKLNFVTKMXPUCUMFCJLGSYQFATQLWAJICWNKFFF
CABFABBBETNAYBNLZGBANIQPQVMTVRYSXRQTKHPSOKLXFEQXOOTGXIBVFLGMJLDTYYSJMQYLVEESMKPPDQSTDJFG
DABDAEHRZGWCTMNJPRBAZVZSHQUNHGOCVWBEPMTOADVSOKQLKUGAFUSFODGRPNXMCSSFIGGMUINDUTQEBTANGCYX
ZAAAAABBBBBCBNGDOMUBAFJKYDJQWZCYEUVJQWDNRIUXLGOSIVIJRHCIYAAMEMZNBOKYESFKERGVAAATNRUHWSTI
GBCHDEFINHCLJTHGSZLASHNXYXBNDNCUOBOATNFUVPUFOERBCMFCOXUBBRQCCKMZHTFFPQXBKVLVBTQBWOYDZERZ
LAAMACITKCSVNBRFOSFQQVMWRODOHOZAOBYTZXPJVZXGEYPTKIVKAHSNJHEZOFCBHIHUZTMAZXJMNXJAEEZQLDXD
MBFBBJLODEEMLGCRWYAFZQSTIPSUZQYBIPCMIKCELJCPGPMJYFXZCGVYNAXCQFKIHWDCGZGQPTPBIHJQBQGXBKOL
GBCHKADEECJOQFBVCHRWPJOKUAUWCHYSNWEDCFUGCAFRZGZMTVZOHKZFRUHXXRCSMTMXAMWPPPOCFFDZXNPNIAHL
PAAAIGAAQTMTCISZJPQLBOPZXPBEPHHVYBFVPBRKZBGORIIFGWZUKNXQNCGVIDMCMTWGMXWKEKORLHLWNAAPGJXP
OABBBBBBCEHLEUEKMEHDYRFLHJUZSHVJRNHASDOAGMABALAPAHBXYJYWKMKIKQUZJJHWPQOSWSNAQUDVFRGCOELM
HACALDAAAOUWWBQWJEGZFAHQQPUOIQOLGUXEGOOSKBWIGCRJDDMCVYCPILCJXFMFRZGVKPVUQJLQDIYFDFLMTLHY
SCAAACEEEEVXCCDGTUVYJXVXAPONLOWUQOQJYVMJTSDTXTGNTMYNHGIHREFIWELQTIIUFOVASXVRPUNDSOXXCJMQ
JAEDAADEFIENIWUTQTXAYPOBPVMPWDORULNROYXCIVJGBYSNBDLQUBBOSZGVKKEYRKACIDPYKMJKFMUEODJJKBEM
PAADGNIIAPBSFHWPGFMQEZBTTOBRBWQNJGZLMEEFNELNJDZSKVOYRMLKAGXNXBRZBPMIVBEGVPFUTNMPGDOYOKGJ
CAAEGAQDCEYCHCCUPOBDOWONGAYLLDWKKLOPWFKYBWYKPTHQHSJAQAFSULDAETNZHTKGESINEWWGXBSWAXVQPHTE
CAAGPFEQSIJIVLFKDIZRJTNHUVCJCZAHUHDCERRBAPFGIBHQEONDCWEMINWJFXUGEWUWEHWMBYCGNRXYNMASZBXE
BADAEIZIMBLYEOSKYEJJWFMPYNXOBUIJCUBXOIPALPADWUPVSWUTSOEEERDXCQKBOKXQTOZLGVHLSBTBJJCXNUYG
DABEGHFQDRSYAUCDCENALDEZMTTFSUOPIUGSHTKIEBNMNGNYNMIKIOLFWHIDGFGEYONUGMKEGMXGPDVUJQZCTDDI
LABBBBYELCEATGGZSINZURDSALPRWHKMCNXUFZMSLAIVHVPAVHYBLNZSRUTWANHXYCVNYYLICSFJTJUJLYSGIXJM
LBBCAADELYOGWFGMNYZBWYRNZNRLDPDQDPCYDEXHRYXWHJQUVASHAYVVMRBUMAQEONUIZGIGLOFLXZSRCYTXNMGE
CABBBBCCCDGCDMQANYFGFSMBTAMBSRMRHZDUTICXEYMUTFHANOHHYGMOCAPPPZKDYTQZAQJFAXWEMDSFZCSLWGRN
PAAAADAEAOOFTIKSZSOWEFPUHOXYQKWLNJKAHKXGSAFPLXMHSDMIKNINVDOMEFJKRMJPYLWLZEHQKZQQXBPXVSAM
AAAABEJMOXRPMCPLNLRBGVYWHEVXXPRCIOUMOZMDLQGUCZXVLFEEPLYBKVVNIOXFOQINBSZUDZEZFXGFKMTLAGQM
MBOKGMWCNNTNYRENKFHRUDVWZZJAAUQWMWSLIRLJBFMQUEFIEDZGYBOJPLIWWVJQYNGEVVGZKSEHAFNRZJPUUAOD
TAACFACHIHCQMRRKUAROVOAGKBHFVOZFBSHIAXKOWGGZXFBRHEPWWVYNPVKPQMEQCKBBIRVYQKLRBCLBPPDZYPPO
SCADGDUDAVBBBBEVIEYQHBEWUOWMVHWQRQKGKOQWEFRTTOHCBQZXAELUSLAEWGXGMXLCWXOESWGLUEEAYBGJDWCD
JADEOHGABEWWGBEXRGSVFSUTZAFMTUJNQSHJFKSJNXHNXTNORYJGZTPKUTYBXGORFQVVUJASLEVFDFHKSUOARPMZ
QAHCCTCEEKFTOHXGPEWYZILUXOQEQUAMOICBYKHINDBPIPVJIYDPOQHHDLEDKGFQLRBRREMWLPMHNFTQGVNBJYNE
UAABBBKCYAHKDXCZTYAWZIQMCKEJKUYZYCTFZNCSHOKXSUOOQQVHVEUTPLJSHXTYGEAOBXVTNOLXDZSXYZAMQTMI
JAAAAACELJDSKGTXUNSAXQYLARNWPMHHRWTGRZTHUPFXBQGSPPJFJNNYURAWEMVWZQXROURFFVGUDSPUTARVLLNI
BBBBHNCCCIQFOKQAFAYLQNHHTPRFQRBTTRQAWYWGEBIWJOGQPYXTHHUVFAZQPIORHQFGTOAEGDQOOZWBABIDLSPD
XAACEBKWDMEJODELJGEWLDNCFJXOPKNRVOZDDISNBFYIQGQDFZSDQPSWDOIJZWJIYNDDGYXSRXIGFFXZIUORYQRB
KACEDIMVVFTXYXVRQDROBAHAUCHNYCIPGLOGCPWCPDFMWXDBNLPUNMFDNFUOWSHMGHUCJWLBJPKGYPTAIGPFGVPM
PAAACBFLOKCLSXHCUNKXHOMUIDNPUVLYSZRKGJGGVCFVRTWWBSTISVJPYMQJDNVKWFRQDWAOWZBDSHWZOJHBQGES
RAHBHAAOFMLMGGESBMKUQYKOFYDKKFQZXQKOBHVAADGGBOQPBFJBTIISBXNROQTJQZVQUVVQWFYWEWCWMLCUOYCW
CACAAAEEAHCHRFPIJCELUMUBGAUJMGMQCGSBNNUJRFIIUODKLGUDLWSBQXRGUFJSWREGGKYCEPUMSYEGLCNGTTNL
ZAEMPAABBBAVFTGKNPQIRPTERVTEUCBGAGYNGERTVFKOQZRBQJBQNHHCTUGRYZFHCVFWKLKWUTVPHRLTNSWCMWAG
AABCADDKDABWYFWPZMPQGNCQJWMSQUZRGZDFRSRGEBFAQYJGSNGNMZIXSUSDODOWCLBYMGXZSSENZXLNBCJIAQIO
TABDJACCDFMBJSGLBAKJHKUKPNJSHOOHJJVKPVFSKFLVXBUCDSYPKTTKVYJKDSSNUWXDYCNJXCDEXPJFRQAMIMIW
JAAAAALBHDFHFZRUDDOFVIRBRQGLKLQFARNNZCRQGMNQRUECYCOTEDFLRFAQKYAEUFMCVYKWLDRVQVOMJAOAFNLJ
UAAGMIIBNMIXQJPTKGVFFSMKMUOCLLWCCKSJBLPMYDXFUIVBUSTKGRQJDJEDETNFIXGFGSHYCJJMNQSCXDLXBOAZ
KACABCLDPIWBXEDLXRZXQCYXWPZMDEZURQORRUTZCSRQYCUBRHDBQDMNEPWHAFXLUQRRAWTZUAGXDZCZDPTJBWHC
QAAAFACFPJCJEWYEXLBQTWVZJTXBEPQFDGKLCFQKVLROHBMDWSQMTFWMQBCHFTZNOTLJBZLGUPOFLNYAZJSJCQMH
UAAAAAABFKIUBPBYRHPTECNNIXAJDSMJVIQHJFUNRXDXRRQPATCNTABFAOXYQHFTKTIQEXMYXMOSMATLRVOKWXNK
VAGXPIGKOAZZCWFVNLLRYSGRYYPKCMLKPOFFOJLPDTOKKAADEIJGBSFNPBUJQLUGNXLHHEKRMGCCLLGOXQEIHZTS
CAAGOEDABJCVNIWSNIRGHUADLYINFVJEZCATQBIKQRCMNCSZJLSCVUFFPOPUXARBWXQDUCXUQVMXYZZZHKPLWESX
RAEAEFNQCCDDEFFAUNWELAOGBPMFSEYVRSHHIXRPNTFKIXSYWBBJGLDUMRKOIJWCKJESPEFELRMTLKFJHSNRIRVS
TAAHBBEEIINZEWTTEYXERTJRSHHFYUWEXDIXMNEHNUQUKXZZHALYRYIFYBOGFXDFXMCXDAYPJFLHZFEXNYSDQBJJ
RAHBCCEQMIWEHCWGOYRVAKSQIWRQEOSBTKXQZGTCFJCSBKZILZCSYLDRXKHOVZZGMHWZEUVRQPGDRLZMHZFHBDGX
IABCBALRYAFWQWBSHBCKRRXWUKFMMMEUCXNTOLYPHPKFHQBVSGLFBXSVTGBMIVDGKOBKYQYCMTTXTEJLLLDFDXGF
PAAAIEIKXEMIRNIXGMSQORYJKYIMWTAXJZAVZYZKQHREZNGZTFNLPBDHEQRAMXBTSYXRCQKCPWDGQWVJLATHFHWB
KACEKEANREWUXWQUXQQHBAQCMGCLWOJGBLUGCPNQBUMLSQJYCHRJONBZNMDDXQTWYRGCZECRMBMKPFFOBGXTDURA
DABCIJPBPMYUESGEJWLBVPVLRGJSJYHRXGTOXBLOKBQQAAFNNAZKKPFHINXTLVJAYOWNNOGTLWHQARTYXDJEOIIT
NBBCDABBBAXQRFBRETTUJXRXQUNEQERGAKLNGDJMFAENVBSALVZYNZZLNZPDZQOGYJKTHUULROTNMBHJHMJWTRDD
AACABBBBEGPEVBUYDQFCKEHRLDFHDYPNCAEWDFPQCTOWAQLCBYFBSPSYZMKYDEEZRCDPXYKMOAJBBDZLDYXTUQLL
VAHBBCCSOCFPRFUXRTOEDVDPPCQITHKKLXXMZUYOHWUYNPXHNOQIPMNYRDIFMKPSVBFFKARGYRSOEMCBXAZVMFMU
KAAAABBCDOOCXUNLONSZMXBFSEOFAFIEJNICOBIDOMOHASSEGUSACPAKCJOTSZUPIBACRDIHGOZMXSCGXWSYHYEC
HACALBALUTIGWJPLQJTHAVTPVKJHZGMAHOXFIETGUCIXPSGGCINLOCYRGQQJEKUQUNKDSOABQOGAAZZUJIOBKWAO
LAARJBISGHFAJPNIMKAHSEQCLNRXZAQYVFOGOXOZTFBCAPGOIELFNGKKXVAEUATXNMAYLLEHOCMYTZXXPHXSLFJL
PAABBBBEEUBYDBGOPAWBNYWZGHDOAATOTFDUUPOOZLRKSQMDXPUWUAUZBBUROOEEAFBHKLGOAUKHJHNXGSQXJQQD
XBBBBBBLAMAABBGFDUBIZSINPBUKMYGPDZGRQDYNUMNCIVQRHKBXUMZTYZTYFIRCNEGLLROUPODPYEEGAZEARBXF
UAAICFXAAACNTBCTKGODXKVUWBXIBUHZNCGBPQSYAYALMELPPMPLXKALZKILCLKJIZPXQUHITEOAVPMAUFIJZKZV
UAABBBKCQPFSFZEKZHSZTGHSCTWXNAWVMDQTONHYTTMBOEPZIUDKQXUVBADLHXTFZTKSTEQTZQSFLLQQHYQBHRSS
TAACEBUYOMBUCCAIOWNACMKPPMOWADRYYXHTSBEXDBZARXUCYFZFXCTUZLCXRINMEARVMZRQYXSLKXZBYBYUGAHG
KAAAADHHJHDAQHPTPQZUNVXBFEPHJVXZKQFTZQMKIMWPOJWRKMNVIKMWQRLGQGLONAWFDAFRCEFIFGTNLQVVPCRF
DAEHAAAAAABBCCEEECDTIOPOUSAYLLIOZYPXAOAXNFYMXGCOJTWMXRAGPPDIMHBDNYDZSJFKBACTDRMAZOYUCHRB
UAAJWMOILOJCLNVROOYDYAHEUNEMDITRIIFYOTMASSYMSJCPSJODEUPBRKFWMSNTONXDCOOTHEBGMEDBETXATSAW
MABMJBFPLFYUDBZTGRDYCELXDKFVNWGZTOFZRPYTJYYUJSVPMXROCTDHBGLZTPBQENVHTQUGLCSXVOPWXAHQXYUJ
KAAAABBDICTBRYROFLAVAQUIQYWRTFFDDXJTGXZVPEOYKORRRKNFBYDULRDAAIPKPZHVLBIYDKKQNQHBOZNGOBQA
QAAACHYSBFHVMQLPOWLHKDWMZJNOBRCSTWBPEUMZNKALFQTPPDKRGGXUASJUSFZCUMCPZTDJWPLLVZWADWGPFZFO
SEAAMAUCFGEHWWBZCYEYWLFPNFMHMYEAVPXXXAMEOXHVWXOUYTTEDNFBUXHNZLMUMENSVBUZMJKYKPVCTHWHDXBB
XAACDLAACBZSYOWFAMGZJMKNBUIWNCEZDYMASNRARQBFMBOKRGFBWEROQFPSMYKTVKNNKSRSAJBXEUGUTWQDHXVT
YAABBBEIBXEFLBYMIEVWVYUJTFUYSVUYYKXKXETDTBKQMDSPRHCWXINELSCTSWRAJDGXXFTXACJDOKKEHZEKUZED
QAHABEVEGFZYQZFYYMZYVGEFUSPLNYDNSNZCSERGOWCIZQYLDLNEKZZSUIJDIQCLULDYVSLXTQAUZSJAOLDVBCBD
IACADBBGCLCKDLZILLTLPQBJYCSPRZSQWPYBVTXSFARDGOENTRISIMXSWIAEYYOUKXZPVNFTNINEOHCDCLPAMYCV
EAAAACDGSBLHFGMRDKMIKZXILULIPCVCKTXZHRRNBZHBOALMFPHCYBBSLHGVYEXVNKMBETITUOEGNXOPSKQYTRJP
GBDEAAAFZBBMPWZEZJQTNTDRTZYPRPCZQGSPIUNJLILMHVYFWPHILKNQJSUOAJNMLASIIEEKPXTBNFAFFNUQFYIQ
DABDAEKBAHVYTGRXDJHPZRYJTOUQMIGVXVRMOUUZXOXVJTRNJJCGLVIBBWCLTMRONWJEUJNXKEDWIVSABZDKHOLX
MABMHCFXJTAAUXUNXPCWXGRYJPKVLOBVMZSGXZUOSOCZPQPWMOJNPALDRCVVSQSFHGKYMRCZPVOKEGKGNFYVCGVD
WAAFSBBFKYFDPGABAQGNDUSWUWSOBSCMIVFCESOAFZIVGTDXCRGBBEXDRLXVOXYYIXZZWIWXFOBISGFXNUCDQZYW
BBBHBMCEFCGXVCHBLSYRGUHHITOWZJVIFTBSJYBQCIJTNUSLPMSQFMUZAAMWOIHXOIAFSZGWCAUQFBXFNQEJBRYM
DACCEJAGAINBIISBNNXXNZTRPYQZFTVJSVSGQZKFZKNGTCRZSKPWVBQNLZPGKAEGHWGDUAJKCBUHVBRXGJGURKCJ
JACCIAEPTYFDXOSGXNZSZZEVJJDBPCXCDTRVLWEUMAYEULNUBPQBCRWNJRFRIWBXGFERDAMNQBNHZUDPUNCLIXHE
KAECKAACCDDEAGAWDYNMIGAWARQJSKDMGSJLBXOVFRVNTRUYHFTGWAEHTGDCDMOXVXKNGZCOXYVZNGJIQXSFPYPR
GBDEAAAFZBICVVTGZYMQAMFBMTOMAMEDJHSUWHEIKSHLYKXENBJGNKTLSZILWPPSTFXQIQTIPLAPJIMBJGRFKULV
TAADBBDDHIYBSRQKFZEMEVRAIUYVPJNHQNIRXXJBXHUVKVRCOJNJFMEDDBPRLYXBTPJLTSJSSJMVMWLLQBHXGXBD
TAAAABEILBMXQYYRITTROQYZEFDUXBGOSQCUJVXOVYSYBRMIRWFLDMHCHIGTDIHOZNZGRQISPZEKQFDCPQLLSMNL
OAAZZOSXDDWPJGMWWETNPRVGJNBSQNZOUECQGEKRVKDSQSCAPHURYJLXDKBZJPYBWADGPGVGGVAVXLSVURYDQOTG
HAAAAAAABBCCCMJCYBIYCONHRFUIHWCDGCPKVFEGIGKQSCCFTQAEGEOXZDGAKWWXWIKXPRZXRSFWJITHHCXOGXSE
FAAAAGGTSSCZMBEANAHHSACCDQTCBZWOEIPSSDLRPQULCOJKXCGTIJLFBCYIJKWXUCKIYXKWQJDEWDBXQSSQGGUP
KACEKDKGQZRFAYWQACMRSHRAHTPPQMVTXCFKUTNJHIFAOYHKQHLXUMTRCSPFSYKOKVVUZHPZEZCGIEEZOYQILVLX
TABCXPIQWNTJZYQFGYYYDWJSZVSEPEWBLYKRTIHSXBOZLSWXPQLAPHGLZGYXFAJHUIFADTCUFJORWRGPZTDHBMGF
EBCCAAKXQUXRBXFYGOZWRNRZJIJICOPDGRMFGDVTGZOYJOVQVDQVGCJRBFLTAEVNNVSSKNMJQLZAMZLORVHEYMRO
NAAGAFNKVJPKOTZYNNKTZYYKIXJDSQLTQVYXEGHCGWDHUGHWQFIWSJMZPRTIEDHTVLVJJZCGROGFFZKGCJKCGGSD
KACEJNJEJDDOOCHLLWMZGMNWGSYKCYAOYWBCJATTXAGNTVDJMHINGXEAOZSRRFGWCTKVLQGVVHDEXWIYARLBIRTS
HABBBBKCEOELOJEHLKZECDRKBOATSSFMGPESORVBYBRUGVCQBRHWBBLCRJEWMWJBMBRSRQDCFSGUMHZNIDZUAOON
NAAEAIOEINKRSCGFFMWGIXAUFFDTAKIBWOUAZOXXILSUQNLXKALXFWJPLNBMCEGHJQBDZZDNYVAVLNZQCIDXFFEZ
OAAAJBQADFFCOMOSIWHZHBJYJTVGDREZQYBNAPAETUWIVTNFMLNWLDRWYLKKFCFMIJGIVPHPYUPMKHGPJZLXKXSZ
TAADBEBBYGNOQGERGABQXJSSVALHLYRCMFQKFACEGYIHQBPMVVCWOIWNAEENFTQSMZXNFSHICQWXLNLGMWRAJFDC
QAGXXZESRUYJKFCLIEXJBCZFSWMZBDAZQDCQYQDLUGNYRFHVDPARKLWSRONXLUYINNWBQURZPWBLUAZJWCSSHECO
IABDCBBBOCGBXWVSACJSBCTIZHANUDYNYGHWAWRCOQQLPRCSYFUDYSMEACCQKTMEBWTEKYAILJCZFLJZJFIISJNU
GBDEBDEEEFGTJXOTHFVKDLIEKYXVRNAERLCZTBCZNNTVLESMHXDOWWLJMVHQTQPBXHRMFZMBVKKJWSNPFVBXTOUU
XBBBBBBTHDFHFBNYPOQUEYTXZWJXNOAICUERRLDCLVABBXRYKSTBPWUZGNMGQPYQEOLTZETRCBXQVZNIYTICQLDH
KACELABWPHOJLPQLLMPMCDTUHZTLOHOFPKAHJIJKOPDFGQESUSTHFVNFRSHQSGSPMXEOTQNDBABVCEMBVLSVBXNT
RABBBFHINMETROWDRADUHOOIVXMAWFXLBKUEWUMMDIMTWDPEXZQXYYPQTKPPIMZALBLEYKKFUQMFOUYBHXHNOATH
GBCFHJHDNBBBKFUFFWIKDSUFAAFGHMVVMOKUWSZXOKOFQKRLECGXEHYWZJNDSKUSOGNNNPVAALBZJOHIMFWJTQDE
GBDDBBBNKXGZWHZZAVTKFCFNBROLARTJSSXYUNHQILXCIWSZGPOPNGBTMCEXZPPZMPXEBGKAUNNDRQJJMTWROXNU
WAABNKHHHNTSEQRFHXSYGRLUFTTDXRTVYZGVVAWBNYAUGJPCHZEVNLALRCQYUUQAOYZKXPAQOLEFKGOBOTCKOUUJ
MACABBCMOTSUMMASCZQFZMENXPIDKSYESPEJUADZOXVEZMUAPJRAXQEZJRMCYVARNLUSUGIWRLKGIDZMSXMBJBPM
XBCJPAEEFCHWIVFTBJXPKXFQPXVCXNTKAWIOLENXLKXASKWKTJXNETHVSKDAJOBYWQEDIZVLJHVYYRTJCKBNRPPT
LAAMAABBEKOHBXSWTYXLCACRJAURHEZNMKPZSJXRDJSAHFIORHPKHRWJRIAIJTRPPCPJBYIIUVCFALXARBORGZQO
VAGXCGGFJAWGMPRRWDDRRXHOEQTJZRPIQBYROPTUOCWTUCESPQWLFWRAQTPZCNNSEHWYXNEIGLSPDQLRKOODIHCD
HACCADFEFRHIUXCHUENHRBKTEESWMPOROSUAXBATDCTNDCLONSFSDMEWCEJYERZTDTHTYZIIPUUYIBFYDLZKQFMH
WAAACJNAXHNRCMDRGGEXORHSQTIRUQVGBNZQUSYFOQEVGZOJGUDRVDDIAZHHYXPIOXHEDJJBDQOJUQQCYPRIHLDW
NBBDAHEEFGETETFTDESKURYZYADEUJDQVXNDCEZWGEVRPPZBMBCDMCLHXPMHLNSXLWRSTOFZDKCCFGORSLJMLUMG
RAHBHAAOGGHIIATINGMZKJFZCKPNMDBEDAFNBEKXIIZUSGBHIIOREUMXFNCBISWAXYDHDFXAPBAGGKLQGTMTWGOX
GBCGAAAAEFETWMJRUGNIIMJJZMPYFGQAFWBCWXDLEQQRPSHHZSLIHEQXMCHFARCLWIFTEQTXRHCPMEDGLHJAURYU
XBCJPJZLZXQLAKLSYSAMEJWXQVKPMRVMBXXKLZTBKQUBQIKPDZOZXUCNDXNYTLJJCZVCZFEAJHBWUMDKFQRIQJOA
QAHCDBDFFFFFGHIDAXHLHGXSDAVFTRSLQXRZLNGYFYYXWPJEWJNHHEPKQTKKNRIRXIZZCYJWAEPWZHBYFSOYULKS
CADABBQEJBECNVLDBSHMILBFOYHIKHOXWOTIWNPRWOUDSOEHVKKSVETNKZBRUZOWOTIACBTKMDMEEXBJNRRFOKLA
VAHGOQHYNKYHACSSVGGGLIOMNXULYTGRQBHKRLEXLWMQKKRFSNMLANFIJXKPZXCDZNQBOISGWGISTGBPCQKQUTMP
GABDDEIQSFECLCRGTHRVPSWKLGVHOUPNOKRSESEHMUZVJPAIFWSAOCWKWNFAPNJCLBXPJETVPNWZYTMHKXUVKWSH
GABEAAACJJKKIARFMCDCTXOXGYPMFCSQGMDODBSMPYZPBONUGHGEKSYYTEFEUYQDKUMJLCCXKANVZRRXOJIXZKEK
HACALCKNKHIHTGECRLAZPBRCQLUAACXWYJXHVRBKVGPYWDANKXFAIVMEFRLFSKOEOYZASECBQMRTCRVQNVPDQIAI
BACAAAEGGFCPRABTBZSLKAAAJPEHKHXQTFPAPTUEJQEBZQNBVATFZRVRYAPQGBHYFLIFBMSAQIADBNEJQPTQMTEC
NAAGAFNEMNDKXMDFJIPOOAJUCBGPZQYWKXGAYZFFBCTRQPCWIGZXFMADZHWFNDUKBXBJVORCZZTAWNXHZOMKUFDY
CAAGOEDABIVMNDWHGMBDNVARJJGUVPLMLDKPXTICPEOLCCHFJYBGQUKCCPMMTFHFMORSHVTSZORVFCCMVIFVUDGL
MBEPHJWMETUSNDNPQKRAITDASMANSQXBKSWNOCRVIXBITTGYRDRXGCALOISWGXWWJGMGEFMSZBFLEVPWTDNNHHXD
XBBBBCAAIHPXXRKVTXWAXCWHXMLOVFPXXYJQEZDXWBFUKYORIIZPKAIAVNEPBJQERTRBAJIMWJRDCXLRIPBSSVUS
TAACFACHIHDABBDIIWWXKLWDTHEUIIDIZKDDPTHTRTIGCQJKXQXZNCPJKLYJPRYABMPXNGVPEUAMUTUKTXOJWGCS
WAAFODPSWDDJLHYZVGNACIMUJZZMZODEIKQVSVCKGSNTHTXPOXBHAWGXOPGQKQLQTZEMMCVIEPZEXCKGHFZNNMUI
LAAABCCPBDIYDDNMWKFFVVDCCBLAWMPFBLCSMKAHDUBTSLYYYVRRBOMZBSFHFJASZKHZXKVOTLIAKVQREMSHUMOL
OABABBJLKQUMHAQMAJABAQAZDYBDJVWKSQWEUEIGBDJPTLFCRTIWUKUFTJJFPEPEXNHOBZGTRNSGKBPEAQYTDIVB
TAADBEAGHKATOANKHIWQGDHIIAUQDVAUPTJHBEOIJINVUNVYJLFTNYJBXMICOQTKXNRUNYIYMONBHTGUPGAIRTWN
UABBAVBRJQESIIJBASTFBATFRKTPGMSFUTJUXRDEFMXDDJYVQNEATWUMMENMLGCCTYDJVIYSUDNNSGXJKSJBPLTC
CAAEFJKYJKOJXPDSMLAWIETZYUINBVLRUSKWFZKKVBTNPNASWEFNZTEXRVTAFPPCTYONTIWSOFXTJMWJTBTCYNEO
EBCACACFHJLPURAKBHWQZCXHAOTMYHBNHAKBLHJXSONWRZSPYTZPPDLRDPYXPQUZVGRNWFDHLCPVWMLCPBDLCUIU
LAARFMRCZVYZFGHWGUIQXNOTUSIQZEIPGMURWUZODNCEPMWMAQDWQSULNCTWZTNUYOPWWVUDKQZSJFZMWIBPNDTU
XAABCABEHJJJALYULBPKFSOWUVFDBNMPSKGQRNSKCFJUXXKTJWNQLUYYTHHIAJUVKHZYZSVPODXFMMXPJXSSHMSJ
YCDABAITLYCPFLVSHPTRRNMJYJHJXYLPQKCLLVAEBNAMMLEAURAQDWQRRYXZPSGZIOEEJCNFIFMWONXUYOFEFVCP
CABGDAAEAAAAAACFFKISUKJYNBLNMBBIXFZTDUYUWUUTFMNTIMVCEFLULPXUYVBWYQIRFTOAITXZSPTTAGWWEKGQ
NAABBBBPUMYSJWMWWJGPNMPCKSBNZLLTRRQSAQJCQGEIXVODDXVUYOXIGDBDPPEGPQPGTHQZGNSMMPTGGOHJMMYA
AAEBCAELNPUDRBTHQGNKZMGNZPBVXRQSFKOHALWEGDMBHRKGJMPTVTYVDTVTZXCMDHPMXBXWTKFMTSQEAIFQKQCG
RADBDANCNBKWYROJSBXZNFWDPPWGPEDMCOOANURLKPYNZAHAPODFRNHVLJHAYAIHDRWGFTSOUBUPGVSLIISNJQYX
GBDEBEAAABBBJJKVLQQIHZELZWZLQKLJLAPMUJDEUHLMXRVLTBKHNKIEBDFBVHJGDACVZHNFZFMOXOODHPDGDCLD
KABDAAEIJLQGRYGPTETSJZLAQQGAJWQRDGFGHXIIDMOQOYHFKHASRFRAPVSTVDMMPFEFAGZPQPZKTDZCOVBDCLRH
ZAEMSNVXKLFGMPUATCJIXEJKLFQTWNSYYHFJQDZHXMILOSOYRRRHQXLFARDSXOOYIIABMBBCMCSKAVXKBSUZZDZK
LAAQIAZBJYFMRFJTHZPJFNVEXSZIANXITOWPWVMNUEJROSLZURLILISPOHXILFEJKEZGLMPRIFKRZWSVKLWEXOOU
PAAAIEMFBBAUZQSPOFVAZNTLESTHZACDPUAGKHZEMEJSMGDYLSPPEUWCPDQRSHPJRHDPZKHGPYLPIVBONLNWGJKG
YAAAMAGBCBVKLIFDRNXDROQVGDRHOFNWABNLOYKLVCKKATNMTQUXYZZBJIZBEJXLVKSDMZVLTWHILHNSTACKBJMI
VAHBBHFPFDOLDRBBJMTWPYJMZDNKWEAYRZODJRWHBADTKCNMMUMQNDKHEGECLWIJLTFRBVBTLJKUCXPOZSYGKLAB
PAAABBPBBDEBZHPOARVGLPQFMQXYWXSVFTVTITDUFBLSAKMSJTTZTECDOKXZXOGKPHKVXMCTJYGJOHRTEEFTAPVZ
IACADBBBBBCDQFXONWSWNSISYMYACMQUXFLZCATGMSJZROLGVFABWAHYXRWAKLBSQXYEBBCZQQNWEHTWAPEJWESI
KACEADDINJXSDWEVMWHVUWCOTTVJSGPWANVFMOEFKLKEAOLHABXYXTCRHMLVTLKFMWUDUDSGHEITHNLIUNOOGTFR
GBDABBBBDTSAVQAIZXZRSGZGIKIKQFTCNOKPFJPJIXEEZNVTSKSBYOBEKVPRUMOKFZEGWZCXGNCJIESSWBSRBGQB
LABBBBXIJXLKNZDVMIHJZPWDQHHXXJILMPHQORUBZNCWVKSSUFBNIZFCIOWICDSDKVINMWEJUEMRVRWCPVYSNPSM
WAABHHCXLYVVUUEARDORDHOOBLVZZNWJJSNYRZQWUVAMUSEKZLLXTEJRAMDOFXYMHTWKUIHRXKYTWPPJSGCNVTPF
EBBBEAAEFFQLPAWVEZECCJDLLOVPQSSRMLBTCQZAXYXVTRJKFYIEXHDPUVNGQEMXNJQGWUHGIYGGYPTBMCEXUJTV
MBOPBBDADFDAMVFRKPGAQZSPRLDSEJZADNCPQIMXVZIKRMGDDGWAWRXOBBYZDRVNDJHSDFBZDDKKWRPUTANKQGNI
HABBBBKCEQRTKYRBAHSRZZXCEPMHXRUAZMKRBINYDCFWVVFUTAMVISKTDZDNBZTPDNJHRDTEEWMNVDHYHTQIGSPW
HACAKMBBELHCIHDBFHFFWNFKJNLTANONZZUNNHSZBPBMHJAXCYJTKJCHREXAHRRXJACJJCWYLKKBWDQDTGOWSBUM
QAAAGDABENGOIFLLOPTXOUKLVIIZTQPVJSOPJSEIYEIGNOWLHBLBOCIFYOGKSKRQONMCBEIZDXYTTSAQUZWIZVJB
KACDDJCHFMOPCONGRNOWRKHLMTKFNZSCBNECQTFABISJOQUXQEICTZHHMQHATKLEQZSOAOHOALWCJNFERWZWSIEV
XBDABCFFFLAJITZKTIRHQOJBSOLPEHRCLMGQNFEKEHPRNTASSLXNMUNKYXNHDEOEVTGVNMOYJJTBDMYJAXXMKOIU
KADDBBBBBAHFNPYVYGOEVBUCKHUDXGFNVOKLGKDYFYJWQSVBOUBWYBZLJUSFMJAZKWLZSDNKHDQGJMWMTVUIUWUR
YAAAMAGBLCIHLEDWSBEGOBOGGRFUFJEGVKVZIWRSDUBAGAQFZWOVBDMKVVPHEECPXKRSEVNFZPDUOWPZADDQJFTW
FBBHHSCCEGKBCGGIAPNRPICISISEDKBZVZWSOXJHUBXRVYNSYWGPHKJMOUKAKNUMLBYHRRQYUFMNVZJVRSNWEXPT
YCCCCDBBAXZQKLWNYGFHGZFPSWDABUWKOFBAHNZVEEMTTGREPZLJZQVPMOPNWPQAQOGDZTSCBXFJISWACJNAHUSA
YCEEGACEEHGSGBGWQGMZTTMCZHNCMGEHVDMPFRTVGGFNQMIIVUQQPEYMMVKFGONSDURAUMAGMZUWTUNZDESTPSGH
SCAEMGDOAWBDQSWJJSUMRJWXSLSSTAMXISJLAJCCSTXPQRWHAFWIFQDIZBBKJTARCKXBZGBUANWCTDQHSQBXFTNC
UAAHAEFCNZZACEEGWBRKXTNFEXNAVBGPBIUEFBRYWMMCDQNZOBGUIHOCWQQFXTWSBKBMPDYORDXBXLSCZMJOHJSI
VAHBBCCSNYHEFCKPCXGACSVXEYQOMICMJGHOZUSGUIWHIIXWRMVIYYWNGBENMOXHIMPQQTNTDXVKTDMEJMLIZYHR
OABCAINXQXRBSTMKKYGRAWPAATCQBMNTKVJYNIFJIQWJOASXDTZMLMSWHHQMOOOAVUQNIXOOLVIPQUTFXTVSEMRM
HACFAHBCNSCRIYJXMNYSDQAKRMDBCFUIPHCLRRWOADBAPDMORLPUYODDCCQEBOBEXXUWLQVBROQZDHXKDKBIKTLL
NAACCAEBBFQJRTMMDWVSTNDKGVNYMCYBEKUBXMOUMEASOLUGVKWSWJRXOSNDAHRAZOOGMQRHGWBOVHQPPYMDLWTP
VAGYCDFFJQOBFEWGOFRPGTQTIQQOOXBULBIVDZQKYFRLHJCCATVMIZUMITMATFXKDRCZDRMOCMDEYUYDZXFKVDGK
PAAAIGBBBBBBBXWNCHLTRXRCWXIDISCOSCASHKSKFNBGWDSNKPXOKVUYCSHZLJFNQQHZWVMFWLDBZBRDFDTYCYCP
NAAGAGACLPWFZSKJNOIFFQDRSEQYGEWMFJSKPAVTUGWCVOSAGFDXVHJYENILXFCJEWBWEAGWCVUPWNBVQYHNXTAW
VAAAEFSXYCFGXKGLKTYUSENNLETDGGMUURDKHFUSWNCWAZFJHPBMNACKSXYQQCMHUHEAUXMXBRRSLQGMJZQBGUYM
