YES
ZYYZYYYYY
YYZYZZZYY
YYZYYYZZY
YZZZYYZYZ
YZYYZZZYZ
YYZZYYZZY
ZZZZYYZYY
ZYZYZYYZY
ZZZYZZZZZ
ZZYYZZYYZ
YZYYYZZZY
YYYZYYZYZ
ZZYZYZYZZ
ZYYYYZYZZ
ZZZZYZYYZ
YZZYZZYYZ
ZZZYYYYYZ
ZZYYYZZZY
YZYYYYZZZ
YZZYYZYZY
ZZYYZYYZY
YZZYYYZZZ
YYYYZYYYY
YYYZZYZYY
YZZZYZYZZ
ZZZZYYYZY
YZZZYYZZZ
YZYYZYYZY
ZYYYYZYYZ
ZZYYZYYZZ
ZYYYZYZYZ
YZYYYYYYY
YYZZYZYZZ
YZYYZZYYY
ZYZYYZYZZ
ZZYYYZZZZ
ZYYZYZZYY
YYZZZZYZY
ZYYZZYZZZ
YZYYZZZYY
YYZYZZYZY
ZZYYYYZZY
YZYYZYZYY
YZYYYYYZY
ZZYZZYYYZ
ZZYYYYYYY
ZYZZYZZYZ
ZYYYZZYYY
YZYZYYYYZ
YZYZYYZZZ
YZZZZZZYZ
ZZZZZZYYZ
ZZYYZYZZZ
YZYZZYZZZ
YZZZYZYZY
YZYZYYYZY
YYZZZZYZZ
YYYYYZYZY
YYZYZYZZZ
ZYYYYZYYY
ZZZZZYYZY
ZYZYZYYZZ
ZZZZYZZYZ
ZYZZZYZYY
YYYZYZYYZ
YYYZZZYZZ
ZZYZZYYYY
YYYYYYZZZ
YYZZYYYZY
YZZYYYYZZ
ZZYZZZZZZ
YYYYZYZZZ
YZZZZZZYY
ZZYZYZZZY
YZYYYZYZY
ZYYYYZZZY
YZYZYZZZY
ZZYYZZZYY
YYZZYYZYY
YZZYZZZYY
YZYZZYYZY
YZZZYZZYZ
ZYZYYYZYY
ZZZYYZYZZ
YYYZYZZYZ
YZZYYYZYZ
YYZYYZZZY
YYYYYYYZZ
YZZZYZZYY
YYZYYZYYZ
ZYYZZYYZY
YZZYZZZYZ
ZZZZYYYZZ
ZYYZYZZZY
ZYZZYZYZY
YZZYYZZZZ
ZZZYYYYZZ
YYZZYZZYY
ZZZZYZYYY
ZZZYZZYZY
YYZYZYZYZ
YZZYYYYYZ
ZZYYZZZZZ
YZYZYZYZZ
YYYZYYZZZ
ZYYZYZYZY
ZYZYYZZZZ
ZZYZYYZZY
YZYYYYZYZ
YZYYYZZZZ
ZYYZYYZYZ
ZZYYYZZYZ
YYZZYYZYZ
ZZZZZZYZY
ZYZYZYYYY
ZYYZZZZZZ
ZYZZZZZZZ
YYYZZZYZY
YZZZZYYYY
YZYZZZZYZ
ZZYYYYZZZ
YZYYYZZYZ
YYYZYZZZZ
ZZYYYYYZZ
ZYZZZYZZZ
ZZYZYYZYZ
ZYZZYYYYZ
ZYZYZZYYZ
YZZYZZYZY
ZYZZYYYZZ
YZYYZZYZZ
YZYZYYZYZ
ZZZYYZZZZ
ZYZYYZZYY
ZZZZYYYYZ
YZYZYZZYZ
ZYYZYZYYY
ZZZYYYZZY
YZZZYYYYZ
ZYZZYZYYY
ZZYYZYZYY
YZYZZZYYZ
ZYZYYYYYY
ZZYZZZYYY
YZYZZYZYZ
ZYYZYZYZZ
YYZZYZYYZ
YZYYZZZZY
YZZZZYZYZ
YZZZZZYYY
ZZZZZYZYY
ZYYYZZYZZ
YYZZZYZYY
YZZYZYYZZ
YZZYZZZZY
ZZZZZYYZZ
YYZYYZZYZ
YYYZYYZYY
ZZZZYYZYZ
ZZYZYYZYY
ZYYZZZYYY
YYZZZYYYY
ZZZYZYYYZ
YYYYYZZZY
ZYYYYYYZZ
YYZYYYYYY
YZZYYZZYY
YYYZYZZZY
YYYYYYZYY
YZZYZZYYY
YYZZYZZYZ
YYYZZYYYZ
ZZYZYYYYY
YZYZYZZZZ
ZYZYYYYYZ
ZZYYZYZZY
ZYYZYZYYZ
ZYZZYYZZY
ZZYZYZZZZ
YYYZZYYZZ
ZYYZYYZYY
YYZYYZYYY
ZYZYZZZYZ
ZYYYYYZZY
ZYYZYZZYZ
YZYYYYZYY
YZZZZYZZZ
YYZYYYYZZ
ZZZZZZYYY
YYYZYYYZZ
ZYZZZYZZY
YZZZYYYZY
YYZZYZZZZ
YZYZYZYYZ
YZZZZZZZZ
YYYZYYZZY
YYZZZYYYZ
ZZYZZYYZY
ZYZYYYZZZ
ZZZYYZYZY
YYZYYYYYZ
YZYYZYYZZ
YYYZYYYYZ
ZYYZZYYYY
YYYYZYYYZ
ZZYYZZZYZ
YYZYZYZYY
ZZYZZZZZY
ZZZYYYZZZ
YYYYYZYZZ
YYYZYZYZZ
YZYYZYZYZ
ZYYYZZZYZ
ZYYYZZYYZ
ZYZZZZZYZ
ZYYZZZYZZ
YZYYYYYZZ
ZZYZZYYZZ
YYZZZZZYZ
YYZZZZZZY
ZZZZZYYYY
ZZYZYZYYZ
ZYZYYYYZZ
YYYYZYYZZ
ZZZYZYZZZ
ZYZYZZYZY
ZYZZZYYZY
YZYZYYYZZ
ZZYYYZYZY
YZYZZYZYY
YZZYZYYYZ
ZYZZYYYZY
YYYZZZZYY
YYYZZZZYZ
ZYYZYYZZY
YYZYYYZYY
YZZZYYZYY
ZZZZZYZYZ
ZZYYZZYZZ
YYYZZYYYY
YZYZZZYYY
ZYZZZYYYY
YYYYYZZYZ
ZZZZZYZZZ
YYYZZZZZY
ZZYYZZZZY
YZYYYZYYY
YYZYYYZZZ
ZZYYZZYZY
ZZYZYYZZZ
ZZYZYZZYZ
YZYYZZZZZ
YYZZZYYZZ
YYZYZZYYZ
YYZYZZYZZ
YZYZZYYYZ
YZYYZZYZY
YYZZYZYZY
YYZYZYYYZ
ZYZYYZZZY
ZYYZZZYZY
ZYZYZYYYZ
ZYYYZYZZZ
YYZZZZYYY
YYYYYYYYZ
YZZZYZYYY
YZZZYZZZY
ZYZZZYYZZ
ZZZZYZYZZ
YYZYZZYYY
YZZYZYYZY
YZZYYZYZZ
ZZZYZYZZY
ZZZZYZZZZ
YZZZZZZZY
YYZZZYZZZ
YYYYZZZZY
YZZZZYYYZ
ZZZZZZZYZ
YYZYZYZZY
YYYZYYYZY
ZYYYYYZZZ
ZYZYZZYYY
YZZYYZZYZ
ZYYZZZYYZ
ZYYYZYYYY
YYZYYZYZZ
YZYYZYZZY
ZZZZZZZZY
YYYZYZYYY
ZZZYZYYZY
ZYYYZYZYY
YZZYZZZZZ
ZZZYZYYZZ
ZYYZZZZZY
ZZZYYYZYZ
ZZZYZZYYZ
ZZYYYZYZZ
YZYYZZYYZ
ZYZZYZYZZ
ZYZYZZZZZ
ZYZZYZZZY
YZZZZYZZY
YYZZZYZYZ
ZYYZZYZZY
ZYZZYZYYZ
YZZZZZYZY
ZZZZZYZZY
YZYZZZZZZ
ZZZZYZZYY
ZYZZYYZZZ
YYYYYYYYY
YYZZYYZZZ
ZYZYYZYYY
ZZYYYZZYY
YYYYZYYZY
ZYYYZZZZZ
ZZZYZZYYY
ZZZYZZYZZ
YZYZYZZYY
ZYZYYYYZY
ZYZYZYZZZ
YZZYZYZYZ
ZYZYYYZYZ
ZZYYYZYYZ
ZYZYZZZZY
ZYZZZZYZY
YYYYYZZYY
ZYYZYYYYZ
ZYZYZYZZY
ZYYYZYYZZ
ZZZYYZZZY
ZYYYZZZZY
YZZZZYZYY
YZZZYZYYZ
ZYYZYYZZZ
YZZZYYZZY
ZZYYZYZYZ
YYZYZYYYY
ZYYYYZZZZ
ZZZYYYZYY
YZZYYYYZY
ZZZYYYYZY
YYYZZZZZZ
ZZYZYYYYZ
ZZYYYYZYZ
ZYZZYYZYZ
YZZYYYZZY
YZZZYYYZZ
ZZYZYYYZY
ZZZZZZZYY
ZZYZZYZYZ
ZZYZYZZYY
ZYZYZYZYZ
ZZYYZYYYY
ZZZYYYYYY
YYYYZYZYY
YYYYYYZYZ
ZYYZYZZZZ
ZYZYYZZYZ
YYYYYYYZY
ZYYYZYYZY
YYZZZYYZY
YZYZZYYYY
ZYYYZYZZY
YZYYYZZYY
ZZZZYZZZY
ZYYZZZZYY
YYYYZZZYY
ZZZYYZYYZ
YZZZYYYYY
YYZYZYYZZ
YYZYZZZYZ
YYYZZYZZY
YYYZZYZYZ
ZYZZZYYYZ
ZZZYZZZYY
ZYZYYZYZY
ZZZZZZZZZ
ZZZZYZYZY
YYZZYZZZY
YYZYYZZZZ
YZZYYZZZY
YYYYZZYZY
ZZYYYYYYZ
YYYYZYZYZ
YZYYZYYYY
ZYZZYYYYY
YZYYYZYZZ
ZYZZZYZYZ
YZYZZYZZY
ZYYYYZYZY
YZYYZYZZZ
ZZZZYYZZZ
YYYYYYZZY
ZYZZZZYYZ
YZZYYYYYY
YZYZZZYZY
ZYYYYZZYY
YZYZYYYYY
ZYYZYYYZZ
YYZYYYZYZ
ZYZZZZZYY
YZZZZZYYZ
ZZZYYZZYZ
ZZYZZZYYZ
ZYYZZYYZZ
ZYYYYZZYZ
ZZZYZYYYY
ZYZYYYZZY
YYZYZZZZY
YZYYYYZZY
YYZZZZZYY
YZZYZYZZZ
YYZYYYYZY
YYYYYZYYZ
ZZYZZYZZY
ZYYYZYYYZ
YYZZZZYYZ
ZZYZZZZYZ
ZYYZZZZYZ
ZZYZZYZZZ
ZZYYYYYZY
ZYZYZZYZZ
YZYZZZZYY
ZYYYYYYYY
YZYYZYYYZ
YYZYYZZYY
ZYYYYYZYY
ZYYYYYYZY
ZZZYZYZYZ
ZZZZYYYYY
YYZZYZYYY
ZZZZYYZZY
ZZZYYZZYY
YZZZYZZZZ
ZYYZZYZYY
YZZYYYZYY
ZZYYZZYYY
YZZYYZYYY
YYZZZYZZY
YYYZYZYZY
ZZYZZZYZZ
ZYYYYYZYZ
ZYYYYYYYZ
YZZYZYYYY
ZZYZZZYZY
YZYYYYYYZ
ZZYZZYZYY
ZYZZZZYYY
YYYZZZYYZ
YYYZZYZZZ
YYYYZZZZZ
ZYYYZZYZY
YYYZZZYYY
YZZZZZYZZ
ZYZYZZZYY
YZYZZZZZY
ZYZYYZYYZ
ZZYZYZYZY
YYYYYZYYY
YYZYYZYZY
YYYYZZZYZ
ZZYYYYZYY
YZZZZYYZY
YZYZYYZZY
ZYZZZZZZY
ZYYZZYZYZ
YYYYZZYZZ
YYYYYZZZZ
ZYZZYYZYY
YZYZYZYZY
YZZZZYYZZ
YZYZYZYYY
ZZYYYZYYY
YZZYZYZYY
YYZZZZZZZ
ZYZZYZZYY
YYYYZZYYZ
ZZYYZYYYZ
YZYYYZYYZ
YYZYZZZZZ
YYZZYYYYZ
YYYZZYYZY
YYYYZYZZY
ZYYYZZZYY
ZZZYZZZYZ
ZZZYZZZZY
YYZZYYYZZ
ZZZZZZYZZ
YYZYZYYZY
ZZYZZZZYY
ZYYZYYYZY
ZZZYZYZYY
ZYZZYZZZZ
YZZYZZYZZ
YZZYZYZZY
YYYZYYYYY
ZZYZYYYZZ
ZYYZZYYYZ
YZYZZZYZZ
ZZYZYZYYY
YZYZZYYZZ
YYZZYYYYY
ZZZYYZYYY
YZYZYYZYY
ZYZZZZYZZ
YZZYYZYYZ
ZZZZZYYYZ
YYYZYZZYY
ZYZYZYZYY
YYYYZZYYY
