YES
GAADGIMEK
HAAABBFJM
LAAAABBBI
XAABCKXOG
NAAACAGEK
CAAAAAAAB
RAAABBDCJ
YAABBBBCD
YAABHKRQX
RAAABBCAA
GAADGJDAB
PAABBCBBB
ZAAADAADL
MBBBCCLKN
IAAABKCDL
MBBBBBBBR
VAAAAEBBB
HAAABBFDP
RAAAAAAAC
LAAABBEKM
UAAAABCDA
TAAAABGJR
TAAACFFJF
LAAHGJQXA
OAABCHJAA
FAAAABCDI
PAABBCCAH
MAAAAAAAB
EAAAAAFBO
GAADGIKAC
PAAAAKNDJ
GAADGJDAE
RAAABBCAC
OAABCEMOC
OAABCCDAE
OAABCFBBG
JAAAAABBF
LAAABBGAB
VAAAAEBBF
WAAAAEAJN
AAAABBBBG
HAAABBFEB
MBBBCCAAA
NAAAEGIPU
KAAAAGAAU
UAAAAAOPB
EAAAAAACF
IAAABLAFY
FAAABBBBF
UAAAAAABP
FAAACBBEA
OAABCFBCA
KAAAADBEF
GAADGJDAC
AAABBBBBD
LAAHGKABB
LAAABBBCB
UAAAAAKZB
SAAACAAHG
RAAAAGKNW
IAAABJGCA
FAAAAAAAB
ZAAADEEFQ
LAAACKACC
IAAAAAAAB
DAAAABBBD
TAAAAAAAG
MAAAAAAAA
ZAAADCFAM
IAAABLAFZ
HAAABBFQD
EAAAAAACX
PAAAAKNDQ
AAAAACACL
DAABDABBI
XAAAAAAAL
WAAABBEDA
MBBBBBBBT
HAAAAABBB
ZAAAAABCA
JAAAADLLI
JAAAADLLM
HAAABCAEE
BAAAAAACL
TAAACAEAG
BAAKTAEQJ
AAAABBBBI
XAABCKXOH
NAAACQBBC
GAADGKRBB
WAAABBECY
CAAAAABFC
OAABCFAAE
DAAAAABCJ
BAAAAACTM
QAAAGHCMM
ZAAADEEHE
OAABCHIAB
AAAABBHBB
CAABDFSUA
TAAACADEA
OAABCCDFB
OAABCCDGD
HAAABBFDE
WAAAABBDE
CAAAAABBB
HAAABBFJI
NAAACAGEL
HAAABBDNO
MBBBCAAAC
EAAAAAACE
LAAAABBBC
HAAAAAAAD
QAAADAAAL
IAAACCCEC
IAAACCCFD
OAAAAAAAA
VAAAABDKC
NAAACQAFC
BAAAAACTK
OAABCCDAA
DAABDABBE
JAAAAAAAG
PAAAAKNDN
KAAAACCJK
AAAABBHCB
KAAAACEOS
UAAAAAOSF
XAAAAAABC
LAAABBBCG
TAAAAAABB
PAABBDEVF
ZAAADDDIP
UAAAABBJD
IAAAAAAAF
DAAAABBBJ
HAAABBFDQ
NAAACQAFD
HAAABCIAE
NAAACQBBB
GAADGKQSA
QAAADAAAA
UAAAABBHE
NAAACCDEH
XAAAAAACC
DAAAABBBF
MBBBCCAAD
IAAACCDBJ
OAABCCDGC
MAAAAADEO
EAAAAAFJB
SAAACAAAC
VAAAACBEL
UAAAAAOKM
NAAACQBBE
YAABHKRTK
YAAAAAAAA
RAAABDNFR
LAAACIMCC
NAAACAHBE
BAAKSWABE
BAAKSWABB
KAAAACEOQ
XAAAAABAD
PAAAAKNDO
QAAABBCWR
EAAAAAACD
DAAABCODM
OAABCEMOD
FAAAAAIWE
EAAAAABBC
ZAAADAADM
RAAABBDAH
AAABBDDGC
FAAAABDRF
BAAKSWABC
DAABBCDAB
ZAAADEEIS
WAAAABBDF
SAAAAAAAC
PAABBDEUA
HAAABBFOE
XAABCKXOP
ZAAAAABBQ
JAABCFTHM
CAAAAABFB
LAAACLBBC
RAAABBDAG
QAAAGHCMC
HAAABCKPR
OAABCFBHA
IAAACCDAE
XAAAABCCD
CAAAAABBF
LAAAABBBK
WAAABBFBG
RAAABBHBD
WAAAABBDG
LAAAABBBD
UAAAABBJB
QAAACEIDW
LAAABDDEG
CAAAAAAAP
MAAAAAAAE
UAAAABBJA
FAAABBBCA
IAAABLAGA
ZAAADEGDK
DAABDABBB
EAAAAAGDE
PAAAAKMHC
EAAAAAFCA
YAABBGABB
FAAAAABBB
XAABCQLCG
RAAABBDAE
IAAABJGCB
TAAAAAAAF
GAADGJDAD
YAAAAAAAB
QAAAGHLLM
PAAAAKMFL
VAAAAFACE
BAAKTCCCC
MBBBCCAAC
LAAABBEMK
NAAACQAEG
TAAAABDAA
OAABCCCGY
VAAAADAFA
JAAAAEAAA
ZAAADCEAN
ZAAADDDIT
RAAABBCBE
JAABBFHBD
SAAAAAAAK
IAAACCCDC
CAAAAABGG
HAAABBFDF
KAAAAGBBD
VAAAABDJL
JAABBMBBC
AAABBBBFB
ZAAADEEFR
NAAACQAFE
KAAAAGBBC
WAAABBECZ
YAABBDELV
AAAAAAAAA
NAAABCCLB
ZAAACABDG
VAAAAEEBH
TAAAAEAAD
MBBBCCGKR
NAAAAAADA
VAAANECNU
EAAABCCVF
GAADGIJGO
ZAAACABEE
HAAABBFDG
WAAABBEDC
QAAAGHLLN
RAAABBBER
VAAAAEEBE
BAAAAAAAA
HAAABBFEA
WAAAAAAEI
CAAAAAAAD
TAAAAFBID
LAAABBELC
VAAANECNT
QAAADAAAC
TAAAADDJF
IAAABJGBZ
KAAAACGAG
NAAACQBBF
GAADGIITC
CAAAAAAAN
IAAABKDAN
GAADGKQRU
YAABHKRRA
QAAAGHLMH
HAAABCHAH
UAAAAAPAA
CAAAAAABD
MBBBBBBBG
WAAAAAAEF
HAAAAAAAB
IAAABJGBY
JAAAADLLH
PAABBCCBB
MBBBCCLLA
OAABCEMPA
TAAACFFLC
CAAAAAAAH
OAABCCDEB
AAABBBBBI
SAAACBBCD
FAAAAAIWB
QAAAGHCNC
ZAAADCCCH
FAAACBBNF
WAAAADGNP
YAABBBBBC
SAAABBGXE
TAAAAEAAA
AAAAACACI
BAAAAACTP
KAAAAGAAS
EAAAAAFBP
UAAAABBHD
LAAACIMCE
CAABDFSUC
YAABHKRTB
DAAAABBBE
DAABBCDCW
AAABBDDGA
RAAABBDCI
LAAABBBCA
AAAABBBBD
WAAAADGSL
AAAABBHGD
PAAAAKMHB
YAABBBBCH
MBBBBBBBI
EAAAAABBB
WAAABBFBF
AAABBBBBE
DAABDAAAW
AAAABBBBE
UAAAABBDD
SAAACAAAK
VAAAAFACC
CAABDFSSD
GAADGIAAB
HAAAAABBD
HAAABBFDN
EAAAAAACQ
YAAAACDRR
YAAAAAAAC
FAAACBBNJ
IAAABKDAJ
SAAAAAAAM
YAABBGAAA
LAAACILWZ
DAABDABBD
SAAAABBBB
LAAHGKABC
BAAKSWAAB
BAAKSUPGS
BAAAAPSLQ
YAABBDELW
JAABCFTIA
CAABDFIAB
MBBBBBBBH
TAAACADEB
MBBBBBBBU
WAAABBEHC
QAAAEAAVS
VAAAAFACG
XAABCQMCH
GAADGIJBE
IAAABKDAM
FAAAAAIWC
EAAAAAFJD
EAAABCCNT
EAAAAAFFB
FAAACAACD
AAAAACACG
XAABCQLED
GAADGKQRT
MBBBCCLLE
GAADGIITE
XAAAABCCE
AAAAACACE
PAABBCAAG
MBBBCCKYU
PAAAAKNDP
TAAACADED
UAAAAAOLC
WAAAAAAEH
UAAAAABCC
LAAACILXB
MBBBCAAAB
UAAAAAOKB
WAAABBEEB
HAAABBFJK
RAAABBDCE
CAAAAAABB
SAAABBGWK
YAABBBCAC
PAAAAAABE
OAABCGAKC
UAAAAAOJN
OAABCCDFC
XAABCQLAD
OAABCEMOA
BAAKTAEQA
LAAABBBCI
WAAABBEDB
LAAAABBBE
SAAABBGNT
RAAAAAJEW
UAAAABBID
FAAACAAAA
SAAAAAAAD
ZAAADCFAP
QAAAGHCOK
WAAABBECX
RAAAAAEKU
NAAAEGIPV
IAAABKDAL
KAAAACGAE
SAAAAAABJ
BAAAAAACK
HAAABCHAE
FAAAAAGIQ
NAAACQAFF
VAAAAAAAA
RAAAAAIEC
SAAACAAHF
ZAAAAAAAC
QAAAGHLMG
RAAABECCI
IAAABKBKV
JAAAAABDD
JAABBMDAE
CAABDFSTA
MBBBCCDFI
KAAAAHABB
JAAAAEAAC
GAADGIMEI
HAAABCIAD
QAAADAAAM
JAABBMEBD
WAAAAAAEK
HAAABBFDO
ZAAAAABBD
JAAAAAAAK
PAAAAKNDE
YAAAADABC
MBBBBBBBB
EAAAAAACO
OAABCHJAE
MBBBCCLLC
XAAAAAAAO
FAAABBBBG
TAAABPWEC
QAAAGHLLU
EAAAAACBG
RAAABBBES
QAAAGHLLL
AAAABBHGB
TAAACFFIQ
AAABBBBBH
KAAAAAAAB
HAAABCIBC
QAAAGHCOF
DAABDABBC
UAAAABBJE
HAAABCAAE
MBBBBBBBJ
AAABBDDGB
DAABCALBD
OAABCCDAC
MAAAAAAAD
FAAAABCDF
YAABHKRQY
KAAAAAAAD
QAAAGHLLS
XAABCQLEA
YAAAACDRQ
LAAACIMCD
EAAAAACBI
FAAAAAITS
EAAAAAFBX
PAABBCAAC
DAAAABBBG
VAAAAFACN
DAABDABBH
MBBBCCKYV
FAAACBBBF
YAABBDEMA
GAAAAAAAA
KAAAAFCOL
IAAABKBKN
ZAAADDDIF
GAADGJDAA
ZAAACABEC
YAABBBBCF
RAAAAAGEF
XAABCQGGH
KAAAAGAAQ
SAAABBGZC
WAAABBEGB
MBBBCCKZA
HAAABBFJQ
ZAAACAAAA
SAAACBBCC
RAAABBHBC
ZAAADCDBB
ZAAADDDIV
JAAAAAAAL
OAABCCDEA
TAAAAEAAC
BAAKTAENA
BAAKSUYFG
ZAAACAAAC
UAAAAAOQC
AAAAACACH
RAAAAAGEC
GAADGKQSB
GAADGJDBE
UAAAAAOKP
DAABBCDAA
UAAAAAOKD
AAAABBBBC
BAAKSUPGT
CAAAAAAAK
MBBBBBBCA
BAAAAACTI
AAAAACACF
BAAAAACTQ
TAAAAFBJA
WAAABBBBB
HAAABCIAB
RAAABBBFB
TAAACBBID
BAAKTCCCD
CAAAAAABC
OAABCHJAB
RAAABBCBD
IAAACCCFE
DAABDABBL
MBBBCBCCC
DAABDABBG
RAAAAAGED
OAABCCDEX
BAAKSUPGY
UAAAAAOJM
TAAACADDD
DAABCALBC
HAAABBDNP
OAABCFBDB
NAAACQAFI
SAAACBBBB
VAAAAFACF
UAAAABCDD
NAAAAAACE
LAAACKACD
YAABBBBCE
ZAAAAAAAA
NAAAAAACF
HAAABCIAF
RAAAAAHMD
PAAAAKNDM
OAABCHHHP
KAAAAAAAC
UAAAABBJC
RAAABBDAA
LAAAABBBL
OAABCHHHQ
PAABBCAAA
LAAHGJQWE
SAAABBGNO
YAABBGABC
HAAABCHAK
UAAAAAOKL
UAAAAAOQB
DAABBCDCV
NAAAEGIPT
KAAAAGAAT
CAAAAABGD
AAABBDDHB
XAAAAAACB
ZAAADEEFS
IAAACCCDD
CAAAAAALE
HAAABCHAI
VAAANDUUA
QAAADAAAD
RAAABBDCD
VAAAAEEBJ
OAABCFBCB
WAAAABBDH
OAABCHHHL
GAADGIJGM
DAAAABBBO
ZAAAAAAAB
UAAAAAOKC
XAABCQLEE
TAAACADEC
SAAAAAABH
LAAABBBBI
CAAAAAAAC
NAAABDFLL
TAAAABGJQ
RAAAAAFAA
YAABBBBBB
PAAAAKNDH
OAABCCDFA
QAAAGHCMK
HAAABBEAB
BAAAAAACJ
HAAAAAAAA
WAAAABBDA
QAAAGHLME
VAAAABCCD
CAAAAAABE
BAAAAAABC
RAAABDNFP
DAABBCDCX
KAAAACGAI
RAAABBBBC
FAAACBBNE
MBBBBBBCB
VAAAABDAA
OAABCFBBC
PAAAAKMIA
WAAAAAAAA
ZAAADEEIR
VAAAABDKA
AAABBDDHC
EAAAAAACC
NAAACQBBI
DAABDABBM
NAAABDFMA
WAAAADGSJ
UAAAABCFB
ZAAADCEAM
GAADGJDAG
FAAACBBNG
NAAAAEEEJ
QAAAGHCOE
ZAAADDDIR
VAAAABCCC
GAADGIJGK
YAAAADABD
BAAAAAABA
CAAAAAAAF
CAAAAAAAE
CAAAAAAAG
XAAAAABAC
XAABCQLDH
UAAAAAOLA
LABBAAAAA
DAABBCCCD
IAAABKDAH
FAAACBBPA
PAAAAAABB
SAAABBGWJ
QAAAGHLLR
GAADGJCDH
FAAAABCDK
KAAAACGAC
TAAAABBBB
SAAAAAABK
QAAACEIDV
QAAADAAAN
EAAAAACBH
TAAACBBCE
UAAAAAOLD
QAAABBCYL
VAAAACBEN
CAAAAAAAM
DAAACGAYF
PAAAAKNDL
OAABCCDFG
VAAANECNS
ZAAACABED
TAAACFFFF
OAABCFAAF
TAAABPWEN
YAABBDFDB
VAAAAECAA
EAAABCCNU
YAABHKRTJ
TAAACFFLD
IAAAAAAAG
UAAAAAOJL
EAAAAAFBZ
ZAAADDDIQ
DAABDABBJ
EAAAAAFBY
ZAAADEEIB
EAAAAAACP
NAAACPGGD
LAAAABBBF
JAABBFGIJ
UAAAAAOQA
KAAAAAAAA
QAAADAAAB
HAAABBFJL
HAAABCGRN
EAAABCCNR
NAAACQBBD
QAAABBBBB
SAAAAAABI
BAAKSUYFF
QAAAGHCOI
RAAABDNFO
OAABCFBBE
ZAAACABDF
JAABBMEBE
RAAABBCAI
VAAAABDKP
XAAAAAAAN
AAAAACACN
IAAABKDTL
CAAAAABGE
UAAAABBHF
JAAAADLRC
XAABCQLEB
HAAABBFDD
VAAANECNR
KAAAADACE
BAAAAPSLP
KAAAAAAAE
VAAAACAAC
BAAKSUYFH
MBBBCCDFH
FAAABBBBD
XAAAABCCF
TAAACFFLB
ZAAADCFAL
ZAAADCCCF
FAAACAABB
PAABBCAAD
HAAABCIAI
PAAAAAABC
TAAAAAABE
HAAABCIBB
HAAABCHAG
QAAABBCWQ
PAAAALADE
JAAAAEAAE
JAABBMDAA
RAAAAGKOA
ZAAADCFAO
ZAAAAABBB
PAAAAKNJA
QAAAGHCMF
TAAACBBFB
JAAAAEAAD
ZAAABGGJH
DAAADDHAC
SAAAAAAAL
CAABDFHVP
DAABDABBK
SAAABBGXD
AAABBBBFA
KAAAACEOR
XAAAAAACA
LAAACILXA
ZAAADCCCG
AAAABBBCJ
JAAAAABDE
AAABBDDFH
MBBBCCKYT
XAAAAABAG
RAAAAAAAA
FAAACBBBH
UAAAABCDE
TAAACBBFD
CAABDFSUB
PAAAAAABD
ZAAAAABBC
TAAACBBIE
DAAABCLGM
JAAAADLLJ
JAABBMDAD
AAAAABBBG
GAADGIKBD
EAAAAAFEB
DAABBCCCE
GAADGKQRV
SAAAAAABB
FAAABBBBE
YAABBDFCH
YAABBDELU
UAAAABCBQ
WAAAAEAJV
VAAAOAAAA
BAAAAAABB
OAABCFBBH
GAADGIAAC
ZAAACABEA
VAAAACBEM
FAAAABCDJ
DAAADDHAB
XAABCQMCG
FAAAABCDL
LAAAABBBH
LABBAAABC
OAABCCDFH
PAABBDETH
BAAAAACTL
TAAACFFJA
GAADGHHBI
TAAACFFFD
SAAAABCFU
NAAAEGIPW
IAAABKDAG
JAABBMDAB
YAABBBCAE
ZAAADEGDL
AAAAACACM
HAAABBEAA
IAAACCCED
LAAAABBBJ
YAABBBBBG
JAABBMAAA
WAAAADGSK
JAAAAAAAE
TAAACBBFA
TAAAABCCC
CAAAAABDA
CAAAAABFA
VAAAAFACL
MBBBCCLLB
GAADGIITF
QAAAGHCML
GAADGKQSC
GAADGIMEJ
CAAAAAALD
IAAABKBKO
SAAABBGZB
HAAAAABBC
DAABBCDCC
YAABBDELQ
FAAABBBBC
OAABCHIAC
RAAAAAIEB
PAAAAKNDD
TAAAADDJE
DAABDABBF
BAAKSUYFI
HAAABBFQF
AAABBDDFF
XAABCQLAC
VAAAAFACD
BAAKSUPGR
IAAAAAAAC
VAAAABDKO
AAAABBBBB
JAABBMDAC
UAAAAAOJK
AAABBDDHE
YAAAABBBB
YAABBEFBE
VAAANDUTY
NAAACSADE
RAAAAAHME
PAABBCAAB
CAABDFSSZ
FAAACBBNI
FAAACBBGB
NAAABCCLA
YAABBBCAD
HAAABCIAJ
TAAAAEAAB
LABAZHGDM
AAAABBHBD
SAAAAAABD
XAABCKXOO
UAAAABBDE
EAAAAAFHJ
VAAAABDKB
EAAAAAFIA
LAAAABBBG
WAAAADGNQ
QAAAGHLAZ
UAAAAAOKO
CAAAAABGH
QAAAGHCJB
PAAAAKNDI
PAAAAKMFM
BAAKTAEQI
XAAAAABAB
SAAAABCCD
YAABBDELX
GAADGJCDF
XAAAAABAE
PAAAALACE
VAAAAEEBG
PAABBDEVA
VAAAOAAAB
JAAAADLRB
EAAAAAHBD
TAAACBBFC
OAABCFBBD
IAAACCCFF
FAAACBBBG
PAABBDETI
DAAADDFXS
RAAAAAEKT
TAAACBBCF
DAABCAKME
JAABCFTHL
QAAAGHLLO
QAAAGHLLQ
WAAABBEHA
XAAAAAAAR
EAAAAAGDD
MBBBBBBBS
KAAAAGAAV
OAABCHJAD
AAAABBBBF
KAAAADAAA
FAAACAFFH
HAAABCHAD
UAAAABCDC
WAAAADGNV
YAABBDEMF
NAAABCCLC
IAAABKDAI
GAADGIKAB
AAAAABBCD
KAAAAEAAA
MBBBCAAAA
UAAAAAOSE
NAAACQAGA
SAAABBGZD
JAABBLZPO
XAABCQLAA
QAAADAAAK
XAABCQLCE
BAAKTAEQK
PAAAAKNHA
BAAKTAEMY
SAAABBGXF
NAAAAAABB
EAAAAAFBQ
DAAAAABCG
YAABBDFDC
AAABBDDFG
PAABBBCCC
MBBBCCLLD
IAAACCDAF
WAAABBFBH
DAABBCDCT
BAAKSUPGZ
MAAAAADEN
RAAABBBBD
RAAABBCAH
OAABCHHHO
TAAAABCAA
VAAANECNQ
OAABCCDFF
IAAACCDBC
IAAAAAAAD
NAAACPEMO
GAADGIITD
EAAAAAACG
TAAABPWEO
GAADGIISM
HAAABCHAF
IAAAAAAAA
UAAABBBBD
ZAAADDDIO
EAAAAAFIB
IAAABLADF
XAABCQKNL
HAAABBDNQ
FAAACAACC
WAAABBEHB
MBBBCCAAB
AAAAABBCC
GAADGJBBB
HAAABCHAJ
XAAAAABAF
ZAAADCCCM
EAAAAAFHK
QAAAGHCOM
WAAAADGNW
NAAACSADD
EAAAAAACR
FAAACAKAH
OAABCGAHH
AAABBBBBC
LAAACLBBD
NAAACQBBG
ZAAADCCCN
RAAABBDAF
PAAAAKNDR
HAAABCHAL
AAAABBHCA
NAAABDFLM
FAAAABDRE
HAAABBFJJ
IAAABKDAK
OAABCCDGA
DAABBCDCD
KAAAAGAAR
DAABBCDCU
GAADGIITB
AAAABBCAA
DAABBCCCC
FAAAAAIWA
LABAZHGDH
