YES
YYZYZYYYY
YYYYZZZYY
YYZZYZYZY
YZYYYYYZZ
ZZYYZYZZY
ZYZZYZYYY
ZZYZYZYYZ
ZYZYZYZZY
ZYYZYYZZY
ZZZZZZYZZ
ZYZZYYZYZ
ZZZYZYYZY
ZYZYZYZYZ
ZZYZZZYYZ
YYYZZZYYY
ZYYYZYYYZ
ZYYZZZYYZ
YZYYYYZZZ
YYZZYZZZZ
YYZZZYYZZ
ZZYYZZZZY
ZZYZYZYYY
YYYYZYZYZ
YYZZYYYYY
ZZZYYYZZY
YYZZYYYZZ
ZYZYZYYYY
YYZZYYYZY
ZZYZYYZYZ
ZZZYYZYYZ
YZYYYZYZY
YZZZZZZZY
YZYYYZYYZ
YYZYZYZZZ
YZZYYZZYY
ZYZYYYYYY
YZZYZYZYZ
YZZZYYZZY
ZZZZZZYYY
YYYZZYYYZ
ZYZZYYZZY
ZYYZZYYYY
ZYZYYZYYY
YYYZYZYYZ
YZYZYZZYY
ZZYZZZZYY
ZZYYZYZYY
YYZYZZYYZ
YYYYYYZYZ
YYYYYZYYY
ZZZYYYYYZ
YYYZZZYZZ
ZYZYZZZYZ
YZZYYYZYY
ZZYYYYYZY
YYYZYYZZZ
YYYZYYYYZ
ZYYYZYZZZ
YZZZYYYYZ
ZZZYYYZYZ
ZZZZZYZYY
YYYYYYYZY
YYZYZYYZY
ZYZZYZZYY
ZZZYYYZYY
YYZYZYZYY
ZZZYZYZZY
ZYYZZYYZY
YZZYZYZYY
YYZYZZYYY
YYYZZZZYZ
ZYZZYZZZZ
YYYZZYZZZ
YZZZZYYYZ
ZYZYYZYZZ
YZZYZZZZZ
YZZZYYZYZ
YYZYYYYZY
YYYYYYYZZ
YYYZYYZYY
YYYZZYYYY
YZYZYYYYY
ZYZZYYYZY
YYZYYZYYZ
ZZZZZYZYZ
ZZZYYZYYY
ZZZZZYYZZ
YYZZYYZYY
ZYZYZZZYY
YZYYZYYZY
ZYZYYYYZZ
YZZYYZYZZ
ZYYYYZYZY
YZZZZZYZY
ZZYZZYYZZ
YZZYYZZZY
YYZZYYZZZ
YZYZZZYZZ
YZYZZYYYY
YZZZYZYZY
ZYZZZZYYY
YYZZZZYZZ
ZYZZZZYZZ
YZYYYYZYY
YYZYYZYZZ
ZZYZYZYZY
YZZZYZZZY
ZYYYZZZZZ
YZZYZZYYY
YYYYYYZZY
ZZYZYZZZY
YYYYYZYZZ
YZZYZZYZY
ZYYYYZZYY
YZYZYYZYY
ZZYZYYZZY
YYYZYYZYZ
YZZZZZZYZ
ZYYZYZZZY
ZZZZZZYYZ
ZYZZYZYZY
YYYYYYYYZ
YZYYZYZYY
YZZYYZZYZ
ZYZZYZYYZ
ZYYYYZYYY
ZZYYYZZYY
YYYYYYZZZ
ZZYYZZZZZ
YZYYZZYZY
ZYYZYZYZY
YYZZZZZZZ
ZZZYZZYZY
YYYZYZZZZ
ZZZYZYYYY
ZZZYZYYZZ
ZZYYYYYYZ
YYZZZZYYY
YZZZYZYYZ
YZZZYYYYY
YZZYZYZZY
ZZZZZZZZY
YZYZYYZZY
ZZZYYYZZZ
ZYZZYYYYY
YYZYYYZZY
YYZZZYYYZ
YZZZYZZZZ
YZZYZZZZY
YYZYYYZYZ
YZYZYYYYZ
ZZZZYZZYZ
ZZZZYZZZZ
ZYZZZZYZY
ZYZZYZYZZ
YZZZZYYZZ
YZYYYYYYY
YYZZYZYYZ
ZZZZZYYYY
YZZYYYZYZ
ZZYZYYYZZ
ZYZYYZYYZ
ZZZYYZZYY
ZYYZZZYZZ
YZYZZYYZZ
ZZZYZYZYZ
YYYYZZYYY
YYZYZZYZZ
YZYYZYYYZ
YYZYYZZZY
ZZYZZZYZZ
ZZZYYZYZZ
YYZYZYYYZ
YYYYZYZZZ
ZZZYYZZZY
YZZYYYYZZ
YZYYZZZYY
ZZZZYZYYZ
YYYZYYYZY
ZYYYYZZZY
ZYYYZZYZY
ZZZZYZYZZ
YZYZZZYYZ
ZZZZYYYZZ
ZYZZYYYZZ
ZYZYZYYYZ
ZYZYZYZYY
YYYYYZYZY
ZZYZZYZYY
YZYYYZYZZ
YYZYYZZYZ
ZYYYZYYZZ
YYYYYZZYZ
YYZYYYZZZ
YZZZYYYZY
ZYZZZYYZZ
YZZYZYZZZ
YZYZYYZYZ
YYZYZZZYZ
ZYYYYYYYZ
YYYYYZZYY
ZYYYZYZYZ
YZZYZYYZZ
ZZYZZZZZY
ZYYYYZZYZ
ZYZYZYZZZ
ZYYYYZYYZ
YZZYZYYZY
ZYZYYZZZZ
ZZYYYYYYY
YYYZYYYZZ
YZZYYYZZY
YYYYZYYZZ
YYZZZYZYZ
YYZZYZZZY
YZZZYYZYY
YZYZZYYZY
ZYYYYZZZZ
ZZYZZZZZZ
YZZYZYYYZ
ZZYYZYYZY
ZZYZYZZYY
ZYYZZZZYZ
ZYZZZZZYY
YYZZZYZZZ
YYZYZZYZY
YZYZYZYZZ
YYYYYZYYZ
YYZZZYYYY
YZZYZZZYY
YYZYZYYZZ
YZZZZYYZY
YYYYZYZYY
YZZZZZYZZ
ZZYZYYYYY
ZZZZZYZZZ
ZZYYZYZZZ
YYYZZZYZY
ZYZYYYYYZ
ZYZZZZZYZ
YYYZZZYYZ
YZZZZZZZZ
YZYYYYYYZ
YZYZYYZZZ
ZZZZYYYYZ
ZZZYZZZZY
ZZYYYYYZZ
YZZYZYYYY
ZZYYYZZZY
ZYZYYYZYY
YYYYYZZZY
ZYZYZZYZZ
YZYZZZYYY
YZYZZYZZY
YYYZZYZZY
ZYZYYZZYZ
ZYYYYYYYY
YZYYYZZYY
YYYZZYZYY
ZYYZYYYYY
ZYZZYZZZY
ZZYZZYYYZ
YYYZYYZZY
YYYZZYZYZ
ZYYZZZYZY
ZYYZZYZYZ
ZYYYYYZZZ
ZYZZZYYZY
ZZYYZYYYY
YYZZZZZYY
ZZZYYZZZZ
ZZYYYZZYZ
YZZZZYZYZ
YYZZZYZZY
ZYYZYZZYZ
YZZZZYZZY
YZYZYZZZY
YZZYZZYZZ
YYYZYZZYZ
YZZYYYZZZ
YYYYZZZYZ
YZYZZYZZZ
ZZZZYZZZY
ZZZZYYZYY
ZYYZZZZZY
YZYZZYZYZ
YYYZYZYZY
ZYZYYYZZY
ZYZZYYYYZ
ZZYZYZZZZ
YYYZYZYZZ
ZYYZZYYYZ
ZYYZYYZZZ
ZYZZYYZYY
ZYZZZYZYZ
YZYYZYYYY
ZZZZZZZYY
YYZYZYZZY
ZZZYYZYZY
YYZZZZZYZ
YYZZZYYZY
YZZZZZYYZ
ZYYZYYYZZ
YYYYYYZYY
ZYZYZZZZZ
YYZYZZZZY
ZZZZZZZYZ
ZZZZYZZYY
ZYYZZYZZZ
YYZYYZYYY
YYZZYYZZY
YZYZZZZZZ
ZZZZZYYZY
ZYYZYYZYZ
YZYZYZYYZ
YYZYYZYZY
ZYYYZYYZY
ZYYZYZYZZ
ZYZZZZZZY
YZZYYYYYZ
ZZZZZYZZY
YZZYYYYZY
ZZZYZZYYY
YZYZZYZYY
YYZYYYZYY
YZZZYYZZZ
ZZZYZYYYZ
ZYZYZZYZY
YYZZZZYZY
YZZZZZZYY
ZZYZZYZYZ
YYYZZYYZY
YZYZYZYYY
YZYZYZYZY
ZYZZZZZZZ
ZYYZYZZYY
YYYYZYYYZ
YYZZYYZYZ
YYZZZZYYZ
ZZYYZYZYZ
ZZYZYYZZZ
ZZYYYYZYZ
YZYYYYYZY
YZYYZYZZY
YZYZYZZZZ
ZYZYZYYZZ
YZYZZZYZY
ZZYYYYZZY
YYZZZYZYY
ZYYYZZZYZ
YYZYYYYYY
ZZYYZZYYY
ZZYYZZZYY
YYZYZZZZZ
YZYZYYYZZ
YZZYYZYZY
YZZZZYYYY
YZZZYZZYY
ZZYZZZYYY
ZZYZYYZYY
ZZZYZYZZZ
ZZZYYZZYZ
ZYYZYZZZZ
YZYZZZZZY
ZYZYYYZZZ
YZZZYZYZZ
ZYZZZYYYZ
YZYZZZZYZ
YYYZZZZZY
ZYZZZYYYY
YYYZZZZZZ
ZYYYZZZZY
YYYYYZZZZ
ZZZYZZZZZ
ZZYYZZYYZ
ZYZZZYZZZ
ZZZYZZYYZ
YYZYZYZYZ
YYYZZYYZZ
ZZYYZZYZZ
ZZZYZZZYY
ZYZYZZYYY
ZZYYZYYZZ
ZZZZYYYZY
YZZYYYYYY
ZYYYYYZYY
YZYYZZYYY
ZZZYZYZYY
ZZYYYZZZZ
ZYZZYYZZZ
YYZZYYYYZ
ZYYYYYZZY
ZZYYYZYYY
ZZYZZZYZY
YZZYZZZYZ
YYZYYZZZZ
ZYYYZZYYY
ZZZYYYYZY
YYYZYYYYY
ZZYZYYYYZ
YZYYYYZYZ
ZYZYYZZZY
ZYYYZYZZY
YZYYYYZZY
YZZZYZZYZ
YZYYZYZZZ
ZZZYZZYZZ
YZZZYYYZZ
YYZYYYYYZ
YZZYZZYYZ
ZZZZYYZZZ
ZYYZZYZYY
YZZZZZYYY
YZYYZZZZZ
YZZZZYZYY
YZYYYZZZZ
YYYYZYZZY
YZYZYZZYZ
ZZZZZZZZZ
YYZZYZZYY
ZZYYZZZYZ
ZYYZZZZYY
ZYYZYZYYY
ZYYZZYYZZ
ZZYZZYZZY
YYYZYZZYY
ZYYZYZYYZ
ZYYYYYZYZ
ZZYYYZYYZ
ZZZZYYZZY
YZYYZZZZY
ZYZYYZZYY
YZYYZZZYZ
YZZYYZYYZ
YYYYZZYYZ
ZYYYZZZYY
ZYZZZYZYY
ZYYYZZYYZ
YZZYYZZZZ
ZYZZZYZZY
YYYZYZZZY
ZZZZZYYYZ
ZYYZYYYZY
ZYZYZYYZY
YYYYZYYYY
ZYYZZZZZZ
YZYYZZYZZ
YZYZZZZYY
ZYYYZYYYY
ZYYZZZYYY
ZZYYYYZYY
ZYZYZZYYZ
YYZZZZZZY
ZYYZYYYYZ
ZZYZZYYZY
ZZYZYZYZZ
ZYYYYYYZZ
ZZZZYZYYY
YZZZZYZZZ
YYZZYZYZZ
ZZZZYZYZY
ZYYZYYZYY
ZYZYYZYZY
YYYYZZZZZ
YYYYYYYYY
YYYZZZZYY
ZZYZZYZZZ
ZYZZYZZYZ
YZYYZZYYZ
YZYZYYYZY
ZYYYYYYZY
ZZYYYYZZZ
ZYYYYZYZZ
ZYZYYYZYZ
ZZZZZZYZY
YYYYZZZZY
ZYYYZZYZZ
YYYYZZYZZ
ZZYYZZYZY
ZZYZZZZYZ
YYZZYZYYY
ZZZZYYZYZ
YYZYYZZYY
YYZYYYYZZ
ZZZZYYYYY
ZYYZZYZZY
YZYYYZYYY
YZYZZYYYZ
ZYZZZZYYZ
YYYYZZYZY
YZYYZYYZZ
ZYZYZZZZY
YYYYZYYZY
ZZYZYZZYZ
YZYYYZZZY
ZYYYZYZYY
ZZYYYZYZZ
ZYZYYYYZY
YZYYZYZYZ
ZZZYZZZYZ
YYZZYZZYZ
ZZZYYYYYY
YZZYYZYYY
YZZZYZYYY
ZZYYYZYZY
ZZYYZYYYZ
ZZYZZYYYY
ZZYZYYYZY
YYYZYZYYY
ZZZYYYYZZ
YZYYYZZYZ
YYZYZZZYY
