YES
CAIB
CAFE
BADD
AAJG
CAFC
GAAC
CAED
EBAA
EAHH
HAAJ
DBAG
GAGF
CAAB
DBBG
HAIH
IAJD
GADE
AAIJ
CAEE
AABI
AACH
CABF
JAEJ
BAGC
EAII
DBAH
JADD
BAAF
HAFA
EAJF
AAFG
FAID
EBAB
GAHG
GAAD
GAIC
AAJF
FACJ
AAHC
HACH
BAFH
EABG
CAGB
GADB
DADI
FAAD
AACC
JAFB
BAAD
CABA
HBAG
EAHI
CAAF
GAHD
IABH
JAGE
CAAJ
HAEC
BAHC
HABI
BAAI
IAFF
JADH
JAHG
BAIA
FAGG
GABG
HAGF
JAHD
FABG
EACG
DAGI
JACC
CAII
GADC
BADF
AACD
BACB
IACE
JAAH
CAID
CAGE
IAEH
AAEE
HAIC
AABA
AAFF
HACE
IAHC
JAEB
FAAG
DAJI
AAAC
BADH
DAFJ
BADE
CAEH
JAFG
IAEE
FADD
DACB
AAEA
DAHF
BAFD
IABJ
CADG
HABC
EAJB
IACH
GBAB
FAAF
HAGB
GAHC
EAAA
IADC
EACH
IAFG
DADB
JABH
GAFA
DAFF
AAAF
HAEE
DABH
CAJB
EAHE
IAIG
FACA
IAHI
FAAA
BAHH
BACF
BABF
DADG
EABE
EAAG
CACD
JACJ
JAEF
AAGG
AAJE
HAJD
BAGB
CABH
AAAH
JACF
DABD
EAJA
CADD
AAFA
FAEH
IADI
EAEI
IAGC
AADF
DAGF
FAGJ
GABC
BAEE
IAII
DAIC
FAFD
CAJE
BAHE
FAFE
FAHG
EABI
FABF
IAEC
IAEB
AAFH
FAHB
CACE
DAID
EAGE
FAEJ
IADJ
AAJC
DBAB
BAEH
EAAD
GAFG
IAHD
HAFJ
GABI
CACI
HABB
EAGB
AAEJ
AAIB
GADA
HAID
FADJ
GACH
BAFF
HAJJ
DAFD
IAJC
FAHF
EAHJ
HABF
IAJG
IAAH
IAEA
AAFE
IAJB
BADB
FAHA
HAED
GADH
AAHG
DAGD
GAFF
IADB
HADJ
DBAJ
CABE
DAFE
HAJH
HAII
FAHJ
CAJC
GAJH
GAEG
AAEH
FAED
GAHA
DACH
GAHE
DAEA
AABC
AADJ
FAFH
CAHE
BABA
HAGC
BAHI
CAGA
GAIG
EADJ
GABD
DAEE
BACG
DAEB
AADB
CAAD
DAJB
BAEA
CABI
AAIF
EABA
HADC
AAEC
GAEB
GAIF
HADB
FABC
DABI
JAGJ
FACC
DABJ
AAIH
AACG
CAAA
EAEA
HAAH
IAAA
EABD
CAFD
DADA
BAFC
EAJH
BACJ
AAGF
GAAB
AADD
EAEE
AAJI
IAHG
JABE
BAGD
HADH
HBAE
AABG
CADE
DBAA
DBBB
CAEG
CAIF
JAGH
FAHE
FAAB
IAGD
DADD
HAHC
EAFJ
DABG
EAFG
CACB
HAJF
EAIG
FAFF
CAIG
IAGI
JABJ
EADA
CAIC
IAGF
DAGG
BAFE
HBAC
DAIH
JAAD
HBAH
BAHA
DABB
BAGI
CAJF
GAEH
JACD
HAIA
AAJJ
FABH
DBBC
AAEF
IACF
CAJD
DAHG
GABJ
AAAI
CAFB
JACB
FAHC
AAFC
AAGI
IAAF
AAFI
CAGD
HAFG
DBAD
EAAH
AAIE
FADG
IAIE
BADI
JAJA
GAFD
GAFJ
HAFF
CADC
EACD
GACG
JAAA
AAIC
JAHI
GAEE
IABB
EAAI
FACB
GAGI
EAHC
DAEF
EAGI
AAED
JAFA
JAAE
HBAB
IAHH
DAIJ
EAIC
BAIC
CAGF
HABH
JAIC
DAGJ
BAAB
HABE
IAGE
IAID
GAHI
FAGA
BABJ
GABA
EAGJ
FAIH
HAJI
JAFD
DAHD
IAIB
CAHA
GAAE
GAJC
EACI
BAAH
IAAG
CAHH
GADJ
HAHA
CAAI
DAED
CAEC
GACJ
HADF
GAAJ
DACJ
AADG
IAHB
IAFA
AAGD
GABF
AABB
CADJ
AAJH
GAIB
BAEG
GAJI
DACF
IADE
EABF
JAFE
JAGI
HAHH
GAFE
AAEI
DAHH
BADA
EACB
JAIA
IABG
HBAI
IAAD
GACA
JABB
BADC
FABD
HACC
BAAG
DAAB
DAGC
GADD
FADB
JAHC
FADI
EACE
JAAF
JACH
FAGB
EAGC
DAEH
BAHD
HAEA
FAAC
CAAE
DAHC
FAHD
CAGJ
GAGD
EADG
FAGF
EAAB
GAII
HAEJ
GAEJ
IADG
GADI
FADC
CAFA
JADJ
FAFG
EAJD
DAAD
GACI
DBBA
BAEJ
IAFE
BABE
DAHB
JAGF
DBAE
DAIG
AAHI
JAAJ
DAFH
DAAF
EAIA
IACA
HACJ
JAHB
BADJ
EAFF
HAGA
DAEC
EABH
FADE
JADI
AACF
GAIA
HAAB
IAIF
IAIH
EAJI
EAHB
JAGA
IAAB
BAAE
FACI
DADE
DAFB
CACA
GAIJ
EAFH
HAHJ
JAFC
HAJC
CABG
AAAJ
HADA
JAEA
CAIE
IAEG
HAHD
CAJA
GAGG
IACD
AACB
EAIH
AADC
DAFG
EAED
AAGC
EAIJ
HAFC
FAII
IAEF
BAEB
AAII
BAEC
IABF
DAIA
FAGC
FAIB
FAHH
DAAA
CAEB
GABB
CAHF
HAIB
IAGJ
JABC
JAJC
DAJD
HAFE
AAAG
DADJ
HACD
EAAF
JAFJ
JAHJ
CADA
FAFA
GAGJ
AABD
CAEA
AAAE
CAFF
HAHB
GACC
IAIC
DAFA
DACG
JAEC
EABJ
EAJC
GAFH
BABH
EAJE
EADF
JACA
EAAE
HAAG
IADD
EADE
GAJE
BAFI
FAIE
DABA
HAGD
FADA
GAIH
FAEC
HAEI
GAHJ
EAIE
DAFI
DAJC
DAIE
FAJD
DACC
FAEI
CAAC
JAFH
HAFD
IAHJ
EAID
JAIJ
GAJD
AAIA
JAHH
EABC
HAIE
JAAG
HACG
FADF
EADI
GAIE
EAEH
DAGA
DAJF
CACJ
CAFG
CAHB
IAED
CABJ
DBBE
CAGG
AAIG
BAHB
AAFD
IAGG
FAJA
CAHG
JAIB
HBAF
GACB
BAGA
IAFB
CAHC
GAAI
AAJB
BABI
IAAC
AAHB
CACG
FAIA
DACE
IAGH
DAAH
CAEI
FAIF
EAEB
JAEI
JABA
HABA
HAEG
EAIF
BADG
IACI
FAJB
EAFI
BAFA
FACG
DBBF
BAFJ
FAEE
FACH
JAHF
JAED
EAEF
CADH
FAFB
IAIJ
IABA
BABB
BAGG
IADF
EAEJ
GAFC
HAHI
GAJA
HAFH
JAIE
JACI
DAAE
HAAE
AAEB
HAFB
FAGH
BACC
FADH
EACF
EAFC
JAEH
HAIJ
IACC
BAAA
AACJ
IAFH
AAJA
GAEF
FAFI
DAHE
GAAF
HAJB
EAGA
GAAH
IABE
BACD
AADA
IACB
FAEF
AAHD
DAEG
GAEI
EACC
GAFI
HAEB
JABF
IACJ
HADG
HABJ
BAIB
HACF
CACF
JACG
AABE
GAAG
CAFJ
IAEI
FABI
HAIF
FAAE
FABE
GAGC
EAEC
IADH
GAJG
BAHJ
EACJ
AAEG
HAAD
DACA
FABA
AAGJ
GAFB
CAGH
IAJF
EBAC
FAGD
AADH
CAGI
CAHJ
CABB
FACF
JADE
HAAC
BAHF
GAGE
HAJG
CABC
FACE
EAFB
JAGC
IAHA
AAGE
EAAC
AAHF
JADG
BAGJ
DADF
IAFD
JAHA
DAGH
EAHA
BAGH
BAGE
BAFG
HAAF
BAAJ
DAGB
CAAG
FAAJ
HABG
GAJJ
IAIA
JAFF
DAEI
AAJD
CADB
EADC
GACE
CAEF
EAGF
GAHH
HACB
IAAI
JAGB
HAAI
DAJG
EBAE
CAGC
JAHE
IAHF
JABG
DAAC
BACI
ABAA
JADB
IABC
FAHI
AAHJ
DAIB
GAJF
BAEI
DBAF
DAJE
EAHG
HABD
DAAI
FAGE
JAEG
EAJJ
IABD
IAAJ
IABI
AAAB
GAAA
DAJH
JADA
DADH
FAJE
DADC
EACA
AAAD
DBBI
HACI
EBAD
FABJ
HAGI
JAAI
IACG
DAAG
JAAC
JACE
JADF
JABD
CADI
JADC
JAIF
CAAH
HAHE
HAIG
DAJJ
JAEE
BACA
CAHI
JABI
HAGH
GBAA
GADG
DAEJ
CAFI
AADE
AAFB
FAFJ
AACA
AAHH
IAAE
AABH
IAGA
FAIJ
DBBD
JAGD
JAJB
FAFC
EADD
GAEC
EADH
DAFC
FAGI
FAAH
EAIB
EAHD
AADI
GADF
BAHG
JAIG
CAFH
IAFJ
EAGH
JAIH
CAIH
HBAD
IAHE
BAAC
GACF
BABG
EAJG
EABB
IAFC
DAHI
CAEJ
DABC
EAAJ
AACI
FAEB
GAGA
GAID
BABD
GAHF
CACC
GAGH
DABF
JAFI
GAJB
EAHF
HADE
AAGA
FAJC
DAJA
GABH
GAEA
HAFI
BACH
DAII
HBAA
DAAJ
DBAC
GAED
HAGE
BAFB
HAGJ
AAGB
DAHJ
DAHA
AABF
HAHF
HAGG
CAIA
HACA
AAHA
BABC
AACE
GAHB
EAFA
HAEH
IAGB
DBBH
CACH
AAFJ
DACD
EAGD
HAHG
AAGH
AAAA
CABD
BACE
IAEJ
FAEA
EAFE
HAAA
JAGG
DACI
FAAI
JAII
BAED
ABAB
EAFD
HADD
BAEF
EAEG
AAID
CADF
DAIF
FACD
FAIG
DAGE
EADB
IADA
IAFI
FAIC
IAJE
HAJA
FAEG
HAEF
GABE
GAGB
CAIJ
AAHE
JAID
HADI
AABJ
EAGG
FABB
CAHD
BAGF
JAAB
DBAI
HAJE
DABE
GACD
