YES
BAAAAAAAABABBAB
AAAAAABBAABBABA
BAAAAABBABBBABA
AAAAAAABAABAABA
AAAAAABABBAABBB
BAAAAABBABABAAA
AAAAAAABBABBBAA
BAAAAAABBAAABAB
AAAAAABABBABBBB
AAAAAAAAABBAAAA
AAAAAAAABBBAAAA
AAAAAAABABBAAAA
AAAAAABAABABABA
BAAAAABBBAABAAA
BAAAAABBABABABA
BAAAAABABAAAABB
AAAAAAAAABBAABA
AAAAAAABABAAABB
AAAAAABABBAABBA
BAAAAABABBABBBB
AAAAAABAAAABBBA
BAAAAAABBBABABB
AAAAAAAABBAABBB
BAAAAABAAAABABB
BAAAAAAAAABAAAB
BAAAAABBAABBAAA
BAAAAAABAABBABA
AAAAAAAABABBBBA
AAAAAABAABAAAAA
AAAAAABABAAAAAB
BAAAAABAAABBABB
BAAAAAABBBABAAB
BAAAAAAAABBBBAB
BAAAAAAAABBABAA
AAAAAAABBAABABB
BAAAAABABBBABBB
BAAAAABABBABBBA
BAAAAAABBBBBBBB
AAAAAAABAAAAABA
AAAAAABBBBBBAAA
AAAAAAABBBBBBBB
AAAAAABABABBBBB
AAAAAAAAAAAAAAA
AAAAAAAABABBBAA
BAAAAAAABBABBBA
BAAAAABBABBBBBB
BAAAAAAABBBABAB
AAAAAABBBBBABBB
AAAAAAABABBBABB
BAAAAAAAABBABAB
AAAAAAAABAABAAA
BAAAAABAAABBAAB
BAAAAAAAABBAAAA
BAAAAAAAABBBABB
BAAAAABAABBABAB
AAAAAAABBBABBBB
BAAAAAAAABAAABB
BAAAAABAAABABBB
AAAAAAABBBBAABB
AAAAAABABBAAABA
AAAAAAAAABBBBBB
BAAAAABBABAAAAB
BAAAAAABBABBBBB
AAAAAABABAABAAB
BAAAAABBABBBBBA
AAAAAAABAAABAAB
BAAAAAAAAAABBAA
AAAAAAAABBABBBA
AAAAAABBAABAABB
AAAAAAABBBAABBB
AAAAAAAABBBBBBA
BAAAAABABBAABBA
BAAAAAAAAABBABB
BAAAAABAABBABBA
BAAAAABAABBABAA
BAAAAABBABAABBA
BAAAAAABABAABBB
AAAAAABAABAAABA
BAAAAAAABABAAAB
AAAAAABABAABBBB
AAAAAAABABBBAAB
BAAAAAABBABBBAB
AAAAAAAAAAABABB
AAAAAABBBBABBAA
AAAAAABAABAAABB
AAAAAABBBABABBA
AAAAAABAAABAABB
BAAAAAAAAAABBBB
BAAAAAABABBABAB
BAAAAAABABBBBBA
BAAAAAAABBAABBA
BAAAAABAAABBBBB
AAAAAAAABBAAABA
AAAAAABABABBABA
AAAAAAAAAABAABA
AAAAAABAABBBBBB
AAAAAAABBBABBBA
BAAAAAABBBAAABB
BAAAAAAAAABAABA
AAAAAABAAAAABBB
AAAAAABBBBAAABB
AAAAAABABABAABA
AAAAAAABABBBABA
BAAAAABABABBBAB
BAAAAABAABAAAAB
AAAAAAAAAAAABAA
BAAAAAAABBAABAA
BAAAAABBABABAAB
BAAAAABBBAAAABA
BAAAAAAAABBBBBB
BAAAAABBBAAABBB
AAAAAABABBBBBAA
AAAAAABAABBBBBA
AAAAAAAABAAABBB
AAAAAABAAABBBAB
AAAAAAABAAAABBA
AAAAAAAABBAABAB
AAAAAAAABBBBABA
BAAAAAAAAABBBAB
AAAAAAABBBBBAAA
BAAAAAAAAAAABAA
BAAAAABABBBAAAB
BAAAAABBBAABABA
BAAAAABBAABBABB
AAAAAAAAABAABAA
AAAAAABBABBAABA
AAAAAAABAABABBB
BAAAAAABBBABAAA
AAAAAABBBBBBBBB
BAAAAABABAAAAAB
BAAAAAAABAAABAB
AAAAAAABBABBBAB
BAAAAABBABBBAAA
AAAAAABBBBAAAAA
BAAAAAAABBBAABA
AAAAAAAABAABBAB
BAAAAAAAABBAABA
AAAAAABABBBAABB
BAAAAAAAAAAABBB
BAAAAAAABABAABB
AAAAAABBBBAABAA
AAAAAABAAAAABBA
AAAAAABBBBBAAAB
BAAAAABAABABBAB
AAAAAABBAABBBBA
AAAAAABAABAABAA
BAAAAABBAABABAB
AAAAAABBABAAAAA
AAAAAABBBABBBAA
BAAAAAAABBABBBB
AAAAAABBBABABAB
BAAAAAAABBABAAA
BAAAAABBBBAAABB
AAAAAAAABBABBAB
BAAAAAAAABBBAAB
AAAAAAAABAAAAAA
BAAAAAAABBABABB
BAAAAAAABBBBAAA
BAAAAAABBBAABBB
BAAAAABAAAAAABA
BAAAAAAAAABABBB
AAAAAABAABBAAAA
BAAAAAAAABABABA
AAAAAAAAABAABAB
AAAAAAABBABAAAB
AAAAAABBABABABB
AAAAAAABBBBBBBA
AAAAAABAAABBBBA
AAAAAAAABABABAA
AAAAAABABAAABBB
AAAAAAABBBABBAB
AAAAAAAAAAABAAB
BAAAAABBABBABAB
BAAAAAAABBBBBBA
AAAAAABBBBBBAAB
BAAAAAAABAABBBB
AAAAAABBBABAAAB
AAAAAABBABBBABB
BAAAAAABBABABBB
BAAAAAAAABBABBB
AAAAAAABAAABABB
BAAAAAAABAAAABA
AAAAAABABBBABAB
BAAAAAABBABABBA
BAAAAAAAAAABABA
AAAAAABAAABBAAA
BAAAAABAAABBBAB
BAAAAAABABBBAAB
BAAAAAABAABABBB
AAAAAABAAABABAB
AAAAAABAABBAABA
BAAAAAABAAAABAB
AAAAAAAAAABABAA
BAAAAABBABAAABA
BAAAAABBABABBBB
BAAAAABABAABABA
AAAAAAAABABABBB
AAAAAABABAAABBA
BAAAAABAABBBAAB
AAAAAAAABBAAAAA
AAAAAAABAAAABBB
BAAAAAAABAABBBA
BAAAAAABABABBBA
AAAAAABBABAAABB
BAAAAAAABBBBABA
AAAAAABBBBBBBBA
BAAAAABAABBBABA
AAAAAABBBABBAAB
AAAAAAAABAABBAA
BAAAAABAAAABBAB
AAAAAAABBBBAABA
AAAAAAABBAAABAB
AAAAAAABBAAAAAA
BAAAAABABABBBAA
BAAAAAABAAAAAAA
BAAAAABBBABAAAB
AAAAAAAAABABBAB
AAAAAABBBBAABBB
AAAAAABBBABBBBB
AAAAAAAAAABBBAB
AAAAAABBBBAABBA
BAAAAABABBBAABB
AAAAAABAABBBAAB
AAAAAAABABABBAA
AAAAAAABBBAABAB
BAAAAAAABABABAA
AAAAAAAAABABBBB
BAAAAAAABABBABA
BAAAAAAAABABBAA
AAAAAAAAAAABBBB
AAAAAAAABABBAAB
AAAAAAABBABABBB
AAAAAAABABABAAB
BAAAAAAAAABABAB
BAAAAAAAAAAABBA
AAAAAAAAABBBAAA
BAAAAAABAABBBAB
AAAAAABAABABABB
BAAAAABABBBBBBA
AAAAAAAABBABAAA
BAAAAABBBAABBBB
AAAAAAABAAAABAA
AAAAAABBBAAAAAB
AAAAABAAAAABBBA
AAAAAABABAABABB
BAAAAAABABBBABB
AAAAAABABABABAB
AAAAAABBABAABBB
AAAAAAAABBBAAAB
AAAAAAAABBBBBAB
BAAAAABABAABAAB
BAAAAABBAAABBAA
BAAAAABBAAABBBA
BAAAAABAAAAABBB
BAAAAAABBBBBABB
AAAAAABBABBAABB
BAAAAABBAAABBAB
AAAAAABBBBBBBAB
BAAAAABABABABAA
BAAAAAAABAAABAA
AAAAAABAABBBBAA
BAAAAABBBABABAA
AAAAAAABAAABBBA
BAAAAAABABABBBB
BAAAAABBAABBAAB
AAAAAABABAABABA
BAAAAAABBAABAAA
AAAAAAABBBBABBA
BAAAAABBAABABAA
BAAAAAABBAABBBA
BAAAAABAABABAAA
AAAAAABABBAAAAA
BAAAAAAAABAABAB
BAAAAAABABABAAB
BAAAAAABBBAABAB
AAAAAAAABBABAAB
AAAAAABABBABAAA
AAAAAAABBBBBBAA
BAAAAABBAABAAAB
AAAAAABAABABAAB
BAAAAABBABAAABB
AAAAAAAABBBBBBB
BAAAAAABABBBABA
AAAAAABBABBBBAB
AAAAAAAABBBABAB
AAAAAAABAAAABAB
AAAAAAAABABBABA
BAAAAABBAABAAAA
BAAAAABAABABAAB
BAAAAAAABBBBBAB
AAAAAAABBBBAAAB
AAAAAABBBAABABA
AAAAAABAABABBAB
BAAAAABBAABABBB
AAAAAABBBAABBAB
BAAAAABBABAABBB
BAAAAABBAABBBAA
BAAAAABBBBABAAA
BAAAAAABAABBAAB
BAAAAAABAABBBBA
BAAAAABAAAABBBB
BAAAAAAABAABABB
AAAAAAABBBABABB
BAAAAABAABABABA
AAAAAABBABAABAA
BAAAAAAAAAABABB
BAAAAAABABBABBA
BAAAAAAABAABBAA
AAAAAAABBBBABAB
AAAAAAAAABAAAAA
BAAAAABBAAABABA
AAAAAAABABABABA
BAAAAAABABABABB
BAAAAAAABABBBBA
BAAAAABBBBAAABA
AAAAAAABABAABBB
BAAAAAABAAAAABA
AAAAAAABAAAAAAB
BAAAAAABBAAAABB
AAAAAABBAABBBAA
AAAAAABABAAABAB
AAAAAABAABBABAA
AAAAAAAAABBABBA
AAAAAAAAABAAAAB
BAAAAABBBABAAAA
BAAAAABAAAABAAB
AAAAAAAABABABAB
BAAAAABABBABAAB
AAAAAAABBAABBAA
AAAAAAAAABBBBBA
AAAAAAABBABABBA
BAAAAABBBABBBBA
AAAAAAAAABBBBAB
BAAAAABBAAAABBB
BAAAAAABAABABAB
AAAAAAAAAAABBAB
BAAAAABBBAABBAB
BAAAAAAABAABABA
BAAAAAAAAAABBBA
AAAAAAAAABBBABB
AAAAAABBBAAAABB
AAAAABAAAAAABAA
AAAAAAAABBABBAA
AAAAAAAAAAAAABB
BAAAAABABBBAABA
AAAAAABBBBBABBA
AAAAAAABABAABAA
AAAAAAABABBABAA
AAAAAABAABAABAB
AAAAAAAAABBBBAA
BAAAAAABABBBBAA
BAAAAAAAABAAAAB
AAAAAABBBBBBABB
BAAAAAAAABABABB
AAAAAABABBBAAAA
AAAAAAAAAAAAABA
AAAAAABAAAAABAA
AAAAAAABAABABAA
BAAAAABABABABBA
BAAAAAABBAABAAB
BAAAAABABBBABAB
AAAAAABBBAABBBA
AAAAAABBBBBAABB
BAAAAABABBBABAA
BAAAAABABBAABBB
BAAAAABBBABAABB
AAAAAAAABBBBAAA
BAAAAAABBABBBBA
AAAAAABAABAABBB
BAAAAABAABAABAA
AAAAAAABBAAAABB
AAAAAABABBBBABB
AAAAAAAABAAAABA
BAAAAAABABAABBA
BAAAAABABBBBAAA
AAAAAABAAABABAA
AAAAAABABBBBBBB
BAAAAABABBBBBBB
AAAAAAABBAAAABA
BAAAAAABBBABBBA
BAAAAABBAAAAABB
BAAAAABABAAAAAA
BAAAAAAABABABBB
BAAAAAABBBBAAAA
BAAAAAAABBBBAAB
AAAAAAABABAAAAA
AAAAAABBBABAAAA
AAAAAABBABBABBA
BAAAAAABBAAABBB
BAAAAABAABAABBB
AAAAAAABAAABABA
AAAAAABABAAABAA
AAAAAAABABBBBBA
AAAAAABBBBBBABA
BAAAAAABAAAAAAB
BAAAAABBABABABB
AAAAAABABBBAAAB
BAAAAABABAAAABA
BAAAAAABBAABABB
AAAAAABAAABAAAA
AAAAAABBBAAABBA
BAAAAAAABBBAAAA
AAAAAAABABAABBA
BAAAAAAAAABBAAA
BAAAAAABAAAABAA
AAAAAAAABABBAAA
BAAAAAAAAAABAAB
AAAAAAAAABAABBA
AAAAAAAAAAABAAA
BAAAAAAABBBABBB
AAAAAAABAABAAAA
AAAAAAABAAAAABB
AAAAAABBBAABBBB
BAAAAABABBBBAAB
AAAAAABBABAABAB
AAAAAABAAABABBA
BAAAAAAABAAABBA
BAAAAAABBBAAAAB
AAAAAAABABABBBB
BAAAAAABBBAAABA
AAAAAAAABBBABBA
BAAAAAABABBBAAA
AAAAAAAAAABBABA
AAAAAABBBABBABA
BAAAAABABBABABA
AAAAAABABBABBAB
AAAAAABAAAAAABB
BAAAAABBAAABAAA
BAAAAABBABAABAA
BAAAAABABABAAAA
AAAAAABAAABBBBB
AAAAAABABABAAAB
AAAAAABABABABBA
AAAAAABBBBBABAB
AAAAAABBABABAAB
AAAAAAABAABBAAB
BAAAAABABBAAABB
BAAAAABAAAAABAB
BAAAAAABABAAABA
AAAAAAAAAABBBBA
BAAAAAAAAAABAAA
BAAAAAABBAABBAA
BAAAAAABAAAABBB
BAAAAABBBAAABAB
BAAAAABBBABABBB
BAAAAAAABBAAABB
BAAAAABAAABAABA
BAAAAABAAABABAB
AAAAAABABABABBB
BAAAAABBABBAAAA
BAAAAAABBABABAB
BAAAAABABAAABBB
BAAAAAABBAAAABA
AAAAAABABABBAAA
BAAAAABAAABAAAB
BAAAAAAABBBAABB
AAAAAABBBAAABAB
AAAAAABABABABAA
AAAAAAAAAABABBB
AAAAAAAABABAAAB
AAAAAABAAAAAAAA
AAAAAAABBAABBBA
BAAAAAABAABABAA
AAAAAAAAABBABAA
BAAAAAABBBABBAA
AAAAAABAAABABBB
BAAAAAABBAAAAAB
BAAAAAABBABBAAA
AAAAAABBAABBABB
AAAAAABABABBBAA
AAAAAAAAAABABAB
BAAAAABAAAABAAA
AAAAAAABBAAAAAB
AAAAAABBBBAAABA
AAAAAABAAAAAABA
AAAAAABBAABABBA
BAAAAABBBABBBAB
BAAAAABBABABBBA
BAAAAAAABABABAB
AAAAAAAAAABBAAA
AAAAAABBBBAAAAB
AAAAABAAAABAAAB
BAAAAAABABBAABB
BAAAAAAABAAAAAB
AAAAAABBBBABABA
AAAAAABBBABBABB
AAAAAAABBABAAAA
BAAAAAABABBAAAB
AAAAAAABAAABAAA
BAAAAAABBAAAAAA
AAAAAAAAABABAAA
BAAAAAABBBBAABB
BAAAAAAAAAAAAAB
AAAAAAABABBABBA
AAAAAAAAABAAABA
AAAAAAAABBABBBB
AAAAAAABABBBBAB
BAAAAAABAABAAAA
BAAAAABBBABBABB
BAAAAAAABABAABA
BAAAAAAABBBABBA
AAAAAAABBABBBBA
BAAAAAABBBABABA
AAAAAABBBAABAAB
AAAAAABBBABBAAA
BAAAAAAAAABBBAA
AAAAAAAABBBBAAB
AAAAAABABAABBAB
AAAAAAABAABBABB
AAAAAAABBBBBABA
BAAAAAABAABABBA
BAAAAAABAAABABB
AAAAAAAABABBBAB
BAAAAAAABABBBAB
AAAAAABAAAABABB
AAAAAAAAABABBAA
BAAAAAAAABAABBB
AAAAAAAAAABAAAA
BAAAAAABBBBABBB
BAAAAABAABAABAB
AAAAAAAAAABAAAB
BAAAAAAABBABBAA
AAAAABAAAAAABBA
AAAAAABABABBABB
BAAAAABABAABABB
BAAAAABAABABBBA
BAAAAAAAAAAAABB
AAAAAABABBABABA
BAAAAAABABBBBBB
AAAAAAABBBBABBB
BAAAAAABAAABAAB
BAAAAAABABBBBAB
AAAAAABBAABBBBB
AAAAAABABABAABB
BAAAAAABBABAABB
AAAAAAABABBABBB
BAAAAABAABBBBAA
BAAAAAAAAABAABB
BAAAAAABBBBBBBA
AAAAAABAABBBAAA
AAAAAABBAABBAAB
BAAAAABBBABABBA
BAAAAABABBAABAB
BAAAAABBABABBAA
BAAAAAABAABBBBB
BAAAAAABABAABAB
AAAAAAAAABBAABB
BAAAAABABABBBBA
BAAAAABABBBAAAA
AAAAAAAAABABAAB
AAAAAAAAAABAABB
BAAAAAAAABAAAAA
BAAAAABBABBAAAB
AAAAAAABBBAAABB
AAAAAAABBABABAA
AAAAAAAABBBBABB
AAAAAAABAABABAB
AAAAAAAABAAABAB
BAAAAABAABABBAA
BAAAAABAABBAABA
BAAAAABBABBBABB
BAAAAABAAABAABB
BAAAAAAAAAAAAAA
BAAAAABABABBAAA
AAAAAAAABBAABBA
AAAAAAAABBBABAA
BAAAAAABAAABBBB
BAAAAABABAABBBA
BAAAAAABBABAAAA
AAAAAABBABABBAA
BAAAAABAABBBBBA
AAAAABAAAAAABAB
AAAAAABBABABBBB
BAAAAABAABBAABB
AAAAAABBABBBAAA
AAAAAABBABABABA
BAAAAABAAAABABA
BAAAAAAAABABAAA
AAAAAABAABAABBA
BAAAAABBBAAAAAB
BAAAAAABBABBABB
AAAAAABABBAAABB
AAAAAABAABBBBAB
AAAAAAABBBAABBA
AAAAAAABBBABAAB
BAAAAABBAABBBAB
BAAAAAABABBABBB
BAAAAAAABBAABAB
BAAAAAAABBBBBAA
BAAAAAABABBAAAA
AAAAAABAAAABBBB
BAAAAAAAABBBAAA
BAAAAABABABBABB
BAAAAAABBAAABBA
AAAAAABABBABABB
AAAAAAABABBABAB
AAAAAABAAABBABA
AAAAAABBBBBAAAA
AAAAAABABABBBBA
BAAAAAABAAAAABB
BAAAAABBABBAABA
AAAAAABAABABBBA
BAAAAABBBABBAAB
BAAAAAAABABBBAA
BAAAAAABBBAABBA
BAAAAABBAAAAABA
AAAAAAABBABBBBB
AAAAAABAABBAABB
AAAAAAAABAABAAB
BAAAAAAABABABBA
AAAAAAAABABAAAA
BAAAAABABABABAB
BAAAAABABABAABA
AAAAAABAAABBBAA
BAAAAAAAAAAAABA
AAAAAABBBABAABA
AAAAAABBAABAABA
BAAAAAABABAAAAB
BAAAAAABABABAAA
AAAAAAABABAABAB
AAAAAABBABABBBA
BAAAAABAAAAAAAB
AAAAAABAAAABBAA
AAAAAABBABBBBAA
BAAAAABABBABAAA
AAAAAAAABABAABB
BAAAAAABABAABAA
AAAAAAAAAAABBBA
AAAAAABBBBABAAA
AAAAAAAAAAAABAB
AAAAAAABBBAAAAB
AAAAAABABBAAAAB
AAAAAAAABBBAABB
AAAAAABAAABBAAB
BAAAAABBBAABAAB
AAAAAAABAABAAAB
BAAAAABAABBBAAA
BAAAAABBAAABBBB
AAAAAAABBBBBABB
BAAAAABABBBABBA
BAAAAABAABABABB
AAAAAABBABBBABA
AAAAAAABBBABBAA
AAAAAAABBAAABBB
BAAAAAABAAABAAA
AAAAAAABBBBABAA
BAAAAABAAAAABAA
AAAAAAAAABAAABB
AAAAAABAABBABAB
AAAAAABAABBBABA
AAAAAAABBABAABA
BAAAAABBAAAAAAB
AAAAAABAABBABBA
AAAAAABBBAABBAA
BAAAAABBABAAAAA
AAAAAAAABAABBBA
AAAAAAABABBAABB
BAAAAAAAABBBBAA
AAAAAABBAABBBAB
BAAAAAABBABAAAB
AAAAAABBABABAAA
AAAAAABBAABABAA
BAAAAABABABAABB
BAAAAAABBAABBBB
AAAAABAAAAABABA
AAAAAABABAABAAA
BAAAAAABAAABABA
AAAAAAAAABBBABA
BAAAAAABBBBBBAA
AAAAAABBBABABBB
AAAAAABBABBBBBB
BAAAAABBABBBBAB
BAAAAAAAAABBAAB
AAAAAAAAABBABAB
AAAAAABBBAAAAAA
AAAAAAABBBAABAA
AAAAAAABABAAAAB
BAAAAAABAABBAAA
BAAAAAAAAABABAA
BAAAAAABAABBBAA
BAAAAABABAAABAB
BAAAAABABAABBAA
AAAAAABAABBABBB
AAAAAABAABAAAAB
BAAAAABABABBBBB
AAAAAAAABAAABBA
AAAAAABBBBABAAB
BAAAAABAABAAABB
BAAAAABAAAABBBA
AAAAAABBBBAABAB
BAAAAABABBBBBAA
BAAAAAABBBABBBB
BAAAAABAABAABBA
AAAAAAAABABABBA
BAAAAAAABABAAAA
BAAAAAAAAAABBAB
AAAAAABAAAABAAB
BAAAAABBBAABABB
BAAAAAAABBBBABB
AAAAAAABAAABBAA
AAAAAABBABBBBBA
AAAAAABABBABBAA
BAAAAABAAAAAAAA
AAAAAAABBAABBBB
BAAAAAABAAABBAA
BAAAAABAAAAABBA
BAAAAAAAAABBABA
BAAAAABBBBAAAAA
BAAAAABBAAAABAB
AAAAAABABBBABAA
AAAAAABBAABAAAB
AAAAAAAABABBBBB
AAAAAABABBBBAAA
AAAAAAABAABBBBB
AAAAAABABBBBBAB
BAAAAABABAAABAA
AAAAAAABAAABBAB
AAAAAAABABBBAAA
BAAAAABBABAABAB
BAAAAABBBABBAAA
AAAAAABABAABBAA
AAAAAABBBBABBBA
AAAAAAAAABABABA
BAAAAABAAABABBA
BAAAAABBBBAABAA
BAAAAAAAAABABBA
AAAAABAAAAABBAB
AAAAAAAAAABBAAB
AAAAAAABBABBABA
BAAAAAAAABABAAB
AAAAAAAABBAAAAB
BAAAAABBBAABBBA
BAAAAABABBBBABA
AAAAAABBAABBAAA
BAAAAABAABAAABA
AAAAAAAAAAABABA
AAAAAAAAABBAAAB
AAAAAABAAAABBAB
AAAAAABABAAAAAA
AAAAAABABBBBBBA
AAAAAABBABBBAAB
AAAAABAAAABAABA
BAAAAAABBBBAABA
AAAAAABBBABBBAB
BAAAAABBAAAABAA
AAAAAAAABBAABAA
AAAAABAAAAABAAA
BAAAAAABAAAABBA
AAAAAAABAABBBBA
BAAAAAAABBBAAAB
BAAAAABBBAAAABB
BAAAAABABBAAAAB
BAAAAAAABBAABBB
AAAAAABBBAAABBB
BAAAAABAABBBBAB
AAAAAABAABBAAAB
AAAAAABAAABAAAB
BAAAAAABBBBBABA
AAAAAAAABAABABB
AAAAAAABBBBAAAA
AAAAAAABBBAAABA
BAAAAAABBBBBBAB
AAAAAAABABABBAB
AAAAAABBBBBABAA
AAAAAABABBBABBA
BAAAAAAABAABAAA
AAAAAABABBBAABA
BAAAAAABBBBABAA
AAAAAAAAABABBBA
AAAAAABAAAABABA
BAAAAAABABABABA
BAAAAABBAABAABA
AAAAABAAAABAAAA
BAAAAABAAABBABA
AAAAAAABBABBAAA
BAAAAAAAABAAABA
AAAAAAAAABAABBB
AAAAAAABBABBABB
BAAAAABABABBABA
BAAAAABABAABBAB
BAAAAAAAABAABBA
AAAAAAABBBBBBAB
AAAAABAAAAABBBB
AAAAAAAABAAAAAB
AAAAAABBBBABBAB
AAAAAABBABBABBB
BAAAAABABBAAABA
AAAAAAABABABAAA
BAAAAAAABBAAABA
BAAAAABBBBAABAB
BAAAAAABBBBABBA
AAAAAAABABABBBA
BAAAAAABABABBAA
BAAAAAABBBBBAAB
AAAAABAAAAABAAB
BAAAAAAAABBBABA
BAAAAABBABABBAB
BAAAAABBABBABBA
AAAAAAAABBAAABB
AAAAABAAAAAABBB
BAAAAAAABABBABB
BAAAAABBBBAABBA
AAAAAAABAABBBAA
BAAAAAAAABBAABB
AAAAAAABAAABBBB
AAAAAABAAABBABB
BAAAAAABBBAAAAA
AAAAAAAAAAAAAAB
AAAAAABBBABAABB
AAAAAABABAAAABA
AAAAAABAABABBBB
BAAAAAABBAAABAA
AAAAAAAABAABBBB
AAAAAAABAABAABB
AAAAAABBBAABABB
BAAAAAAAABBABBA
AAAAAAAAAABBABB
AAAAAAAAAAABBAA
BAAAAABBABBBAAB
BAAAAAAABBAAAAA
BAAAAABAAAABBAA
BAAAAABBABBABAA
BAAAAABABBAABAA
AAAAAAAAAAAABBA
AAAAAAABABAAABA
AAAAAAABBBABABA
BAAAAABBBBAAAAB
BAAAAABBAABABBA
AAAAAABBBBABBBB
AAAAAAABABBBBAA
BAAAAABBAABBABA
AAAAAABABABBAAB
BAAAAAAAAABBBBA
AAAAAAABBAABBAB
BAAAAAAABAAAAAA
AAAAAABAAAABAAA
BAAAAAAAABAABAA
AAAAAABABABBBAB
BAAAAAABBABBAAB
BAAAAABBBAABBAA
BAAAAABABAAABBA
AAAAAABBAAAAAAA
BAAAAABABBABBAB
BAAAAABBAABAABB
AAAAAABABBABAAB
AAAAAAABBBABAAA
AAAAAAAAAAAABBB
AAAAAABBABBABAB
BAAAAABAAABABAA
BAAAAAAAABBBBBA
BAAAAAAABBBABAA
BAAAAAABAABBABB
AAAAAAAABABAABA
BAAAAAAAAAAABAB
BAAAAAAABABBAAA
BAAAAABABBABABB
BAAAAAABAABAABB
BAAAAAABABABBAB
AAAAAABBBBABABB
AAAAAAABBAAABBA
AAAAAABBBBBAABA
AAAAAABABBBABBB
AAAAABAAAABAABB
AAAAAABABAABBBA
BAAAAABBAABBBBA
AAAAAAABBAABAAB
AAAAAABBABAABBA
BAAAAAAABABBAAB
AAAAAABBBAAAABA
BAAAAAAABAABBAB
AAAAAAAABBABABB
AAAAAABABBBBAAB
BAAAAABBABBBBAA
AAAAAABABBAABAB
BAAAAABBBABBBBB
AAAAAABAABABAAA
AAAAAAABBABABAB
BAAAAAAABBABAAB
BAAAAAAABAABAAB
BAAAAABBBABABAB
AAAAAABAABABBAA
BAAAAAABABBAABA
BAAAAAABBABBBAA
BAAAAABAABBBBBB
AAAAAABBABBAAAA
AAAAAABBABBAAAB
AAAAAAABAABABBA
AAAAAAABBBBBAAB
AAAAAAAAABBABBB
AAAAAABBBABABAA
AAAAAAABAABBAAA
AAAAAAABBAABABA
AAAAAAABAAAAAAA
AAAAAABBABABBAB
BAAAAABAABBBABB
BAAAAAAAAABAAAA
AAAAAABABBAABAA
BAAAAAABAAABBAB
AAAAAABBABBABAA
BAAAAABABAABBBB
AAAAAAABAABBBAB
AAAAAABABBABBBA
BAAAAAABABAAAAA
AAAAAAAABBBAABA
BAAAAAAABBABBAB
AAAAAABBAABAAAA
BAAAAAAABBBBBBB
AAAAAAAABAABABA
BAAAAABBBAAAAAA
BAAAAABBABBABBB
AAAAAAABBAABAAA
AAAAAABBAAAAAAB
BAAAAABBABBAABB
BAAAAABABABBAAB
AAAAAAABABABABB
BAAAAAABAABAAAB
BAAAAABBAABBBBB
AAAAABAAAAABBAA
AAAAAAAABABBABB
BAAAAABABBAAAAA
AAAAAAAAAABABBA
BAAAAABAAAAAABB
AAAAAAABABBAABA
BAAAAABBAAABAAB
BAAAAABAAABBAAA
BAAAAABABABAAAB
BAAAAAABBABABAA
AAAAAAAABAAAABB
AAAAAAABBABAABB
BAAAAAABBBABBAB
AAAAAAAAAABBBAA
BAAAAAABBABAABA
AAAAAABABBBBABA
BAAAAABABBABBAA
BAAAAABAABABBBB
BAAAAABABBBBBAB
AAAAAABAAAAAAAB
BAAAAABAABBAAAB
BAAAAAABABAAABB
AAAAAABBABAAABA
BAAAAABBBAAABBA
BAAAAABBAAAAAAA
BAAAAAABBABBABA
BAAAAABBBABAABA
BAAAAAAABAAABBB
BAAAAAAAAABBBBB
AAAAAAABBBAAAAA
AAAAAABABAAAABB
AAAAAAAAABABABB
AAAAAAABABBAAAB
BAAAAAABBAABABA
AAAAAABBBABBBBA
AAAAAAABBABBAAB
BAAAAABAAABBBBA
BAAAAAAABAAAABB
AAAAAABBBAAABAA
BAAAAAABAABAABA
AAAAAABAAABAABA
BAAAAABBBBAABBB
AAAAAABBABAAAAB
BAAAAAAABBAAAAB
AAAAAABBAABABBB
BAAAAABABAABAAA
AAAAAAAAAABBBBB
BAAAAAABABBABAA
BAAAAAABBBBABAB
AAAAAAAABAAABAA
AAAAAAAABBBABBB
BAAAAABBAAABABB
BAAAAAABBBAABAA
AAAAAABABABAAAA
BAAAAABAABAAAAA
BAAAAAAABABBBBB
BAAAAAAAABBAAAB
BAAAAABABBBBABB
BAAAAABAABBAAAA
AAAAAAAAABBBAAB
AAAAAABAABBBABB
BAAAAAAAABABBBA
AAAAAAAABBBBBAA
AAAAABAAAAABABB
BAAAAAABBBBAAAB
BAAAAAABBBBBAAA
AAAAAABBBAABAAA
AAAAAABBBBBBBAA
BAAAAABABABABBB
AAAAAAABBAAABAA
AAAAAABAAAAABAB
BAAAAAAAABABBBB
BAAAAABBBAAABAA
BAAAAAABBAABBAB
BAAAAAABAAABBBA
BAAAAABAAABBBAA
BAAAAABBAAAABBA
BAAAAAAABBABABA
AAAAAAABAABBABA
AAAAAABBAABABAB
AAAAAAAABBABABA
BAAAAABBBABBABA
BAAAAABAAABAAAA
