YES
ABBBBAABAB
BAAAAAAAAB
BABBBBBBAA
AAAAAABBBB
AABABBABAA
ABAAABBAAB
BBAABBABBB
BBAABBBBAB
ABBBBBAAAB
ABBABABABA
BABAABAAAB
AABBBAABAB
BAABABABBA
ABBAABABAA
ABBAAAABAB
BBBBABBAAA
ABAAABAABB
BBBBBABBBA
ABABBBABBA
AAABBABBAA
BAABAAABBA
BABBABBBAB
ABBBAAAAAA
BAABABBBAB
BBBAAABBAA
AABBAAABAA
BABBABAABB
AABBBABBBA
BABABBBABB
BBBAABBBBA
ABAAABAAAA
AAABAAABAB
ABABAABBAB
ABBBABBBAA
BBAABABABA
ABABBAABBB
ABBAABBBBB
BBBABBBBBB
ABBAABAAAB
BABBBABABB
BBBBAAAABA
BABBBABAAA
ABBAAAAAAA
BBAABABABB
BAABBAABBA
ABBBABBAAA
ABABBAABAB
BBBBABAABB
AABAAAAAAB
AABBBBBAAA
ABAAABBBAA
BBAABBABBA
BABABABABB
ABABABBBBA
BABABBABBA
ABAABBAABA
BBAAABABAA
AABABBABBA
AAAABBAAAA
AAABAABABA
BAABAABBBA
AAABBBBBAB
BBBBABAAAA
BBAAAAABAB
BAAABBABAB
ABBBAABBAA
AAABBAABBB
BBAABBABAB
AABBBBAABB
ABBBABABBB
ABAAAABABB
BBAABABAAA
BABBABBBBA
BBBBAABBBB
BBBAABBAAB
BBBAAABAAB
BAABABBAAB
AABABBBABA
BABBBAAAAB
AAABABABBB
BAAABBBBBA
ABAAABAAAB
BBBBAABBAA
BBABABABAB
BBAABABBAB
BAAABABAAB
ABABBBBBBB
ABABAABABA
ABABBBBAAB
BBBAAABAAA
BBBBAABABA
BBABAAABAB
BAAABABBAB
BABAABBABB
BAAAABAABB
AABBAABABA
BABBBBBBBA
BBAAABBBAA
ABBABBABAB
ABAABABABB
AAAAAAABAA
BBBAABBBAB
BAABBABBAB
BABAABBABA
BABBBBBAAB
AAABBAAAAB
BBABBBAAAB
BBBBBABBBB
BABABAABBB
ABAAABBBAB
AAAABBABAA
BAAABBBAAA
AABABBBAAB
BAAABAAABB
AABAABBAAB
AABBBBBBAA
AABBBBBAAB
AAAAABBAAA
BAAAAAABAB
ABBABABBBB
BABBBAAAAA
BABBAABAAB
AAAABBABBA
BAABBABABA
ABABABABAA
AABBABAABA
BBABABABBB
AABBBBABBB
ABBABBBBAA
AAAABBAABB
AABAAAAABB
ABAABAABBA
BBBAABBBAA
AAAAABAABA
ABABAAAAAB
BABAABBBBA
ABABABAABA
BABBAAABBB
AABBBAAAAB
AABAABAAAA
BBABABAAAB
ABBAAABBAB
BAAABBABBA
BAAAAABABA
ABAAAAAAAB
BABBBAABBA
BAABAABAAA
AAABABABBA
BAABBBBABB
AABBABBAAB
AAABBABAAB
ABABBAAAAA
AAABBBBAAB
AAABAAAABA
ABAAABABAB
BAAABAABBA
ABBBAABAAB
BBAABAAAAA
AAABAABBAA
BABABAAAAA
BBABAABBBB
ABABABAABB
ABBABABBBA
AAABAABBBB
ABBBABAAAA
AAAABABABA
AABABAABBA
BBABAAAABB
BBAAABBAAB
BABBAABABB
ABBAAABBBA
BAABAABABA
BABBABAAAA
ABAABABABA
ABBABAAAAA
BAABBBBAAB
AAAAAABBBA
BAABBBBBAB
AABBAAAAAA
ABBABAAABA
BAABABBABA
AABBBBABAB
AABABABABB
BBBBABBABA
ABAABAAAAB
BAAABBBBBB
BBAABABBBA
AABBAAABAB
ABBABABAAA
BABABBBBAB
BABAAAABAB
BAABBABABB
BABABABBBB
BBAABBAAAB
BAAAABAAAB
BAAABBBBAB
BBABBAABBA
ABBAAABAAA
BBABBBBABA
BBABBBBBBA
BABBBABAAB
BBBBABABAB
BAABBBBBAA
AABBAABBBB
BAABBAABAB
ABAAAABBAA
BBBAABBABB
AABAABBABB
BBABBAAAAA
ABABBAAABA
BAABAABABB
ABABAABAAA
BBBABABBBA
ABABBBABAA
BBBABBBABA
AAABBBAABA
BBABBABAAA
BABBBBBABB
ABABAAABBB
BBBBABABAA
BBABABBAAA
BAABBAABBB
AAAAABABBA
ABAABABBAB
AAABAABABB
AABBBAAABB
ABBABAABAA
ABAABAAABB
AAAAAABAAB
BBBAABAABA
AABBAAABBA
AAAABAABBA
ABAABBABBA
BBBABBBBAA
BBAAAABBAB
BABBBAAABA
BBBAABABBB
AAAABAABAB
BAAABABBBA
BBABABBABB
BAAAAAABBB
ABBAAABABA
BAABBBABAA
ABAABABBBA
AAAAAABABA
ABAABABAAB
BBBABAABAA
ABBBAABAAA
AAABBAAABB
BABBBBBBAB
AABBBBAAAA
BBAAAABAAA
BABBBABABA
AABBBAABBA
ABBABBABBB
BAABBABAAB
AAAABAAAAB
AAAAAABABB
BAAABAAAAB
ABABABBBAB
BBBABAABAB
ABAABABAAA
AABAABAABA
ABAAABBABA
BBAAABBABB
BAABBABBBB
ABABAAAABB
AABBBAAABA
AAABABABAA
BBAABBBAAA
BBABBBBBAB
ABABBBBABB
BABBABBBBB
AABBBABABB
ABAAAABBBA
BBBBAAABBA
AAAABBBBAB
BBABAAABBA
AAABBAAABA
BBBABBABAB
BABAABBAAA
BABBABBABA
AAABBABAAA
BAAAABAABA
BBAABAABBB
ABBAABBAAA
AABAAAAAAA
ABBAABAABA
BABABAABAB
ABABABABBA
BABBABBAAA
ABABAAABAA
ABBAABBAAB
ABBAAAAABA
BBBBAABBAB
ABBAAABABB
ABBAABABBB
ABBABAABBA
BAAABABABB
BABABBBABA
ABAAABABBA
AABBBABAAA
AAAAABABAA
BBAABBBABB
ABBBBAAABA
ABBBAABABA
BABAABAABA
AABAAABAAB
ABAAABABAA
AABBABBABA
BAABAAABAB
BBBABBAAAA
ABAABBAABB
BABBBBABAB
AABBABAAAB
ABBAABBBAA
AABBBBAAAB
AAAAABAABB
ABBBAAAAAB
BBBBBBAABA
AABBAABBAA
BBAAABABBA
BABBABBABB
BABBBBBBBB
ABAAAAABAB
BABAAABBAA
AAAABBABBB
AAABBABBBA
AAABBBBBAA
ABAAABAABA
BABBAAABAA
BBBABAAABB
BBAAABABBB
BBBBBABABB
BBBAAABBBA
BBABBABAAB
AABABBABBB
BABABBABAA
AAAABABBBA
BAABABABBB
BABBABBAAB
BBABBABABA
BBAABABBAA
ABABBBAAAA
BBBBABAABA
BBAAAABBAA
ABBBBABABB
BBABBAAABB
BBBABAABBA
BBABBBABBB
BBAABBABAA
BAABAABBAB
BBABBBABAB
BABBBBABAA
BAAABAABAA
BAAABAAABA
AABBABBBAA
AABBAAAABB
BABBBBABBA
ABABBBBABA
BBAAAAABAA
AABAAAABBA
AABAAABBAA
ABABABBBAA
BBBBAAABAA
AAAABBBBBA
AAAABAAABA
BBAAAABABA
ABBBAAABAB
BBABBAAABA
ABAAAABBBB
BABABABBAA
AAABBAABAB
BAAAAAABAA
BBBAAAABAB
BAAAAABAAB
ABABBBABBB
AAAAABAAAA
BABBBBAAAB
BAAABABBBB
BBBAABABAA
BABBAAABAB
AAAAAABBAB
ABBBABBBAB
BABBAABBBB
ABBBAABBBB
ABBBBAAABB
BBBBABABBB
BABAAAAABA
BABBBBBABA
BBBABBBAAB
BBBBBBABAA
ABBBAAABAA
BAABAABAAB
BAABBBAAAB
BABBAABBAB
BABBAAAABB
AAAABBBAAB
BABABBABAB
BAAAABBABA
BABABBBAAB
BAAABBBABB
BAAAABBBBA
AAABBBABBA
BAAABAABAB
BAAAABBBBB
BAAAAABBAA
BABBAABABA
BBABBAAAAB
ABBAAAAABB
AABBAABABB
BAAAABABBA
BAABABBABB
BABABBAABB
BAABABABAA
ABAAAABAAA
BAABABAABA
AAAAABBBAB
ABBBBABBAB
BAABBBABBA
AABAABABBA
BBBBBAABAA
BABABABBBA
AAABBAABBA
BBBBABAAAB
BAAABBBAAB
ABBBBAABBA
ABBAABBBBA
ABBAABBBAB
ABAABAABBB
BBBABBAABA
BBBBBABABA
BABBABBBAA
BAABAAAAAA
AABBABAAAA
AAABAABBBA
AAAABABAAA
BBBBBAAABA
ABBBAABABB
AAABAAAABB
BBAABABBBB
ABABABAAAA
BABABAABBA
BABABBAABA
BBBBAAAABB
ABBBAAAABB
AABABABAAB
ABAAAABAAB
ABAABBBABA
BBBBABBBAA
BBAAABBBBA
AABBABABBA
AAAABBBABB
AAAAAABAAA
BABBAAAAAA
BBBAABBBBB
BBABBBBAAB
BAABAABBAA
BABAABABAB
AAAAABABAB
BBBBBAABBB
BBBAAAAAAB
BAAAABBBAA
ABAABBBAAA
BBABABBBBA
AAABABBBAB
BABAABABBB
BABABBBAAA
AABBAABBBA
BBBABBAABB
AABBABBBBA
BBABBBBAAA
BABAAAAAAB
AABABBBBBB
BBABBABBAB
BABAAABAAA
BBBBAAAAAB
ABABAABBAA
BABABABBAB
BABBAAAAAB
BBAABBAABA
BBABABBBAB
ABAAAAAABB
BAABABAAAA
BAAAABAAAA
BAAABBAAAA
ABAAABBBBB
BBBAAABABB
ABABBBABAB
BBBBAAAAAA
ABABABABBB
BBAAABBBAB
BBBBBAAAAB
BBBBAABAAB
AABABBBABB
ABABBBAABA
BBAAABAAAA
ABAAAAAAAA
BAAAAABBAB
BABBABABAB
ABBBAAABBA
ABABAAAABA
ABBAAAABBB
AAAAAAAAAA
BAAAAAAABA
BBABAABABA
ABBBBABBBA
BABABBBBAA
AAAABAABAA
ABBAAAABAA
AAAABBAAAB
AABBBABAAB
AABAAAABAB
ABBABABAAB
AAABBABBAB
ABABABBABB
BBABAABAAB
BAABBAAAAA
BAABBBBABA
ABBABBBAAA
BABAAABBAB
ABABBBBBAB
ABAAAABABA
AABBABABAB
BBABBBAABB
AABABABBBA
BBBABBBBBA
AAABAABAAA
AAAABBBAAA
BBAABBBBBB
ABBBABAABB
AAAABABBAA
AABBAAAABA
BAAABBBBAA
BAAABBAABA
BABBBABBBA
ABBBBABBBB
BAABBABAAA
ABAAAABBAB
BABAAABAAB
BAABBBABAB
AAAAAAABAB
BABBBBAABA
AAABBAAAAA
BAAABABBAA
ABABBABABB
AAAAABABBB
BBBABBBAAA
AABBABBBBB
AABABBBBBA
AABAAABABB
ABABABAAAB
AABABABAAA
AAABAABBAB
AABABAAAAA
BABAAAAABB
ABABBABABA
AAAABAAABB
AABAABABAA
BAABAAABAA
AAABABBBBB
BAABBBAABA
BBAAAAABBA
BBBBBBAAAA
BABAABAAAA
ABAABBBBBA
BBBBAABAAA
AABAABBBBA
BBAABBBAAB
AABAAABBBB
AABAABBBBB
BBABBBAABA
BBBABBBBAB
ABBABBBABA
BABBAABAAA
AABAABBABA
ABABBBAABB
BBAAABBABA
AAAAABBABB
BAAAABABAB
BBABBBAAAA
BAABAAAABA
AABABBAAAA
ABABBABBBA
AAABAAABBA
ABBAABAAAA
ABBBAAABBB
ABBAAABAAB
BBAABBAAAA
BBAAAABBBB
ABBBABABBA
ABBBBABABA
AAAABABAAB
BAABBBABBB
BBBAAAAAAA
BBABABAABA
ABABBABBAA
AAABBAABAA
AAAABABBBB
BAAAABABAA
AABABBBBAA
ABAABBABAB
BAAAAAABBA
BABABBBBBA
BABAABBBAB
AABBAABBAB
ABBAABABBA
BAABBAAABA
AABBABBABB
BBAABAAABB
ABAAABBBBA
AABAABABBB
BABAABABBA
ABBBAAAABA
ABAAABBABB
ABAABAAAAA
BAABABBAAA
BABABABABA
AABAABAAAB
BBBABBABBB
AABBBBAABA
AAABABBABB
ABBBABBABB
ABABABBABA
ABAABBBABB
BBAABAAABA
AAABABAABB
AABABBBBAB
ABBAAABBAA
ABBBBABAAB
BBBABBABAA
BBBBABBAAB
ABBBABBAAB
ABAABAAABA
ABBABBBABB
BAAAABABBB
AAABABBAAB
ABBBABABAB
AABBAAABBB
AAAAAAABBB
AAABAAAAAA
BAABBBAABB
ABAABAABAB
AAAAAABBAA
BBBABABBAA
BAABABAAAB
BBABBBBBBB
BABBAABBAA
ABABBABAAA
BBABABBBBB
AABBABABAA
AAAABBAABA
BABBABABAA
AABAABABAB
BBBAABABAB
BBBABBBABB
ABBBBAAAAA
BAABAAABBB
BABABAABAA
BBABABAABB
BBABAABBAB
ABBABAABAB
BAAABAABBB
AABBABBBAB
BBBBAABABB
BBBABABAAB
BABABBABBB
ABABBBBAAA
BBABBAABBB
BABBBAABAB
BAAABBABAA
BBBBBAABBA
ABABAABBBA
AABBBAABBB
AAAAABBBAA
BAABBBAAAA
BBBAABAAAA
BBAAAAABBB
BAABABBBBA
BAAAAAAABB
AABABABBAA
AAABBBBABA
ABBABBAABB
AABABAAABB
AAAAABBABA
BBBBBABBAA
BBABAABABB
BABBBBABBB
BAAAABBAAB
BBBABABBBB
BABBAABBBA
AAABBBBBBB
BBABBABBBB
BABAAABABA
BBBAABBABA
ABBABBBBAB
BBBABAAAAA
BBAAABAAAB
AABBABAABB
BBABAAABAA
AABABABABA
BAAABABABA
BABBBBAAAA
ABBABBBBBA
ABBAABABAB
BBBAABABBA
AABBABABBB
AAAABBBBBB
AAABBBABAA
BBBAABAAAB
BAABBABBBA
BAAABBABBB
BABABAAAAB
BABABAAABB
BAABAAAABB
BBBBBABBAB
BAABBABBAA
BABABBBBBB
AAABABABAB
ABABBABBBB
BBBABBABBA
ABBBBBAAAA
ABABABBAAB
BABBBBAABB
AABABBBAAA
ABAAAAAABA
BBAAAAAAAB
ABAABBBBBB
BAABBBBBBB
BBBBABBABB
ABAABBBAAB
AAABABAAAB
BABBBABBAB
AABABBAABA
BAAABAAAAA
ABAABBBBAB
ABABAABAAB
AABABBABAB
BBAAABBAAA
BBABAAAAAA
AABABBAABB
AABBBBBBBA
BABAABBBBB
BBBBBBAABB
BBBAAABABA
ABBBABABAA
BABBABAABA
BBABBAABAA
ABBABBBAAB
AABAAABBAB
AABAAABAAA
BAABABBBAA
AAABBBBAAA
AABAABAABB
BBABBBABBA
ABBABAAABB
BBABABBAAB
AABAAAABAA
BBABABAAAA
ABBAAABBBB
BABAAAAAAA
AAABBBABBB
BABBBAAABB
AAABABBBBA
AAAABABABB
BBABABBABA
AAABABAABA
ABBABABBAA
ABAAABABBB
BABBBAABBB
BBBBBAAABB
ABBABAABBB
AABBBBBABA
ABBABABABB
AAAAABBBBB
ABABBBBBAA
ABBBAABBBA
BAABAABBBB
AABAABBBAB
BBBABAAAAB
ABBABBAAAA
ABABABABAB
ABAABBBBAA
BAAABABAAA
ABAABABBBB
ABABBBAAAB
AAAAAAABBA
ABBBABBABA
BBABABABAA
ABABAAABBA
BBAABAAAAB
BBBAAAABBA
BBBAABAABB
BBAAAABBBA
BAABABBBBB
BABBABAAAB
BAAAABBAAA
AABAABBAAA
AAAABBBABA
BBBBBABAAB
BAAABBAAAB
BBAABAABBA
BABBABABBA
ABBBABBBBB
BAABAAAAAB
ABBBABAAAB
ABAAAAABBB
BABBABABBB
ABBBBABAAA
BBABABBBAA
ABBAABBABB
BBAAABAABA
AABBABBAAA
ABABAAAAAA
BBBBABBBAB
BBABAAABBB
BABAABABAA
ABAABBAAAB
AABABAABAA
ABABBAAAAB
AAAAABBAAB
BBBAAAAABB
AABBBBBBBB
AAABAABAAB
BBBABABABA
ABBAABAABB
BAAAABBABB
BAABBAAABB
BBABBBBBAA
BBAAABBBBB
BAAAABBBAB
BBBBBAAAAA
BABAAABBBA
BBABABABBA
ABABBBBBBA
BBBABABAAA
BBAAAABABB
BAAAAABABB
AAABAAABAA
BBBBBABAAA
ABAABABBAA
AAABAAAAAB
BAABBBBBBA
AAABBBAAAA
ABABABBBBB
ABBAAAAAAB
BBABBAABAB
ABBAAAABBA
BAAABBAABB
ABBABAAAAB
BAAAAABBBB
BBAAAAAABA
AAABBBAABB
AABBBABBBB
BABBAAAABA
AAAABBABAB
AAAABAAAAA
AAAABBBBAA
BBABAABAAA
ABABAABABB
BABBBABBAA
ABABBABBAB
AAABABBABA
BABBBABBBB
ABBBABAABA
AAABBBABAB
AAABBBBBBA
BAABABAABB
BBBBABBBBB
AABBBAABAA
BBBABBAAAB
ABBABBBBBB
BABABAAABA
BBAABBBBAA
BBAAAABAAB
AABABAAABA
BABAAAABBA
BBBAAAABBB
AABBBABABA
ABABABBAAA
AAABBABABB
BBBBAABBBA
AABBAABAAA
AAABABAAAA
BBABBABBBA
BBAABAABAB
AAABBABBBB
ABABAABBBB
AAABABBAAA
BABABABAAA
BABABABAAB
ABBBBAAAAB
AABABABBBB
BBAABBAABB
ABBABBABBA
BBBAAABBAB
ABAABBABBB
BBAABABAAB
BABABBAAAA
AAAAAAAAAB
ABAAAAABBA
BBBAAAAABA
BBABBBABAA
BAAAAABAAA
BAABBAABAA
BBABAABBBA
AABAABBBAA
AABABAABAB
BBBAABBAAA
BABAABBBAA
AABABAABBB
AABAAAAABA
BAABBAAAAB
BBAAAAAABB
AABAAABABA
BBABAAAAAB
ABAABBAAAA
BBBABABBAB
AAAAAAAABA
BBAABAABAA
AABAAAABBB
AAAAABAAAB
BBABAAAABA
BBBBAAABAB
AAAABABBAB
ABAABAABAA
BBABBABABB
BBBBAAABBB
BBAAAAAAAA
BBBBABABBA
BBBABAAABA
BBBAAABBBB
AABBBBABAA
BABBBBBAAA
AAAAAAAABB
ABAAAAABAA
BBBBBAABAB
AABBBBBBAB
BAAAAABBBA
BABAAAABBB
ABABBABAAB
ABBBBAABAA
BABAABBAAB
BBABAABBAA
AAAAABBBBA
BBBABABABB
ABBBBAABBB
BBBBBBAAAB
BABBAAABBA
ABABBAABAA
BABAAAABAA
ABBABABBAB
BAABABABAB
BAAABBBABA
AAABBBAAAB
ABBABBAAAB
BBABBABBAA
AAABBBBABB
BBBBBBABAB
AABBBAAAAA
BBAAABABAB
AABBAABAAB
ABAAABBAAA
ABBBBABBAA
AABABABBAB
ABBBABBBBA
AABABAAAAB
AABBBABBAA
BBAAABAABB
AABBBABBAB
BABAABAABB
AABBAAAAAB
BBABBBBABB
BAABBBBAAA
BABAAABBBB
ABAABBABAA
ABBABBAABA
BAAAAAAAAA
ABABAAABAB
BBAABBBABA
ABABBAABBA
AAAABAABBB
ABBBAABBAB
BBBAAAABAA
AABAAABBBA
AAABBABABA
AAABAAABBB
BABAAABABB
ABBAABBABA
BBAABBBBBA
ABBABBABAA
AABABBAAAB
AABBBBABBA
AAABABBBAA
BABBBAABAA
ABABBAAABB
BABABBAAAB
AABBBBBABB
BBBABAABBB
BBBBABBBBA
