YES
JJJ
HJI
GHF
JEC
EFH
BCJ
AIJ
EJB
EJA
GJH
CHB
AAC
III
EAA
CGB
HIG
IGC
BBH
FGH
FJJ
AAD
BBC
EEA
JDH
IFG
JHF
GGB
IBB
HHB
IHE
HFF
AIA
BHB
JAH
FEG
FFH
ECI
BEI
HCF
GAD
ADB
CEG
IDE
DCJ
FEA
AAJ
DBA
BAA
BIF
BJB
FBA
ECD
IFB
HDH
FEB
AAB
HGC
BCH
FJG
EDF
FAD
HHG
GAI
CHF
GAB
EAE
FBF
IJG
GHH
JFI
DHJ
FEF
FCE
CAE
AII
DFC
BDA
AFI
HBI
AHC
DEF
DFA
HGG
CAF
JEA
DJF
BAC
IIG
FEH
DBI
EFE
CGI
JGD
JGJ
DHG
CDB
FIB
IDA
CED
CIE
BJE
BHD
HIH
CCC
ABE
ACJ
EGJ
JBE
CHD
IDF
GHC
DDF
BIE
JHI
FCA
JIG
BFD
CBH
BDJ
ADG
JGC
CJF
EEG
EHD
DDA
AHB
DBF
GDF
GGC
DAI
GDE
IEA
CEJ
BIC
FGD
JIJ
CAB
BJI
CEI
IAE
AIE
EDA
FGF
GIA
AHD
AFD
BEJ
BCD
JHD
DIG
ECC
FCG
EFB
ECA
JFC
FCF
EJF
EEH
AJH
CEB
JHG
GFC
HGE
DGG
BJA
FHG
ABI
EHH
DCA
HHD
DDC
GEF
AJG
EAF
AHI
HAJ
GEJ
JAB
FBC
BJF
FJF
HHA
ADD
JBD
CDD
DIA
GEB
JAI
BJJ
DJB
IBE
HAD
CCA
DBE
GFG
HJJ
CID
CFH
AAF
JBC
DJC
DHH
JJI
BCE
FDJ
BFJ
GBE
GGF
FDD
JAD
CHA
DHC
EGC
HGJ
EAB
FHJ
GCH
BGG
IIE
GCI
GDJ
CCB
BAH
BBE
HEA
HCG
JFE
CIH
IBG
BGJ
EIJ
GEH
BBJ
FHA
BEE
BAJ
GEE
CFE
IGI
FBE
JHA
GCA
HIA
JDC
FCH
ICA
GDI
GIH
IBI
BJC
GFJ
CHJ
GBG
DAC
CGD
HDI
EJG
HAH
AIB
GHD
HFE
EDG
FEE
IHB
CCJ
JFJ
DFD
AFB
BED
CFF
DIH
FFA
EAG
JCB
GGD
DDE
EJH
FAE
FBB
FAF
HGH
IAG
FAA
HFB
HAE
HBE
JAC
JHJ
CIC
FEJ
HBC
HAB
JEG
DBJ
CAA
HDB
DCB
FIH
BDD
GBD
CDA
CAH
BAI
DIF
JEE
CBA
GJA
JDD
GJG
HDC
HEI
DIB
GAA
EAC
HJH
GHG
IJA
CDI
JHB
HCB
CCE
AED
BEH
EHI
FBD
CFI
JAA
GCJ
EID
DEH
DBD
JIH
HAC
BEA
BJG
IFA
CGJ
ADE
DCC
FEC
ECE
HIC
EIB
EIA
IFE
EAJ
CGC
AGJ
BEB
CJE
GIC
EGE
BAF
EGD
EGB
HBG
HGD
ECH
FIA
CHE
EIF
ABA
BDG
AAI
JCA
IJI
HFI
HCH
CAJ
IEF
IJH
BDC
FDG
GEG
EGH
BBD
CBI
GFE
CJD
DAF
CEE
EII
IAD
HCI
FDF
HJA
GHI
HJC
BBI
DFI
BCB
IJF
GAC
IHF
IEE
GHE
DBH
ABF
ECB
FEI
CGG
BGI
DHI
IFJ
IGD
CCD
ADI
BEF
DFH
FCB
JDG
JFF
IAJ
IFH
GGG
FBG
ADJ
CGE
CBD
BGD
DGE
GBI
HIF
DHA
FDA
FCD
CBG
EJC
AHF
DID
EAI
FAB
EBD
BGC
DFF
AGF
GBH
FFE
DCH
CGA
IHI
JFD
AFC
GJD
IFI
FJH
EBJ
HFC
EGA
AHH
ABG
GEA
JBB
DAG
GDG
HEH
IGJ
BEG
DJG
GDC
GEI
EFG
EAH
HJG
EBG
HDF
BDE
BBA
CHI
JIF
CCG
FIC
JIB
CCI
IIB
CFA
JJA
HII
HBH
DJD
GBC
AJC
EJD
CHC
IAC
JJG
IDB
BHA
BFC
DAJ
HBJ
JJE
CJG
JCF
HED
IDI
ADH
BID
JIE
AEC
FGI
HAG
IEH
DHE
IIJ
ADA
GFH
ACD
FDB
BDB
CFD
BFG
AJE
FBI
CIF
DGB
DFB
BJH
BFB
JJH
CIJ
JJF
IGG
BHI
ACE
GAH
DAA
IIH
JDI
JAF
FIE
AEI
BAE
IIA
GHJ
ICH
AIF
CHH
IBJ
BIA
JGB
AFJ
EBH
GFA
CJB
GGJ
EHF
DHD
HHI
IHJ
GIE
DEI
CDF
AJD
JBJ
EBC
CIA
BAG
GAF
GCE
BII
HCA
AGI
EFC
DGC
JJC
GCC
CDJ
HBF
DCI
FFJ
CAD
DHF
AEJ
DFG
JJB
EHG
AFH
HEF
DJH
GIF
DIJ
GIG
JCJ
EFI
AGH
CBE
GGH
IEC
HEE
ACF
DAH
CEH
IIF
GFB
IEJ
IAH
GIB
HEB
AAH
FHC
BDF
FAI
JFG
DEE
JDA
CDG
JEI
IHG
IGE
BFE
CJC
IFD
FED
HGA
IBF
DDH
EGG
HHC
GGI
DHB
AFE
DEG
JGH
CJI
JHE
GGE
FCI
GCB
IDG
DII
JBA
IFC
HEJ
DGI
IAA
GGA
FHF
CBC
IJC
HCC
DGF
DGH
FDH
ECG
FGA
CAI
EBE
FID
HEG
ABC
GCG
ACB
EHA
CFC
GJF
IGB
ACH
HBD
HDD
GHB
DAB
FBH
AHA
EGI
EBF
CHG
HJB
DDJ
JIC
CEF
BJD
DGJ
EEF
DAD
FHD
DJI
ABD
GDD
EGF
EDD
GID
FFF
ACI
EIG
HBA
IGF
IHC
DJA
ACC
AAA
HHJ
HIJ
AEB
ICB
FFG
DJJ
DGD
AFA
HCE
GAJ
DCF
AEF
DDD
FJC
FGE
BCF
JDF
EHJ
AJJ
EDJ
JGF
BAD
BEC
AJB
DEB
BBG
GJE
EEB
GCD
IGH
DCG
AHG
GED
IDC
FCJ
ACG
BHJ
FAC
EDB
AEH
AAG
JFH
IGA
HDE
DFE
FII
GHA
HDJ
AHJ
AEG
DJE
EEC
HAA
CJJ
GDH
CIG
FHB
EFA
EIH
HGB
DCD
FJD
ICD
IBD
DEC
GBF
JAE
IAF
ECJ
DBC
HBB
IJB
CEA
HCJ
BIJ
EBB
HHE
EIC
AIC
GFF
JJD
HGF
CCF
BIG
BHH
IBH
HHH
CGF
JHH
HJF
DDI
IDJ
FDI
ACA
FFD
HFA
GJB
JDE
BFH
BHE
DEA
ABB
JHC
DGA
FHE
EDI
BGB
GCF
DFJ
HIB
DIC
GBB
JCC
AEE
AAE
AHE
ADF
CBB
BHC
ICG
AGC
IDH
IEI
JBI
EFD
JCD
DED
CDC
DDG
GII
DBB
AJI
FGB
CFB
EDE
HFG
BCC
BIH
AJA
HFJ
CIB
FFI
EDC
JCG
IEG
IAI
CJH
ICF
EHE
IDD
EDH
BAB
GEC
IEB
AJF
BFI
HGI
AGD
CBF
IJD
JGG
EEI
IBC
ABH
FGC
GFD
GBA
HCD
FHI
HID
BGE
DBG
GAE
JED
BDI
CAC
JEJ
FAH
EJI
IHA
JGA
IID
IHH
CJA
JEF
CCH
BDH
JFA
FIJ
BCG
JCE
FCC
GJI
IJJ
BFA
AGB
AIG
EFJ
EJE
JAJ
JGI
BFF
FBJ
AGE
CFG
JGE
CFJ
EJJ
GAG
JBG
FGG
HJE
GJC
IIC
BCA
AEA
JII
JDB
FJA
GBJ
EAD
FJE
FIG
FGJ
FHH
EIE
IAB
ADC
ICC
HEC
HFH
AIH
DIE
EEE
AGG
CDE
GDA
GFI
IED
JCI
HHF
CDH
GJJ
DDB
ECF
IHD
CEC
DAE
HAI
EBI
JIA
ICJ
GDB
AFG
AID
FAG
ABJ
EFF
EEJ
FDC
BGA
HDG
BCI
HJD
JCH
IFF
ICE
IJE
FJI
IBA
FIF
DEJ
BBF
JBH
EHB
BGH
CAG
BHF
FAJ
HIE
AGA
BBB
JEH
CBJ
BHG
DCE
HFD
BGF
BIB
EED
JBF
FFB
JDJ
AFF
HAF
EBA
FDE
HDA
JFB
FFC
JAG
JID
ICI
CGH
GIJ
EHC
FJB
JEB
CII
