YES
EE
OP
YD
GM
FU
YF
TC
XN
DT
UR
KM
XJ
CR
VX
DL
DJ
UY
WU
DM
VA
HT
HC
TL
LJ
KH
OF
LN
ZP
YH
VM
MS
WZ
OC
LC
EX
GV
GY
OG
DX
WL
BS
TK
AP
LK
ZC
ZO
CI
MK
PX
HN
XC
KP
LM
WD
FX
RN
NJ
LH
WW
OV
SF
SR
NI
TU
XR
KN
IR
GZ
IT
SM
OL
IY
GN
QB
HY
UG
YN
WS
SE
MO
JC
DZ
TD
DP
EU
SP
WQ
GL
YM
HB
ME
BE
BV
PV
ZA
CQ
AN
CX
MB
UP
QJ
JR
OB
EF
CM
PY
DN
UC
JB
ZZ
TY
FH
GD
NT
NQ
PU
QI
WH
GF
UK
EV
JY
RW
RJ
RC
VQ
GS
LB
BT
SN
OM
YZ
NG
SD
VW
NK
HV
AG
BB
HL
IJ
TI
DB
PF
KU
ND
GX
MT
CD
RZ
VJ
OW
UA
NV
VY
VZ
JN
CA
PW
YY
WB
EL
LR
TO
ZS
QC
OK
PA
MU
RP
KK
DS
GG
OJ
JD
PB
ZI
FM
RD
SB
MV
SG
NA
TH
MJ
ED
BC
IG
PL
WN
GC
RX
VN
IM
UD
AQ
JH
SO
QF
XV
AW
ZH
JU
CH
BI
YG
TB
ZT
BR
QR
EY
VD
DA
IQ
LQ
NM
CS
FC
RB
IL
QX
XG
QV
LA
HP
KC
MD
LO
EP
EW
PN
KR
LU
JZ
JS
FG
LI
CY
ID
WA
KS
TT
OA
MG
FK
BY
ER
AR
DC
CK
EH
IO
HO
QZ
SV
UE
VK
YC
KT
LL
SC
JE
WR
ST
RT
XF
LZ
BQ
SK
XX
ZU
SW
GI
UU
XP
NB
YS
MR
SJ
MQ
DU
HX
XD
NY
PS
NL
IU
ZY
OY
MX
WV
IA
YO
OT
DO
VP
SQ
BW
HA
JL
BG
VH
UJ
BJ
VI
UO
HD
NP
CW
EZ
IX
CP
PO
OQ
EK
HR
GK
RK
MY
RV
NZ
FA
IW
UF
HQ
ZM
IE
VO
EC
RA
VU
DF
PD
XW
AD
UW
KO
RY
HJ
LP
RE
AX
CZ
PT
PM
FE
XY
DE
TP
SA
JF
UB
PR
ML
BD
BX
BU
CB
AT
SS
NW
TA
LS
OI
TF
OR
QU
AF
ZG
VL
US
KY
HK
NU
VF
SI
DQ
ZB
KV
QP
IS
TJ
DV
AL
JW
OS
AC
XU
ET
HG
LX
CO
NC
YA
AA
PG
QM
ZD
QG
LW
GR
HI
HS
YR
XE
EB
TW
WC
WX
YT
GO
KX
KG
RU
KA
FW
MA
CG
PJ
IB
JX
EJ
QK
YP
LD
FD
CU
IZ
NX
VR
XT
GA
EQ
UV
BK
GP
CE
KW
IC
EG
RH
XQ
EI
XA
PZ
SX
BO
WT
QN
DG
JA
TQ
YB
AK
GT
OD
GQ
UH
IF
YL
FS
FN
SZ
ZL
BA
DH
KI
XH
HZ
ON
JG
QW
MN
FJ
AV
WK
QY
FR
DR
OZ
NF
XM
RF
QD
FQ
FB
WF
HU
NE
JM
AZ
FO
ZV
QS
ZF
CL
FY
VE
CC
NS
QQ
HF
KJ
WM
ZW
DK
SL
EM
OE
KQ
AM
TR
JQ
LG
AE
JK
NR
XK
MZ
WP
GJ
PH
ZX
UN
DY
GB
WJ
YX
DW
GH
VG
NH
YV
ZE
CN
DD
CF
MI
MP
BZ
JP
TZ
UI
ZQ
UL
IP
HH
QO
CT
TN
TM
FI
XO
MH
AY
YI
FL
HW
AU
TX
XL
BN
XB
IK
CV
PP
HM
NO
QT
OH
RR
UT
RL
XS
MC
WG
EA
KE
BF
BM
RO
FP
FV
BP
AI
ES
RM
YQ
LV
BL
OX
GW
TG
LT
FF
AH
PK
TS
MW
IV
WO
UX
KF
GU
II
YK
JI
XI
ZK
VT
RG
YE
RS
VB
JO
LE
QA
YU
PI
OO
VV
YW
MF
RI
TE
QL
TV
XZ
KZ
VC
AJ
HE
ZJ
FT
ZN
KL
KD
KB
JJ
WI
EO
LY
EN
PC
WY
GE
ZR
PE
UQ
CJ
DI
LF
VS
JV
YJ
JT
WE
AS
IH
RQ
AB
IN
SY
AO
SH
MM
FZ
PQ
SU
BH
UZ
QH
OU
QE
NN
UM
