YES
ZZL
SNB
YZD
NDP
QIB
ROA
NWE
NTF
NLC
INC
PUB
IBK
ELB
GKC
QBC
MTA
XNC
YOH
NLE
WYB
UYD
VLJ
RDA
DXA
XQA
TGD
XUF
ZYC
NRD
UNC
RSB
SYR
NVS
ZNR
AEB
UZB
LRG
OSC
DOB
UAD
PDC
AWD
HYP
JGC
BIH
OBD
AQC
QAJ
TBR
DQP
QTA
YIE
CGE
SSH
CFP
QOE
RJH
PFC
JTG
EBB
AHS
HVE
TSM
PJP
JAD
HTD
FCB
XBC
WXJ
CXH
WPF
VWB
EMD
PVI
ESC
YOC
QMB
CTA
AFH
TAH
MDA
NUK
DXE
JUB
SGA
CVJ
FOO
XTE
NWT
QKB
UDU
ONB
HXG
PPA
RJL
QLA
YTR
TYB
MEA
WRG
WOE
EUI
YCK
ATB
WOG
JOD
BAB
PXO
VVA
PVK
ZBI
UWB
CPD
XTD
VAC
QPC
FYC
ZVJ
VYE
SZM
JRC
MRH
JSE
WXF
BUA
EVC
FYH
THA
BOH
VAJ
DQA
PNA
ZTF
TNF
WKF
RYE
FNF
MOI
BJF
GXF
YRP
OLU
IUC
LGR
ESE
EQA
XUI
WTQ
WDB
NUQ
WTB
KZV
RYW
JUP
HPA
WIC
NDO
LDF
YSD
FIF
SMU
ZAE
YKB
IBI
AWA
LLE
API
ZEO
CQF
LUG
BZG
ROJ
YZA
EUF
MRC
ALC
TQA
ZFC
KZB
YBV
GVA
ONE
MGL
ABA
BRF
JXD
SFC
DYD
BUH
WJP
FUE
KKC
HHN
ZQH
LKA
FCN
UEW
GSD
RLI
LXD
BEJ
FME
NJT
CHL
TXB
CEM
OAC
CZO
BKB
FBE
AOL
LGB
ODF
VWF
CZP
OQB
VHE
BFB
NHL
BJH
GJD
MTF
ROG
IIL
WBR
UOC
REA
GIA
AHK
ADB
KEG
AVM
RPE
EDK
DZB
IDE
CHA
HBL
SZA
OBI
HHK
WSF
RYK
FHD
HIP
DLF
KXL
IAA
CQL
YBF
AEC
MGH
YCJ
DHD
XTC
KTC
LHH
GHE
AVC
RQA
ZBK
SMF
RTA
YQC
OBE
RTB
KFL
VTF
CPG
FZF
HUI
CCL
MMI
HJC
RVI
EIJ
UDC
JTH
SGR
OUA
KXS
RSC
HIM
JBB
YSB
EFJ
CAF
IBM
KSD
FTC
CHH
JGA
CZE
OLB
YNQ
OGB
CZN
UXB
CQN
YPA
CVI
WXB
BBE
ZSA
PPF
ECO
GPA
EIM
BXG
ELJ
FLN
QRH
QXH
OEF
JAS
PCD
GGN
TWA
MHJ
BER
JLD
SFA
TZA
ABD
VXI
NVN
ZCJ
VKA
XEF
HAC
KVG
CCC
JLA
FST
YZM
KSK
EKA
QVA
EPG
MHG
AGB
UTG
KUC
FJM
ROD
HRB
BVB
ZGH
TTE
KLB
MJZ
VCA
SYV
CEP
EUC
KTI
LXA
EVK
PXH
TFB
OUM
PTL
IWE
ISB
ZJV
WVC
RUJ
BLT
CRC
QBO
WRI
FCC
AXK
WEA
UJC
QGH
ERE
OLJ
RMK
FFJ
JNP
HIL
ILB
GDU
MJD
LUF
SMQ
RJF
OYG
DJU
GFC
YCE
YZR
BBG
LAE
KSN
XWD
DTD
YWM
TGA
LSH
DWH
GGF
GGC
TSK
RXP
QEC
ATC
IWA
MRB
GOD
TAG
VME
SGL
RXO
ZNY
PYD
KKA
XDC
MTI
YWH
III
XNB
DVD
TLC
VQL
GJK
HVB
FDB
TAD
FKN
AVJ
KSI
ZNK
FHJ
SKN
VGD
DTL
BUF
ZIH
LIE
WTA
FKZ
DEF
XAE
JWD
OEH
NAM
CFL
IZC
MPA
NJR
HRE
NQG
RYL
GXD
TIC
QTK
AID
DCL
POB
FVA
DJM
WAC
IVA
QFC
SBJ
CEK
TNY
FHB
MLA
IKE
XEL
XCE
QFJ
RPB
UYI
PTE
MXO
EKB
UBF
FKO
KNG
WLB
QGA
DGA
CVP
LZB
NDD
CFA
IBC
RLA
ACD
FMA
MFN
KCD
DPF
KXT
KQF
ILK
IVE
OHD
QYE
MPC
AEE
AIO
UUB
LVK
QYC
BYD
XZL
VXJ
ZCY
KUM
PLI
TAL
JSJ
VQG
CQC
TWD
CKA
TNQ
ORB
FDD
CUQ
LCE
VWL
EJB
FYD
VIJ
GJA
LRH
ZEM
HAB
USL
NVC
NNC
BPF
ZKC
KKH
SPH
SYP
DLH
NTD
WZC
XGO
PAB
XGE
IHC
QTE
YWC
XDB
HKB
EZD
ZMT
OWE
XWC
URI
PEE
DLA
BGB
KUE
PGC
HTB
IVC
DTM
POJ
NOW
SQC
VTE
QBU
PYQ
FOF
IPF
GGA
SBS
LHB
RUK
YKL
FVC
DEC
BOA
FMH
UZC
RAC
XPD
SPJ
LWA
ICA
YBD
OHG
ZYD
VFA
CPB
NBI
KSE
LMQ
QFK
HTA
PSJ
KFO
BYL
FTB
NLI
ALD
OTA
UMM
THD
BQB
LSL
HBE
KAA
LIB
RYP
ZFJ
DIA
SVF
GQH
BYK
RBG
INA
QEG
ZDD
LDJ
JSN
ZMG
PWH
VDB
RDC
DHA
KVB
JRB
VKF
WHA
VYC
XOE
FGA
IFQ
GPB
REG
ZNI
PQC
DIB
ZAB
JEC
TGP
ERA
WJU
HWB
OIA
IFF
FKW
HUL
UGH
VTC
IKX
HBJ
ULG
KDE
OEP
FIL
PCC
RDG
YEI
JPH
DXJ
GWJ
XHA
WZD
DVC
MHO
RGU
TNO
BIC
WNA
IAJ
MUB
JJA
UKB
JTF
NPE
KCE
UWD
IWH
LIA
HSB
QAI
LBB
VJN
IZA
XXA
PFA
BZB
OJO
LQB
HLH
RXR
SPK
BEK
OBF
RXK
CRI
LFK
AOJ
YJB
ITB
LOB
SYH
WBQ
ZOJ
CSG
XMB
QVB
HHJ
LQF
CID
XGB
XOK
SPI
VBB
BAA
QCG
UNE
EOC
TMD
HXD
VIU
EPH
HLI
MKB
QIA
VJC
CVE
YTN
QKX
DLP
IXE
TSA
XGL
OZE
ZZS
UDO
JOB
KXM
CQD
RME
WBL
NRF
VTP
DWD
DAH
UJD
QVC
LZG
UHB
FSL
DEB
KWD
EZF
LTA
WHD
DCF
KDA
FJE
QRB
RWB
DTN
QQB
YIC
EXC
SYN
NAF
CUG
HWD
IMX
VIN
OGO
OVA
HFA
OGP
RYH
BUN
FFC
XWQ
OSS
PSG
RFC
RWA
JDA
EQG
QRS
UMI
SWA
VXG
RUA
VJK
TJE
YHA
WCJ
QQA
XFA
QKC
JLF
CLE
PEB
PGM
MJC
YNO
DJD
AKG
JCR
JLS
AAJ
PIA
OQF
RAD
DGC
BXK
BIL
SUB
CYB
ISD
VXH
FUU
VEB
FSD
BWD
AOH
VNA
ZEP
RNA
UBK
FVB
GRB
RJG
SYF
POF
KBE
ISA
IUA
KDB
CXE
QWH
PRA
NSB
BPD
AGA
AQG
XPC
CRJ
ZMH
NHT
TBH
FWA
THG
SSA
DCJ
EDE
JNM
VMC
UJB
CUI
ZID
HNB
CJH
EPA
NTR
OAA
PTO
JID
TGR
JMA
CYE
CLB
XRA
XUA
FGC
IPC
LPC
KNH
YEF
AOE
FOA
BYA
TDX
SEF
CIB
PEA
MRJ
MSG
IRB
VGB
HTE
PRD
AVK
URF
XZA
XHE
PVC
JIJ
VQC
KOA
MCH
VIE
DPI
JNJ
GMB
YXD
ODD
BNA
NUB
WJE
HBM
PSL
QGC
DJF
IKC
NAC
UOY
MUA
APA
CBD
BPJ
ISL
YKN
YSF
ICD
OYC
TTI
LBG
PYJ
CXD
FKE
YNE
INW
RUN
QSF
NXE
QWJ
BXI
ENJ
YCN
MOQ
MCF
JLE
IIO
XLB
LHA
ONM
XQC
IPW
FZQ
UET
CFN
FFB
NLA
RGL
XHF
RTK
OHC
STB
HUC
KNF
RCA
SBV
ZGJ
NDU
ZZM
ESA
WJC
VPE
GUE
OEO
PSD
PEK
SEH
NTJ
LCF
KKF
CLJ
DHF
LUK
QWI
HEG
NMF
EKE
MUM
GDC
KCG
VZC
BBC
IKU
SGD
AHO
BWC
NYF
GTE
FBH
KFF
WJB
