YES
YM
MJ
EZ
PA
AD
HP
WZ
ZF
MR
CA
FB
MH
ZV
PV
LP
IB
LV
OU
CW
ES
YK
XH
FJ
RF
OY
YL
TF
EF
WO
HQ
QJ
AQ
BK
ZJ
JY
CG
VA
SO
UX
AK
XN
KT
SV
ZK
GN
GF
PX
PT
CX
OG
NF
DE
HO
KE
WU
IO
FK
DM
MF
AV
EH
QE
VW
NS
NC
KO
UL
DB
NP
UR
OL
SQ
TK
TL
VJ
TQ
YV
KN
XE
BF
UG
WS
CO
HE
YJ
LZ
MB
YQ
KZ
BR
EL
CE
RZ
VP
LH
QI
IR
VB
SW
OP
FU
KI
AB
DU
YE
HN
LF
LM
FH
LL
FR
ZH
UK
MG
JD
VH
XW
JX
US
XF
LE
KJ
VN
JV
RK
WF
RL
QU
VY
GK
JQ
DR
SD
TA
WN
KQ
NQ
II
HH
MV
VS
QP
JI
SE
OK
UV
AO
NM
QB
YO
JM
JT
DC
YA
HA
QM
PY
NK
XV
DL
PM
FI
YN
XL
WP
SY
FW
MK
ML
SC
VT
DS
OX
RI
UW
GC
FF
FQ
JK
HR
HT
SP
WX
JH
MY
HS
TH
EK
FX
IN
AH
BX
QW
AM
YH
FN
QQ
OC
XI
DG
KY
HF
XY
VQ
SR
GG
TC
GT
EJ
CH
VF
CT
DP
PB
WR
IY
AF
EI
TT
EB
YX
ER
ZT
GM
PQ
KX
BZ
TX
JA
IZ
VU
YZ
DO
WG
IG
KP
JR
ZO
KL
UB
SH
DT
NB
LA
YR
QZ
WI
SG
VE
OR
ZG
NX
VK
UP
BC
RU
SK
CV
FV
XU
YD
FS
QX
CB
TM
EX
BT
QO
XP
RG
DX
JU
IC
TY
GL
OD
VM
NN
CD
HB
CC
NA
PZ
YS
GD
GQ
WY
AT
KB
ZS
IX
WB
QG
UM
GR
GS
HG
YF
WL
JS
ZD
BD
DQ
TW
RX
JG
IQ
WA
MU
GU
ZN
KV
LB
CR
XO
BE
CZ
PD
TN
KU
SS
DV
MO
EW
NZ
ND
BJ
BH
GI
MD
RY
BM
RJ
FP
TO
CI
JO
LU
OJ
RT
JP
JN
OS
EP
CP
KD
EN
ID
DF
OE
IL
WW
CL
WK
WV
UZ
HY
QH
DA
VR
QS
LR
VO
ME
RO
NJ
HX
JZ
CY
BQ
NT
BV
SX
DZ
SF
CN
DI
QD
WM
MS
AP
TJ
TE
CS
PK
AY
MN
JF
OT
DH
QA
WE
NH
WJ
PR
SZ
HM
BI
ZL
EU
DW
BN
LN
PO
GB
RW
HJ
IU
AR
ZB
NE
BG
AZ
UE
VC
NG
KA
RS
FG
PJ
IT
SL
RN
PP
FM
LG
XC
WQ
ZI
XK
UC
SA
NV
MM
UY
EO
YT
UD
SI
IF
BL
IP
QY
XR
TZ
GY
ZY
HK
UT
ZQ
SN
VI
RV
PS
GW
PH
ZX
ZM
QR
GV
XG
LJ
KW
IE
EM
QK
PN
HC
AN
FY
VG
QF
NL
DY
DN
EY
QL
PW
TV
TI
FO
OO
PF
KG
RH
WD
JC
OM
RB
QC
AG
EG
ZE
CK
BU
HV
PI
IJ
EV
JW
XJ
HW
SU
UH
UI
MC
VD
KH
CQ
TS
IK
TB
AX
JB
WH
KC
ST
FD
OB
OA
XS
GA
NW
PC
AU
TR
LT
RR
GE
BA
OW
MA
JJ
UF
AL
ED
XZ
FA
FL
LX
NY
NR
GJ
IW
YI
EC
BW
CF
AI
PU
NI
ZU
HZ
AW
NU
LC
MX
AE
RC
XX
RE
DJ
YB
YU
EQ
VX
EE
PL
VV
TP
XM
FZ
MW
ON
SJ
OQ
PG
MT
CM
MI
CJ
BY
ZA
DK
UA
DD
TD
ZC
TG
JL
AJ
FC
AA
HI
SM
LQ
QT
KM
RM
LW
LI
XA
YC
CU
VZ
LK
ZZ
VL
PE
RD
XT
MP
ET
WC
YY
IH
AS
GH
IM
BB
UU
RA
KS
JE
OI
ZP
MQ
EA
NO
AC
LD
UQ
LY
KK
OV
YW
MZ
TU
OZ
GO
HU
RP
BS
XB
YP
YG
HD
LS
QN
UN
FT
IS
IV
FE
XD
LO
KR
WT
GX
QV
ZR
ZW
RQ
OF
UO
OH
KF
BP
IA
GP
BO
GZ
HL
XQ
UJ
SB
