YES
LMIJE
GTCEM
JBCMC
VSDFR
CKECF
PWABC
DFBVH
RGAET
IHFJA
DMIHX
EBBBC
XMBDX
RAECB
VGDCI
OQABM
JBCDB
GWABC
CPZZR
BBBCK
ELGAB
NQBEG
LXBCH
LLACZ
VUGRA
SCCDD
BQJBH
OCBBO
LAAAB
WQABZ
QOAVX
KKCQK
XWOAF
GIHBU
TXGIH
BFBAT
CKDFK
TMACQ
IHAGC
GJABG
FNDNE
IUBCE
WDAAA
PKAGI
HUBDX
DEOXF
RNICD
QMOUB
GKBCM
WDDIX
RREFJ
WDDGM
NULEO
AAEEW
ATQID
TLIDJ
XJAAA
GCLTX
XLBJS
WSMAB
ZCDBB
CNDFH
TBCCE
LBRYE
DXACJ
CIDRH
DJDDP
HVDEJ
GNQGQ
FAVAS
HNCEE
RADFM
KBIGJ
VCGCC
HVDGA
CCEEK
IAGEA
LKBLF
JABEE
GVCFA
FWADD
SLAVU
ZXIMC
XEBBT
CJALE
VZBJF
CIEAC
DQSGN
SMADB
ESGTT
CNBHJ
AFIDF
XPFKA
HDDIQ
TZETK
YRJKX
WNAAL
ZFAPO
QWGDD
YYGBN
YCGID
YEFAB
ONDMS
POFGL
PLJPX
SCEAL
CJAAD
QGIIG
MOJDW
YXNPH
REBCI
MCSOV
TRDQJ
NVTCF
SQLAU
UOADG
RSAAE
XRCDM
TCEFJ
YRAYQ
ZABKR
CHEGV
AEEJA
IQBKN
BSAMF
WBEES
UJHHL
FQAGS
AUTBE
AYCGJ
OECRB
IBCDD
XHEHQ
DQSLG
LAKLF
EODVG
UAMYF
HRBDS
LGKAL
JTCML
QEJLL
ZXAAC
HZDFX
OTCDF
SATAJ
GOCFB
BRDVB
XTCII
ILBEH
JOARV
ELBFC
GOCDJ
ZXDDA
AAEHV
BXCCS
OWDGL
FABCC
HMBBL
WXCEY
QSDQP
CSAAD
LVJQC
PUIAA
TNHBJ
YPMJF
YDFIK
EUAPD
GXDCT
MPVCD
PHSAW
KNBBQ
SICEC
IICUC
OABDD
CDCDI
ZCIMZ
BNCJW
BQBFG
MFBBO
PHCCC
YBFAF
CCEJM
PGAAB
CRFEU
GNAPR
WKGSI
MBFBI
ATCET
WKGFY
AUVDI
WEMPA
YILAB
IMDNS
GHDHJ
DACND
UABEG
WJCDD
NNEAA
CBDFJ
OBBHF
HTBBD
DMBTV
SGAMQ
KBGGH
MLAAI
CKKAL
FHAEI
XHEHT
TGABG
ALPBT
NVRAI
FFHEF
ILDKP
EODTP
VQPZV
HEDEY
YRIIU
ADHLC
WYQNO
OPCNX
DMBVG
RRQCN
FVFLR
JMAEH
PFDEG
GWGHM
CKEPO
WNADH
ZYBQQ
RPHIM
LCBAT
CUCCF
USAAB
EWHIO
DECAT
AFHCD
QHHJV
KCECT
XQOMB
GCEBE
TVBBE
QEKJQ
ONAGQ
DCCPR
DEAFH
NPDMN
RRFJK
FABDG
OBBGT
FXFBE
XOGKF
CVAIM
AAIGI
KIAUE
GOBBG
KZBHH
XRCDQ
PKAAG
XEGCC
TABBT
VABID
FHEDR
BKLBI
VQEJW
INBBT
LBWJH
BNAAI
RHHCT
XCDBD
PAEEG
AAJKR
RPBCD
PHABH
TGCDG
THEBD
HCADF
XGCGG
IPADA
VMDSB
NPEDA
GRAAA
KVDJB
XEDAC
SRBMM
LWCRD
TCAAE
ZRFBC
QBEAB
ECGGT
XOFFT
QMIAB
JUEAL
FPGAA
XPBBE
SICCM
PTCIN
MMEEI
JPKEE
NCDDK
LOCKQ
NLABX
QFEJH
ZZBCQ
VNHEK
ZFFBC
AJCAM
TNACH
ZEBFH
GXEHN
SPDHT
JPJER
GIDEH
CBEAC
PWGGP
BKHIQ
OXXUW
RKEFH
CFFAF
NQBCC
MXCID
SVACK
UKABI
YGBGL
OWJFM
MUKXO
PCBJA
REABC
KCACG
WYBMK
LWBBB
MZCFD
UACEA
RJAAE
TXEUJ
NDZXE
GCJJH
LCAUD
MJAFK
CVDLY
BCAAH
IUCAC
ZJFHI
IKAHM
XCCBT
JPNIQ
KIAQG
QHHLN
CLCDC
EOFHJ
XWGGL
WCEGH
JXDFV
ADHJK
BOBCC
OMDDG
SMGNQ
XJABE
JRFKK
NKAAC
NCBUV
HIABP
TTBCC
PCBGI
KZDIZ
OIJJK
TVDAC
GCCDE
NJGGH
YIMCG
RBCII
SVDDE
DEADL
AFEHT
NJCCC
CGACG
FXAKA
YWGMK
GTCMT
WBEED
UOGLD
PKAAH
HLDFF
VABTF
VTIEE
CFBBE
MIEQA
YRILJ
ZQADR
VGABR
JLDIA
WJDII
TSBBM
LMMHL
RGEBA
WBEEN
NLYEH
VIBCA
HOIKA
SIAIJ
SQAGN
TDDPA
ZEHDO
NDUED
PGABC
PFAAB
FTEEC
CWDDI
JNHHK
RICDB
RECAD
SPBDT
EKCCC
WVAFF
FPELB
YIRYF
KGAAA
NVAFU
OKBVB
HFABA
IDFDG
DMAVF
WYAAE
OZAII
YIKRR
CXBEE
EXEIK
TZJAE
RMBCG
YDKRB
PEAIG
YVQTY
QWADH
UIABD
NNAJJ
GBFSD
MFCEK
OHADM
JTCMO
VTKCD
KCCCN
XKJAC
LAWFF
ZZBBG
PUCCC
ZQAOG
BPGIV
NDFHY
SVACO
GGCHI
MTNGN
ZFCVQ
KODKG
VQEJV
UHBFP
KOBMT
JDOBG
EOCFJ
YFHHK
AGGEC
YKGGI
RHDJK
LLCCH
ZXIJM
PPBEB
VLDLM
JKCPB
HLHEX
QWFBH
GIHDE
ZCCDK
BGMDH
OPBDA
OECQD
ZRCCY
SQMKK
PBBBC
KZBHJ
URPAB
BHBHO
IMAAZ
BDADK
XQACE
REAAM
BKLBM
KQEIT
IYBBH
ZQAHD
YCJCQ
UCDAP
RQACJ
GOFJA
QCFGW
QNEHP
RBBED
HOIKC
KIABF
MZFBB
JLDHD
VLDLR
YZADE
NTROG
GIHEL
YEEEG
QMEEF
OVFHM
ULAFG
ECEEF
DMAXV
GNSCD
NNEIO
IWERD
MZCGA
OWHAB
DMPOL
TVBBI
AFBFA
CPLMN
FNDUG
ZWHVV
FAAGC
ZPLDA
XXCGP
KCMAF
SDDFF
QWOCF
VTFAG
VACAI
GXEDY
RUABF
STFCR
LBDPA
ZCKAF
OEOTP
XKFDH
RCACC
ZYCEG
FXDFF
UCGAA
GTCLE
OVFIA
OECKA
EHFBK
OPCQU
GCCFZ
MQHNS
AIAAA
LKBLE
BTBBB
TFBFM
YTAAB
BEDUQ
XQAIL
ISFDO
NBDEA
SVCGC
UJNTS
UJHIA
LCAFK
GQABE
BQCDK
LEFPC
VLEBJ
XSESX
EVDSL
TRCLC
PNAAB
OPDBB
MTBWN
ATDGI
RKAFH
QHEAG
CBGAD
AJCBK
SDFCH
HOABC
KJCLV
JRBGC
VQGBD
IMAGA
UTHNX
HFCED
RGGDB
NJAAD
HRDAM
ENAAE
KBIOD
ATACB
JWFNJ
EHIAB
NCBKM
KWMMG
RMAAB
IUABB
NVBCJ
FOABK
EIBND
LNAIC
RPBKE
ONCED
MEBBG
FSJMC
DGACD
KNAHC
PAEMB
EOAAA
OIKLT
AUVDH
RVIJM
AJBCE
PLJRD
OCAAK
JNMBE
SZBCC
QABEA
QSGCD
LCBAU
SVCDJ
XWHLM
MNDDR
QMIDD
ACENR
DIJDA
LYCEH
BRABZ
FAOEQ
ZFCDG
UBCCU
TBGHK
DWABL
NRVYC
UZCKW
HXDEL
COHNN
PFACE
WHLNI
MABDK
NACEF
LACAA
GGCCD
BEGMG
XEGBE
WWEAS
IODEK
TRDBF
FSEEM
TXAHT
RCEHY
ITIBG
UGAAD
ALOBK
ELDAE
INEAB
NQBEV
DGALB
TCEJA
ZCHLI
KCHBD
ORACC
CFFEZ
HCCFF
STMSH
GRABE
PWELC
XZCFG
DQLGF
KHCDF
QABCK
URDCA
MCABC
HFEPI
NAGIC
YBCCG
BBDCX
VACCG
PFFRS
EOFDG
ZGABL
PKCCD
FEAAA
DMHCG
CUACF
BFECF
HCFBN
FYDDV
WTABH
WSJBD
LPTCR
AODFN
IQBEZ
FGDAW
IWRBC
KHDIA
DEUHD
VCDPK
XEACJ
JSBBQ
ULFKB
DMHFE
JBCEE
ITBBA
MHHMM
OOCCE
NUMCJ
ZABKT
INFAP
IHAAH
UZDAD
QWGDF
PTACE
RPDDC
XLISJ
TQBEC
XKFAF
ZFFKC
WSAAH
WRLLY
XBFUG
NDZRZ
TCMST
LKAOE
PWHWA
IRBDI
BUEEE
PQCGK
OJBBA
AMEQI
GWHHO
SAZIZ
VQAQH
CPBOI
QMIEI
RNEBM
THIAA
UIFJO
UDEBI
WSGHN
HNDEU
KWCDM
ZBBCB
ODBEE
WPUPB
COCGG
LQFFZ
PFDMR
NLDZD
SHBDA
ORLJQ
PCACD
MIJCJ
MBKKC
TSEMY
MPQOH
FXAFJ
ARHIN
FFIDE
YPMAG
ITEGA
ADKCB
EWAEE
VXAIB
SVANL
NUPEE
FTBFH
MHHMS
EMHJC
UFBCD
QGADO
EYBES
AYIBD
SAABA
TLACJ
SQLET
VMCCC
XAAGJ
XPFFG
USAFB
QSABF
UTACH
TQDGK
OFAAF
MULDB
QWIAE
WIIIX
VMFDH
JWDEM
IAAAE
GPAQT
MAGHO
YCCGL
LQIEE
LVBHH
BFDEA
FVDDP
ZSKJF
ILDKR
XABWA
VXACR
CBFAB
NBDDD
XXAKN
PUIAD
HXCFK
EZAXR
JDKLR
WRMRT
CXGAU
JUBBK
ROCCC
GGBQK
OPHAC
NFHDN
YNPPM
KQLDM
FREFL
ZSJTS
ZEFAE
GPABL
HSCCG
QEKAA
QHBKT
JQCAJ
ESRSL
VJACB
JCCFF
DGALA
OJCEA
CIDTB
TEAAA
GNDFH
FSFLC
OMHCL
RZABD
TJASM
ASDRO
XGDJP
QGAZB
RHOBD
RBBGC
EIBNA
SFAAC
BTJGM
MXCHV
PTBAV
IAHIL
EQCAC
EUHAT
DAAIJ
NFARO
AUCDU
EWAED
PJABE
VPABD
VTBML
ZQGHJ
QBCGB
EAAAA
WNAAG
NRVWL
YAACK
NLHIN
ZEEAL
GQAAF
XPACK
NTCEF
TNUHF
OPBEK
URDII
BKAEU
LKHDJ
TVKMF
EZAEG
CWCIM
BLAIE
QLBCE
ZJIDI
GLSAG
WDFLJ
OGJCC
LABGR
PWACC
HCCZS
FAACL
MXAGD
BPDDH
BGLRK
MGDDN
KKCTC
XQPAE
MCUJL
SLACN
URMBW
XCGWP
QVBDD
NUIIP
UCPFJ
FBNAB
QOFHM
DLCJD
XLQWT
OCACB
NCAGE
DADBI
JUEAQ
UBDCW
ICJLK
TIBKQ
RFAEO
BXCCE
ORDDE
FBRAC
CDBBF
DIAAC
DNTTF
TDDHU
TIBME
EJBLN
AIDIB
JRFSC
KXABA
MOPZD
ZYCEF
PNBDM
NAHBD
QQABB
XSHSC
GXDCV
AUMSJ
MOEKB
SGCAD
OAACL
REBCK
DWGCL
OMDDL
SFABB
TUADE
NVTCE
NNBBB
JUEAP
NLQGD
BGMEE
MBCIF
ZZACO
FHLCF
OGGBD
NKCCK
NLQGH
VABIB
TZEUA
HBBEF
BGMDD
GOCEA
RJACD
JFPQL
PWGGT
ZBBBD
EGGBG
EJAAA
NCBHH
VHADD
EOFHM
QVBGC
FBJTE
ATNBP
ATIBY
LPPSM
OKBIM
SAKKA
FTFTF
WXCEK
OKADG
MNBCB
RKCCC
CDBBH
TRCMA
DNTUK
EZAJC
DIJDD
JUFCM
EIBMG
ZYAEF
RWGLV
RCEFP
XEDCF
PEACL
EGBCP
TEACD
KJCFO
UEJJU
RDBKO
IAGBB
BPDHK
IUHAQ
KUCEM
EGCAB
AFBBM
IBCDH
ZJBBB
AXBDD
YICWL
OECFC
YPCFR
