YES
ZYZYZZZYY
ZZYZYZZYY
YYYZYYYZY
ZYZYYYZZZ
YYYZZYZYZ
ZYZZZZZZZ
YZZZYZZYZ
YZZZYZZZY
YZZYZYZYY
YZZYYZYZY
YZZZZYYZY
YYYYYYYYY
ZZZZZZZZY
YYYYYZZYZ
ZYZZZYZZZ
ZZZZYZZZZ
YZZYYZYYZ
YZYZYZYZY
ZYZZYYZYZ
ZZZYYYZZZ
ZYYYZZYYY
YYYZYYYYZ
YZZYZZYYY
YYZYYYYYY
YZZYYYYZY
YYZYZYZZY
YZZYZZYYZ
YYYZYZYZZ
YYYZZYYZY
ZZZYYZYZZ
YZZZZZZZZ
YZYYYZYZZ
ZZYZZYYYY
ZZYZZYYYZ
YZZYZYZZZ
ZYZYZZZYZ
ZYZZYZYZZ
ZYYYZZZZY
ZZYYYYYYY
ZYZZYYYYZ
YYYZYYZYZ
YZYZZYZYY
YYYYYYZZY
ZZZZYYZYY
ZZYYYYZYY
YYZYYYYZZ
ZYYZYZYYY
ZZZZZZZYZ
YYZZYYZYY
YYZZZYYZZ
YZYZZZZZZ
YYYZYYZZY
YZYZYYYZZ
ZZYYZYZZY
YYYYYZZZY
ZYYZZYYYZ
ZZZZYYYZZ
ZZZYZZYZZ
YZZYZZYZY
ZYZZZYZYZ
ZYYYYYZZY
ZYZZYZYZY
YYZYZYZYY
YYZZYYYYZ
YYZZYYZZZ
YYZYZYZYZ
ZZZZYYYZY
YYZYYZZYZ
ZYZZYYYZZ
YZZYZZZZZ
YYZZZZZZZ
ZZZYZZZYZ
YZYZYZZZY
YYYYZZYZY
YZYYYYZZZ
YYZYYYZZZ
YYZZZZYYZ
YYYYYZYYZ
ZZZZZYYYY
YZYZZYYYY
ZYYYZZYZZ
YZZYZZZYZ
ZZYZYZYZZ
ZYZYYYYZZ
YYYYYYZYY
YZZYZZZYY
YZYZYZZZZ
ZZYZZZZYZ
ZZYYZYYZY
YZYZYYYYY
YZYYZZZZZ
ZYYYYZZZY
YYYYYYYZY
YZYYZYZYY
YZYZYYYZY
YYZZYZZYY
ZZYYZZZYZ
ZYZYZZYZY
YYYZYZYZY
ZYZZZYYZZ
YYZZZZYZY
YZYZZYZZY
YZZZYYYYZ
ZZYZZZZYY
YYZZZZZZY
ZYZZYZYYZ
YZYYZZYYY
ZYYZYZYZZ
ZZYZZZYYY
YYYZYYZZZ
ZZYYZYYYZ
YZYZZZYYY
YYYZZYZYY
YZZZZYYYZ
YZYYYZYZY
ZZZZYZYYZ
YYZYYZZYY
YZYYYYZYY
YYZYYYZZY
YZYYZZZYY
ZZZZYYZZZ
YZZZYYYYY
YZYZZZZYY
ZZZZZYZZZ
YYZZYYYYY
ZZYZYYZZZ
YZZYYYZYZ
ZZYYYZZYZ
YZYYZZYZZ
ZZZYZYYYZ
ZYYYYYYYZ
YZYYYZZYZ
ZYZYZYYZY
ZYYZZZYZY
ZYYYZYZZZ
ZYYYYYYZZ
ZYYZZZZZY
ZZZYYYZZY
ZZZYYZYYZ
ZZZYYYYZZ
YZYYZZYZY
ZYYYYYZYY
YYZYZZZYZ
YYZYZZYZY
YYZZYZZZZ
ZYZYZYYYY
ZZZYYYYZY
YZYYYYYZZ
YZZYYZZYZ
YYZYZZYZZ
YZYZZZZZY
ZYZYZYYYZ
ZZZYYZZYY
ZYZZZYYZY
ZYZYYZYYZ
ZZZYYZZZY
ZZZZZZZYY
ZZYYZZYYY
YYZYYZYYZ
YYZYYYZYY
YYZZZYYYY
ZZYZYZYZY
ZZZYZZYYZ
YYZYYZYZY
YZZZYYZZY
ZYYZZZZYZ
ZYYZZYZYY
ZYZYYZYZZ
ZZZZZZYZZ
YZYYZYYZY
ZZYYZYZZZ
YYYYYZYZZ
YYYZZZZZY
ZYYYYZYZY
ZYYZYYZZY
ZZZZZZYYY
YZYZZZZYZ
ZZZYYZZYZ
ZZZYYYZYZ
YZYZYZYYZ
ZZZYZYYZY
ZYZYYZZZZ
YZZYZYZYZ
YZYYYZYYY
YZYYYZZYY
ZYYZYYZZZ
ZYYYYZZYY
ZZZZYZZYZ
YZYYYYYYZ
YYYYZYYZY
ZYZZZZZYZ
YYYYZYZYY
ZZZYZYZZY
ZZZYYZYYY
ZZZZYYYYY
ZZZZZYYYZ
ZZZZZZYYZ
ZZZYZZZZZ
ZZZYZYYZZ
YZZYYZYZZ
ZYZZZZYYY
ZYZYYZZYZ
ZYZZZYZYY
ZYYZYZYYZ
ZZYYYYYZZ
YYYYYYZZZ
ZZYZYYYYZ
YZYYZYZYZ
ZYYZYYZYY
ZYZZZYZZY
ZZYZYYZZY
ZYYYZYZYY
YYZZYYZZY
ZYYYYZZYZ
YZZYZYYYY
ZYYZZYZZY
YZZZZZYYY
ZZYYYZZYY
ZYZZYYYYY
YZZYYYYYZ
YZZZZZZYZ
ZYYZYYYYY
YZZZZYYYY
ZYYZZYZZZ
ZYZZZZZYY
ZYYYZYYYY
ZZYYYYZYZ
ZYYZZZYZZ
YYYZYZYYZ
YYYYYYZYZ
ZZYZZYZZY
ZZYYZZZZZ
ZZYZZYZYZ
YYZYZYZZZ
YYZYZYYZZ
YYYYZYZYZ
YYZZYZYZZ
YYYYYZZZZ
ZZZYYYYYZ
YYZZYZYYY
ZZYZYYYZZ
ZYYYZZYZY
YZYYYZYYZ
YYZYZYYYZ
ZZZZZYYZZ
YZZZYZYZY
YYZZZYZZY
YZZZYZZYY
YZZZZZYZY
YYZYZZZYY
ZZYZYYZYY
YZZYYYYYY
YZZZYYZYZ
YYZZZYYYZ
YYYYZYZZZ
YYYYZYYYZ
YZYYZZYYZ
YZYZYYZYY
ZZZYYYYYY
YYZZZZYZZ
YZZZYZYZZ
YZYZYZYZZ
ZZYZZYZZZ
ZYZYYZYYY
YYZYYYZYZ
YZYZYZZYZ
ZZYZZZYZZ
ZYYZYYYYZ
YZZYYZZZZ
YYYZYZZYZ
ZYZZYZZYY
YYYZZYZZZ
YYZYZZZZZ
YZZZZZZZY
YYZYYZYYY
ZYYZZYYZZ
ZYZYYYZYY
YZYYZZZZY
ZZZYZYZYY
ZZYYZZYZY
ZYZZZZYYZ
YYZZZZZYY
ZYYYYYYYY
YYYZYZYYY
YYZZZYYZY
YZYYZYYYZ
ZZYYZYYZZ
ZZZYYYZYY
YZZZYZZZZ
YZZZZYZYZ
YZYYYZZZZ
YYYYZZYYY
YYYYZZYZZ
YZYZZZYYZ
YYZYYZZZZ
ZYZYZYZYZ
YYYYYYYZZ
YYYYZZZZZ
ZZYYZYYYY
YYYYZZZYZ
YYYYZYZZY
ZYZZYZZZZ
YYZYYZYZZ
ZZYYZZZYY
ZZZZZYYZY
ZYZZYYZZZ
YZYZZYYYZ
ZYZYYYYZY
ZYYZYZZZY
YYYYYYYYZ
ZZYYYYZZZ
ZZYYYZZZY
ZYZZYZYYY
YYZZYZZYZ
YYZYYYYZY
YYZZZYZYZ
ZYYYZYYYZ
YZZYZYZZY
YZZYYYYZZ
ZYYZYZZZZ
YYYZZYYYY
ZYYYZYZZY
ZZYZZYYZZ
ZYYZZYYYY
YZYZYYZYZ
YZYYZYYZZ
ZZYZYZYYZ
ZZZZZYZZY
YZZZZZYYZ
ZZZYYZZZZ
ZYZYYZZYY
YZYYYYZYZ
ZZYYZZZZY
ZZZZZZYZY
YYYZZYYZZ
ZYZYZYZYY
ZZZZYZYZZ
ZZZZYZZYY
ZZYZZZYYZ
ZYYYZYYZZ
ZYZYZZYYY
ZZYYZYZYZ
ZYZZYYZYY
YZZYZZYZZ
ZYYYYYZYZ
ZZYZYZYYY
ZYYYZZYYZ
ZZYZYYZYZ
ZZZZYZYZY
YYYZZZZYY
ZZZYZZYYY
ZZYYYZZZZ
ZYYYYYYZY
ZYYZYYYZY
YYZZZZZYZ
ZYYZYZZYY
YZYZYYZZY
YYYYZZZYY
ZZYYYZYZY
YZZZZZYZZ
ZZYZZZYZY
ZYZZYYZZY
ZZZZYZYYY
YYYZYZZZY
ZYYZYZZYZ
YYZYZYYZY
YYYYZYYZZ
YZZZZYYZZ
YZYYZYZZY
YYYYYZYYY
YZYZZYZZZ
ZZZZYYZYZ
YYZZYYZYZ
ZZYYYYYZY
ZZYZYYYZY
YYYYZZZZY
ZYZZZZYZY
YYYZYYYYY
YZYZYZYYY
ZYZYYZYZY
YZYYYYYYY
YYYYYZYZY
ZYZZZYYYY
ZYYYYZZZZ
ZZZZYYYYZ
YYYZZZZYZ
ZYYZZYZYZ
YZZZZYZZZ
YZYZZYYZZ
ZYYZZZZZZ
ZYZYYYZYZ
YYZZYYYZZ
ZZYZYZZYZ
YYYZZZYZY
ZZZYZZYZY
YZZZYZYYY
YYYZZYZZY
ZZZYZYYYY
ZYYYYZYYY
ZYZZZYYYZ
ZYYZZZYYY
ZYYZZZYYZ
YYYZYYZYY
ZZYZYYYYY
ZYYYYZYZZ
ZZYZZZZZY
YYZZYZYZY
YZZYYYZZY
ZYZYZZYZZ
ZZZZZYZYY
YYYZYZZYY
YZYZYYZZZ
YZZZYYYZY
ZYZYZZZZY
YZZZZYZYY
ZYZYZYZZY
YZYYZYZZZ
ZYZYYYZZY
YYYZZZZZZ
YZYZZZYZZ
YYYYZYYYY
YYZYYZZZY
YZZYYZZYY
ZZYZYZZZZ
YZYYYYYZY
ZZZYYZYZY
YYZZYZYYZ
ZZZYZZZZY
YYYYYZZYY
ZZYYZYZYY
ZYYYZYZYZ
ZZYYYYZZY
ZZYZZZZZZ
ZZZYZZZYY
ZZZZZYZYZ
ZZYYZZYYZ
YYZYYYYYZ
ZYYZZYYZY
YZZZZZZYY
YZYYYYZZY
ZYZYYYYYY
YZYYZYYYY
YYYZYZZZZ
ZYZYYZZZY
YZYZZZYZY
ZYZYZZZZZ
ZZYYYYYYZ
ZZYZZYZYY
YYZZYYYZY
ZZYYYZYZZ
YYZYZZZZY
YYZZYZZZY
ZYYZYZYZY
YYZYZZYYZ
ZYYYZZZYY
YZZZYYZYY
YYYYZZYYZ
YYYZZZYYZ
ZYZZZZZZY
YZZYYYZYY
YZZZZYZZY
ZZYYYZYYZ
YZZYYZZZY
ZYZYZYYZZ
YYYZZYYYZ
YYYZYYYZZ
ZZZZYYZZY
YYYZZZYZZ
ZYZYZYZZZ
ZZYYYZYYY
ZYYYYYZZZ
ZZZYZYZYZ
YYYZZZYYY
ZYZZZZYZZ
YZZYZYYZZ
YZYYZZZYZ
YYZYZZYYY
YZZYZYYYZ
YZYZZYYZY
YZYYYZZZY
YZYZYZZYY
YZYZZYZYZ
YYZZZZYYY
YZZZYZYYZ
ZYYZYYYZZ
ZZYYZZYZZ
YYZYZYYYY
YZZYYZYYY
YZYZYYYYZ
YYZZZYZZZ
ZYZZYZZZY
YZZZYYYZZ
YZZYZZZZY
ZYZZYYYZY
ZZYZYZZZY
ZZYZZYYZY
ZYZYZZYYZ
YYZZZYZYY
ZYYZYYZYZ
YZZZYYZZZ
ZYYYZZZYZ
ZYZYYYYYZ
YZZYZYYZY
ZYZZYZZYZ
ZYYYYZYYZ
YZZYYYZZZ
ZZZZYZZZY
ZYYYZYYZY
ZZZYZYZZZ
ZYYYZZZZZ
ZZZZZZZZZ
ZYYZZZZYY
