YES
BAAAABABAAABB
BAAABABAAABAB
AAAAABBBBAABB
AAAAABAABBBBB
AAAABAAABBAAB
AAAAABBABBBAB
AAABAAAAAAABA
AAAABBABAABAB
BAAABABBAAABA
AAAABAABBAAAB
BAAABBAABAABB
BAAAAABABAABA
AAAABBABBBAAB
BAAAABAABAABB
BAAAAAAABABBB
BAAABAABBBBAA
AAAABBAABBBBA
BAAABBAABABAB
BAAABBBBABBAA
AAAAAABBBAAAB
AAAABAABABBAA
BAAABABABABAB
BAAABABBBBBBA
BAAAABBAABBBB
BAAAAABBABBBB
AAAABAAAAABAB
BAAABAAAAABBA
BAAAABAAAAAAB
AAAABABAAABBA
BAAABBAABAABA
AAAABAABBAABB
AAAABBBBAAAAA
BAAABABAAAAAA
BAAABABAAAABA
AAAABABBBAABA
BAAAABBBBABBB
AAAAABBBBAAAB
BAAAABBABBBBB
AAAABBBBBBABB
AAAABBABBABAA
AAAABBAABBBAB
BAAAABBABABBB
AAAAABAAABBBA
AAAABAABBABAB
AAAABBBAAAAAA
AAAABABABABAA
AAAAAAABBBBBB
AAAABBBBAABBA
AAAABAAABBBAA
AAAABBABBBBBA
BAAABAAABABBB
BAAAABBABBAAB
AAAABBBABBBBA
AAAAAABBAAAAA
BAAABBABAABAB
AAAAAAABBABAB
BAAAAABABABBB
AAAAABBBABABA
BAAAAABBAABAA
BAAAAABAAAABA
AAAAAABBBBAAB
AAAABABABAABA
AAAAABBAABBBA
BAAAABBAABAAA
BAAAABAABABAA
BAAAABBBAABAA
BAAAABBAABABB
BAAAAABABBABA
AAAAABBABBABB
AAAAAAABABABA
AAAAAAABABBBB
BAAABAABBABAA
BAAABAABABAAB
AAAABAAABBBBA
BAAAABBAABBAB
AAAAAABBBBBBB
AAAAABABABBBB
AAAABAABABBBB
BAAAABBABAAAA
BAAABABABAABA
AAAAAABAAAAAB
AAAABABABABAB
BAAABABABBBBB
AAAABBAAAABBA
AAAAABBAAAAAA
AAAAAAABABAAB
AAAABAAABAAAA
BAAABAAAABAAA
AAAAABBBAAABB
AAAABABAAABAA
BAAAAABBBAAAB
AAAABBABAABBB
AAAAAAABABBAA
AAAAABBBBAABA
AAAABAABAAAAB
BAAAAABBABBAA
AAAAABABAABBA
BAAAAAAAABBBA
BAAAAAAABBAAA
AAAABAABBAABA
BAAAAAAAAABBB
BAAAAABBBAABA
BAAABBAABABBB
AAAABAABABABB
BAAAABABAAAAB
AAAAABABBAABA
AAAABBABBABAB
BAAAAABBAABBA
BAAAAABBBBBAB
BAAAAAABBABAB
AAAABBBAAABBB
AAAAABABBBBAB
BAAAABBBABAAA
BAAAABAABAAAB
BAAABBBBABABA
BAAABBBABABAB
BAAABBBABBBAB
AAAABBBABABAA
BAAABBABAABAA
AAAABBAABAABA
AAAAAAABBBBAB
BAAABBBAAAABB
AAAABAABAABBA
BAAABBABAABBA
AAAABBBABABBA
BAAAAAABABBAA
AAAAAAAABBAAA
AAAAAAABAABBA
BAAAAAAABABAA
BAAABBABBABBB
AAAABBABBBBAB
BAAAAABABABAA
BAAABBBAABBAA
AAAABAABAABAB
AAAAABAAAAABA
AAAAAABBBAABB
AAAABBABBAAAB
AAAAABAAAABBB
AAAABAABBBAAA
AAAABBBAAAABA
AAAAAAABBABBA
AAAABAAAABAAB
AAAABABAAAAAB
AAAAABBABBAAB
AAAAAABAABABA
AAAABABBBBAAB
BAAABABABBABB
AAAAAAAAABAAB
BAAABABAABBAA
BAAAABABABAAA
BAAAABAABBBAA
BAAAAAABAAABA
BAAAABBABAABB
BAAABBABBAAAA
BAAAAABBBBBAA
BAAAAABBBBBBB
AAAAABBAAABAA
BAAABBBAABAAA
AAAABABAAAAAA
BAAABBBABABBB
BAAABBAABAAAB
AAAAABABABAAA
AAAABBAABBAAA
BAAAABAAAAABB
AAAAAABABBAAA
AAAAAABBAABAA
AAAABBAAABAAB
BAAABAABBBBAB
BAAAAAABAAAAA
AAAAABAAAABAB
AAAAAAAAAABBA
BAAABABAABAAB
AAAAAAAABABBA
AAAABBAABBAAB
AAAABBBBABBAA
BAAAABAABAAAA
AAAABAABABAAA
BAAAABAAABAAA
AAAABABBABBBB
BAAAABAABABBB
AAAABAAAABBBB
BAAABABABBABA
AAAABAABBABAA
BAAABAAABABBA
AAAABBAAAABBB
AAAAABBABABBA
BAAABBBBABABB
BAAABABABAABB
AAAABBBBBABBB
AAAAABBAABBBB
AAAAABABAAABB
AAAABBAAABABA
AAAAABABAAAAB
BAAABBBBABBAB
BAAAABABAABAA
AAAABABAABAAB
BAAAAAABBAABA
AAAAABABBBAAA
AAAABAAAABAAA
AAAABBBBAABAB
BAAABBBBBABAA
AAABAAAAABABA
AAAABABAABABB
AAAAAAAAABBBA
AAAAAABBABBBA
AAAAABBABBABA
BAAABABABBAAB
BAAABABBBABAA
BAAAABAAABBAA
AAAABBBBBAABB
BAAAABBAABBAA
BAAAAABBBABAA
AAAABBAABBABB
AAAAABBBBBAAA
AAAABABAABBAA
AAAABABABAABB
AAAAABBAABAAA
AAAAAAAABABAA
AAAABBBBBABBA
AAAAABABAABBB
BAAABAABAABBB
BAAAAAABBBBBB
BAAAABAAABBAB
AAAAABBBBABBB
BAAABAABABBBA
BAAABBBAABBBA
AAAABABBBABBB
AAAABAAABBBAB
AAAABBABBAAAA
AAAAAABBAAAAB
AAAABBAAAAABB
BAAAAABABAAAB
AAAABABAABAAA
AAAABBABAAAAB
AAAAAABBBAABA
AAAABBBAAAAAB
AAAABABABAAAB
BAAAAABBAAABB
BAAAAAABAABBA
AAAAAABAABABB
BAAAABAAABABA
AAAAABAABAAAB
BAAAABBBABBBA
AAAAABAAABBAB
AAAABBBBBBAAA
AAAAAAAAABBAA
AAAAAAABBBBBA
BAAABABAAABAA
AAAAABBAAAABB
BAAABAAABABAA
AAAABAAAAAABA
AAAABABBAAABB
AAAAAABBABBBB
BAAAAABAAABBB
AAAABABABBBBB
BAAAAABABBBAB
BAAABAABAABAB
BAAABABBABBBA
BAAABABBABAAA
BAAABAABBABBB
BAAABAABAABAA
AAAAABABABABA
BAAABABBBAABB
AAAABBBBAAABA
BAAAAAAABBAAB
BAAABAAAAABAB
BAAAAAABABABA
BAAAAAAABAABB
AAAAAABAAABBA
AAAABABABBAAB
AAAABABBABBAA
BAAAAABABBAAA
BAAABBABABABA
BAAAABBBABBAA
BAAABBABBAABB
AAAAAAAABABAB
AAAAAAABBBAAA
BAAABABBBBBBB
BAAABAABABBBB
AAAABAAABABAB
AAAAABAAABABA
AAAABBBBABBAB
AAAABBBAAABAB
AAAAAAABBBAAB
BAAAAABAABBAB
AAABAAAAAABAB
BAAABBAABAAAA
AAAAAAABAAABA
AAAABBAAAABAB
AAAAABBBABBAB
AAAAABAAAABBA
BAAABABBAAABB
AAAAABAAAAABB
AAAAABBBAABAA
BAAAABBABBABB
AAAABBBABAABB
BAAAAABAAABAA
AAAABABBBBBAA
AAAAAABABAABB
AAAAABBABBBAA
BAAAABABABABA
AAAABBBBABBBB
AAAAAAABAAAAB
BAAABABABABBA
BAAABAABAAAAB
AAAAAAAAAAABA
BAAAABAABBBAB
AAAABAAAAAABB
BAAABAAAABBBA
AAABAAAAABAAA
BAAAAABAABABB
AAAABABBBBAAA
AAAAABABABBAB
AAAABABBAAAAB
AAAABAAABBAAA
AAAABBABABBBA
BAAABBAAABBAB
AAAAAABAABBBA
AAAAABBAAABBA
BAAAABBBBAABA
BAAABBBABAABB
AAAABBABBAABA
BAAAAAABBABBB
BAAABAAAAAAAA
AAAABBABBABBB
BAAABBABBABBA
BAAABBAAAAAAA
AAAAABBABBAAA
BAAAABAAABAAB
BAAABBBBBAAAB
AAAABAABBBABB
AAAAABAABBBAB
BAAAAAABBABAA
BAAAABBBABABA
BAAABAABABAAA
BAAABAABBBABB
AAAABABBBBABB
BAAAAABBAAABA
BAAAAAAAABBBB
AAAAABBABAABB
AAAAABBABAABA
BAAABABAAABBA
BAAABAABAAABA
AAAAABBBBABBA
AAAABBAABABBB
AAAAAABAAABAB
AAAABBABBABBA
BAAAAABBABABB
BAAAAAAABABAB
BAAAAABBBABBA
BAAAABAAAABBA
AAAAABABAAABA
BAAAAABABABBA
AAAABBAAAAAAA
AAAAAABABBBBA
BAAABABAABAAA
AAAAABABBABAB
BAAAAABABBBBA
AAAAAAAABBBBA
AAAABBAAAAAAB
BAAAAAABABBBA
BAAABBAABABBA
AAABAAAAAAABB
AAAABBAABABBA
AAAABABBBABAB
AAAAAABAABAAA
AAAAAAABABABB
AAAABAABABBAB
BAAABBAABBBAB
AAAABBABAAABB
BAAAAAABABBBB
BAAAAAAABBABB
AAAAABAABBABA
AAAABAAAAABBA
AAAAABAAABBAA
BAAAAAABBAAAA
BAAAABBBBBBAA
AAAABBBAABBBB
AAAABABBAABBB
AAAAABBAAABAB
BAAAAAAABAABA
AAAAAABABBABA
AAAAAAABBAAAB
BAAAAABBABAAA
BAAAABBAAAABB
BAAAAABAAABAB
BAAAAAAABBBAB
BAAABBAABBAAB
BAAABABBABBBB
BAAABAAABBBAA
AAAABBBBABAAA
AAAABAAAABABB
BAAABABBAABBB
AAAAAABAABBAB
AAAABAAABBBBB
BAAABABAAAABB
AAAABABBBBBAB
BAAABBAAABABA
BAAABAAAAAABB
AAAAAABABAAAB
AAAABBABAAAAA
AAAABBBAABAAA
AAAABAAABABAA
AAAAABAABBBBA
AAAABAAAABABA
BAAAAAABAABAA
BAAABBBBAABAA
BAAAAABAABABA
BAAABBABAAAAA
BAAABAAABAABB
AAAAAAABBABBB
AAAABAAAABBAB
BAAABAAABBABA
AAAAAAAAABBBB
BAAABAABABABA
BAAAABBBABABB
BAAABABAABABB
AAAAABABAAAAA
AAAAAAABBABAA
BAAABAAABBAAB
AAAABBAAABAAA
BAAABABBBAAAB
AAAAABABBBBAA
BAAAABBBAAAAB
BAAAABBBAABBA
BAAABABBAAAAA
AAAAABBBAABBA
AAAABAAABAAAB
BAAAAABABABAB
BAAABBAAABBAA
AAAAAAABBAABB
AAAABAABBBBBB
AAAABAAAABBAA
BAAAABBBABBBB
BAAAABBBBBAAA
BAAAAAABBBAAA
AAAAABBAAABBB
AAAABBBABABBB
AAAABABAABBBB
AAABAAAAAAAAB
BAAABBBAAABAB
BAAAABAAABBBA
AAAAAAAABAAAA
AAAABABBABABB
BAAABBBBBAABB
BAAAABBBBAABB
AAAABBABBBABB
AAABAAAAABAAB
AAAAABAAABAAA
BAAABBABABABB
AAAAABABBAAAB
BAAABBBAAABBA
AAAAAABBAABBA
BAAAABAAAAABA
AAAABBBABBABB
BAAABBABAABBB
BAAAAABBBAAAA
AAAAABBBABBBA
AAAAAAAABBBAB
AAAABAABAAABA
AAAABBABAABAA
AAAABABABABBA
BAAABBABABBBA
AAAABBBABBAAB
AAAAAAABAABAB
BAAABBBAABABA
AAAAABBAAAABA
AAAABAABBBBBA
BAAABBAAABBBB
BAAABBBABBABA
AAAAAABBABABA
AAAABBABABBAB
BAAABBABABAAB
BAAAABABAABBA
AAAABBABBBAAA
AAAABABABBBBA
AAAAABAAAABAA
AAAAABABBAAAA
BAAAABBABBBAB
AAAABABAABABA
BAAAAABBAAAAA
BAAABABBBBBAB
BAAABBAAABABB
BAAAAABAAAABB
AAAAABAABAABB
AAAAABAAABAAB
BAAAAAAAAAAAB
BAAABAAAAAABA
AAAAAAABAAAAA
AAAABABAAAABB
AAAABBABABAAB
BAAABABABBBAB
AAAABBBABBBBB
BAAABBAABBABA
BAAABABAABBAB
BAAABBABABBAA
BAAABBABBAABA
BAAAAAAAAAABA
BAAAABBAABABA
AAAAAABBAABAB
BAAABBABAAABA
BAAABAAABBBBB
AAAAAAAABBBAA
AAAABBAABAABB
BAAAABBAAAABA
AAAAABBBAAAAA
AAAABBAABAAAB
BAAAAABBBBABB
BAAAABBABAAAB
AAAABBAABABAA
AAAABBBAABAAB
AAAABABBAABAB
BAAABBABBBBAB
BAAAAAAABBBBA
AAAABAAABABBA
AAAABBBAABBAB
BAAAAABAABAAB
BAAAAAABABBAB
BAAABBAAAAABB
AAAABBAABBBAA
BAAAAAAABBBBB
AAAAAABAABAAB
AAAAABBAABABA
BAAABAABBABAB
BAAABABBBAABA
AAAABBABAAABA
BAAAABBAABBBA
BAAAABBAABAAB
BAAABBABBBABA
AAAAAAAABBAAB
AAAABBAAABABB
BAAABAAAAAAAB
AAAAAAABBBABB
AAAAAABBABAAA
AAAABABBBAABB
AAAABBBABABAB
BAAABABBAABAB
BAAABABBBBAAA
BAAAAAABAAABB
AAAABAABBBAAB
BAAABAABABBAB
BAAAABBBAABBB
AAAAABAAAAAAB
BAAABAABBABBA
BAAAAAAAAABAA
AAAAAABABBAAB
AAAAABABBBABB
AAAABBAAAABAA
BAAABABAABBBB
AAAAABBBBBABA
AAAAAABABAABA
BAAAAABAABAAA
AAAAABAABABBB
BAAABBBAABBBB
AAAAAABBBBAAA
BAAAABBABABAB
AAAABBBBBAAAA
BAAAAAAABBABA
AAAAAAAABBABA
AAAABBBBBBBBB
AAAAABABAABAB
AAAABAAABBABA
AAAABABBAAABA
AAAABAAAABBBA
BAAAAAAAABABA
AAAAABABABBBA
BAAAABBABAABA
AAAABABABAAAA
BAAAABAABBAAA
AAAABBBAABABA
AAAABBAAABBBB
BAAABBBABBBBA
AAAAAABBBABBA
BAAABBBABBABB
BAAABBAAAABAB
AAAAABAABABAB
AAAAABAABABAA
BAAAAAAABAAAB
BAAABBBBAAAAB
BAAAABBBBAAAB
AAAAAABABABAA
AAAABBBAABABB
BAAABBABABBBB
BAAABABBBBABA
AAAAABBAABBAA
BAAABBABBABAB
BAAABBBABBBBB
BAAABABBAAAAB
BAAABAAABAAAB
BAAABABAABABA
BAAABABAAAAAB
BAAAABBABABBA
BAAABBBBAABBA
AAAAABBBBABAA
BAAAABBABBABA
AAAABAABABBBA
AAAABAABAAAAA
AAAAAAAAABABA
BAAABBAABBAAA
BAAAABBBBABAB
BAAABBABBBABB
AAAABABBABAAA
AAAAAAABBBABA
AAAAAAABABAAA
AAAAABBBAAAAB
BAAABBAABBABB
BAAAABBBABAAB
BAAABABABBBAA
AAAABBBAAABAA
BAAAAAABBBBBA
AAAAABAABBAAA
BAAAAABABBBBB
AAAABAAAAAAAA
AAAABABBBBBBB
AAAABABAABBBA
BAAAAAABAABBB
AAAABBBABBABA
AAAAAAABAABAA
AAAAABABBBBBB
BAAAAABBBBABA
AAAAAAAAAAAAA
AAAABBBBAAABB
BAAAAABBBBBBA
BAAABABBABBAA
BAAAABBABBBBA
AAAABABAABBAB
BAAABBBABBAAB
BAAABBABBBAAA
BAAAAABBBBAAB
AAAABAABABAAB
AAAABAABBAAAA
AAAABABBAAAAA
BAAABBABBBBBA
BAAAAAAAABAAB
BAAAAAAABBBAA
BAAAABBABBAAA
BAAABAABBBAAB
AAAABBBBBBAAB
BAAABAAABABAB
AAAAABBBAABBB
BAAAAAAAABAAA
BAAAAAABABAAB
BAAAAAAAABABB
BAAABAAAABBAB
AAAAABBABABAA
AAAABAAABAABB
BAAABAAABBAAA
BAAAABAABBBBA
AAABAAAAAABBA
BAAAABBAAAAAA
AAAAABBAAAAAB
BAAAAABBAAAAB
AAABAAAAAAAAA
BAAABBBABBBAA
BAAAAABABBABB
BAAAAAAAABBAA
BAAAAAAAABBAB
BAAABBABAAAAB
BAAABAABBBAAA
AAAAAAAAABABB
AAAABBBABAABA
AAAAAABAABBAA
AAAAAABBABAAB
AAAABBBABBAAA
BAAAAAAAAABBA
BAAABBBABAABA
BAAAABBBABBAB
BAAABBBBABBBB
BAAAABAAABBBB
AAAAABABBBAAB
AAAAAAABBBBAA
BAAABBABABAAA
AAAABBAABABAB
BAAABBBBAAABB
AAAABAABBABBA
AAAAAAABABBBA
BAAAABBAAABBB
AAAABAABBABBB
BAAABBBAABABB
BAAABAAAABBAA
BAAAAABBABABA
BAAABAABBAABA
AAAABBBABAAAA
AAAAABAABABBA
BAAAAABBABAAB
BAAAABABABAAB
AAAABABBABBBA
AAAAABBBAABAB
AAAAABBBABAAA
BAAABABBAABAA
AAAAABAAABABB
AAAAABBABBBBB
BAAAABBAAABAA
AAAAABAABBBAA
BAAABBAAAABBB
AAAABBBAAAABB
AAAAABBABBBBA
BAAAAABAAAAAA
AAAABBBBAABAA
BAAABABAABBBA
BAAAABABAAABA
AAAABAABBBBAA
BAAAAABABBAAB
AAAABBAABBABA
AAAABABBBBBBA
AAAAAABABBBAB
BAAABAABAABBA
BAAABAAAAABBB
AAAABBBAABBAA
BAAABAABBAABB
AAAABBAAABBAA
AAAABAABAABAA
AAAABAAABAABA
BAAABBAAABAAA
BAAAABAABBABB
AAAABBABAABBA
AAAAAAABBAAAA
AAAABAAABBABB
BAAABBBABBAAA
BAAAAAABBBABA
BAAABBBAAAABA
AAAABBBBBAABA
BAAAAAABBAAAB
BAAAAAAAAAAAA
BAAABBABABBAB
AAAAAABBAAABB
AAAAAABAAABBB
AAAAABABBBBBA
BAAAABBBBAAAA
AAAAABBABABBB
BAAABAABABBAA
AAAABBABABBBB
AAAABABBABBAB
AAAAABBBABABB
AAAAABAABBAAB
AAAAAAABBAABA
BAAAAAABAAAAB
BAAABAAAABABB
BAAABBBAAABAA
AAAAABBABAAAA
AAAABBABABBAA
AAAAABABAABAA
AAABAAAAABBAA
BAAAAAABBBBAA
BAAAAABBABBAB
AAAAAAAABBBBB
AAAABBBBBABAA
BAAABBBBAAABA
AAAAABBBBAAAA
BAAABAAABBABB
AAAAABBABAAAB
BAAAABAABABBA
BAAAABAAAABAA
AAAAABBBBBBAB
AAAAABBAABABB
AAAABBBBAAAAB
BAAABAAAABABA
BAAAABBABBBAA
AAAAABAAAAAAA
AAAABBABBAABB
AAAABAAABABBB
AAAAABBAABBAB
BAAABABAAABBB
AAAAABAABAAAA
BAAAABAABBBBB
AAAABBBABBBAB
AAAABBAAAAABA
AAAAAABABABBB
BAAAAAAABABBA
BAAABAAABBBAB
BAAAABBAAABAB
AAAABBABBBBBB
BAAABAABBBBBB
AAAAABBBBBBBA
AAAAAABBBABAB
AAAABABBBAAAB
AAAAAABAAABAA
BAAABBBAAAAAB
AAAAABABABAAB
BAAABABBABABB
BAAABAABBAAAB
BAAABBAABBBBB
BAAABABBABABA
BAAABBBBABBBA
BAAAABAAAABBB
AAAAAAAABABBB
BAAABBAAABAAB
AAAAABAABBABB
AAAAAABABBABB
BAAABABBBBAAB
AAAAAABBABBAB
BAAABAABAAAAA
BAAAABABABBAA
AAAABABABBBAA
AAAABBBBBABAB
AAAABBABABAAA
BAAAAABAAABBA
AAAABBABBBABA
AAAABBAAABBAB
AAAABABBABABA
AAAAAABABBBAA
BAAABBABAAABB
AAAAAABBBABAA
AAAABABABBAAA
AAAAABABBABBA
AAAABABBBAAAA
AAAAAAAAAABBB
BAAAABAABBAAB
AAAAABBBABAAB
BAAAABBBAAABA
AAABAAAAAABBB
BAAAAAABAABAB
AAAABBBAAABBA
AAAABABABBABA
BAAAAAABABABB
AAAABABAAABBB
AAAAAAAAAABAA
BAAAAABBBAABB
BAAABABBBABBA
BAAAABBBAABAB
BAAAABBBBBBBA
BAAABBABBAAAB
AAAABAABAAABB
BAAABBAAABBBA
BAAABBBAABBAB
AAAABABAAAABA
AAAABBBBAABBB
AAAAAABABABAB
BAAABABBBABAB
AAAABBBBABABB
BAAABABBBABBB
AAAAAABABAAAA
BAAAABAABAABA
AAABAAAAABABB
AAAABBABABABB
BAAAABBBAAAAA
AAAABBABBBBAA
BAAAAABBBABBB
BAAABAAABBBBA
BAAABBBBAABAB
BAAABAABBBABA
AAAAABBBBBBAA
AAAAAAAAABAAA
BAAABABBABBAB
BAAAABBBBBABA
BAAABABABABAA
AAAABBBBBBBAA
BAAAABAAAAAAA
AAAAAAAAAAABB
BAAABABBBAAAA
AAAABBBBBAAAB
AAAABBAABAAAA
BAAABBBBABAAB
BAAABABABABBB
AAAAABABBABBB
BAAAABBBBABAA
BAAABABBAABBA
AAAAAABBBABBB
BAAAABAAABABB
AAAAAABBAABBB
AAAAAAAAABBAB
BAAABBABBBBAA
AAAABAABBBABA
BAAAAABABAABB
BAAABAAAABBBB
AAAAABABBBABA
AAAABABBAABBA
BAAAAAABBBABB
AAAAAAABABBAB
BAAAAAABBBBAB
BAAABABABAAAA
AAAABABAAABAB
AAAABBBABBBAA
AAAABBBBABAAB
BAAABBBBBABAB
BAAAAABBBBAAA
AAAABBABABABA
BAAAABBBAAABB
AAAAAAAABAAAB
AAAABABABBABB
AAAAAABAAAABA
BAAAAAAABAAAA
AAAAABBBBABAB
BAAAABBBBBAAB
BAAAAABAABBBA
BAAABBBBBABBA
BAAAABAABABAB
BAAAABABAAAAA
AAAAAABAAAAAA
AAAAAABBABABB
BAAAAABAABBBB
BAAABABBBBBAA
AAAAABBBBBAAB
AAAAAABAABBBB
BAAABBBABAAAA
AAABAAAAAABAA
AAAAAAAAAABAB
BAAAABABAABBB
BAAABBAAAABAA
BAAABBBAAAAAA
BAAAAABBABBBA
BAAABBBBBAAAA
BAAABAAABAAAA
BAAAAABAAAAAB
BAAAABBABABAA
BAAAABAABBABA
AAAABBBBABABA
AAAABBBBBBBAB
BAAAABBBBBBBB
BAAABBAABBBBA
BAAABABABBAAA
BAAAAAABABAAA
AAAABBAABBBBB
BAAAABBAAAAAB
BAAABBBBBAABA
AAAAABBBABBAA
BAAAAABABAAAA
BAAAAABBAABAB
AAAAABABABABB
BAAABAAAAABAA
AAAAAABBBAAAA
AAAAABBBAAABA
AAAAAAAABBABB
AAAABBBBBBABA
BAAABABABBBBA
AAAAABAAABBBB
BAAAABBBBBBAB
AAAAAAABAAABB
BAAABBAAAAAAB
AAAAAABABABBA
BAAAABABAABAB
AAAAABABABBAA
AAAAABBAABAAB
AAAABABBBABBA
BAAABBBAAABBB
BAAABAAABAABA
BAAABBABBBAAB
BAAABBAABABAA
AAAAAABAAAABB
BAAAAAABBABBA
BAAAAAABBBAAB
AAAABAABBBBAB
AAAABAAAAAAAB
AAAABABABABBB
BAAABBAAAABBA
AAAAAABBAAABA
BAAABBAAAAABA
BAAAAABBAABBB
AAAABABBBABAA
BAAABBABBBBBB
BAAAAABABBBAA
AAAABAABAABBB
AAAAABBABABAB
AAAAABABBABAA
BAAABBBBAAAAA
AAAABAAAAABAA
BAAAAAAAAABAB
BAAAABAAAABAB
AAAABABBAABAA
BAAABAABAAABB
BAAABBBBABAAA
BAAABBBABABBA
AAAABABBBBABA
AAAAAABBABBAA
BAAABBBAABAAB
BAAAAAABBAABB
BAAAAAAAAAABB
AAAAABABBAABB
BAAABABBABAAB
BAAAABBBBABBA
BAAABAAAABAAB
AAAAAAAAAAAAB
AAAABBBABAAAB
AAAABBBAABBBA
AAAAABAABAABA
AAAABAABABABA
AAAABABABBBAB
BAAAABABABABB
AAAAAAAABAABB
AAAABABBABAAB
BAAABBBBAABBB
AAAABBAAABBBA
AAAAAAAABAABA
AAAAABBBABBBB
BAAAABBBBBABB
BAAAAABAABBAA
AAAAAABABBBBB
BAAABAABBAAAA
AAAAABBBBBABB
BAAABAABBBBBA
BAAAABBAAABBA
BAAABABABAAAB
BAAAAABBBABAB
AAAABBBBBBBBA
BAAABBBABABAA
BAAABBABBABAA
AAAABAAAAABBB
BAAABBAABBBAA
AAAAAAABAABBB
AAAABBBBABBBA
