YES
DJ
NQ
XV
FM
RF
YX
VN
RH
CE
VX
NO
QM
BA
TP
VT
BJ
QG
WS
QO
CJ
CD
OO
QS
UT
LE
ND
WK
KL
KD
WG
JM
OP
AH
UH
FI
EJ
ON
LW
NF
CP
UQ
YV
FU
EP
AQ
LG
VC
JT
EO
QK
BT
VM
XY
TC
MS
DK
VL
ZV
JQ
EK
BK
RG
NZ
LT
MU
JB
AN
JI
GR
HG
CU
ME
LQ
CL
IC
BL
NC
RM
TA
SW
NX
QX
DF
XQ
GJ
YE
CO
BB
SB
ZP
FC
DM
UV
NT
FX
GN
IL
XW
CW
VE
HU
IO
MT
YW
DT
RS
AL
IK
NM
AJ
FH
IM
MN
XG
JF
DN
RO
DU
UF
XZ
LS
IV
OL
CM
RJ
JH
QF
VI
JS
QQ
LZ
TH
TL
YU
TR
YR
KV
XH
PY
OW
IJ
PT
PA
IR
GF
ES
NY
QY
NU
OS
EF
QV
ZG
CT
SS
UD
AG
PL
US
EG
DW
YN
VF
DH
XM
DZ
ZK
BS
QI
CG
ZJ
SY
WB
FY
NN
DG
IN
UA
XE
CF
UB
PB
YG
OC
LD
GH
TX
ZU
FT
JO
ZI
UU
UC
IF
JU
YA
RU
HE
UO
EZ
HZ
YQ
SD
AI
YC
RR
HY
SM
ZE
NP
PR
RL
JZ
CR
EL
LH
LC
YK
ZW
CH
CZ
YF
JK
LX
QW
RT
II
HV
OF
AK
WC
LY
TT
XF
RE
XC
AY
VR
VU
VO
QB
TK
XO
NS
BR
DR
SR
SZ
RQ
HO
EI
KX
CV
YJ
ZS
ZZ
MA
RW
WW
EY
HL
PJ
BZ
LN
UW
PI
OB
YL
MJ
WI
GW
HB
HT
SL
OT
HP
MV
GQ
KN
WD
KH
PG
BV
WU
JN
MQ
AP
BQ
VD
RI
BY
VB
FD
IU
DD
MD
PO
UJ
FR
FS
AV
AF
TN
LU
GE
HJ
EA
HF
WP
OQ
QJ
JW
OX
WE
YT
CQ
JJ
WM
UY
FW
QC
NW
AC
UP
XR
YM
HW
XJ
MG
AW
RY
DY
IA
SH
TF
KS
OH
KQ
KG
EW
VZ
UX
GK
GY
WJ
QE
ZL
ER
OZ
XS
FL
NB
VV
DS
YD
NI
JV
QP
PX
FB
XA
JP
HN
WV
CX
VY
TQ
SF
LL
IB
GX
WL
VH
NE
HS
QN
MY
DL
KP
OJ
GC
QU
OA
IY
TJ
BM
MW
ZX
CA
SA
MX
ZH
DC
PM
ML
IG
UG
RB
FV
IZ
KT
FZ
KM
LM
VP
VW
HR
HI
CK
XN
KC
SN
PC
EN
TY
BW
WO
BD
BE
NK
LP
TW
MF
XT
OR
AU
UK
MR
EB
ZC
VJ
WQ
GB
YZ
RK
ZD
GA
YH
SO
JC
BU
DP
ZT
FA
MZ
AO
OK
KO
RD
NR
SP
OE
NV
SI
GV
EE
AB
SG
KA
BF
FF
IW
DQ
HA
HD
TB
XD
JE
OG
BX
LV
WA
DO
FJ
IS
YI
LA
AT
NA
SJ
PE
GM
WX
HX
EM
CY
UL
NL
LO
ZA
BO
DI
JL
KR
SX
OV
ZO
MO
HM
LI
VG
BP
RP
KU
RC
HH
KJ
TM
YY
UN
JY
YP
MB
XK
KB
LR
IQ
XX
NJ
BN
DE
AS
EU
NG
KE
LK
UR
TO
QL
PV
BI
UE
ET
DV
QA
PP
PD
RN
TV
PU
BG
IT
WR
PH
MH
EV
OU
CI
HQ
BC
UI
WT
TS
ZM
XB
TI
SC
FP
ED
SQ
FE
GD
JR
JX
EH
HC
HK
RX
IE
YS
ZY
SV
XP
CS
XL
TZ
UZ
ZR
AA
LB
MC
UM
MI
TG
XI
CN
OY
IP
AX
IH
GZ
QT
PZ
KF
AD
DA
VA
DB
SU
QD
OD
AZ
TD
LJ
BH
FO
VQ
EC
ID
AR
OI
PW
WZ
CC
ST
JD
KI
GI
YB
GT
EQ
ZQ
NH
WH
QH
IX
KY
MP
SE
VK
OM
QR
KZ
EX
YO
ZN
WN
AE
GP
QZ
RA
PF
ZB
VS
ZF
JG
KK
WF
GO
GG
KW
GS
TU
FN
SK
LF
RZ
FG
DX
GL
GU
MK
RV
PN
TE
PK
XU
FQ
JA
MM
CB
AM
PQ
PS
FK
WY
