YES
BAAAAAABBBAABB
BAAAAAAABABAAB
BAAAAAABBBBABB
AAAAAAAABAABBB
AAAAAABAAABBBA
BAAAABAABAABBA
AAAAABAABABBAB
BAAAAAABABABBA
AAAAABAABBAAAA
AAAAABAAAABABB
BAAAABABAABBBA
AAAAAABAAAABAB
AAAAABABBBABAA
BAAAABBBABAAAA
BAAAAAABBBBBAB
BAAAABABBABABB
BAAAABAAAAAABA
BAAAABAABAABAA
BAAAABABBBAAAA
BAAAABBBAAAABA
AAAAABABAABBAB
AAAAABBBABBBBB
BAAAAABAAABBBB
AAAAABBABAAAAA
AAAAAAABBAAAAB
AAAAABBAAAAABA
BAAAABBAABAABA
AAAAABABABAABA
AAAAAABAABBABA
AAAAABAAAAABAA
AAAAAAABABABAA
AAAAAAAAABAABA
BAAAAABAABBBAB
BAAAAABABABABB
AAAAAAAABBABAB
AAAAAABBBBABBA
BAAAAAABBBAAAA
AAAAABABBBBAAB
AAAAABABAABABB
BAAAABBAAABBAA
BAAAABAABABAAA
BAAAABBBAAAAAA
AAAAAABBBAAABA
BAAAABABAABAAA
AAAAABBABABABA
BAAAAAABBAABBA
BAAAAABAAAABBA
AAAAABBBABABAB
AAAAABABBABBBA
AAAAAABBABAAAB
BAAAABBABBAABA
BAAAAABABBBAAA
AAAAAABBAAAAAA
BAAAABBBABABAA
BAAAABBBBBAAAA
AAAAAAABBABAAB
AAAAAABBABBBBB
AAAAABAABBAABB
BAAAABBBBBBABA
AAAAABBBAABBAB
AAAAAAABAABBAB
BAAAAABABBBBBB
AAAAAAABAAABAA
BAAAABBBAAABBA
AAAAABABAAAAAA
BAAAABAAAAABBB
AAAAABABAABBBA
AAAAABBBBAAAAB
BAAAAAAABAAAAB
AAAAAABABBBAAA
BAAAABBAABBAAA
BAAAABBABBBBBB
AAAAAAAABABABA
AAAAAAAAAAABAA
BAAAABBBBABAAA
BAAAAABBAAAABA
BAAAABBABAABBB
BAAAABABBAAABB
BAAAABBABAAABA
AAAAAAAABBABBA
AAAAABBBAAAAAB
AAAAABABABBBBB
BAAAAAAABABBAA
AAAAAAABBBABBA
AAAAAABBBBBAAA
BAAAAABAABBAAB
BAAAAABABAAABB
BAAAAAAAAAABAB
BAAAAAAAAABABA
BAAAAABBAAABBB
AAAAABAAABAAAB
AAAAABAAAAAAAA
AAAAAAABABABBB
AAAAABBBABABBB
AAAAABBAAABABB
BAAAABBAABABAB
AAAAABAAABBBAA
BAAAAAABABAABA
AAAAAABABABABA
BAAAABBBBABABA
AAAAAABAAABBAA
BAAAABBBBBABBA
BAAAABBBABAABA
AAAAAABBBABBAB
AAAAAABBBBAAAA
AAAAABAABBAABA
AAAAABBABABBBB
AAAAAABAAAABBA
BAAAAAABAAAAAB
BAAAABAAAABAAB
BAAAABBBABABBA
BAAAAABBABAAAA
BAAAAABBBBABBB
AAAAABAAABABBA
AAAAABBABABAAA
AAAAABABABBBBA
AAAAABAAABABAB
BAAAAAAAABABBA
AAAAAABBABAAAA
BAAAABABBBBABA
AAAAAAABAAABAB
AAAAAAABAABAAA
AAAAABABBABAAA
BAAAAAAABAABAA
AAAAAABBBAABAB
BAAAAAABBBABBB
BAAAAAAAAAAAAA
AAAAAABAAABBAB
AAAAABBABBBAAA
BAAAAAAABBAABA
BAAAABAAABBAAB
AAAAAABBAAABAB
AAAAAAABAAABBB
AAAAABAABBABBB
BAAAABABBABBBA
AAAAABABBBBABB
BAAAABAABABBAA
AAAAAAABAAABBA
AAAAABAABBBAAB
BAAAAABAABABAB
AAAAAABBABAABA
AAAAAAAAABAAAA
AAAAAAAABABBBB
AAAAAAAAAAAABB
AAAAAAAABBAABB
BAAAABAABBBBAA
AAAAAABABABBBB
BAAAAABBAABABA
AAAAABBBAABABA
BAAAAABAABBAAA
AAAAAAABBABAAA
BAAAABBBABBBBB
BAAAAABBBBAAAB
BAAAABABABAAAA
AAAAABABABBAAB
BAAAABABBAABAA
BAAAABAAABAAAB
BAAAAABBABBBBA
AAAAABBAABBBAA
BAAAAABBBABBBA
BAAAABAAAAABBA
AAAAAAABBBBBBA
BAAAAABABBBBAA
AAAAAABBAAAAAB
AAAAAABABBAABA
AAAAAAAABBABBB
BAAAAABBBABBBB
BAAAABABABABAB
BAAAAABBBBBAAB
BAAAABAAAAAAAA
BAAAABBABAABAB
AAAAAABAAAAABA
BAAAAABAAAABBB
BAAAAAAABABAAA
AAAAABBABAABAB
AAAAABAAABBABB
BAAAAABBBBAABA
AAAAAABBBBBABA
AAAAAAAAAABABA
BAAAAABBABABAA
BAAAABABAABABB
BAAAABAAAABBBA
AAAAABABBAABAA
BAAAABABABBABB
BAAAABBBAAAAAB
BAAAABBBBBBBBA
AAAAABBBABBAAA
BAAAABBABBBBAA
AAAAAABABABBBA
BAAAABBBBAAABA
BAAAABBAAAABBB
BAAAABABBBBBAB
BAAAAABBBAABBA
AAAAAABBAAAABA
BAAAABABABBAAB
AAAAAAABAABABB
BAAAABABBBABBA
BAAAAABBBAABAB
BAAAAAAABBBAAB
BAAAABBBBAAAAB
BAAAAAAAABBAAB
AAAAABBBABBAAB
AAAAAAABABAAAB
BAAAAABBAAABAA
AAAAAAAAABBBAB
AAAAABABBBAABB
BAAAABBBBBBBAB
AAAAABAABABABA
AAAAAABABBBABB
BAAAABBAAABAAB
BAAAAAABAABBBA
AAAAABBBAABBBB
AAAAAABBBBBBBB
BAAAAABABABAAA
BAAAABAABBAABB
AAAAABAAABBBBA
BAAAAAAABBBBBA
AAAAABBAAABBAB
BAAAAAAAABBBBB
AAAAAAAAABABAB
AAAAABAABBBABB
BAAAAAABAABBBB
AAAAAAAAAAAABA
BAAAABBBAAABAB
BAAAABBABAAAAB
AAAAAABBBAABBB
AAAAABAAAABAAB
AAAAABAAAAAABA
BAAAAAAABBABBA
BAAAAABABABAAB
AAAAABAAAABBAB
AAAAABBABBBABB
AAAAAABAABABAB
BAAAABABBAAABA
AAAAABBAAABBBA
BAAAAAABBAAABA
BAAAAAABAABAAA
AAAAAAABBBABAB
BAAAAAAABAABBB
AAAAABABBABBAB
BAAAABAABBABBA
AAAAABBABBBBAB
AAAAABAABABAAA
BAAAAABABABABA
AAAAAABABBAAAB
AAAAABAAABBBBB
BAAAAABAAABABB
AAAAAAAAAABAAA
AAAAABBBAABABB
BAAAAAAAABBBAB
AAAAAAABABABAB
AAAAABABBBBBAA
BAAAABABAABBAB
BAAAABBBBBABAB
BAAAABBAABBBBA
AAAAABABBBBBAB
BAAAABAABBBABA
AAAAABBAABABAB
AAAAAAAAAABABB
AAAAABBABBABAA
BAAAABAAAABABA
AAAAAABBBAAAAB
AAAAAAABBAABBA
AAAAABABBAABBA
AAAAAABAAAABBB
BAAAAABBBBBBAB
BAAAABAAABBBBB
BAAAABBAAABABB
AAAAABBBABAAAA
BAAAABBBABBABB
BAAAABAAABABBA
BAAAABAABBABAB
AAAAABBAABBBAB
AAAAAAAAABABAA
AAAAAABBBABBBB
AAAAABAABBBAAA
AAAAABAABBAAAB
BAAAAABBAABABB
AAAAAABBBBAAAB
AAAAABBAABBAAB
AAAAABBABBABAB
AAAAAABABBBABA
AAAAABAAAAABBB
BAAAABBABABABB
BAAAAABAAAAAAA
AAAAAAABABBAAA
AAAAAAABBABBBB
BAAAABAABBAABA
AAAAABAABBBABA
AAAAABAABABABB
BAAAAABAAABABA
BAAAAAABAAAABB
AAAAAABAABABBA
AAAAABAABAABBB
AAAAAABABAABBB
BAAAABAAABBBBA
BAAAAAABABBAAA
BAAAABAAAABABB
AAAAABBAAABABA
BAAAABAAAABBAB
BAAAAABABBABBA
BAAAABBABBAAAA
AAAAABBABBAAAB
AAAAAAAABBBBAA
AAAAAAAABABAAB
AAAAAABBBABABA
BAAAABAABAAABA
AAAAABABAABABA
BAAAAAAAABBBBA
BAAAAAABABBBAA
BAAAAABBBABAAA
AAAAAAAABBBAAB
AAAAAAAABABAAA
BAAAABBBABBBBA
BAAAAABBBAAAAA
AAAAAAAABBBBAB
BAAAAAAAAABAAB
BAAAAABAAABBAB
AAAAAAABAABBBA
AAAAAABBABBAAA
AAAAAABABBBBBB
AAAAAABBBABBAA
AAAAABAABABAAB
AAAAAABABAABAB
BAAAABABAABAAB
AAAAABAABAAABA
BAAAAAAAABAABB
AAAAAABAABABBB
AAAAAABBAAABBB
BAAAAAABBBAAAB
AAAAABAAABBBAB
AAAAAAABBBBABA
BAAAABBBABAABB
BAAAAAABAABAAB
BAAAABBBABBAAA
AAAAAABBABBBAA
BAAAABAABAABBB
AAAAAABBAABBAB
AAAAABBBBAABAA
BAAAAABBAAAAAA
AAAAABABBBBAAA
BAAAAAABBBABAB
AAAAAABAAAAABB
BAAAAABBBAAABB
AAAAAABBBBBBAB
AAAAAAABBAABAB
BAAAAAAAAABBBA
BAAAABABABABBA
BAAAAAABAAABAA
BAAAABBABBABBB
AAAAABAAABABAA
AAAAAABBABABAA
AAAAABABBBAABA
BAAAABBBAABBAB
BAAAABBBBBBAAA
AAAAAABAABABAA
BAAAABBBBBBABB
AAAAABABAAABBA
BAAAAABBAABAAA
AAAAAAAAABABBA
BAAAAAAABBAABB
BAAAAABAAABAAB
AAAAABAABBABAB
BAAAABBABABAAA
BAAAABBABAAABB
BAAAAAAABBBBAB
BAAAABBAABAAAA
BAAAABAAABAAAA
AAAAABABABBABB
AAAAAAABBBAAAA
BAAAABABABAABA
BAAAABABBABBAA
AAAAAABABBBBAB
BAAAAAAABBAAAB
AAAAABBAABAABB
BAAAAABBAABBAA
BAAAABAAAABAAA
BAAAAAAABBABBB
BAAAAAAABABBAB
BAAAABBBBABBBB
BAAAABABBBBBBB
BAAAABBABABBBB
BAAAABAABBBAAB
AAAAABABBBAAAB
AAAAAABAABBBAB
BAAAABBBBBAAAB
AAAAABBABABBAA
AAAAAAAABBBABA
BAAAABABBBAAAB
AAAAABABBBABAB
AAAAABAABBBBBB
BAAAAAABABABAB
BAAAABABBAABBB
AAAAABABABAAAB
AAAAAAAABAAABB
AAAAABBABAAABA
BAAAAAABBBABBA
BAAAAABABBABAB
BAAAAAABBABAAA
BAAAAABAAAAABA
AAAAABBBBAABAB
AAAAAABAAABAAA
AAAAAABBBABAAB
AAAAAABBBBBBBA
BAAAAABAAAAAAB
AAAAAABABAAABB
BAAAABABABBBAB
AAAAABBABABABB
AAAAAABBBBBABB
BAAAABBABAAAAA
BAAAABBAAAABAA
BAAAABABABBABA
BAAAABABABAAAB
AAAAABABABABAB
AAAAAABBBABABB
AAAAAABBABBABB
BAAAABBAABAAAB
AAAAAABAABAAAA
AAAAABAAAABBAA
BAAAAAABAABBAA
BAAAABBBBABBAB
BAAAAAABAAAABA
AAAAABBABABAAB
AAAAABBBAABAAB
AAAAABBABAABBB
BAAAAAAAABBABB
AAAAABBAABBABB
AAAAAAABBABBAA
AAAAAABBBBABAA
BAAAAABBBBBABA
BAAAABBABBBABB
BAAAAAABBAABAB
AAAAAABBABAABB
BAAAABABAAABBA
BAAAAABABAABAB
AAAAAABABBBAAB
BAAAAABAABABBA
BAAAAABABBAAAA
AAAAAABABBABAB
BAAAAAAABBBABB
BAAAABAAABBBAB
BAAAABAAAAABAB
AAAAABAAAAAABB
AAAAABBBBAABBB
BAAAABBBABABBB
AAAAAABAABBAAA
AAAAABABAABBAA
BAAAABBABABABA
AAAAABBAAABBAA
BAAAABBBAABABA
BAAAABBAABBABB
BAAAAAAABAABAB
BAAAABAABAAAAA
BAAAAABBAABBBA
AAAAABBAAABAAA
BAAAABABBABAAB
AAAAAAAABAABAA
AAAAABBBAAABAB
BAAAAABABAABBA
AAAAAAABBABBBA
AAAAAAAAAAAAAB
BAAAABBBAAABBB
AAAAABBAABBBBB
BAAAABABAABBBB
AAAAAABAABAAAB
AAAAAABABBABBB
AAAAABBABBBAAB
AAAAAABBAABABB
AAAAAABBBBAABB
BAAAAAAABBABAA
AAAAABBBABBBAA
BAAAAABBBBABAA
AAAAABBBBAAABB
AAAAAABBABABBA
BAAAAAABBABABB
BAAAABAAAAAAAB
AAAAABABABAAAA
AAAAABBABBABBA
AAAAABAAAABBBB
BAAAABBBAABBBB
AAAAABBBAABBBA
BAAAAAABBBABAA
AAAAABABBBAAAA
AAAAAAABBBAABA
AAAAABBABAABBA
BAAAABBBABABAB
AAAAABBBAAAABB
AAAAAAABAABBBB
AAAAAAAAAABBBA
BAAAAAABAABABA
AAAAABABBABABA
AAAAABAABABBAA
BAAAAAABBAAAAA
AAAAAAABBBABBB
BAAAAAAAABAAAA
BAAAABABBABABA
BAAAABAABBBABB
BAAAABAABBAAAA
BAAAAABAABAABA
AAAAABAAABAAAA
AAAAABBABBAAAA
BAAAABABBBABAA
BAAAABBBBBABAA
BAAAABABBABAAA
BAAAABABAABBAA
AAAAAAABBAAABA
AAAAAAABBABABA
AAAAAAABABBBBA
BAAAABBBBBABBB
AAAAABABABABBA
AAAAAAAABABBAB
AAAAABABBAAABA
BAAAABBABBBAAA
BAAAAAAAAAABBA
BAAAAAABABAABB
AAAAAABAAAABAA
BAAAAABAABBBAA
AAAAAAAAABAABB
AAAAAABABBABBA
BAAAABABBBABBB
BAAAABAAAABBAA
BAAAAAAAABBABA
BAAAABBBAABBAA
AAAAAABABABBAA
BAAAAAABABAAAB
BAAAAAABBBAABA
BAAAABBAAABBBA
BAAAABAABBBBBA
AAAAABBBAAABBA
AAAAAABBBABBBA
AAAAAAABBBBBAA
BAAAABAAABABAB
AAAAABABBAABBB
BAAAABBAAAABAB
AAAAABBABAAAAB
BAAAABBBBBBAAB
AAAAABAABBBBBA
AAAAAABBABABAB
AAAAAABABAAABA
AAAAAABBABABBB
AAAAAAAABABBAA
BAAAABABBBAABA
AAAAABABABBAAA
AAAAABBBABAABA
BAAAAAABBBBBBA
BAAAABABBABBAB
AAAAAAABBBABAA
AAAAABBAAABBBB
BAAAAABAABBBBB
BAAAABBAABABBB
BAAAABBBABBAAB
AAAAABABBABAAB
AAAAAABBBBAABA
AAAAABAABAAAAB
BAAAAAABABBBBB
BAAAABBBBABABB
AAAAAABBBBABAB
AAAAAABABAABBA
AAAAAAABBAABBB
AAAAAAABBBAABB
BAAAABBAABBBAB
BAAAAABABABBAA
AAAAAABAABBBBA
BAAAABAABABABB
BAAAABAABBBBAB
AAAAAAAABBBBBB
BAAAABBABABBAA
BAAAABBAABABAA
BAAAAAAAAABABB
BAAAAABAAAABAB
BAAAAABABBBBAB
BAAAAABAABAAAB
BAAAABABBBBBBA
BAAAABABABBAAA
BAAAAABAABABAA
BAAAAABBBBBBAA
BAAAAABBBAAABA
BAAAABABBBAABB
BAAAAAAAAAAABA
AAAAAABAAABBBB
BAAAABBBBAABBA
AAAAABBABBAABA
AAAAAABAAAAAAB
BAAAABBABBBABA
BAAAAAABABBABA
AAAAABABBAAAAA
AAAAABBABAAABB
AAAAAABABAABAA
AAAAAABBAABBAA
BAAAAABBBAABAA
AAAAAABBBAAAAA
AAAAABABBBBBBB
AAAAAAABABBABA
BAAAAABABBBAAB
BAAAABBABBAAAB
BAAAAABBABBAAA
BAAAAAAAAABBAB
BAAAAABBBBBBBB
AAAAABAABAABAA
AAAAAAABBBBAAB
AAAAAAAABABBBA
BAAAAAAAABABBB
AAAAAABABABBAB
BAAAAABABBBABB
AAAAABABBAABAB
AAAAABABABBABA
AAAAAABABBAAAA
BAAAAABABBABAA
BAAAAABABBABBB
AAAAABAAAAAAAB
BAAAABBAAABBBB
BAAAAABAABAAAA
AAAAAAABABBBBB
AAAAAAABBABABB
AAAAABBAAAABAB
BAAAABBAABBAAB
BAAAAAABAAABBB
BAAAABBAABBABA
AAAAAAABABAABB
AAAAABAAAABAAA
BAAAAAAAAABAAA
BAAAAABABAABBB
BAAAABABAAAABA
AAAAAAAAABBAAA
AAAAABABAAAABB
AAAAAAAABAABAB
AAAAAAABBAABAA
AAAAABAAABBABA
AAAAABAABABBBB
AAAAAABAABBBAA
AAAAAAABBBAAAB
AAAAABABAABAAB
BAAAAAAAABAABA
BAAAAABAAABBAA
BAAAABBBAAAABB
AAAAAAAAAABBAA
AAAAAABBABBBAB
AAAAABABABBBAA
AAAAABABBABABB
BAAAAABBAAABBA
BAAAAABBAAAAAB
BAAAABABABABBB
BAAAABAAABBAAA
AAAAAABAAAAAAA
AAAAABBABABBAB
BAAAAABBBABAAB
AAAAAAAABBAAAB
BAAAAABBABBAAB
BAAAAAABABBAAB
AAAAABBBBABAAA
BAAAABAABBABBB
AAAAAABAABAABB
AAAAABBBABBBBA
BAAAABBBAABBBA
BAAAAAABBBBBBB
AAAAABBAAAAABB
AAAAABBAABBBBA
BAAAAAAABBBAAA
AAAAAABAAABAAB
AAAAAAABABABBA
BAAAABAAABAABA
BAAAABBBBAABAA
BAAAAAABABAAAA
AAAAABAAABBAAB
BAAAABBABBBBBA
AAAAABBAABABAA
BAAAAAABBAABBB
AAAAAAAAAABBAB
AAAAAABBBAABAA
AAAAAAAABBAABA
BAAAABBBABBABA
BAAAAABABBAABA
BAAAABAAAAAABB
BAAAABBABABBAB
BAAAABABABBBBA
AAAAABBABABBBA
AAAAABBBABBBAB
BAAAAABBABBABA
AAAAAABABBABAA
BAAAAABBABBABB
AAAAAABBAABBBB
AAAAAABABABAAB
BAAAABABBBBABB
BAAAAAAABBBBAA
AAAAAAAABAAAAB
BAAAAABAABABBB
BAAAABBBBABBBA
AAAAABABABABBB
BAAAABABAAAAAA
BAAAAABBBBABAB
AAAAABABAAABBB
BAAAAABBBBBABB
AAAAAAABAAAABA
BAAAAABBBAABBB
BAAAAABABAAABA
AAAAABAAABBAAA
AAAAABAAABAABB
BAAAAABBABAABA
AAAAAABBAABAAA
AAAAAAABBBBABB
BAAAABABBAAAAB
AAAAABBABBBBBA
AAAAAAABBBBBAB
AAAAABABBABBAA
BAAAAAAABABBBA
BAAAAABAAABBBA
BAAAABAABABABA
BAAAAABBABBBAA
AAAAAAAABBBAAA
AAAAABABAAABAA
AAAAAAAAABBABB
AAAAAAAAABBBBB
AAAAAAABAAAABB
BAAAABAAABBABB
BAAAABBAABBBAA
AAAAABAABBABBA
AAAAAABBBAABBA
AAAAAABBAABAAB
AAAAABABBAAABB
AAAAABBAABAAAA
AAAAABAABBABAA
BAAAAAAABBBABA
BAAAAABBABAABB
BAAAAAABBBBAAB
AAAAAABBAABBBA
BAAAABAAAABBBB
AAAAAAAABBABAA
AAAAAABAABAABA
BAAAAAABAABBAB
AAAAABAAABAABA
AAAAAABABBBBAA
AAAAABBAABABBB
BAAAABBBAABABB
BAAAAAABBABBBB
BAAAABBBBAABAB
AAAAABBAABABBA
AAAAABAABBBBAA
BAAAAABAABAABB
AAAAAABBABBAAB
BAAAABAABBBAAA
AAAAABBAAAABBB
AAAAAABBAAAABB
AAAAABBABBBABA
BAAAABABAAAAAB
AAAAAABBAABABA
AAAAABBAABBAAA
BAAAABBAABBBBB
AAAAABBAAAAAAB
BAAAAABBBBBAAA
AAAAAAAABAAABA
BAAAAABBAABBBB
BAAAABBBAABAAA
BAAAABAABABBBB
AAAAABABBBBABA
BAAAAAABBABBAA
AAAAABBBAAABBB
BAAAABBAAAAAAB
BAAAABABBBBAAB
BAAAAABBBABBAB
BAAAABABAABABA
BAAAAAAABABABB
BAAAABBABABBBA
BAAAAABBBABABB
AAAAAAAABBAAAA
BAAAABABABABAA
BAAAABBAAABAAA
BAAAAABBAABAAB
AAAAAAABABBBAA
BAAAAAAABBBBBB
AAAAAAAAAAABBA
AAAAABBBABAABB
BAAAAABABAAAAA
AAAAABBAAAABBA
AAAAABBAAAAAAA
AAAAABBBAAAABA
BAAAABAABABBAB
AAAAAABBBABAAA
BAAAAAABAABABB
BAAAAABABBAAAB
BAAAABABBABBBB
AAAAAABBBBABBB
BAAAAABABBBBBA
AAAAAABABBBBBA
BAAAABAABABAAB
BAAAAAABAAABBA
AAAAAAAABBBBBA
BAAAAAAABABBBB
AAAAABBBABABAA
AAAAABABBBBBBA
BAAAABBBAABAAB
BAAAABBBBBAABA
BAAAAABAAABAAA
BAAAAAABBAAABB
AAAAABBBABAAAB
BAAAAABABBBABA
AAAAABAABAAAAA
AAAAAAABABAABA
BAAAAAABBABBAB
AAAAAAABBBBAAA
BAAAABBAAAAABA
BAAAABBABAABBA
BAAAABABBAABAB
BAAAAABAAAAABB
BAAAABBABAABAA
AAAAABAABAABBA
AAAAABABAABAAA
BAAAAAAAABBAAA
BAAAAAAAABABAB
BAAAABBAAABABA
AAAAAAAAAAABBB
AAAAAAAAAABAAB
AAAAAABBABBBBA
BAAAABBBABBBAB
AAAAAAABAABAAB
AAAAAAAABABABB
AAAAABBAAAABAA
BAAAABBAAAABBA
BAAAAABBAAAABB
BAAAAAAAABABAA
BAAAAAAABAAAAA
BAAAABABABBBAA
BAAAAAABBAAAAB
AAAAABABAABBBB
AAAAAABABABABB
AAAAABBAABAAAB
BAAAABBAAAAABB
BAAAAABBABBBBB
AAAAAAAABAAAAA
AAAAABAABBBBAB
BAAAABABBBABAB
BAAAAAAAAAABBB
AAAAAAAAABBABA
BAAAABABABAABB
BAAAAABBABABAB
AAAAABAAAABABA
AAAAABAAAABBBA
AAAAABBBABBABA
AAAAABABABABAA
BAAAABAABAAABB
AAAAABABBBABBA
AAAAAABABABAAA
BAAAAABBBBAAAA
BAAAAABABABBBA
BAAAABBBABBBAA
BAAAABAAAAABAA
AAAAAABBBBBBAA
AAAAABABABBBAB
BAAAABABAAAABB
BAAAABAAABABAA
BAAAABBBBAAAAA
BAAAAAAAAAAAAB
BAAAABBAABAABB
BAAAABBBBABAAB
AAAAABBBBAABBA
AAAAABBABAABAA
BAAAAAAAAAABAA
AAAAABBBAAAAAA
AAAAAABBABBABA
AAAAAAAAABABBB
AAAAABABBABBBB
BAAAABABBAAAAA
AAAAAAAAABBAAB
BAAAABBABBABBA
BAAAABBBBBAABB
AAAAABAABAABAB
BAAAAAAABBABAB
BAAAABBABBBAAB
BAAAABBABBABAA
AAAAAAABABBABB
BAAAAABBBBAABB
BAAAAABAABBABA
BAAAAAAAAAAABB
AAAAABABABAABB
BAAAAAAAABAAAB
BAAAAABABABBAB
BAAAABAAABBABA
BAAAABAAABAABB
AAAAABAABAAABB
BAAAAAABABABAA
BAAAAAABABBBAB
BAAAAABABABBBB
BAAAAAABBABAAB
BAAAAABBABABBA
BAAAABAABAAAAB
BAAAABBBBAABBB
AAAAAABAAABABA
BAAAABBBBABBAA
AAAAABABBAAAAB
BAAAABAABBBBBB
BAAAABBBABAAAB
BAAAAAABABBABB
BAAAAABAABBBBA
AAAAAABABAAAAB
BAAAAABBABBBAB
AAAAABBAABAABA
BAAAAABBAABBAB
BAAAAABBABAAAB
AAAAABABAAAAAB
BAAAAAABBBBABA
BAAAABAABABBBA
BAAAAAAABAABBA
AAAAABBABBBBAA
BAAAABBBBBBBAA
BAAAAAABBBBAAA
BAAAAABBBABABA
AAAAAAAAABBBBA
AAAAABAAAAABAB
BAAAAAAABAAABB
AAAAAABAABBABB
BAAAABBAAAAAAA
BAAAAABBAAABAB
AAAAAAAABAABBA
AAAAAAABAAAAAB
BAAAABBABBABAB
BAAAABABBBBAAA
BAAAAAAAAABBBB
BAAAAAAABBAAAA
AAAAAAABAABABA
BAAAAAABBABBBA
AAAAABBAABBABA
AAAAAABAABBAAB
AAAAABBABBABBB
BAAAABAABAABAB
AAAAAAABBAAAAA
BAAAABABAAABBB
AAAAAABBBAAABB
AAAAAAAABBBABB
AAAAAABABBAABB
BAAAAABABBAABB
BAAAABAAABABBB
BAAAABBBAAABAA
AAAAABBAAABAAB
AAAAAAABAABBAA
AAAAABBABBBBBB
AAAAABBBBAAABA
AAAAAABAABBBBB
BAAAAABBABABBB
AAAAABBBBAAAAA
BAAAAABBBABBAA
AAAAABBBABABBA
BAAAAAABABBBBA
AAAAAABBAAABBA
BAAAABABABBBBB
AAAAAAABAAAAAA
BAAAABABBBBBAA
AAAAAABBAAABAA
BAAAAABBBAAAAB
AAAAAABABAAAAA
AAAAABBBAAABAA
AAAAABBBAABAAA
AAAAAAAAAABBBB
AAAAABABAAAABA
BAAAAAAAAABBAA
AAAAAAAAABAAAB
BAAAAABBBBABBA
BAAAABBAAABBAB
AAAAABBABBAABB
BAAAAABAAAABAA
AAAAAAAAAAAAAA
BAAAABBABBAABB
AAAAABBBABBABB
BAAAABAABBAAAB
BAAAABABAAABAB
BAAAABAAABBBAA
AAAAAABBBBBAAB
AAAAABBBAABBAA
BAAAABBABBBBAB
BAAAAAAABAAABA
BAAAABBBBAAABB
BAAAABABAAABAA
AAAAABABBBABBB
AAAAAAABBABBAB
AAAAAAAAAAABAB
BAAAAABABAABAA
AAAAABAAAAABBA
AAAAAAAAABBBAA
BAAAAABBBBBBBA
BAAAAAABAAAAAA
AAAAAAABABBAAB
AAAAABAABABBBA
BAAAABBAABABBA
BAAAAAABBAABAA
BAAAABBABABAAB
BAAAABABBAABBA
BAAAAAAABABABA
AAAAAAABABAAAA
AAAAAABAAABABB
BAAAAABABAAAAB
BAAAAAABBABABA
BAAAAABAABBABB
BAAAAAABABABBB
AAAAABABAAABAB
AAAAAAABBAAABB
AAAAAAABBBBBBB
BAAAAAABAAABAB
AAAAABAAABABBB
AAAAAAABABBBAB
BAAAABAABBABAA
BAAAAAAAABBBAA
BAAAAAABBBBBAA
