YES
GIJ
FCI
GIA
JEB
CFI
IFA
BHE
HBF
CBD
ACB
EEA
DHH
HIJ
HBJ
GJE
AJE
IDB
ADC
FAH
HGI
FJI
JCJ
DGD
HBH
JAH
CJF
HDJ
HFG
EEC
BGH
FGD
AIJ
DDJ
JBD
DCE
FFF
CCC
ABJ
FCC
JGH
FCH
HIC
HCF
AIE
JDA
BGG
BEG
IHI
BHH
IHG
GFI
BBD
BAG
AHD
EJC
GEH
AGH
CGD
GEE
AHB
GEB
GBI
BHG
HDB
ADJ
BAE
FFC
GGH
DIJ
FFG
JJG
GFF
BFE
JHA
BFF
HEH
GJB
JCC
HJG
JAF
JAC
BHJ
BDH
EEE
FGB
JGD
JJH
DCB
ACD
CGI
FBA
AGA
EJG
HGD
EJB
GBD
DFJ
GFH
AIF
IEI
BDI
GCF
DFB
EIF
FFH
HFJ
BAC
AJD
EJF
IDI
GJI
JEI
GCJ
EFI
FGG
AHG
FAF
HFA
HDC
GBA
DEG
EFF
DIA
GAF
FGF
JFB
EFJ
HED
FFI
BHC
EGJ
ABB
HFI
HGG
ABA
HCJ
DFC
EIB
JBF
BCG
BAD
JBA
JAA
ADI
CIG
HAD
EJE
AEA
HHA
FIH
CGC
GHJ
CHG
AHC
EFH
EGI
JJC
CFF
FEI
FIF
JGE
BIJ
DIF
JDH
ICH
AIC
GIG
FHI
JFC
HHE
HAA
HCE
ECD
FJA
BCH
IFE
BJD
CAD
ADD
JEF
IAC
HDI
DFD
CIF
DIC
FDJ
DJB
IFJ
FBD
FGI
GAI
BEI
EIH
GAG
FJC
FEG
CAI
EAE
DJH
DGG
CAG
AEI
IJB
HDD
IHB
ICI
GCH
DCD
GJH
EHI
AFF
BEA
GEJ
CHF
EFG
IGE
AJC
AJF
DHA
HCB
CIA
IDF
BCE
DHB
GEF
FIB
FDE
JBC
ADE
JDC
ADH
GGE
JHC
FFE
CBF
DJF
FEH
GIE
BAI
IEF
EAJ
HHC
EIC
DBH
CBB
HJI
BEE
EDH
AHA
JHI
DCG
DEB
DEH
IIG
JCI
JID
HBD
IIA
EFD
FEC
JDD
IFH
EJJ
EDC
BAJ
EHJ
EFA
FID
CDD
JJE
HFC
DEF
CEC
DGI
JHD
DAE
GAC
HAF
BJE
FFJ
CFA
CAJ
ABC
EEJ
DID
JFF
IGB
HFF
CEI
CCF
FGA
JHH
IBA
IDC
JEG
BJF
EAA
IDD
EGC
HGA
BHD
HEG
IBD
BDG
HFD
FAG
BJC
BJH
AAD
IFC
DAI
EGG
CCA
IEE
GFA
EED
GFB
JIJ
ADB
GHB
DJI
CJB
AAE
CJG
GHG
GJG
DIG
IHF
EEB
CEE
JJI
HIH
DII
DGF
AFJ
GDA
GJF
FAB
HID
IEB
CDA
GBC
BBI
BHB
DAD
DHD
DJC
CHJ
BDF
GIF
FBI
DBG
JBE
FDB
GCE
GGI
JDB
CGF
FFA
IFF
EGH
AAF
AIG
GGB
IEG
AFI
HAH
AII
DJG
BGJ
EID
AGB
GIC
DAG
CCB
CBJ
AJI
FFB
JDI
BDB
AGI
ICF
GDJ
IGJ
ADA
JIH
GFE
JHG
HJH
BDD
JHE
CBA
GHH
DGB
IBC
CHH
FHG
JIB
IDJ
FCF
FAI
IGG
BED
EJA
DBE
DGA
IJC
DBA
DHG
CII
CJI
GED
HDH
JAI
FJB
HAE
HEJ
EDE
IJF
ACC
IAJ
DDE
CCG
FDF
ECG
IIJ
CCJ
AGE
EBJ
BIG
HHJ
FDD
JGI
EAG
EDD
DEC
JIF
BDA
IJH
CDF
JGA
GII
IAB
IAA
FCB
CCE
JCH
HHH
CDH
DGC
DJE
GAJ
HAB
BIF
AFD
EBD
DCC
BBH
BAF
EIE
DBB
ECA
FII
EDF
IGC
EAF
GBF
DAB
FBE
CAH
GHE
EHH
EJD
JFH
IEC
EBC
ADG
EDB
JHF
JEJ
AJJ
EGF
HJD
FGC
ADF
HDG
JAE
IAE
FJH
EJI
HEE
HII
HEI
CFJ
CBH
BJI
GGC
CIC
CFH
FEB
JGJ
AFB
GDE
FGE
HGE
IIB
GFD
DCA
JFG
EFB
IDE
DEA
GDG
CFC
ICA
AFA
IGH
DGE
DED
DEI
AEC
BGB
CJJ
BBE
CBE
JJA
FBC
CJE
CAA
HIF
HEB
HBB
DBI
IAF
FHE
JFJ
DJD
GBB
AEG
FAJ
DAH
AJH
GHF
EIA
JBJ
ICC
CHC
DDC
AGC
JEE
BIE
AAA
HHI
CHI
IJI
EGD
HIE
IGI
FBF
ICG
CJC
IBG
FED
BFJ
EGA
CBG
CIJ
CEF
HCC
ABI
BDJ
EHC
JAD
HFB
BFC
JGG
ABD
EBH
GCG
GDH
IIH
JBI
HDE
IEJ
JEC
JJF
FAE
CEA
GAA
JII
FBH
CHE
JDE
EBB
DAA
GJD
CIB
AGJ
FCJ
GCI
ACH
IIE
GGJ
ACJ
IHJ
AFH
CAB
FHB
FDG
CGH
IDG
AEF
DFG
GBE
CAE
HJB
GGA
FEE
ICJ
HAG
FEF
HGB
GFJ
EHB
JCF
ACA
EDJ
IAD
IDH
AHE
BCJ
IJD
CHD
BID
IBJ
EFE
BJJ
BEF
IGF
IID
EAC
BGE
DJJ
IJJ
FGJ
AFG
EBF
AAI
EFC
IJA
IBH
FBB
GBJ
ABF
DIB
ECJ
BEC
BFH
GJC
ECF
EHE
DFE
HAC
AAJ
FHH
DCF
GHC
HFH
ICE
BIB
BBJ
FIG
BAB
FJD
GEA
CEH
HCI
IAG
GGG
DDF
CDJ
CEG
FDA
EHF
JJB
FIC
BFI
JHB
CIE
JAG
AHH
JEH
EDG
DBF
JJJ
DFH
AAH
IAI
JEA
DAF
DHE
CIH
GDB
JAJ
AIH
FJF
CFG
EHA
DGJ
CGB
BDC
FDH
BFA
GEG
BIC
AHF
GHI
BII
ABG
FHD
HAI
AIB
FIA
ECB
BGC
DDB
BFB
HIA
HHD
FAA
BFG
DAJ
IEA
BGD
BGI
EJH
DCJ
HJF
EAB
CBC
CJD
HJA
AAG
HEA
CFE
HGC
JBB
AEH
HEC
CHB
CID
GFC
BBC
EHD
GAB
BBF
FEJ
HJJ
GJA
CED
JGF
BCD
HHG
CBI
AHJ
GDI
EHG
IHC
GCC
IJE
EEH
DIE
DEE
BDE
HJC
HIG
BEB
BCF
CCD
GIH
AAB
HDF
JHJ
JDG
IHD
IFG
CGE
AIA
EAI
FFD
IBB
JAB
HIB
JFE
FAD
JJD
DDA
BEJ
DHI
DHF
FJE
GFG
EBA
IFD
GEI
BGA
GDF
HCH
EII
FBG
JFI
JGB
HGF
EEG
AED
AID
AFC
EBG
DDH
IBF
CCI
IHE
IGA
AJB
IFI
JIE
CJA
GGD
ACF
GDD
GHA
DFF
FJJ
DHC
JGC
HDA
BHA
BJG
FCE
DAC
CDI
DBJ
GJJ
EGB
BAA
JIG
HBE
CDG
IFB
GID
FCA
EIJ
BEH
JCA
FCD
BBG
BFD
BHI
IIF
EAD
CEB
CDB
CAC
FHA
GGF
AJA
HAJ
HBG
FGH
BJB
HFE
DDG
BCA
AEJ
FBJ
JCD
CGA
ICD
GDC
CGJ
AAC
ICB
HBA
EEI
HBI
JIA
FJG
ACI
DDI
BGF
DDD
DCI
AGD
ACG
EBE
IAH
GBG
EAH
HHF
FIJ
JBG
EEF
GAH
GIB
JCB
ECC
EIG
GCB
GCA
EGE
CDC
AEB
DJA
ECH
GAE
ECE
JFA
FHJ
AJG
IBI
CAF
BCB
DBD
HEF
JFD
FAC
III
HGJ
AGG
BBB
ACE
HBC
FHC
JCG
GEC
BAH
CFB
IGD
IHA
GAD
ECI
AFE
CEJ
HHB
HCA
ABE
BHF
DEJ
FDI
JDF
JCE
CJH
FCG
JDJ
HCG
AHI
JBH
DIH
HJE
IDA
BCC
DFA
FIE
FEA
JIC
CDE
IHH
FHF
EDA
BIH
BIA
DGH
GHD
CHA
DFI
IED
CFD
DCH
GCD
CGG
DHJ
IJG
HGH
IIC
AEE
BBA
FDC
CCH
GBH
AGF
BCI
IBE
ABH
EBI
JED
IEH
EDI
BJA
HCD
DBC
