YES
FCB
CHI
IBC
IIH
IFC
AHE
GCF
EHF
CBA
FGI
JFF
JIB
ABF
GJJ
FJE
JIA
EFF
IAB
GGA
AJJ
CJH
ACG
CEA
IEA
GIF
BHJ
FAG
HEB
EID
ACA
CIA
DGJ
CHJ
CED
EFJ
JCJ
DDA
IIG
BAB
JCG
JAI
GIH
ABH
EIH
IHD
CDI
DCI
DBC
BBH
EDG
GAC
BCC
ACH
EIG
CIH
CBD
DCF
GGI
AFF
IDG
CJA
CIG
GIG
AAJ
DBI
GCG
HBA
IGG
GDI
CFJ
HBH
FFB
FDD
AJC
IDA
GGC
JHD
DEA
BAD
HCD
CCI
GID
AAE
CEC
ICD
ACD
ADD
BBI
AGB
BBB
HAD
HHJ
HAC
CJD
HDI
HIE
HFF
JEB
GIE
HHE
HHH
GDF
CJB
HAH
JEA
HAG
JCE
HJC
DCG
IAI
FHJ
FBE
CGD
JAD
AGI
HFI
CBI
GJH
BGH
JFI
GBA
ACC
FBC
DJF
EGA
CDD
FEF
BEH
IEG
AAD
HHC
DJH
HBD
EIB
CFI
BAH
EHE
HFJ
GHE
FEH
EDE
EIF
FEI
DHD
HGD
BCE
AJH
EGI
BBE
CHH
ACB
DAA
HHF
EJJ
HGG
HHG
ADJ
EBJ
EFI
HCB
HDA
EEA
IAF
JJC
DGE
BEB
FIJ
IDE
EAC
JDA
GAJ
FHI
CCJ
IGB
HDJ
IFH
EAG
DEI
EFD
DBF
JEI
DFA
DII
EGH
JED
JBB
GJD
CDG
AFD
BCI
FGJ
DFG
AEC
IBB
DDE
FEA
AHC
HEG
JFJ
DFH
EBA
CJF
HCG
ICB
GBJ
AJD
ADA
CFA
FIE
JBA
AID
DFF
DJD
FFG
ICE
EDF
DIB
IHH
GIJ
DAH
JBJ
CIB
FJA
DIE
IJF
DGC
BHI
JDH
HFA
HII
HAE
FFH
EEF
IBF
DDH
FCJ
JHE
IDF
IIF
FFD
BCD
DCH
EFB
AAB
AII
DAF
FBB
FEE
FJB
CBH
AGH
GFJ
DFD
IEE
IEI
BDE
EJB
JGJ
FGF
FID
DAJ
CGE
GJC
DBA
HBG
FFE
IHG
IFJ
DGI
GCJ
CHE
HGC
BGF
JHF
BCG
HIB
AEI
FIH
AGA
ECJ
AHD
BFE
FCE
DDD
AHH
DBJ
IHC
GDA
ECE
CHF
CBF
FFJ
ECD
IGE
GCB
IDD
FGB
GHC
GGJ
FFF
CIF
JJA
GEE
HFH
IBA
FEB
HHB
GHG
HBF
JBG
EHB
AIG
GHF
GCH
JCF
IEC
DHI
IBE
FGC
JGF
DIH
FGD
AEJ
EAH
IBJ
GHD
GEC
BIH
CCE
BIC
CEI
HJI
JJI
DAB
AIA
EGJ
AEB
CEF
GFA
HIA
JDB
BFB
JFB
ACF
BEC
GCC
DAC
CGJ
JGB
CID
GJE
JJF
DBH
BBC
HDC
BFH
EII
EAF
DDJ
EJG
EBC
ICC
FDI
EBD
AGD
ECB
FJG
EJE
EHH
AAI
FJC
EEE
IEJ
BHA
BGE
FCC
CCC
FIB
IDH
IDI
IHI
HJF
JHB
HIH
GCA
BCJ
FHG
JIF
EGE
BJI
EDJ
EDH
BDD
BJJ
IJG
BEA
JIE
GJG
GBB
CDJ
ADC
FDE
HDB
CAD
HJD
AHG
GAD
FAB
HBE
BIA
AHI
DHA
FDB
GBF
CIE
CII
BHB
ICF
IGF
HGB
FBA
HIF
CEG
FGH
BGD
CIC
HAI
HEJ
JFH
EFH
EBF
BJE
BAI
AAA
FHF
DIF
DBB
CEH
BDI
ICA
ADG
ADF
CDA
AAH
AIE
CFB
AFA
FJJ
GAA
FII
BIG
ICH
IGA
CDF
DHC
ACE
HFB
DDG
CAE
EEJ
EDI
DAI
FHC
DCE
FDG
IGH
FEJ
IJH
GFH
BAF
CGC
BAC
AIH
CJC
JBD
ACI
JDD
JCI
AGF
CCB
IGC
IJA
EBH
DFC
JHC
ABG
JDE
DGH
BGG
GDB
ABE
FAD
IHA
JIH
IEB
AJF
HEC
JAG
ADB
GII
FCD
FJH
EHD
DDI
AGJ
DHE
BHF
EGF
AHA
JAA
FGE
GBH
JBH
HDG
BJB
EEC
IIA
JAF
DAE
BFF
CFF
IGJ
HCF
CFC
HED
ADI
BBF
AJA
AJB
JEF
GHA
EHC
ECC
FAJ
IHB
BJA
EFC
JFA
ADE
FHA
HIJ
GEJ
GDC
ABB
IIE
AGG
CEJ
FAE
BED
ABI
GGG
EJD
FGG
IBI
JHI
DBE
DGD
DJI
AFH
BAJ
ICJ
GAG
CAH
BDG
JJE
ECF
AGE
GIC
JEH
CBJ
HAJ
CGB
EBI
DEF
EAA
FDH
JFG
GFF
HEA
FIA
GCI
DFI
GDD
BEG
GJF
EDB
FAI
BBJ
DCA
IAC
CAB
CAI
JJG
FEC
BIB
EDA
AEA
JHJ
BFG
GAI
HJG
IFG
JEJ
FBH
HGI
GIA
IAD
DEJ
EAE
DCC
FIG
BDB
HFD
HCH
AHF
CAG
HEH
CGG
GFB
BHH
IJE
FEG
BJD
HDF
BHD
GDE
DFJ
JJH
AIF
BIF
JIC
HHA
IGD
CDC
CAF
JEG
DIC
CGH
CBE
IDJ
GBE
FFI
IDC
JGA
IAA
HGE
AAC
BHG
EGB
GED
HDE
DGA
AFB
CDB
BJF
DHH
GCD
IBH
GGB
HEE
JAJ
IFD
GHB
ABD
IIB
DDC
HAB
BCH
EEG
BEE
CHC
CGI
IAG
DHF
JDF
HIG
DCD
DIJ
BBD
IEF
BGC
AJE
DGG
JIJ
BBG
DED
FBJ
BDF
CAC
GHH
BII
BAG
DEC
FAH
AIC
BEF
CFD
EJC
GDJ
JDJ
IAH
FCI
HFG
BCA
CFG
JID
EJI
AAG
CHB
HGH
IEH
FHH
IFE
HJE
IED
EIJ
HJB
AJI
HCA
EJH
CIJ
JFC
FJF
DJG
JJD
ECI
DHJ
ECA
III
EDC
IIJ
CJG
HAA
JJB
BDJ
DBD
IHE
IGI
IFI
GAB
JCH
GFD
JBE
JGI
BGA
GGF
AGC
EJF
CCF
FJI
FAC
IDB
BIE
CEE
AFC
IFF
FCF
JAH
ECG
HJH
GEF
HDH
IJB
BEI
GJB
DFB
GBG
CGA
DHG
EJA
BDA
EGG
GGD
CCG
AEH
CCH
ICI
GCE
DAG
DBG
DJC
AEG
CHA
HBJ
IID
IAJ
DEB
EEI
DAD
GDH
JIG
EIE
AEE
HFE
CFH
FBI
IIC
BFD
BHC
BCF
EAB
CBC
GEH
JEC
GGH
EGD
DEG
HAF
JGH
JBI
ICG
BEJ
ABC
JDC
FDA
ECH
GFI
HHI
ABA
EAI
EDD
EAJ
FBD
HFC
CAA
DJB
BFI
GEG
GJI
HID
AED
JGC
JDI
CJE
GAH
EFE
JBF
AFG
IJI
FFA
JCA
HGJ
GIB
EHG
HGA
DCB
CJJ
AAF
HJJ
EAD
IHJ
CDE
JHG
JAB
CHD
DJA
ABJ
EBB
JAE
CAJ
AEF
HBI
DFE
CDH
CJI
EHJ
FAF
EFG
AFJ
JAC
CCA
HCE
JGD
JDG
HHD
GBD
JBC
IBG
HBB
DID
FDF
DEE
FIC
BID
CBB
GHJ
IJC
EBG
BAE
JFD
ACJ
HCI
EGC
FDJ
IJJ
EHA
BHE
DDB
JHA
CGF
HGF
DEH
IFA
FFC
GEI
GJA
JEE
GEB
CCD
BJC
GHI
HCC
IHF
BGB
JII
JCB
BAA
GEA
JGG
EBE
FDC
BFC
JFE
HCJ
AIB
DIA
FCA
IFB
FJD
AFE
FBG
GFC
GAE
GBC
AJG
EEH
JGE
IBD
DJE
GFG
EIC
BFA
GGE
HIC
DGB
HBC
DHB
EHI
BIJ
GFE
ADH
FCG
EEB
HEI
DJJ
FED
BBA
DGF
BJH
FHB
FHE
EED
DCJ
BGI
DDF
FBF
CHG
JJJ
EIA
CFE
HEF
AFI
IAE
FCH
BDH
BFJ
GDG
HDD
AHJ
EFA
IJD
BDC
BJG
BCB
JCC
CBG
DIG
GAF
JHH
BGJ
FHD
AHB
HJA
GBI
FGA
FIF
CEB
FAA
JCD
AIJ
