YES
ZZ
GW
BT
GC
UN
WE
BA
XS
US
LJ
TF
OW
BP
EW
OQ
SS
BG
EZ
KJ
LA
VO
GN
GB
HW
UG
KG
RT
UX
WM
AB
WC
JF
CS
IK
HQ
PV
JI
CC
MM
JU
NB
NR
PQ
JO
XG
WD
PN
TZ
CJ
TA
JW
KA
FP
JQ
IX
EL
NJ
PG
NP
OY
ZS
MN
AX
EG
NV
JD
QU
FY
EE
HB
EV
PE
QI
AV
ZX
ER
FZ
ZI
DR
VP
SH
VE
GY
CA
CX
JN
VV
VG
PO
CU
PZ
OH
OP
CM
OD
AT
BC
MP
DQ
EB
UP
GH
TW
KP
UI
FG
RW
LR
LY
OI
MJ
RE
GU
YB
YC
GX
GF
DP
CT
TI
KO
JJ
YN
ML
VQ
HK
UF
MH
QN
MY
XE
NQ
YT
HM
YI
QQ
QF
ME
HO
NC
QM
BN
HZ
VU
ZH
OK
GG
QL
NI
VI
QH
YY
PU
WB
EK
XJ
VL
KW
OV
TU
UQ
FI
JG
BM
XW
FV
RS
JY
EN
DK
WQ
EI
BK
UM
GR
DJ
CL
TV
AU
CI
WA
XI
CY
SD
LF
VT
FX
CO
PB
CD
SO
KR
BJ
CV
EC
JV
AH
FJ
RR
JS
PM
RC
KU
RI
LE
WW
BQ
IQ
PY
JA
OA
KL
ZV
YE
HX
XA
FL
DD
IO
LO
UV
PD
DC
HT
GK
QB
AA
WO
OZ
IV
RH
SV
AQ
KQ
FH
GV
YL
ZN
YW
SM
DB
YG
PS
AO
WT
OL
DZ
GD
QJ
DU
ZQ
ZC
DW
CG
BS
WH
YA
DY
BZ
FB
SG
KX
PK
KZ
RL
SP
RV
WK
CE
MU
TC
AM
LU
TM
IF
IG
EQ
XQ
IA
NN
KN
UO
RG
LX
QT
VD
PP
XD
BY
QR
ON
TH
BB
DH
DF
AZ
GO
DV
VM
GL
HG
ZT
YF
IH
LB
KF
TJ
KV
DI
ID
GP
LG
CH
PT
WV
BW
ZW
HS
JT
FQ
OO
QW
IN
RJ
DT
OS
SQ
DM
KE
JH
WI
MA
NE
MS
BR
ED
FN
OX
RF
NH
UJ
YQ
DL
IP
YX
XP
TP
ND
PF
XN
EU
CB
XO
JC
RP
FS
NA
FD
VW
IY
KC
QD
NS
RB
HR
ZY
XY
QG
OG
XK
ZU
CR
SY
RO
WU
MV
LQ
VC
JP
GQ
AI
PX
KH
BH
SE
ZR
AE
WP
RU
FO
DG
AY
HE
DN
BE
OR
FM
WF
IU
IR
GM
YD
NF
NO
OC
UW
QX
AS
DA
QE
TE
AW
ZJ
PI
XM
CF
JR
NT
BO
UD
YZ
EF
KT
YP
AP
VN
IB
XB
SN
FA
CW
MZ
BV
DE
WR
DX
DO
RM
HD
XC
UR
HI
PC
ZK
XZ
AK
UL
UH
NM
KS
OM
YK
XX
WL
AF
VK
FU
LV
GA
QY
ZA
WN
WG
EY
NX
LZ
JB
TQ
TY
SX
LN
UZ
FR
RQ
TG
SK
NU
ZD
CP
ZB
AD
KB
OF
AR
ST
UB
EA
MK
SR
VB
BU
YM
IE
HY
II
RD
YS
SJ
PJ
MG
IC
GS
VR
HN
NY
HL
PH
XU
KD
UC
AG
XF
PR
FC
SW
XR
RK
XV
EH
TO
TK
HF
EX
JZ
IW
KY
VY
RN
WX
RA
QP
AN
LW
XH
SB
LT
BF
NL
TX
MQ
TR
YR
BD
ZF
MT
SC
NZ
QC
KI
YJ
VZ
SA
UK
SF
TL
SZ
TN
LP
IL
ZO
AL
VJ
YV
CK
HH
MB
JK
IT
ZG
MD
QZ
UA
GI
JE
ET
BL
RY
PW
XT
HC
TT
NG
GZ
JM
LI
MF
SU
VX
LL
FW
TS
HA
MI
UT
PL
EO
AC
WY
FF
VA
CZ
IS
SI
ZL
YO
VH
XL
OT
LS
JX
ZM
WZ
HP
QS
VF
FT
KM
LH
IM
RX
UE
JL
LK
ES
TD
EP
QV
HU
DS
YH
RZ
MC
LC
WJ
AJ
VS
MX
OJ
MR
PA
IJ
KK
NK
UY
GJ
BI
OU
LM
MO
EM
IZ
OB
YU
FE
TB
ZP
QA
CN
ZE
LD
MW
HJ
OE
UU
SL
FK
NW
GE
WS
QK
GT
HV
CQ
BX
EJ
QO
