YES
TAFFDIAACDDHCAVINFWTENFXIVGCEYZQCNOWXFZBCVZIDZDTDVJSUXKECROQOCKCSSGZEDKVEPREZLZSJSCMFMEBPR
PAAACCCHKLQMCTNURJTNCCPZLGLDTSOOUQHXBDFTUFVABIMVQSZXDIKWQBXXLLZOSICIZJXHKGTXZGHTPAKKRULWTA
TAFFABBFKQWXLDJTFSUEBBJGTAXAPJORJMHUMOWCMYJAYIENIDEFIPEBWLLMHKIGIVSYOKXUMFJNCJYENOURVQJJCE
CAALPGDCIPNVGGBMGSTRAJWJPYCSKHHYQFNBCXRJGEGYJZUNXTILZQQQQWYZGBITNRLZUVMXUUWTONMGUAQZTDLQWG
JAEABBCEEEEYUPMRYAKVZUWJBGNFKVCLTNKQXXWVXMUFWEOLWDJKTGYHHUJXKXIYTAEWFEHXBBGQYYPDQXNWSYHCOO
RBBDAEAABELELUWTBTIIQZFWSEPUVQDFONHWLAGJVVHVBLXDMPYKEXYLVAPRZQUQLYIFESTRPQGZRBMMUXNYQNRSHX
YBBBAAHWUKWMWWXBIWJCGHUAOJLWVPPFSGVGSULCFWAULTCWKRCBITQMONSCKKOEZGGMETVRUTOGRQRDTOIICGHPEF
NAEBFJXAKAUFLETWXONHAGEFZDAPFDNPZLRIJHTRMNCUAOSUNPMEHTDAXFFMBTKUTSEGSHWTOAZXCFNDGCRXNBQZST
BABEAAAADAKMHPLFUDOJMBMNZEAUNQIIAQDBUERBFMBMIPHMIRBERTXSQNIKDASDWLXKCLQYSVVPXYQZYXOPRKIMNI
BACAAOCSGRECQIEFKFVYFBUGBZYBSTKNHNWWLDRJBHATXQLKZXWNQKFACHBVCJPFAZEMFPFGJFZBQBFFOJDWLBXMPO
DCBBBGBHTTKOKGUDAGFYHWCHHETJWATNFYJPUEXPFINCVHTICTTXYJHCUSSNEMPKANWBNAJFPYCQGPRCAEACKCMVNH
YADACDBYTNEDONLQCEAZZPWSGXQOHTVOQZEESXUAMROSSDATRIXMCNKYZDPIQVIVAFBJJZAOKGVNYSRRNCHNGBZPBC
HAAABIDBFDBVXPZGTBGHVMUFJORAMGOVBLDUAZRCLRTTVBLDKRYSPUOORCFFDTCTEQBVKXVCMQQVVGFOORPRRSYSQR
MADGBFGHHAGZFIANTVKEKQZHYVTEKMNWUCMGUTTHWYVSCASFJQIVGUQRFEBHAKXWKQRGIZCWOSMRGDGUHEPPOJIHKV
NAEBFMVIAABEUUJCCGJLICCFYOQVWPXQTEIQVPERBTCIMAJRNFFHGGKYKMYMFSMDLJUXBCGIMYUNXCNZMTNKCVJASO
FABHABBCKKKGBPYZELNCKNGVOFNQPQZJAQVDNICJRTQMVMSVHGIBZBYPHVTEHVDNKRJLUENFSJHXBIRPLBKEQUIYSX
TABBJLGCURQNQNGVMIPEBZHAIWHGXMXNGKAFUFPVJIDPXOATHNUHMSHWEYERNSQAVGQABQKWJZHVLHRLPCKAQFJYII
QACBEZXPCVTGOXBACUOSCIAFLKYJPTZXVUYPFJRCSQEWJUOIUUYEZZQGOGBDGUOJFAVLTEIRIUMNYFITZBSMRZFOOY
WAAHADDONABIILBPBCXDPDRSKJIOJERKECFCVBWRRZQLNFMQVDDFACPLNGCPRUEPQENWWEBAOVYJHLDRDTOTYUCICW
BABCDMPZKKBBFTEFSDUPLBZXMXDNLASIYMRHWCJQQBPJAEEWRNHPQZNKMHYMGBCFLYUSUUPMKEMMHKLRVOCTTHUKDA
QAAAAEDAKHLUQKADTMIDDTIIHWQIGJTEDVOAGUXTGQYWPQQETGMEBAVPWKWQQQIRYCYZKBXNJOKQCDGVYGRUZWATDK
UAUNSKFGANNINGAVQSIRMEJYOOSILJRKZPFYQAMXVFIEBXCGUMEXTZEIUUGMQBDTPDLYHZVFJEPKTRGHSKJBPTDQCJ
PABGPSZKBGBZKMNXDADUWAZBHAOHAJOLLVWYNZJMIIPBNTKJDKBTWQXFQEFRNHLRRBSELODNIHJTIGQFLXRXOKPMMF
NACDFCZPJZUNMSIYKDBZGXNFUOEGDMZBJXSDKMWTBDWGTPBDFEYVQBDKXJHBMVSLAANCDRKUUJJHDQOIJUBPBSLZKM
VAACACCKQOMPSJMPQPAWMETKGATGLMKBYZORFGIGEBJTMWKWBQROAVWLDYPDDVRUZMWWARLARDTVABLPMSIQRRNRII
TAFFDHJKHASDCWPPQQRBESCALZQKWOETYLWMUTGXBPBFTNZBMVCNBCSIQZVDAABIYZITBIINLYEZUNZZQEENDEQTAP
HAADQFBZSGNMHXLEEWFCBCZYXXMSMUFDVZOTNUDVETLZUVZATOHCTCPCJXRSFVIQHZOQRPWWERYRSTEPSPJFCOWLIP
HABFAABDQBFBIOHMPVWDXBOCAMNHICCKGMJKHZETBPDIRWMULIEOUUUNCIDHXXNVAHHFXQYDFJAFKIJQKMIYOJBVUC
XAAAAAAAAAAFFGKJGFOHCMDQPWGDOHPNNTFCLDXMIIPILGKMJKOZIPELVIJPJXTMWGLVOORTEXZSOHTTDHMQSQMEEL
YADDAALMJSOPEUMHZLEQKWKMFGVQATADVGLKNWDVXAVKSKUZMUQZVHLRBMUYKUCOFVQMMSLYZPSXXMQBUMKAWRCKDP
SAJCHJDJHDUXPSLBUQFHEEFJXFCFJPLOCIZFGCJZONQCLNBRCMKAPDDKVPJXUYJFKTGNNIYRPIZMZEBOQLPXNEPKJM
FACAAACBROWMVSIAPVYDXKRXLAFKMGJLAZACBJTGMCYEOIVQDSDTBOOPBEVVQYYYMUDNGXSUTZMKRHRXMEQFMOHCAH
QAFCELDOCVQYDFVVRYYGSSWHALUURSLTYDGBHXWEETKHZWSLGTQLXBEVIGTRARRPKXOAOGZBYESUGTPYCUXJMGGJFE
YAAACDAGBBEGGCUUSQHMKIODIUJQJMNLJDRKMDGFGOLIBXTOICYYQIXHDYYRWHGTKUZYMKNUFHSPHMCLKZEQDGTCES
DCBBKHBZRSJZECHYWTCPBDBXZUCQLWUAPFDFNAAPYFMOSJMLWSAPKWWXGAYCCMEERQDQCWEZEMLAURUELMOTGYHAXO
GCAADELRFKBUWAASRRBFFXUDBRVVIBVYBWERTVHZQNPIDSUCPAAKQHYOSZUPRJJFBMOWARANDAZMKICQJMCIAHCMBJ
HAAABIDBEJXMTMDYUPNHSNXSIPHYLKXDLYQELLBOOUUXVXWBCXPFVXMSDPGVXGEEUNNMQFODRDREPFESQUZQBADUCW
PAAAAABATSLPEWEDTEYEETIAMEBDVRKBCGPRSMRWKCYEYTIALEZHDZWMBDORWEJQMWDJNHOUZJNRZHFLMHOVIJHPPA
VAACAAADMFDSGOGFWCLMBCUMYMSTYCCWSKKURIPEONHDBMWJZABRSIVCWPTURIJZGTIWJCPOJWFNZYLXEGMHUPHUCM
TABBJLGCUSESPTOOEIIZGXCZZHUJSGRCZYKKRBEJQJLOPYRSELSDJCFMAGNIKALMAYBCRUHRTMDBTTGDBIDZBDOVDV
DCABDADLINEUSMJTZMPGBGZMWGVLRNLXERSVNODLFIGGCIDEJLLGOOOURSBQXTJSNJQVBMZCMJOKDONRXTRFENQKUO
MABBBPAGHQYYQJJUKDFIUSCJTAJBSYVHHGVHAYEJWAQSSJDOCTZGWIUZFEWORUSSNIMZVKRNLURUETQTREAPHANTLM
NACDFDBIKGEGGFOCLJMGXWEODRPYMWWVHNPHVJZCRWLYZWBMMYINIEZEPMXPYDVFBHZPYGAIFLAJVOLCNLBLATNYAT
QAAAAAABRCDHAJOAPRIRHQQCNOBPLCCSKAMRARTUAJUSXAQGIUPQFAPEDHISAZNWOJGYKLJSNJECYKOTBWNFXGCYHA
TAFADAEGHHIPJVNQGLIPVNKUMNHUNOLMDLRHHMUIAHCRFWRUSUVSLGAICKQEJETJHBFEYOBRDPDSKHWYIJEQZLNXMZ
GBECFAMTSVZMBFXHYTPIPMYIIDIUHZKNIHFYBKZMXICWQMXXZGYXMKEKVNNHDXFSZZEGJPUZUUTDEYIYITOPGCJPJX
LAABHBBBBHWLWJYNIQLEHBEYOPPGMMPXMGZTRUHPYCVFOZUHZMFSFIRCKTRJSFLLPKGUOJOYWSEFIMSTNUMQCFHGOD
CAAMHAFHEGXLRNWRPPPQMIVYKUZOXCFURTNQRIBYYXZYKMXGMWXSWYWYJGUDPBLDLYAMTRZDGTBNHYXENUCGBFXALI
LACCIDEHALJLMHGTOBMVJLBZRWZNRSCJXWICFLAPGNKKNLYSQSPEAALLUGDGOVFTKQUOTQDLWIPEYCDWAQBFTGTWPE
HABCDDEEEEMNUTRHXWMVAZEIVVFBGSWJBVUFUZTSOQTGKWROCRYRRFDVPMRTXARWJXUJAWMXEDJJPJHCLACHIPQDXE
LACDAEABEHNQZYFCWAFHUDALXYHYLDKNPBKPZAQKHXIBBDHFQLGCXZWEBRLEDYYTSXZDUHXQMINISDCPXTIHAVUQYP
SACBCUBEILDFUUXXUQBYQPZQJWDMBHKRLNITSMDTMMOPNXFLUHIHJCUQPDHCBQLXSSESFTEIPPLXGZKPQNGJGBSYHI
CABBBBBFBMPHPDZTUHAPPOIINOVSJQVGOINWILOOHAXSQYKEGEWCKZIAXAHJKBAGXTTRAPVKKZEOUTNUNZGQEEZYTU
XAARAADEDPZUAXKPZHSSVEJESTWHAPWLXNDLDHWMPOZFSVPRRVVXZCAWTJZOBPNOVFFTRAULKWFRBRZULSUDFYNDKB
XAAEAEBCJBLQSCLBMYMHBXSPMENAJWXYUDOEFFBLQCSYUNMXGKVTCNCYYEPJELREVYJXXETSHKVCQBVVIGNBWJPTLE
GBDBFBPBVDSBLMJRHZLQLCNECZHAAKLZGUKFNZBGNUCBNKNQGNWWVWDDBSWKLOTGZBMFHSLRSIRIFPHOZBTQQVUKAV
KADBLBBCCONXPQAZNWCFIFQKLBEZFHKIOUBHQIAWXEWVZEKIKGJNEVXROXNNDBLMUDDYXUDCZYPAMMZFYRTZSGGXXQ
GBCAJCFZIDQEFFCINMJOGXOSMQIKDXQGUQGDEDLWTLNZLUECDHBAGXUWMQJASKPOVUWQWHSFFYTRUMRBHAZYSMENAZ
RBBCAGCGEHXLIZXBYLBVXWYGQNKZXKUAILGCOSDEPPAWEZOTZXVFEAYLZNZCTBSEEEGLCVHRDTGETWOJLNPNNOKJCT
LAAAAAAABCDJCYJFFNPNMTCTIXZVESBXWKEXDTGECTGLETHKUSVFGZPTRMXBQNAIRXYFCKGTKQPPFRDBMKRTSHWWCF
SAAAAADCXEQSQRXRGTODLDIKWTSABNYKDTQSEFTXXXYXDONOORMCQIRNIFEGSIHZRTXMRWAUDNDVECYUVSXWZNDUHZ
WAAGAIQPZREMSVQEQXBLMTJMEYQQCWCZDXRBDBPYZDHSXMIPXZJSGHEQXQXHIXVXOHGDJVFLLTFHNKDNNGLVNURLDM
DCAAAQKPUVQZOYPMBLQAYOKHPNJNMYVVQMWPINBBBGSKMWACWNWWXWMIPHHCYTNZJFECXUIUFLUPNHWTMGZFDEPDAL
GBDBDFGASILREQQMREDVZNKSDERRRPKCWHEBIBGJZIRSTHERBDMBZDSHREHEDJCJHVQISEILBZRQTUMEYGQNMFXRMU
QAFCFSAHBKOKVICFBJDWBEIEJKWKHADMYOWJUBVXRGIOZOAQECPALKUQTZMPMIWQIYJHSGOZLMUFBUBTMGMNBSWDGX
JAEAAJGERNZQMVCHHLEKQHYAIPJRLIWKIKPFWUHQPYSTYXGYVAAZPTDTTPHKMMUVFSZTCMDOKZUSGXJEBWGGPLWNSC
GABDFTRXCUBKAGSINWUFXKNEKJPJYNLAPZDTJOFXSCBDPOMBFOHVBOSGPAHKSJZZNNQSCUULMVIZJNPVEQOTJZXHJN
HAECAEVCIDMXDYWCUUVPMUIVSFIVKZTXTIHPSYANKNDZQGAXUMFBAAQOOUGTTTKQQKZBEZLNNSLQFJTUQPMZGAGQXO
GBGBCAGEAQOEYXRXJQSDIKTSNNSNXTNWXQLYLUOSXNPVZVWMCIVCMIETIEFOYGYQPSTGKENBMSVZOOFNGZKVWQDAIP
KADBHKAAADULZECEYYJFLBAHNUWNAYIKRBLIIHWPQFQDWUIRCRCPQEHJNUKKSGMWHFAXHFOTOBZCWIWOPDOOJIPBBR
FABBDAAAAAAABIDWCLHNUQKBRDNKEQBAKTNUXWSGXLWEXEVFWTTGGBISMBEUONCLHAYUFKSSZUEUEBGKEMIPDRQOMH
NAABBDFDDDGEUCBPONGUVFYHFSSSZNBOFVJXULDZILGNZCIVSMBOSQPAOMKDVIMRZLFZIEGZKXRPPANHVCOGVJXXLY
XAAQAAAPDIGHAMNEHUPRMGPDLVJFQUTWGTJUWVAQEVSFTQCSICBVMORQZIUAXNRSMUHAPJPPKXDSPDFKDIBBOICNRL
ZBDCCDBBCBAEEMSJALKFWIWMNLPGSLKXRUHDPLZSEZSZKLWTIWZUAOMGIZQFYPWWZCHXSQQCBKLTOBOINQSAJKALCE
GBECFADDGHNAAVXAMBSMCIOSTABLRWBHGCZGHNVREIIKBRJWAEUCTCALQYNATRMKRCHAOSIIANKHLWADVLSQCNYXZC
YADCBBDOWQLBJFZMUHTHJVVHDFWTPZTTXLCCNDBFHXPLOKHSYXNTWRNSUEGJKSGMMFIPMQNPZKPIDCRNOUQVCDVPBD
NAEIDHCDLEVEZOHFOSIZFALDGITDXTZNLSIYHXIVPPFCMWLHGUIXSYWBVYQSPIDUJKYKOXFGOPSQTHUJZTKKGKQBGE
EBEDAFASOVOKUDWSKCCWZKCBXFZULJSMMQDQJZNRACNYYWZSXQJFJICJMSKGSZBSDLKCMNQSKJHISGZVNQXHMFLZJB
YAAADADYOKJFCTJZWWWTFDOQFCVSOOBLPTNRVMLHJZUYHWFQGRQVYAELAROKFVJLMHCAZBZHWALRUEPZUXNUPQEERL
IABBEIOONWEBJOYZUYXTVHAAZWZXQMLGAZSEGDQGIYCBGDAQBFTKUUKMSYURWSAYJHMOGFLURCZWTHBBXVVCNKENYP
GBDBEAFHHJIOBFGAPVFEAYGISWFEEAGRHWOKQKVQEOZWNLXDEJIJHRNBBLPFRENYYETYSLVLPDKARONQDPFIVMRKWB
EBEDABFJBCNODLWIBAKRWIIXMRIWILBDJSIXWVKFHXVGSEOVIYMWEIYLJMLKUAWQPHLXVOGCUCSVSBIGZPKSGRFNYI
SACBCTEAACQPIKVNKEVJRVKFGILRITMWODPMQMETMRUWCVGBYNNBQXUYWKDNUBMUJXEPWRMYOVMUFHQCVQPGMIVKMM
GBDBEBCEHLMVBJNPLKKRFAYWQVFULATIWOXRQSXTAHPFHMJXYDQJIYMGZESEKEVOTCUOUVWQFGOFCOOLIDPZNZABFC
UAUBCCDDHIMUSCCHYJZNABNHZAMEGNCGJEHITNUPPWRKBQNYHQHTYOMOLIDOSHOXMSNIJVABUWZHSYKAFCFJWOPOAF
PABDSABCCHYQZHJRUTBANPSMODTJFGEMAIFPAEUCHOMKKDEAKTUCYWGJIOUPVNXHBDXGITHAPSSFECDJQIJJDAPART
QAFBGAIDHDFZHVUGAYBUXPLMHWSXULQUPONUSEBSTCFQVCMQEGVIGSFZCPERKPMTIVNANRXWWEZTMINCENFIWIMFXF
AABKFFJKLMBBXEAKRGEXTIPUXUXPHGUIHCBQXKMIFJTDNZOLVDESWTZESWLUNRLFGUPEAZSHLRHYBAYGIFMOZHAAZE
LACCIOJSAIOAIUGLHDDJQBPUPRVKQZZOQZTIMLGFSSOZJIOYWWIWBSOPPLDNTPZQNZJJWQCVFQSKWBCSLZZTSMSOSB
AAAAACNWSSSGNILLMFNGMYESAJJLUYYISTELBIABSMVUQFMXWYUXTKFPDEUOOIKIQVOOKIYCGPHBTHBCAOZGRBSIUO
JADAEAELQJWCRHPGPKAWHXVEKYDORYIBTZUWXUBDXGLPXCSNPUPNQQZYWJWFZROUEBRLUYUCMTMDUIJIOMXXRGKEIE
OAAAAFACBSWHHYNUNTUXRIZVNOIJDOMDLJQQREGWYZXLALPJKLQABSMKXTXKUVQINCFMPETBRTVLQZPHVFASFAUZGQ
QADBBEEABHGJDDNXXGPBITYWVMNNCKFMKOIUPDWKKVHZYCCYILUZGITZGKGDEJZFZQWGQYOGOICEKUMJOIFMGOUKTV
FABBBAFYHHJFVQPEWOEFZWMXCEQXAIBACAJLPQHNAGSUZOQUKDSZXUMDNUVLPAQIXOFDKQMXTTNTIAWWLLZXELVKEP
DAAAAAJKPVCEIBJCMDBKXEBPRARWMKZPQTWNRIKYGZYBMJMNQOXRHKIJJESNHVYTSENPSBFRQIFMDTEXNBAUOPKSFR
RBBGDNVBJKXAYREILKEEKZANTZYDRAWEKWOUHGQZJYBZIVNGPAKMTRXHNFQEPPQZTDHHOGWLVJUZXTNHVFZDSEQAZV
NAEHADENORVRIGUODYUWGHRPWEXNVSKVGNOKBYBESZQKJUYLSSKLSQODIRPCPQAPXLUHZKANHRVYMRZYUWAXOTLMTG
BACCIOGGCVRWWSEVIAZBPUNDVRVGVGNHGXEKCSDKMALSYNFQZETHDZXTEIFFCSSCJMXDITDAKOWCOHTSTDCFWVHQRN
TAFHAACAAFFGAFAELEJEYCHBYDNXBUHOMBEYOQMCVLGLTNZFFQQRBPDPMWHNFAWJABIOUETLWGMIYLLTDYSZEQTNFN
HAEBDAELAOJCXDVXIMBAPVBABCJQCTOMFNUVNZVBINEIHNJYKPYOZLWNXDKLRMLLMXPULRGDWVPDJHQCCLPGJKILTZ
FAAAAACAFAWOMLEPZJOGOYCRTRFBTXVFIYMGJJPVTBWEISKYFGLYKVYYWKQPMSAFVDXWJWNRLXGEJNAXJXNMINFKFG
BACCJBBDFITNDVHFRBUHZPNHDYWGPIPVYOVCRYMSOVMJDQXDUYORGHDCBFLTIIWMTOMUVBGEKUSRRRPANJTTKCFMVN
IBBBEOABLOIQIGYHOYSQELWHUQLBESYLZQMZJUHIDEBUDREQWHYVDJAURMGZCIYTZPDXJUAUJUNAZASRZLULQVTTIR
XABBBEJEILJWPOIMFIRSVYWEKWYYOYBIQQDQDEOUOAWJLTMHBKDLGKBSHFZCBSMKZJXVPNYWVEKIUUKAQCRDJNTSTK
GBEABCHTUQHQWCSKISIKHXQXKWGHXJRTISHXXHNQYDVBGPACIYJHFAILJZMACCXPELKEKIPTWYJMXPEWMMCUANQQRR
ZBCAEBHIBXUSTSSGMOXOSJAWHHZYDMNUJSBVRQTVTJCIUOLTBQFTUPJXQDAFMYPMDJOIEKBBNRBJZDVVJLBKYNPAUM
ZBCACMBRRLDCOVGJQULGSMTEDRHKDETWBRZMNVPQVWHIWRVEBVWSDRIGMYIPNCVCPSSLIPLMWTCNLZSCMZOPBSWXJY
TADAAACCCBREHXJPATWVPOBFRPVHSOEBCNWPIFVFIBFGEJWKMINWUOWSVNLSJMUWFHPPHGKJYHRCBWCFQMPUEBINKI
QACBHWAADFFISUVTLJLILDMRMXLZJCFREOJTMTQXUNPYCVYPVSQXMDSCTTJSKBRBUTKXSATVTSARVMLFURUBTCJNKC
EBCEVUFEHFPPPCJUFZLQPCIKPMIVOYTDTGJFHRBSBWSFXKFXSWSMMQULEVYRKLGZYRMSHJDGPLTRDUUUOCLRAWRDGK
QAFCIHHLSZNLSKILGBSYIXMBDAJPKGZUVQBQEJEPCFJRNWZDYVGOELUBSLZYUMKEPUHBFUOVJXBYCCSJHPJBGJJHYZ
FAAAAADXCTRUSMCMXRLQGCBEMXUPFAYUNUZRLYHJRBHHDNHNQYGILTMFKWMJOGISGKOVRBAMTQFCDFNXWATZIQAOIP
DAAAAAEEOFUANDXXFYVVZPYQUAVSMMKNHYMVUIAJUQDVJNJIUOKPRQYJFLNQPWPRVOBSSSACKMPOSVRELKMHTSPZJC
ABHABJMTCBEFFSQDQKXCOUBZKMORKWRDRYRMIOTLWBYXMFYCCAQQADRSSRXRXXUMXDQAEQKJWUYZFWFZXLCDIFQUFT
XAAPXCFERMMPUOUCIUIGTYPEDURJHDZSQTHUSJNYJQFRKUQRGIPSQZHENFFSXOYIIDMLJSKNJOOJWSEYFIWMGETLXE
VABBBQOOQYFADRXDJGVWQCFXUVFQGWLUIZOILHTLMHSDWBNHAQZUAJKIVXOIVLUDQQEHABUOTHXKPTLMBXJMDOFVSU
NAEBFMTKAAAFFHJJCPINTVZVJPWZMTJURBMKNVSTDQKYJKUFWRDAKLUPAUZMPHWXUKITWTRQUTUWCXOXMDHHLVGUSZ
ABGLINQKLJPSJFHFKJIICVDUJQNYQDJVLNVTJRRFMAGNCFHNYRZXZUBZQMWRPCGXHPAMVJOHJBLLJUEDLQDFXQBFBR
IBBGJHDZOCYBJWSERSZJCCBRVVNODASTBORDWGVYWHKEEJGZTWWYARGISPZGUJUSLCGCYAGVLWIIOBKXKCBDWQQCDM
VABBDAIJJJELGXBIJAPDANWENKKRAGNRDMQXKGYZYJHKBWMAKVPTOUUWDNKNNRNGZQHTJFQDHDDONTQMQQXVDGWRLM
QAFBFKADTUMEDYSZVJOLLEOHKBCATLBVPTPDORFHPTCXDUHENUGGLHNIMEYRAFMCHUVTGBDEBHDOFFVDXXNRPNSPXV
TAEADDAUZKCWQHHAHWGUNYSXFWAMOSQFSYITRFVSGWJYXHRQPTKDMTICDVRKBTQQLNIWWDSPFQUJJEWJXVLIBWDMNC
CAAJJYAABFIDUORCJXBIBZJDVVRAYZUHRUQRVUXZBAQRWFDXQQCUOIWSICWCOFRYJUHNYETKPASFXEHBKYAOGGDYFL
MAAAAAYTRRFBCZKFCMILYWUTSLTDNHEXSEXFLOCRNZBGMCJKGBHESUASVPJMJYIIBXRMSZEZZVYDZHQQMKOJYIWAIS
BABCDIPSYBCCIUYWEXBKUOOXUKPEEGYKVRAWXUJAVRQRKAUDTEHGSFDZKNBZFRRIITQLHQCAHWGZXTGUKFPBWHZPJJ
PABBCCCCADJSCJDPIOHWXIEFFGKVWAHMGCOAHCFOKBCDQIYMTHWNDKLHNUIMYILRDVXNLOZUKBWDEKISMFAYWXVMRI
EBEBCDIVFQVUTNFDUQXZOJPZYDLPBVJCLLBXGMEDRPWLSGJCENHHNSUPILBONZCLQOKRBPZLQKUPLDZEEIDNRZKKPL
OBBJJIYADAWTPKZTOZVTOALGJZUQORSSDTNDSBKMRQUJPQNNRCCUCQRVSDVHZCEYDKYDMVTSWXTOGMZYTZYPOXWOUM
SAJCHIJNCBZUZGWXANIGGTXQPKEWXEGZZCPXBCTKOLFFKXIPFLKAUDQRALYAOBRTJDGRFMKDHJZVTRIVQSLHRDSFHQ
KACADZSZSNLZPGZXRUTXLOBLAFQHFAXVVJPJBPDMOPZNUDPXTFRFVDJQJPSSDJMNGCPTXAMSWBJSNAIUOMXXGMLHHE
JAEAAAAAAAABDKKDLSFXUVVUIYFUQGAZAFVNRWDPPJXBGNUJZGIKNLFXAFMWTNAFJCKPOEGUGPYFFWQIPBKBEOGOAJ
ZBCACLNQFVTQBJUYGVHBRVWZCVBMOAKBLASAEGBDOXVKHBJHXHJJFAJVJIVWHBEXRYZUVKNHPJMJRJGDMMTQYXASXE
DCABBDDAAABOEGINCRKNQBXJMYFLXDUFBDFWYDCSZMWOFALENZFRIFCYXDZVPHJEWWTGQUEZCTQIKQPOOWWIXSSKTN
VABBBQOOQWEVDBQWSKHUHWHXUSCZPNQMIJJSDVVDVBJOQFILMWXPHGPICETOCPICUSLCQXXBJHTPGFRBEJKICYOCBS
UAAAEAXQCCEGSHQTALNPYZAVPBBNEWQCQEIHUHKMZYJOZLFMDLFXLHZVWMMPEOTEKFNQNKPJHMHDZRLVSLBJLGGFKZ
ZBCACLNMAARYWWIUBPZICJEMAMFSLXWOHDMIMTFZPTCJTAMLKUOWDAWGXRDGLCSNOKPOBAJFFIFWYKDJEPNDHTTAOS
ZAAACDGBDDDDDDEIJGKOLCFUESDYHSUPICSJYRAHNOXTJLCLZHETEXLBRPBYWHMNEUPWAWRHOQKWMOIDJSLHXNTGQY
IBBBEOAEAAAEHLEHKUMKMGGTECZJVSKROWVUSDOPSCSEWUGNYHOLTUUUHXIFKQYERQHSXCTIRUKJHQHWQSFXUMRBDB
DABBBBCACSRDEJDNOLYDFXRAGRIDDCZGUFJSPMGRUVCEMGICSLOEWJLBXWDDYIJIVTJDHMIGUAMOQFNQKULACXXIOR
UABBHAHRIKJYHUNSEQZGYHYZANVFORPNVHGNGGCXHARKZYPMHOIAKQHEPLJDYBXHMPCHMQGFEWJDEFUEVXWHMSWIQQ
FACBCCYACEGNJAYOYXFXHIHISNITTTCQUUWEUHJEEZSQHBDULFGNVMLOUFEGDVHLCIZPHIJQCCREZNJWJFQMCTQZLO
JADAGEAFZHOVCPNEMZKZBVJSIRJZLOEYWWWFILGLQWIEPACDILFPXXHHTEDEWUUOTGDAPCUMNJBRZJLCOMHSZOSWGE
RBBBCAAEACEFGRBMTTHZYLAAGPOHZHOOITNKPOVHUIKEDIXBBSMIOSRZYAEZNLPXIYMUPADZOMTQGOOOPEFSIPOEDI
MAAACDIIHBUNIKNXXUXCQQXDLIKHBPPXQXHRPSQQWEQXPWUDHRFUTCWUXUMQZQXJGVHDCKACTSGLFMBDIPSQNURPCG
XAACGINZLCJEVLAZYCHAYCBELSGIPWJJOOSGMIHEDWDZHOCDOPARRNEKACKUAPRDPWXCZHDHZWXLXTTMPWNDIMEUJN
FABBBAFXBCFFMPARITSVXCEHAYUUAVBRCLMOCWEYPVAKGGRUSSPAHRJCFTIQQNAGTCOIWLZXJBWQFZRPSHRRQSMBRT
WABAWBDBFCFGBRNYJULQSMRVASHEKQJTOZONIIWSLFZGXGSULDRBCNMLDSBVBQVNDVEIEGZZTRKUTRBXDJQGQVACWO
JACGTGIRTYAADBDJVYKTXSWBNDOWUQFRYPAUSUBOHKTBBEBASUALGBCVALLTCLAZHVHSAZTUQOHWYYQLJIFNFDBBZZ
QAAAAAABKRIYIFTVUOXAIUBESIDZIJWELLBYQWYZUIZQHUZPHXKSTITXZWRTZMKGETYVBAUFHAZTDAZBTDJUMJHQGJ
SAJCHHSAAAKHZPWZQJTGGVUDYIWOAFQLKFXXXPMGUPZSLYCVUMTTPUGDVZVONWNKUYCMZPJVFMVWDMZUKTWOGKJLGI
EBEDAFATAAKLLIOOLBXAAMFYQQNBYOWBTCGUUIMZJZEKBHRRPMRXKIGWJCMSGAJXMDZJNTBPIEAYJWZNOKAWEJYYCL
NAEBFMTJVTPYCYXQJKVFVPYZTZRWDZPFICLJGWPXPMGCSVEJHDCZBPCABBHTWTFPOJSPEHGXENGNCIZBYOQIRIHNYK
FABDAAAAAAAAAACDIIUOAFAPVHHRZSLEKWCUXGGAYQCXOVNLEZYFXTYXSHAOWCEJELHWAUOHRHDGKCDILBFTEKWVWY
NACEBBCGDXWUODSBVQZYLCWSDHNAJXVKAGPSZDUYSQLELUGVNDEGCVQBRADFCROOYZBFPQQLHTAAEMGTZCGVELHCKW
TAFDAHLLSIXCZQFFYUASNUGTUPFBCBASPGWTFICFCBMNBJDWRVGBKQXQYSRGNMLGHMMYEJTCMYGJXDEDVAAQXVGEVP
YADDAADAACINTMFWITINJJXJPHMSWGWDAINQHQHSHAZUWHYDTZEAXKAPTJHZBXLTUETDYUZJKSQZHKIBAKWUYBFCVL
YADBEDKAACECTNPDAKPBSISBNAVNBJLMTFTRZLSQABTCQXMGJLQVONPWFFORNEGVJSZPBPAKWOMCBCEMERZYUIMTKG
IBBGKAEKLIJXFROUIRZWLWYLWBDFDZZOCUAUHKXAXNPPTGVMBLBIJRXZURUMZICETLXETKHXYJFPGUWCAPDCYPHRRN
ZBCAECCJVHVDOIFERYPUAIUTUTHWIGKXIEQPGYXJIRLKTMMKJGKPMZTASKBVWSCPSINSSJCVNJBCWWJNXGOWSNMDGR
MAAAAAYSBWSEFIIPGAYVXCMHBIIAYNSKMGTREOXZBPFSFKFXXBJYAZGWEKDHTCKALEMZARPKHDCQKXLNZCJAGWAIGI
BAABBNCLOBQMHYPIOBXMDICKVDPLGVSRDAPUZLLSERROKXVHERAULJXEBLXURQVKMWCGQMNNUOSZDTBUSLNTOWGKUQ
FABHAAACGPFREDAKFGISHEEEOJBEVWIMUQEEFRWAEBXHDNLGQNJBBTRIGLEMGGLTBNSOBHVJKPWKPRMJAPOPUBYHGD
VABCDEGGMHBVQYPSPSTVWUUAKKYUNKCCDYTVEXSHABKHIPZZKPYTNZONPKYIXPPSPJCVQSMBSJIROQCCIZBKWFBOQB
SAJHACCCOHLIHFXPPAJYXWHSXNITBTPCTRXKECCLCQBJNMPLKYLNTWLMPRJFPUIOBPJWNCUOQKIKQUCZXLMDPFIZMC
CAAJLADAKDJBCGDHXXYQQLHOEUUYIZANODJYBCKJHQMGMGXYQKYXGGGBKCUZVYDHRLCHEMBVPTHCAVLUTGHHCTGQNP
VAAAAABDCLLEFHAHBQEQDTJHPZXLAHTVWEUKWWUZNLVUNMFLCNUZELMOCBLBHTLWUVUQDPCNONOYZXSSEPXDPMZJPV
LABCCDIJEMKXOOGVQZECQTAJZECOVMUTSBOKKSWGMPTVIRMCYOJRKXTPPPAQVBMAHTWWUTFETJBLLIZXFMHXOQNLTR
MAAACDGMDAZNHAERMHBWFLFVVDGQVPYTZZFVGBOBJHRGSDXUVJAQBJDIOIDBCLSTYTQDSSYESFNVCXDILEHWBAEZIB
TAFCDGBCBQWLLNXVKFVVJSQJXWZFZYLHOAXBEIUPMYEUFOYBASJXPWWZDZHQSVKFGGTOXZAXIDDGINBDCSCSIVGFTM
DABCAAAAAAAAFAZLQCSEGDBSOJCPTLUVYVPVGVYCWILMKPEZEOWFVZTGIUVNHVFDOUTTSSBVOVEVSKEQPDTRZHMWUD
IBBGJHHKHBOXXYWIVHOYWBVQZLHDYKJMBEDVFAXPXFPFZWOMLLAAAXQWSHKZUNNHNDPKWNOFXVMAYBXMUKQAOQURPB
UABBBQJPABANXIHTESLPOVXKCHMBWQSEORLCWXTHZZTPHJFTIDZELAEHYRPFCXYMEZHWIHIVDQIFBNCTDIJPRLWWZP
MABCAAACGEUSFKWDVRYKDITNHFVUBEOTYXJADKEHFLPICDQZUJMBBUTUYWMHIFMXWHVEOVBYJURUEUCPZRKOOWTWPS
ZBDABBCCCEELTUSLMNUUTFDXEXLOBJCBYDZZDPEZPQVTWVFBOPRMDCAICISKUCQTLCMVYGBYABQMEVXNBHIFLRBPEP
ZBDCCCBTGDHHIFSNPMWKZRSRXIWJQHSALHRFSYUMRCPEBCAWLXMQWJGOUTHMNDDTIDALPAAPBTKJCCSMIERWHAHRFW
SACCEEAPLPHLHFAFRYRBRXPYHEGHGHRVWBDXBJPIBYPQBNVSEZBRRUVCJHYWUZVZXTALDXSNDORSWFWBPKSFFNZKNA
TAEBAZRZBBBPBUAXRBYBAZIPDZNAUXWVKNRKSYXXWVEHYRUUDDYAFJHESWYBTZIMGJNAGKTGJLVPXGSKKGRSTBVWKH
XAACGINXBDWCAFZKWJVZDRKNFFRYQVFRPUVUAMAASWWKYJWLNPBEZGMLHZHEJLNHTPUCMVLAEQPPFNOOSUOCAAAGXM
UAUBFLUFZCHPBFRDARXQWNZHITCZRVZIHXUXRESWSIRAUHGKDQQXRZYOXCICUGXKSWWJVQZWRXDJOVHNKBEGYDTIGT
MABCABBCCCEGDJICBDFMJYJIOSOBBXFPOWOHBQVCFZQGLDDMZEEKNLIXPTXTVZLMMYPPYYQYYCACDPSCCJWVPGFJBS
RBBDAEBBEASUIUNKBKOMURDVLHODBNPBUYABGKHPMZPZIZHEQFTVKFJAKLXEWOONWCSOFOMFOPIYMMSOOGMPFKGAHY
GBBBGZLDFDDEHLNUHBUFQYBBJTAZSEPGANFFSYZPTSACYHDFXCPJWFXWZHMODZCIDIGOYQDSLNGAYFLUJKYRPVIDZM
HABCDGHLSHQEKBGNVZSOMPMIPFDGYUIUTSSVIKKDWIFKOENABYAELKWCBOCZGRBITURIJOBGFFJSOESSCJJVMDXUBV
BACCIOEEGBRDCQUNCXRDBOOVYQSXOBOTUJJHGKYZZMZLEKBJQZPMTNTAEQKNWCAUOXOOGDAGLFWKGUHSGSAATHZRJR
EBBBBCCEFIIQIZHQBIOKLTFOOHTBKEXAPBPTFCIGHFQDFUKTXNRLHOUXJAFSQUAIFTLFAORQXEFRIUJOQCYUTXCLEA
XAAPZIQWBRAQMOANCZLUEXSMKFCSPUFMRKOMIGIWIQNFWWXGYFYCNYDJNTEGBWYANOKGFISPQLXWJNVJIJIBVSQZYE
VABBBQNICBKXBDBVUHOECVUXSJFIZMFVAONQTEEIAPHOSNGNPOHESRENJCPQJTKJXBVOJQUVELOCXCQREVTBGKCARL
ZBDABFEZFXGKLIYDXRRADJZILZGUCWFTOZRPLQVOYIXWUXLLPAZBQRRSUWXFGBSIFRMBLSADBSDAWUGLPACVGNOIYH
WBBBBHGUMNTWMSXUAATOBKJAWTURMVTULTKDLSFDGHKJARASQAPCOVVMTZNGXVKBUXFFZCORUZLVEUEVITTSHPRRRA
PABHAECGFDYCKDKBTOJTAROKWSYEDHKFNUQTPWCROLOOZEWWXSVVSNZTLYJKZPTNUJYJWIMAHMNZLVRLLPWTPLBRVQ
RBBBGKKNWAAACHIKLJLGRVQQSKSCVMAGYXSPMCLYPFNJONOZOGQEDDCILSEFUFHLMLAQSFNUGGMQCTUGKULERDFGFQ
BAABBBDTNYJQVZUFVHUJVFXPCDJLSYHQAJMSCFJLPGPTBGEZNLQFFTFJQQLMVXCOWDGTETLNFZITKDXZZLOWAKFNUC
SAAAAADDHHSPQYYNSKHJEOHOJURMEADWVTUCCDZYWKCVIDIHIPSOSTYEEKZCUBAWAUEEDAOEZOHPJHDETWIEKLNYEZ
GAACACDJROPQUDEECOKRTLREJWXYVYHHAGLZACAPMGRHGDCYKWIBCJKFRLPRXZLYHBWVBJFMEGLJQUKARQVNZWTLLI
IAAAIDXFVUSFVYUITYJTGRGCBNCVRANWQUUBWUQBLQEBFXYIQHAGKQTRYXTEMCZCMNSLWKZIVBKYNERLVFSRWKYFEJ
JAEAFABFJOUINXAUHBKWOZICEVMQHDTDAMKDTYIRDIAOZIRHNOQYVBDTHLRBISVYRTFTCQCCCFSCIHBNWGOGUKCGNY
KADBVITLSWHYPKOBKWVLKCTWCXVZMCJAFQHGTOFXTQTSBLTJDSOBIRUDTKYYBAFKVJVJOQPPHIODQWGPNEMGWOIDIA
FABDBCDFFIJKATCAQRJCJIHPOEZGHSPNFKTXNNXCOVNHVZDLXXOACDRSQGBQXCZDIZHQLUYJXHSJQCOGVJZWXLHQOQ
TAAAAAEOPNDNNHLCGZKTGPKDNCPRLZJPWAEBYNOPTPOZETLZGVGQMKIYXMRJGARBLYNWDQBVUYGCXRNNEBMIDMQXHS
DBBBBBBBBCAXIYWFEJYONQAUHGGNHKYIKHCBHGTZMSUXOXFHKXQXMIGETKQMEXVHKJQILCHMCMOKXHJCBOOAMDJWAG
XACAABBBBBXFUABTBGMISOWRQKJLWILJKHPEPYPGCBPCMLYEBIYBLOVITJMMKAQXJADKEAYWGWMXXXSYDOWTWGATOB
OCABBBBCEFGHKFPOSIYBPNMYIAUVORVQRKPEKNGWLYQHPAJVFMXRSXITMZZXGVUFLKFMKZZJQEBLVZYTNPDGWMBRJE
DCBBBDIINRMIHKJQDEPEKKYONSDRDRLOPLUZWXHBPMRVJZQXQFCUSFZSJAZKHXBFLYCMAZHOFLXJOBTVXTJYYMZLDG
GBCAFABRCOHNDYMQZRJGXSTZDXCXLTPHOLLYLOIJFRPRYAPJLOIPXUDEGUWKLAXGNCRLORLBHUDDZOBQDMZJVMEYWN
VABBDAJEGIIDPNCSRDTHQOPXKKBEGMKKVCEOEVZRISPWICQCOLRPPAAMMPTRRXBUTLOAQCILOAXUMZSSOHNPZQGXES
FABEAAGXGCZLGEBIIIUODZITEFJVCQRVHYXYXTWBSYVXIVSFNPSMAOAUSJJPUBJGULOQGSVNYUXMYHXUNWRCRVKGGX
GABBDKBEUTRVRBEBUFSLYANVUGQAXVUYUAFRPYBYGOHVNGQYJHUPRBCVXWCUEPMPYQNJRNPKKTOHVWIKMDQBHDQNFR
GBDBHEAXKOMCPGSMKOIIVDMEOUUVQMWTGTRMNVVHKMWSHWYHBPUNROGTBLXKZBOCUMBXINQDESQCATWPQYATCHLKZG
CABEEKAEEKMQHWACONJTGODJQOTQDMPQXBCFZCYBDFNXFKJJMHIUUSQTUCNBLVKQFXDJLXDPONIKUWNSKHHKUQANPP
MABBBOQOBZDTOJEBHFEFPNNOUIRJLJSGQKLYJCRZWILVBBXHLAMIMYHXXOORWIRCUYXPWEZWJOSQJDPZXLFKHHSPTM
OCACABEFISLYBACKXOHAXCRMEQFHBXSLVYZEBLMZGRFSYOVAYOXVLSUVAMVFYFRJNSUYWNOWDOVHKOZFKRMZRONYLJ
SAGMPNHXVUMSUKFHTSTZTMDKGLZXQGKZARHNQALKHNZXCASUBOVHBIWTTLHYLRFMOFCXFLDBORMXKPBDCVEUCOVYFH
ZBDAADMDSVUHPHOIYFUASWMJLUUIMSTCASWBKNGUBKRVJBHWPPJARUGSPNKLLYIGDTLWUHFBFANIEEBKMOLRQENIMO
GBCAFACCNIMWLWVADAROCICIYDVZHFQZVPYUYOMKCAUCOZSWHJAMAXGGBDYCNIPCUQAEXXPOFVNETGVTQBLDCMUYDO
GBECEFOHBDDUWTIUKMGDZNXRXBSOSIINUKIUMDPQCVJHPCAASJALIJEKTIITLALOJNBBLCDQMMPFJAZJIMLJUUPTAU
CABBBBBFBOCFCETOCOBGATAJGBUDBRVJYAYTFALNIFIJAOHRJMAPEQDMJTJFTBUVIQGKSIGYNZXONRESKVMOKBTAUU
QAFBFJIXTYQMYKTFESFDWZELIHVOHLTCSUXJAQFTDXTJCRENZHCVBWCMDJLTNNTISMGZAYYXPHEFZZKTWPWQFKLWBP
XAAPYBJYFEGWBINCJHOUPBDKOCGPAIZIMSZUQAXHXLDMJIVLABMGCAOWMEQMWTWSEFOTELEEQMYWUONJCWBDAEVMVT
HABFAAECLDGJUINGIMIPIEYOJAJPNPZJTJIHMUJVBXELIMVBTLARRDPZKEJJJTPEKPNSHVGRXZSWXJPJBDLVYUGYUL
AABKEAYGOGHKBCMANPYWJBCUREKFIZBDKXOJRBIAEBHSBRFKACMSDYHNYOLYEBNYNHXTPWQVBXJWPEOSJKGREWKKXW
BAAACCEBKWOVEKODXPCGNQXUCJJSKGIVXBRRPRMOYAEKVKAYIZAKENMBLNWTHWDMLGYMXPDSRJTMFHGJDDCCERNILF
XAAEACNMAZVEVDQRNDIOZCAUAIUJMUIGFCGNKEKDZWRFJHJXMCOULHLILZLHJOUHCORAVNRPWRAJGISPLUKXNMXZCO
MADFABCDILOSNTTANOODZWLWJVHBQWSPQGNOLNHVCDTYPKRCJOTJIEXGBEOUIGCMCOIUONORTQLGQZLDQJTRVTTJKE
YAAADCFWDFNNUNHHGJJBFDGLNAZBDEKVSTRIPJKMYARBSCEEZLLYKFUPOBGBYUHBSHKMWWEQWCLYWMWCLPANKUJVWG
BABCDIGNESTANBVTIPGLIKEJMMISLLTXIVLMIGCDDDILHPKXPFGMDKOAYDELBSGIVVPLVCMOACNIFWXYYXIXHYDPMU
TAAAAAEJMQAMITYXIOJIXSADOPKCYHNIMDDDOIDXIWFKBXAXRRVDIZHMTELGFLCCNCCGLMIYXMGDPYFXENAWTLZMJK
EBEDBBHPKGAWEGCOZNTAMSLOJCCJKHBAYLEIEJKLHPVUPQBJPLZFBTJKXEIKMWBASLACKZBUTHCBJHTHAAJFBUOAEQ
XACAAAEEKKFLENLJVPUMUNFKDXBUIINWKOKBJCOEVERXHZDKBTYIQFLRDAGROPGPWCKJOFUWEQHJMEKPUKPLITLOZP
ABHABJLMQGZPFFZDAMPJBLDYSBFQXERSJEBOUOSVIJUMMICXELESSTQCZFUOLOMIDCSQUUXVNXMHZMAULIYMDOGIDE
QAFCFBJODNQEZQCVMCIIEEQBXUJRXPOLPPRDTQKCLVAOIHPWXLMBMVBOMWBNRWAQHLJFIQSSNRRGRLIPFVUSNZEOCH
WAAHABBEBEXGBZMMIJUMUZIHWVAXBUPFILJDGPDLAGEGMUJXFRRLFAWQDEAJYTNLFHTWTOQCUMRXVTQVCTPPPKZSJN
PABDJIIAEJBHLNBYKZXMZQCKVZFIESEANCAPHEEPCRFHUERBJDWAQOINMINQHNBRNTFLIGRTLPDSEEPTYUHXVDVVCD
MAAAAAYSIJEUNOADEROVOUQAKDNZRVHOWEVYTZYQECCGXJGFJPXWFPIXTNQRCWBWIZYWDXKGEMGOFXWQTPINCLGYAL
QACBHWABBBFTFAKKFKRNBYZQZVZZDCBFIPMYQRUKHEVBXUPWKLZKWXTPSGKBGOVLOONVRRZPIQOTNAQRWZVEXBRMWR
ZAAACDDDDGHACEIWHDQRSFAWLPMMQRVDWABRMRWTERMVKVMLOWHRKBJWSTVAAULXFYEBYNUNQYKDERVBSOODGSFEXS
NAAAACEBILZTOPMCGZJIGWNFCWTWVTECGLYMWBQBDTTADIBSKVIBSEEJMWQDKZALXXEWMQDSMKNOYDAXALGYHVVODM
AAAAAADEJECTOHARZEJFDLMZOMIROLLLPHBTHGODECAZXGFDAEXMYNQPWADFILLZTZMDIHSVYTQLQYUSVVYEISTOFH
OBBFEAABDDKDWLWQJBBYFIKIVPRCDKELNBDNVLUDOBEHJEEAASIIGSTKHSVGDAQFFEPOKTNINHOHFAPIJCCEAIAZLW
ZBCACKMAVDKPRMKKSXGHMROWWBBWGFUHXWHYLWGSTHZNZMBKYWORFGPSUJZHOMEMHERLZBMTAISSDLPSQLATTOMZKO
OBBFCFFMBBEPKYPQUNLADRCEGZEUXTZURJMHOTDAHCJDHAMTSVKGVVLWVKBMOQXRWKVORAHKAHLBMFOKEZAWQXICJI
GBBBJYRMCBGGNNYNMSGIQSHJAZTLTASYKVIFKEFLHLCDIOHBQHYDDEDVNOFSDSJYRSUZUGREAPZJVOLJYFMQWCBHUX
RBBEAGGGMKQCDDDYUUIJLTVRSESLPXGGYVFRLNEIGAJPCAQUUPNACCXLEARDQUMXCJUBOWGQLBEXEVHWTBSXGFHFFV
BACCKAEEAIBITKILDPWUHSGKQQVWHBJZFOXBTGKDCTFXZSLUGMPCMAHVWWALBOUNUXBUJSETFEETSOXYOYVWOAUFVG
MADGBFJETNDHGYITSEHAPWYHSBUUGWXWFGFOPIQLALEXFJVSJXVZETNQOSNDOPJKHCLJBPHXXKBJGLZMOGANMWVAJU
ZBDABFFDDADJSPDODVPNWIFMJFCMKHFGHXCVGURTOCHUXPJEYZJSPDOBMXJKDRTCTMDWMHDPBQOUCBROGTYTSZOCCY
HABICADINSGCOIAOEULXLGQTTLAKYCMJGJNVTMGBYJVJMGDORZHGIQFOXXTDTUDGYBYLTIKILSSEHPALVWWVDNTBGH
OCBCHPAQRTOAOQXBEZGAULNQVFIVQKTEYVQMHHDMSMLBVDPDKIYCBDHGAHHQPIQQHUSPRHNYTCHYWYZDGRMALHZKKB
SACCEFAQPAGLQNMPDMNAPSUMHNYMMBTTDETTEYTZNZMGVNSCGNCPPRBZOQLKTKXBOFQGQTVHXOTSENIYBVLUKNWUSG
FABCOOYCEJRSHZQRUITCDASJFBAPZOJGNDVPMQRCDPMTMOWBXQYVIKHGMBEPBCERBIIQQNDHFUPXTPVWPQQQSMWWQG
NAADADEAUWYKWQERUYDPJJKVEXTWRZOLXRETHIDMHONVCTACHQFUCQOZOBCCMTWTWFWCNIGGLJGIFIKWXKZLYEJAFS
UAUNMEIIHGEAUGUVISSJUKWYHYNAFEPGVRLQRLMQDFFTYXBISKMXXUWRGGDSDPODVEGLNLQBBTMTEVYYBXILZDVJUV
KAAAABBCDDUBRNYJCPKAWCUSEKWWOPCOQOLMVLGVPSHOQJFAHHQYXNRIKJQZIIKAECYLGJLGKXQUNYOQORDXRRHHGS
CAALNQHOGKJLYNLSLPUHIJEDVOIOIONOZKOCZZFXYDOTDSZOLTFHLOIUGEBFIQUJAVYFOHASXEIWSLXQFUXRSHIDNN
VAACAAACOREGJJLQXXWMJXSQUAUNJIZJBPJREOROJBWGSYXORPIJZNIAVXFFMJFUMASEIMJFUSETXCJOWIUEISPGQQ
QAAAACDJEZVBUWFEVBGPPGBKORLXYHUHOPJHPNWLFQSAOUCLIDZBWWXWMGSKXBTPJUCGRJLRLUIYOMERIOCOPGINIU
WBBCBVOMKEBBZNQSHPRSJHBTGFPCQZWURUEKIERKBGPSUNTZFKILWBOMKNSTNIDRJMHAPTSSDRPNMVDVMNINSXHHAJ
JADAFAVWAAAAGGDKPEQGHITFDCIKTHSLIQGWMBJOGMBBOJHBLTCSSPBAWPIUUPVIKYCMTKOPLCQWACKREPFWSPPBMA
JAFAAXBBBGAJCTSCHKWTNKCSAHFBPDKYBDIFVQZJWJJHTRILBBIMMEHTHYKEDRMHDIZMULLHNZNDOMFWLRNOSINDHO
MABBBOQOBZGBIDNYCIYSHDEDKZHQOCQYZWXLDFTEECXGMCIWKLAUKZNUDJJKMXSWZHRHIQJIZYWLDMXZKOLMDZTRSD
SAJBUNACDUNALALZKMLCBAKMPSXHVQDZMZWTUJGITJMWBFOCVFLFIYCVGAFHNVRJONNIXNMUIYHMHUWWRNVAQSTALM
BAAACCEHBKHAZXEDHVBTGEOXPTNXPHSPEFDXTACAPIEGEXDJEXYMZLUCPLLXFHYUNJFCRVFMSVNEJAMLUYHHEJIFHZ
YADCADEPCGHVDWBILIQCKPZZTZOVQEBODCFRKNUKHSICDVOBOLSARIFMUETVODNHRSEGEEHQZMIEDYRRLNWZVWDELL
VABCDEIPNDNBWCTDIPXJOVQFBVVUKRYTGUBNEPRRNTZGPLERLWNFHOIDCMTIPSOFHEQHAMRLZRJMLIMLEKLCVKXOZO
OCACABBBBBXRLXHEPSYZCLLVUATWUDVIZDDCZHOPWBMUCNZOTKHCLTXQNXHWNFISHJGKSSKFEZPJESDBBELJMNZGVT
DCAAAAAACDGDFEFIAEZPSNPXEOZWVMAIWCDUWKZUJGIHKSNXXPUDJUTSOKYACQYESEEYYJSRUIIUFNUMPKIXONNEVS
VABCDEFEJGIAVEJJAFOZDTLVFSDRLJOURFWWKOLWFDXDWVEHDUPXORSXMOMIWBITWZREUXXPWARMOJNULJHHRHECTR
LACDAFGFQSJTYYFPJRTHBKPIOGQLAQHDCXOOUVMNYDNLAFFAEBUWESQFAHXSGGCYTCWRZPGJSICZVDPKDSUIFZEHDF
BABDBBFCJJLGRJYNKORCNAHRJMMSOKKHCRAYHLVUDNUXXLXUTJHPHRWRMKVHSWMACAOPRCEZLHCPANFJJVBBHVANQK
UAABBEFACECPWGBILHYMGUJWCBZFJQMAFGLUOXUAUQMXMCPHJAQGLJVHMBTHIJEWEFGRUGSFSYVZEDJIMUHZYMJOOR
BABCDMQAAAAABJXWDNSWERIOUCCONPKRCLBSKMQMENNTQQICIUHRETYOIMHHTEGQYIFBMLYVQWRNONERJQDNTPEBDU
WABAYCEEFQBLHVQNJLRAHFELCRLHDUTGKJOGYWIIOFPNDCMMYLWJPCCCAWVGESEFGPKWXGMHFCHYDBJUZBKGOYPAJQ
CAAKAAACHUVHZZJOSMDZQOZQCGWDXNWTRUKZVWNNXKSGYTONOYAOKVUCOJOKVYTMDWJUDMMXYYIVHAQOUAUTGEXZQE
IBBBEPADFOQHLOTATYNVPSFPMGLBVDNAHBSAMWZEMIRHREXHCPGNOJVAJQMZSNPHSTKBXAZWTGVNFDNBWJLLJISDWV
MABBCABEGDFHDGVEAIOZMIZHZVWJJJTFBXDDUVBBPUCJXJBFTCRLLITFXIFIQPYRLMZBUYKPWHIWPDITNWHGFPLUBI
UAAACFABAJRQDKSMMZFXDPPZIIZBFROMBDHYCNWHQGYPOWJAVQYJIEVLEWTVWQEIZVFCKFADSJPOALBUPQHMLLOYON
OCACAACHEZWXUCRHXEWBZMYJTYBEFTDYAESIAQHRCLWXYKAXCERJIHIPYHBGOGMATAQARJOJMOKMXWMVYWDYQTOSJU
TAFDAHLMAEQCQOYHTUAIUYMVJVOCOOEUQUQWRKWQASCYXZSQJVQJOMWSVNZEQBEGFDFUMHMQMRNGEBNQOPABLYSYCK
BACCJBDAHZXGYWPUPCLUBORUZPYDXPRYJYAHOULRCSDGLSPYCXIOZVTQVLMIYADUYKTHDNAIFKZCKKVQIQXPZKSHBX
UAABBEEAFAZMVKTFJADZJGSDUFQWYBQAXBRAVSNRLBJHNZONUFQJWECOHGODTLTHVBHSUDYYIGPULQIMSXZEMXZFJO
KAAAABCAFGTXSWMGCZVWUXNLXUICYAOAHMRXZDEZRMUEXANTIUGKXLJMTZUCFRYUIJMICAFDXXOIMOVSJKMEUSUAEJ
NAEBFMVFEKRTXPNGXCKHDEVGGDNTDSHACDRINRJWZLYALTGLVCNCZZDUGLCAVJVMQDXAKTUNEJBWDQCZDXTYJJXFQK
RBBBCAADEIHJUIERWFFENODPAXDUHOCXEBOCBKNGSQZDWBBXJHJKHSPYNSFLUGIDVLVTRWHWLTMQSQGCSVQQPJZOOV
QAAAAAACABUOHCPDEFETQZDWQGDXVQKIHAWVSMOIEJJEOUXKJRYLMGBHDACQHAUVHAUGQHZLGCAVGXZJCYEUMQNSZV
HAAABIAHFSCDWJDFZQWYYJLWTATQVIDEMLNTMJWNPCGUFIDKIHELPTYKXEKEVPMAZGAFXHOFZPKYDOFZVRGOPAGBEC
JADAFCCKOVIATMMUIEXNUOOLFSABJKHOJLXMXNEZTVCIKGXONOHSTBOSSVORDJBWXOIHHTJVBMNXSUVNRFUBJSYZRT
OCABBBGSUFGGPHHJYZUREJNUUTCUPPPDGGVPOLXFCOKLHHOHFGBVGTSZACPFIVRRIVDWDIDVKOLRUTFTORKYBJEYVB
RAAAAGLVBCOVKNPVORZSFEUDXZCISPTDJABTZKEMJKZKESVPBFKTLEEFRMSXVKOJCOPHIJODNCLOCMCKNOIVWRBSBW
EBEBGHIDJKDYMLWSMBZLJFCKZNDGQODRGSRAZPWKWPYJRGRYUUUNBBNSZHXWDDHHZSKUKVXDCQIUVJKDFZGDNQILVA
WBBCBVIYZAQWJLUTDXYBZMNTPMOVWMJURFJVRDBFDVWUPKNUVPWYADTWUINHITTYLOJSEATBZZDWHIDWQWHYSSFUVJ
YADCADEOAPHJQIYXISFYTCXQHJBCVTGFTHOFBYSTAWZBPSAMFXEUWUOVUMNHGVITDRDILUUETTBHHWNAMQSRPJKDNW
GBDAABDQNNNUHLPPNNIROMTWTMWYNVJQEVNGHZKIYZHLXZHSKTNRCNYBAMXFLADSAROQBIUYPIUQYLIBNIZTMDYNWD
KACAEAABDGFUGJKXMWABIHUKIPYSTVPLACWWVMTFLIWSWCTJTXKJZSXPHCMQCIDBDUMHRTCGKJPNJVRIFVKRZSXSKM
ZBDACAAAAACILAMEZXCKRFHFOJCQPPIXHLRTPIRQUDCSOLZEVQUDXNWJBSLSTAWAWBYPAAJBJPJSDJJOJUAAFITOJO
KAAAACACEDLQFZAAMNTVTFVGASWVKVKLGZNDNSJGNRGRAMGJUSMRRZHTCTJKTWMSRLQSXAUTLBBROTRRVJDYCPCPDZ
QAFCFBZBRVRGOMQIILBTBWUJWUWVTXGLLFKOUNLHIJKMCILYASQCFGIASWTDWFTCNXNHLVHHTOOQZELOGQVXWYHXFA
RAAAADJFEKHJSKFQTDGQFFXZJJCLATKOBPNHUFMVBMWZMYWHSHWCKHITYHRQRTGVWCFLTELHYBRTDXSOEWTOVZTXHE
LACKNYJANRNXUIAVEWAGMJVPRMERZYUVGQCSILPEVIKLFLVAHIQRALXUVZBSRGIMEYDJZCRKQFTAKZCTZYICQPUSWA
MAAAAAYTABHFZEEBWBYXOTKGNYCMIVQZEVWPWGWRLXQGBNFHQBARCBREYGSCAQIXJIUOIQPCFEQFWLVRMWSYJCNUYN
VABBCACDCGQRDMSDSGNNOOYPGCAWGJTMHKQPGZBPXECMHGUQAOUYMPCZKTHWMSDKWPJELXUVVDHDPVNUMGTMKBKEYH
YAAACFCGIAZZPRXRPRHYDGOYGDPYPZJBGSIDGVCVDLSFFYNRLLDQWZVMZYIFNROVCZSOUCQMDOYKSUOQNLHAUBNJYL
EBBCHVFAHILEGCEXYGLVAJLUABOBUPZMYXKPILCDOJEEZUVPEJNEBPIXRCUVPNNKQBPGBQSMNQVCDOOVWKQQEDSPCB
CABBHKPRAAHKMINFMWRSNSISYWTSECDFPXAPQQWSABONCHBIUICEQJDCWAAIEVUHDCDTNBOGQJGSUNZFEVLVBIYJVN
KACACKYSSDLHBWMFAZDXYMOKLOYZZSKWYZYOOGCTPJEDJLMKFUBYXBAKEFTPCZOAXZEGNMRIDWPZMHBJSXGFVSPRDV
RAAAAAAMMOLHRFGIKHOJZDEEALWODIBZKGHUBOTNHTRIHFTMWCTHOLXWYHRULYSQXMAHMWXBGTPFJJWGGVNALWEZKX
BABCDIGHDCUAIYVVTCYFZAVSFPQDTCPVDGULUCQLGGRSHBUPKITLMLFGYMRGEETEBVJFAHFYPYWUYNFHDJXCXNTIKO
EBEBGHEQTZIAUNAMHJXMQLVAVBQTPAVBETWYZFBKEEEIMLDPLQQAGSDGAGSUSSXYIRKQWMIPIFNQYOASBDEXONKTUY
NACEAFYZDGYEOSJIKWZIXCUBYBTQYPKLWHJQKQKYEQSOERSKWDDXCVXGSQELTEIKQECTESZEGALENKEXEDJZDHGECI
CABBHLABCEAYMHNXGEQLOCXLLDBHLQNIRMIQUIXLVWDIYEYCOGYZMKLACAKAWMCXFBRCUGBHBSNSYIRGYWVDJYHNUH
OCACEAABCSTQQMREPVVMCAWWUMBNGGJDNCMQFPWRHZBOPLYPRQWRHKMEZBKKWNPWOUFFRCYPNHVAHUYSMHMSMWMXFU
EBBCAAOOOEFHTCQWHWAOSCVBLWSVIAHGNSWPRKZJCSLTYGYAOTPHPFCZPCYMCUTQPDEFAGGQZOZIHRERPYGVEVDQJJ
RBBCADSRUZLCSADYBJIMFTLWAQXAHVVBRKADGGCBJTRCXYYQCLRWYURVGOEDGJRZRBLZIXSCJXJMVZWOXVPBRGFEBF
RAAAADIMAOIKDUZMNLAHGTBQFHNWAAHFZWVCGZDDIXIVSXVFRUKCLLRXAJDUDTLCSREHWKTXWZCRFMVECWFNMMLDXB
AACALFOJPCADJPKAGTRWKUUBXYVVWZBJUARJOMYBFNLDYEGENCKSUKNRXLCDMEFDBYUJHLQTPBGQMMKMZGSYCIIKSD
HAAABHKYBDQICESNKDRHDHVBULBTPPCEDTOHKHBNQNWDJOIRUAVZZXWFOGPMQBLDIRWPRKHDTFRLTXGVMQCNTOUOUA
DBBBCADLVHZKSURWPRNCMPJBYLYCDVDIHNHVLRUXVMVEWMKPZSMYAWFUHKJJFAUROEZJYDZWPYAVBMDKXLJONTNTQY
BAAACCEHBHRIGUUBDDDHIJGAEBPVPWFKMAFLNEDAIWSDUBJSSICGBTSYBCBFWLELYAWRHFMAQKZWLPIFAGKJWUTSLS
CAAMFEEYPRAQCSWIFUMDEDYWSYJXBMKOVIEPNGBJDLWHXYNNDWYQGPMJWALYLMOMQGHABQGVDLEXDLTGTPJZVFTKYC
WBCABRGGJCYUTMJVGHMJTKRXGTFHOGWSVUNNLUGXJSQYKUFRGJXVIAAEYZEXEEPLCMTWJKETAJPOLKXLOQCXUVNAPL
YADCDFFKEEUEPORNAYQFEGKXEMMYFXOPWONJVDFRMKCDJXCOAVOQBJJLOOIWQUISIELVUTXDNYMRIZIQUVLUVHEOKU
HABFAAECOFFUNJWTDVXOSZNHECXXFMQCLHTQHHEHDSOUYALLFKLMZSARBNTBYLTMRRCKIOXDUGVKDYYQIPAIKNGYUC
SAJBVLVPXIJLOOIBKXPUULBRWBVRNTIITPLMDDLDUZZESZPNNRMLCZIISYSORBPJRJRMSETGYJZGJQWXZLJFARZMES
RBBBGKLECRVOZYEUWHBJICWLJXSFESRFNEERMCUPACUDISJSDOTYRQBHVOMIKHCOAEJSEXCHZJCUNORFSORLRWMGOR
FABFCHDOJCHYEOSJDQNJRKVIQRKRPFSZWEEMKHXKSIIIFOTTHTBORJXFGNPDMDSTAARZSFVILHKBTHODEQOKHXOQCY
VABBCACDCGQPUTTHMOWXWEWRUSTVZXREJSMZUKTNGZHTWCSECHORJEBTEDFFQGPFFHGSPEGNWDLBIBGQUTCDKISENX
XACABFYVMWCOVEENGTRIETQUYQNOGFWWNXTVGGQUVACLXZOEGLEHGODSXEOTSJJMSXMDPGYHJKBVXKYRSQBQBBOXRM
BACCIODCOBJQHLPLTNIQCAHPUBGFCXRBYDYNOGKRUJDBGUNCINNRXJEJRZQHIUHFKVAQTWSEYXFYUBJBMUZYXCLELO
AAACZAEFACCEROCUUSHTGJORLEEIKCRRJOCEYLYMHOQHTCQOHFTRBLKNLACGMMGNLZVWYKGOYFXTROOEIKSBPRUHBU
QADBBEBJMWEPWZMGYODUFJXNWXKUNQBZUABCRPDEBZAIUIJOXHEOPFVONPMTUYPHYPECHVJCPBYWZCXCNRXAIWUHXT
FABEAAGTBZVHLVLAVJOOYIHNDNWEOHCVYPHNIUKGUFJHCAEJLIDPOTVEPPOYDXSGVJSBGSTKVBKUJQZBZNRZRZRKZB
MADGCCCGJMJNXGKHVLBWFRQXVZUIFIZMGIKVIPFZEQDEMCOULOPXSWJYRODOVPZBKUYMAIBVADWEZSRAEONFJLBYGF
YACCDAABDFEDPJIUEWHZUKMNWBETFYAQAZVIXRTVQPKOOYIDUTWAMNXNNFVCWZNWQSNMOPBXGQTWCQALRQTJPYDDFJ
GCBCCPLQDTCJOMFIIIFFUQKURKGAUFKGOLTSIVBTKCYUWWOEXBGUCBNBGSAZRDMUEICVEXGBWRTVDSXINYFBEHZAVV
VAACAXGIDEEBLJQPTEPQCCRIFLETZPFYVYURIQLRXCFOZVITAICWOFDSSWCOVUPFAUTALUVAXSUJHQTZXQZHGBBDMI
RBBCAGCJTMMKCAAYMEBVJXUHJVSDPFCTNNCFXMCRTDPKYFKNVALDXFHXUSFMJRZXUESHJLTBOLJHEQZMMKXYNBEOTA
ZBCDGFGUMDZOCAUACMOTCMEJKMROQCMULXTSONGGXOSGRVHTEOMZKGQKVMBKKGCOZAWKFYNJDOWBJJKCYTOFMUCHJC
UAUNLBFUXMMHCYDXYQJEMFXECMJMJNXDZPYKRVJGENCCFHREDLUZLTOTNSZDUGYVPLBXQFHFPRAHIZSHBAODQIILFB
GBBBGZIIDMHRTFXNXMMCEAKRGZUEOARVVFLCYRYBPXNLWWVQYOXYPOSDYQJRPEWFFNGZDZVXJSSHICHONVYYDQRCJC
WAAHABBGACCMZQEVXWZUKDXQCDZQSZQEAJCQDKWTRHFDKRMAAOMCETLNSYGFGMBGWPFTNIJUGUIBMFSSEDKGALVKMT
EBEDAAPARBKKLOYQTDNBGHFAWOLEQUGTNBNBVANBAKUCGTVURMNIKOSYATJVESAJNRMLKEDPNSAMWWGQORWMVFHNRV
SACDACWACCCCCCCIKKWULTRPFHXZVCJUNANBJGOPUWSBCRXTHKDEHOWHHHNBEUKOPKAHKWCWBBRXZNKYXGZGTYNDKQ
SACCEFAQOXQILLVYCBPSXWMNCLUQSJWVZJIGSJQDSJWMUUMXPITUBQSFASIIMYHUDIBOPSFKDYHJIDKIJFWPQCOISX
XACABEGQADRBBEUDVBBJKDDTAKPGGMNAYCFHOTDVMSLHVZOAHKWQDMOYJKNBCQPXLVKGIPCFAMEDRFTIQHIVVALSKX
ZBEGRSPHCQGGDJVIKWDBKPRMOMGPNTEWTGQUISDFTKSEZQRPRUVCMOPVDXLFDPFANQIBTTPLULBWJQORYEOCSPRWGP
IAAAIDXFWBLFWNWTCTXYVAMHQPDOORWVPVXNSKRZOFOJFRYNJXOAMQICIHCVSQCWPOXHCJYOULJUWVDTHKIISMKAHI
QAAAAEDAIMMTQQNRNRUTECDJUXPJIVWKRWHJTVROGPRVEVLKKVEMQWPUYWSFIDVANRLPXTSXULKCTKGVGZVXMOMPHY
SACBCUDAFCEBFMSSBQSSINWOOKNGDSWPATKBGFLFZWDNIGMPIDRCHCOQWBCNDNISKWUJZVATMCHQHMMOZCDMQUOBPO
RBBBCBBGKKWVZLOTDHTOKFSOHBJEIYXPHVHWCBGHBWKAEOAINWYMSJHBZMQBQBKTFKTLLNSZEAEAVXDRNAYOMPOFXI
EBDABBBBFDEEFFGJHRHPNHUBRCJONLZRDFYTDMCCAKGNHZQPEWVZITUTZFTBTKCAXSAMZNBFCVMTQMWHQZSKZGDQAL
NAAAACDEBXYUOZKRGGZMEOKGHUKQBBKUFZMCVJDOFFVLNHOZXWLAEPANKIBWKBOXZADAQPDTKKOBKMVBZWFOXNFBAT
DCBBKHBZXDGAAVIYSENICGSULAKJHCCUGUQHQVYTYGWSGAAZAEMPHECSKEFVFFFNPIKQDSYZAIKURDLOJGCVPDPEIK
DBBBBBBBBCCQNVQZRDGLVDKBOZKZTSFQOUPDEMTEJZFQLYZNETPRZPUBRKSJFZQITHCDQCPBGMCIVDUJTCURZYEDNM
HABFAABHKBXZYCLXLVKKPZOJQFLCSVKNHSHFAQLTSVENISVAWYWPOQNSKOBNSAESPTJOOGYWCBDVIRDDTXBQGCWVZO
LACLAABBBBBCGNMLFSYUIIWDEWAMDMAAUMCTRASJQHPDYRFVKCBJEAIORGXFTFSIHUCVUMFUPMTOILOWIOALKOPRQY
GBCABDDMQUEVDBVDAAYXMJMHTIKUCXXHZXNQSKQWQDDBRYAPWBRHPDPEFIWEBOISFYKQBQUEVBGAYBMKHMSZXRUFPK
MADGAOGMGMEKOYGHKNESINQMAKSJCFYHQKXGNIAHYIQPOQWCKUGNDCISLEPFBIELIKKVXJBXMAANDGMQIBRWJLOEXT
LACCIMMIXEANSQWUHCYIBERAYUSPAZDFZLRXMPKHCBZTCNKDYXCLRZUVQLWQBOCYIBFDZKDPEQGUEYIWGOKPSVNDVA
PABDTBVWHCJSCLTIHISOONMXTVYOYTANSUYOWCUJPSAEQUMPYPRRKUINEBMPGJHPNXDWOXIGWZMBIXCCXNGDPBJDUO
KACADZWABHKAQCKOJDDYVSWZTJXFRSBYLTASADWEGEUBCHHNRPPGRWYRJVORPOVWMIPQNEMRJHBVWYLBNAWZTXRQLL
GBCAJCFZIBBXKPWBLMOHXYMMSTNNFFDDIUSGVKXQKSIYDNZXZRLRGOWYIKKRJHPNRUQUKCASCGTBNLMBQMDTNTDJQQ
ZBCAECNWJRATJJHZOIVPRHQPOHSKNYDPRYMBVCJKUIDOMWIAADUGABXNINZWZKMJDZFQKDUJJINBNZIRJJQZOQNZLS
QAFBFKBEABDVOVLMFUIBQIYFLEMEGAUCXSZKYMROHUPWOXTHCFILBOJTYQOBTJGEDIUPAYXCIGSWDAADVRQWENUKPP
MAAAAAAARJCJBQJXVKRINFGMBJKDQEXHAXNPNYKDYNRRBQYOXXXUKBGWEVUGNGALIJSKGNJXYZOEBMRUMZIYOLGLPS
RBBCAGCJTMTELZCHYWELAUICTHXGROYKWGGAAXAGZHHOOTVWVWEHAGGWWHHQVWPSFVKVPPZGQVDKJKDEBECKGACGCN
SACBCSSBHFPXRJJMXCDMGIFLKJSXMTDBXQYGTGVAWDZCMDKLAMAWXFZIKOOGJSBATQRAHXULFHHSABSLGDUOOSPUJU
UAUPACBKPELBGLNJHGBUBFKGWJMHOIGEJJUXVPQXJFFSPVAHMZCZDPLGIRGBJWHUHNCEFWWGHWKXRHYALFEKSSVYZT
YADBFABAHDJRANNOGZRVGWRRIIRTCNYRMRINPSVHBXQRXSGDLYQLFADMUXSBMQFZESTXBZKOKTFPEJZNMJAYBKWEPH
JAEAAMBBDJJAUVNEHIMEFFFCZTJYJXTCWHUMTZTOHLAVKRRRPTSAXVYJNMWPPDOBCLZFJSFZIPNJDDHFKOHFQNJCPS
CABFGHHPALKLHGSHXOQKWDJBQIQJRJSDMLCUYZZCHPNJTSDYETGZMDUNIQRUPXMXHAARSOPWKQSLIUFUINTSQROTHT
NACDFDAFFIAZSJSUGKPQDTUFJKEAYAWGCMSCXVNBADJPYHAJFZTTBOFJVTWEUUXQFKSPNTNGQJQVVVTJSEIXZSDBHU
RAAHMLHKIROYUEZRWWKONPYMNVKYPXONZNHQWONRIJTGQITCSYHLHTLEXXRWVRAXIZVVFVNJLNKZBHAHRXWGQKKWQB
BABFBWRUTFFLPBECUIWILOUDEFQLEVJKKJBLNLSOGTWILYGYQUGOIEFSGCCMPLDTLMUVPNHYHSLASLGJMAEEUVUNFC
QAAAACDJHABBDIBLGCSRNPAMZOQEBQUDVHEAFYCHVTLYBFIAYKVDBHEMIJMPMJEWRGNPVPYXEPDKECTHESSIEKCKCL
QAANGOVBDEPJPQBIPPGTFFYCZLVWIICSIUCHJZUSYNHVCMYREBLNEOLCUPIMJCTCFPJDVMKNXQVPWHJTBVNMGZKCIC
EBEBGHJBBJUOADPQQOALKHNYGEDAQKPMYMFEQEKYKAIAIVXTLQPFPXKYYDGQXPPECZMSNOGHFHQICKKARBIFSKHZRQ
FAABGGBVBXLOYSVFZXLZIEYLYFIQCEVGPLHNWWEOBBRKOYTVSZLTRPKWYSGPRKBNVLBHLGTBLDCIXTHSYZDDNEFWHS
TAEBAZRYISABGAXLSFFTCCTNXOSTJIGTYVJPFRMKBQNSBUZQMSOCODCKPOQQVGQUYFIAPHXBBDNSNTSYWSFLVBOIUN
GBGBBEMFPTBCYWZUMVHJPVBADWHONZIFWSFYGRJNWYSGHYIVNKCSNTBCFHNSTCAYMFNQTQLNQAWSDHIFXEOGJIOYKV
JAEADDHFGXBGHURVRYOOKPVFNSTHXZFOBSJNCMGSMFNSCTMJXCDIAZWQZVRDUHHILNFBFSDKGGQKKRHOTEHOBSTPZU
QACBIABAKCHXRKRBUGZTQZPOWXRHRDMXXCNTCYPXVAIRPHPYIFNWHKBXHWKWLDSFKILQTMRTQWWFSFVEMYSQHIHRAL
DCBBBGBJAABPVHWYOLYLCLFSXMRQWJACJLXXTNBXEKOMWTRULSZIMYFFCOPXWUJOQXUXOBYFAZCIABWHNSXDCIJRDU
NAAAACECAIOHTSTEGZAKRHTLDNPFCVTTNHODSYINJVYVVBFBJGDXCVFGEOSKSESCFCPHIFIAVVLOIQZYBZYLKBUNIS
GAAAABCJALQQXNNEQSKDGBBWHWWBWZGBMIJLOLHKXNIIZHMZOVXLAALEOJXWCIRRSEXLECDEKJASLPIMHNDCYCDWPE
YADDAABBDDBUGTOXOAOOONOEEIGMPEIKLKNLMVNWPNUYVCQGGPNXAOAQFEAUQDKHLIDHEOZWGINVZKHEKVAAKHPOTW
GBCAKACVTIKABBACSXLYRQVSFPQNEVHNBOCRPANWHZBZACWNNNIPRXFMLSPTDXPQOCWYPBZEUMRHKAPBHQDJDVDHWD
OCCAECCMKXILHOLFKBONAQZVALBKOKUJPAIMSOMOZEEYFMSKFQSCKPNUIRLJSOPOZMYCHMEWPPICOIOZYICGXBNEEL
DAABBCCEEEEJOMRUVFLUXEVMYYPEBNOCYQFEKDOMURHYCFBRHRMCLKOWBSMJCDEKZJFOUOBWOOCQMSGGSJGQOKGGHE
CAAJKFRHEABZGZUOQQDJWDSKOTKJZHBTMRNLFIQXALBRQDTRYVPRRUDLUAOIJZZSYEWNBHUDVQPQHDTKWMKNRYYTGA
LACDCCFJBOASDNKBSUWGTVXATJRCVOQMJNJNZJMVKIDNEMLDMVZOFGHIIQXVMROCOQMSSNTGMAKVBRDCSTRRFAIDVQ
TADAGILLOPDMPTGXZTBASNUZSARNLNUEVSNMLFWOWNMDTAZHSTBVWVICDLJAKMYQNQUIHSVGGRNVFFWQMQYEONNMUZ
OCACABEFIYBJVVBFZGZWZWMTYKTFIZEAQGDMWIRSHJNCCLOZMDUPEAOAGAJRFPBHOAQXNWJIBUDBMEDCEVDBZVVGXA
NAEBFJXBBCEHXSTSVIMOKJDUMJWQUYTGXLHQKSUGOWYLCWYSTJOLCGPZYKOTLVSCRHDPKERFUJWXANZDUWROQWNMAF
UAUNKAAGMZHFMXSFELOQWSWSEHPACAMAHCYRSVHYYPVIBOWNERZSGYMRMICJONTDCVOTOMVIAGFXQQMXOZWPCVKSON
VAACAXGGZEVVBPBULWUOODUVXGEXJILPNXPEBCUSWZXEAODULIPZNPBJSGLNQSPRVNUDARKHGAOMORVNWVBQCHTOXQ
CAAJJZABCDJCOEQJVSUDBXGOKCESUUHWEXPGCJIVIURSZJTMCHBFIUBVKPJRUQSCOHQCMBKVLGMHVRGPZQTLILLFKJ
BABDAGHKTEJWADTXFCXIVHRQWVAVXXXTIDYPSXTXYHCGYFRFCWEAPBHDKUUSMQLUNTTKYOJOGPMWWSPWBFHNWWIFLI
FABDDADDDJDNVRZELEDUIGSECMTLWLUUVVREBPGITNJDYHHWQINTEYYWACMVDUEZIUGBZUOHOGLALSUWDBEFNMZWVV
SACBCUDAFCECCQUEIBLYRDWCLNAPPUJGFQFXABNEIWXGXKPIMQGGMZRFINFALPBXEDEUTLFHWNWCVPUERHYKQJJVVS
HAAABHKBAIFCCHCMWJXROFXFDHOAPEHLYHRMKXBJEJQQQDHRHFEPDLXURPKJFYQQNEDWCKPUERPOSVKSXGRTOWDCGO
OABBCDDDEJSAMKOFRNNTUOTOPUJAGFRJXSIOAVRDPORKBLKSBQNNIRTZLSWHYVOSINREPKVEWBIBMQBSHNVJESDKHA
WABAVXNTCRTTUQEKOXAVWVHREOZMYDFXVXXSELPPISEBLTNLNOQISOFAPPAYAECUQKGFYVJVJJGOKSBLCPNPZKSXRE
FABBCGAZGABKFCPEDKZJNZVGFEWACVWFONBUHXFVCVXNJIJRJSTHDWEZHBMBDKOVQNAOOXNTEGZZQLERQQPPUPFJSW
JADFFGPBFFZUBMXHVPCQLTIWOLLAFAWHLTVGHRHSSQEOCWJERUNOXMNAHZTZQQGAYZQWPOBLDYTAQBVDWRTVBHNBEB
ABHABJMRZYXAWTXVATTDVFIDBIDKGNBEBXUZAHIJXVSAXYMTVGTQNPGCKIBNJUXVASGCGTMKECWVNPQPJARLRHWJCV
GABBECXLXFVCWFVXWCJTSUDBMLUENKYBVAGUIMKCJTOCELVYLVZJSWDVPSVBPNCOCBIANCWJVDKKVGOTDTVALFFZWP
JAEACACEDTHZHSGMBTKKILKERVJRAFLMMIMZGYDCMJXXFKLINFIHZIHQUSQVFRGILGWCETEDHXEMQNXPETINQSGNCU
XAAEAECANTCVGICYYRVWOLWVQJIKZULUCLHYPTGOKSQNBIOPFXDZDTKYBKUUHOKXPLZIJRHLXDCGQOZVABVEEIFTAQ
TABCAACFJOCMKVNUHCZMLHLYNUSVRZDEKGHWGEBYMJGIMAEEFYQEPMCYFYYQMEPFQJAPTNOWMHHNKMGFNHSAFEAQLB
LACDADDEGHECWKRHPAGUMKXSLJJDWQRJSLFQGNFCGJRYGTGHIRHRGRXDKOSPMBAGEETTDVVFGFMLPSFVGROKFLQKSB
IBBBGCDHBAOSLXXPBHYKSTMDEKYNEITOAUJBYHFGKCCODVRLEQYXTCLFCZVEPPCHGBIRLCLCNUDYBJBPPBBJRVSCXT
KADBHJEKFNUFOIRMCWNASVXGYVBXCJOXZCYISMLVKPXPRVTHWSDKTMNGZPLQLDLHKTWAOCHNOCWJOKXZBIDSJUJTHJ
PABHAECGFDZAPSXYGPVRQZTYXUIUWLZOJIJJDRPQAYHJJLKKRKNCBCHQKRZMRWNXAWDNDZMKBVHNBWKNQAWBGVUNVB
RBBBCBEAAGQKIPRNZDYVMWZMWWWTYVZBVKLXCDAGYHQMBGYEIZGOZNXWHNQAYJXYBIUBMHWPKOMHWEYXNAETRYWOXV
DCAAAAYFZRFMGHQYYHPZXTLXHKNYOJQBYHAOQDPNNZDTYHWZTPDFPWNWZXATOFKNHCYDIZFXWTLDHJTIXHEUBEFQSL
PAAACCCHNABHRRKQTHDAGJVGLEHZFTMXRDQQCWSXHLCGWXSWSPYTFREOAHLABTVLYSVNJGLKPXEXGYLKDCAJIYQWQF
TABBJKIMGNDQEEJDKBAOFIGVAUIBWMNRLKPOQHADNCQYZPWCUWTACJAGCWTWFEILEGWHJLGXVORCOMHBBXLZKYZURZ
OCACCDQEVBJGVKYZYTOXLLMRKEFTJLUVZZXLUJWNXTGDIKOZPMLUXJMSHEJVUOQYTBHPIAPGKYMGBCBFEXBDFGKGSB
GAABBOBBSGHSDFIUWDXSKUYLOUNRWRWQUIIQWMWSXBENEPBVLASFRPPMPVRGASYQNQTDYNLJEERBRRWMXWAAYQSJDR
SACDACVIGPUZKKBSYRXZACTCQHLHUJUCPQIYUGLZTKFTEDJOLZLNTXISUGBMUZLRUJJCIJDSLLXRWQOVJXWTHXEABL
XAACCDEGAOUFJNBNBURMFPCVPPRHOJYKGHCDCYGWJSPAOCRXNASDEDZOOUEULFNFEQSHLHUNGUSHWVQEBXUWPGKXMN
IBBBEEQVNVCIAXHQDTAIWAPPYPRVOODYARVIRGDARYBULQSVUDEROFQPKYEBZHUKRPZAWQFJXLVDSVMWCPDXZUGNDK
BAABBNCNLPJODXEOCNGLZGVUOQFQYGSRGZJLWMFIDXMYVOOFMSLJTIZCWZJFZFYZGKUMDSUTUHBIURFGHYRALQLNVA
WABAWBDBEGQUWWTUWUYRSKUTLSXVHQVYNNNTVQLBASSWVXVZKVMDILFQYNQAKUJESBPRCMXCORIULCNNIEJTPTYVBL
TAFCEAEFCRSJBPNVOANYXABJCDTBKTUNZESQOKVLKFAWPWZHKHCJESXCXPFAGZYCKKQAFPXVUXIYUPVPNBSKUVTLVW
GBCAACMSUHILUBMPFQGIHMSYOOBQLGZKIHMRVMSBPTKYZCFTLUHFXEODSUQLCAVVIEMCCNGOAFKCYWIEFQHQLGBADP
CABBHMCDHADSDZVBLVEULGAJKIRARRKDJXSOLURPDFMWQSYNULMRFBUPIYNOGUFLPIZOGZRBMFOWXGSRRHDWQKQPSD
OCCADFEVGODGHGTEDLWNWIOTSUWXKHDNXSAGXMPKCXELUOAYLRRRVQOFFMNJUZZQAOJGREGPPUYBOVGFHHFKEWKBRU
OBBFFAACBLBCPAREDFGHLRVZQGOXCMYXCKZLCRLISZQDVKQLSOGMVREJRLQRRLWHSYLLFBAGTTXNUISYXPMUDCQMDE
UATRZAXCSGXSKQXHHTZLABKZTITMRZALSGTZQNUTKVKTUDQCPUIIUHCWAMWOCSEBVUGDRNSEQTFCAPFDUHGWAFQMDX
YADBEDKAACZHWFNRPFTJIGOLNITWBYQVQDZBQSBXYSOMWXLAQGAGQYZRGNNDDGSQBDLNBLOAGPEIDDFUVDFAJUQKBF
PABGPTBCBUSHCTVRFHQKQLBEDSQAIJJSUGCUHQKVNHZADVKNVRONGAPNXPJALKSULHODZOJVQNGVEYFHPYTIDPCZRL
VAABGBBCDQMWVOVHFBSKSAGXWRMWNLNLEJNUUPNDCOQJCDTOAAEFIYGWKLAJQMVHJFOTDTCZLSAMVFVCSJUCTNYVLC
PABDTBTMXPNEIFTRSHOCMQRGYSIMWBLEYBJXWRVLNXJEAVBCEDEAUGOOVLPASPFPXSNUXCVCPKPPCIYULNUTLTCHVK
JAFAAVGPYANNVUWDIICEJPPMNCHSKXKKERJZDBOMQFQMFQOTJECEHAGLLXDDMKROKQODVVPHDCCDOBAIDODPUWKZJZ
YADCEBGRLSASMRGPUMQXIRSKTJNBYPCALDOOJXQBEDEXWSIAQFUVFWWIUNCPDTXCAXTKQUEBLDLWAXTPBHADRZAPSE
BABCDIGNEABBCNRCWQMCILSRDYTNQSIYPMQONWSXNTXXGKBZBWPHTBYQLUYEOWXMMJBQMLNKAABCOOBUSGNKIYULFO
DCABFLAKTIIQYAYRTBBNYTPRJVMVSABOOECYXDIVNKZGSFBGUIXLAEGNFUFMGNGQXPZKHTGBKVZWZVIZGPKRZOQOLH
HAAHAJWBADSBQIVWOEAEQNMGPXOPHVRWHGMFGSHSDZVEUDCMBEDVIPSYMHLJMWIELCRABSTLEFHIMBWADDZWIMCYZK
RBBDAEAABEGGHVJRFYQPPSXBEJHCRTJMAFFWINQFETUIAZQQLNZZBYDFVSHZQWYKYKILIDEHLFUIPDZELUCLFKSVZK
EBBBBCDABSUJQUSYMVDBMYVGFOZYXRTXTXXPYAEQOCTZUVZFNJKNWYDKZXQPXBLEGIOQQQGKRABKDTVYHOGLDNYGJW
UAXAQFRRHDPBIJBYYJVLCUBHVCODKYCWYYCIASLVPDPMEVPYYNONJRWQBQBCQDJOBFULNSABOJBSQSXTHIYJZHBDOG
MADGBFPROWVXOELEBCRZNYJFTLISNBILFFKCPKAZBPVNWCAIJNQZXEFOCYXCOBMPKPYXKTWRZJGPYHDPSVCDPLHKDX
XAARAAEAGOQXUIJWAZTCCPLZIUWRCWAXDFDKXZMSKWTXOIAWIJCOFHMIKOYQZMIFRUWWGQUEDGIJJFVBWLCNOGQHRS
JAEADDGCCAFOKUHJASADXZCMAAKCIQGFTFRVHCPPZLKCNYREIPAKKXYLONFDLPXFACQELZENIPRRWNJXMBLDAQBIUY
AACANCEJVMCCBCSGUOGYGBXUZVUBKXSVURGEIXGFJQAQDEGORJPEQECRFZGUQPNMMGJHZLZCHRKFDSYPXFKQVDOBAU
GCAAABDJNGWTGVPNZOQYGPXREVGNHKVDAHHIKNSCIRVDISONXSYLWYEMSVNXZTRUALVJCGVZBVPFCLCIRBZMQWKYPT
TAFHAABEHHHJNSPJQPJGQHZYZXJHBMRCTNURNNBUBBGZDTJXTZUAEAJNAZGGTBEHDDIBBCJBUJMDWHMKSZYELSRFVZ
PABDJIIAEGRXIMSSTTOALWTVRIYNLHKVORGZGRKXOXQBJTRMZHZMNHXUTMYEQFZQOIMSQPAUUEKDYDMVFDTMRBODPK
FABBCDXCJEMUFSNDLCZVUCBYXCJTZISZPZEEFBDYUJVOSGDRSRQFEHWQQEDSWGZOTGJPFRSOSKQYSDTQFEHUIKNUAQ
YADDIJOIWYXBXCDNEMYBBBLBXZVXPOXZIKQYHMPBHPUQQOXKXSUHVVKZNOHMOWLDCXEZWZLTFLKGBFGJECWBPHYNOK
RAAAADILAMPLNQTRANDBRNZHUEISSFMJNHJESKMWEASXSGNVYUOLZGLFFECPTMPPILSXPQPQWOILHTUIYIBGGWHHQC
FABCOOYDABEBEUDDOKAWADAINEIJNHSAKQKPBRRFIXFHWSKPMHQZCRDVSETFUQJYUUXEQGZXHVCZZGGDWKAIKBZNLC
LAABGBBCECDUNIEPNXFQBSOZKXXHJZLDPGGWLCNTBTQUAOBYUFDSRCDHQJJFRHXCEZQSLSAWVXBHTKVTPDKANMRNEC
UABBNCHJJHOSHEYEQCLMEJANERIRDVONXLZOZOCQBEXWJTPEMREQYYRZUPRZQWFUWTQRGYLAKAVMWAZCDKWLSCMIYJ
JAEAFAAFGDPNZFQMIHDBBVHACVSYJDETFEOUGGRCQSGYZBUVWPILNQVDIYTCBPQJLWKUKDAMOJRFYXSFUVSOSLMLYA
HABIBMEBLKENBNYPMUUXQPPYTNLUAAGWILCEKNGNWHEHADTXJTNJEFWUHFYZJRJUHVIODLQQFAENQRJUAIPOWWWKJH
GDAAADIJORGTUXLKIYDTZAANFNXMGBIUFHKPKLYYFUANUFEBPIDQAOLIGJWNDSMFFPFNWPNMRXVZRAOJUPBKMBEOZB
FABCOGULNSDYMFDUFPJXHCWEEANTBPPUSCEHOPQBJKJFLPKGCLXYZMZROFDQLDFABVPLHDRLLMEVKNTKYZGYCUEWEE
JADAFAUABRPVRDMYHYTRVFYKHTTTQSPGBCNYUHPVCDOVGWQBHMRPVERZXVXBULRXSRHHBRWBXNEIBFUIRJZAUVHXLH
GCAAAAAACEFBBZBWJMECBAWSZQNJNUQKNLYSYDPQXPFCCGIAFVUBCCZQQFCLJSISSBQLQIRCCYXNSNLTITQVKYRHDD
MBBBBCSGQIECQPGIMJMKIFGLKAUJORMKHOWWZZXJWORZJURWHHQFCDSDLCUYROEVDBFWMPBVFKKVOSTNXUEKWDHPDP
GAABBCEEBVGQGRRZORFKFROVOJWVWZOEHLJAFRXRSWUITMFAFRIRZTUJTLEUAOZAIPKFFIYWUHUPBLZIXIALLWSVFS
DCABBCCCAKCLXYPKIYWUXAYSTBSHEEJAADKGHQDTINVXKPKMZCZZYFBBIUDYGXBJNYFJFMCMXXVBABSFCXDCQFSKXH
GBEABCDOUURFIRDVIYITIMGBOTLVAAUKZZTXVKPIWGNTFLRWUWTGLABAQZWNSWDJDHBWGKWVJOEHGQIVGYYDXOGRIY
AAAAAAFIHOMJAVYVKBLJONRQFVCZBHQTYPKYRXDGZSTEKYZHIVGAZIYLNQHDEWFLJCARSKZSXBUYDWMTSOBTLVGBIR
PACDFJYJLQDEONJUWEHMSRCXZDJYIWUTXKVLGBFXQNULTUDCOJPLQZDNDJHURVTULUCFUXHVIIHXYSGARZDHFROFMG
VABBDAKCCCGGGQTNBEIJKQLQPJUDNGNLETJFPEIMOGJTIVYILAFTYHYYBXAADAFCOSWMYOSSUMXPQUDYZNEMRITUKX
JACGTGIRTXXOKIUWJUGULOGZKKZEHJANKEMZJLOYBDJXDBTLTDCNDIHXRKPZIWTAIIFLDVXAEBYUEZENDBHTMJLYBM
TAGACAJDPVKKOSMGVGMHRUOITGQZMKWMRTGICXAOOIOKJHRMFCYNWZZFCFQLINJFQYWXHEJJLKYVZACSQQNHKCDJIA
YADCBBEAAAHEEANTFZGDYGIWPVOXFBQIRHFTDQLVYGIFJPWZVLHRHQDDHYGMOOLKFFEWOAKEEPDCCYNAYGMGTUTSRE
RBBCDFFOPTGYKHRVSKAOWRLUDTHTKURYPSPYJHQWCGZIBUTXKWCXMVTXNLUNVASUATJSJLAAUGFFQHXLMQUVTPARIL
ZBCEABBCEWSEFCVHBLVMIDONLRSOTMHPRWAQTBHAYLYKZQYOMBWKBFUUJSZXQVEJLUZTNRACKSZABUKOFKXFUCEKSK
MADGBFJFAABBFNWSREYXXAIRBPUKQOBOKURWTJLPPGEWECYTRIIFGBSPXIPRRPESQQNXEZHJKGRVOVCOCJAGNSXFSI
TAFCDGAABGDJEZVIIWNHBTVPMQIQBJWKJHTOTNVWZWNPWTDNDGMEBWXQNYGPGZSVTAFWXBQTQHRHECVLEOYYWAEQJU
UAABFBDIYWJGVROPJJJBNFEPFZNZGRRURGLPREEZSVPHOGBUXNBXPTXBJNYABZLVEXTWNJHYDLVYSVTRGQITSDJKKI
QAARAJJLABBBIKWDTRENATKYZVZGQBHZREWEGVOCQIBVFDMOXRJBGLEJJNIXOZWBSWIZBSQJUVNJVENWTVBPSUUIFV
XABBBIJFSBJSLONYDESZPABOWDIQXIKFDQPWSJFPKBGWZMCLSWXKRKKMSQJRZAXLXSRIRLONZSCQARBUEOEZSCANMO
CABFGNUPEPFUYDGTCXLXYTBQPXPRBKPQEGNWCXMYAPHTGPFHAMJQCCPEMDRMLVVAKKHUXZDIBIGGJMUWLHCFCLFAFD
KADBODJWBNVRMMMOVGWLCYNIOIIDFMVIOXEWLPJBLJFKQMXHLVMHRWWPYUYLIBUXYKAOPAMGMODDAAJAJDEVZYRORL
GAABBOCCISYRCHWRQRFOLWCPOZOBZGYGGFDDSVOIDEAHBKFZDSFUOZBTCCJIFMWWMGHJRNQACXVTKENWDIQREJXEHT
LACMPCCZYAWPBDLEYAGVQLVUSSVBAKKNDTAJCOIFXLBRTHDHTISLCRPWKNDZSJGLAMZMAPJVNUWLDHUBJYKBPJWXGG
HAAHCDDBEJTJURJAGEQUSZHOLYGFCKOKGWMFHKBNPLCOWUBWETEBPPXOSDREZIHCDISKXZWTQQSZKGYCEHTKPTONVD
CAAJKFMMNCJFVOEIQDWRIYSEFYKOHIHFKONRAXPPPDSKBZHNGBCPJMZGBLTVTBYJLKCBYLPHMDRVCDZWPKSPSTOCAX
EBEDBBHPMAACVCUAVKMGFIFABXMEJGDZIZHBYJMEIZRHBNZYSGXLPGWGASZHWHFPPOYAQMSVRWZXVRMHGBDEDMAQWL
WABAYBDCPTMHQBQVSMWAEFIQLEURXLXVUOQJASDHDMLEJDTWAONDGYRWOROKSYBKHSLEWRMUBFJMHZFKLOKYDIDDWT
DAAAAAEELIWBMWXBRKANHWQLZWDFNEDJPHANPGPHKTMIXJYWLUGQWPZYVRTHPUZRPUODPHXPWAVDGQUNZDPJDEPAJC
MABDAAHEDTCNHDNBQKGDEXLBNOTVZRZSFBZSQEAKWFYPGJMJXKDOOJICMVCQTQBOQUITLSEZSBVBSEILEXQDSDBNFJ
PABBCDDEEEJSBGTQKAJGKBVNCZLIPMUYBNGTGBHQEJGDYLGNNHMBDKBCBDIXKRHBESUFYVPRODSZARZYPAJIHJDACY
SACAHEWQQJGGKTRRFHGFQQTQFBCDLJKPHRVXLSLXGPLJUSMFELKFOBRHQMAYQNHYTFAVSTKVVNVLHIYFBYABWXJIQT
ZBDAADOADDFFRIFBCSXBDMUJAIAGVQOBIMALIXGBWHZTNZGUMYEDACFBHNCEXAPKQKKCXCRRDHBOGXCIXABQFQXSUU
QACBHVWTRDGACQQQWDKAQDQEUPSSPSGIXBWDSIEMGLENNXULQBSQIQMMCODNQJIGQHLIQTXDHXEADEJXDKTXBTHJJE
TAAAACFGJFDYPUCXWQTIXGXDXDIKELJRUILBALWGTQTTJRKSPNYLPICBQGTYDRXJGGNKWHHFEDFDVLDUYIHWJLZUOK
VAADBDDDUDKYQFPVBEQIIIWPTYZXCDGNLYBFZFNBDZIWZNKXHVQLYYHXFLWEINTXLUFNDUIGTALRNBBAHQCGDWFNEP
HAEBCGMIWZEHPQRLDCPGKANOJSDVMJMZFXYZHVERHHMLXGXKJOSNFJRSJRYLQBOLSDQJTACMABVRNWEMYVNZKOVOSB
CABBHMCEEDYXEQSMLXVHGTGGUJRRYNAIMBVTMLLBQGJFMVZNIBLLHSNGEGZVVVNSHWKEKKFRRQNVXPPGLXAVPDPDIM
HAAHCEBEHMMMWQWOQQUMSBHTSWSEHVQCYWINNJTREKUEOWXXCVFHFMIHAWDMHQTHAYWIHYEPLHPPFDGFPIDUGOEWYJ
AAACZCGIINCMMTVLYGZZATMPJWOWXVDFCPPRISRGWEEMXPEQTIFFJXNLEKOOZTVFUZCOMGIHPYMDIGBDRFOOHTHNSL
RBBBBBBBBCFFLVSHGTQXBNXUFMVJVPLAEXIDZFMRUPEEVGSSHGRXUQZQRKQOHJPOTLYIGXIAEKTXIWBPITVOFVPSIL
HABICADLACKOFIHIVCJVHRONLXOLFQDGTYWSYDJSVGVBZTYLSPYPYEJXNVFORVBPKHKLRYSPYQKGRGYJZNMNUQWOXL
XAAEABEAHMGHVZCBSYFIJODGAMZSLRQCOYSUKENXBCWWKTMTNXNGEPHIOSCIBHJTUUZTFTERLSZINLVDRAHYTOLDIY
CABEEGIHQESQXYDNZZNBTUHUVYFBIVDKJGHFMDCBFHMOKHAXCHFRAMJJVVZNMVAWGMTHLMYPOOJYEURIZCUQWVIRHS
VAADBECECQQXGKKYJTXDFBXBTUAIEGASZGVUHLSNSLAGGRBHVLZNUCARVPZTGMBJOTHYVRVCMRMQFFVAGBCEMQLTIA
PACDFJXOQEASUIXVRYAEFGAKNMNRJUSZLDKDMTOOKOROHDMUPQVDKMEGXFGUWKWOXVRDRGPHTDJMSNJOQPNAMAOTQB
MADGAOGMGLBTYHWKKDHCWKTFEDXPXNQYXOQWWQDRNMVGXUMHSLUTQZXWCBXAPVSAXHXHDSWTHMJALLTHXABLOACICH
AAACYLRMRJWKNZVFTLXMMGNRRAWACIOXDCPJSMJVFQNSHBDERCMQUXFCTWFPVMIJHFNSOLIWTBVZHJHPUDMRHXDULW
QADBBCCGATNYCCWAFFSSTJRDFNJKHMTIYUUMPHTZGOJGPLICGJGUTIDLAKLMOEAUSBTUWHQMDXEITAYOGGHDBXEZQW
OAAAEEPPIDEXGSDIHYPXSCPFUQPWTJRGIWLPSKSFEEIXAUJDHFKVIXFGBQLTBGVSKUMYRYRSNOFKBPKQTLPBKAOXHT
HAEAAEGGFPAMNWVNIITALLFWAKDALLPQCLZNPVOHGFKNRIVCNXMZGTYTXGTDUUCRHYIWQBDFGPGOZIQFZTZDYZJWIV
GDADWMBQPWFGTVJIEYZTEGSCRHMOBLSHUEKHZRYEIUTJHZPQCDCUKEMLNYWPCSFSQETFBVGQSEZADBOOBETIEZMWZU
IBBBCEFIAUGIXVHYRKOZNUQCYPSVQKTFXIUFXZYHSYWRELNJFVEITZUIHQSTQLDTSBYGBUZIZSRDRHSEOOMIKZYEOW
KABBCCCCEADBNSGWAETYCITRGCSBCUZTLXVUXEOECEPPSMAWFBPNYVLPSPICXUQNMBZEUHBZCKPHSDLTGSAASRLYFG
WAAACBGHFQBXQCKTVTBMPKFUDOPRJEFAWFZUHHVNFZERSPQTSCXAYDHCXNPVYRMAIIQOVIODMDUUGRNHVMVQUQFNXL
HAAABDHHILWRCXGWRDLJOBFZGQSCWZSTZKQCJVSUALFGYRMZWASFMUWBMZTQUEYQUEPEYBZBPEAHASBJYCNYKRDPOQ
BABEADEWDRLRIPCGJHDHOYVQEXLXJJTNZPVVTDSXROYVCCBMSKTMJTHQDTJNYKQCYFKBJPDLTPJIBYREXBVTRDCWNF
GBCAJCFZIGAHNMESQXEWLUFINBUKYXTMDTTXOHRWVPGOICVRLJCSBKDIFPSYJIFYCREUKYPZZKAIHAFSNBYXNWUGKF
ABBBBHHFTNNQHKBFAVAITBIXSNFBPOGRQVEMWWKLGUGHRVXRVUFETOLZCFEKJNYIIQRSAUOMHORRJLJPXMYBEFUWYQ
UAUNLAAUTGMBXCKZJOWDHXFMMULBVNDGJARLJTVMEYPVBBCKXSIWSXEOQXPABQTVWPHNAMZXFJIACTKSOXWUEWQJIA
QAFBFKBCPACMMOKQTBXOPTBNJAOYENGTWZBUDSZYFCNEVBESAOYSUJQXZBTUEKUNVBCERPYMMPPIGELCKWIBUDVOYM
OBBFCFFKXXALVSTSNKOQVRQVKISNMBDSUQVHUWXVBMDWWFLPBJLPOCRIYBEODQGJJGASQCUAHVHIDVEQMCNBRCMAKV
EBEDBBHQBDFJNEGZWTTPRRLTZODPFDZQALGJFOUALJSQQESMVCCOCFAPBQUZYUZATREBABKKXIYIXTQCVIZBSMWEPH
CABEEGJCDUTVTWTLASPXYCSVKSPMEHNRJNFFMSICKQRSUMIYWPKAWPPEPHTLXWHLSRXMUTRAZNRWYXLMNYITFWLUGQ
HAAABHJSZIOTHFRIZGTRQRQXXNIAJNBJXVVKKVIFCBVHOSASNZJVHYRYDVNMPIXKSVJGGXALUGVYNMMSIWETJEXLUP
RBBDADEKDVBQUYNDNLURQHZCXWXSJXCIOBTEAGCGBFPISBWIWWGCIRKZDTZFLHOQMCATXUUIZOPLKRQPIJEPVGPGTQ
YADCEAFARVKRXBCNGZIDACZBZAQABWKAVYTBGYEEQTYVPRXTWLOZLYYMVLKRHDBIEAUVXCKTQNZMKAWEDUFOBOJZSG
KADBODKDFNJDAZGDGSOKFDJXGSYQQATQIMDUJWOTWBETMQHEYQEEBQZWZKDGZVUSCUSJVKLIVBOXCKTKQIZBJXEAZB
TAFCDGBDAAAAABFRTVCXDJSTKYUJTLCONAIMIUIBRHFUWXWHFKRMAVVKDORGSGUAPQYKJWPDILOJNJBIGLDFCPQMDI
SACBCTDBIKSEQAFUVZYMHLBXISZFZCIHSCZJATJOVOSPRENROBQKVEUKTONKORPOSPMDXCQAYQNUNXBJARIBSCTLIX
OCBCHLJKILOWIRDANQDHHXGMXKRUNTUGAVQLEULOEAALKVNIVIMKSFMGASQQPEWZVHLIRJJIWCURSFONQFCNLWZSWX
LACCAACCDHBKNKYGBJCQRUINOYDKDHVEQVFWXVLDWNQKLWJBKCMFFHSPATYSKOZBTNOHIWXRFCEIDNKJAPDGIQPPCH
VAACAAAEACLALHDXNZDUBMOITQYPMPAQGYUHSLNQJWKEQNYMOPRGPWZJUCQUNWAGYAMHDMUOPBVEQUILKIYPCLAMMM
JAEAAMCGAUHTMGBONZQQQNURCNUCFBVDRLMWRNJEVVNDAEFIDJSWLXBEIOKUKOCNPSMSXINPOOUSRXUXQHASTXNMYV
QAAAAECEAKHHQBHOJBJGAYHUWVXWHNIDPFIDFRXVJUFWAGLTZEWQFFRGZLAPEJGLXUKLDLIZLNPBSYCMEZJAWHPUFB
BABDBBDAAACMEROKGKIOIEKHOQERKHXIXEJDVHHMWXEQAZQRDQVVBMSOGSCXDFXCMIQJZRJWXJDUZBIKYUUJHZMWCE
FABEABCCCCCHKDIFHVCKYKHUPUNFAHNUZWKPAMGSPXBTULKNFFFFDJJBUVFSZLOCFHBEUPQAGNTFXNRSEJNZBLHLML
LACDCCICLOKJNLNDPSAMXPLGQTMYELPTWHLQPFLCEGFUKRYETLGUJEMHQAKUDCZTONNETUJQRQNUEXNEZANHZTBRMY
XACABEGOYSLGPDRXAIFAOYIZMWDKGOKFMLFLXMDTTAZRMTLZSXWOTAUZGPFLIWOZOFHIUZWOPQHENTFTMFRZGVBSOI
LACBQBHOXKDAGEICHYWSRIJBGVAZIVBMHOMAVRDQGDNVGWCLGKGSIUJXDFSOSQFPOTIJYUGJGSAVUCYWSNOJJOYRGR
ZBDAAABCGIDLLIONKCBPAPAWLZJSVIHMHIKYCWWPMNWVBSWPBAEDLZORKUSJJETYUJDHCHAKHSIEZZIYNMCZVRHAEN
VABBBQOSBENWCGWAUYALPKMMWEBEEMMCUYAPWNQHNIXYBAMDRMCCZNJJMCMQJDYOPOAMWDVEJLJYKYWDLZABLBNWTW
JADFFGNSCVKSFRAIUPKBUKFSCXUDIKXMTRWFNWVLBWVEODJJOMNELMXWKWKVCMTAPHHENYLEFYGQFYQLOKNWHTLVZR
WBCABRFABABCDCLSGRFAFGTJPOGAOUDVDYVQALCEROCYYUDQULMCFKBDTNKVNVCHAMBJJIETGVDZOXDEUCXJDJNSFB
IBBGQCCDDFHHLVCZQDQYHNYJAIPLSTDSIVLMBPMPIAWXTKZIVWCOKISTNYTUNKLNZSTAFTSJSFSUMGDQSLSCXUMCFQ
OBBEYEATPBVWOAOZJRASTKQEGGHUTCKPVFQAJKORCSALBZEVWUTMRQAFGRNEBJUWSFUWCTOXXSYHJNPVNPHUWTZFCT
BAAACCEBLDFDJXIZIHPROCRKOUPRDUKJEYCHTBPPCZQIPGONKLOUNPMJNWNOUPYWZPBNNBRXUGHRGLFVXJOWGQUQYD
FABEAAGWCFJJLKYCQXCYGHSYJQQPBBEPPEBSTHBBSTAXVSYRROMRLZGPJZGLUDIGKXKZBUHBUHEKQETRUYAVEWIIHX
WAAHABBECEEVJNHFSXEFTDTTQVNJLUTYHCRVHVNSVFWBKUFISAUOSKTMTUISZQXWENISOSLQBMYUSBBKVUDSNRKPDF
KADAAADVUOKVITKGESOGELUHQHXQBOKYIZBIEZIKSDVBOKQIWZRHLIHCRIELNWIADYNKZRXXLSFVQEXBMGHCKGBCDD
RBBCAJCDDOSCNCNQDKOTUTFGXJEXLAZZQAFDBEMZQBJDKCKYSQXKVMHYBFEEXIHSILSXPLWIRQXEHEZBEMRCKTIUZQ
DCABFLBBELFWCNZDAOZUQAYGFLMFITGWXWXYKWAETAKFVSETXKNKVEHBQHNYDLTNXMLSORIXMPBAPCKAOTBXCLXAIL
GBEABBCCFLLDCWCHHMZWOVSAUOBHQDIAAPXVYKQWYBDFMJVBORXZWRZFGNGJYSATJFPEUPFKOXWYCUCFLLVRRQZSDN
QADBBECLNBCEIIMBDCVUSMMBBCCVBILXCZTNPXWKJLZCCFEZYRZVADZDHJHJWOWGIKKENDVHINHFUOXKLRBXDGUNKL
SACBCTCFIXCIADFSIZVNRYLVZJXQSZFJJKCETATOFAPPHHZBWXUEHUXQPLHPWKOURYNUZWMMKBZFXNQJMRGVWZJGXN
GABDFTRXCUBMBQHYWCBQZOOCIQROMLZKHGRTOVZWGEJKJKLAMJIYPOUJAZUUGCNHKODEQEJWQIGPEMKRKMTMPBGTBB
CAALNQHOJBKMGXOUHRAOLGSHDKFRUSFHMOCHFODKJQHJQBRLOEOHOUEHWPWZWCQCINILXLJITSDEYXVXDJXRFLWMQL
CABEEIAAGAFOTHVQNZUWQWJBLTLXFJAORNALZZGRCGRVJIKYJUFYWWLPMEGRNMBCWPZMQDIYYKQZOWGPWKEFFUCEUN
MADGBFHABCCDFJQEULEKIWAAJSCZZWXJAOOVPRMRQADHCBYHSYYGXJZCMDFMQGYNDTLTGTDPZEAAEPXGOJVRVOUEUK
LACBQCPKLBBBBCEFGGLSHMZOKGQRFTOLPXJGYXLXBOLLYBFTUFAWDJSTXOSTMQOGAXBNZYUKNXVUEHSGKUJPXGJXJZ
FAAAAABLCGBSZLASZHGIKAHSEZISWLVHPPOOQLQXNVYDSDMJUGHOBZVWURCPGKEKIJJDQQEEVYIHNVBBIUCGZEXVYH
VABBDAKCDBDGGOVKCHDGMAVTGJGLEBXCEYIBSUOYRXBFZPGMJRJBJQAAQLGKXLBCDZQTPIYMWUDOWBIHFLTWBJXUIK
KACADAHHRDAPILZOYLLYPRSLDGXTXEYFWXIFAKCUETCCPLJCFYQNTLWZITLIZDVZVOBDCLRLKNNNINOFHQOUAUUQHA
LACBQCPKKBKVSOPVVRUNPYFAUTQKYACOMWAUWJDCLZLVSJNHFPUBPUVSKEDJVOXTHEZAXHORLPWXTFIKTLGIUBKZZB
WABAYBBBEFFMKCQWFLPPASQYBGWSIQZDFFWEUCFYXSYLVXHWIFJFHEJLUXPETKIEBPTSRTLZUORFCAOYEDUULMTRCN
NAEHHAADKIMTUUTWWANEWKZTJFCGFYJHFLJLQIWUJOJOABFYAQVDBEIDAVBDYUVDAAUQJRCHWKGPLRRSVEESIHFTLV
BABFBXBBAHAHYAFBEDBIFCEWXJSZABMQPPHZDWZICUSLZPCNGZTZZATGJFQJIGFJKUPSOGDPEYXEWIZXCNATZBBVYL
PABDJIHUZIOLMKXJXNSMWPQXDUEFORMKPELGDTNEBFDONDXURWCDVHQDSNSBVZLMEWHSSHWOIQIJTJXOWIQHNGHVHQ
XAACGINXBDVKQPDQDWZBEOPSUAWKAKQLTCMKOJXHDNOHPRBBBAWJYQCXHWAGVXHANYSYLTSYPVEJRLPRXXCFRPSFWQ
QACBIAAABCADZYQIXJYESTYQMEOGSHCNCMAIYIERTUGUILDHWDPTRHOOHKZJYQPAQYUOGKMERCYKTXETZXWBFLDLDF
OAAAAFACCFDKMHMPDJLEGZLGVRYSZBJVDVNFPRZXCSIPRWSXGWKHZLIUZYDOBWGBOVHOAZIDSJSAELRELEXZLNYCBW
AABKEAYGOFMHDEMOORVKYKPXEYCXGGSMGMVZBRJWIRXJJSBEBBCSGNHUZTDZQNHOPNDKTIMKRHQQALXNGCVBFJCONE
BACCKAECEECFPWDOLUZAMTHGSBLPFKOBEZUSFBFORAKTSGKSHPFWJZNXYKSQSJYKRIMKNVWURAZEKBOGODLQFVIXOB
UAXADRAAAABHDZGSBOJGBPFEOGKSODTHTCJGJELGKSXEOBCYFRBHDJKXEPYZZQREXJRKJDRBAAFWGFLBRYUYEVXLNH
WAABBBBBDJIXCCNLNZPHJUTDYTXONRALIFTTJHNMVDRUKYSNLRMSZTVLAYZZWEPFKFQTWIWFAVBZBNOHKAVUZNGPRY
TADAAABRKACGGGUQGCHOYVKBDLNGGBZREQQNHXRIWWIRVBQWDTJKLYWHGZVRWUGIVSRCZIQPZMOGZXICURSTLVBDWQ
SAJCHHRZOLGGNQLQOIMSSQTGEFPNTRZDOBWHMIEQTVDPMRSENCNBTZJUALMATCOYPQGRMUJLGODLDHLCSYIGUHSEYF
IAAAIEBBEAAZYTVRDRARRZWKSQLSODJRSZOYPYIQSOEDLUHSXGDVNKJOYLQSWYHRQTSGHKLEXJKRGTKLPKSSUIRHXE
XABBBEIOIXUNIKTDXOTDXITGXCPQYXIJDQJDGJUDJZCKVJINVMUUADJRKIROZGMGPZWYYTEBUXLDILNYOQERMIWTLS
QACBHWAABBFFNUQFVGKQXKWKIZBXHVPTGVGGJZIUFYPFAWIWTTULZNCUINKOTNJLQMQGRTSTSIUISZBSOFWWDAQTHD
UAUBCCDDIASGIWTEXAGUFLXRCSGKQQTYTAOPYZFAWXMIWOUYYGMXDPTEGRLFBBKUFNBDISFYLNMAXIWNXQCPBANEZL
JADABBBCCJQZKKUYFMTMNFAPYFABDUSHJVKIXHPCLGMSDHKYPPFJFNTDHUYUHYPQWOXXIXTRXUMMBUCFCEZZDXIQUF
EBEDAFAFHKVYQVRXZBHQJHILQCKKSPBMCGXXYSBGFJMPXKXXOXQETMRWRUVDJCETXLERSLRKUJIRXIPBTPZQRIJIUU
TAGABAUYSIDBWUEKUAMTRRAKDROGXBZCTERBEEKFKHAKCUWXHQTROXMOSTTBKHJFDWILMJOMDUEPDROJZLEGZLKBYU
HABCDDEEBLGZKXXZZPCCPLZGAHQCSDNSDAIQTMALAQFWSCMYFUKUOZZWVHHYFPFPBAKENJPEBFHAGLOCQTCGNZVNCO
QAFCFLTGUWAIUUOPETYQUILNVYOJSGUYRRUNBARWFQMNZRCTAGUFUAKHQHMEAYEJMYPMOSQYWMZFFXKMCZIIOZDPST
OCCADFMAJKQLNQCCUKRGPCJUXOHMHFSYYAWCXKIEIWCHYFAYZJYTUNXZQUOJSNTXLOQJAKUZGEUUUDXNTQASVLPIZP
JADAFATRPQFSZASHGHFHQDJFHEVQGKSSSWRKAISXAPGUWTDXJCDFDAUVXFJOHOYTZFEVGGSXLBIYIMCFFPSVBDHIXW
XAAQAALFICEKZRYHUQVHPOYJFSZOLLLPMWTLSUMDQBGUTGGBRLANFPOLJEYEPMPTTDMADOUVDYZJDMMMRKSQRMPQHI
MABDBBDFFGLPXCOJBPLJWGDUQDFOURDJFLMQNGTLFTFPYNRXTIZFKBQUMCVEYQTOCBWYYMTCYRTDFMJTFZHHUGNNVC
ABBBBHHFTLPWVIOMVINJACFJFNSFANBSYRFMEOPHAUOTZJLIKTMCDPXGVIKHAMWTUAJCDFCUFOZKMJQQSNITRHAWXI
YAAACFFFGCOXBJSLFWSXDMMQEAWRMEAEMGROAXGHXITAGSXPWAJJMNKWVNDTKYEFPZQERLPHQUDQKNTJAAMKVDCMTG
YACCCCCJGAQNWOJCLXRKFUWUXFHAJWYCLPEZZQXLWAZFEQROIEKGTLXFKTTBSKCKXULZTNLOTLANIFIONJTRTCNKAS
LACCFFHRUWGPYITFVYOHBJPLNIRZEFUZNDBMHNBLNCJOOVMJJCBEQTMDKDIAPFQOOSIFJNIUISFDMMVRWVIEAXAQGI
PABEAAAAABBEECJCUTVZQFJLLLXYIRXMHRXNKKXWPKZNXMVWYSSBIURTQXHDQJTPYMWGUFWHKHPQGJCTJKMXKDMZWP
BACCKADLOBOYCAAOSLYIVALYYFCWILLHMANUPCBAIMLZUCGIMVXGNAMCZWEEUOQZEWSEBWFYDHBQENIRHSFLTWEMSH
HAECAEVDAQXXGAMTGSIGBOBGDIVQWGWXREXEWCFKOTPOKKGYQTHCZECWUAZTPUEZJOVFVDBMIFUFPDYCQVBXLQOBKT
HAAABICCCDGZNUJXITVKMNYPTSBPSFULJSSOWVSEMZYDDRUWRDHLRKEXRDPTYXUARFTFMGIBETPUBFLZJMIWWSQPKE
MAAACECCCGGHNGFUMDEAVKNSFFOPDQEMJZSQDCBOIYKRWDCCGTRQMBBHVOAUWMGILLBTLQAEVMEVYFZJSBFQCZLZKT
XAAQBBDEGBAXIVRCGFAAIJKPATLINVHLOUKAYJQXSLHRKFZCHZOOGELSDQVZYDGFDUNRBAKJUWKMAHMFKTXYGALQAE
YAAACCCCCTFNNCINJEAUJYEXXGTYYEUWGHKIAVIEASLOGUFNYMPAATEAGNAREMTEAMFLSMSCRJWJSGTEPHDXUWMUID
ZAAACDDDDGGJKCXUBZVARGKXUEMGAAOJRVRENXBRIHUSVZFBQJQRCOEJVPQBDFBIYGKKWGFLALDRITGSIKXMOGKSBK
JADFGCGHJKWWWDEPWEVOWYYTSVYVTOMYYBEKNEFUZQDIVMIYODAKGUEJJLLTYFVDTIJBXVUSRTGJUFVKRRJIMRGLOJ
CAAJJYAABBGLAITHVDUNBRRJBSTUHQYIFEMALKSEGNEHKZZVSKPWWDVNTTVKTRCMHLKBTIRKZAVXAZRGKNSDTNURBS
WAAHABBEDAACBWPELPGVSWRCFBJIECFSWLWKBPOBLVBXZBJIWPKJXVTEBQWUVCMRLZIDFCMVILIMCCYGVIXQMEVNIN
GBBBGZLDFABCCCCJQGLZMRBUACFHWXOQVCYFBYXFGUMRLPWHUMHQSYPMMYMLQLZLMJDYXSJWZUMASOFKVNIUKHYWPT
UABBBQJOWPYKXJBCWPZXDLCNQKOGFCDSPCYANZXNWCTNGSNPANDGTKWCXKWAVJGBBDNKCDFNSXIVOLFEDAOCRHHSBS
PAAAACCOCDTNWSXEXHUOAEFPREBTNWTOSKRURDDVVTXYJADZVLDDLJWWMIJHSMXJPJESYLKXXOKQYIIHJKSSFPHCAJ
IBBBCEFFQKZHQKJRRQYMGCEKALFLJNJOTGTOLATDBMULNEYKDVYHMZTZPFORXVEJHQVDOFTXBEYWTSTNODRVRIMOOR
KADAAATCCGIBKGASAAYOCVVRWBXHSJGHHWVZUFERUBQGWZYZPCLYECAXWWXNXWGYVDPVAWFZLRRQYLFBNKZWNMCINN
EBEDABFINYICUMXRNYTAVDXSLXANORCNKYCRSRFJLQVBDAJJBCBTSPTNBHDLDMPUXISORUXSFHIRSFIRVJZIZJWBHV
PABDTBTOBDBVYPQIDGZHTJGBFPWGQVEUQMPNCHZANWJTQQWTJUCQDGIKHTCAIGDYHSGAMQLBSVHJOYUKCKOZAMCUPR
WABAYBBBFLWCJMKHPZQSHVQCFUBWYJJXMDVJBMCZRUEUIFCLJDNDECGOSBAYXHFJSLKILHANWMPMTLCYEVZBMCZCWW
RBBGDNUHJCHFSUXUMXWHBYWFLFFRSPXEMLDVERHTFAVASZOELCHALRDEYNFLHPAPVXQAKRPNKHMFTGHTVOJNJJEMVK
UAUBCCDDIAJOCEDKOUWJXVSLEWPWMNQJQSNTAUBNRYULYJMOBNZGOULLIDZIKLIMCSTXKRXGFCPBWEJQAOBBQUFQQR
VAABEYFQCFKKENYZXDXGWVFIKURKKZCKAOTCRHCTDRPBWDKKUAXQKGVMUOPXVUULMXMZULEJZFJSIJAASAZWJIFFBX
ZBCACLNJXIBEFJIPLUKTOKNZVPQTRYQBRRQOITXXQTOHXWNQCPKKAHKJPDVOMAJAQLEHTVXNYZKMOCUKUUJDJNIQBJ
IBBBEOHBHLOYAKNDGDFMBESRIJSEGOPAMYDYSMUDHYHBNRLDSRANUMFKVNRYDGMGTMMRXEJRSHPKRBHIQJEAPSEXLQ
WAAABWOTLLQOUXUGFVHWNXCITVOMIAIMTXQIRGYWLGZNOYAMGLQYUUXZHZFBAHAUJXXPJKINLFOZRUALPRYHQSPSWI
KACADZWACCEGHHTKYMQXJLFFKODEREJADPNWRLXAELDRUUBZGLYRFCRMRAVHDDHYQPAJROQNBFERYDXHQAFJQFFIBX
QAAAACDJJAABBECFZRKQXLWNHSOUHLBCRCFEIUNCCXZVXNMVDENRIPQLAQPFLXXPXWTBPSAZEYEUUFCRISZFOCCJWM
GBECEFLAEJJZMOCHAZMUDZDHSXLDGHMKTGHJZGJVNPZAJXBRAFBXNGLKPYNPPOBFOSHBUJBKLGECVYNHSHJDBNREHS
NAAAACTVUKDDJOLIDJXNUFBFXAEDHCNFMJHRDLJBDWRWUUUQVHCWCZWXOUBKPXJQIMEIWSKQOOTLLIFCTRUAYXLVSM
NACEETICONASLJIMTRDTDJZTSNMKUMPXPSWSOLKHQJCWXDUSDRHPQLWQVTSESTPFXTNSMJIQAGNITVCBDQEABHYTCO
CAALNQHMCVTDHFOOZWAAJFDXOYYMUUKOTRQYUHPMOHETLFALFGEAGWIBHCEDHCISROJLNRJJLDOQCSTZXHXOJALIBA
VAADAAOORMCFKPOOUNANHHJXQCHHEALYYUPDQHKVQNRZMNENJQETEWDBWDSRDDPEKWSXMTZQRCYRHMOZOPUVJARSYP
SACBCUCCFFGEAJTQMMGQVNQKIJCRWWLXZLFIOTYHAPUEDFSQOOJRQHCFINYLSHUEVGTWVWZGNHGSPUDDNAGQXJTBRC
DCBBBCLIWZUOXPASEATKGJEGGKWDVAPFTXZHMKOYHGMDTJNEDAMQDUIWHMTLVXBIBUEPUTTBEJRXUXRDRAUGCGUHQF
JADFFHCEEWBMYBXKXESRNNIIYMDXVKFRAKHOJVSCYWFTRJGUDSUOXNEKZQDJJHLALVNWIQSXQTKPKLOMLYBNWNDWRI
ZBCCLDCQADCUZXUYAPIAABFLXAIPHSZZQRCZOATVIFZBPYHHSKCWLSEMTTAIZXIPFHLIEXXIIYMBAFDSGRLVHQLWOH
AACACDDEAAIBAXLWNLOJOAKDWFCBYGKYDWXNVVTYDMJPNTILFDNQBMSCCRRZSJQWAUOYXIKVSNOESMIAJQCXNOAWCO
ZBCCLDCPUYOZGSKUXHRUJZFPFMHCQGHNIMWEKHYUZWNWBCLWKLMTBNQVZVWSHFZLSYYLTICEAQHEHVBGSSLTOZOAMZ
LACKOABHLWEIZCXQTURVCYYGCVXZOUXQMITCRPWTMEWMPNHGFLCLSBQOELPQUHAQNXVEYLNELTNVDBLUYMHWNFMYGB
LACCAACCIIJEQBPAWGFOYZULOSYUNHMTOXYMFELSFJASWVICLWEWYHRLRYMXSZHNJVCTPSRRSLOACLQKLUQMQLFMXF
QAAAACDLBSBXKOJARSLPDKCUDWZTERNBPQYAPXKMSGJTDULPJDKWGPIAQJGRZZQAECVBVNFGYQXSZWASYHYVIQJKIH
XAAQACCSJFCSWUHMPBWTGWABQGKJMSFJNNPJDDZRMWQGVNALGSRVWYZSKWSKPPUEQLHVYMTLCAIDAOUQETJTRLYAOK
HAAHAJXBBDAJKNPJCJHDZZMQOMWODXXEKGVCHWGLGCFRMZNZOJQQNJOLIBAYAAMFBWWUIZNSQBCMSZIRNABXJRDANG
GBBBGBHEOUFINJOLGFWGIANETNBHJYHFWMSKRPGVVJQVYQGWMAIHIOPPKTGAFVZQOSUJLORGPMHPYZEVYPYVTJIRVZ
QAAAAECEAKIACEPXNSIBNONNAXMQYPWIDACOOJLBQMLKJWGJMGTQKXLXPZQJRDRXYKRHXTTELTTUUZRSSROIJHTETL
GBCBCCBIWLOGEZFWGKWTBLWHVEHMYPVUONWYDWXTTBDQTKFTWOZDSDZVRFXMVUUYEFWWUJLJFCOVCZLNNZMXZLWHRU
RBBBCAADHBCCGEEPWVYUCYCILHUJHBHRSZGITOORQPZHNNDLLWIQABCZQKQLFZSFHZUAQVBEHFACMJEKKLXKLOMIST
DCBBBDIINUGCNMTKVKICPOKDPCNBKZSLMECMQYJCFXRPMCYOKUDNVPVFNOYKWHVGVDZUNABQEEWQVVETZHBVSZPRLP
UABBMAACWLJMGBZVDEJWOWHRKQMMNIFZHAEAUKDFKPAGLUFDOQGTZOUYYKIGIHMHCEFXONXCXZKGNDQCAFYPKTMIYP
YAAAAAAAAACNPEUXCMLZPQAJWRYWSXZVPDINGJKOZNMTDNMJSLHOZCXNLGDDNKFPICHJFVTTQSGCIZQOVKCAJWCJGN
HABICGGIBDEXKWZZWLGWZHNWSLYSISRUTCXJTPBKIZFVVBQJSMUKSSRUQYZEQULXNGTQQCLYJCESEDBPODEPBXFHMX
UAUNJOANXBKWJPEBTXCADBRYOJMDYKXQBKICBMGXTDUGXKHDYSSUWSKCWHPNEWGMSNRRRKGQCWNCTSSFDVUJTJRQCM
WABAWBCFITJSIORXPGHAGDBQVLZNXLKUMYLIMNXVXHLKXDRLQINDERACEGICBNQLEMLPCLRSSYHGESHDKJEPVBOZWD
IBBGQCCDEPYLHXPSUEFCCJNPQAWGCQWESCBNMBSDSDUVGATWIUJSMMDBKIFMVNUOXBDFGUDHUZBYDRXACNDWKDCEWY
EBBCHVFBAEFYAQPAGTZSPPALDSKERSSBFDLPLTEUOAAMOCOMGWENWOBLHVQJEHPKKGEYXDKORPWIEEUATJCEIRPGUX
UATRZAVUPEZPWLOBDIYNDYRAXCVPTBSVDUWENNGXCFNMZZLOEMULTJNMHFFOSEXCLGCSOBXGFLQBTEQYOKMGLWBKCX
QAFCGAHFWFCDMIHOVBASCIHGUNYIPASZAOOQABYESHKANUPNEAFDUBYGDZCGBHCAYABTXJSCUFOCEIDTTYSZESLFOI
YADACIDEBBGAHRSHUYIVQAPYONVSSWWPUHSKWDVAZSWBQDAMIWVUHRRKNYBFHCOJSJCJIJEFMNQSSQNAWWKWJKKRSG
EBEDAFAFIDDENJOZEQGGYJYPAZRGEOCCEUEALPSVYUNTDBUWSXRMHFCUBOBMUGTENOPCSYEIBUTPLAZSAKXYPFFGPB
OBBEWOMVSLXBTKUUXYHHPLVRWSRNLMXOBJPPEBVPGTMMHLFKSCEPERZUFLMZOSKYCCDLTLVQQAYHBYQFKRJUSPWXDE
SAJBNZRPBBEEGHBGTNUGVMBZPGTMRUKLILITIWKWMMYDKCRMHSJVNTDRJBLAALIPZKGXNFFLTYNPYPZIWGFVVEHMIW
XAAEAEBCIPACCVOTNMQDTTJIGAJTTMNHHVLFISTEYDHGOSUMUHSRGVQPQZBFBNFYPIMEWUGAHFGTNMVXQYJTMXHIHF
MAAAAAAACSNVASWQPTUONPTKFXKBAPTDDTERXDZTEDDYWKDNCEFZEOFLIKVDAUYHNLQMYPGGZSLJRUHCOPPFBILTCW
BAABBHAFKQNPTMHIGHQIMRKXLSGLBMKDNRJXWZQYSONUALCDQSGNGKHFMYPHVOXJPGPBQHGHPQTLAGWAMALSDLCIZT
EBEDBBHRAABBCDBZTAZNOOZLLMDZNAFNVMNGJGDDTHEHSDCHIQBQDUIXNYXKQXKKZLOFUEDEVBPCKMVNJYIJEVJQJF
AACAOAADOKFRMKROPKLBLTRSTQYSEKMXUEGQSIXSSJETQSGECRWRCLDSKQJQJYRVFNKPKMUDOOFIDIYMIHHFEUOFLC
KADAAARYGQCDXJTTEDBYNCOGFVNHFOCIEXDCBBPSMLSEAZRHITPDJFYXYEKANXSYJIOOBHWORCOVERHIRGFPTJDZRA
IBBGJNOLXYMLZNCLKZWCDDVOTQYBABIYXQUAYAEVTVZQFKJKFBBCBCXHHFFTQEBXUHYPCXPVJPRRBBMUPCBYYYAIDP
TAFIAAAACDDJZTBFOWDXFDVXQVHHOWRYOCPVAFCNHWNFKPTHHSJTNFGHWISHKABGKVJCKVURBMXAUCZFYZASUPEQMY
YADACIBBGRRRKSUHJJGZTQQULNYWSYRWNIMVZYWRHXTAQTEJKHXVEXGIUPVQDLFVLFRKABFNLIWKPBDXZHIKZSAFLS
RBBEAGGHAAAFMOLRBBYJEEBDDALEALDVJHWIBOTJGUOIJPHOHHNZIRUOTQJWECIPLBDJPCVRKDHDCISWTFPAGNXDOY
WAAACACGECEIRLHOYIHQEGDONMYQVRVLLOTAYZJOEMNLUEWCUVKPKJQJTCHHSWLOLCZSJXCNOYGURZJQJOLJQZDYIV
QAFCHAABBCCIUDQNWUQDYBDWIEANXCVKBEQOOCSKHESEXRJVTHKWIUGBAZTYVGMRTECAEUCPAELMLYXHAUQGAXUCCZ
VAADBDDDRLEMDQUNZPXHDEYKHOMBCETMEBKVLVYQQRDYBCTLVWJBIFFBWHCPINAKEPFKKYPFSIOUDIKPAMCKCLERZI
GABBECXLXFVDGAGXOEEAZSEQTROBSSQJAMTJOKKNJCSXKYEYFWCLPHTSINCVFKYBXBVWSRLRDPOCSNGFSRQVGNPYLW
FABBBALOMALPNYIFPNRTSXGIUZJUZXPBNHZFKDILHNTTKFXEBWDCBBYHCYTQPJBIHBGYRNRNMDLOIWDKCFBYWANEDH
UAXAQFRVADLLLCHAMGDGCBZVLUDJBAWNBVAHZJIQLGGXKDSHNSZJORDJXZSIGQFMYLBCAFGUBOIUOHLQDIPGCJWMRY
OAAAABCGQDLLCZFSGWGUZWOEIQWBCBLPQPWQUUDKDXFNSIHAOVOQFEIUCLLMRZSEKRWNPGJGPNNNJYSEPYDZRIDQEM
YADCEBGRLMSCZSVMCMONBZDHAAPQVAQRJEQQBOGRGMSFGMDOUTLXEBUYESFPOWYJXLYQRCZRFKOQRYWBSHSLEPRSZG
FAABGCUEBZLENTFGJBNMVYXKGKAUAVHWCCMGYXDJSOLMUVLCXZYRICZBAZGRIKWYFYNWYYIVPRGCSBNYSVLBNJZYQJ
GDAAAAAPVVRAJGWZRRMFSEPNZCUCHTWMRPAYNYHJUDZUHOVACRSNVHHVXSDZDFERGHVMUNDDSOMKMTKAGGGQFDUCVQ
VABCDEIENKTIWJCGDAEEPUJYLKKGOUKIEUWSTKLUDEJVVAQKNXOKPWVCGXAPEHZSDZIFWBAWVDWDRUJKNFEKKEIHCE
ABGLINQKLMABHCDGTWGIHVHEPMTSOXGAIIUPSHYSTXBQWVFNNPGMIUOETTIUJSSTQUEESIHZPMPYERWKNTBSWOLZWE
PABDRPNGOELGXXWOQSWUFVKADTAAYVQTEEQJHOHBGQBFWIZWNQUIZSQAYZDRBEGSSNDOQHCAUKMKAFAWZIGLRTDWYU
SAKDEFCVEJLCMUYFXHEJYAVTPMUBYGVURIJSBNTLWOZYHXRBUHWEYNLOHPVUABABSEDIQTNXBUQHNKHYVWORKVRNEC
RAAABACFGUUGOBUDSZQLOVVBIQXZTTKEOZIWNRTBEUEBHKGYGOQDQFTPYGEKVIJBSUXSXGBNTVIDHORKLMBFLTEBMD
OBBEZDJHTNZLNKLVYJHMKONLMOFTZLKJXYBDSLUUTYZDUSDMVPBTRHSFKXDUTLXJIZEAKHBMPPEKPALVLWDAYHNZXY
ZBDAAACAHMJMDSUPULWMATRAETQZGURQEPPXCUSUSKSEMRWJWBANXZXZJRIGMIZEBVJJZFJLUJJMSPKDWUTCRGRCJQ
UABBOAAFYUXNPMFKQACDGSLDCAKKZSKOUPJRSGHQXJBBCWOTSJZUDMCVQJFIWVKVEHFBXPOMFKVXKZNJXIQJSWYMKM
MAAACEDDCLDXIEUPZCSCOVYVUQLGUVODODZLCCGLJCRQJMWWJDSHQPUFCGOBCUGRUVPTBGHEIIBCKJMYXUIHGCSIJL
UAABELOLJVBCPQQKRSYJKDWUBHFUMRKJHDLJQARHSEOXHCYDSBMPRHXGVJVMYGCAAZGSOKSEGBTPDBBXLKSUVOAGPF
RAAHMLHKIRPAROUSIBIUGIQYHBNHRTHCEWDSOTLAPZTPZTTBRZKJBIPOMTCTUQXTMHBDZXWWCSKTGDCEERJXLTGWDA
EBEBCDIVFMBOUCGVLZGDLHLUBGMJDXXTBCXVORUNAYXLCTQUOBXSRCQTVDOLXMWXHOZAIJYQLKFUYHCNRCQZUOQDJM
BAAACCEHBHRIGUSZFPRCEONEBAWUXVESCNMPQEYCIPMRZNVILAMTCJRWHZWHZXITVTVSVTTSOIGCABILGXIEYQGZLV
RAAAAXOTMZLZAARTXIOLMLBNPUJENNTFWOZJQRABHJPHXHECZGVWJPGTLJUUIPCLBDRGBWJPAIHNWZCNGSYZBDWNLU
NAEHIENFWLGMAEQDJOZENPOATRDMMKKBGGNTGAZNVTCUPGFNTJIEBVNTIKYRGHKAQEKLBBUFDUVCXJJVHAHTJBFIAL
NAEHIEKHJALGZHUISDCHXYPDYNXMNDVCZEBHYZBDXFTUVSPDIQAGULVXQZNVJGCWSVUPUETEWDUOQZNOWNTHXZHSOP
ZBDCCCBTGAGZKNMRUFQLZECWPQHMFBPCNRVWDOFTWARJJCNMQNTCUUMFUEQGEHLELOLQTFUOTMEBBOOXTOMMSSCCLS
SAJBVLWCCTFJWJBBXPLRSOBABLYLMDTPEUAUACVUYQLLDXGCBTSRAWJRCJIWGUUDJRCWYCBBALOXFMBGQGVMFMDWNE
OCACCEVFQBFNADXMWUITSRMTMGZKHRTYLZBEVNJBNQEPDQBOJZIBHENKKSCZSIAIMDQUDHQKZTBZIZTZBFCCAAWCRC
AACANCEJVKPSWXKAIPBIANHYKDIRBFRDLOEVLBIHLWXWZCTUAXZPUUNXITTHPTQBVEGEGXASAHIZXYVLYUNUZJIPOY
BABCDMSEBMXELKZWOYXVYNTMVJPVHMCXXTPSYJKUKCVZDBPBTIBOTZVENWHJKLFLIWSSHKFHUNERYVRBUGYSQIBKPU
TAFACDGCUFPXLEXADCYETOLIGGAXWZWTZKWLTXQWCMIAPNNSUVSSUYIZIXDWFQIZMUJXXTJFFEODYALHZVQLBDKXOT
NAEBFMTOQPQJWKPYBLTYSBAVPXRQYPTOSLWEINOMSGGMFTWCGCEXOOGVTXBDFZPFAHAKOJJLVSLJBNTRIXYNUUUHMV
RBBBGKKNVJYNYTNCXDZOLLZGTOQHLEQVMOJMCCRVGIKOIMPJLYLTALSJRMTYHKZZBZGWBPJKWDELYOQYOREDTYMYEK
UAUOABFCVGVILAZPGKZNMMBRBBVZXWGXGVWXKHUDOQDIWKNZGYVLZEIDKNDOPRTZBCGYHQPCYHOPKUVRMUUWIMQAMX
CAAMFEBOTDNMQFGIMRKIUORXCYEEIBQOLRFMXGFTIHBZDEZZLBVWZYGKIKXIDAKRPGCHERUPFFVFYAJGXWRWXVNEFF
CABBBBBBKRDNKGTHFCEQJYICBXOPUECJTACZXCIARWGSWLCPYSVAVSKYHPXVOOYUZMRLCWQEGIELVPQPULAHRESZSB
KADBOEBBJPFXFUIHFFFGICEHHBXAONDMCADIKVVTCRVXXUMZUVLCNCCTMCPCJCKGIFRZBMFDFPSUBMILWPZYKTQDKR
UAUQBCDEJCHEMMBCAFZYLRURJXJTJZBSFOBLPOTYGPEOARPXGOVWIFCKUNBSAKHYKYKTUTZFHZKPETHQCHUKTOZAOF
MADGBFJFAABBFNXKKLMCDJDNAAJZGHNGXDUJSNUYCDVJPYXMVBPKBKFTFBYOATJYFLOIZEZBPLOGDVSZAFPFGJELSS
MADGBHBCJKHWIFLSSYPPHJKWWWVCZXYGFUYKUCOQSZQHWKQTPVQSQDGECZOHQQALIWXVDYNQWWJJTFBTCIJPCUEKHW
RBBCADSXNSZXLYORVKGWMTHYIFXXSIXXTHPKYVENXIKZDRIFLKKYUCEFATETSXDARGACYJVURRNNMKEUPMLRECWKUL
TAFEAAEIBFPDCYSKDIIUAWTBAECLZWUJUPHZQNBFEVSHUYYASKCCGOFLALWEVOZMIHCDOLSUTTDBGTFXCERXDGGJZP
UAUOAABHIUOXTSCSOTOXYTFVXGPVAOQLPMEXGHNWWKQZSGEHXRAQWLMFUOCSNXONDSSDJEBSTMPPJSYSJHEGNDZOAO
LACBQCCBTBSLXDYALCWYXQHZQYMLALOAPCHYKOCNUVJJJAMTRAHFWTTSYOCJNWBIKVHYHSUBUIWPSVKDJIJDBXOKYX
WAAHAAGALSCVGTISRRCPFXZSZHSDMNGBZUVTRNWRRFNAZGNXQUNILWEIZANVSQFUZDVUXVSCPPSSACHOGJOBEDGUWF
AABKGBSJZEVFBRRTODNTPQZJHYAIQLWAPDFIYYRBCCPIZXHGBVFCBWRFZGTZFFSAQZBWKQAJXKBJTAYDTCMVKCYZEO
AABKFFJKNCEONJFISHNHXTEATGISVXABRCMYZWYZRGPVPWABGYDSNZJOKBNOOBAHBNWGGAPWJHWFWLVBJCBRTRCOID
NACEAFYZEAAGRFUEQULGSEFTIZQOSLMXNVOBWGZPETQBJXQUCTZUHSWSPQUHZPHPSLFNPTVXEEOWGJUQNQACRAFOYH
GCAAAAAACEFDACHUQNWAIHUPXRQXFQFMDOTBKZJLXZTHGJMLQMGUNDPFVKXKDOKPISDUBXBNPXOSWJDUMNPZTBMBLN
VAABEYFPUAACGHCBSANCSNEZHXMJXOBPNXDPOBZQOICJEUIWVFGZEQEYZALEXOSHEKSBCPAHDIBLMODBMTSLPLDIKM
UAUBCCCCCFENRFWCIASTEPPCFMBPNNDBDPERIXTGYXDWUEKOVFRLIXDUXXXPNYUWTUREUDLJKFSRTGKDNYIIXGKXPK
TAFFADAAAAADHMGDLDVJWBLKLKDEHWOJQEXAGOOWRRJFINAAMENSXRJGKFOMPRVIFHXOVKXSLHXBSJVZJCMENBRTBY
ZBCCSBEVUZSXRLSPFTYTQJICLPFDQFAPIHLTDSNWRBFFMXSWLNEQYIBIISLBSHNCFRWWXFFVSBZUYSVPJBNHSWGEEV
UAUPEEEELDKMACKTUADYOSZTJHWWXNGIMGBHNUIMIDKBLQKNYSVOIGKUDGIZNBMKYTHXPKWYKSJHHZCTBOVISKADPY
KAAAAAABFAJSBDGQWFNLQSAAJHIMTUGVJUGEYXQYSWQCPTZGZUEFJGDKXJGQLVVTQURZCVDWLGMDVFEXXJGYRQYFBY
UAUOACCJCEJJKUFHGFHTTNFTFMRFRTIWZNBCYEZGFVDBPCPZDPPTQJRXASTVMWVFUUQSTEJPHZCPQXOJCRSEGPFGYX
DABBBBCCJPFFJOLBEZLETWZYTJQPCAVINCDFMWAISOJGOXKWIJBBXJSTCXVMQOWZDOMKCUZSOAWSZCPDVROIJGWSOY
HAAABIDBEJWFBXVHXKNBNTGDBWKHUANSRGRPAMFWVLLVFDAUTACYISBNFVSLORMHKGFYCAXDVEWVIMEDIBJZRBGSXM
JADAFAVSKWFVGRRITWVTLAXQDSXFXJONUFMPQBCAKJMJIPYVFMHTZSGRNIUTALTQUTRCVNAIDTDHJGHHQULEIECRSD
MADEECHSJEDFWIGUEILBTSPEBNTOXZRJYSDCTKPHMBSBCTDIZWYSSKZNWWAOIIYJIXSJJHMMFCYUGKXSBDBQHBTJSU
IBBBENXJEFTOMZCBTTKPVAGKHIYRWYALPGNYLVIQFFVBPBRGSNVXVSJNNMOKGRHQSAREMCPDOMWQRMQVHOIULVORVF
ABBBBELDUDISFGJXOISMNSUJFVAGIGMJDWMROZAVJYEHDAVDQXOICJWKKHWUJDRVZPAYXUBFJOGPHTDDKMMMZPEDUV
NAABBDETDDYVJYMFXYAMVIUTVMWHAPKJCKNHPZIXMZAGWPJCXIIOGFSNKUTIQCQUVNWHJVJYSNTCLVZLXJYEMSABUJ
WBCABREEJACCCCDEDKBDCEBLKBJOEMJOXFAYHROQOHRGVWIKHXHCTLKISYHBJMHSZAIMYXBBGQTUFYSQJGWRNQYDUA
DCBBBGBHUHNVOECFITZECOMLSUNEFGDKRUBCGRZERIEZQZMPJUNWKETYETTJRYTXYGAQCGRLZFREPJRIYPBIUVWPDD
PABGQDDDGRJXGNUUKXPJPSCPYUAJKPSYTODMAQCVFEUCDCJBUDNAQLFHNQZXJNLPSYWACJFCFXCLHXJQIEMHVQEVPJ
KADBVITLTBKPDNKCIEVCRNGXPVGMBOWMIFMIUGZPGMLEJUQFRVCMBETPCGVJFGJYZRUWZEYIKWHEGHZVOZINQXRDEB
SACBCTDCCFHMLAOJWBGZVBGLBBWLCEIKFQEGVBUYYEBTHTTPUNRFKIMHWWAHNVPIAZKICBYBLXMAGCGJVKUGSYCNFA
KADBHKABGKJKZJHCDUOLNZYGQSTMCUHTDUOADJWLFMYFAJWQBWLFOHTRQRRNKBQCKTXHNUHWPKWPPBNTFVKCEGRIZP
RAAAAGLUCFMEQIIHCRVLOHIAQVFSRBXHXIAOQPVRGPOCYHCELKPMEQGMBSMGYLXCKORDAREBEZWNGGVRRJOCAKIPMM
ABBBBHHFVADHLZFYIMWDHOFHEDFTDJSVKAZFLXPQMFNJFPZJNFRXZZJQXYMVCOAZWTLGIVFHMIOWCETSFLOVPGDBCR
OCAAAAABKNQSPXBXTVYDWZWQLMICDROFQEYCKXEEOQJUWNRAKUDVYZBUTFDREKTLBXBDLEQIVXNRLSMMKFNZGIXWGQ
CABBHKPQEUAABFOHRADCKCFWZYEJACEKNHPUOMZPBPAOQORFJTIBIZIHZWQMVUAPPNOGCQAOWFWNSDALCKGPXAPPJY
NACEAGMRODOQTOUWWWTUKRDPEEPZZCILHKFVYSQWPRGCOODZKJSIGTXNNRQSOEEJCXLKKHZCMQFEEMEKPAAACRUWWH
OCACABEABWVYPNQYJXAIDCCENZHECJXRTVOKOBQWFGXMWPZXHJNNBVSBVDMSLUCEVDMRWBNEQQMLKVJWSTOHNCSIVA
ZBCACLABBBECVACPRVBPUPUQZHTEXLEWGTLHCCNBEHEBIIVLMHHRBUJCQFXBFOOCWPLIMYSGNXHPFBABKCAVPYZVFV
UAAACFAAACWKAERZOSXTRRONGUUOPJYBTXTLTXZLRRHHZGFPUYPNWCFZZAZVRFWCMBDGXIQXBPCQCVKYJOJNVUNHEM
DCABBDCRUVAUTLBEJXXVTOJUQAKKEQRUDUZYBGWSFMVSWPRJTOEAJYZSWVQOCOIBHSUGFYJFMQCWPCXALXSIBQGIDL
ZBBBCACCFBCEBOBKETVXFFFQYQNUPUQWNBSJVQZQWHBNUUQQVDGNVCZTBHEMFRUZACLIJCIRTICBVVMNHGKCKHTEFV
DCBBBCQFVUXLBPYLUXTOCTBRWZLBOLDBEPLKLZDGHKXCEISAYLUMGGUKZZZMRSXNUAPARUORJMSNYLFIIXQKUVXHVQ
LACDCCGPGSGBGFMAWISJTYVNECGUXHNVPSTOZIIONSCXIIBFCYZVSFNFVZMPTWWLPSZVGGXMEXKEBMBZERTPTHBWPV
IBBBCEFKCGSKXZHHFBBNASJKBMKDDZJCNXTMVLPNXAWMOEHUIVFBVOBCRRFJEOUCLZJMGVKUHXYGMKPNCHRPIHUKEV
DAAAAABBCKSNYCLMYGDXWHJGWKNJRVFJMAXFKCMXHIEFUJVVAMHUUBRBWVAFLRIVDSIVMHIXBEUCZRPNLZWSGPRBTB
UAXADQMJOBZDOZEQXTEBITKIZUYFJYNTWWLDJMVCRPIEVLVGRRJXIGKIITTBBWVINHFHIHWEJGRBJLEBLOUVZPRIYK
OCACCEAABBFPPFRQZITOVUUZTUFWXXURFQBMFJLLJEIHXIEHLEHTFMUQUFRWNKZPVIKXLFUXJVJUSVWXAZXQGXGXHF
XACAABBGABJMXXJPZZLLUXAMRIWCLANVEYUVHJDTSVLFNDOOJLITNYJCXCWTYLUDNJJJCNFZLUGPKMQXYPSFLAIQAI
VAABEYFPTRUXWODKPMKTVRTIGNMEQXUGRDLNQBWNVTQRPBNPRHWWXREHBPICPMJIYFNOYJFUMCZJBHFAMDBZOURTZL
KAABDFKALXXKGPAVVOZRIQMYMQIVMDXIVXMRFNVNBSXQOQPGLHRELVTJJYIFFTUQTKLQTBZSMEOSTICHSNQDVYTITW
SACBCUAADEGBBFYTAZZHPGZURLMFLJSKQJCJXBKXQENWBZXQNBDMSMKILIKBVPVLCENDMMFIIJNHZLCUCGZJOPUPEL
RAAAAZBFOLXMOPHZHOSPJXVRHFWOPULBWLYCJXMPKYMGTTLLDNJZJJFJSNQMXSIWCVUTZSTGHITPFDBGONAJTSJEVB
FABDBCCBMACAZEWWFOXHVNQUHFERVVPHXJHIPBGHPUOUGFQLYMSHJHLWZRCOOXYSLMIAVAPLNNXIEYDJPEUIPAGNJC
SAKDEFCQVTOGOHRZPULNJCZJBAWSZGNKEGSQKFJFNTTCCPNKYDHKUBKPLLEVRFIIKWYHJMOTLCPEZTQUYHZJQSPRDM
GBCAKACVTIIZTCZRXAWNRIBEPXHQKMINPSDEMVGBWNXZNYKNTVVQBPNFIXLROVNSTSDWFKOHCFNJEOZXPEWXVJTNWM
PABDJJCCBUVLGVKKBNGLKVSKDFOVBACNOAOELDZPMXKHEYZAPFQBMLYEJMTIKCUNVHJYNJRECDGCECWACFONTVDTOH
ABGLINQMBIDEBGZQKMGKLKUAAEQQIKEKWLKOKLINLUCJNBUMHOKRLVUXUVBTWZZVZMUIFCZJRBJMTLCRTFTKNZDYYA
FABCOOXFCYJFEWJSTSMVGIBZZQQQTVVBXIUWSYEDUQMPJVLNDEPYLAXNKWYMGCRZRQOTTDFOLJHVBIZQXPVLTCFYPJ
LACCAACCIJCCJYCBZWYIMAYUSDQSFLCJPZODVNHNCXUHYOVNHCVIIWZBIJFQZNXGCHBQDBYFKGBXHIJRKDDUMOUDVF
ZBDABEAOSLJRKBMLDXBBPXDOWASNFMEZKTIWVOZWPVRRNWPQKMFUNIYXXPECDLUHXKAPDJXTOMPNYVRPCMHUQHOOAQ
EBEDAAPAQZCLTXMRBVXZUJNHLBZDZYDSRZQNNLMGBOGHLDYDDLTLMFOLXGLSPMWCTFATJMNATTPINUMMWULSXCONZF
QAFCFTACCEAEEEIZINFFAQAJLHFGWYMSFLDKVIRWMMMLSOMTHYGDPEWAZDZABVCEATBRTVDUAYAENVGLFCOPOFJKWR
LAABFVNGGFEXPUFOSPDYGNWCMNKJHFLPPZQMGWBLKCNALIHMGANSTSSNDOFFHKUTCHUWOSOLSPBNAISXTCJQQGAIAE
LAAAAAAABIIPNWAQLVOQOZZUEYLMUWBJQAGTFHJUUKSURNAWPDCBWRMULVWTWDSCRALGFLMBXKMRATAIBUZCZBTJZC
EBEDBBHQCEEGXNQRVBTGSXFHMGPXTBERGOYIMIMXMQOUKKDSMYAZTYRDHDBLZBAUIBAKRUSSNTNOHUXPOTOGKRZVCM
MABDBBCCACGKKERNHCSXQQCAYTCAFHDFPVTJCZYAPEXTBYEPLVVXSBAWFJJXVLAWLMXHIUGBNEJNZRMBKSNTTWEQXN
KACACMIDXOENNJYKPFOQFKWIXQRAMZXGNPEQRBSKTOHTHOKTOAHIECNHNWJKEDZYQEWCTMOHNXGIGZYFEEDEYCWKDY
MADGBFJFAAABGDHTSIPXGHNNWEKJDKPAEMVAKVMBDNTPFVBPGVMLIWIZTAXJRBDGXXVFPKEGUZSMDBOPTESBHIFRRO
QAFDAAABGLLSDKIORNWMWKUBVLTUVYPFIUNLIUZGRDEHOVNRIYTPGTPWUHOAUFIGHPEJGMARTBMRUAVWUQDINAEYXJ
TAFACDFIPJYSYPODCJXXXFCHDFIDDQIRCFLHARQBWLHTNGMCVWVABHRAUVNUQFRMWSMIBTIYVTWLWYTAPQXDNKSHUD
PABDJIIJARGOAADBWLRXWHIKVSDDZRDYTLYZLYXKGUWPHOJDEJIYLCXOGHHFGNZBDLDHANMHXPBHJDJEUCPAGJPCKD
YADDIKAAAAAAEGLLCVDKQFXLRYWEMWKPOWNTDNAPCIBKHFWRQATSOPVKKOSDSDBLLULBWYZLSAHQGZPRNSTMTYCNWC
VABBDAKBBJQIZQRNVMZVXMRYEESUHTPPRIBXDRWEEXMHCZGUAZGCRQNKQXMQWDMFHKLCTXRZQGONKFDJQAHXMALDLW
GBDBECGACHPLRXTBIPPBGQHZFQUBTESTKYLSWHXHGGQDKMGPWGFVRVSCWUHAARSCPGMBDTCWGTFOITKBZBMBNDFBVN
FABEAAHCCIKJHLMAWFPAUTJHIONCFATWMWZPNXTHGJHOBGFNOWQRCIPVOWOGVDOQCBQNLFYXENYPARRTAWCXIESHXZ
ZAAAAABCCCFFEIXVPSRTRGYOHIYHBNAGGJBNUCTRVVWSUMPWAKGHLRFCUBVHARJMGPUZBJZEBKTOMHPXRNVXLSDLDP
YADBEDJTFNRXLTSGYYWNIXODUSKQFDZDNVNFLLPDNQWSMEVCTIPHYDWNIZDQGTEIRHBMSLBZWKBOMRXGAIACJSLXHO
WAAABXABIRZDLHPOOBMQNGISBTHKUVZPXKIFFQYTNKSFQJNPCWLAVRPJKHNVLZAOUZXLULBKQJGFEPDCSHAXMYXCXL
PABDTBTMXUCFIPANRZQJPVHLSDBNAKAJZVMOTGPCTVCLIOCSPCJUJLWNSCHXHPTJBXXYHVJYVTXBHUOZJGJJAYANWR
CAAMHAFCGALTZOMFZZDFSJITVLHTHDAQVLTLSBLGIPJNMALAWTJRWIHHUASSBNLTSAYLDZNVODOQKZNVSKREZMBTXJ
PACFAAPPFKCBTINSXGNLTTDUYWDQGVCEXVLRPJVWICWETJILFGBAKPIUSTYRKTLPWFQBUROUDBUQTLCIPJEOWPPVBV
IBBBEOBCAVAPUPZDYTANPOKTINTHXRWFLZKJEZZJHFCOWEUBCGITOKIPFMQLGYSJJGRDJJWEGXJDDDMWPIBNDBHTZH
AAACYLRMWDDERHKNQTTKSHGGRKAYJJDFBUYFXBECHIDLWPJRYBZBKROZRKNKSTRYMNSROWSSABHIJNBPWRSODRGADE
SACBCSSFDNLENXDCYMUNECYMUOBCAAAMYDEZMZOUIJPPQBLSCUWEAMYBDHSVBBEKJMIWOMBJFKTXBYJIEZBHRCHJDI
FABCOHCFEITNBAQQFBQZHNBJZRPOECZWBIKPVDXZRLRAOHAXUGNBMSYEGHIODXYZBPKWOMGGTACYYCDPMSYAAPHPZW
QAFCEFGIIJOPEAISBAQMCAGMJJTUAYFMUBXYDEHWTKTUQVANWSLFPBVMSQGSMLUQUWLEJVVCPCNNGAAJNEPRIGQMYL
WAAACACGDOHLOMRXHNAYYJYPCEKBPHZYKCRCPQXBFTTSBSRUZJODGXPTVWUEUQWNNDEJGZWVRCPBCPEULDPOQIENKU
AAACYNFMFMBBKHJUPWFMVONZVJOIFZMBWONRNVETKMEQGVYQIWYNUCLVYDVZOSTVFDOKNFTEJMNMIKTHQLRMXKFLST
XAACHLYULZLOMPZVNBTBIXFYTYWTQREKFFPOJLAXDAOHHHJLDGDXUMMQIBLBGTERPVORCZFUYCSDKQSRTLIFJJGMCA
EBBCHVDEMABYTZQUJIFJZSPKJUJQFFKLJRPVNOFXMCLJOPCHJCMOGIFVCWJSDHBKYIUGGDXYKBYXPYYEDKSYGULAFC
XABBBILRSPRDISTATRXQDYTBTGYNZILHCRPRXXWXAHKICQWQSQBZDOEOQXPLUCXCCPBJHKJRQYECQTBVSZWREYHORN
DCAABCFELAZVMSTOPCJOMBCTORRLVTQXJIHVIFRTKZRBFFKPHNCKFTVNPYVMZGLXOBGWTXAPMFVIQBEYBPDHZFWYWA
ZBCACMEAACWTITFVCMRCKVJVKODONIWAPMYPJRHUSDSDWPFOJALCQKVRRJZLPLUDAMQQIDXLTOXMXHWGJKIOBOIYKE
UAAACEKJYORJUVVFBGOVRIGCRZMGAZWYXBXEEHCBAEMRPMTKUQJCNHIFTOAXLZMJMDFTKKYVKTEQXCTURWVXGBMHYL
JAEAALBBBNJBVWGNYSMIVYPZKURZNOZDHRYBKNHPTZGPHPUUNVGMBAQHRREXXIOKPHHKNAIRXCCUUZBJMJLPKGPKRU
MBBBBCSGQFKOGSRUMIVZRHHIRCENCUHGUGMNVZVKECMORISXDWRKOEVTCHSRRXETTTBRZIXOKAWZJVMFPFCQEWPFHB
FABFAAAACDHRVZUDWRKHYIMAVZJXDNFMJEXHPEEMDUKDKJRVBDOANVAQUIQRWKBLJCCQEVOHLMAUNTSVPEIRGMZWLA
GCBCCPLQDTCLBGMMCKISALETEYNVKUVCZFKYYGBDBYPYRBYVBLSOMUWBVZRLPCRYDZVVZOUBHXUZKQIWIRAWKYCVCV
LAABFPEAZHWVFTTBMNGJYVVZDHWWFRUEIGUNBTJZCACCDWAMUNBGWSFERFDZHDJFHOOPBGXBEEUGNJETCNRJCHUBLC
BACABBBCDDNGBOXVFCLPCXKXXYTBWFBXBDCGQRRUIQEQQIDXYVLDUBSLRKEEZTHHBZSWORDMOTPUOFYGCVWGPRZZJA
PABDJIIAFBUIWDPQDZEMJAKFXEZZNYGNQHQUPRWPQFQTQDUDFHTQKZFULAMMRNMZIJQNVCSENJJJRDLLDIZMPPBXZO
ZBCAECNYBIKPUXDZFKYRSCCHVFLEXBCABCZZQKQWLYONVEDYLSXJXZTBZLIDBRTEGBWLZJOYVVDRDPFWXOOUTWARQE
EBDAHAOWQZSJQLAZEJCIVWMJOBCRXYZISMJCBUQQISNOEVANDITKJGIVMORRFUEVGNTYJSRCFXZOWSRNXEXLHCGNML
FAABGDBGLEFQLQHAKZVIFFQRVVYLZORDRFTGYVOVHAXWXHXYCDZWSRPOIRCMVKYJJNWCHZSABZEXFFKMOWAKIGNYZE
RAAAAYBCKNZGBHCXIQOKPDWVZWRAOHISEPOYFGDXKBMTAZWOELWDTPEIPSKYHOUKNVYMZUREPNLBRVYQQOVGPTOIXW
SAJGGOBPPYGIVKSOURQKFSVZSWYSVBIPNMAVAZUMNOUSZBXRXMGQHQIOONPYIAWMMCFIVIFILLGNFYQWYOGMSCECCE
MADEECGDPSDOFJRAWUMTOGCGLGHGYHZNJIQDIOJQUNQGSIVLMTRJVUIWMHTFFDUXQPIPIJUDHOIISVAUBCKXGUWSDS
TAFDAMKGTKVANXLIZMSUPPPBGIALOOMDUMZOKSHYWBUARDCZWNSQRWEPWNQJIWIECPJIJXRDCEMBEFACMZCNIKFKBB
VABBDAKCDABLNTSWNWZJRGFGJLQUTAEYXEXZJCOBDHKWZGAIGYJTESFMBQIMTYKYUUWWYIBCXFJWCXVAZFGMVGKJPA
SAGMPNIAAABDGFGSORVPTVWGUEKQZTJQAOGFMAAVQAWSQWREEXXNZUUSHDRXRMZYLKJXSCBFPNUNJQMTACMPFRNHLP
GBDBGBBJURMVQXWJINPTYOLZSJFSWYCSYXIIWUMHIELOCYZZSUUFFKHJYPNSHTBHWSLUNAHMDDYVXRNZSRFZWJDBGX
XAAQACCUGFGAEIAISOAMQEGYLTAORFIFJJQXUXGDUJSMDSYGGVOWISGTMGDRJEOZVTPZVFAMSBWBXVYTWOTLBCXPKZ
ZBCCSCAEUDWGDDVKWUJLKBPYMXMPUKARLNQBLWPVHQPXLDXFFHNEXUIOMTMONTPLHGOHSCCJHJZNYEYXMTORRKVEKS
QAFDAAACACFHPSRGPHVBSALHGAMIHZCUXFAXASRNQQVTRQATIJGYAUNXOQLXSRUABLVXQXWBLZSDHGZPDKPXQSCDTS
JAEADDEBSQAAKQRZYKKTVNHHPMCCKJTGSKLJHHPUEZNPEXWCWKFPTQLVJVJWEETDFKYVYIFISKWHPNENOFDODUATGN
FABBBAFWEDHTPEFSZUKULSERPZHCZSWRRQGWJIYQHAUPMKVHLXLVGNDHECPLKZDZCZBGJQKGDQVUXPFYAKBNNYTAQK
NACDEYUFCCEEUSBDLNRZPKOSNVHWSDRZKYYMJHLPWTLJYASJFPDYJPXZQFFUGPVAGUFVUOHMGLBCUTCJSXCEILWXZD
JADAFCCHEJOIGWGAJBTZMILMMOAWTBZNCVEXAUGYPJVYFUMUUZMBCILNELIQJCUZJUAAVDFKAAPDTWCDIPAWYZXWXO
GDAGCKMCZLGITULESKTHUABFSAVSNNNEEBTCCUHMHXZFOWMZOHFSMRTIFSXRXFAKIAXKUJAZVPBJCIGGWIMJUALYVW
QAFBFKAABJMRZIRRZPUVBUDYLNEQUNBKQOKTKGLCQBRXZXHIPOVAEAXKHJGFBACXMIKOIRGAVJPKTSYSVEHOCNLPVN
UAUBCDAFGDVZEOCDWMHHYUDIKLCSMUBRWOSLMNDHSTCNCVAEURDCQNFVSBPNLKKTLAVOOYRLXRRURMOXTQQIWXPCNI
AABKEBBBBFVZJCAJADGQORLIOIQXSZDOHDMFIJTFNQXRTUTLHEVZPQPVEJHVCALBZMCLTHHJSLQOKJAZOPNREYOFKT
WBCABREEHNNGSBENQZKTWSTPUACDTUGNPPLCSHQTDKSEHITZVDBEAVMZSUMDJJSLSEQPOQFEMAFUGZVCUOBDEGVBGV
TADAAABRJCSPXSSBSKZISHZUQCKDOILKPPEYIGQJGXDRKFENDDSXZSNIWEVLJVCXFIIVVEOLGRFQAENVFTMAKNRZYV
OBBEYAMTPBPDZCATJHWCQZVNICVSYJWZCFDIOWYXCNWJZFZMLHOPZABJSMNLJIZZLODWCDGPXCTDGDFUDDSXZQYHKJ
HAAABHKYJIAODBPCLPZSLVIODISKSVFXKQUEMIJEFKMMYPCPFUIKZDNJKKOQBYFCBTPAIFVKOBDFYZWPXLDXACORGE
YADCDFFKEESPLIMCUALIMSZVDZLMEXGHZNBCGOMKZJLZDWDOSHXEKZLIQMLOPHYDLUDZKUWPENJRQTCRKZJZYZEGEW
VAACAACGRETYJCJZRJMLXWTQCNBOVBUYHEKUJONEDYOARPGJFMRSTDDCFIIZXDVCBXAYOPPXWIDSYONNPBYGREIIBL
WAAACBGFXCRIJXFWLSAEEZRWUWTATZXTXCDSNDBQNUJVTTPXOGHFNEHWIWMRCYALATGHSCSGOQSSZSTTNCRTIQHMMN
JAEACACFBIKUBGRUGALALRPBLTVRLJFKZURJERDTQOHYFXXKBYYYRUNNLVOLGITBLGSSHFEDHCERBKDMGEVKILAWJG
PABDJIIJABYOZLCTAASKRJVKHUIXYZWRKGIEPSQYZDIEVIVYOLAJSWNMRPNZNHBRNVBVELNCQDWCWMYQZTCAQAYSKP
NAAAAABBCBJEXWEUTTUQYBFXRRCQHUIXCFHUCLONWREICYYCXBPLWMHFBMRQKAULKXRABOLEDUVEVUMTGKYBTTCZLQ
OBBJJIYCGFOZJIRUOXDDWRKKJDSWTIRKUYULPQONUQGBRSYYLVSWYUJRZBMKVVXCZYOKAJQGDKUOIKLWBWANLWWESP
FABBBAFZACDPNBSSQOAVDYFKEKZMYTHUBXWKXHCGUKBBCBBJFXUZSQVTUELXYNNQFQEXVYJLDRRYAWMKZXSWZTFQFQ
YADCBBDRBMOOOSSSRIOMSUYEHBHNSRTVORXYLGMJBEDULYITCMMBHYFVJPMVADAOQJIHOGUDABCFKYGFMOZTJLXFLB
UABBBQJPAAAAAAABHBEDGCWTNJKOFZJPSCCSOREYHUVMOGPFIHCUNAGVGJMWOPWWOQWMOMJUZBWEKISLIBTBBBJAZO
ZAAACDGBCDBHVWEVLFOLZGDGOUDTZSXDQUDLFQMBZZVNFUSMDAGSGAMLHEEDBBPGUOLHACDDJFKJLMDPJGNNIFMRTQ
YAAADADYOADGSCAJORYJRSQPLNWZSOSOFENUPDPOIOWNBLRPCYDYWHMGSBWLQKLJPOGVVYFJKHKWZKYPOZLKWCTPKX
EAABBCDDEAETVEMEUCQLKFUQJGZOFSITFMAHYYCOGLTNWBGVYBSPHOGUPIWGHLCNWHNNRLMBNTADNPJBHZPIOIYNXV
QAARAJJKWLPNOFJKCNDTDDZTKKZQBZZFUDBZRNANLSRALDDHYKPFHJIBUQHIXJBUMOOHGSIVZGKHFHMNBPDVEPBNKE
HAAABDFGKGZOQOSEJGIFVAYQCTENKAABUTUQVPKUIQDOQNTCDHCFUGGXRVTARYQGUFBJPGEJUGCCQFLRUFTHKICGYI
WABAWBCDJNVNYULNUGFNTJHHTGOENMCGWFUHVXPWQHBMJWCMBFCVEUFWQYDKQRXVPKTXAMXMFJMJSXVHFPWXXGNUOE
FACBCFPDKIOVCTQJPDYKFYBTUSHSCIFOGDBWSQHALDHRMENHMFZLJQNYWAZTNVTZKHVKJJIYCIOGXVMCSZDJQBHJVG
KADBIBBBAHUECCSGGOXSLJOKJLXAXKGKTBHXBSMWNXSTGZKUQKUJLLYNIKQQSZYPSUIOWHRAPQYQHVFWXTYXRMEZZD
CAAJKFRDJEXASROQAJCADOERBLGPUHXQEYVVEDKFZUBAKTGBUIIZTTFLFRLXGVNSLZVUXKSHXSUCUJLQNSXZCDNSQL
SACCEFAQOXOXBIFCJJGOLATVFHVGVLIPYXNPAFFZQDRPGVJWDDDDGYZPCMGOZKHMTTTLARQMAUEOZZRMTBFNQZLMFF
VABBCBCGPUYWPODWLPDVIGOWWURHDPPUTJZBNOZSMQPVGLLVHDPETNLHNCBLAMRSRUOKOKEGOJFPESMHVXCSTJOWYM
NAEHGKEOAGWCULOZEVQYTETCZQOOERLMNPIMMJRQNQZLVYFLZBLMQBWQYZQIYGJACJEROVCUXEHCLDVPBULYCPBXTR
UAAAEAYAOHAPSSNMHGUZVAUEFFKIJLYEKZTHPNLMNGYEWWZDTECZGEEOJCDRQXIIAVXHNCXUCMWRBTKABRYYLQNNFQ
IBBBEOBCZBNSKWGUFVICSRISAYADINRJMMYPGSTLUBKZGYVYULYCWWCTOCPCKXYOBSNBPDORNUNKQILGIYUPYFPYPZ
TAFDAMKHBDTNFDDCBZUUICJXDJGZMDYXXJRKPDFYHVXPLIWMGIVGXEJJZCKORQTEEIEVXITTROPFXUUMDREHOQKBDJ
TADAGILLOFVVGXUGABYUBOBVOJOOGHFOXAJYEPFIDSWNWRUFXJXEMNPNNOSISKLFRTJYXCMINJGTCJBYGFBLQTTHHN
GBDBECFDGCFBIHDRNNNLBXFNTDNOHOXREYYAGLKCCBSBAOGSESFZMXLVUJLUNGFBGVSYWOCSWWIRLZHZZVKQEFEYJC
AACACDDDGHHSIGBMUFWLRZMDOJLIIMECUFQDMGFMZPZVFJWDZFWQEMTLLSALMZCCRUQINVRTLGVVHCJBZFBTNANCCN
IBBGKADEEEJZEESKEDKCQWGMOLDVOCMQKEBCZXHXIYSWZIRKNHZHVXWCLFIKYENLRNPCWUJNFOQCHZDXWEXRWVPFXT
PABGPSZHVHRJMOCWEHTHIEFLNWMUGYGZOYRGZCXHROPGHTHBONKEUEHDTPOBIIZCFDLIVZEDIAOURGGNPXMLVGNOUX
WABAWAGBEVEXKSDMWYBUQLGETHFTIFZUPNIGILZYHDWEKPUTCFXUHFCOBNMCPSZXFJEHXSSXHGROKGFNQNALAYISLI
ZBDAAABCGPAAFHSZALUJHNWMVDIDPBFOMQKCVJDCEYEMASMQJAXGRFCCGBZYEIEBECYJXCWCEBPJCLDLNQZWCBOIOP
EBDABBDADFAJUBPLZZVERSLRVJOTGNDVZGHJXBEIWGSZGKUIVNINLNMPPMRIIWDJNQEJTCGYKOSJSNBXOMGJZKKPXT
UABBLBFFNLTKHLHUEBDHFVEZWZJSCJWIWODREILPXREAPAUTVHKQLCNXHGGDCPWWHQJMISTPATMLUVHPCDOJSYYZMK
UAUNKAAGXMBAGSRGXMLIUVGHWHRTPVZXTFEQIRKSZESLCWBNQNCARMJXLPDYNMLCEKNMYVOFQYEDBTUGYWDGMPKLID
MADGBFIDEIJKOUGFEFACGRKQIVOGFIMHMZPXGQHHUUFMECQISVHUNDJJUFTOUBDBRAGWLNMVOIFCKCVIOGLUNEQIAT
KACACKYSXRAJBKZQLRAZWBKYHRCELCRVDTGGIKBDGWSJPQKOENLJTUVLYMRLBLSGDODFLLRXYHZZKPXEKHUBWHCMUE
EBBBBCDABEKSBYSSADQFMDJIECWPIHICDKTKWCQCVKQPNMHTNWOIBDAZQCSOWLOXIPQMZFTRDZXUGMWRLKZAMBTZBC
EBEDBBHPIENNQEXYLICEXJHDXTXJCWIUQOGTHCXCXDCJQYRKHTCWJXEQOVUEDMVPLLBQBWELLJDMUDAKVXDPZIIEKP
YAAADADYNYZMZFIIVJGDRYVCYKIDCVUMTMWTJAQXOWNRCRJAIINLJNZWSIDUAQAUNUGICQYWAHZZZWWOKOKFWHOOVP
NAEIDFLBXITQTSYPOTKHZXUKJSVRIDLCZNXXAIXCZDHGWAEZHWOAJSVZCZTBKVRNRLIJNXOLTBDCZILDJQBIUGZHDO
GAABBOEAGJSCUWKXAREPTFQKIOFFPBLVJUGJFPTNYEMAGJLVCYOXLXVWIQNIJEPUFMOUCDLRRWMLCDEISGPLSRRCRY
IBBGNGNWMVLBGQVIYJNHHFJKXFIGSQLZCTQTEPCNYZHYSPXQSICWTQXAHVHPVWCRUWUVDQASYFCRYYLSFRUBGJRYGS
HAEBCGMIWWZULSIWQFDEASIOEQUOWUWHZRYPDZKOKTVSMKTNROSGDRPAGQDQDHTROVACZJXWCVPFRTDAELCPIVALOA
OBBBCEIEJJNCGETEJWRMNAOFPXLZDTBFKTTLFCVNJPBDJBLLDGUULZCPKOVMZBITXNPMCKSLMFAXSFXVIUNGMGOEDK
GBBBGZLDDPQPBKMBHVTFWTCCSEBNSLPKRCCIMDLNJQXPYZRLTEWENVFTJMPXYHNYRKVWMVCWYOUORCQJASUKQTJBEH
XAAPYACFXCGDFWCGNLMDGJLZELXXMVYRPSOBPZMZBPNYQKUTEPSNCXWBJENJGWSTQGGMYHXURRXMOXLCZCFFYFEUWR
IBBBENXHKWTLKPDSDIYJWGDATIWVFJIPKMUGEKIKIYLBJVFEDMRVAMWBKMJHKWWDNAITLNIXQLEHTDRHMOTBMVNONE
LACCIDEIBBAXCKBARXNCPSHGWVZPLVYJPSBRHOYKKCFZKMHQUBMVQKHKWEIORFTWXTBQIGGTMQSCTRKXVKTCFOLSAK
MADGBHBCJJNRSIZFPSLIJAHIQNEBYPPQAAIIEXHXMJTMWBPNWKVOZXPXIMZIIJGPCDPWMVJBRTKSUYGXXTGGIMLGWW
AAAAAAABBUOWYHOCTBUDXTREGEKJNSQREZGMQORQEWPZWQFNLHACXOLWEUEDSZPONDJAQZSFYOBOSTDLIMCVZQQLBX
GAAAAACCCEZBRGQMQRNKZPARAWRMIJJXXHVXOPOMOEDLODPDMRYFBOJONDJCWHFYYJKZMYCGNEZOFKSCAFDFXDBRCK
PABBCCCBRIPYUCIXVCRIFTMMGRPQEELIYRIVYLKMZKQCNKOVRIJMXWQYVYDCNATTCDQAANLEFOYWSENSICVSFHRGGR
LACCACCEKLMGKWLWJMDACDHLOVBTGJXSEFDMIAYFKBPANXVPOLIAJQZEGMYNURKMKLHAOTAPVMYYZSRYSXJDBMHBSN
UAXADRAAAABDGLGYMZKXWKEMRSFHZBFQOQFPGWUZSRYHTCLXYRJZTTNKGYXHONADMXQWWQOAAWESGDILOQYYZCLXZI
OCACCEAAEAAEFFQNOTNKJAPQFRABPWRQDHIIQLDDGUANMZVZXOCWTBCORDOYMCRPHOZMMYISHZQXWRUDTBGNAHYJAS
YAAACDAFFFNBQAXAKQNKTMFKMPUDXAICDXMONAYGFBRTPSTYHTYFPZIFSWUGBUNOHENFXKJIBCTIVNJYFCJKULXLPZ
HAAABHKQYVRBUGHBZXHVYRYUGEFBLGLWMXJZRBRDSVAOJCPJSCKHPEVXIPDVUHKKVYEDGRPGAUWHEKLHSZHEMKTRQR
KADAACCCJQGWRYHDGOQMVTLQPRHTEMDZAOTLENCMWZYMZZEDQTPMQLTOPPZKIPHWSYBKWPMHFFYXDXVPQBLUZAPBMD
IBBBBDDBVPYRMVGBZAEKBTMVDWBIGDTKNTRYZDXQDAPBDHSYQHVAYTYYBTDRPGMVWLZZHKKPHOTMWNETLNVBGESBCV
LAABGCADNBMMYZDNDUBKLTUSYYXJZJKTFMTMUNRNMLUPCWQWZGQAFQDMSPOQBCPCSGAJDAMCCOXBRWKSNBZCQIOPXA
JADAFAUACAEAVVVYPZAOLHLHHOIZNQHVKTNIASDMNOIIWPZEWFZCZACCUUHJHVKOIUJQRXHVUQNWMHBORKJOFXGGJY
HAAHCDDDAAVFWSBDQFGBNLZGDPPHWMTLEHQUBOUGJWLZGBCOCVBOBDAYTGSUJWMBXCEFNNAKWLVDZPCTHJTUFTDHEA
QAAAADABBBIIKMEGPMIATUMSSHAVSZNRLWOQVZFBEDPSKGLUCJWOXAKNXRVMUPQQRDPFVMUHDKPMNMNMVURMLHJMVQ
VABBBBDBNPFAIASEMNLHNNDNTQPWLKWTADOAYZDNSQNKLFLOBUHVRSJKRIBJUYVDDMOZGPZZZTLWWCZRMYVPOJQDEO
CABBHKPQETEMOXEIENAMDPAOAUSRMHJMDTQJGJVAWIQKRFEBYMHNYYHUWHGHRTRIOOKFLSMBSMJVWIBNKRFDNYOAKH
JAEAFBDFARZRTUJGHLGUGKLHPLRVDQDGCVNZKNMXANSYTHTEBPGWVMKXMJGLRRWFDLQTGACXRSLZAVCVMNDDVCZHVN
GABBDKBAGDJMRLCCLUKVQTIECKWTBXZCXAYVUZJHWJLCSHMWHVSAXBPJWUAGTRLRWSOCEZAZUVXNTAQKGYOQCXQHBX
BABDBBCDFFIHELECCVLCSQWUJFCWYPPOMEFFVUEVYZYYZRZZZBCBJLWGCDVVNEOQLGOVIWOQPILLETGUHGNCLUDPIF
KADBOCMNQBXZNSYSVEFKBXPXCGZCTJHHPKMVCMXCEZDZSYSUPDBKILZQYRKDLLDORFQNAVJBGIBKPTHKONDBEQTBPP
OBBEADBBIXWDLRSQRGIFOCBMDXMDEXNOTWOBKGYEEAPSCBWUICJBSSWXNVXPRDKJCGWPNVIHNDFLWGGPDOPHCKYLIT
CAAJKFREBCLPOZZRMVRDZHSWVEMUQOBMCXMFVXQOYNUNBEJIIPRADRBBYQOEKOHJHEZQMSXDLFLWTYFOYYECFEZWWT
QAFCELDMDXLKVJHEAFVJUKKESJAAVDAOQLHKXMABARLXXTFQDGRSGMWEFRMSBZLHYTLWXCEUXSWVNYOEAGXLYGOVUF
GBBBGZLDTPDTKSKQXBUJHTAVXSSFOBRGGYBETEOBDEDELMTYGKVXZGZVODYHZFVXCBEHQQBXMGHXVWVCABXACPCUOH
UAUAAAABBDFEDZRKUZSXCCSXBIOVCECMVNVKJHADQIHVBABVNGTPEEIBXMJCPYQWRPUHNBFRPUETQTFZVRIMQGYQJN
QAFCFTACCCDFFGOYXRYUGJPMXACZQLPXGVYFRYLZUPKPADHBNGYLMZJDGTQCNIFTCMHVZKETHUXGSFCEMDMSGRAVRI
VAACAXGGZHAMMAXDAEDKJBVUGJQDCFOBMQNIKEWSIWROTVLAEFFESBHCRDBSZUEPNZAWHCUOEIIFJVTWRVMWCVLYCB
ABGLINQMBIDDFWNBWXZMODTHPXDCBGFPSUGHPWQVJUXGRFPQGBESOBLOLBZHUSWNAXAGRDGEDNZARTZLCMAXRSKYKX
HAAIACCVGUFPPDFEFNUCWNBGSWLVFPXPFACTMDAOIHOZKKEWMFZZWOWTYHGUCJOHZBGRXBUAYNORJCCTFZRPSLDGUF
QAAAADACACODGVRKRYJOSLYNARVKEOMPARSPUXSSROZKSOHDEJQKAMHBPNLQOGAPGXIPEHTHJRYUHZLGRRPPSWAOVO
SAJGGOBPPYEWEGROVZWRYCZPZUPLVMSGPWTURMXLKVELHGOEQZBGKLAAKCSLKYQGJCELGFCAZFCWFGHNHMJEYOXHQE
EBEBCDMABMJQDMSCKGVYGEJLEJVNXICGPDTRBARPAUEFXSBZKPVLJXZOJTBNYKPYDGCBTMWKKQXBEKWQFVQEPJPZHP
IAAAIEAAAAAAAACCEECUWDERIYEBJDNYRDRCCQZEBWGXEIYCIVDNMRBUXSAFKHZFTBWTGUYFTSDEYBTHQRYCRZGHLZ
JADFFHBEEUIHKDWTYDSBLUXCTUTFTVHCIKZLBIGYLGNGVWQUYJEDMMMSXASWSXFQEJQQLHNFCWJCPSENZJUTVBVOMH
GBDBEABDKYEMBKBNQNSALXAOODWTWIASAEVYLAXCXCXISSWFVCRIDCQYIWPXLMLTHEDUSMFSDHYPKRRROOSQHUDSVA
IBBBZYHEBZLFCGAWPGRLKZBHFTUPGVFYAQXMJKWOBPWTHNSRHGGPVSEMOPGORZRMVACCNOXXADOZKGYJZTUVEAGPWB
SAGMPNIAAAGKOIEWKIJZKNURBNIGFTXDGLCWHYGBSAJABSUVMBVIJZRUSCUKIFIYPNAYRWQHBCOROTMJGTOZHHPGDR
QADBBECLMLGNKMAIEYOTRCQEGPPBRRNAQDZMRDNHYCQXSQUKDOPGRKCRCTTFVIUYVHQURBLTXPLLYMCVQWJEMUCUPS
PABDJIIDGKTWEIROPMIKISWVYULGAUTSGXJVEMDODRQLTILGTLOGEGZOEZOAYJEPVIAWEOLREBHIOSQDWENJAHUJZJ
QAAOABCCCVBLCYWLRZBWVIUINBEAYIVBUJGVCEJRKAYDKKIRQISPVJHBRVZECLMPPQUWYOGWRDPNWQGXHRKKLBYVNJ
NAEHADFAFOVHUBUJCWJNONOMQTNWZRROJDHIKMJCHMANPSBXTMPVFDERSFMBFENTPMLYBYHNCNSLWJGBZJRMFTGKMD
XACAABBCJXCPCBCOJBOIFOSLESEVEREXPVGYMHLCZJLUAXATYLFQRUKHEMWCPXLCBNICXTNGIVBJWDXURCTNPPLUXJ
TAEAAAIKBYBPWKJFWKZWMKLJAPIUHUQNMUNIPAARAOUQIFXTPEKHMVRSZTJQAXEDMJJWWLYKHWJWCZGUXBJJLGEHOX
QAANGOTRAOEDLFGYYJLKERDDXHYPTCNHOAZQQADMVJKEPFNUTGUOBQHUKNWAPQLLRDDIVVKOUZVQTFCLGGSBQLUCMA
SAAAAADDIPOPYAKWMUUHOOKXWKZNMVOYZKNKGYPUXQFCWNEXLBCROHSNSPEOSOSVWBTESIJURPYDDCUHLNETWRNLRX
TAFCDFLGOKMQWWIGYBNUEPXAPUXATMHURYWXBKFKSLYDVFXLVBONOHJQHIVQDFFCIKWGXAGGIBXJVCACQEBXAIJKBP
HAEBDAHBKNRHKUHEISBFYIMEDGHEYGWTAWJBFQJSBGHPKMOOJBNKLLYDQKJSPUECZRNQFLLXGBFNZJGOQKTQGMFCMT
OAAAABCGJNSWXWZOHFPMKNUITHZAINOWEHKWZSLQFOIBFHDJLQTYMXENVTNCFHKZBKAESRCQGAGKPZHXOAACSXIILU
PABHAEDAGIJJKFSKDBOINSCJYJYRUMGCLSEWDSGBDHQGLWLMGMHJTYDFNVEVAPEQKFAFPOEDSDKMIFOSYLZTJWSENQ
UAUPEEFBBIKARMDYTIPKNPMZXZLGKPNMHVVHYIWHKZRZCDXTZDBFBQSWATJMYXJKLXTVZLLEYKFLWXQJEASAQEGDPR
SAJBNZROJAXFULXESGCAXUVIHAQZCTGWKPEJIPWPIQFUIMKNXJQCSAPYHMBATBWTFSEYJYKGMWPJGIJOYYPUCFEZXG
EBDABBBBFECFGGHZCYYKEECYTDRNMKZWRGTRJDHIXLWNMHVMYCWFPSCQBDEBQTYBMTVEXVFEBISKNPJUDNSFJGVEEQ
FABEAAGVCCRLAPQEGFNHZBDYMVLTVSLKVPZYQFKUUIVVWXGISYAYQBWFNESTZGOTFIVZMSXNLFSZPGHHCYJQOJFKLQ
CAAJJXZLSFQYWALXEHLWNRLAMMCHPXQLZFBQPNRJRKEHQACPIUFRYSJTCRISAOKSYOGAOWZRUSCUQIZQJDXORNHKOG
GCAADELRDBWXJELAWMSMOSKVAPSNTGLQFPOSBAMWZXRWGJMDBAWPXWTGCWPJZWIKTJHPSQZFFKWXJGYXIAHGOZJAFQ
MABDBBCBEBUXVCIKHJDMJJCTRAXVNMKAPMBJQJRMDNRSSVFVGQFQQHIHKXHTYOGBKSEXCDFHZTVUYJRXELFYYGCODW
OCACABEGERMKBDZBDNXFOCYQSLGZNBJAXGAEPCVUOYQEAKLSRYXNUMXNEVOGMLJTRWZQIFOJFKHMRZNZPAWBQBEPKB
OAAAAABBCFHBBSBORJOSEYPZXKXINRDVGKFQWNTEMKRUYQIKTACKSTBYCHZNCBFNYCTUYDYCKWXCOFAGZKHXCIPYUT
WBCABRFAAUHZRAXULRVSWMXEKTVXCMVAMRYZDUNUHSNIAWKYNEKIXMXUQKNZYHDXYHBNTSJOZDGBHHZAXDICIIPFUI
IBBBEODGGITXKNWMEXOSMVEGDATKOBULEUCZFSOLFMNVORHPMGJCRQMFJEZSAPDIWUSGMMVOOJFHDHNTELOQIOYVZD
PABHAECGGKLNSGGWFBDEKTMEPNKUWSZVFXBIJYVGDEEVDFSEIQYLMFEBVXBBHTXJLDAXYCHCMFVUHVBZQTFJDWAZQS
FABEABPZNSSRHZXDABMFFJBLZQDNGJNRKDPKTWKTQOFGMWYPHHOGWEMESYOLWFMQCERPXUGNUNFXOEJINKEEZILJJZ
TAFIAAAACGJILCOUQBWPPTZECKTZHVQGUBHWRAORVYHEXXYXTLYCXZNOWEULPKUDZILGFMJTVSDSYEISMXZKAHEBKR
MADGBFKBBCDKNBWJUUJJMRBBUYDNADHJGLPWBKNAPHRXWDHVBSRILYBOQILCMVIKQNRDXXETKKSIOETOKRLZRCLSRY
CABBDDCUASPTNPLXTYYKYUTVFPRCKWXGKIPRWGPGVTWTTXLOUBQYCFHPUITLCTBCKPRQKHXGTMYYBZIXKTSYVGLGBK
UABBNCHKAGCRZQRIEKOJQRMBGTPNSLJNHEDAOUZGDMJTMLHDBXVDAYUNGISXBOFSUHKAVJUVMAPTNXFJNBJHTYIMTD
GBEABCDOUERYWMAFYMTQEBROFOKPQXYUNZFCVEESDMJSBIKKOIEOJLSTSCRZIICCCVJEWOMSAUAWCAJHRHDPCPWCQI
VABBBQNHQPPVLHFJBHPHSLNMCPJNLDPKKHPNZXOIGDHVDTRBQDHAWGNEKHBJREXBPXWIIBNXSNSSYJASNVJQQZVTLS
VAADBEBBBGWNRBVOWVKFRVIMICJKWUTIRZMRXVQACSOJANCUHXAEDSKNMJGQBRDAYBUGPJAJPANMDOROPUQQGCQLDR
PAAAACCKBKDAMDLUAMCLGHSQKYOTVIBECTUKUTOOWGNNAIATXQSCVEZOGEWRVHEPUZOVGUVNEIJWVYKMVPCEYAKSDJ
DAAAAABBCCCHFZJTQZEAHXZTLWOAHJNYJJMKWWXXPZOVMBGQASUKSEUQWNHBMSOTPGNZFGWLVPZMWSUKOTNCVFHXMS
YADCHADHAXQLHUJSFRXSNSMLMIEHTINYKZECDFVSNPNHZZFROGCXGZNYLOTEURSQCNVZLCARWAEGNRYHAOXRSOUUFW
PABHAECEETOORAIYTLNTJZBTKDIRLRFLCXUUARMPBPGZANXSSCPEYLGPJCZSBWPXMTWJLHISLQFWEAKVVHYUQNELTO
AAACZAEEFDXGBPQYCJAWXQFKDZTYGFGODTIPZAZEBJDSXOSKHIYZDBDJAMIFTFICGWHHCSEEJXJJSXRCSZRWHCWKPP
MADFAAARBPOFCZDMEQYLDJILMVFMHCQDKZWUJJONOSJGOITUVVSSRTNZRXZGXVWZMEMLQXWDHGTKJPKABZWMKUNXIH
SACBCUDABDTAUKERJWUMPBNXPVWOMFHBZPCILHDZZEGFDIFGFIJVBBMWBRONZAQUCZZSWLYJDNUJOVPQVETKHHLKEK
DAAACCDDGWMBYUUQLJTLBOTKXJITIEDHDLXBTVYAMWKTWRVYIWNELEZXJSZOOSZXDINPHCJYULPCUTZGOSGKVMTVWS
EAABBCDDDDJLOFBEJZGRMOBWLGRBDOXTAXUEIFERXVXYQRVOKDRXEXRTFEXCBKBUKLQIFSDEDXLYQDGZRUYOGEGCSY
PABHADMOGFBNMFIJFLJWTKAPUEDNAGKLFLTMTYHUKDFOSYBAXULEAKKCLBLXJDMWHWSBFJDJKXKVTIDIXKXZVAPJZD
MABDAAHEFNNOQESOPRTARKXRDHMWUYXMTPQCTENJYKMHTNDFOZOZSEGPKBWLTVNAZBHQVXVJFNGFAPHHOVITYUZYRR
HABCDGIHKZJDSOJTGTQXWJIOYISIKEHMQOOEJAVUWZWPLCGPTSFVNUFPKJISOJKUENVYRUCSLTVKECZAXPGSBZQUIE
OCABBBBDEDTTFDVLHDDMIZSAWXPBMKJNOBMVRZNNHVADZLCNTBGTKIOGWPOYCHIVBVJLPGBDBJKYXZBILLBCJQJEUZ
JAEAAJGERNZUABGMQYSGNQWXPJWGJDWJAGZINZZPECUSZPAQLXIESGLFGOFBREWZREONARPHXQPGKAFMQGZQVGJGFP
WBCEKKPIRFTQPQJRNBEJYTRDLRUUPKHOGDZEMXLGICONCOPLTOIQYFJMSRJIMBTAJFKKOOSIRORLEVVJNKZNJIDHPW
EBECCQWBXEOXNWHHHULLXATSARCPLUZNIKMKCZDUNGQLYGRDKGYCGXYSPXAOBHTFCPJCQOGGQCFDLOSENPOIEBJLLU
LAAAAAABEJHIGPVJNDVNFXNYYEPVQYZYAGHPDMNTQVJXYKJDQOHAVLWARGOSAHKIOAGCHWTGDIOSLZXQRDCTVATXHL
GBCABDDMQULDBTCTBAGCJVTXVLPALJHYCJISFWJIZUJNDJHQVBDDNUWSMVCYUZAHWDPADUOJMPRNXDGHUQEWFQYBDI
DAAACCCIDDBABLBQJUEHYXFQUALJMVUDESGBNQFHWEPGAHFOTNXZUSEGDPZUBZIPWECDDUZMDWSAOZTEJUUXQUFDXB
AAAEWPVAWPTBRMGBCPQKCIOUDFGDBAXPTSFDKLEPQGXLPXUICUGRHMKCYBAVNXHCGGPVZPYKBUNGFYXJHZWQQMVLYS
CABBHMCDGJYZDCLKORAFJDTPAULDBUNKRMBNGXKCDTWDIRQOEXCPVIKPUHNGZJUGJTJLVTXEAIOEEYYIMWQYLNFWXO
AABKGBSKFFDBPTOUPOAICKOLULJVQEJYSAXULLVVSMSVZZLLFGCLHTQGVORTWTJSZOXMUECBOHFJVYPSVDITXWTCJS
OBBEACSUETRLYXTGJHWJOMKPNOCQIFFSTCUZMRVUJSMNVVQGSKWLKQECUJBGXLULYPHOPZNVDJCYMSCFHCLHGDDUXG
NACDEYUFBRVCAZOZVXGBOOIHJLVHTQWBDNIPMAEGOGGQTNNBNTHINSRCHZJVPVWVQBBXHZTENEKUPUDIZNEDPLMIVU
LACCIOJOOJQRFLRRSNXDMODBSCBSMMRPDEVCXBXEETBBWORTPQHLHHVEFINMWJZGNVQLCWIZVYLGCNIWOLDJLSQLZQ
NAEIDHCCDIIILHWMJLCEPHTRFGNOGLEQZUKJCLHQAUZHNUUMBMFHSWEUHELRQSEBENYYOLLXPJLWMCXBPDRJALCQJA
GABDFWEZLSHQLGRUUICHJASWSWMHKVVNZBIEKTHNVERELWMUWXDJENVYTGTPVYWNHJIBKATCZRUMDDAKOKYWUVCJLW
ZAAAAAAAAAEMCYQVYRAUBASSZCISNIWRFEDJXZZALCTVKPMZRQJQMUPOMIZMJNJMJIFCLGDUSUEOQBNHUFNPZABGBQ
ZBBBBBBFJPSKXWRQBDONHOYXAQZCRASYZCCGNHHEXORNKIZMUYDQCWCZRDMCAFUNLTKYQXCMEMIENKNMQTAYTRUPDJ
EBDABBBBFCUNSXNQKDVTVPXLIFKFEHKOXBRQOFWLKFXNADLGWMGLCCHJJMFHYLVXGZLIEHXZPBZWPZAEEDGPMSEMSD
CABBBBBBLAAELODSTJOOJMOWJKPVBOPQIAIPSVKRCBFOTKGWSCSZXOTLXFBAYXGZHIGBDSWLUXDRQKXLFNLPIBHMIN
UAUNMDEAUCORXZYVNTTOWQZDGYAYPVHGWOPIROZMHBXIOTWDXHXYUFBGLOFVIJMQKUDCUJMFCDXKDUFQZQPNYEEMOI
KACAAABZNXYXPNBMLFORHRWRPPLICKTMQPVFKEVFUGOHDTWGRTSBMWMNIYWUZGAGJMJCOCBYTZNJFCVOMARHQUYUPW
LACDADFOTOKMDDIWMOEJKHPGYJDONSCHYDQUIVHYEZCOCQOGLYOTGYKQMUEMYKPBVIMNUPROJTSKFLTYIICOMIEJKS
HAAHBMDNHJTLYJTIQGKQWJHUBHGFAPQQSGHGIQVPKEDTZCFSMRNJWTQBEBUZMITWWEXCJJUAUVINQUEOBSUKUVWSQD
QAFBGAGGMPMJKVFIQNXAHUQAOMWNFJOYNWYVEAEWSCYXPJCXJGFZNZCWXOMABDYZBWHRGXFWZPZWYSWYSNSNQNJFPD
UAAAEAXPPHOSXDQTQRPNPODTJICNLSLLNFUYXUBVEPXBPTCZFVVFDSIDPDGABYIUIODCORNKOZBWHWYHXRERXORYID
RAAIAAHJIODJBGIEAEQCUFKSQUWUQIJWRICKUIXAFNFHJHDONYYGWHWITZTBKQJGBOWMPGRJTYFWTIIPMFPJFQMNBJ
XAAPYAESABCJDKSJDRKQPUDLFXAABJRLAZNIUFDYYPENGUYJWXRECXAMLYVTOCCMIIGYCHQXPIKWHFNTVONXEQTKPN
VAADBECEDVHFYXQECMMUPSMTUWMIWGERHZLZLDXOXVXMCOBKBMHFMUZYVPGZANSROGBYATJBBADPUXHAZWJRRHVVPD
FACBCCVWIUYCHZDJSJBVKAYAHXSUTOIIURMVQUVGCQWQVUJJSMQUMUURFXHAMNEARNBRSODYCCHOGKLWUJZPDJEUSI
GBEABCDOUSDSUBCVTCCHSTJURRABHEHVNDLYWQVOSJEAGOSDCFFPYCRUGCFTNRHOOQICAJQORNQPZRNWFWMWDQDEYD
TAFFDJHECOGZXIAXCHFNVOXJOTFEMAZHCECFODKGWAFVYXNWZQDKAXONFAUPCFILJGPTIAXIDLZEKWCTYJWDGEMLCW
BABCDIGNDDGTAOARRMUKAURPEGXICIOLBAUBVGPVREKCSXXHHLKUKXBJNGFOTKQBPZSBKMAUIXJUUDENHWPNSKLSEC
JAEADDGACQKNHNRCHCJTNLPCPXOEQYXZVEOQVPDNRDTKTKZBILMVDMVDDCNPMHTZECJRZBEFVLWWYWDPHTFIMYDJMP
YADACJABCCCCDKNGCISMRTFUXFKLDKEITSXZOHNINKDHOSZXWXWBPUWOAQTSPRUVFFSRCGOPEMKJHKKTABLBTGZXHN
UAUQIFEVPUVKPKOPHMGDEVUBXUFMEKBNXSMDRCDHYQHJMDLOZFHOBMSFFJZYDVVIGKGBANXCFFNYFSKRWVSDGHIWBR
GCBCCPLQDTCKADOWSCNTKXJHTOTNKSQQDDNMIIDYWUUBFOUEPHTVVSLJVZUZCUOTFTKDBCSFPFQNUNLEVRCQAYCZIA
LAAAAAAAACFDUKJEZVSRXWOHEQELZGFXWBVECYQFDEDIDYRVBSDWVWNWDPIGMNBAYHWIDHMIOQKBPGGURUGVYROQET
QAAPACEGOCWDCNXVSMALIKEGGVSEWLLLDVBRAETHZJHRBDNIPZLFZCZRHBEBPUFCBVVSZRZLSUHXNOJFKHYFOITMNM
FABDCAEAVYEINSUUMUYXAYXOWKXVHQVRYZLKUOBZWRRSZULHFKMABYWHAKREHWUEKYQLMZXWYZTWFBXIOZELXUAJAH
XABBBIJBRRBBYFWJQJBXAYSOLEFUGBDMFQMNWGNPHQTVYOQBEQFQTITDABJZYJSHFHDFDFKIQOSHKTDRNLSZKSELNE
JAFAAXBBBDDDFFFNCRYILKTYBYZIUCQWTMSSMPZEDVVNILVKWUYQGGYVAWVTCIEIFKWKGEBIOOOJBTEGHAGBUKNSEW
PABDJIIJADAAAAAAPAVVEJDZCWMQBYSOIGWNWDACDXEWLIRKMRZPRJROGNKHQOKZUUQJRLPTRHNFGOOTWNTHQJHRPR
GBDBECFDFKEMGFJPWENFBIOALNBGYULYHPMCUQIVRBOPFUJQIWMZSZCXJDXDJTKYLPJWKSOAQSICIJPPZDKPYUGRCV
