YES
YZZZZZZYZ
YZZYYZZYY
ZYYYZYYYY
YZZZYYYZZ
ZZYZYZYZY
YZYYYYZYY
YZZYYYYYY
ZYYZZYZYY
ZYZZZYZZZ
ZYZYYZZZZ
ZZZYYYZYZ
ZZYYZYYYZ
ZYZZZZZYY
ZZZYZYZYY
ZYZYZZYZZ
YYZYZYZYY
YZZYZZYZY
YYYZYZZYY
YYZYYYZYZ
YYYYZYYYY
YZZYZZZYY
ZZYZYZYYY
ZZZZYYYYY
YYYZZYYZZ
YYZZZZZZZ
YYYYZYZZZ
YYZYYZYYY
YZYZYYZYY
ZYZZZZZZZ
ZYYYYZZZY
YZYYZZYYY
ZZYYZZYZY
YYYYYYYZY
YZZYZYZZY
YYYZZYZYY
YYYZZYYYY
YZZYYZYZZ
ZYZZYZYYY
ZZYYYYZZY
YYYZZZZZY
ZYYZZZYZZ
YYZYYZZYY
ZZZZZYYYZ
YZYYZYZZZ
ZYZZYYZYY
YZYZYYZZY
YZZZZZZYY
ZYZZYZZZZ
YZZYYZYYZ
YZZYZYZYZ
ZYYZZZYYZ
YYZZZYYYY
ZZYZYZZZZ
YZZZYYZZZ
ZYYZYYYZY
ZYYYYZYYZ
ZZYYYYZYY
ZZYYYZZYZ
ZYYZYZZZZ
ZZYYZZZYZ
YYZYZZYYY
ZZZZYYYZZ
ZYZYYYZZZ
ZZYZZZZYZ
YYYZZZYYZ
YZZYZYYZZ
YYZZYYZYZ
ZZYYZZZZY
YZYYZZYYZ
YZYYYYYYZ
ZZZYYYZZZ
ZYZYZYZYY
YZZYZYZYY
YYYYZZYYY
YZZYYZYZY
ZYYZZYYZY
ZYYYYYYYY
YZYYZYZYZ
YYYYYYYYY
YZYZZZYYY
ZYYYZYYZY
ZZZZYZZZY
ZYYZYZZYY
YYYYZZZZY
ZYYZZYZYZ
ZYYYZYZZY
YZZZZZZZZ
ZZYYYZYZZ
ZZZZZZZZY
ZYZYYZYZY
YZZZZYZZZ
ZZZYZYYYZ
YZYZYZZZZ
YZYZZYYYY
ZZYZYZYZZ
ZYYYZZZZZ
YZYYYZZYZ
ZYYZZYYZZ
ZZZYYYYZZ
ZYYYYZYYY
ZYYYYYZYZ
ZYZYYZYYY
YZZYZYZZZ
ZYYZYYYYZ
ZZYYZZYYY
ZZYYYYYZY
ZZYYYZYYY
YZYYYZZZZ
YYZYZZZZZ
YYZZZZYYY
ZZZYYYZZY
YZYZYYYYY
ZYYYYYZZY
YYZYZZZYZ
YYYZZYZYZ
ZYYZYYZYY
YYZYZZYZZ
ZZYYYYYZZ
YZYYZYYZZ
YZYYZYYYZ
ZYZYZZZZZ
YYZZZYYZZ
YZYZZZZZY
ZZYZZYYYY
YYZYZYZYZ
YZZYYZZZY
YZZZYZZYZ
YZZZZYZZY
YZZZYZZZZ
ZZZYYZZYY
ZYYYYZYZY
YYZYYYYZZ
ZZYZYZZYY
ZYZZYYYYZ
YYYZZZZZZ
YYZZZZYYZ
YZYYYZYYY
ZYZZYZZZY
ZYYYYYZZZ
ZYZZZYYZZ
YYYYYZYYZ
ZYYZZZZZZ
YZYYZYYZY
YYZZZZYZY
YZZZYYZZY
YYYZZZZYY
ZZZZZZZYZ
ZZYZYZZZY
YYZZZYZZY
YYYYYZYYY
ZYYYZZYZZ
YYYZYZYZZ
ZZYZZZYYZ
YZYZYYYYZ
YZYZYZZYY
YYZYYZZYZ
YYYZYZYZY
ZZZYZYZYZ
ZYYYYZYZZ
ZZZYYZZYZ
YYYZYZZZZ
ZYYZZZYZY
YYYZYZZYZ
YYZZYYYYY
YZYYZYZZY
ZYZZYZZYZ
YZZZYYYZY
YYZYYZYZZ
YZZZZZYZZ
ZZYZYZYYZ
YYYYYYYYZ
YYZYZYYYZ
ZZYYZYYYY
ZYYZYZZZY
YZYZZYZYY
ZZYZYYZZY
YYZYYYYZY
ZYZZYZYZZ
ZYYYZZYYY
ZYYZYZZYZ
ZZZYZZYZZ
YZZZYYYYZ
YZZYZZYZZ
ZYZYYYZYY
ZZZYYYZYY
YZYZZZZYY
ZZZZZZYYY
YYZZYYYZZ
ZYZZYYZZY
YZYZZYYZY
ZZZZZYZZY
ZZZYYYYYZ
ZZYYZZZZZ
ZZYYZYZYY
ZZYZZYZZZ
YZZYYZZYZ
YZYYYZYYZ
YYZZYYZYY
ZYYYZZZYZ
YZYYYYZZY
YYZZZYYYZ
ZZZYYZYYZ
YYYZZZYZY
ZZZZYYYZY
ZZYZZYYZY
ZZYZZZZZZ
ZZYYYZZYY
ZZZZYZZZZ
ZYZZZYZZY
YZYYYZZZY
YZZYYYZYZ
YYZZZZZYZ
ZYYZYYZZZ
ZZZYYYYYY
ZZZZYZYZZ
YZZZYZZZY
ZZYYYYZYZ
ZYZZYYYYY
YZYZYYYZZ
YYZYYZZZZ
ZYZZYZYZY
YYZYZYZZY
ZZZZZYZYZ
ZZZYZYZZZ
YZZZZYYZZ
YYYZYYYZY
ZYYZYYZZY
ZYZYYZZZY
YYYZYZYYZ
ZYZZYZYYZ
ZYZYZYZZY
ZZYYZYYZY
YZZZYZYZZ
YZYZYZYYZ
ZYZZYYZYZ
YZYZZYZYZ
ZZYYYZZZZ
YYZZYYZZY
ZYYYYYYZY
ZYYYYZZZZ
ZZZZYYZZZ
YZYYYYYYY
YZYYYZZYY
ZZYZYYZZZ
ZYZZYZZYY
YZZZYZYZY
ZZZZZZZYY
ZZYZYYYZY
YYYZZZYZZ
ZYYZZZZZY
YYZZZZZYY
ZZYZYYYYY
ZYYYYYYZZ
ZZZYZYYYY
YYZZZYYZY
YYYYYZYZZ
ZYZYYZYZZ
ZYZYZYZYZ
ZYYZYZYZZ
ZZYYYYYYY
YZZZZZZZY
ZYZYYYYZZ
YYZZYYYYZ
ZYZYYYZYZ
ZZYZZZZZY
YYYZYYYYY
YYZYYYYYZ
YZYZYZZZY
ZYYZYYYZZ
YYYZZYYYZ
YZYZZZZYZ
ZZZZYZYYY
ZZZYYZYYY
ZYZZZZYYZ
ZYYZYZYYY
ZYZZZZZYZ
ZZZYZZZYY
YYYYYYZYZ
YZZZZYZYZ
YZZYYYYZY
YZZZZYYYZ
ZZZZZYYZY
YZZYZZYYZ
ZYYZYYYYY
ZYZYZZYZY
ZZZYYZYZY
YZYYYYZYZ
ZYZYYYYYY
YYYYYYZYY
ZYYYYZZYY
YYZYYZYYZ
YZZZYYZYZ
YYYYZZYZZ
YYYZZYZZY
YYZZYZYZY
YYZYZZZYY
ZZYZYZZYZ
ZZZZYYYYZ
ZZYZYYYYZ
ZZYZYYZYZ
YYZZYZYZZ
ZZYZZZYZZ
YYYYYYZZY
YZYZZZYZY
YYYYZYYZY
YYYYZZZYY
ZYZZZZYZZ
YZYZYZZYZ
ZZYZZYYZZ
YZYZZZYYZ
YZZZZYZYY
YYYYZZYZY
ZYZYZZZYZ
ZZYZZYZYZ
YYYYYZYZY
ZZZYYYYZY
YYZZZYZYY
YYZYYYZYY
YZYYYZYZY
ZZYYZYZYZ
ZZYYZZZYY
YYYZYYZYZ
ZYZYYYZZY
ZZYYYZZZY
YZZYYYYZZ
YZYYZZZZY
YZYZZYYZZ
YYYYZYZYZ
ZZZZYYZYY
YYZZYZZYZ
YYYYYYYZZ
ZYYZZYZZZ
ZZYZZYZYY
YYYZYYZYY
ZZZZYZYZY
YYZZZZZZY
YZZYYYYYZ
YYZZZZYZZ
ZZYYZYZZZ
ZYZZZYZYY
YZYZZYZZY
YYZYYZZZY
YZYZYYZZZ
ZZYZYYZYY
YZYZZYYYZ
YYZZYYZZZ
ZZZZYZYYZ
YZZZZYYZY
YZYYZZYZZ
ZZYZZYYYZ
YZYZYZYYY
ZZZYYZZZY
ZZZYZZYYY
ZYYZZZZYY
ZYZZZYZYZ
ZYYYZYZZZ
ZYZZYYYZZ
ZZZZYZZYY
ZYZYZZZYY
YZZYYYZZZ
YZYZZZYZZ
YZYZYZYZZ
YYYZYZYYY
YYZZYZZYY
ZYZZZYYYY
YYZZYZZZZ
YYYYZYYZZ
ZZZYZZZYZ
YYYYZYZYY
YZYZYYYZY
YZZYYZZZZ
ZZZZZYZZZ
ZZYYZYYZZ
ZZZZZYYYY
ZYYYYYZYY
ZYYZZYYYZ
ZYZYYZZYY
YZYYZZZZZ
YYZYZYYZZ
ZYYYZYZYY
YYYYZZZZZ
ZZZYZZZZZ
ZZZZZYYZZ
YYYYYZZYZ
YZZZZZYZY
ZZZYZZYZY
ZYYZYYZYZ
ZYYZZYZZY
ZYYZZZYYY
YYZYZYZZZ
YZZYZYYZY
YZZZYYYYY
ZYZZYYZZZ
YZYYYZYZZ
YYZYYYZZY
ZZYZZZYYY
YYYYYZZZZ
ZZYYYZYZY
YZZZYZZYY
ZYZYYZYYZ
YYYYZZZYZ
YYZYZZZZY
ZYZYZYYYZ
ZYYYZYYZZ
ZYYYZZZYY
ZYYYZZYZY
ZYZZYYYZY
YZZYYZYYY
ZZYZZZZYY
YYYYZYYYZ
YZZZZZYYZ
ZYYYYZZYZ
ZYYZYZYYZ
YZZYZZZZZ
YZYYZZZYZ
YYYYYZZZY
YZYYYYYZZ
ZZZYZZYYZ
YYYZZYZZZ
ZYYYYYYYZ
YYZZYZYYY
ZYZYYZZYZ
ZYZYYYYZY
YYZYZZYZY
YYYZYYYZZ
ZZYYYYZZZ
ZYZYZZZZY
ZYZZZZYZY
ZYZZZYYYZ
ZZYYZZYZZ
ZYYYZYZYZ
YZZZYZYYY
YYYZYYZZY
YYYYZZYYZ
YZZYZZZZY
ZYZYZYYZY
ZZZYYZZZZ
ZYZYZYYZZ
ZZZZZZYZY
YZZYZZZYZ
ZYYYZYYYZ
ZYYZZZZYZ
YZYYYYZZZ
ZZYZZYZZY
ZYZYYYYYZ
YZYYZZYZY
YZZYYYZYY
YZZZZZYYY
YYYYYYZZZ
YZYZYZYZY
ZZYZYYYZZ
ZYYZZYYYY
YYZZZYZYZ
ZZYYYZYYZ
ZZZYYZYZZ
YZZZYZYYZ
YZZYZYYYY
YZZZZYYYY
YYYZZZZYZ
YYZZYZZZY
ZYZYZZYYZ
YYYZYYYYZ
ZZZZZZZZZ
YYZYYZYZY
YZYYZZZYY
YYZYZZYYZ
YZZZYYZYY
YYZYYYYYY
YYYZYZZZY
ZYYYZZYYZ
ZYZYZYYYY
YYZYYYZZZ
ZYZZZZYYY
ZZZZZZYZZ
YYZYZYYYY
ZZZZYZZYZ
ZZZZYYZYZ
ZYYYZZZZY
ZZZYZYYZZ
YZYZYYZYZ
ZYZYZZYYY
YYYYYZZYY
YYZZYYYZY
ZZZZZYZYY
YYYZYYZZZ
YYZZYZYYZ
ZZYYZYZZY
ZYZZZZZZY
ZZYYYYYYZ
YYZZZYZZZ
YZYYZYYYY
YZYZZYZZZ
ZZYZZZYZY
YYZYZYYZY
YZZYZYYYZ
ZYZZZYYZY
YZYZZZZZZ
YZYYZYZYY
ZZZYZZZZY
ZZZZZZYYZ
YZYYYYYZY
YYYYZYZZY
ZZZYZYZZY
YZZYYYZZY
YYYZZYYZY
ZYZYZYZZZ
YYYZZZYYY
ZZZYZYYZY
ZYYZYZYZY
YZZYZZYYY
ZZYYZZYYZ
ZZZZYYZZY
