YES
BABBABABAAA
AABBAAAABAA
BABABBBABAA
BAAAABAABAB
BABBABBBBBB
AAABBABABAB
BABAAAAAAAB
BABAABBBABA
AABAABBBBBB
BAABABBBBAA
BABABABAABA
AAABAAAAABA
BABBABBAAAB
AABBBBAABAB
BAAAAAAAABB
BABAAAAAABB
BAABAABBABB
AABBBAAABBA
AAAAABBBABA
BABBABBABAA
BABABABBBAA
BAABBBBAABA
BAABBBABAAB
AABBABBBBAB
BAAABBBABAA
BABAABABBAA
BABAABBBBBA
BAAABABBBBA
BAAABAABBBB
BAABAABABBB
AABBABBAAAA
AAAABBABAAB
BABABBBBAAB
BABAAABABAA
AABABBABBBA
AAAAABBABBA
BABABABBBAB
AAABABBBAAB
BAABBABAAAA
BABBABBAABA
AABAAABAABB
BABBABBAABB
BAABBBABAAA
BABBABBBBBA
BABBBBAABBB
AAAAAABBABA
BAAABBBBBAB
AABBBABABAB
BABBBBABBAA
BABABBABBAB
BABBAAAABBA
BAAAABABBAA
BABBBAAABAB
AABBBAABAAA
AAAAABAABAA
AAABAAABBBA
BAAABBBBBAA
BAAAAAABBBA
BABBAABABAB
AABAABBBAAA
BAABABBABAA
BABABAAABAB
BAAABAAABAA
BABABBBABAB
BAAABAAABAB
BAAAABAAAAB
BABBABABBAA
AAAABAAAAAA
BAABABABABB
AAABBBBABAA
AABAAABBBBB
AAAABABAAAB
BABAAAABABA
AABBABABBAB
AAAAAABABAB
BAABABBABAB
BAAAABBABAA
AABBABAABBA
AABABAAAABA
BABBAABAABA
AABABAABBBA
AAABABAAABA
AAABAAABBAB
AABBABAAAAB
AABAABABAAB
BAAAABBAABB
BABBAABABAA
BABBBBABBBB
AABBABBBBAA
BABBAABBAAA
BABBBAABBBA
AAABABABAAA
AAABBBABABA
AAAABABBAAA
BAABBBBABBB
AABAABAABAB
AAAABAABABB
AAABBAABABA
AAABABBAABB
AAAABBAAAAA
AABAABBAABA
AAAAABBABBB
BABBAABBBAB
BAABBBBABAA
AAAAAABBABB
BABBAABBAAB
AABABAABBAA
BAAABABABAA
BABBBAABBAA
BAAAAAAABBB
BAABBABBAAB
BAAABBAAAAB
AAABBABABBB
AABABAAAAAB
BAABAAABBAB
BABBABBABAB
BABBABBBBAA
BABABBBBBBB
AABBBABBBBB
AAABAAABABB
BABAABABABB
BABAAABBBBB
BABBAAABBAA
AAAAAAABAAB
AAABAABABAB
AABABBABBAB
AABABABABBA
BABBBAAABAA
AAABBBBBAAB
BABAABABBBB
AAAAAABAAAB
AABBAAABABA
AABABABBBAA
BABAABBBBAB
BAAABBAABAB
BABAABABBBA
AABABAABBBB
AAAABBBABBB
BABAAABBABB
BAAABBBAAAA
AABBABBBBBA
BABAAABABBB
AAABBBBBBBA
BABBBBAABAA
AABBBBAAAAA
BAABBBBBBAB
AAAABABAAAA
AABABAAABAB
BABAABBBBBB
AAABBBAAABA
AABBBABBAAA
BABBABABBAB
AAABBAAAAAB
AABABABAABB
BABABABBBBB
AAAABABABAB
BAABBAABAAB
BAABBAABAAA
BAABBABABAA
AABABBAABBA
AABAAABBABA
BAAAABBAAAA
BABAABAAABB
AABAABABABA
AAAABBABBAB
AAAABAAABBB
BAABABABAAA
BAABAABBBAB
BABABBBAAAA
AABBAABBBBA
BAAAAABBBBA
BABBBABBBAB
AAABBBAABBA
AABBBBABAAA
AAABBAAAABA
BAABABAABBA
BAAABAABAAA
BAABBAABBBB
BAABBAABBAA
BAABBAAAAAB
BABAABBBAAB
AAABBBAABBB
BABABBAABAB
AAABAAABAAB
BABBABAAABA
AAAAAAABABB
AABBABBABBA
AAAABBBABAA
BABABAAAABA
AAABAAABBAA
AAABABBBBBA
BAABBABBAAA
BABBBBABBAB
BAAAABBAABA
AAAABBABBBB
AABBAABBAAA
BAAABBBABBA
AABBABABABB
BABBBAABBAB
AAABBABAAAA
BAABABBBAAB
BAAAABBBABA
AAAAABBBBAB
BABBBABBAAA
BAAABBBABBB
AAABABBBBAB
BABBBABBABA
BABABAAAABB
AAABBAABBBB
AAAAAABAABA
AAAAABAAAAB
AAABBBBABBA
BABAABBBABB
AAAAABBBBAA
BAABAAABABA
BAABBABABBB
AABBABBBABB
AAAAABAABAB
BABAABAAAAB
BABABBAABAA
AABAAAAABAA
AABBAAAABBA
AAABAAAABAB
AABBBAABABB
AABAAABABBB
BABBBAABABB
AABABBABBAA
BAAABABABBB
BABABAABAAB
BABAAAABAAA
BAABABBBBAB
BABAABAAABA
AABBAAAAAAA
AAAABBBAABA
BAABABABBAB
AAAAABBABAA
BAABBABBBBB
AABBBAAABBB
BAAAAAABABA
BAABBAABABA
AABABBBAABB
BAAAAABAABB
AAAABABBABB
AAABABABABB
BABABBABABA
BAAABABAABB
BAAAAAABBBB
AAAAABABBBB
BAABBBAABAA
AABBBABABBA
AABABABAAAB
BABAABAAAAA
BABABBBAAAB
BABBBBAABAB
AAABBAABABB
AABBAABBABA
AAAABAAABAA
BABBBABAAAB
AAABAABAAAA
AABAABBABBA
BABABABABBB
AAAABBAAABB
BABAABAABBA
AAAABBBBAAB
AABBBABBBBA
BAABBBAABBB
BABABABAAAB
BABBABABBBA
AAABBAAABAB
BABABBABBBB
AABAAABBAAA
BAAAAAAABAB
BAABBBAAABB
AABBABBAABA
BABAABABAAA
BABBBBABAAB
BAABABAABAA
AAAABBAAAAB
BAAABAAABBA
AAABBABBABA
BABAABABABA
BABBAAABABB
BAAAABAABBA
BAAAABABABA
AAABBBAAABB
AAABBBAABAA
AAABABBBABB
BAABBBBAAAB
AABBBBAABBB
AAAAABABABB
AABBABAAABA
AAAABAABBAB
BAABBABABAB
AABABBAAABA
BAAABABBABA
AABBAAAABBB
AAAABABBAAB
BABABABABAA
BAABBBABBBA
BABBAAAAAAA
AAABBBBBABB
AABABABAAAA
BABAABBABBB
AAAAAABABBA
AAAAABAAABA
AAAABAABAAB
BABAAAABBAB
BABBBAAABBB
BAAABBABBAA
AABBBBABBBA
AAABBBBAAAA
AABBABBABBB
AABAABBBBAA
AAAAAAABBBA
AABBAABBABB
AAABBBAAAAA
AABBBAAAABB
BAAAAABBAAA
BABABABBBBA
BAAAAABBABA
AAABABAABAA
AABAAAABBAB
AAABBABBBAA
AAAABBABABB
AABAAAAABBA
BAABBAAABAA
BAABBBBBBBB
AABABBBABAB
AABABBAAAAB
AABBBABBABB
AABBAAABBAB
BABBBBAAAAB
AABBBAAABAA
AAABAABBBBB
BABBABAAAAB
AABAAABBBAB
BABABABBAAB
AAAABAAAABA
BAAAABBAAAB
BAABAABBAAA
BAABAAAABAA
BABAAAABBBA
BAAABBAAABB
BABAAABBABA
BAAABBAABAA
AABAABBAAAB
BABBBABAAAA
AAABABBBBAA
BAAABBAAABA
BAAAABABBBA
AAABBBABBAB
AABABBBABAA
BABBABAABAB
BABBABBABBA
BAAABAABABA
AAABBABBAAA
BABBABABABA
AABBABABBBA
AAAABABBABA
AAAAABBBAAB
AABABABBBBA
AAABAAAABBB
AAAABAAAABB
AAAABBBBBAA
BAABAABAAAA
BAABABABBAA
AABBAABBBAB
BABBABABAAB
BABABBBBBAB
AAAAAAABABA
BAAABAAAABB
AABBBBAABBA
AAABABBAAAB
AABBABAABAB
BAABABAABAB
AAABBBABAAB
BABBAAAAABA
AABABBABABB
BAABAABABAA
AAABAABABBB
AAAABBAABBA
AABABBABABA
AAAAABBAABA
AAABAABBABB
AABBBBAAAAB
AABBABBABAA
AAABABAABAB
BAABAABBBBA
BAAAAAAAAAB
BABABAABABA
AAABBAAAABB
BABBBABABAB
BAABBBABABB
BABAAAAABAA
AAAABAABBBA
BABABBABBAA
BABBBBABAAA
AAAAABAAAAA
BABABBAAABA
AABBBABBAAB
BABBAAAABAA
AABBABBBABA
AAABABAABBB
BABABBAAABB
BAABAABBBAA
BAAAAABBAAB
BAAAABBBBBB
AAAAAABBBAB
BAAAABBBAAB
AAAAABBABAB
BAAAABBBBAA
BABBBBABABB
BABAAABAAAA
AABABABBBBB
AAAAAABAABB
AABBABAAABB
BABABBBABBB
AAAAAAAABAA
AABABBAABAB
AABABBBBAAB
AABBBBBABBA
BAABBABBBAA
BAABBBABBBB
AAABAABBBAA
AAABBAABBAA
BAAAABABBBB
BABAABBBAAA
AABAAAABAAB
AABABBBAAAB
AAAAAABBBBB
BAABBAAABBB
AAABBAABAAB
AABBAAAABAB
BABABBBAABA
BABBAAABBBB
BAABABBBABA
BAABBAAABBA
AAABABBABAA
AABABABBABB
AAABBABABAA
BAAABBBBABA
BABAABBABAA
BABAAABABAB
AAAAABABAAB
AAABBAAABBA
AABAAAABABB
BAAAAABBBBB
AABAABBABAB
BAAABABBAAB
AABABBABAAA
AAABBBABAAA
BABBAABAAAA
AAAAAABBAAB
AAABABABBBA
BABAAAABAAB
BAAABAAAAAB
AABAABAAAAA
BAAABAABBAA
BAAABBBBBBA
BABABBBAABB
AAABABABBAB
AABBBBABBAB
BABABAAABAA
BAAABABABBA
BABBABBBABA
AABBABABAAB
BABBBAABAAA
AABAABBBBAB
AAAAAAAAAAA
AAAABAABBBB
AABBBBBABBB
BABAABABAAB
BABABAAAAAA
AAAABAAAAAB
BAAAABBBABB
AABBABBBBBB
AABBBABAAAA
BABAABBBBAA
AABBAABAABA
BABAAABBBBA
BAABABABAAB
BAAAAAABBAA
AAABAAAAAAA
BAAAABABBAB
BAAAABBBBBA
AAAAABABBAB
AAABAAAAABB
AABBAAABAAA
BABABAABBBA
AAABBABAABA
AABABAABAAA
BABAAAABBBB
AABABABABBB
AABABBBBBBB
BAABABBBAAA
AABAAAABAAA
BABAABBABAB
AABAABABBAA
BAABBBBBABB
AAABAABAABA
AABBBAABBAB
BAAAAAAAAAA
BAAABAABBAB
AAABBAABBAB
AAABBAAABBB
AABBBABABAA
BAABAAABABB
BAAAAABBABB
AAABBBABBAA
BAAAAAAABBA
BABABBAABBA
AAAABBBBABB
BABAAABBBAB
AABBABABBBB
AAABBBABABB
AABBBAABBBA
AAAAABBBBBB
BAABBBBAABB
AABAABBAAAA
AAABABABAAB
BABBAAABABA
BABBBAABBBB
AABBABABAAA
AABBBBAAABB
AABBAABABBB
AABBBABAABA
AAAAABBBBBA
BABAABBAABB
AAABABABBBB
BAAAABAAAAA
AAAABBABBBA
BABAAABBAAB
AAAABBBBABA
BABAAABAABB
AABABBAABBB
AABAABABBAB
AAAABBBAAAB
AAAABAABBAA
AAABBABABBA
BABAAAABBAA
BABAABBABBA
AAABAAABABA
AABBAAABAAB
AAAAABAABBB
AABAAABBBAA
BABBAABBBAA
AAAABBBABAB
BAAABBBBAAA
BAABAABAABB
AAABBBBAAAB
BABAABAABBB
BAABBBAAAAA
BABABBBBBBA
AAABBBABBBA
AABBBBBAABB
BAAAAABAAAA
BABABABAABB
AAABBABBBBA
AAABBABBBAB
BAABBABBABB
AABBABABABA
BABABABABAB
AAABBBBAABB
BAABAAABAAA
AAAAAAAAABA
AABBBBABBBB
AABBAAABABB
BAAABBAAAAA
BAABAABBBBB
BABBBABAABB
AABBBBABABA
AAAABABABBB
BAABAABAABA
AAABABBBAAA
BAABABBABBB
BAAABBBAABA
BAABBBBBAAA
BABABBABAAA
BAAAAABAABA
BABBAABAABB
AAAABBBBAAA
AAAAABBAAAA
AAAAABABBBA
AABAABABABB
BABAAAABABB
AAAAAAABAAA
AABABAAAAAA
AAABABAAAAA
BABBAAABBBA
AABAABBABBB
AAABBABBAAB
BAAAABAABAA
BABBABAAAAA
AABABAABABB
AABABBBBAAA
AAABABAABBA
BABBAAABAAB
BAAAAAABAAA
BAABABBAABB
AABAAABAAAA
AABBBAABBAA
AAAABABBBBA
AAABBAABBBA
BABAAAAAAAA
AABABABABAA
BABABABBABB
BAAAAAAAABA
AABBBAAAABA
BAAABBBBABB
AAAABBABABA
BAABABABBBB
AABAAAABABA
BABBAAAAABB
BAAABAAAAAA
AABAABBAABB
BAAAABBBBAB
AABBAAAAABB
BABBABAABBB
BAAABABBBAA
BAAAABBABAB
AABAABBABAA
BABAABBAAAB
BABABABABBA
AAAABABBBBB
BAABAAABAAB
BAAABBABABA
AABABAABAAB
BAABABBAABA
AAAAAAABBAB
AABABBBABBA
BAAABBABBBA
AABAAABBABB
BAAAABBBAAA
AABBBBABBAA
BABBAAAABBB
BAAABBABABB
AAAABABBBAB
AAABABBBBBB
BABBBBAAAAA
BABABAAABBB
BAAAABBABBB
BAAABAABAAB
BABABAABABB
BAAABAAAABA
AABBBBBABAA
BABBBBABBBA
AAABABBABAB
AABBABAABAA
AABAAABBAAB
BAABABBABBA
BAABBBBBBAA
BABABABAAAA
AABBABAABBB
BABABBBABBA
AABABBBAABA
AABAABAABBB
BAABAABAAAB
AABAAAABBBB
BAABBBAAAAB
BABABBAABBB
AABAAAAABAB
BAABAAAABBA
AAAABBABAAA
BAAAABAABBB
BAAABABAAAA
BAABABAAABA
AABBBAABAAB
AABBAAABBAA
BAABAAAABBB
BAABBBAAABA
AABBBAAABAB
AABAABABAAA
BAABBABAAAB
BABBABBAAAA
BAAABABBBAB
AABBAABAAAB
BABBBAAAAAA
AABBBBBAAAB
BABAABBAAAA
AABABBAAAAA
AABABBBABBB
AAABAAABAAA
AABABBBBBAA
AAABAAABBBB
BAAABBABBAB
AAAABBBAABB
BAAABBBBAAB
BAABBABAABB
BAABBABBABA
AABABABBBAB
AABBAABAABB
AAAAABBBABB
BABAAABBBAA
AAAABAABABA
BABABBABBBA
BAABBABAABA
BABBBBAAABB
BAABBAABBBA
AAABABABBAA
AABBAABBAAB
BABBAAABAAA
AAAAAABBBBA
BABAAAAABBA
AAAABBBABBA
BAABBABBBBA
BABBAABABBB
AABAAABABBA
AABBBABBBAA
AABBABABBAA
BAABBAAAABB
BABBAABABBA
AABABABAABA
AABBBAABBBB
AABABAAABAA
AAAAAABABBB
BABBBBABABA
AAAAABBAABB
BAAAAABABBA
AABBAABAAAA
AABAAABAAAB
AAAAABABBAA
BAABAABABAB
BABBABABBBB
BABAABBAABA
BABAAABABBA
AABABAAABBB
BABABBBBABB
BAAAABBABBA
AABBAABBBAA
BAABABAABBB
AABBABBAABB
BAAAABABAAA
BABBBABABBB
BAAAAABBBAB
AAABAABBBBA
BABBAABBABB
AABAAAAAAAA
BABABBABAAB
BAAABABBABB
BABBBAAAABA
AAABAAAABAA
AAAAABABAAA
AABAABBBABB
BABAABABBAB
BAAAAAABBAB
BAAABAABBBA
BAABBBBBAAB
BAAAABAAABA
AABBBABBABA
BABBBABABBA
BABBABBABBB
BAABBBBABAB
AABBAABABBA
BABAAAAABBB
AAABBBBBBBB
BAABAAAAABA
BABABAABBBB
AAABABBAABA
BAABAAABBBB
BABBAAABBAB
BABAABAABAA
BAAABABABAB
BAAABBBAAAB
AABBABBABAB
AABBAAAAAAB
AAABBAAABAA
BABBAAAAAAB
AAAAABABABA
AAABBABBABB
AABBABBAAAB
BAAAAAAABAA
BABBBABBABB
BABBBABBBAA
AABBAABABAB
BAABBBABBAB
BAABABBBBBB
BAAABBBBBBB
BAABBAABABB
AAAAAABAAAA
BABABBAAAAB
AAAAAAAAABB
AAAABAAABBA
BABBABBBAAA
BABBBAAAABB
BAABBAAAABA
BAABBAABBAB
AABAABAAAAB
BABBBABBAAB
BABABAABBAB
AAAABBBBBBA
BAAABABBAAA
AAABAABBBAB
BAABBBBAAAA
BABABAABAAA
AABAAAABBBA
AAAABBBBBBB
AABBBABAABB
AAABAABBABA
AABBBBAAABA
AABAAAAAAAB
AAABAABBAAA
AAAAABBBAAA
BABBBAAABBA
AAABBBBAABA
BAABABABABA
AABABABABAB
AAABBBABBBB
AABAAAAAABA
AAABAAAAAAB
AAABBBAABAB
AAAAAAABBBB
AAABAABAABB
AAAABABABBA
AAAAABAABBA
AABABBAABAA
BAAABBBABAB
BAAAAABABAA
BABBABABABB
BAAABBAABBA
AAAABBABBAA
AAAABBAABAA
BAABBBBBABA
BAAAAABABAB
AABABAABBAB
BABBBABAABA
BAAABABAAAB
AABABBABAAB
BAABAAAAAAA
AAAABABAABB
BABABBBBAAA
AABABAAAABB
AAAABBBAAAA
BABAAABBAAA
BAAABBABBBB
AABBBBAABAA
AABBBBABAAB
AAAAAABABAA
AAABAABABAA
BABAAABAABA
BABBAAAABAB
BABBABBBAAB
BABBAABAAAB
BAAABAABABB
AAAABAAABAB
BABBBAAAAAB
AAABABAAAAB
AABAABABBBB
BAABABBAAAA
AAAAAAAAAAB
BAABABAAAAA
AABBBAAAAAB
AABBBABAAAB
BABBBAABABA
AAAAAAAABBB
AAABABBABBB
AABAAABABAB
BAABBABABBA
AAABABAAABB
AAAABBAAABA
BAAAABABAAB
AAAAABBAAAB
AABAAABABAA
AABABBBBABA
AABAAABBBBA
AABAABBBABA
BABAAAAAABA
BABABABBAAA
AAABBABAAAB
AABBAAAAABA
AAAABBAABBB
BAAAAABAAAB
BAABBABBBAB
BABBABAAABB
BAAAAAABAAB
BAABABBBBBA
BAABABAAABB
AABBAABABAA
BABAAAAABAB
AABABBBBBBA
BAAABBAABBB
BAAABBABAAA
AAABABBAAAA
BABABAAAAAB
BAABBBAABAB
BAAAABAAABB
BABBABBBABB
BABBBBAAABA
BAABAABABBA
AAAAAABBBAA
AAAABABABAA
BAAABBBAABB
AABBAABBBBB
AABAABAAABA
AABAABBBBBA
AABBAAABBBB
AAABABBABBA
BABABBBBBAA
BABABBAAAAA
AABBBAAAAAA
BABABAABBAA
AAABBBBABBB
AABBBAABABA
AAAABBBBBAB
AAABABBBABA
AABABAAABBA
BAABBAAAAAA
BABBBABABAA
AAAAABAAABB
AABABBBAAAA
BABABBBBABA
AABBABBBAAB
BABBABBBBAB
BABBBAABAAB
AAABAAAABBA
AABBBBABABB
BAABBAAABAB
AAAABABAABA
AAABBBBBAAA
AABBBABABBB
AAAAAABBAAA
BABAABAABAB
BAABBBBBBBA
AAAAAAAABBA
BABBBABBBBA
BAABBBBABBA
AABABBAAABB
BAABAABBAAB
AABABBBBABB
BAABABBAAAB
BAABABABBBA
AABAAAABBAA
AABAABAABAA
BABBABAABAA
BAABAAABBBA
BAABAAAAAAB
AABABBABBBB
AAABBAABAAA
BAABAAAABAB
BAAAAABBBAA
BABBBABBBBB
AAAABAABAAA
AAABBBBBBAA
AABBABAAAAA
BABABAAABBA
AABBABBBAAA
AABAABABBBA
BABABBABABB
AAABBBBBBAB
AABABAABABA
BAABBBAABBA
BABBBBAABBA
AAAABBAABAB
AABBBBBAAAA
BAAABABBBBB
AABBBABBBAB
AAABBABAABB
AABAAAAABBB
BAAABABAABA
BAAAAABABBB
BAABBBABABA
AABAAAAAABB
AABABABBABA
BABBAABBBBB
BABBAABBABA
AABAABAABBA
AAABABABABA
AAABBBBABAB
BAABBBABBAA
AABABBBBBAB
AABABABBAAB
BAAAABABABB
AABAABBBAAB
AABBBBBAABA
AAABBAAAAAA
AABAAABAABA
BAABAABBABA
BABAAABAAAB
BAAABAAABBB
BABABABBABA
AAABBBBBABA
AAABBABBBBB
AABABABBAAA
AAABAABBAAB
BAABAAAAABB
BAAABBABAAB
AAABAABABBA
BAABABBBABB
AABBBBBABAB
AAABBBAAAAB
BABBABAABBA
AAABAABAAAB
AAAAAAAABAB
BAAAAAABABB
AAAABABBBAA
BABBAABBBBA
AABBAAABBBA
BAABABAAAAB
AABAABAAABB
AAAAAAABBAA
BAABAAABBAA
