YES
BAJA
DACC
FAJH
AAHE
HBEA
CCAG
CCDB
CAAJ
JBAG
GBAC
BAIG
ABAD
AAGH
CCCD
FACI
AABC
GBEI
GBAG
DBAJ
JBBG
CBEC
GAEH
EBAE
FAIC
EAGD
JABJ
CBCH
IAGD
GBCE
FADC
AADD
EAFC
GBDF
BACA
BADF
GACF
EAAA
IADG
JBBI
DBBG
HAAD
FABH
BAAC
FAJJ
CCCG
DAJH
CABA
JACE
JAAI
GBDB
FABE
IAJF
FAHC
IACG
GACC
BBAI
DADI
GBFD
IAAF
EADB
FAAB
AAAG
JAFB
CBCI
EBAJ
AAIC
AADJ
IAIB
CCEA
HABC
BAGG
AACG
FABF
EADC
FAHF
GBFB
GAAJ
HBIG
JBAC
JAFD
IAJD
FACH
DAFG
FAFF
ABBD
IACA
FAAF
BBBH
JBBE
DAGC
DAFI
IAID
BADB
AAJG
EAEE
EAFI
DAGD
JABC
HBGF
GBCD
AAHA
IBAJ
HABF
GBDG
CABG
BABF
FADB
GACB
GBAF
JBAB
DBCF
JBBC
EABJ
DAGB
JABA
CABD
IADI
CCBI
EAIJ
IAAE
EBAC
JABB
JAEA
FAED
FABB
IBBI
AADG
FAGE
DBBE
DACH
FADD
CBEH
IAFA
FACJ
AAGA
DAFJ
CBCD
EBAI
GAAC
FAJD
EADE
EABE
JAGB
CBEI
GAAA
GBCG
EAAG
EBAA
AAAF
IAGA
BCAG
AAHB
EAHH
IAJA
FAAA
IABD
BAAB
CAAA
CABJ
AAFH
EBBH
GACH
CAAI
JAGD
IADF
FAEH
BABB
HACF
CBAH
FAGG
FAFD
EBCA
EAIE
CBCB
CCDE
AAFC
JAIF
EACI
DACA
AABE
IADH
BAAI
BAGH
BAID
JAHC
GBBG
HBFH
BABH
CBDG
EBAF
BAJB
GBBI
AABF
DADC
AAFF
CBCE
HABB
HBBD
HBBF
EAFB
EAEF
BCBA
EAFA
AAEB
AAAJ
AAGC
GBFG
EAHE
JAFI
IAEH
GADC
FABJ
JADE
BCAA
CCEF
JAAA
FACB
GABD
JAHF
AADI
DAAE
JAHB
GBCI
FAFA
AAEF
FAGH
IBAC
JBAI
DAAC
FAJC
DAFA
CAAG
FAHB
GAAE
JAEI
IAFC
BAJJ
EAIA
AAIB
IAIJ
IAEI
DAAJ
BBBF
GBBJ
EBBF
BAGF
FAJF
AABG
AAGF
DAFE
DBCC
CABC
CAAF
DAGE
AAJJ
IADC
AABJ
IADD
JBBD
JAAJ
FADJ
EBBB
FACC
DAGA
IADJ
DAEI
HBGI
BBAG
HBBB
FACG
GBAB
IAHF
HBDG
BBAH
EAHI
GBEC
FABD
DABG
IABC
EAHJ
JBAA
IAJB
JAAB
FAII
FADF
CCAI
HBIB
EBBD
DAGJ
EAGC
EBBC
JBAF
BBBB
GBEG
FAGD
BBBE
AAJC
IAEB
IBAE
JAEJ
AAIE
JBAH
JAGG
JAHI
DADA
BCAJ
CBDA
DBCB
HBCI
DABA
EAIB
JAGE
IAHG
HBCE
JAIJ
CCDG
JACC
GBDD
GBAJ
FAJG
JAFE
CBEE
EAFJ
FAFB
BBBA
FAIH
JAHE
IADB
BAHG
FAHI
HBCJ
FAHD
FADI
EACG
HBGJ
GBEJ
BCAI
DACF
CCDH
GBBD
ABBB
AAJA
ABBC
JABG
IAAD
CABI
FAGF
AAJH
AADA
BAAE
EAAJ
ABAJ
JADB
AAFD
DAGG
EAGJ
GABG
FAAI
CCEH
HBIC
IBBE
CCBD
JBAD
AAIF
EAJB
FAGB
JAED
EAHA
EAGG
GADB
ABAI
CCEG
FAEB
DACD
IAHA
IBAB
DADH
GBDI
GBCA
GADA
BCAC
EABI
DBBC
JAEE
ABAE
HBGH
DAEA
IAFH
CCCF
CAAD
FAJB
EBAG
IBAI
HACA
HACD
FAIJ
HBGD
IAAB
DADE
GBDA
FAFG
FAGA
EBBG
EAEA
EAGE
DAAB
AACJ
HACE
JACH
FAAC
CCDI
HAAI
CCEI
IBBD
EBAB
EAHC
GAEG
CACA
DABC
AACF
CCAA
GBDE
DAED
IADE
IACD
BABA
CCBA
IAAI
HBDI
CCBG
AAHC
BAHI
JABI
HBCA
CCAD
HBED
AAAA
GBAH
FAJA
HBBE
HBID
FAFJ
CBDH
BAHA
DAEH
JADF
IAEE
IABB
IBAD
EAHD
FACF
EAIG
HAAB
BAIB
JAEC
FAEF
EAEB
HBBI
HBDC
EAAC
AAHF
DAEE
FAEI
DBAE
CCEB
HBFJ
JAHH
EACJ
GACG
EBAH
EACB
CBEA
GABA
FABI
DAHA
JAIG
AADC
GAAG
BAAF
FAGC
GBEH
GBBB
BAJC
FAID
IACC
AAHG
IABI
DABI
HBCF
GBFJ
EAED
HAAF
CCAF
GAED
IAJJ
DAFH
FAFH
GBFI
AAAB
IAAH
GBAD
HABE
DADF
DAJJ
HBEE
ABAF
BAIE
HBGE
CCCB
EACE
IAEC
DAEF
BAJD
AADB
BACE
BABC
CBDB
FABC
ABAA
CCBJ
JACB
CCCE
GADD
FABG
GBEF
FAIG
HAAH
GAEB
BAIF
IAED
JAAC
CBCA
FAAD
IACJ
BADE
AAIA
AAHD
HBIH
GABI
BBAF
IABG
FAFC
EABB
HABA
EAIF
BAHD
JAGC
ABAG
HBIA
GACJ
FAFI
BBBC
BAHE
EAAI
AAGG
AAHH
DBAA
CABE
AAHJ
AACI
EAAH
EAAD
CBAI
EAHB
GBBA
FAIB
IAFG
BAHB
FAHH
AAEA
HBCB
JADG
FBAB
CCED
GBDC
AAFG
DAFD
FAJE
GACD
GABB
CBEG
HBCG
IAJE
AAIG
BAAG
CBED
GBFC
IAGC
JABF
JAII
JAEH
CABB
FAFE
CCBB
IBBA
CCBE
BCAD
CAAE
DBBD
DBCD
CCEC
IAJG
AAGD
IAFJ
HBEC
BAAJ
FBAA
DAAI
AAGE
AABH
DAGH
AAIH
JACF
CBDJ
JAEB
GBFH
EAGA
EAEC
CBDF
DAAF
HBDH
IABF
BBBI
DBAC
JABH
EAGB
GBDJ
EAHF
GBBE
JABD
BAGE
FAHA
DAEG
BACI
HABJ
BAJI
IBAA
BBAA
IAJH
AAFE
EAGI
DADB
FAHJ
EBBJ
HBCD
AAHI
HBEF
AAGI
BAAA
IAAJ
EACA
ABAH
DABF
DAFB
IAGB
GBCJ
FBAC
BAHJ
GBCB
BCAB
GBDH
AAFA
EAFH
EAFE
HBDA
DAFF
BAAD
CBCC
DAEB
AAJD
BAHH
BAIJ
HAAA
GBGA
HAAE
FAIA
CCCC
FBAD
IAIF
BACB
FADE
JACJ
JAHD
BADA
BAGI
IAIC
BAEB
HACC
AAEH
CCEE
CCDJ
DABB
IAAG
EAFF
CABH
GACE
CAAH
DACB
DBAF
EAFG
EABA
GBFF
JAIE
BAJH
DBCE
GBCF
DBAB
IBAF
DACG
JAFJ
AACH
IADA
BACD
AAJE
CCDD
HAAG
DAJG
EAAF
IAIG
EBCB
JAFG
DAAH
IAHB
IAHJ
IAFB
IAEJ
IBBG
EAIH
JAAD
IBAG
CBDC
FADG
HAAJ
AADH
AAFB
AAFI
HABG
CBCJ
HBDD
DACE
EAFD
CCCA
EAAB
JACG
HBFI
EACC
EAGH
EADH
AAJB
GAAB
DBBH
AAEJ
GBAI
FACA
GAEE
IACH
DAEC
BBBG
AAEI
DADJ
EAEH
CCAE
JABE
JAHG
HBDB
EADD
FADH
FAIE
BAIH
CABF
EAIC
ABAC
DBBB
IAJI
IBBC
IBBB
GBEA
CBDI
EBCC
EADI
JAIB
AAID
EBAD
EADG
IABJ
DADG
AADF
JBBA
CCBH
EAHG
BBBJ
HBCC
JADJ
AACE
DACI
DABJ
ABBA
HABH
JAFF
JBBF
AAAE
HBBA
AABA
EADJ
JAFA
DABE
EABH
DBBJ
JAAG
EAII
CAAC
BAIA
IAFI
AAED
JBBB
JACD
BCAE
HBIE
IAHH
FAAH
GABC
AAAD
IAEA
FAGJ
JAAF
GAAD
EBBA
EABC
IBCA
BACF
DAJI
EAID
FAHE
FAAJ
EADF
AAJI
FAGI
HBBC
GBCH
GAAH
AAGB
EACD
GAAF
IAIA
BABG
GACI
DAGF
CBEB
IAIH
AAAC
HBGG
FABA
FAAE
JADD
GABH
BACC
DABH
CBEF
FAEA
CCBF
IAJC
BCAF
CCDC
JAHJ
JAID
AAGJ
EADA
IAAC
IAEG
IAHC
JAIH
BABD
BAHC
BACJ
IAHD
AAJF
AABD
BADC
GBBF
EAJA
BABI
CBCG
JAEF
IABA
CCCH
BAJE
HBBJ
FAAG
DAEJ
EACH
IABH
GBAE
GBBC
EAGF
BBBD
BAJF
EBBE
DBAD
BBAJ
DBAI
DADD
BCAH
BAII
BCBB
HBDE
DAAA
IAHI
FAJI
AAEC
DABD
JBBH
DAFC
DBBI
DBCA
DAAD
GBFA
GBFE
IAII
GABJ
FAEE
GBEE
GBEB
BAHF
JADH
GABE
BAJG
JAEG
BAGC
CAAB
GACA
CBAG
FAEC
IAAA
IACI
HAAC
BAAH
HBDJ
JBAJ
HBIF
CCDA
IAIE
JBAE
JAAE
JAFC
JAJA
GAEI
JAFH
CCCI
FACD
FACE
JAGA
IACB
EACF
EAEG
DACJ
HBDF
GBED
DBBF
CCAJ
CCAC
CCAB
HACB
GBBH
HACG
DAGI
ABAB
GAEC
HABI
HBBG
CCAH
DAAG
GAAI
IBBH
EABG
HBEB
AAFJ
DBAH
ABBE
IACE
IAHE
JAIA
CBCF
HBCH
IBAH
AAAI
JAIC
AABI
FAEJ
JADA
JAAH
CBDD
AAEE
CCDF
BAIC
DBAG
EABD
AADE
GAEF
IACF
JACA
