YES
IHI
EFJ
JJH
ECG
GCA
EIG
CJH
CEC
HCA
DFE
IFI
HEJ
HHC
IFB
IIC
GJH
EIJ
DJJ
DGH
JIG
DBH
BDA
CDJ
BJE
FAE
HBD
JGG
HIJ
BAJ
FCH
AGA
GAG
ICF
AEJ
EEH
IAE
III
CFE
ICJ
GAI
JDB
JED
FED
CIH
GAA
JEA
CAB
ECJ
JAD
FDJ
FHH
EIB
BCJ
JBB
HGG
AJD
JJJ
HBJ
IAJ
ICB
CAC
HFA
CBE
BAI
IFD
DDG
FJA
HII
CEI
IGB
CCE
JJC
HFG
FFB
HCB
GEG
ADH
BEA
BFJ
EGI
DFH
FEF
HIC
FAJ
GCD
EBA
AJI
ADB
CEH
JJA
HGH
IJB
HGE
BCG
GCG
AFE
HGA
DCH
FIG
FAD
CBC
GDG
FGE
JAC
HHI
IGI
GBD
HFC
GIE
EJF
IIA
CEJ
JFC
BEG
AGB
CAG
AGE
GHB
BIA
FCB
DGE
JHE
BFI
JHA
GEE
BBG
IBI
FBB
CGJ
HJH
DGA
JGC
IFH
ACB
DJC
HJG
FHA
CDC
JIC
BDD
CHF
GAD
CIF
IDB
BJJ
DAH
CEB
HBA
IJC
FBA
AHC
FBH
DDE
ACC
GHI
GEJ
BJF
DCE
EAG
HBB
AEH
JCE
DCA
HJI
HDD
DGF
IAA
BJG
AFF
BEF
FDA
ECI
DGD
JAA
FFG
AHF
AJH
BJC
EBH
BEI
CJD
FII
FCE
HEH
HHG
DAE
FID
BHI
JGI
HFJ
DCC
BCI
FAH
EJD
EIE
CCF
IEJ
EAH
CAJ
IBF
CDA
EGJ
HJC
FAB
AEB
CCJ
AII
FJF
BAD
CAD
HDF
HDG
HAH
DGJ
JJF
JJI
HEF
BEJ
HDE
GGD
DDB
GJB
EJJ
ICC
FFJ
IFJ
IDD
EEG
AFH
CIA
CJE
IBB
FHJ
FJB
ADG
GBJ
CDG
BIH
FFE
JIF
FAF
IEE
HCD
FEA
BEH
FHE
DHA
AJA
AEF
IIJ
FIH
GFJ
HGF
JDA
ICE
FCF
FGJ
HEG
IJD
FHI
DAJ
BFA
JFG
IAI
HCH
IEC
BHH
DJH
GDF
JFD
EHF
GGI
GIB
HIE
AGC
JIB
IJH
CJB
AEA
AIB
AIH
EDG
HFI
IHA
HGB
CHB
ADF
FDG
JHD
HDC
HBE
ABG
DDD
BCH
GDD
DIC
GFF
BCF
BDI
BAG
CJI
IEH
HEB
CCB
EAF
GIC
DJB
GCH
EAJ
FJE
BIF
FIF
JGE
JEB
AID
FFI
EHC
JGH
BCD
BDH
JAJ
ICA
FEE
DIB
CBG
JFI
ADD
DHF
DGB
DBF
JFE
CJF
GFD
AAD
ADE
CHG
CFJ
FEB
JCA
AAB
HHB
AHE
HAE
GCJ
AFB
EJG
IGE
JBI
JFJ
BGI
BEE
AIF
AGF
GCC
DEJ
BFC
BAC
HHE
FHB
HAF
HBI
JFA
GFI
BIG
IJG
GGJ
ACA
FEI
AFI
GGB
GEF
CBF
GED
CBA
EGB
HAA
CDD
DHJ
JAF
BHC
HJA
FAG
DBA
IBE
FBI
HCC
AFD
HEC
AJG
JCF
DAC
HAI
GCF
CGI
EBE
ECA
DDJ
AEG
JEH
EGD
HHA
DCD
AEC
BJB
JEE
IBC
EBI
EIH
FCG
AGI
CJJ
CHD
BAA
JBJ
FBF
CGD
FFC
DFG
FGB
JEI
HIA
DHE
BCC
HDJ
HFE
CHC
CHH
EDE
GFC
DDF
GHH
IEG
EFB
CIB
DDH
CJG
CFH
CIG
FFH
CDB
JDC
BHF
JII
DBE
IGC
JIE
IHF
BAB
JBF
IIH
GGH
JEF
EDI
CAI
JCJ
AGJ
HBG
HIG
GJD
EJA
IAF
FCD
CBH
FHD
IFA
BDG
CGE
HFF
FEH
FDF
HHD
CDI
IGF
IAC
GII
DII
IEF
IIF
DEI
DEB
CJA
BHJ
IGJ
BIB
FCA
IFF
EDA
DAA
IHJ
BHB
DID
IDG
EFI
FIB
DDA
CFA
DCF
HCF
CFB
EIC
DEC
EEA
EDJ
DBG
DEE
IBD
BED
BBD
BBJ
DFF
FIA
BFD
HAC
CBI
CEF
CFG
FGG
IDJ
DDC
HIB
EDC
HHF
GAC
GJE
GFB
ECH
IJI
AFA
CED
IED
BFG
AJF
DCG
JJG
GDI
DEH
DIH
GGG
CIJ
IBA
GJI
DEF
DHG
ICD
HGI
BIE
GGA
CDH
HAD
DBJ
AIJ
EFG
GBA
CCC
IJJ
GCI
AFJ
AFG
GAJ
ABF
HAG
ABB
JCI
BBA
EBJ
IEI
CGB
EFC
JIA
EAD
BDF
EJI
ICI
EGA
GJC
ACF
CGC
EAA
BEB
BBE
DIA
JGD
DAD
JAG
BGG
CGG
IAG
DJG
CEG
CIE
DBI
CAF
BIJ
GBC
BBI
JDF
HEE
FJJ
DEA
IHH
GGC
JAI
CAE
AJB
GHD
FGD
CEA
JFB
FIJ
CJC
BHG
GIF
FFA
HHJ
HEI
ADJ
EDH
IHD
GBB
EED
GDB
GFE
AED
BFH
HAJ
FJD
JHJ
GBE
JDE
IJF
FGF
EGF
FEC
GAB
HIH
FGH
GHE
BHD
EID
DHI
HJD
BHE
FJC
JHF
HFH
EDD
FDC
BBF
HDI
IDA
HDH
EHB
ACI
HBF
GJF
DDI
JAE
IDF
AIE
EAE
GEA
DBC
ADI
EBF
BBB
CFF
BCE
GIA
IID
CBD
EHI
GDH
DEG
HBC
EAC
FGC
EBG
BGE
HIF
HCI
DFI
BID
ABA
GDE
CCA
DCI
JCG
GFG
IBG
FHF
CBB
JCH
GJG
DAG
EIA
ACH
FFF
JHG
GFA
IIG
JCC
GEB
BAE
EHG
AGH
IHG
DFJ
BBC
IFC
HEA
DED
CBJ
DCJ
JFF
EBB
FBE
EAI
FJG
GEI
JGF
GBI
AAF
EEE
JDH
GGE
ABE
GEH
BGB
JIJ
ABI
GHJ
DIJ
CCI
BDB
ACJ
BGC
BJD
JBG
IHC
FJH
FEJ
ACD
BAF
EJH
IDH
ABH
GDC
DGG
ECF
CGA
JDD
EDF
HJB
JAB
EHH
ECB
DBD
FCJ
EHJ
HGD
IGA
CFD
EJE
GHF
BII
HBH
DAB
IIE
EEC
GEC
EEJ
CDE
GHA
EEB
EHA
FDH
GDJ
JEJ
JID
JJB
AAI
FAI
ECD
DJE
IBJ
CCG
JGJ
JBD
EIF
GGF
HAB
DHC
IEB
AGG
GID
FDI
CGF
JBH
AHA
HGC
JEC
JCB
AIG
GHG
ACE
IGH
AHJ
FBC
ICH
JHI
ABJ
GJJ
AHH
BGF
EGE
BJI
BJA
ICG
HJF
HCJ
DGC
FHC
FCC
FJI
JDG
GFH
GHC
EGH
DAI
ECE
BCA
AFC
IDE
BGH
EJB
AAH
DHH
AGD
HCE
BCB
FFD
CCD
CDF
AHI
DIE
BGD
DFD
AIC
HJE
EDB
AAJ
JAH
IFE
JCD
EFA
DGI
CHI
CFC
JDJ
IDI
EBD
BJH
GDA
CAH
IAB
JGA
IAD
EAB
FGA
IHB
GIG
AJJ
EFF
DHB
BFF
HHH
DJA
JHC
BGA
JGB
EFH
IHE
JEG
HCG
ADA
HJJ
FIC
BFE
CII
CEE
BDE
ABD
HDB
FAA
JFH
IGG
JBC
BHA
HED
GBF
IFG
EFE
GAE
ABC
JJE
GCB
HGJ
CCH
IAH
DBB
GCE
DIG
JIH
DJF
CHJ
DHD
HFB
IJE
FDB
EHE
GBH
FIE
JJD
BGJ
DAF
AEE
GJA
BDJ
IDC
AIA
BFB
ACG
IJA
DIF
EJC
ADC
CAA
GBG
DCB
EBC
FGI
BDC
JBE
FBJ
DJD
EGG
DFA
CIC
CID
FDD
CHE
DFB
EII
CHA
IBH
JHH
FBG
BBH
AHB
EFD
DFC
BEC
AAE
AHG
FCI
AAA
AEI
BIC
AJE
GAH
BAH
AJC
JHB
IIB
AAG
ECC
AHD
EEF
HFD
IGD
FDE
JDI
DJI
FEG
HDA
EGC
HID
FAC
CGH
GIJ
FHG
JBA
EEI
AAC
CFI
GIH
EHD
GAF
FBD
IEA
