YES
YYYYZZYZY
ZZYYZYYZY
YZYZZYYYZ
ZZYYZZYZZ
ZZYYYYYZY
YZYZZYYYY
YZZZZYZYY
YYYZYYYYY
YYYZYZZYY
ZYYZZZZYZ
YZYZZYYZZ
YYZZZZZZZ
YYYZZZYYY
ZYZYZYYYZ
YZZYYYZZY
YYYYZYYZY
ZZZYYZZZZ
YZZZYZZYZ
YZZZYZZZY
ZYYYZZYZY
ZZYZYYYYZ
ZYYYYYYZY
YZYZZYZZY
ZZZZZZZYZ
YYZZZZZZY
ZYYYYZYZZ
YYYYZYZZZ
ZZZZYZYYZ
ZZZYZZYYZ
YZYZYZZYY
YZZZZZYYY
YYYZYZYYZ
ZZZZZZZZZ
YZZYZYYYY
YZZYZYZYY
YYYYYYYZY
ZYYYYZYZY
YZZZYYZZY
ZZZZYZZYY
ZYYYZZZZZ
ZZYZZYYYY
YZZZZYYZZ
YYZYYYYZY
YZZYZZYZZ
YZYZYYZYY
ZZZZYZYZZ
ZYZZZZZYZ
ZYZYZYYYY
ZYZYYYYYY
YZZZZZZYY
YYZZYZYZY
YYYZYZYYY
ZYYYZZZYY
ZYZZYZYZZ
ZZZZYYYYZ
ZZYYZZZYY
YZYZYYYYZ
YZZZYZZZZ
ZYZYZZYYZ
ZZZZYZYZY
ZZZYYZZYY
YYYYYZYYY
YZYZYYZZY
YZZZYYYZZ
YYYYZZZYZ
YZZYYZZYZ
YZZZYYZYZ
ZZZYYYYZZ
ZYZYYZYYY
ZYZYYYYZZ
ZYZZYYZYZ
ZZZYZYYZY
YYZYYZZYZ
YYZYZYYYY
ZYYYYYZZZ
ZZYZZYZYZ
YZYYZYZZY
ZZYZYYYYY
YYZYZYZYZ
ZZZYYYZYY
YZZYYYZZZ
YYYZZZYYZ
ZZYZYZZYY
ZYZZYYZZY
ZYYYZYZZZ
ZYZZYZYYZ
YYYYZZZYY
ZYZZZZZZZ
ZZZYZYZYY
YZYZZZZYZ
ZZZYZZYYY
YYYZZYZYZ
ZZYYYZZZZ
YYZZYYYZZ
ZZYZZZYYZ
YZZYYZZYY
ZYYYZYYZZ
ZZYZYZZYZ
YYYYYYYZZ
ZZYYYYZYZ
ZYYZZZZZZ
YYYZYZZZY
YYYYZZYYZ
YYZZYZZYY
YYYYZZZZZ
YZYYYYYZZ
YYZZYZYYY
ZYYZZYZZZ
YZYZYYYZY
YYYYYZYZY
ZZZYZYYZZ
YYZYYZZZY
YZZZYZYZY
YYYZZYYZY
ZZZYZZZZY
YYZYZZYZY
YYZZZYYYZ
ZZYYZZZZZ
YZYYZZZYY
YYYZZYZZZ
YZYYYZYZY
ZYZZZYYZZ
ZZYZYZYYZ
ZYYZZZYYY
YYZZZZYZY
YYZZYYZYY
YZYYYYZZZ
ZZYZZZYZZ
ZYZYYYZZZ
ZZZYZZZYY
ZZYZZYYYZ
ZYZZYZZZY
YZYZZZZZZ
YYZYZYZZY
YYZYZYYZY
ZYYZZYZYZ
YZYYZYZYY
ZZZZYYZYY
ZZYYZYZZY
YYZYZYZYY
YYYYZZZZY
ZYYYYZZZY
ZYZYZZYZZ
ZZYYZZYYY
YZZYYZZZY
YZYZYZYZZ
ZYYYYZZZZ
ZZYZYZYYY
YZYYYZZZY
YZYYYZYYZ
ZYYYZYYYZ
ZZZZYYYZY
YZYYYZZYZ
ZYYZYYYYZ
YZZZYYZZZ
ZYYZZZYYZ
YZYZZYZYZ
ZZZYYYYZY
ZYYYZZZZY
YYYZZYZZY
YZZYYYZYY
YZZZYZYZZ
ZZYZYYZZZ
YZZYYYZYZ
ZZYZZYYZZ
ZZYZYZYZY
ZYZZZZZYY
ZZZZYYZYZ
YZYYZZYZY
YZYZZYYZY
YZYZYYZYZ
YZZZZZYZY
YZZZYZYYY
YZZZZZZYZ
ZYZYZZZZZ
YYZZYZZZY
ZZZZZZYZY
YZYYYYYZY
ZYZYYYZYZ
ZZZZZYYYZ
YZYYZYYZY
YYYYYYZZZ
ZYYZZYZZY
YYZYYYZZY
ZYZYYYZZY
ZZZYYZYYZ
YYYZYYZYZ
ZZYYYYYZZ
YYZZYZZYZ
ZZYYYZZYY
YYYZYYYZZ
ZYYZYYZZY
ZZYYYYZZY
YZZZYZZYY
ZYYZYZZZZ
ZZZZZZZZY
ZZYZZZZZZ
ZYZZZYYZY
ZYYYZYZYY
YYZZZYZZY
YZZZZYYZY
ZYYZZZYZZ
ZZZZZYYYY
ZYYYYZYYY
ZYZZYYYYZ
YYZYYZYYZ
YZYZZYZYY
YZYZYZZYZ
ZYZZYYZYY
ZYZZYZZYY
ZZYYYYYYY
ZYYYZZZYZ
ZZZZZZYYZ
ZZZZZYZYZ
ZZYYZZZZY
YYYZZZYZY
ZZYYZZZYZ
YZZYYYYZZ
ZYZYYZZYY
ZYZYZYZZZ
YYYZZZZYZ
YZZZYYYYY
YYZYZYZZZ
ZZZZZYYZZ
ZYZZZYZYY
YYYYZZYYY
ZYZZZZZZY
YYZYYYYYY
ZZYZYYZYY
YZYYYYZZY
YZYYZZZZZ
YZYZYYYYY
YZZYZZZZZ
ZZYYYYZZZ
ZZYYYZZZY
YYYYZYZYY
ZZZYYYZZY
YZZYZZYZY
YYZYZZYZZ
YYZZYYYYZ
YZYYYZZYY
ZYYZZYYYY
ZYYYYYYYZ
YZZYYZZZZ
YZZYZZYYZ
ZYYYYZZYZ
ZYZZZYZZY
ZYZZYYYZZ
YYYYYYZYZ
YZZYYZYZY
YYYZYYZZY
YZYZYYYZZ
YYZZZZYYY
YZZZZZYYZ
ZYYYYZZYY
ZZYZZZZYY
YZZZZYYYY
ZZYYYZYZY
ZYYZYYYYY
YYYZYYYZY
YZYZZZZYY
YZZZZYZZZ
ZZYYYZYZZ
YYYZZYZYY
YYZZYZYYZ
ZYYZZYYZZ
ZYZYZYZYZ
YZZYYZYYY
ZZYYYZYYZ
YYZZZYYZY
YZYZYZZZZ
ZZZZZZYYY
YYZYZZZYZ
YYZYYYZYZ
ZYZYZZZYZ
YZYYZYYYZ
ZYZZZZYYY
YYZYZYYYZ
YYZYYZYYY
ZZZYYYYYY
ZYZZYYYYY
ZYYYZYYYY
ZYZZZYZZZ
YZYZZZYZY
YZZYZZZZY
ZYYZZZZYY
YZZYZYYZY
YYYZYZZYZ
ZYYZYYZYZ
YZZZYYYYZ
YZYZZZYZZ
YZYZZZYYZ
ZZZYYYZZZ
YZZZZZZZY
ZZZZZZZYY
ZYYYYYZYZ
ZYYYYYZYY
ZYYZYZYZZ
YYYZYYZZZ
ZYZYYZZYZ
YZYYZYZZZ
YZYYZZYZZ
YZZYZYYZZ
ZYZYYYYYZ
ZYYZZZYZY
ZYZYYZYYZ
ZYZYYYZYY
YYYZYYZYY
ZYZZYZYZY
YYYYYYYYY
YYZZZZZYY
YYYZZZZZZ
YYYYYZYYZ
ZZZYYYZYZ
YZYYZZYYY
YZYZZZYYY
YYZZYZZZZ
ZYZYZYZZY
YYZYYZZZZ
YYZYYZZYY
ZYZYZYYZZ
ZZYYYZZYZ
YZZZYYZYY
ZYYYYYZZY
ZZYZYZZZY
YYZYZZYYY
ZZZYZYZZZ
ZZZZYYZZZ
YZYYYZZZZ
ZYYZZYYYZ
YZYZYYZZZ
ZYYZYZZYZ
YYZYYYZZZ
ZZYZZZZZY
YYZYZZZZZ
ZYZYZZYYY
ZZZZZYZZY
YYZZZZZYZ
ZYYZYZYZY
YZYYYYZYY
ZYYYZYZZY
YYZZZYZYZ
ZYYZZZZZY
ZZZYYZZYZ
ZZYYZYYYY
ZZZZZZYZZ
YZZYZYZZZ
YYZZYZYZZ
ZZZZYYYYY
ZYZYZZYZY
ZYZZZZYYZ
YYYYYYZZY
ZZYYZYYZZ
YYYYYZZZZ
ZYYZYYYZY
ZYZYZZZYY
ZZZYZZYZZ
ZZZYZYYYZ
YZZZZYYYZ
ZZYZZYZZZ
ZYYZZYYZY
ZZZZYZYYY
YZZYZYZZY
YYZYZZZYY
YZZZYYYZY
ZZYZZZZYZ
YYZYYYYZZ
YZYZZYZZZ
ZZYZYZYZZ
ZYYZYYZYY
ZYYYZYYZY
ZZYYYZYYY
ZYZZYZYYY
YYYYYYZYY
YYYYZYYYZ
YYZZYYZZZ
ZZYZZYZZY
YYZZZYYZZ
ZZZZYZZZZ
YZYYYYYYZ
ZZYZYYYZZ
YYYZZYYYZ
YYZZZZYZZ
ZYYZYZZZY
ZZZZZYZZZ
ZYZYZYZYY
YZZZZZYZZ
YYYYYYYYZ
ZZZZYZZYZ
YYYZZZZZY
YZYZYZYYZ
ZYYZYZZYY
ZYYZYZYYY
YZZYYZYYZ
ZZYYZZYZY
YZZZZYZYZ
YZYYYYZYZ
ZZYYZYZYY
ZZZZYYZZY
ZZZZYZZZY
YZZZZZZZZ
YYYZZZZYY
YZYYYYYYY
ZZZYYYYYZ
ZYYYYZYYZ
ZZZZZYYZY
ZYZYYZYZZ
ZZZYYZYZZ
YZZYYYYZY
ZYYZYYYZZ
ZZYYZYZYZ
YYYZYZZZZ
ZYZZZYZYZ
ZYZYZZZZY
ZYZYZYYZY
YYYZZYYZZ
YYZYZYYZZ
ZYYYZYZYZ
ZYZYYZYZY
ZZYYYYYYZ
ZYYYZZYYY
YZYZYZYYY
YZYZZZZZY
ZYZZZYYYZ
YYYYYZYZZ
YYYZZYYYY
YZYYZZZYZ
YYYZYZYZY
ZZZYZYYYY
ZZYZZYZYY
ZYZZYZZYZ
YYYZYZYZZ
ZZYZZYYZY
ZZZYYZYZY
ZZZZZYZYY
YZZYYZYZZ
YYYYZYZZY
YYZZYYZYZ
YYYZYYYYZ
YZZZZYZZY
YZZYYYYYZ
YYYYZYYYY
YYYYYZZYZ
ZZYYYYZYY
ZYYYYYYZZ
ZZYZZZYYY
ZZZZYYYZZ
ZZYZZZYZY
YYZZZYYYY
YZYYZYZYZ
YZZYYYYYY
YYZZYYYYY
YYYYYZZZY
YYZYZZZZY
ZZZYZZZYZ
ZZYYZYYYZ
YZZZYZYYZ
YZZYZYZYZ
ZYYYZZYZZ
YYZYYZYZZ
YZYYZZZZY
ZZZYZZYZY
ZZYYZYZZZ
ZZZYYZZZY
ZZYZYYZZY
ZYZZZYYYY
ZZZYYZYYY
YYZYYZYZY
ZYZZYYZZZ
ZYZZZZYZY
YYYYYZZYY
ZZYZYZZZZ
YZYYZYYYY
YYYZZZYZZ
ZYZYYZZZY
YZZYZZYYY
ZYYZZYZYY
ZYYZYYZZZ
YZYZYZZZY
ZZZYZYZZY
ZYZZZZYZZ
YZZYZYYYZ
ZZZYZZZZZ
YYZYYYYYZ
ZZYZYYZYZ
YZYYYZYZZ
YZZYZZZYZ
YZYYYZYYY
ZZZYZYZYZ
ZYZYYYYZY
YYYYZYZYZ
YZZYZZZYY
YYZZZYZYY
YYYYZZYZZ
YZYYZZYYZ
ZZYZYYYZY
YYZZYYYZY
YZYZYZYZY
YYZZYYZZY
ZYYZYZYYZ
ZYYYYYYYY
YYZYZZYYZ
YZYYZYYZZ
ZZYYZZYYZ
YYYYZYYZZ
ZYZZYYYZY
ZYYYZZYYZ
ZYZZYZZZZ
YYZZZYZZZ
YYZYYYZYY
YYZZZZYYZ
ZYZYYZZZZ
