YES
EEE
GJE
FHH
EAF
EHB
AJE
DFA
EAA
DDJ
GGI
EGE
FBH
BEI
EHA
CHE
DGG
JJE
AGI
CGF
GBF
EDD
BDB
HID
JBG
JIJ
IBI
FHB
FAI
IFH
IAH
IHH
HAE
IDH
JEC
HAB
GDI
DHA
IBD
CCE
AJA
JAE
AAJ
HDG
JFB
CII
JDD
FFD
DHF
EJD
HDH
FJJ
DDA
HBD
HAJ
FGJ
AGD
EGD
CHD
CAI
ACD
ECG
BIJ
IJI
BFH
IDE
JBF
HAF
DIH
IJB
JED
EED
IIE
JJI
CIE
FAD
DEF
ACC
GJF
CEF
CHJ
BBJ
GJH
HFF
FEE
HFD
HFG
EAD
GCC
JAF
DHG
EFD
GIC
CDD
IIC
IDB
HCF
AEC
HAG
JHE
AAA
CGC
JFH
EFA
JGA
FAH
JFC
CBF
DBD
HFE
CFG
AGB
DGE
JCF
CEH
ABG
FBI
IGE
AFE
GAF
GII
DGC
JAA
CHA
DBB
EHF
BJB
CJB
IID
JBH
IJA
CDC
AJB
IEA
AHE
BAA
CCG
JDJ
HGE
BHH
JHA
IFG
HJF
AEE
JJH
JAB
HJE
BFB
EIE
JEF
BJA
GGF
AHB
HBI
DFG
FIH
EAE
AHG
JBD
JHJ
BIB
IJD
FFI
HJA
EEH
BFG
EHG
DEB
CDA
GCH
HIG
IAE
HGH
FBE
JAC
JGG
FGB
FCH
JIC
AFJ
EGI
GFJ
CFH
FDE
HAC
BAC
BHF
BAJ
IJJ
GJA
JGJ
CFI
EHE
GGC
GGD
CCD
HJH
HIE
HEE
IGB
CJJ
DAF
GBG
HED
FBF
ECE
BJJ
EBE
DFD
GJG
HDE
JBI
HCG
ABH
GGH
JCD
DCB
HHI
CBA
AFI
HHE
DBF
EEF
BEJ
HCE
DDF
IJC
CCB
AFG
ECA
IHB
BIF
DCG
DCC
FDH
DCD
BFD
FIE
III
CGE
HDD
BJF
DBJ
EFB
FJA
BCE
JIG
ICG
IBG
JEJ
EBF
BBE
FIF
GGB
FIG
BHJ
HGJ
AFC
EEI
BCF
FDB
ECI
GDD
ECB
CEC
JEE
GAB
ICJ
EJB
GJC
CFJ
HCI
HJI
DJD
JAI
EAG
HCC
AIJ
HDI
GGE
GBE
DBC
JBJ
EIB
HBA
GAE
DHJ
JCI
DIB
EJF
FDG
DFI
EIJ
JDG
GEB
BAD
JDC
EFH
DAD
ABI
JDB
GCI
DFJ
FAC
BCD
FCD
EBC
EIA
IBF
FEH
FAA
FJH
JII
FAG
IHI
AAD
FAF
DGJ
GIG
JFE
DJF
IGG
HFI
BGC
EBG
BCG
EJE
HFH
DAB
FCG
HJG
BDG
GEH
BED
EAC
JDA
EIG
EBD
DEG
JGF
FJI
BJD
FCB
FII
FIC
FCF
CAG
CJG
CJA
CDB
CBJ
IAF
JCJ
CDH
AHI
JBC
AFF
HHC
HDB
JDH
GHH
DIF
FFA
AIG
EIF
AGG
FEB
GEI
AJI
EGC
CJF
EJG
GHJ
HGB
IFI
BHE
CHG
CBH
FID
CAH
AJC
JFJ
JJC
JHG
HEC
CDE
BID
JAJ
EJA
IAA
DHD
DEI
HJD
HEJ
GBJ
ECH
DAA
JHD
EIC
CGB
FCE
GCE
EDG
JFA
HCA
IEE
HCB
GEA
FJF
ADA
DGI
FHE
BEG
BFI
JFF
JFG
GDB
JJA
FIA
AGH
DCJ
CIH
ICE
IHC
CIF
ECJ
JCA
ADD
DEC
HIH
IEG
BFC
FGF
JID
GCF
FHI
IJF
BBB
CAB
DEE
FDC
DDG
FJD
GCD
HEI
IBJ
GJD
FHG
DED
DEJ
CAE
AEI
ABD
BCA
DHE
EBB
FFE
HGI
ADH
BHD
EHJ
IAC
HAH
CGA
DDE
GBH
IAI
EDF
CAJ
GEF
EAH
ICI
GDF
JJJ
HGA
HGD
ADE
DJA
DIG
JIB
JGB
CFB
EFG
DHH
CEJ
DID
CAF
JAH
FAB
DGB
HFA
BIH
AAC
HDF
DAJ
GIE
ADB
FHJ
BAF
BGG
EDA
ACI
AII
BCC
CDJ
CDF
HAD
ICH
DAG
CCI
DGH
DJC
DJB
AIF
IGH
JEB
IDF
HHF
AAE
FDD
BBC
BDE
DJI
BIG
FAE
HCJ
GAJ
IDJ
AEA
GJB
DII
CBE
HHJ
AAF
EJC
CIJ
BEC
DCE
DCI
GFC
AAG
DDD
IJH
EHI
JEA
AEF
BHG
EDC
ACE
FCC
HAA
DAC
GFF
BJH
BEE
DBG
CBB
BAI
HHH
CBI
BBI
IJG
EEC
GEJ
FBJ
DCA
CCA
IHF
FGH
JCE
ABE
HAI
FEA
BIA
DCH
EFJ
AIA
ECD
IHG
EIH
DDB
CCH
JHH
JGE
CEA
FDI
JDE
DJE
BDI
ACF
HBE
DFB
HDJ
IGD
IBB
CFA
FHD
ICC
AID
BJC
DCF
JBA
GHC
DHI
IAD
ADG
HEB
JEH
EAI
ACA
BGA
GBA
GEE
DHC
FFC
CCC
JCH
AJH
BBH
CFD
CGH
IFJ
CDG
DJH
CHB
CIA
AHF
IFD
JBB
GDJ
JDI
AGC
IFF
FHA
EBI
HIB
GCB
HBB
CFF
BFJ
HJJ
AJD
DGF
AAB
GAI
DAI
DIC
HGC
JFD
BFF
BGF
JGI
BCJ
DFE
HBF
FFB
BDH
FEC
ABJ
GCA
EII
BGH
EHH
GCJ
GIA
HHG
GCG
FHC
IGC
BHC
EBJ
BEF
FCA
BAB
FEI
EGH
IFC
GHB
GHG
JCC
BAE
IBC
EDH
HEH
FBC
CID
HFB
AIB
EID
GDA
HHB
IAJ
FJE
EDE
ABC
CAD
BGB
GED
HFC
BFE
JGH
BGJ
EEG
AEG
DBH
IEF
CCJ
EFC
BHI
DHB
EJI
IFA
FFF
EDI
EAB
JJB
CJE
CJI
GJI
EEA
IIJ
CAC
JHF
FAJ
GFI
HBG
HCD
GGJ
GBD
GDH
JJD
ACB
ABB
HII
ADF
GIH
DBE
IFB
GFA
IEC
EHC
BHB
BFA
GAC
GFG
EGJ
AIE
BBF
EDJ
JCB
GFB
BIC
AEB
GAG
CFE
GHF
DJG
IGF
FIJ
IBE
GAD
ICF
JEI
IIA
FJC
AHC
IDC
FBA
JFI
IHE
CEG
CHF
DFC
EGF
ADJ
FGD
ICD
HIC
CJH
AIC
CGD
AED
CHC
ICB
HHD
BGD
BDJ
DEA
FBD
HIA
GBC
IGJ
JIH
IHD
BAH
BII
CGG
ADC
FEG
GEG
CJC
AJF
FDF
CBG
HEG
BCH
GDE
CIC
GAA
HBJ
HGF
BBG
AJG
HDA
DIJ
JDF
JBE
GBB
CBC
FGA
JIA
CEE
FJG
DDI
ACH
IIB
BJE
CIB
FGI
AHA
EEB
FBG
BDC
CCF
HHA
JGC
ADI
EJH
AGJ
GFE
HIJ
BGE
JJF
AEJ
ABA
FGE
DIA
ICA
JHI
BHA
JEG
BBD
BEH
BJI
EFE
GHA
CJD
DEH
AHJ
FGG
GAH
IIG
IED
IAB
GBI
GIB
EBA
BCB
GGA
ACJ
HBC
HEA
IBA
EFF
BBA
ECC
AGE
IHA
HJB
EGB
AAH
AGA
FFG
FEF
IEB
IDG
AIH
IEI
DGD
FFH
JJG
EDB
IHJ
IDD
IGI
IEH
AGF
DJJ
EFI
CGI
IEJ
DIE
HBH
BAG
ECF
FDJ
BDD
AFA
DAH
DAE
CDI
IAG
GHI
HFJ
GHE
DFH
IIH
BEB
AAI
GIF
EBH
IDA
HDC
GDC
AEH
AHD
FHF
IGA
DDC
IFE
JAG
EAJ
FJB
AFB
FFJ
CFC
FBB
AFH
GID
CEB
GHD
CHH
EHD
HIF
AHH
HCH
FED
JIF
GIJ
IDI
GGG
EJJ
IJE
DBA
FEJ
DBI
CIG
CED
EGG
JIE
CEI
FGC
EEJ
IBH
BJG
JGD
FCJ
CHI
BGI
ABF
JHC
DDH
BCI
GFD
BDA
CBD
BIE
DGA
HJC
ACG
GEC
JAD
EGA
AJJ
AFD
BEA
GFH
CAA
JHB
BDF
IIF
HEF
DFF
FIB
FDA
GJJ
CGJ
HGG
JCG
GDG
FCI
