YES
AAAAABBBBAAA
AAABBAAAABBB
AAAABAABBBBB
AAABAAAAABBA
AAABABBABAAB
BAABAAAABAAA
BAABABBBABBA
AAAAAAABABAB
BAAAABBABBAB
AAABAABBBABA
AAAABBABAABB
BAAABBBBABAA
BAAABAAAAAAB
AAAABAAABAAA
BAABBAABABAB
AAABAABABABA
AAABBAAABAAA
BAAABBBAAAAB
BAABABABAABA
AAABBBBBBABB
AAABBBBAAAAA
BAAAAAAAABAB
AAABABBBAAAA
BAABBAABBBAB
AAABBBABABBB
BAAABABAAABA
AAAAAABBBAAA
BAAABBABBBAB
BAABBABABAAB
AAAABABAAAAA
BAABAAAABBAB
BAABABAABAAB
AAABAAAAAAAB
AAAAABABABAB
BAAABABAAAAA
AAABABBBBAAA
BAAABBBBAAAB
BAAABBBABABB
BAABABBBAAAA
AAABBABBBBBB
AAABBABABBAB
BAABBABBAAAB
AAABBBBBABBA
AAABBBBAABAA
BAABAAAABABB
BAABAAABAABB
AAABBBBAAAAB
AAABBBBAABBA
AAAABBAAAABA
AAAAAAAABBBA
AAAAABBABABA
AAABBAABBBAA
AAAABBBAAABA
AAABABBBBBBA
BAAABABABBBB
AAAABABAAABB
AAABAAABABAA
BAABAABBABAA
BAAABAABBAAA
BAAABBBBBBAA
BAAABBBBBABB
BAAAAABBBBAB
BAABBABAABBA
BAAAAABAABAA
AAAAAAABABBB
BAABAABAAABB
AAAABAAABAAB
BAAABAAAABBB
BAABAAABABAA
AAABABBBBBBB
BAABAAAAABAB
BAAABABAAABB
AAAABABBAABA
BAABABBAABBB
BAABABAAABBA
BAABAABBBABA
BAAAAABBABAA
AAAABAABBBBA
AAAABABABBBA
AAAAABBAABAB
BAAAABABAABA
AAAABABBABBB
AAAABAAAAAAA
AAAABBBABAAB
BAAABBBBBABA
BAAAABABABBB
BAABBAABBABA
AABAAAAAABBB
AABAAAAAAAAB
BAAAABABBABB
BAABABABABAA
AAABBBAAABBB
AAABBBBABAAB
AAABAABBABBA
AAAABBAAAABB
AAAAAAAAAAAB
BAABABAABBBA
BAAABBBBBAAA
BAAAABBBBAAB
AAABBABABABA
BAAABBAABBBA
BAAAAAABAABA
AABAAAAABABB
BAAAAAAABBBA
AAABABABBBBB
BAAAABABBBAA
BAABABBBBBAA
BAAABBABBAAA
AAAAABABBBAA
BAAAAABBAABA
BAAAABBBAAAB
BAABBABBAABA
AAAABABBBABB
BAAABABBAABB
AAABBAAAAAAB
AAAABAAAABAA
AAAAABABAABB
BAAAABBABBAA
AAABABAABABB
BAAAAABAABAB
AAAAAABAABAA
BAABABBBAABB
AAABABABABBB
BAABAAAABBBA
BAAABBAABBAA
AAAABABAAAAB
BAAAABBAAAAB
AAABAABABBBA
BAAAABBBBBAA
AAAABAAAABAB
BAAAABBBBBBA
BAABBABAAABA
AAAABAAABABB
BAABABBBBAAB
BAAAAABBBBBB
AAAABBBABBBA
AAABBABABBBB
AAAABBAABAAA
AAAAABABAAAB
AAAABBBBBABA
AAAABAAABBAA
BAABABAABBAB
AAAABBABABBA
AAABABAABBBB
AAABBAAABBAB
BAABBBAAAAAB
BAABAABAABBB
AAAAABABBBAB
AAAAABBAAAAB
BAAABBABBBBA
AAABAAABBAAA
BAABAAABAABA
BAABBBAABABB
BAAABAABBAAB
BAABAABAAAAA
AAABBBAAAAAB
AAABAABAABBA
AAAAABAABBAB
BAAABAAABBAB
AAABABABBBBA
BAABAABABBBB
AAABBBBAAABB
AAAABAABBAAA
AAAABBBAAAAB
BAAAAABAAAAB
BAAAABAAABBA
AAAABBBAAAAA
BAABAABAAABA
AAABBABAABBB
AAAABABABBAA
BAABABAAABBB
BAABBBAABBAA
AAABABBABBAA
AABAAAAAABAB
AAABABBBBAAB
AAAABABABBBB
AAABBBBBBBAA
BAABAABBAABA
BAABBABBBBBA
AAAABABAABAA
BAAABBBAABAB
AAAABABBBABA
AAABAAABAAAB
AAAABBBABBBB
BAAAAAABBABA
BAABBAAAABBA
BAABBABBABAB
BAAAAABBAABB
BAABBABAABAB
AAAABBBBBBBA
BAAAABBAABBA
AAABAABBAABB
AAAAAABBBABA
BAAABABABABB
AAABBBBABAAA
BAAAABABAABB
AAABBABBBABA
BAAAABAABBAB
AAABBAAABAAB
AAABBBAAAABB
AAABBABAAABB
AAAABBAAABBA
BAAAAAAABABA
BAABABAABBBB
AAABBBBAAABA
AAAABAABAABB
AAAABBBABAAA
BAABAAABBBBB
AAAAAABABAAA
BAABAAAAABAA
BAAAAABAAABA
BAABBAABAAAA
BAABABAAABAB
AAAAAAAABABA
AAABBBBBBBBA
AAABBBBBABAA
AAAABBBBBAAB
BAABBABABABA
BAAABABABBAA
BAABAABABABA
BAAAAAAABAAA
AAABBBBBABBB
AAAABAAAAAAB
BAAABABBAABA
AAAAABAAABBB
BAAAABABBAAA
BAABBBABABBB
BAABABBBAAAB
AAAABBABBBAB
BAAAAABBBAAA
BAAABABBBBBB
AAABAAAAABAB
AAAAAAABBAAA
BAAAABABAAAB
BAAABBAAAAAA
BAABAABBAABB
BAABABBBBABB
BAAAABABABAB
AAAABBABBBBB
AAABBBABAAAB
BAABAAABBBAB
BAAAAABAABBA
AAABBAABBAAB
BAAAAABABABB
BAAAAAAAABAA
AAABBBABBBBA
BAAABAABBABB
BAAABABBAAAB
AAAAAABAAABB
AAAAABAAAABB
AAAABABBBBBB
AAABABBABABB
AAABABAABAAA
BAAAAAAAABBB
BAABABAAAAAB
AAAABBAABBBA
BAAAABABABAA
AAAABABBBAAA
BAABBAAAABAA
BAABABAABABB
AAAABBBAABAA
BAAABBAABBBB
BAABBAAAAABB
BAABBBAAABAA
AAAAAABBBBAB
BAABBAABBAAA
BAAABBAABABA
BAABBAAABBAB
AAAABBBAAABB
AAAAABBBAABA
BAABABABABBB
BAAABBABBABA
BAAAAABBABBA
BAABAAABBABB
BAABABABBAAB
BAAABAABAABA
AAABBBAAABBA
AAAAABAAABBA
BAABAABABBBA
AAAABABABAAA
BAABBAAAABBB
BAAAABAABABA
AAAAABBABBAA
AAABABAAABAB
BAAABBAABABB
AAABBAAAABAB
BAAAAABABBBB
AAAAAABBABAA
AAABBABAAAAB
AAABAABBABBB
BAAAAAABBAAB
AAAABBBBAABA
BAABAABAABAA
BAAAAABBBAAB
AAABABBBBABA
AAAAAAABBABA
AAABBAAABABB
AAABAAABAABB
AAABBABABBBA
AAAAAAABAAAA
AAABBABBBAAB
BAAABABAABAA
BAAABBAAAABB
BAAAABBABBBA
AAABAAABABBB
BAABBBAABBAB
BAABAAABABBA
BAAABABBAAAA
BAAAABABBBBB
AAAABBABBAAB
AAAAABBAAABB
AAABABAAAAAA
BAABBABBBAAB
AAABABABAAAB
AAAAAAAABAAB
BAABABAABBAA
BAAABABABABA
AAAABAAABBBA
AAAABBABABAB
AAAABAABBBAA
AAABABBAABAB
BAABABABBABA
AAABBBBABBAB
AAABABBBAABB
AAABBABAAABA
BAAABBABAABB
AAAABBBBAABB
BAAABAABAAAB
AAABBBBBAAAB
AAAAAAABBABB
AAABAABAAABA
AAABBBAABAAB
BAAABBBAABBA
BAABABABBBAA
BAABAAAAAAAA
BAAABAAABBBA
BAABBABBBBAA
BAAAAAABAAAA
AAABAAABBBAA
AAABABBBAABA
BAAAABAAAABB
AAABBBAABABB
AAAABBAABBBB
AAAABAABBABA
AAAAABBBBABA
AAAABBAAABBB
AAAABBBBBABB
BAAAABABABBA
BAAABABBBAAB
AAABAAAABBBB
BAABAAABBAAB
BAAAAABBBBBA
AAABBBBABBBB
AAAAAAAABBAA
BAABBBABABBA
BAAABAAABBBB
AAABABBBBBAB
BAAABABABAAB
AAAAABBABBBA
AAABAAABBABB
AAABABBAAAAA
AAAAAABAABAB
AAABAAAAAABA
BAABBABBBAAA
AAAABBBBBBAB
BAABBBABBAAA
BAABABAAAABA
AAABBBAAAAAA
AAABBBAABBAB
BAABBBABBAAB
AAAAAABBAABA
BAAAAAABBABB
BAABBABBAAAA
AAAABBBABABB
AAAAABAABAAA
AAABAAABAAAA
BAABBABAABBB
BAABAAABAAAB
AAABABBABBBB
AAABBAAABABA
AAAABBABBABB
AABAAAAAAABA
BAABBABAABAA
AAAABBBABBAB
AAAAABBBABAB
BAABBABABAAA
AAABBBBAABAB
BAABBAABABBA
AAAABBBAABBB
BAAABBBABAAB
AAABAABAABBB
AAABBAAAAAAA
BAABABAAAAAA
BAABBABBAABB
BAABBBAABBBA
AAABBBAAAABA
BAAAAAABBBBA
BAAABABBABAB
BAAAABAABABB
BAAABBBBBBBA
BAABABAABABA
BAABABBABAAA
AAABAABABAAA
AAABBABABAAB
BAAABBABABAB
AAAAAABABBAA
BAABABAABAAA
BAAABBBAAABA
BAABBAAAAAAB
BAAAAABBAAAB
BAABBABBBBBB
BAAAAAABABBB
AAABAAAABAAB
BAABABBAAAAA
AAAAABBBBABB
AAAABBBBABAA
AAABAABBBBBB
BAABABBABAAB
BAABABBBABBB
AAABBAAAABBA
BAAABAAABBAA
AAAAABAAABAB
BAAABBBABBBB
AAAAAAAAAABB
BAABBAABAAAB
BAABAAABABBB
AAABAAABBBAB
BAABABBABABA
AAAABBBBBBAA
AAAABAABABAB
AAABBABAABAA
AAABBBBBBBAB
AAABBAABABBA
AAABBBAABAAA
BAABABBABBAB
AAAABAAABABA
BAABAABAABAB
BAABBBABABAA
BAAABABABBAB
AAABAAAABBAB
AAAABABBBBAA
BAABAAAABABA
AAAAABBBBBAA
BAAAAAABAABB
AAAAABBAABBA
AAAAABAABABA
BAAABAABBBBB
BAAABBABBBAA
BAAAAABBABAB
AAAAAABABABB
BAAABABBBABA
BAAAABAAABBB
AAABBABAAAAA
BAAAAABABABA
AAABAAAAAAAA
BAAAABBAAABB
BAABBBABAAAB
BAAAAABABAAA
AAAABBABABBB
AAABAABBAAAB
AAABAAABABBA
BAABBAABBBAA
BAAAABBBBBBB
BAAABABAAAAB
BAAAABBAAAAA
BAABBAABAABA
AAABBAABBBBA
BAABBBABBABB
AAAAAABABBAB
BAABABAAAABB
BAABABBAAAAB
AAABAAABBBBB
BAABAABABAAA
AAABABBAABAA
AAAAAABBABAB
BAAABABAABBB
BAAAABBAABBB
AAAAABBBABAA
AAAABBBABBAA
BAABABABAAAA
AABAAAAAAABB
BAABBAABAABB
BAAABAAAAAAA
BAAABBAAAAAB
BAAABBABAAAA
AAAAABBABBBB
BAAAABBBABBB
BAABAABBBABB
AAAAAAAABAAA
BAABABBBBBBA
AAAABBABBBBA
AAAAAABAABBB
AAAAABABAAAA
BAABBAAABABB
AAAABBAABABA
BAABBAAABAAA
BAAAABBBBABB
BAAAAAABABAB
BAABAAABBABA
BAAABBBBABBB
AAAABBBBABBB
AAAAABBABBAB
AAABABABBBAA
AAAABABBABAB
BAAAABABAAAA
AAAAAABBABBA
BAAAAAABBAAA
BAAABBAAABBA
AAABABABBABA
AAABBAAAAABB
AAABBABBABAB
AABAAAAABAAB
AAAABBBBABAB
AAAAAABABBBA
AAABAABBBBAB
BAAABBBAABBB
BAAABABAABAB
BAABAAAAAAAB
BAABBBABAAAA
BAAABABBABBB
BAABBABAAAAB
AAAABAABAABA
AAAAABAAABAA
AAAAABBAAAAA
BAAAABAAABAB
AAABBBBABBAA
BAAABBABBBBB
BAAABABBBBAB
AAABABABBBAB
BAAABBBABAAA
BAABBBAABBBB
BAAAABBBABBA
BAAAABAAAABA
AAAAABBBBBBB
AAABABBBABBB
BAABABBAAABA
AAAABABAAABA
AAAAABAAAAAA
AAABBABABABB
AABAAAAAABAA
AAAABBABAABA
BAABAABAAAAB
BAAABBAABAAA
AAABAABAABAB
AAABAABABAAB
AAABBAABBBAB
BAAAABAABAAB
BAABBAAABBAA
BAABAABABAAB
AAABAAABABAB
AAABABBBAAAB
AAABABABAABB
BAAAAAAAABBA
BAABBABBBABB
AAABBBBBBBBB
BAAAAAAABBAB
BAABAAABBAAA
BAAAABBBBBAB
AAABAABAAABB
BAABBBAAAABA
BAABBAAABBBA
BAABAABBBBBA
BAABAAABABAB
BAAAABAABAAA
AAABABAABAAB
AAABAAABAABA
AAAABABAABBA
AAAABABABAAB
AAABAABBBABB
BAAABABBBBBA
BAABABABBAAA
AAAABBBABABA
AAABAAAAABAA
AAAABAABAAAB
BAABAABBAAAA
AAAABAAAABBB
AAABABBAABBA
BAAABABBBAAA
AAAABABBABBA
AAAABBAAAAAA
AAAAABBABAAA
AAABBBBBBAAA
AAAAABABBABB
AAABABBAAABB
BAAABAABBBBA
BAAABAAAABBA
BAABBBAAAAAA
BAAAAAAABBAA
AAABABAAAABB
AAABAABBABAA
AAABAABBBAAA
BAABBABAAAAA
AABAAAAAABBA
AAAABBABBAAA
AAABABAAABBA
AAAABABBBBAB
BAAABAAAAABA
AAAAAAABABBA
BAAABAAAABAA
AAABABAAAABA
BAAABAABABAB
BAAABAABBBAB
AAAAAAAAABAA
AAABBBABBAAB
AAAAABBABAAB
BAAABBABBABB
BAAABBAABBAB
BAAABBBABBBA
BAAAAAABBBAB
AAAABABBBBBA
AAAAABAAAAAB
BAABABBBABAA
AAAAABABBBBB
AAABAAAABBAA
BAABBAABBABB
AAABBABBABBB
BAAAAABBBABA
BAAAAAABAAAB
BAABBAAAAAAA
BAAAABBABBBB
AAAAABABBAAB
AAABBAABAAAB
AAAAAAABAABB
AAAABAAABBAB
AAABABAAABBB
BAABAAAAABBA
AAABBBABBABA
AAABABBAABBB
BAAABAAAAABB
AAABBABBBABB
AAAABAAAAABA
BAABAAAABBAA
AAABABAABBAA
AAABBABBAABA
BAABAABBBBAB
BAAAABAAAAAA
AABAAAAAAAAA
AAAABBBBAAAA
AAAABABABABA
BAAAABBAABAA
AAAAAAABBBAA
AAABBABBBBAA
AAABBBBBAABA
AAAAABAAAABA
AAABBAAAAABA
BAABBBABAABA
AAAAAAAAABBB
BAAABAAABAAA
AAAABAAAAABB
AAABBBAABBBA
AAABAAABBBBA
AAAAAABBBABB
BAAAABBABABB
BAABABABBBBA
BAABABBBBBAB
BAABABBAAABB
AAABBABBBBAB
BAABBBAAABBA
BAABABABABAB
BAAABBBABBAB
BAAABABBABAA
AAABABBABBAB
AAAABBAAABAB
BAABBAABBAAB
BAABBABABBBA
AAABBBBBABAB
BAABBBAABAAB
AAAAAAABBAAB
BAAABAAABAAB
AAABBAABABBB
BAABAABBABBA
AAAABAABABAA
AAABBABBABAA
BAABABABAAAB
AAABAABABBAA
AAABABAAABAA
AAABBABBAAAA
AAAAABBBAAAA
BAAAAAAAAAAA
AAAAAABABBBB
AAAABABBAABB
BAAABAABAABB
AAAABABAABAB
AAABAABAAAAA
BAAABBBBABBA
BAABBABABABB
AAAABBABBBAA
BAABBAAAAABA
BAAABBABAAAB
AAAAAABABABA
BAAABBBAAAAA
AAABBBAAABAA
BAABAABBBBAA
AAAAAAABBBBA
BAABBBAABABA
AAABBBAAABAB
AAAAABBAABBB
BAAABBAAABAB
BAAABBAAABBB
BAAAABBABAAB
AAAAAABAAAAA
BAAAAAAABAAB
AAAAABBBBBBA
AAABAAABBABA
BAAAAAABABAA
AAAAABABABBB
AAAABABBABAA
AAABAABBAAAA
AAABBBAABBAA
AAAABBABAAAB
BAAABBABABBA
BAABABBAABAA
AAAAAAAABBAB
BAAAAAAABBBB
BAAABAABABBB
AAABBABAABAB
BAAAAABBBBAA
AAAAABABABAA
BAABAABBBBBB
AAABABABBAAB
AAABBBBABBBA
AAAABAAABBBB
AAABBAABABAB
AAAABBABBABA
AAAAAAABAABA
AAABBBAABBBB
BAABBAABBBBA
BAAAAAABABBA
BAAAAABABBAA
BAABBAAABAAB
AAAAAAAAAABA
AAAAAABBBBBB
AAABAAAABABB
BAAABBBBAAAA
BAAAABBAAABA
AAAABBBAABBA
BAAABBAAAABA
BAAAABAAABAA
AAABABBAAAAB
AAABBBBABABB
AAAABAABABBA
AABAAAAABABA
AAABBBABBBBB
BAABAABABBAB
BAABBABBABBB
BAAAAAAABABB
AAAAABBBABBA
AAAABAABBABB
BAAAABABBAAB
AAABBBABBBAA
AAAAABBBAAAB
AAABBBBAABBB
AAABBBABBBAB
AAAAABABBAAA
BAAAABABBBAB
AAAABBBAABAB
AAABBABABAAA
BAABABABABBA
AAAABBAABAAB
BAAABAABBBAA
AAAAABAABBBA
BAABBBAAAABB
BAAABBBAAABB
BAABBBABBABA
BAAAAABBAAAA
AAABBBABABAB
AAAABAABABBB
BAAAABABBBBA
AAABABABABBA
BAABBABBABAA
BAAABBABABBB
AAAAABBBBBAB
BAABABAAABAA
BAABBABABBAA
BAAABAABABBA
BAABABBBBAAA
BAAABBBABABA
AAABBABBBAAA
AAABABABBAAA
BAABBABBBBAB
AAAAAAABABAA
BAABAAAABAAB
AAAABBAABBAA
AAABAAAABAAA
AAAAABBABABB
BAAAABBBABAA
AAABABABABAA
AAABBBABBABB
BAAAABBBBAAA
BAABBAAABBBB
AAAABBAAAAAB
BAAABAABBABA
AAAAAABBBBBA
AAAABABAABBB
BAABABBBABAB
BAABABBABBBA
BAABABBAABAB
AAABBBABABBA
AAAAABABBABA
BAABABBABABB
AAAAABABABBA
AAABABABABAB
AAABBABBAAAB
AAABABABAABA
BAABABBBAABA
AAABBBABAABA
BAABBABABBAB
AAAAAAABBBAB
AAAABBBBAAAB
AAABBAABAABB
BAABAAABBBAA
BAAAABAABBAA
BAABAABBBAAB
BAAAABAABBBA
BAABAABBAAAB
BAABAABAABBA
AAAABBAAABAA
BAAAAABBBABB
AAABABBBABAA
AAABABAABABA
BAAAAABABBBA
BAAABBBBBBBB
AAABAAAAAABB
AAABBAAAABAA
AAABBBBBBABA
AAABAABABABB
AAABABAABBAB
AAAAAABBAAAB
BAABBABABBBB
AAABABBABABA
AAAABABABABB
BAABBBAABAAA
AAAAAAAABBBB
AAAABBAABABB
AAABAAABBAAB
BAABBAAABABA
AAABAAAABABA
AAABBAABBABA
BAABAAABBBBA
BAAABABBBBAA
BAABAAAAABBB
AAAABBAABBAB
AAABAABBBAAB
AAABBBBBBAAB
AAABABBABAAA
BAABBABBABBA
BAABABBABBAA
BAAABBBABBAA
AAAAAABBBAAB
BAAAAAABBBBB
BAAAABBBAAAA
BAAAABBBABAB
BAABBAAAABAB
BAAAAAAAAAAB
AAAABABABBAB
AAABBAABBABB
BAABAABBABBB
BAAABABBABBA
BAAABBBBBAAB
AAABAABAAAAB
AAABABBABBBA
BAAAABAAAAAB
AAAAABBBAABB
AAABBAABAAAA
BAAAAAABBBAA
AAABBABBABBA
AAAAAAABAAAB
BAAABBBBAABA
AAABAABBABAB
AAAAABAABBBB
BAABABBBBBBB
AAABBABAABBA
AAAABAABAAAA
AAAABBABAAAA
BAAAAABABBAB
BAAABAABABAA
BAABBBABAABB
AAAABABBAAAB
BAAABBBBABAB
BAABABBBBABA
BAAABBAAABAA
AAABBAABABAA
AAABBABABBAA
BAAABABBBABB
AAABABABBABB
BAABABABBABB
AAABABBBBABB
BAAAAABBABBB
BAAAABBAABAB
AAABABBBABAB
AAAAABBAABAA
AAABAABBBBBA
AAABABAAAAAB
BAAAAABAABBB
BAAAABBABAAA
AAAAAABAAAAB
BAABABABAABB
AAABBBABABAA
AAAAAABBAABB
AABAAAAABAAA
AAAAAABAABBA
AAAABBBBBBBB
BAABBBAAABBB
BAAAAABAAABB
AAAAAAABBBBB
BAAAABAABBBB
AAAAAABBAAAA
AAABABBBABBA
BAAABABABBBA
AAABBBBBAABB
AAABABAABBBA
AAAAAABABAAB
AAAAAABBABBB
AAAABBBBBAAA
AAAAAAAAAAAA
AAABABBBBBAA
AAAAABBBABBB
AAAAABBBBAAB
BAABAABABBAA
AAABABBAAABA
BAABAABBBAAA
BAABBABAAABB
AAAAAAAAABBA
BAAAABBBAABB
AAABAABBBBAA
AAABBAAABBBB
BAAAABBABABA
BAAABBBAABAA
AAABAABAABAA
AAABAAAABBBA
BAAABBABAABA
AAABABABAAAA
BAAAAAAAAABA
BAAABABAABBA
AAAABBBBABBA
BAABABABBBBB
AAAABBABABAA
AAABBAABBAAA
AAAAAAAABABB
BAABBAABABBB
AAABAABBAABA
AAAAAAAAABAB
BAAABABABAAA
BAAAAABABAAB
BAAABBBBBBAB
BAAAAABAAAAA
BAAABBAABAAB
BAAABBABABAA
AAAAABAABAAB
BAAAAAAAAABB
BAABAABBABAB
BAABAAABAAAA
AAABBBBABABA
AAABBBBBAAAA
AAABBBABAABB
BAABAABABABB
AAABBABBBBBA
BAABBBAAABAB
AAAABAABBAAB
AAABBBABBAAA
BAAAABBBAABA
AAAAABABAABA
BAABBABBBABA
AAAAABAABBAA
AAABBAAABBBA
AAABBABBAABB
AAABAABABBAB
AAABBAABBBBB
AAAABAABBBAB
AAAAAABBBBAA
AAABBBABAAAA
AAAAABABBBBA
AAABAABABBBB
BAABABBABBBB
BAAABBABBAAB
BAABBBABABAB
BAABBAABABAA
BAABABABBBAB
BAAABAAAABAB
BAABABBAABBA
BAAAABBBBABA
BAAABBBBAABB
AAABBAABAABA
BAABBAABBBBB
AAABBAAABBAA
BAABAAAAAABB
BAAABAABAAAA
AAAAABAABABB
AAABBBAABABA
AAAABABBBAAB
AAAABABBAAAA
AAAAAABAAABA
BAAABAAABABA
AAAABAAAABBA
BAAAABABBABA
BAABAAAAAABA
AAAAABBAAABA
AAABAAAAABBB
BAABAAAABBBB
BAAABAAABABB
