YES
KOEVV
OMUEV
PYEGG
OXABC
FZABE
LEABV
UQDPH
HEDIA
TSEJR
NCGBI
QUAFG
NFBBC
OQAEC
WREBG
VUBKB
VBEUP
SYEPW
MXCBR
EIONR
YSDFI
OREEI
HKICS
FPACF
KGAHN
WMGKK
EUAKQ
VQBBB
WXBIJ
BIFFF
RJBCF
VVFIB
LVAAQ
TRCCJ
QXAHH
GCEFL
VVDDR
SHCCA
AAKOI
FBIDL
GRZZR
EZEAM
GSADE
XLHAH
BNEBS
DCCDG
SFCMM
HHBFD
CZAGE
ODAFF
HFDJJ
BQBBB
DXAAU
VLHAC
RBQKR
YJAAC
JABIK
WJWRE
QCCLE
SGBCO
RNBCE
QLJNJ
EJCHA
NAAAB
GGBGR
IEFUX
QNJKN
QEAJA
PUACO
XKABC
GGMAX
GAAGF
ASAKA
QSCHC
UFASA
JGDDJ
SWBFF
PNBKA
YAZYR
IUBAF
PLFND
HAAAV
SYBBF
GGVGW
CMNTK
TQCEB
XABHM
TJHEA
MHCHU
EGBBG
TEFIP
FNARJ
RNHDI
SXEII
BDBEE
NDBBG
FBBCT
UWBGF
AVPHH
BXBCF
CNEEH
GLLOM
ZOCCC
HZBAC
RNFAH
LBBFE
WWDDC
VQDDE
LABDJ
YCEAD
XXFFI
WUZJP
HKMAD
GUAIY
SAGAD
QIEEQ
UJFDM
KMBBM
AVEID
GAOQE
PQDJV
EGALG
XXCEN
ZOXUT
ZECJK
HSAFH
TJHBF
HKJDF
VLGBP
OMAFT
BABCM
CHBEI
DFEVG
QJEHM
XHCJJ
UKBGG
JDELF
JMFBC
YTGAE
LEABB
DHAEV
ADJRB
UZACE
KPCFF
SABCH
NYBGL
ADJPV
ABFBB
TZCFH
BHGAD
KJNDD
YOCGY
SXCDE
LNHBN
XOFBH
FGLTH
TSGDR
ZKAIW
ZZAHC
TOAAA
JXFCZ
ULAFO
HQBIJ
GRABH
TZABE
SYBBB
NWFSK
TPBRS
YOACB
LEMBN
SVABE
ZVNVM
GGGAH
HCCDD
NYEGJ
LYAFH
RWDFK
LYWKQ
EXEBI
CACID
LGAQP
DMCCH
HHBEL
JXDFF
YCEAA
JSENW
OLBGH
EPLSY
KBBBG
CQABH
PQDJG
JHACC
JUBAK
TJHEC
RZBBO
EXCVS
BWBPH
QAAKM
LTBBE
GLGCN
FGNBF
NKEEI
LWCCP
IBBBB
PJCFG
IHBOS
QAFGH
QNEHK
OKACX
KAABB
OBDBL
WGEHK
YJCJK
NKCAN
HEEAA
PNBMI
LDFGI
TJGNQ
PLKAJ
KRDCM
BXBEA
HUCER
CLBCI
HIAIH
JHBBG
GWALG
ZABBE
OMYMS
WQDDK
KBHAK
LUETN
GWALD
DABBI
HSAID
RTCEE
CWBBB
YCBCL
YUEAB
YHCGJ
RXCJB
DIQLT
QZCNM
USBBI
KHABB
QUAHB
NAAHW
TKBEM
WGBKL
UTFPF
NEACO
NCCHK
SWBHQ
WPACF
NOBEF
TRGJN
HGDGE
TXWYC
EHFBB
MRHJI
ZXATL
HQBKE
FUBFB
POAKS
GIFFC
EMDGV
YZBBL
WGBNP
UZBBD
XXBCI
ADHWD
AAADJ
UKBBB
WJVCA
VBEFH
XNCDQ
YYGNE
BUBIM
XOWQG
UACDA
VYDOJ
JEERJ
QEAJL
OCCHV
QQABF
PABAT
UTKCP
QEACN
HUFFF
AEFAC
MVCCD
GLADM
XVDDR
JBFPN
IFAGC
KAAAL
WVCBK
IDDOT
LICHC
FLAED
GVHDR
DYHIA
DABBF
OJBRP
THRRM
PNBKE
KBJFW
IBCEW
QWBGH
VABES
MXEDA
BHFLU
JXBCD
WRHBB
RKABH
HVCNV
FMCLJ
JRCSG
DPBYF
KXEIN
XABHU
BQVCK
BUAHJ
BSBCE
HEFKR
SIDIP
HKLAE
HDAAE
JMDBF
UDBBF
DOEAF
RUABC
DIAEH
LRBKD
LKBIO
SZBEE
SFCUE
IIJEY
VFABD
MVKMW
EPFFG
DHCFE
QUBMK
ISCDF
UNDDF
WRLAB
BEAQN
LODFI
DKBCE
YKACA
WWDEE
USBBJ
ZKARE
ZAABH
LICFI
NSHDL
SHFLE
MKBKL
IVCSO
FAAFL
QHDLF
QEAAA
DPOME
UTFVV
UWDIL
ZVHXI
PLALB
OVART
CGETS
IIGRJ
DQAAC
IOAEE
TAAAY
LABDF
COQSQ
DWMHX
NHDDU
VUAHN
ANBWP
QFDIN
WAKJL
ANCFF
NCGOL
SAEFG
LPBFL
WSDIA
PEAMA
XCFBW
POCGH
GAAAI
VJCUF
GIGCG
EPLYA
JDCXC
TNACB
PNNQR
DINDP
QSCGG
XABDF
OQHET
UTFMA
KTADN
CNGJA
CMLAK
WDCOD
HBCDG
DPFBA
WCCCQ
LOFAC
CGDGL
PEAHZ
GYDDL
ZWAAB
JMCNX
ELGBO
PEAME
BKIXR
MWDJR
ZAEAE
PTLFU
YXCCD
GYABB
RDIHP
UQEDI
OFQZL
HIAJC
NMHNR
GRMEY
ENDAD
KIKMF
PGCDI
WGGBD
RBMIV
BQLBL
NMRBU
GCLIP
QSACL
ZNADJ
YUDDE
ISAAH
MGDDI
UHAOU
MGPLC
WACDI
VGLZU
ENICU
MVBBB
FTAAC
PYFCD
PRQCE
DUDCM
DQAFF
SBDED
BQFBH
LSAHE
KHFKI
UQDPA
DHHHI
RBMKZ
TFAAP
WVENM
ZJIJJ
WEDLJ
FMDBN
PNBMM
RFEDA
VQEBB
KSBEI
SGLBM
YSCCT
ELAAC
TQCDA
XVGHE
IVAAB
RRFTX
ZGBXJ
NFGBE
VQJBI
EVAED
EMDGN
SRDAD
UDBFB
OCCEQ
OMVAJ
GEBBI
VKDDF
DVACE
TEGIK
HEGGR
QJFKH
GIETD
HHBEU
WRAMQ
ULAWO
PXACG
TJLMZ
JRACY
HIAPO
KEEDO
XLBCO
VCDEG
SRCRB
FYBCE
TIABF
TXDBS
JOAEI
CBGSB
QAGKQ
IIAJC
LZFFH
CADDD
ZAKAO
AVEJA
LCKAF
ZWEHD
SRCIA
ZKANB
EZCDE
GDHHD
OBBCD
SWBKA
NPABB
XBMKY
PCCCD
ZBDEG
OGBBP
QTABB
PWFFG
KZFPB
FMCHJ
TEGGP
BHFLO
PCHBU
SFCMN
BQBDH
GTEGG
WVBFJ
OEABC
DIQAA
FBEOM
AVPHE
LLABB
YTBBC
HIAHA
JKBGO
SZBDW
HOEAK
FGLOE
EIQDB
DHHHQ
VGMBN
HKHDC
HODGT
PSKVF
EWCCO
LZNXB
YHAAA
PFCAA
VGKKT
KBDBL
MHCOC
UODSK
XLZVI
RNBDB
CXABH
MKDHR
RQCDG
YAABC
OKADE
IAAAL
VXCCC
PSBEI
UACGK
QKCLR
GRNEE
DTDAP
BVABD
HOBQL
GGXBE
FJBSF
VNPAW
ZWEFF
ALAAC
DOCBT
ICCDF
HXBHH
UQJLO
PYEEE
DLBCI
VVFLX
CGDGM
NSCEE
BQCTV
GACDN
AVPPE
COAKL
IJNFK
TXBDH
FGNSP
QUGKV
XCFFF
WELJO
VZAFA
CEAHQ
FBRBD
ABDDE
TQCCH
GVHFG
BMAAB
ZJCEK
FAAFM
CHAAA
ZQCCN
AABFG
PKBMB
HIALP
PCJCJ
ECEEH
ZHAJJ
YTJBE
HONWL
SGNHK
VQOCF
BVCAK
KPBXD
HRHJO
NXBEI
DMBLG
FZEEC
BACDF
EPSLW
AVEHB
BIQBJ
QJESP
DVBDI
ZNCEE
YVBKC
MGPJV
SRCEO
KWDDD
ZAFBA
RABAU
XLBMD
IIJJS
ZZCFI
WAKJK
ZNAFC
GPFBG
LGAQR
ZDFBF
SCCCJ
JUHCQ
UFOMJ
CNABN
PFDBD
HEDHY
ASFIJ
DXCII
JTGKI
OMKOC
GPFAQ
FWAVK
DBDDE
FZDEF
VGACA
RJFJC
VLDTX
GVFCU
KPBJJ
WRACI
IOAVJ
UFREL
WGELA
AGCOQ
HWBBD
RFFBF
XFCRQ
RXAGE
XODCA
VNLBA
APHJK
NRCIP
GNAEC
ZNFDD
FXABJ
ZSACF
RLFVD
QHBJG
NSDGW
KJQUH
GVAGT
MCEFG
VZCEI
THADH
UCDAX
XLBMB
NYBGC
LYWKO
MGEBN
FKBCD
LCHAJ
TVAEN
LXBBB
VNHII
XABHP
SVADD
CBBCS
NWBBC
BGCCD
YMABC
MGEXG
LNARA
ZOBDC
MNAAK
LNAPK
QHHCQ
RUDAA
RQCEE
PKAAB
LABDH
ZTJGB
MEDRQ
EFGKM
PCIII
UNBBB
YVCHT
IBBEK
TIBDF
WQDHC
LULCG
SEAAS
UMACD
OABZH
XBBDG
DFEXC
CHABC
CLBPR
OLBEF
BDBCC
PKBQQ
IPAAA
URBBB
ZOBDI
YOTBB
RNBEH
SHEKN
BXBGD
DTDBQ
RUCFI
SABBB
WJKOK
ZPDZP
SZAEJ
ZHAEX
HEDDE
MNAAC
MBBBB
MKIBB
WEFGH
JMCBY
TCAXI
NRCNZ
JOGQM
JGEGI
MXEBL
DIADL
WEFKG
HEADR
YUECF
TQGFN
UFAPJ
MLBCM
YXDEV
UWBFV
HAAAY
DPDEF
KTDEF
WJKSH
RMABF
LWCCM
ZDECU
JDDDK
PROAO
EPBEI
BXBCD
QQCHO
WGDIE
SHFJA
LLDJG
JKDAD
SBDFA
KXBFK
KWDFP
WVCAC
VCDMB
YOWAF
YMACD
EUACD
YWDKM
IFAUX
YTGAD
APDSJ
NMPQY
OJEEM
PABAO
YCEAC
LODFH
HKGHS
ZIADF
RXAFV
QJESQ
MNHIF
TVACI
RLGGR
XKBGG
UPBFG
RGAEI
NCCFI
ZDFCF
APGIC
MNABF
QNIAD
JBHRA
RBBDB
FSCAK
EOAAB
DBJCG
ICETU
WKGNL
OFFYH
VTEFY
PRIPI
DGADE
VLAEG
NOBGG
QSJJK
CAAAG
UKBBE
VWAAE
KHBEK
BEAGT
IVKME
QNFBB
SYFBE
ENBCG
KJLNE
CRDFD
YCANV
UACHB
SHFDF
DZABJ
CYAAH
ISCOM
UTFRB
LIBDO
BDAFO
XVCDH
LTBIA
DCGCY
YWKYM
JABIL
SZBDU
FPAHP
OZBVP
DYIEI
VCMAJ
BORFS
ZJIAB
IMCUN
YSAAJ
UFKLR
PQDMF
WGJTW
IEFVE
NSKBO
MQCSA
SGAMM
FWAFG
BADRF
VPAAI
BFBFJ
VZCCE
HEAAC
SAEFH
TSCCI
TSBEE
TZAGR
ZIALJ
DVBDW
BQXJM
IHCCD
HSAXA
QDARC
QGIKJ
BIMMG
CKBBF
GLIAF
KBDAI
RHBCB
ZLDND
YICDG
ENBCB
GVCCD
RSBGU
ICCPA
GEEAA
QABDH
XGCEB
SVDEF
TMCCQ
DVBDT
JVDRZ
ZECJJ
DCEEH
QSGPA
LJFJK
WJKSK
CMKID
ZBENT
OZAAA
NWBGJ
BCCAP
UKBBG
IPBQA
DXCNG
IUAAA
MVDAD
SGNQE
UEABC
APFTD
GKEXA
GGBBF
OFFIH
PGCDL
RLABB
NMHQT
HCDEU
FGAAD
ISAEP
XJAEG
XOWEE
GGFPE
PKBEI
HIHPE
ENGUZ
RCVLK
SJBBX
SHBAR
UDDAE
JSIXK
YAJJA
BIORI
QLBDD
PNEKR
EZGBG
VCMKS
IBBLT
DMCCL
VSBFS
GFAON
ZZCDK
FBBEE
XBFAJ
WGEPG
VQSCC
AAKLD
EHCPP
FIBRW
LJFGM
LVBFG
UADEE
PQAFI
RCTIR
VCMRG
NCCHD
QSGJM
FBBGG
JMEAC
WCCAZ
VSCAI
PIACL
FWAVD
YUMPB
TXBDG
AWEIJ
EBDGJ
VLLKI
CBCDI
EBGGG
QDBBC
IVJYX
GBBEO
ENPBJ
AEDEJ
EFMSJ
ZAGFE
ISAHC
TFAGV
KZFLN
SHFLI
RTDJL
WDATY
