YES
BBH
AIH
FAJ
JIG
EAD
CDE
DCJ
HBA
GJF
CJF
CAG
HIG
BFD
CAD
CAH
FFH
JHI
BFF
ADG
AAJ
DFH
IEJ
IAH
JBJ
JAA
EEI
AJD
FGI
JJE
HHC
FDE
HCC
IGB
GEF
DGB
CGF
JIF
BJI
IIC
BHI
BDA
IAD
IIH
BDB
FAH
GHB
GEE
CEI
JEH
IFI
CDI
HDG
BIE
IIF
CDJ
FIA
CAC
FFC
ABB
AGF
EDJ
HIA
HCB
IGH
DBJ
DGA
JBB
GFE
FHD
GJE
AHA
JAH
CJA
AFA
CBD
GGA
GBD
HJE
IBB
DCA
GJD
JCJ
DDB
JBI
GHH
EJD
CGH
BCD
DGE
IGC
BIF
HGA
DIA
CHC
IJE
DDI
ACH
DIE
GDI
EII
HED
AEH
JGH
IIJ
DHH
IGF
JCI
IIA
FFJ
EJB
JHF
FEE
BBD
CIB
FCG
ABC
GJG
GAF
AJJ
AIJ
EJG
DAJ
JGE
GDF
JGI
CFG
GCD
HDI
EBG
AII
AAC
FFA
GHF
JCD
FCD
AGA
GCG
JHD
CJD
JIB
BEC
HCF
DDG
EGG
AHI
GEJ
JGA
BDC
FIC
DHB
EGD
GHG
BAA
GFA
DAF
FCF
CHH
AJH
EJH
BEJ
CEC
DAC
FHF
IDE
IGA
HEF
HHF
DCC
HIC
ECJ
JBG
CDB
HGD
AFB
IEH
JEE
CGG
HAG
JCA
DBG
BAH
GEB
IDC
GFB
IHI
ICC
IEB
BIH
EGA
DFI
EED
EBF
HAE
ABH
BGI
IHC
FFD
IJA
CHB
ICE
JGB
JGC
GED
JAE
CCF
GIH
EGH
HEE
CGI
CED
DGF
BHC
HEC
EDH
HDA
HIB
CEB
ACF
EAG
IHB
CAA
CHE
EFI
IFD
HFG
DCH
IFG
CGA
JJA
EGF
GGF
GAC
FDG
JDJ
BHD
JBE
HDH
IJB
FIB
AFE
CJG
DJG
FCA
HFJ
DJB
DEF
CJH
BAG
JAC
JDD
GFF
CDC
DHE
JFE
BID
GFI
AAH
CCJ
EFA
GHI
JCF
HAD
JIE
BJA
AFG
ECD
HBH
GEG
DBH
HAI
DJD
EHG
EIH
CCI
FGD
AIB
GJJ
IAE
BHG
CIC
HIF
EAA
BGJ
AFJ
JFF
AJA
FJB
GDC
BGC
CID
DIC
JJD
DBA
BGH
GCH
CAF
JDF
FAC
AID
JHC
AEA
DBF
DIB
BFI
JEF
ADC
ACC
ACG
IJJ
JJB
EHC
AEJ
FCJ
IAA
EEJ
JAJ
IDB
DDA
HIH
IAG
EEA
HDJ
FJH
AGC
GGD
BEF
BEH
DGD
BIC
IGJ
FBC
CJE
CGB
IGI
ADA
CDD
JIJ
BFJ
BJF
FEC
FEG
CCG
JFD
IHA
FEI
DBC
HJC
AGB
AJF
CGE
FFB
EFD
FGB
AGI
DAH
FFG
DCB
IFJ
HCI
FHJ
HHB
IHE
DIG
EAH
BCF
GGB
HAA
AAA
EBD
AFD
BJE
IGG
IBI
AJE
FIJ
CFB
CCA
AAE
DEE
JJJ
IBC
AEI
CIH
CEJ
JFB
EIE
GIF
AHC
GJB
BCE
HDD
DEJ
GBG
DFE
GHA
JDG
GCB
CHG
HCJ
DAA
EGC
FBI
EBH
JEJ
EDD
EIF
DIF
FJI
CHD
BEB
HFD
GHE
JBA
IDF
ACD
DBD
BJJ
GCJ
JFI
BGD
HID
EJA
JBH
ECA
CAB
BDF
JDB
BAE
BHB
GBE
EBI
BHA
HAF
IBF
HEB
HCA
JGJ
HCH
GDG
HGF
CJI
GDD
EJC
GGG
BEE
CFD
CDF
HDE
AHG
GEI
CJC
ICB
FBD
BIG
HGG
FIG
HAB
DEG
FBJ
BBB
EAJ
DDD
FAD
ABG
EFJ
FJC
AJI
IAC
CAI
JFH
CBA
AFH
CHJ
CHF
ADF
DJF
AGG
FAE
JIH
HFH
JEA
AAG
FBF
EJJ
EEG
GIA
CCH
CBG
JJF
IJC
AFC
HHA
FEH
ECG
IFE
CEF
CBB
BJB
BBC
ICG
CFF
BFB
DIJ
DCG
FCI
FIH
IEC
JDH
BAD
IAJ
AIC
EIJ
BBI
DEA
IDH
GJI
IHG
HAC
HFC
BDI
EAC
EBA
JCB
GFD
AHD
HHE
DBB
FDD
ICA
GFH
DJA
HDC
HBE
ABE
JBD
ECH
DII
HDF
AJG
JCC
JAD
FDB
EFE
BAB
CIG
IGE
BBF
DHC
HEI
IEI
BCJ
BDJ
GFG
GIB
FEJ
BII
BEI
GGI
DFJ
BAC
HJG
EHA
FJA
IID
DAI
HCD
AGH
CDH
CGD
CHI
BED
DEB
GAD
AJB
FBG
BFC
GID
ECB
EFF
GEC
FGJ
DEI
BCI
JGD
GCF
EEH
CBI
FAG
HHJ
IBA
IJI
HGB
HJI
JHB
CFA
FHB
JAF
ABA
HDB
GBI
GBA
IEG
IEA
FCE
BHE
JFJ
JEC
IIB
AAF
AGD
CAE
JIC
AJC
HIE
AIF
CDG
EDG
FJE
JGG
AED
JJG
BCG
CEA
HBG
IJD
BBA
BCB
BAJ
HIJ
FHI
DDH
DGI
ADI
ABI
CCE
GCE
CIA
EEB
FGC
ABJ
BJC
CBE
CFH
BBE
EAI
FHC
HBB
FJJ
HAJ
EHE
CBF
GBB
EJI
EHI
BAI
GJA
CFJ
FDA
AHE
ICF
EEF
AAD
FAI
JCG
GDJ
HBJ
GAJ
EDB
HJB
DCF
AHJ
GIJ
AFI
DBE
IAF
GEA
HAH
EFB
FHG
FJG
CII
DDF
JEB
FEB
BDE
CHA
FDC
CFI
HFE
FFF
JFG
BFA
DCD
IGD
FII
CEH
ACE
JII
FIF
AIG
IDA
IHF
FDH
BDD
DFA
JHA
BGB
IFF
JCE
HHD
AGE
DFB
IJF
HEJ
JEG
HJA
JGF
FGA
IHJ
JBF
DJC
GBF
FCH
GAG
EGB
BDG
FBE
DID
IAB
DBI
DFF
JED
FED
DFD
ICJ
GAH
EEC
CBH
FDF
BHH
HBF
FEF
GHD
BFH
JDA
GEH
FDJ
CFE
GDB
ECF
FBA
GAI
ABD
GBH
CCB
JHJ
BGG
EIC
HBI
GAA
DED
BJD
BCH
AHH
CBC
DJE
AIA
GAE
EEE
GFJ
EGJ
GCC
III
EGE
EFC
DAD
EHB
ECI
AEB
JID
FAA
IFC
FGF
ACJ
DEC
CCC
GDE
AEE
EBE
HEH
ECC
GCI
HGI
AEC
BBJ
CEG
CCD
EJF
FHA
HBD
IED
IAI
EID
DEH
GJH
JJC
IBE
ADD
IHD
HCG
EIB
FGG
BIB
HEG
EFH
BGF
JAI
IIE
DHJ
IDG
BDH
HFI
JCH
EHJ
IDD
HGJ
IIG
CIE
BCA
GGE
ABF
IFH
FJD
JJH
ICD
HJF
JDC
DAG
BFE
CEE
EHD
EGI
JFA
BIA
FFE
CAJ
AAI
BHF
JBC
GIG
EAF
DCI
CJJ
EDE
HJJ
GFC
CFC
GHJ
FGH
ADE
HGH
EBJ
IJG
GBC
IEE
ECE
FEA
DGJ
IBG
ADB
FBB
AFF
FID
HBC
BEG
AIE
JHE
DHA
CJB
EDC
HHG
AEF
HJH
HEA
HHH
BAF
EBB
GIC
IHH
ADH
GAB
BCC
AGJ
JAG
ADJ
IJH
BJG
DAB
HFF
GBJ
JJI
EHH
EJE
EIA
FBH
IBJ
EDA
FAB
DAE
AEG
FCB
FCC
JFC
FHE
JHG
DCE
FGE
DGC
ACB
CIF
DDC
DJI
FFI
JEI
IFA
ACA
DDJ
JAB
AAB
FDI
FIE
CBJ
JHH
BGA
DJH
HJD
BJH
GDH
BGE
DIH
EHF
EDI
EAB
HGE
DDE
DFC
BBG
CDA
HGC
FJF
AHB
CGJ
DHG
AHF
GCA
DHD
GIE
EBC
DHI
GHC
ICH
GII
ICI
EIG
IFB
IDI
DFG
IBH
BEA
JDE
HHI
GGC
BIJ
IDJ
DHF
CIJ
IEF
BHJ
DJJ
GGJ
HFB
GGH
EDF
HCE
DGG
IBD
EFG
BFG
HFA
JIA
HII
JDI
FAF
DGH
FHH
ACI
CGC
GDA
GJC
EAE
