YES
CAE
EFE
JDI
ICE
BFC
JFJ
DAJ
IDE
BJG
FFA
IGD
EGG
FGH
IFC
HIC
CDA
DEG
EBA
GEI
JGE
HHJ
IHH
FCI
JCD
CDC
EDF
JAF
IDD
IHB
AHE
ACH
GBF
FEI
CGI
BGA
AGG
GHF
AEA
CGB
EDC
HAE
IEA
CAJ
ICF
DBC
CCI
AGI
DGJ
IHE
IFJ
GBE
DFJ
GFE
IGE
FHI
JBH
CAH
CID
FAF
EAJ
DBA
EAA
DJF
ICC
CCG
JAC
HHA
GHJ
GFI
IBI
EGC
JED
JFD
IGH
DBH
CHB
GDF
CHJ
CED
FHC
BFB
IHI
BJD
FBD
FIF
DAB
CFF
GHA
GAA
FCF
DIH
DEJ
GHD
GHI
IJH
EIH
BJB
EJB
EDI
HCB
IBH
IAC
CFE
FGF
DFE
CJB
FDJ
IAI
AIG
AGC
CAB
JDA
ICG
AII
JCC
DID
CIA
AAC
HBA
HFD
JHH
CHE
CII
DGF
CEC
FCC
DIF
BCD
AGF
JDB
AEF
BIF
FCH
AGB
BAJ
DFD
JFB
FFF
HCA
DEE
EFJ
EDG
EHC
ACC
IIF
HEE
IIA
HEI
DEF
DGC
BGF
FHH
HCF
ABA
AJE
HBG
AIB
JAI
IBC
JFF
AIF
AAB
EEI
CBE
IID
FHJ
DEH
CBD
HJJ
FIE
EIE
FJA
EHH
DBF
FJE
DFB
DCD
AAG
HGI
CAI
JJF
CJE
CCD
HEG
IDA
CCH
III
GEC
IBD
JDJ
AIJ
CHC
AFH
BCB
FIJ
FDF
AFC
FBJ
JGD
BAH
JCG
JCE
JCH
GBI
GDD
JGH
CHF
JHB
DCI
FAJ
IEJ
JJG
DDC
GCD
CFD
JIB
FEC
GJJ
BBA
GDA
HGF
HJB
BBI
EAF
EIJ
HBE
EIA
BEE
FDD
JJH
EDA
ABH
AHC
JDC
IFD
IAD
EAE
BJH
BBH
CGA
FGE
HFF
JJC
EEC
EDE
JJD
EAD
GHG
HGJ
CEI
BDJ
EAI
IFB
HDI
BEG
CJH
IBJ
BJE
HFE
EEE
DFC
ABJ
CJC
HBJ
EGD
DAC
JEI
DGA
ACB
JJB
DIJ
FCG
DFG
EAC
GAD
EHA
GBG
HGG
BHG
EGE
GGE
GDJ
IFI
ADB
DDH
IJJ
BGC
DJG
FEE
IDH
AGE
JFA
JHF
JEJ
GCH
HBB
EJE
GBJ
JAD
FDG
GGH
HEH
BAF
IAG
IJC
BAE
DHA
GJD
EBI
GIH
FDB
BDE
ADJ
DGH
DEI
CDJ
CJF
CGC
BIJ
EIF
DCC
BHE
FFB
DGB
GGA
AHI
EIC
CHA
BFJ
BCF
IED
BBF
DCB
DHG
ADG
ECH
IAH
DDJ
IIB
IBG
HAC
JFI
CFB
GBA
HDB
HIG
GCF
CIC
DDD
HAH
DAH
AIE
IBF
IDC
GCJ
GBB
GEA
ABE
ICB
IIG
DEB
HFA
HHE
AHD
DHH
JIA
EDH
BAB
JBF
JAH
HIF
CHG
CIJ
HDA
CIF
HHC
FBI
FFG
EIB
CGG
CFH
BEH
FAA
FGI
AHB
JEA
DGI
FEG
DBI
BBJ
GAC
ACG
HBD
IAB
GAJ
HGA
JHA
DGG
CBI
ECI
FHA
BID
HHB
EBG
GAB
CEH
CJJ
EFH
DFI
AEE
AFJ
CCE
AJJ
IEC
HED
FEJ
IFA
GID
FEH
JIH
BIB
BDC
ECA
GIJ
BFD
JBC
FDE
FJD
DAI
GCA
DJE
GGC
GIA
HJD
AJG
CAD
BCA
GDE
DAF
DBD
AJD
CIE
JHE
FDI
BJJ
BDA
FBA
HDJ
ADC
AFF
AAJ
GED
IDI
BCG
DIA
FEB
EEJ
EHG
HFC
HDE
EBF
FFI
AGD
CBJ
JJI
CIG
IAA
IHF
DBJ
AFI
BBE
GGG
EIG
CDH
HHG
IIH
GIF
DJH
DDF
BHJ
DCE
AJA
BAI
JDF
HIB
EDB
CAC
DCH
AFA
BJC
HCH
HJC
HEA
GGB
BGE
DHF
BDD
CDF
BAA
HIE
EDJ
DJC
IHA
GJC
JBG
JCI
EID
IJF
IDF
CCF
BFE
IIJ
IEF
FGC
CBG
IHJ
FBE
BDI
GJF
GJI
IGI
CDD
DED
IGA
CGF
GHE
EGI
AIC
JGB
ECB
HAF
HGC
AGH
BDH
GEF
DFH
EJA
IJB
JCF
ADA
CAA
BCI
JDH
CCA
GEB
CFG
GFF
EBE
GBD
JAE
FII
BGG
JCA
BIE
GJA
BHF
AIH
EFI
FFH
ACF
CBF
BFA
BCJ
IEB
JAA
IJD
EJF
HHF
IFH
DJI
JGA
JGJ
DAD
BDG
DHJ
IGC
JIJ
DIG
BEC
ACE
FHD
FAC
AEC
DJJ
FED
DBE
EEF
HJA
BGB
BIG
FHG
CAG
JBE
ICJ
GFH
EGA
JHD
ICI
AHG
CCJ
GJH
HGB
JEB
CEG
FCD
IDJ
HCG
EFB
DAG
IHG
DDE
GAI
EJH
ECC
FIB
EJI
DGD
GDG
GJB
JCJ
CEA
DDA
ACJ
AFG
HDH
GFD
EJC
JGG
FAH
GFB
IFF
HAB
EHI
CJI
GAF
GGI
HGE
EEB
FIG
FJG
ABI
BCE
AJB
FJJ
EAG
CIB
HEC
DHD
CFA
HJE
GAH
HJG
CHH
HDG
HCC
ADH
EEG
ECF
JCB
HFJ
AHA
FEF
GDC
HCD
GAG
FCE
GFA
IBE
HIA
EEA
AHJ
FGJ
GII
BGD
AFE
ADE
ADI
DDB
AJH
EBB
FIA
EHB
JEH
ACD
BFI
AAD
DII
EAH
JJE
BIA
ECJ
HFB
FBF
FAD
CEB
AEB
AJF
CGH
BHC
DBB
FHF
BCH
CJG
GIG
EFC
AEH
ECD
AED
EBJ
IEI
CGD
BHI
FDC
GBH
FIH
IIC
AFD
EHD
IJI
IAE
FBC
CBB
IEG
EDD
FHB
DIC
CIH
DHI
FIC
CEF
HBI
GJG
GEE
CDI
GBC
ABF
FAE
CGE
CHI
AAH
GHH
CEE
BFG
GGD
FDH
BBG
HEF
IHC
FEA
FFJ
FGG
AGA
DCA
ECE
FFE
CDB
HIJ
FBB
JIC
HFH
FJI
JFC
DDG
GIC
EAB
JAG
CBH
DAA
FJB
AGJ
JAB
GCI
FBH
BHA
AJI
DEA
HHI
JBJ
BCC
AAA
BDF
DJA
AEI
JDG
BGJ
ICD
AFB
IJE
HJH
ADF
AIA
JBI
IIE
EEH
CFJ
ACI
ABB
GFG
IFG
HAA
JIE
EFD
EFA
AAI
JFG
EHJ
JJJ
HJI
DDI
IJA
GDH
BJA
FDA
AID
FCJ
GAE
HBH
JEG
FFD
HDD
HCE
CJD
FJF
CAF
IHD
JJA
BEI
DIB
JHJ
IBA
HCJ
FJH
GJE
HGD
HEB
BDB
FJC
GEH
FID
AAE
HIH
IAJ
JFH
GCE
AHH
BAC
ICA
IEE
DCG
DFA
DBG
JBD
BFH
FGA
IDG
FAG
AEJ
EBH
JGC
BGI
HDC
GFJ
CHD
DFF
BIH
JEF
EJG
AHF
GCB
ABG
BHD
HAJ
GCG
BHH
EGH
DEC
AJC
ADD
IGG
EGF
CEJ
EGB
ACA
GGJ
ICH
CGJ
JDD
HHH
HFI
DCJ
EJD
HII
CBA
BBD
JAJ
GCC
BBB
DCF
HAD
JHG
DJB
HDF
IGJ
EFG
BED
EII
EHE
BEJ
EJJ
EGJ
ECG
HJF
DJD
JEC
BBC
HID
HGH
GEG
JBA
GFC
GIE
BEA
JHC
JIF
BEB
BHB
GDI
HAG
FCA
FAB
JEE
IBB
GIB
BAD
CCB
IGB
JBB
CCC
EFF
IEH
FGB
IJG
HCI
HFG
CBC
JGF
FFC
DAE
CDG
BII
FAI
FCB
IDB
EBC
EED
FBG
AEG
JHI
JII
HHD
BEF
GEJ
GHB
EHF
HBC
JGI
CFI
BAG
CJA
GHC
BFF
CFC
JID
DHE
DIE
JIG
EBD
GGF
CDE
IFE
BIC
FHE
ABD
BGH
IGF
IAF
HEJ
DGE
HAI
FGD
AAF
GDB
JDE
JFE
BJF
DHC
HBF
BJI
ABC
DHB
