YES
NAAAAC
QAAADA
ZAAAAL
SAAAFQ
XAACAA
LAAABH
NAACIH
CAAACM
YAAAAO
CAAACO
TAAAAD
PAAAAK
PAAAGJ
GAABBU
LABBDQ
EAAAAD
IAAAEH
GAAABJ
SAAAFU
RAAAAD
PAAAAG
GAABBR
RAACEF
DAAEGP
CAAAAB
PAAAIC
UAAAAT
QAAADL
VAAOKF
RAAAAN
QAAFKM
HAAACD
WAAAAA
HAAACP
SAAACK
LAAAAH
HAAAAC
PAAAAV
SAAAGA
IAAAAF
UAAABG
XAADAH
GAABBO
YAAADT
QAAAAC
FAAABK
SAAACJ
QAAADK
EAAAHF
FAAABL
PAAAAF
XAABHG
IAAAEA
TAAAAC
IAAAEY
UAAABB
SAAAFY
GAAABN
PAAAAC
LAAAAA
EAAAAC
JAAAAT
CAAACR
SAAACL
NAACKF
CAAACV
OABBCS
TAAACI
AAAACG
JAAACK
GAAACK
JAAAAE
TAAABR
MAAAAJ
OAAABD
WAAAAN
CAAAAJ
WAAAAC
LAAAAB
UAAAAH
NAACKA
XAAAAN
JAAAAW
ZAAACC
ZAAACB
QAAABC
TAAAAE
FAAAAB
LABBDI
FAAAAF
OABBCT
JAAAAJ
YAAAAN
WABBCK
QAAFKL
SAAAFN
IAAAED
XAABGU
DAAEGH
HAAADN
JAAACC
EAAAGG
EAAAAB
OAAAAJ
AAAACQ
LABBBE
XAABHF
TAAABW
AAAAAL
AAAACM
FAAABJ
JAAABC
FAAAAG
EAAAAG
YAAAAL
EAAAHH
RAACEK
MAAAAP
QAAFKT
LAAAAF
SAAAFM
EAAAGE
YAAADC
BAADEA
RAAAAM
WABBBC
CAAAAM
LAAADD
JAAAAP
SAAAFX
TAAABC
RAAAAJ
ZAAAAH
QAAFKO
ZAAAAZ
OAAAAG
QAAADB
WABBBL
AAAACI
OABBCE
SAAACE
RABBDD
SAAAGC
AAAAAH
YAAADQ
CAAACT
MAAAAM
JAAABI
MAAAAL
VAAOFS
PAAAAR
WABBCL
LAAAAD
VAAOKG
LABBBF
IAAADQ
XAAAAL
VAAOKC
IAAAEU
QAAADM
XAAAAA
OABBDB
FAAABN
XAABHI
JAAABQ
YAAAAF
UAAAAJ
VAAOFT
XAAAAB
VAAOKI
CAAACK
JAAABS
LABBDR
XAABHJ
WABBBM
AAAACN
OAAABC
MAAAAH
JAAABP
ZAAABD
CAAACI
KAAABE
KAABBD
ZAAABE
JAAAAM
HAAACL
FAABEA
GAAABM
JAAAAA
WABBCM
HAAAAE
YAAABE
ZAAAAP
YAAADH
EAAAAA
FAABCA
TAAABX
TAAABV
AAAACL
TAAACB
QAAFKU
IAAAAG
MAAAAE
HAAADL
HAAADK
RAACEH
CAAAAH
OAAAAK
IAAADL
GAAABQ
OAAAAB
WAAAAR
TAAABH
OAAAAX
LABBDF
NAAAAS
RAAAAE
AAAACZ
NAACIF
PAAAAN
OAAAAS
WAAAAT
JAAAAL
AAAACW
RAAAAK
GAAAAA
EAAAEV
FAABCG
BAADDM
NAAAAD
TAAABK
FAAABF
LAAADG
LABBBC
CAAAAE
HAAADO
IAAADO
MAAACD
FAABEB
FAAAAR
FAABCH
JAAAAV
UAAAAO
YAAADS
LAAADB
FAABEC
ZAAAAY
SAAAGD
IAAAFB
CAAAAF
YAAABG
WABBCG
AAAACU
BAADDQ
UAAAAL
IAAAAD
MAAACK
EAAAGF
YAAAAG
IAAAAH
LABBDE
DAAAAR
OABBDC
XAABGT
SAAACC
JAAAAG
VAAOFP
DAAAAU
UAAAAN
IAAAEV
EAAAGB
NAACKH
BAADER
XAAAAP
UAAAAC
RABBCD
ZAAABA
WABBCF
PAAAAB
EAAAHG
OAAABE
OABBCQ
TAAABU
LAAACE
YAAADU
QAAADF
YAAABC
AAAAAA
DAAAAJ
MAAAAO
KAAAAV
NAACII
QAAAAG
CAAAAC
JAAAAU
DAAAAC
IAAADW
MAAAAR
YAAADR
OAAAAA
ZAAAAJ
XAABGS
DAAAAK
ZAAAAK
XAAAAH
YAAAAB
YAAAAQ
NAAAAA
RAACEI
OABBCW
KAABBB
FAABCB
TAAABF
LABBDO
MAAAAG
VAAOIA
DAAAAE
HAAADH
DAAEGG
MAAAAX
RABBBL
LABBBG
IAAAEE
WABBBN
WAAAAL
NAACKD
ZAAABB
SAAAGF
IAAAEP
DAAABB
ZAAAAI
FAAAAH
MAAAAB
BAAAAE
LAAADH
MAAAAT
YAAAAK
YAAADO
LAAABE
IAAADK
JAAABJ
KAAABO
NAACIG
KAAABD
BAADDZ
LABBDG
PAAAAU
CAAACL
DAAAAW
WAAAAV
IAAAEJ
MAAACH
IAAAAB
PAAAIE
BAADDW
FAAAAP
OABBCN
QAAADI
XAADAA
IAAAEW
SAAAFT
CAAACD
KAAABL
EAAAGC
TAAACD
SAAACN
RABBBK
HAAADC
JAAAAI
OABBCY
JAAABB
DAAABC
VAAOKP
TAAACA
SAAAFL
XAABGV
XAADAG
NAAAAQ
NAAAAN
EAAAGI
MAAACI
VAAOKJ
QAAADN
JAAAAO
VAAOKD
KAAAAB
BAADDS
XAAAAO
XAABHH
VAAOKO
ZAAAAV
RABBDA
OABBCK
LAAADF
XAAAAG
AAAAAK
AAAACO
YAAADM
CAAAAL
RABBCF
CAAACF
QAAABJ
NAAAAV
AAAACH
AAAADC
XAABHC
LABBBK
JAAAAQ
VAAOID
NAAAAO
RAAAAI
ZAAAAB
GAAABP
VAAOFR
JAAAAY
BAADDR
DAAAAA
DAAAAG
KAAABH
KAABBF
QAAAAF
YAAABF
YAAADB
QAAABI
JAAACH
NAAAAY
JAAAAS
UAAABJ
KAAABP
BAADEP
KAAAAZ
HAAACC
OAAAAH
RAAAAF
NAAAAP
MAAAAZ
LABBDN
FAAABE
LABBBB
YAAADL
VAAOKB
HAAACN
FAABCF
RAAAAO
DAAAAX
GAAABO
DAAAAV
AAAAAI
MAAACG
PAAAGM
ZAAAAF
AAAAAB
WAAAAQ
VAAAAC
GAAACJ
GAABBP
XAAAAF
GAAABR
IAAAEK
UAAAAG
KAAABJ
QAAFKR
EAAAAE
OABBCX
LAAADC
UAAAAD
NAAAAB
JAAACJ
WABBCN
BAAAAC
GAAABK
KAAAAS
AAAAAJ
HAAACE
JAAABH
UAAAAE
WAAAAU
YAAAAR
CAAACP
AAAACR
YAAABI
WABBCI
XAAAAM
PAAAAH
SAAACM
LABBDP
HAAACF
GAAABH
MAAAAF
GAABBJ
KAAAAT
AAAAAD
SAAAAA
OAAAAD
QAAFKK
IAAAAA
OAAAAM
YAAAAH
FAAAAK
PAAAAD
NAAAAZ
ZAAAAD
MAAAAA
GAAAAT
AAAACD
DAAEGQ
MAAAAD
IAAAEC
FAAABA
GAABBA
HAAADF
VAAOKE
OABBCO
WABBCC
QAAAAD
MAAACA
ZAAAAX
KAAABB
SAAACO
TAAABB
ZAAABG
YAAAAM
BAADDX
TAAABE
UAAAAI
AAAAAC
OABBCR
WAAAAS
UAAAAW
OAAAAE
FAAAAQ
MAAACB
IAAAEF
OAAAAU
HAAADJ
SAAAGG
KAAAAU
KAAABG
WABBBD
AAAADH
XAADAB
XAADAD
GAABBM
OABBCV
FAABCI
SAAAGE
MAAAAY
NAAAAL
RABBCG
GAAABF
HAAACR
VAAOIB
CAAAAI
LABBDH
NAAAAW
MAAAAU
BAADDI
LAAACD
SAAAGB
TAAABS
OAAAAN
BAADDN
JAAACI
PAAABC
MAAACF
WAAAAX
TAAABY
IAAADZ
BAADDV
CAAAAK
DAAEGR
KAAABN
WAAAAP
HAAAAD
TAAABN
FAAABD
WABBCO
RAACEG
JAAABG
QAAADJ
HAAACK
FAAAAO
LAAAAC
DAAEGK
SAAACG
AAAACC
BAADDY
BAADDP
UAAABI
XAAAAC
MAAACJ
WAAAAY
MAAACL
RAAAAB
FAAABC
EAAAHD
KAABBE
QAAFKP
KAAAAP
VAAOKK
FAAAAL
MAAAAS
JAAAAR
OAAAAL
YAAAAE
AAAADG
XAABHA
NAAAAX
CAAAAG
SAAAFZ
DAAABA
YAAADA
AAAACY
SAAACH
JAAAAX
TAAACH
NAAAAM
ZAAABF
JAAAAC
BAADDT
AAAACJ
NAAAAU
WAAAAW
FAAAAA
DAAEGM
YAAADD
FAAAAN
DAAAAF
RAACEE
EAAAEZ
RAAAAH
KAAAAA
OAAABA
YAAADI
XAACAB
SAAAFO
WABBCH
UAAABF
HAAADI
WAAAAD
FAABBD
DAAAAL
GAABBN
JAAAAD
VAAOKM
TAAACG
MAAAAI
DAAEGO
WABBBK
TAAABZ
IAAADS
OAAAAF
FAAAAJ
LAAADE
KAAABA
XAAAAE
CAAACN
YAAAAP
AAAADE
FAABCE
FAAABH
IAAAFA
BAAAAA
OABBDA
DAAEGU
ZAAAAS
UAAAAP
LABBBD
XAADAF
DAAAAM
LAAABF
YAAABH
BAAAAF
NAAAAK
PAAAAS
RABBDE
QAAFKQ
OAAAAI
YAAADN
FAAABB
SAAAFV
AAAACE
HAAACM
FAABBB
OAAAAC
HAAACS
IAAADR
ZAAAAC
OAAAAO
MAAAAK
WABBBH
OAAAAT
QAAFKN
CAAACW
RABBDB
PAAAAT
QAAAAA
JAAABD
JAAABO
FAAAAI
HAAADE
CAAACU
XAABGZ
GAAACL
CAAACS
YAAABJ
QAAADC
HAAADB
DAAAAQ
VAAOKA
XAABHE
BAADDL
PAAAAI
YAAADJ
YABAMC
ZAAAAU
JAAAAB
RABBBF
OABBCU
XAABGX
JAAABA
KAAAAR
IAAAER
VAAOKL
PAAAAJ
DAAAAZ
HAAAAA
KAAABQ
UAAAAF
NAAAAR
WAAAAM
BAAAAD
SAAAAB
YAAADG
VAAOFU
YAAADP
LAAAAY
YAAAAA
UAAABA
FAAAAE
TAAABP
UAAAAX
RABBDF
JAAABE
UAAABK
VAAOKH
WABBCE
UAAABC
LABBBH
LAAABG
VAAOKN
FAAAAD
WABBBP
LAAAAI
UAAAAU
YAAACA
QAAAAB
MAAAAW
IAAADU
UAAABH
UAAAAK
NAACKG
GAABBQ
WABBBJ
HAAACJ
AAAACV
HAAAAB
QAAADQ
QAAADP
UAAAAR
LAAAAE
IAAAAE
LAAAAG
UAAAAB
JAAAAH
ZAAABC
NAACKB
GAAABD
LAAADA
TAAACE
AAAADJ
OABBCP
KAAABM
SAAACD
KAAAAQ
EAAAGD
VAAOIC
JAAACA
RABBBC
CAAACQ
SAAAGH
NAACKC
JAAAAF
UAAAAY
FAAABG
OAAABB
BAAAAB
TAAAAB
IAAAEG
IAAAET
EAAAEW
EAAAEY
PAAAGL
YAAABD
KAAABK
XAAAAI
JAAACB
ZAAAAE
YAAADV
OABBCM
SAAAFP
OAAAAW
OAAAAZ
IAAAEZ
JAAABR
OABBCL
FAABBC
RABBDC
QAAADO
IAAADM
TAAABJ
TAAABM
DAAAAY
JAAABK
CAAACE
FAABCD
ZAAAAR
AAAACK
NAAAAT
CAAACJ
KAAAAW
QAAAAE
EAAAGJ
XAABHB
RABBBJ
BAADEG
SAAACI
IAAADY
PAAAAO
BAADEQ
BAADDF
QAAADG
VAAOIE
HAAADD
IAAAEQ
EAAAGH
PAAAID
WABBCD
RAAAAG
JAAAAK
BAADDO
CAAAAN
JAAACF
EAAAHB
QAAADD
BAADDJ
ZAAAAW
AAAACF
DAAAAD
QAAABD
TAAABI
HAAACQ
IAAAEB
DAAAAB
IAAAFC
JAAABL
PAAABB
ZAAAAN
XAABGW
UAAAAS
TAAABQ
BAADDD
RABBBD
WABBCJ
QAAADH
SAAAFS
GAAABL
AAAACX
GAABBB
AAAACP
IAAADV
TAAABT
AAAADA
TAAABG
EAAAHI
WAAAAO
LAAAAX
QAAABE
ZAAACA
EAAAGK
RABBBE
TAAACF
SAAAFR
ZAAAAQ
FAAAAC
BAADDK
EAAAEX
XAAAAJ
FAAAAS
JAAABF
CAAAAD
DAAAAT
CAAAAA
EAAAAF
XAADAC
UAAABE
KAAAAY
PAAAGK
KAAAAO
FAAABO
DAAEGI
XAADAE
HAAADM
IAAADN
GAAABG
WABBBF
UAAAAV
CAAACH
GAAABE
GAABBK
JAAACD
HAAACG
UAAAAM
WABBBO
FAABCC
MAAAAC
NAAAAJ
MAAAAQ
TAAABD
AAAAAF
AAAADB
HAAACT
CAAACG
PAAAGN
TAAACC
YAAADF
FAAAAM
IAAADP
YAAABB
BAADDE
IAAAES
IAAAFD
IAAADX
HAAACO
TAAAAA
WABBBS
OABBCF
DAAEGT
RAAAAL
DAAAAH
KAABBG
BAADDU
AAAADI
VAAAAA
AAAAAE
ZAAAAO
SAAAFW
UAAAAZ
RAAAAA
PAAAAL
OABBCZ
WABBCP
EAAAHJ
VAAOHA
ZAAAAT
MAAACE
GAAAAU
OAAAAY
GAAAAS
KAAABC
QAAFKS
IAAAFE
LAAACC
WABBCQ
JAAABN
KAAAAX
MAAACM
BAADDG
MAAABA
TAAAAF
PAAAAE
VAAOKQ
KAAABF
WABBBI
EAAAHK
VAAOFQ
RAACEJ
VAAAAB
ZAAAAM
SAAACP
WABBBE
RABBCE
OAAAAR
IAAAAC
DAAEGL
SAAACF
AAAADF
PAAAIB
RABBDG
ZAAAAG
