YES
YYYZYYZYY
ZYZYZZYYZ
YZZYZYZYY
ZZZYZYZYZ
YZYZZZZYZ
ZZYYYZZYZ
ZZZYYYYYZ
YZYYZZYZZ
YZZYZYZZY
ZYYYYZYYZ
YYYYYYYYY
ZZZZZYYYY
ZZZZYZYZZ
YYYYYYZYY
ZZYZZYYZY
ZZZZZYYZY
ZZZZZYZZZ
ZYYYYZYYY
YYZZZYYYZ
ZZYZYYZZZ
ZZYYYYZYY
ZZZYYYZYZ
YZZZYZYYZ
ZYZYZZZZZ
ZZZYZYYYY
YYYZZYYYY
ZYYZYYYYZ
ZZYZZZYZZ
YZYZZYZYZ
YZYZZYZZZ
YYZZYYZYZ
YYZYYYZZY
YZYYZZYYY
ZYZZYZZZY
ZYZZZZZZZ
ZYZZZYZZY
ZZYZZZZYZ
YYYYZYYZZ
YZZZYYZYY
YYZYZZYYZ
YYZYYYZYZ
YYYYZYYYY
ZZZZYZZYY
ZZZZYYYYZ
YYYYYYYZY
ZYYYZZZZY
ZZZZYYYZY
YZZZZYYYZ
ZZYYZYYZZ
ZZZZYYZZY
YYZYZYYYZ
ZZYYZZZYZ
YYZYYYYYY
YYZYYZZYZ
YZZYYYZYY
YZZZYZZZY
YZYZYYZZZ
ZYZYZZZYZ
YYZYYZYZZ
ZZYYZZZZZ
YZYZYYYYY
YYYZZZZZY
YYYYZYZZZ
ZZZZZYZZY
ZYYYZYYZZ
YYYYYZYYY
YZYYYZYZY
ZYZYYYYYY
YYZZZYYZY
ZYZYZZYZY
YYYYYZYZZ
YYZZYZZYY
YZYYZYYYZ
ZZZYYZYZY
YYYZYYZZY
YYYZZZZYY
ZZYZYYYZY
YYZYZYYYY
YZYZYYYZZ
ZYYZZYZZY
YZZZZZZYZ
YYZYZYZYY
YZYYYZZYY
ZZZYZZZZY
YZYZZYZZY
ZYZZYYZYZ
YZYZZYYZY
ZYZYZZZYY
YZZZYZZYZ
ZYZZYYZZY
ZZZZZZYYY
YYZYZZYZY
YZYYYZYZZ
ZYZYYZYYY
ZZZYZZYYZ
YZYYYYYYY
ZYZYYZYZY
ZYYZZYYYY
YZYYYYZYZ
ZZYZYYYZZ
YZZZZYYZY
ZZYYZYZZZ
YYZYZZZYY
YYYZZYZYZ
ZYYYZYZZY
YZZZYYYYZ
ZZYZZZYYZ
YZZYZYYYZ
ZYYZZYZYY
YYZZYYZZY
YYZYYZZZZ
YZYYZYZZY
ZYZZZZYYZ
ZYYYZZZYZ
YZYZYZYZY
ZZYZYZZYY
ZYZZZYYZZ
YZZZZZZZZ
YZZYZZYZY
ZYZZZYZYY
YYYZYZYYY
YYYYZYZZY
ZYZYYZYYZ
ZZYYZZYYZ
YYYYZZZZY
YZYZZZZYY
YZZYZYYZZ
ZYZZZZZYZ
ZZZZYYYYY
YZYZZYZYY
YYYYZYZYY
YYZZYYYYY
YZZZZZYZY
YYYZZZZYZ
ZZYZYYYYZ
ZZYZYZYYY
ZZYZZYYYZ
YZYZZZYYZ
ZYYYYYYYZ
ZZZZYZYYZ
YYYYZZYZZ
ZZZYZYZZY
ZZZYZZZZZ
YYZYZYYZY
ZYZZZZZZY
ZZZYZYYZY
ZYYZZYZYZ
ZZZYYYZZY
YZZYYZYYY
YZYZYZYYZ
YZYZYZYZZ
ZZYZYYZYZ
YYYYYYZZY
YZZYZYYYY
ZYZZYYZZZ
YYZYZYYZZ
YZZYYYYZZ
YZZYYYZYZ
ZZZYZZYYY
YZZZZYYYY
ZYZYYYZZY
ZYZZYZZZZ
ZZYYZZYZY
YZZYYZYZY
YYYZZZYYZ
ZZYZYZYYZ
ZYYZZZYYZ
YYYZYZZYY
YYZZYYYZY
YZZYYZZZZ
YYYZYYYYY
ZYZZYYYZZ
YYYZYYZZZ
YZYZZZYYY
ZZZZYZZZZ
ZYYZYYZYY
ZYYYZYYZY
YYYZZZYYY
ZYZZYZYYY
YYZZZYZYZ
YZYYZYYZY
YYYYYZYZY
ZYYZYZZZY
YZZYZZZZY
YYYYZYYYZ
YYZYYZYYY
YYYZYZYZZ
ZYYYZZZYY
ZZYYYYZYZ
ZYYZZYZZZ
YYYYYYYYZ
ZZYZZZZYY
YYYZYZYYZ
YYZYYZYYZ
YZYYZZYYZ
ZYYYYZZZZ
ZYZYZYYZZ
YZZYZZZYZ
YZZYYYYYY
YZYYYYYZZ
YYYZZZYZY
YZZZYYYYY
ZZZZZYYZZ
ZYZYYZYZZ
ZZYYYZZZZ
YZYYZZZZZ
ZZYZZYZYZ
ZYYYZYZYZ
YZYZZYYYY
YYZYZYZZZ
ZZZZZZYZY
YYYYYYZZZ
YYZZZZZYY
ZZZYYZYZZ
ZZZZYZZZY
ZZYYYZYZY
ZZZZYZZYZ
ZZZYZYZYY
ZYYZYYZZZ
ZZYZZYZZZ
ZYYZZZYZY
ZZYZZYYZZ
YYZZYYYZZ
YYZZZZYZY
YZZZZYZZY
YYYZZYYYZ
ZZZYZYZZZ
ZYYZZZZYY
ZYZYZYZYZ
ZYZZZYYYY
ZYYYZZZZZ
ZYZYZYYZY
ZZYYZYZZY
ZZYZYZZZY
ZYYYYZZYZ
YZYZYZZZY
ZYZZZYZZZ
ZYYYYYZZY
ZZYYZYYYY
ZZYZZZZZZ
YYZZZYZZZ
ZZYYYZYYZ
ZYYZYZYYY
ZZYYZYYYZ
YYZZZZYZZ
YZYZYZYYY
YZZYZZYYZ
ZZYZYZYZY
ZZYZZYZYY
ZZYYZZZZY
ZYZZZZYZY
YYZZYZYZY
YZYYYZZZZ
YZYYYZYYZ
YZZZYYYZZ
ZZZZZZZYY
ZZZYZZZYZ
ZYYYZZYZY
YZZZZYYZZ
YYYYYYZYZ
YZYYYYZZY
ZYZZYYYZY
ZYYYYZZYY
YZZYYZZYZ
ZYZYYYYZZ
ZYZZZZYZZ
YZYZYZZYY
YYYYYZZYZ
YZZYZYZYZ
YZYYZYYZZ
YZYYZYZZZ
ZZZYYZZYZ
YYZYZYZZY
ZYZZYYYYZ
ZZYZZYZZY
YZYYZYZYY
ZZYYYZYYY
YYZZZYYZZ
ZYYZZZZZY
YZZZZZYYZ
ZZZYYYYYY
ZYYZYYZYZ
ZYZZYZYZZ
ZYZYYYYYZ
YZZYZZZZZ
YZZYZYZZZ
ZYYZYZZYZ
YYZZYZYZZ
ZYZYZZYZZ
ZYYYYYZZZ
YYZYZZYYY
YZZZYZYZZ
YYYYYZZYY
ZZZZYYZYZ
YZYYZYZYZ
ZYZYZYYYZ
YYZYZZYZZ
YYYZZYZYY
YYZZYZZYZ
ZYYYZZYYY
ZZZZZZZYZ
ZZZZZZZZY
YYZZZZZZZ
ZYYZZYYZZ
ZZZZYYZZZ
YZYYZZZYZ
ZYYYYZYZY
YZZYZZYYY
ZYZZYZZYY
ZYZZYZYZY
ZZZYYZZZY
YYZZYZZZZ
ZZYZYYYYY
YZZYYYZZZ
ZYYZYZYYZ
YYZZZZZZY
YYZYYYZZZ
YYZYYZZZY
ZZYZZZYYY
ZZYYYYYYY
ZZYYYYYZZ
YZYZYYZZY
ZYYZYZYZZ
ZYZYYYZYY
YZZYZZYZZ
YZZYYYYZY
YZZYZYYZY
ZYYZYZZYY
YZYZYZZZZ
YZZYYZYYZ
YYZYYYYZZ
YZYZYYYYZ
ZYYYYYZYY
YZYYYZZYZ
ZZYYYZZYY
ZYYZYYYZZ
YYZYYYZYY
YZZZZYZYY
ZZZYYYYZZ
ZZZYZZYZZ
YZZZZZZYY
YYYZYYYZY
YZZZYYYZY
YYYYYZZZZ
YYZZYYZYY
YYYYYZYYZ
ZYYYZZYYZ
ZZZYYZZYY
YYZYYYYYZ
ZYZZZZZYY
YYYZYZZZY
ZYZYZYZZZ
YYYZYYZYZ
ZZZZYYZYY
ZZYZYZZYZ
YZYYYYYYZ
YZYZYYZYY
ZYZYYZZYZ
YZZZYZZYY
ZYYYZYYYY
YYZZYYYYZ
ZZYZZZYZY
YZZYYZZZY
YYZYZZZZY
ZZYYZYYZY
ZYZZZYZYZ
YYYYYYYZZ
ZZYZYZZZZ
YYYZZZYZZ
ZZZZZZZZZ
YYYYZYZYZ
YYZZZZYYY
YYYYZZZYZ
YYZZZYYYY
ZYYYZYYYZ
YYZZYZZZY
YYZYYYYZY
ZYYYYYYZY
YYZZYZYYY
ZZYYZYZYY
ZZYYZZYYY
YZZZZZZZY
ZZYZZZZZY
ZYYZZZZYZ
YZZZYZYZY
YZYYYZZZY
YZZZYZYYY
YZZZZYZYZ
ZYZZZYYYZ
ZYZZYYZYY
YYZYZZZZZ
YZYYYZYYY
ZZYZYYZYY
YYYZZYYZY
ZYZYYZZZZ
YZZYZZZYY
YZYYYYYZY
ZZZYYYZZZ
ZZZZZZYZZ
YZZYYZYZZ
YZYZYYZYZ
ZZZZZYZYY
YYZZZYZZY
YYYYZYYZY
ZYYYYYYYY
YYYYZZYYZ
YYYZYZYZY
ZYYYZYZZZ
YYYZYZZYZ
ZYZYZYYYY
YYYYZZYZY
ZYZZYYYYY
ZZZZZYYYZ
ZZZYYYZYY
ZYYZYZYZY
YYYYYZZZY
ZYZZZYYZY
YZYYYYZZZ
ZZZZYZYYY
ZZYZZYYYY
ZZZYZYYYZ
ZYZZYZYYZ
ZZYYYZZZY
YYYYZZYYY
ZZYYZZYZZ
YZZYYYYYZ
ZZZZZYZYZ
YZYYZYYYY
ZZYYYYYZY
YZYZYYYZY
YYYZYZZZZ
ZZYYYYYYZ
ZZZYYZYYY
ZZZYYYYZY
ZZYYZYZYZ
YZYZYZZYZ
ZYYZZYYYZ
YYZZZYZYY
YYZZYZYYZ
ZYYZZZZZZ
ZYZZZZYYY
YZZZZYZZZ
YYYZYYYYZ
ZYZYZYZYY
ZYYYYZYZZ
ZYYYYZZZY
ZYZYZYZZY
ZYYZZZYYY
ZYZYYZZZY
YYYZZYZZZ
YZZYYZZYY
ZZZYYZZZZ
YZZZYYZYZ
ZZYYYYZZY
ZZYZYYZZY
YZZZYYZZZ
YYZYYZYZY
ZZZYYZYYZ
ZYYYZZYZZ
YYZYYZZYY
YZZZYZZZZ
ZZYYYYZZZ
ZZZZZZYYZ
YZZZZZYZZ
YZYYZZYZY
YYYYZZZZZ
ZYYZZYYZY
YYZZYYZZZ
ZZZZYZYZY
ZYYZYYYYY
YYYYZZZYY
ZYYYYYYZZ
YYYZZZZZZ
YZYYZZZZY
YYZYZYZYZ
ZYZYYYYZY
YZYZZZYZY
YYYZYYYZZ
YYZZZZZYZ
YZYZZZZZY
ZYYZZZYZZ
ZZYZYZYZZ
ZZZZYYYZZ
YZYYYYZYY
ZZZYZZYZY
YZYZZZZZZ
ZYZYYYZZZ
YZYZZYYYZ
ZZYYYZYZZ
ZYYYYYZYZ
ZYYZYZZZZ
ZYZZYZZYZ
ZYZYYYZYZ
YYZZZZYYZ
YZYYZZZYY
ZYYYZYZYY
ZZZYZYYZZ
ZYYZYYYZY
YYYZZYYZZ
YZYZZYYZZ
YZYZZZYZZ
ZYYZYYZZY
ZYZYYZZYY
YZZYYYZZY
YYZYZZZYZ
YZZZZZYYY
YZZZYYZZY
ZYZYZZYYY
ZZYYZZZYY
YYYZZYZZY
ZZZYZZZYY
ZYZYZZZZY
