YES
BAAAAAABABABBAA
AAAAAABAAAAABBA
AAAAAABBABBBBBB
AAAAAABAAAABBBA
AAAAAAABABBABAB
BAAAAABBAAAABAA
AAAAAABBABBBABA
BAAAAAABABAABAB
AAAAAAABABBABBA
AAAAAAABBAABBAB
BAAAAAABBBBAAAA
BAAAAABABBAABBB
AAAAAABBBABABAA
BAAAAABBAAABBAB
BAAAAABBAAAAABB
BAAAAAAAABABBBA
AAAAAAABAAAAAAB
BAAAAABBBABBABB
AAAAAAAAABBAABA
BAAAAABABBAABAB
AAAAAAAABAAABAB
BAAAAABBAABBAAB
BAAAAABABABAAAA
AAAAAABAAAAAAAA
AAAAAABAABBBAAA
AAAAAAABABBAABB
BAAAAABABBBBABB
BAAAAAAABBAABBB
BAAAAAAAAABAAAB
BAAAAAAABAABABA
AAAAAAAABAABAAB
BAAAAABAABBAAAB
AAAAAAABABBABBB
AAAAAABAABABAAA
AAAAAAABAAAAABA
AAAAAABAABABBBA
BAAAAAAABABBBAA
BAAAAABBAABABBB
AAAAAABBAAABBBB
BAAAAAAAAAAABBA
BAAAAAABBABBABA
BAAAAAABAAABAAB
AAAAAABAABBAABB
BAAAAABBABAABBB
BAAAAAABAABAAAA
BAAAAAAAABBBAAB
AAAAAAABAAABBAA
AAAAAAAABABBAAA
BAAAAAAAAAAAAAB
AAAAAABABBBBBAA
BAAAAAABBABBAAA
BAAAAABBBAAAABA
BAAAAABABABBABA
AAAAAAAABABBAAB
AAAAAAABBAABBAA
AAAAAABAAAABBAA
BAAAAABAABBBABB
BAAAAABBABBABAB
AAAAAAABABBBABB
BAAAAABBBBBAABA
AAAAAAABAAABBBB
BAAAAABABBBABBA
AAAAAAAABBAAABB
BAAAAAABBAAAABA
BAAAAAABABBAAAA
AAAAAAABABABABA
AAAAAABBAAABABA
BAAAAABBBAABBAB
AAAAAAAAABABAAB
BAAAAAABBAABBBA
BAAAAABBABBBABA
AAAAAAABABBBAAA
BAAAAABAAAABAAA
BAAAAAABBBABBBB
AAAAAAABAABBBBA
BAAAAAABBBAAABA
BAAAAAABABBABBB
AAAAAAAABBBBAAB
BAAAAAABBAAAAAA
AAAAAABBAABABAB
BAAAAAABBABABAA
BAAAAAAABABABAA
BAAAAAAABBBBBBB
AAAAAAABABAABAA
AAAAAAABBABBBBB
BAAAAABBBABBAAA
BAAAAAABABBBABB
AAAAAABAAAABAAA
AAAAAABABABAAAA
AAAAAABBABBBBAA
AAAAAABABAABABA
AAAAAAAAABBBBAB
AAAAAAAAAAABBBA
AAAAAABBABABABB
BAAAAABBABABAAA
BAAAAAABBABAABA
AAAAAAABABABAAB
AAAAAAABBABAAAA
BAAAAABABAABABB
AAAAAAAAAAAABAA
AAAAAABABBBBBBB
BAAAAAAABAABBAB
BAAAAABBBABABBB
BAAAAABAAABABAB
BAAAAABAAAAABBA
AAAAAABBABBBAAA
AAAAAABBAABBBBB
AAAAAAABBAABAAB
AAAAAAAABBBBBAA
AAAAAABABBAABAB
BAAAAAAAABBABBB
AAAAAABBBBABBBB
AAAAAABABAAAAAA
AAAAAAAAAAABBBB
BAAAAAABBBAAAAB
BAAAAABBABAABAA
AAAAAABBABAABAB
BAAAAABABABBBAB
BAAAAAAAABBBBAB
BAAAAABABAAAABA
AAAAAAAABAABABB
BAAAAAABBAABABB
AAAAAABBABBABBB
AAAAAAAAABBAABB
AAAAAAAABAABBBB
BAAAAAAAABBBBBB
AAAAAABABBAAAAA
BAAAAABAABBABAB
AAAAAABBBBAABAA
BAAAAAAAABBAAAB
AAAAAAAAAABAAAB
BAAAAABAAABABAA
AAAAAABBABABABA
BAAAAAAABBBBBAA
BAAAAABAABBAAAA
BAAAAAABBBBBAAB
AAAAAABAABAAAAB
BAAAAAABBBBABAA
BAAAAAABBBAAABB
AAAAAAABBBABABB
AAAAAABBAABAABA
BAAAAABABABBABB
AAAAAABBAABBBAA
BAAAAABBBABAABB
BAAAAABBAAAAAAB
BAAAAAABBBBBABA
BAAAAAAAAAABBBA
BAAAAABBBBBAABB
BAAAAAAAAAABBAA
BAAAAAAABABAABB
BAAAAAAAAABABBA
BAAAAABBBBAAAAA
AAAAAAABBBAABBB
BAAAAABBBBBABAA
AAAAAABABABBABB
AAAAAABBABAAABA
AAAAAABBBABAABB
BAAAAABAABABABB
BAAAAABABBAABBA
BAAAAABBAAABABA
BAAAAABABABABBA
AAAAAABBBBBAAAA
AAAAAAAAAAAAABA
AAAAAAAABBAAAAA
BAAAAABAABBBAAB
AAAAAAABBAAAAAA
AAAAAAABBAABABA
AAAAAABABAABBAA
AAAAAAABAABAABA
BAAAAAAABABAAAB
AAAAAAABBBAAABA
BAAAAABABBAABAA
AAAAAAAAAABABAA
AAAAAABBBBAAABA
BAAAAABBBBABAAB
BAAAAAAAAABABBB
AAAAAABABBBBBAB
BAAAAAAABBABBAB
AAAAAABABABBBBB
AAAAAAAABABABBA
BAAAAABBABBBBAA
AAAAAABABAAAABA
BAAAAAAABAAABBB
BAAAAABAABAABBB
AAAAAABBBABABBA
AAAAAABAABABBAB
BAAAAAABABABAAA
BAAAAAAABABBAAA
AAAAAAABBBBBABA
AAAAAABAABBBABA
BAAAAABBBABAABA
AAAAAAABAABABAB
BAAAAABBABABBBB
BAAAAABAAABBBBB
AAAAAAAAABBAAAA
BAAAAABAAABABBA
AAAAAAABAABAABB
BAAAAABABBABABB
BAAAAABABBABABA
AAAAAAAABBBAAAB
BAAAAAABBBBAAAB
BAAAAABBAABABAB
BAAAAAABABBBABA
AAAAAABBBABBBAB
AAAAAAABAABABAA
BAAAAAAABAAAABA
BAAAAAABABBABBA
BAAAAAABAABBBBB
AAAAAABAABBBBAA
AAAAAABAABBABAA
AAAAAABAABBBABB
BAAAAAABAAABBBB
BAAAAAABABABBBA
BAAAAAAABBAAABA
AAAAAAAABABAABA
BAAAAABAABBBAAA
BAAAAABABAABBBA
AAAAAABABBABABB
BAAAAABBAABAABA
AAAAAAAAAAAAABB
BAAAAAAAABBBAAA
AAAAAABAAABBBBA
BAAAAABAAAAAABA
AAAAAABAAABAABB
BAAAAAABAAABBAB
AAAAAABABAAAABB
BAAAAABAABBAABA
BAAAAABABABBAAB
BAAAAABBBAABBBB
AAAAAABABBBAABA
BAAAAAABBBABBBA
AAAAAABABAABBBA
BAAAAAABABAAAAA
BAAAAAAAAABBBBB
AAAAAAABBBBBBAB
BAAAAABAABBABBA
BAAAAABAABABBAA
BAAAAAAAABAABBB
AAAAAAAABBABAAA
BAAAAAAAABBBABA
BAAAAABABABBBBB
BAAAAAABBBABABB
AAAAAAAABBABBAA
BAAAAAABABAAABB
BAAAAABBAABAAAA
BAAAAAABBBAAAAA
BAAAAAABBAABBBB
BAAAAAABABBABAB
AAAAAAAABAAAAAA
AAAAAABBBABABAB
BAAAAABABAAAAAA
AAAAAABBAABABBB
BAAAAABBBAAAAAB
BAAAAAAAABAABAB
BAAAAAAAAABBBBA
BAAAAAABABAAABA
BAAAAABAABABBAB
AAAAAABBBBBAAAB
AAAAAAAABBABBBB
BAAAAAAABBBBBBA
BAAAAAAABBBBAAB
BAAAAAAAAABAAAA
AAAAAABABABBBBA
AAAAAABAAABBBAB
AAAAAABABBBBABA
AAAAAAAAAABAABA
AAAAAABABABBBAA
BAAAAAABBBABAAA
AAAAAABBABABAAB
AAAAAAABABAAAAA
BAAAAAAABBBBABA
AAAAAABABBABBBA
AAAAAAABAAABABA
BAAAAABAAAABBAB
AAAAAAABBBABBAB
AAAAAAABBABBBAB
AAAAAAABBABBABA
BAAAAAAAABAAAAA
BAAAAAABABAABBB
BAAAAAABABABABA
AAAAAAABABBBBBA
BAAAAAAAABAAAAB
AAAAAAAABBAABBB
BAAAAAAABBBBBAB
BAAAAABABBBABAA
BAAAAAAABAAAAAB
BAAAAABABABAABB
AAAAAABBAAAAAAB
AAAAAABAABBBBBA
BAAAAAABAAAABAA
BAAAAAABBBAABAB
BAAAAAAAABBBABB
AAAAAABBABAAAAB
AAAAAAAAAABAAAA
AAAAAABAAAABABB
AAAAAAABAAAAABB
BAAAAABAAABAABB
BAAAAAAAAAAABAA
AAAAAABBBBAAABB
AAAAAAAABBBBBBA
BAAAAABBBBABBBA
AAAAAAAABAAAABA
AAAAAAAABABBBBA
BAAAAAAABAABAAA
BAAAAAAAABABBAA
AAAAAABBBBAABAB
AAAAAAAAABABBAB
BAAAAAAAAAAABAB
BAAAAABBBAAAABB
BAAAAAAABAABABB
AAAAAAABBBAABAB
BAAAAAAAABABAAA
BAAAAABABBBBAAA
AAAAAABBABABAAA
AAAAAAABAABBABB
AAAAAABAABAAAAA
AAAAAABABABAABB
BAAAAABAAABBAAA
BAAAAAABBBBBAAA
BAAAAABBBABABBA
BAAAAABBBBABBBB
AAAAAABBABBBBBA
BAAAAABBBBAABBA
BAAAAABBBBAAABA
BAAAAABBBABBBBB
AAAAAABABAABAAA
BAAAAABBBAAAAAA
BAAAAAAABABABBA
AAAAAABBBABBAAA
BAAAAAAABBBABAB
AAAAAAAAAABBBAB
AAAAAAAAABBBABB
AAAAAABAABAABBB
AAAAAAAAABBBABA
BAAAAABBAABBABB
AAAAAAABAABBAAB
AAAAAABAAABAAAB
BAAAAAAABBABABB
BAAAAAAAAABABAB
BAAAAABBABAAABB
AAAAAABBAABAABB
BAAAAABBABAAAAB
BAAAAABAAABBABA
BAAAAABBAABBBBB
BAAAAABBBBBAAAA
BAAAAABAAABBAAB
AAAAAABBBABBABA
AAAAAAAAAABBBBB
BAAAAAAAABBABBA
BAAAAAAABBBABBB
BAAAAAABBABABBA
BAAAAAAAABBABAA
BAAAAABBABABAAB
AAAAAABBAABBABB
BAAAAABBBAABABA
AAAAAAAABAAABBB
AAAAAAAAABAABBA
AAAAAABBAAAAABA
AAAAAABABBBABBA
BAAAAABAAABBBBA
AAAAAAAAAABBBAA
BAAAAAABBABBBBA
AAAAAAAABABBABA
BAAAAAAAAAABAAA
BAAAAAAAAABBABA
BAAAAABBBAAABAA
BAAAAABAABAAAAA
AAAAAAAABBAAABA
BAAAAAABABBAABB
AAAAAABBBAAAABB
BAAAAABBBAABABB
AAAAAAABABBBBBB
BAAAAABBABABABA
BAAAAAAAABBABAB
AAAAAABABAAAAAB
BAAAAAABABAAAAB
AAAAAAAABABBBAB
AAAAAAAABBAABAA
AAAAAABBAAAABAA
BAAAAABABABABBB
AAAAAAAAABAAABB
BAAAAAAABBBABBA
BAAAAAAAAABBBAB
BAAAAABBBAAABAB
BAAAAAAABBBABAA
BAAAAABBBBAABBB
AAAAAABAABBABBA
AAAAAABABBBAABB
AAAAAAAAABBBBBA
BAAAAABBBBAAAAB
AAAAAABAABABBAA
AAAAAABABBAAABB
BAAAAAABBBBABAB
BAAAAABBAABBAAA
AAAAAAABBAAABBA
AAAAAAABAABABBB
BAAAAABBBABABAA
AAAAAAAAAABBAAB
BAAAAABBABBAAAA
BAAAAAABBAABABA
BAAAAABBBBABBAA
BAAAAAABBABAABB
AAAAAAAABAAABBA
BAAAAABABBBBBBB
AAAAAAABABAAABB
AAAAAABABBBBAAA
AAAAAAABBBAAAAA
AAAAAABBAABBBBA
BAAAAAAABBBBABB
BAAAAAABABAABBA
AAAAAABBBBAAAAA
BAAAAAABABBBBBA
BAAAAABAAAAABBB
BAAAAAABAABBABB
AAAAAAAAAAABAAB
AAAAAABAAAAAAAB
BAAAAABBAAABABB
AAAAAABBAABBBAB
AAAAAABABBBAAAB
BAAAAABBBAABAAB
AAAAAABAABBABBB
AAAAAAAAABBABBB
BAAAAAABBBBAABA
BAAAAAAABAAAABB
BAAAAABBABAABBA
BAAAAABABAAABBA
AAAAAABAABBAABA
BAAAAABABAABAAB
AAAAAAABABBBABA
BAAAAABABABAABA
BAAAAABBBABBBAB
BAAAAAAAABBBBBA
BAAAAAABABBBAAB
AAAAAAABABAABAB
AAAAAAABBAAAABA
BAAAAAABBBAABAA
AAAAAABBABABBAA
BAAAAABBAABBBAA
BAAAAABAAABBBAB
BAAAAABAABAAAAB
BAAAAAAAABBBBAA
BAAAAABBAAABAAB
BAAAAABBABBBBBA
BAAAAAAAABABAAB
BAAAAAABAABABAA
BAAAAAAABBAAABB
BAAAAABBABAAAAA
BAAAAAABABBAABA
BAAAAABBAABAAAB
BAAAAAABAAAAAAA
BAAAAAAABBAAAAA
AAAAAABBABAABBB
AAAAAABBAAABBAA
AAAAAABBBAAABAA
BAAAAAABBBAABBB
AAAAAAABAAAABAB
BAAAAABABBAAABA
AAAAAAAABABABBB
AAAAAABABAAABAB
BAAAAABBABABABB
BAAAAAAABBABAAB
AAAAAAAAABBBBBB
BAAAAAABAABABBA
BAAAAABABAABABA
AAAAAABABAABABB
AAAAAAAABBABABA
BAAAAAABAABBBAB
AAAAAAAAABAAABA
BAAAAABAAABBABB
AAAAAAAAAAABABB
AAAAAABABAABBAB
AAAAAABABABABBB
AAAAAAAABAAAAAB
AAAAAAABAABAAAA
BAAAAABAABABAAA
AAAAAABABABABAB
BAAAAABABBBABAB
AAAAAAABBBBBAAA
BAAAAABABAAAABB
BAAAAABBAABABAA
AAAAAAABBBABBAA
BAAAAAABAAABAAA
AAAAAAABBABABBB
BAAAAAABBBBBBAA
AAAAAABABABBBAB
AAAAAABAAAAAABB
BAAAAABAABAAABB
AAAAAABBBAAAAAB
BAAAAABAAABAAAB
BAAAAAAAABABBBB
BAAAAAAAABABABB
AAAAAAAAAAAABBB
AAAAAAABBBAABBA
BAAAAAABBBAABBA
BAAAAABABBABAAB
AAAAAABABBABBBB
BAAAAABAAAABBBA
BAAAAAABBBBABBB
AAAAAABBBAAAAAA
AAAAAAAABAAABAA
BAAAAAAABBABABA
AAAAAAABBBBABAB
BAAAAABBABBBAAA
AAAAAABBAABBABA
AAAAAAABAAABAAA
BAAAAABABBBAAAB
BAAAAABABAAABAA
BAAAAABAAAABBBB
BAAAAAAABABBABA
BAAAAAAAAABBAAA
AAAAAABBABABBBA
BAAAAAAAABAAABB
AAAAAABBABAABAA
BAAAAAABABAABAA
AAAAAAAABBBBAAA
BAAAAAABAAABBAA
BAAAAAAAABAABBA
AAAAAAAABAABBBA
BAAAAABBBAABBBA
AAAAAABBABBAABA
AAAAAABBABAABBA
AAAAAAABBABAABA
AAAAAABABABAABA
AAAAAABBABABBBB
BAAAAAAAABAAABA
BAAAAABBBABBBAA
AAAAAABAAABBABA
AAAAAABBAAABAAA
BAAAAAAAAABBAAB
AAAAAABBBABBBAA
AAAAAAAAABBBBAA
AAAAAAAABAAAABB
AAAAAAAAABAABAA
BAAAAABBBABBAAB
AAAAAAABAAABBBA
AAAAAABABBAABBB
BAAAAAABAAAABBA
AAAAAAABABABAAA
BAAAAAAABBABAAA
BAAAAABBAAAABAB
BAAAAAABAABBBAA
AAAAAABAAABABBA
AAAAAAABBABAAAB
BAAAAAABBBABAAB
BAAAAAABAABAABB
AAAAAAAAAAABAAA
BAAAAABBABBAABB
AAAAAAAABABBABB
BAAAAABABABABAA
AAAAAABBBAABABA
AAAAAABBAAAABBA
BAAAAAAABBBAABB
BAAAAABBBBAABAB
BAAAAAABABABBBB
AAAAAABAABAAABB
AAAAAABBBABBABB
BAAAAABBBAAABBB
BAAAAAABABBBAAA
AAAAAAAAAABABBB
AAAAAAAABABBBBB
AAAAAAABAAABABB
BAAAAAAABBABBAA
AAAAAAAABAABAAA
AAAAAAAAAAABBAA
AAAAAAABBBBBBBA
AAAAAAAAABBABAA
BAAAAAABBABBABB
AAAAAAABABBABAA
BAAAAAABBAAABAA
BAAAAABABBABBAA
BAAAAABAABABAAB
AAAAAABABBAABAA
AAAAAABBBBABABB
BAAAAABBABBABAA
AAAAAABBBBAABBB
AAAAAABABBBBBBA
BAAAAAABAAAABAB
AAAAAAABAABBBAA
BAAAAABAABBBABA
BAAAAAABAABBABA
BAAAAABBBBAAABB
BAAAAAABBAABBAB
BAAAAABBBABAAAA
AAAAAABBBAABAAA
AAAAAABABABAAAB
BAAAAABBABBABBA
AAAAAABBABABBAB
AAAAAABAABBAAAA
BAAAAAAAAABBBAA
AAAAAAABABAABBA
AAAAAABBAABBAAB
AAAAAAABBAABAAA
AAAAAAAAABABABB
AAAAAABBBBABBAB
AAAAAABBABBBBAB
BAAAAABABABABAB
AAAAAAAABABABAA
AAAAAABBBABAABA
AAAAAAAABABAABB
BAAAAABBBABBABA
AAAAAAAABBBBABA
AAAAAAABABABBAB
BAAAAABAABAABBA
AAAAAAABBAAABAB
AAAAAAAAAAABABA
BAAAAAAABBBBAAA
AAAAAAABBABABAB
AAAAAABBBABAAAB
BAAAAABBAAAABBB
AAAAAAABAABBBBB
AAAAAAAABBABBBA
BAAAAABABBABAAA
AAAAAABABBBBABB
AAAAAAAAABBAAAB
AAAAAAABBBAABAA
BAAAAABABBAAAAB
AAAAAAABBAABABB
AAAAAABBAABAAAB
AAAAAABBABAAABB
BAAAAAABBBABBAB
BAAAAABABBABBAB
BAAAAABBABBBBAB
BAAAAABBBBABABA
AAAAAAABBBBABBA
AAAAAAABBBABBBB
BAAAAAABBAABAAB
BAAAAABABAAABAB
BAAAAAABAABABAB
AAAAAABABBBABBB
AAAAAAAAAABBABA
AAAAAAAAABAABAB
AAAAAAAABAABABA
AAAAAAABAAAABBA
BAAAAAAABAABAAB
AAAAAABBABBABBA
BAAAAAABABABAAB
BAAAAABABBABBBA
AAAAAAABBBAAABB
BAAAAABBAABBABA
AAAAAAABABAABBB
AAAAAAABBAABBBA
BAAAAABABBBBBAB
AAAAAABAAABBBAA
BAAAAAAAAAABBBB
AAAAAAAABBAAAAB
BAAAAAABAABBAAB
AAAAAABAABBABAB
AAAAAAAAABAAAAA
BAAAAABAABABBBB
AAAAAABAABAAABA
BAAAAAABBABBBAA
AAAAAABBBAAABBA
AAAAAAABBABBABB
AAAAAABBBAAAABA
AAAAAAAABBBBBBB
AAAAAABABBABAAB
BAAAAAABAAAAAAB
AAAAAAABBBBBBBB
AAAAAABBAAAABAB
AAAAAAABBAAAAAB
AAAAAABAAABBAAB
BAAAAABBABBAABA
BAAAAAAAAAAAABA
BAAAAABBAAAAAAA
AAAAAABAAABBABB
AAAAAAABBBBBABB
BAAAAAAAABABABA
BAAAAABBAAABBAA
BAAAAAABBABABAB
AAAAAAAAAABABAB
BAAAAAABABBBBAA
AAAAAAABAAABBAB
BAAAAABABABBBBA
AAAAAABBBBABAAA
AAAAAABABBBABAA
BAAAAAABABABABB
AAAAAABBBABAAAA
AAAAAABBABBBAAB
AAAAAABBBAABAAB
AAAAAABAABAABAB
BAAAAAABBBBAABB
AAAAAABAAAABABA
AAAAAABBBAABBAA
AAAAAABAAABBAAA
BAAAAAABAABABBB
AAAAAABBAAABBBA
BAAAAABBABBBAAB
BAAAAAABAABBBBA
BAAAAABBABBABBB
BAAAAAABBBABBAA
AAAAAABBBBAAAAB
BAAAAAABBAAABAB
AAAAAAABABBBBAA
BAAAAABABBBBABA
BAAAAABBAAABBBA
AAAAAABABBABAAA
AAAAAABBBAABBBB
BAAAAABAABBBBBB
BAAAAABBAAABBBB
AAAAAAABBBBABBB
AAAAAAAAAAAAAAA
AAAAAAABABBAABA
AAAAAAABAABBBAB
AAAAAABBAAABABB
BAAAAAAAAAABBAB
BAAAAABBABBBBBB
BAAAAABAAABABBB
AAAAAAAAAABABBA
AAAAAAAABBBAABA
BAAAAAABBAAABBA
AAAAAAAAABABAAA
BAAAAAAABABBBAB
BAAAAABBABABBAB
AAAAAAAAAABBBBA
AAAAAAAABABABAB
BAAAAABABAABBAA
BAAAAAABAABBAAA
AAAAAABAABAABAA
BAAAAABBBABBBBA
BAAAAABABBBBBAA
AAAAAABBBABABBB
AAAAAAAABABAAAA
AAAAAABBBAABBBA
BAAAAABBABABBBA
AAAAAABAAABAABA
AAAAAABAAAAABBB
AAAAAAABAAAABBB
AAAAAABABABBAAA
AAAAAAABBBABAAA
AAAAAABAABABABB
AAAAAAABBBBAAAB
AAAAAABAAABABBB
BAAAAABAABBBBAA
BAAAAAAAABABBAB
AAAAAABAABBBBAB
BAAAAAABABBBBBB
AAAAAAABABABBBA
AAAAAABAABABABA
BAAAAAAABAAABAA
AAAAAAABBBBBBAA
BAAAAABAABAABAB
AAAAAABAAAAABAB
AAAAAAABABABBBB
AAAAAAABABABABB
AAAAAABBABBBABB
BAAAAAABBBABABA
AAAAAABBABBAAAB
BAAAAAABABBAAAB
BAAAAABBAAAABBA
AAAAAAABAABBAAA
BAAAAABAABBAABB
AAAAAABBBBABBAA
BAAAAAAAAAAABBB
AAAAAAAAABBBAAB
BAAAAABABBBAABB
AAAAAAABBAABBBB
BAAAAABABABAAAB
BAAAAABBBAABBAA
BAAAAABBABAABAB
BAAAAAAABBBAAAA
AAAAAABABBBBAAB
BAAAAAABBABBAAB
AAAAAAAAABABBAA
AAAAAAAABBABABB
AAAAAABAABABAAB
BAAAAABABBAAABB
AAAAAAABBBBAAAA
AAAAAAABBABABBA
BAAAAAAABABBBBB
BAAAAAAAABBAABB
BAAAAAAAAAABAAB
AAAAAAAAABBABBA
AAAAAAAABBABAAB
BAAAAAAAAAABABA
BAAAAAAAAABABAA
BAAAAABAAAAABAA
BAAAAAAAAAAAAAA
BAAAAABBBABABAB
BAAAAAAABBBAAAB
AAAAAABBAAABAAB
AAAAAABBBABBBBA
AAAAAAABBABBBAA
BAAAAAABBBBBBBB
AAAAAABBBABBBBB
BAAAAAAABABABBB
BAAAAAAABBAABAB
BAAAAABAABABABA
AAAAAABABAAABAA
AAAAAABABABBABA
AAAAAABBABBABAA
AAAAAABAABBBAAB
BAAAAABBAAABAAA
BAAAAAABBBBABBA
AAAAAABBAAAABBB
AAAAAAABAAAAAAA
BAAAAABAABBABAA
BAAAAAABBAAABBB
BAAAAABAABAAABA
AAAAAAAAAABBAAA
AAAAAABABBAAAAB
AAAAAAABBABBBBA
BAAAAABBAABABBA
AAAAAAABBABABAA
BAAAAABABBBABBB
BAAAAABABABBBAA
AAAAAABAAAAABAA
AAAAAABAABBAAAB
BAAAAABABBABBBB
AAAAAAAAABABBBB
BAAAAAABBBBBABB
BAAAAABABAAABBB
AAAAAAABBBBBAAB
BAAAAABBBABAAAB
AAAAAAAABBBAABB
BAAAAABABAABBBB
BAAAAAABBAAAAAB
BAAAAAABAABAAAB
BAAAAABAABBBBBA
AAAAAABABBABBAA
BAAAAAABBBBBBBA
BAAAAABAAAABAAB
BAAAAAAAAAABABB
BAAAAAAABAABBBB
AAAAAAAABAABBAB
BAAAAABBBBBAAAB
BAAAAABBABABBAA
AAAAAABAAABABAB
BAAAAAAABAAABBA
BAAAAAABBABAAAB
AAAAAABABAAABBA
BAAAAABAABABBBA
AAAAAABBBAAABBB
BAAAAABAAAABABB
BAAAAAAAABBAABA
AAAAAAAABBBAAAA
BAAAAABAABAABAA
BAAAAAAAAABBABB
AAAAAAABAAABAAB
BAAAAABBBBABABB
AAAAAAAAAAAABAB
BAAAAABBBBABAAA
AAAAAABAAAAAABA
BAAAAABAABBABBB
AAAAAAAAAAAAAAB
BAAAAAAABABABAB
AAAAAAABABBBAAB
AAAAAAABABBBBAB
AAAAAAABAABABBA
AAAAAAABAABAAAB
BAAAAAABBABAAAA
AAAAAABABBBABAB
BAAAAAABAAABBBA
AAAAAABBAABBAAA
BAAAAABBABBAAAB
BAAAAAABAABAABA
AAAAAAABBABBAAB
BAAAAABBAABBBAB
BAAAAAABBAABAAA
AAAAAABABABABAA
AAAAAABBAAAAAAA
BAAAAAAABBABBBB
BAAAAABBBAABAAA
BAAAAABABBBBAAB
AAAAAABAAABBBBB
AAAAAABAAAABBBB
BAAAAABABBBAAAA
AAAAAAAABBBBBAB
BAAAAAABAAAAABB
AAAAAABBBBABAAB
AAAAAABBBBBAABA
AAAAAAAABBBABBB
AAAAAAABABAAABA
AAAAAABAABAABBA
AAAAAAAABBBABAB
AAAAAAABBBABBBA
BAAAAABABBBBBBA
AAAAAAABBAAABBB
BAAAAABABBAAAAA
BAAAAABAAAABBAA
AAAAAAABABAAAAB
BAAAAABABABBAAA
BAAAAAAAAAAAABB
BAAAAABAAAAAAAB
AAAAAAAAABBABAB
AAAAAABABBAAABA
AAAAAAABABBAAAB
BAAAAAAAAABAABA
AAAAAAABBAAABAA
AAAAAABBAAAAABB
AAAAAAAABAABBAA
AAAAAABBAABABAA
AAAAAAAAAAABBAB
BAAAAABABAAAAAB
AAAAAAABBBABAAB
BAAAAAAABBABBBA
BAAAAABAABBBBAB
AAAAAABAABABBBB
AAAAAABAAAABBAB
BAAAAABAAABAABA
AAAAAAAABBAABAB
BAAAAAAABABBABB
BAAAAABAAAAAABB
AAAAAAABBBAAAAB
AAAAAABAAABABAA
BAAAAAABABBABAA
BAAAAAAABBAABBA
BAAAAABBBBAABAA
BAAAAAABABBBBAB
AAAAAABABAABAAB
AAAAAAABBBBAABA
BAAAAABBAABAABB
BAAAAAABBAAAABB
AAAAAAAABABBBAA
AAAAAAAABBAABBA
AAAAAABABABABBA
AAAAAABABBAABBA
AAAAAAABAABBABA
BAAAAAAABAABBBA
AAAAAAAABBABBAB
AAAAAAAABBBABBA
BAAAAABBAABBBBA
BAAAAABBABAAABA
BAAAAABABAABBAB
AAAAAAAAABAAAAB
AAAAAAABABABBAA
AAAAAABABAAABBB
AAAAAAAAABBBAAA
AAAAAABBBAABBAB
BAAAAAAAABBAAAA
AAAAAAAABBBBABB
BAAAAABAAAABABA
AAAAAABBABAAAAA
AAAAAABABBABABA
AAAAAAAABBBABAA
BAAAAAAAABAABAA
AAAAAABBBABBAAB
AAAAAAAAAAAABBA
AAAAAABBBBABABA
BAAAAABAAABAAAA
BAAAAABAAABBBAA
BAAAAAABBBBBBAB
BAAAAABBAAAAABA
AAAAAABAAABAAAA
AAAAAABBAAABBAB
AAAAAABBAABABBA
AAAAAABBABBAAAA
BAAAAAAABABBBBA
AAAAAAAAABAABBB
BAAAAAAABAABBAA
AAAAAAAAABABBBA
AAAAAABAAAABAAB
AAAAAABBBBABBBA
BAAAAAABBABBBAB
BAAAAAAABABAABA
BAAAAAABAAABABA
BAAAAAAABAAAAAA
BAAAAAABAAABABB
BAAAAAAABBBAABA
BAAAAAAABBAAAAB
BAAAAABAAAAABAB
BAAAAAAABAAABAB
AAAAAAABBBBABAA
AAAAAABABABBAAB
BAAAAABAAAAAAAA
BAAAAAABAAAAABA
BAAAAABBBBABBAB
BAAAAABABBBAABA
BAAAAABABAABAAA
AAAAAAAAAABAABB
AAAAAABBBAABABB
BAAAAAAABABBAAB
AAAAAABABAABBBB
BAAAAAABBAABBAA
BAAAAABBABBBABB
AAAAAABBABBAABB
BAAAAAABBABABBB
AAAAAABAABBBBBB
BAAAAAAABBAABAA
AAAAAAABBAAAABB
AAAAAABBABBABAB
BAAAAAABABABBAB
AAAAAAABBABBAAA
AAAAAABABBABBAB
AAAAAAAABABAAAB
AAAAAAABABBAAAA
AAAAAABABBBAAAA
BAAAAAAABABAAAA
AAAAAAABBBABABA
AAAAAAABBBBAABB
AAAAAAABAAAABAA
AAAAAABBAABAAAA
AAAAAAAAABABABA
AAAAAAABBABAABB
BAAAAAAAAABAABB
BAAAAABBBAAABBA
BAAAAAABBABBBBB
AAAAAABBBAAABAB
AAAAAABBBBAABBA
BAAAAAABAAAABBB
AAAAAAAAAABBABB
