YES
QYB
ABG
UTU
YUV
DFK
KJC
CQK
NHG
WBB
LJB
YGC
PWD
ODE
FNC
HTE
HHD
IEG
TXC
OTC
WFA
NHA
OHA
CYD
CFD
DGH
EGD
XSM
TSH
XOP
ZSK
LNH
CMB
HEP
DQD
OTI
HLC
IFI
QPC
IEN
ZQD
MIC
LTL
KPD
CMA
UMT
GSD
MMB
WPG
GFA
SEM
FVA
YII
EJG
TVA
QTA
JID
UVC
SXE
OGD
UTL
QAD
AVC
QWE
DXK
ERC
LZA
HLA
NZB
HNB
EKA
ZSB
TVB
BFB
PAM
QCG
WGB
SEB
LSA
DJE
IGA
BEC
JII
FED
YLD
FLD
SKB
HRB
GUC
XBC
XRF
QUG
SHH
WXH
LPJ
NJB
UEG
LPA
ECF
MAB
YIC
WFD
OOA
TTF
JAC
OQA
YRC
XQC
BXD
TDA
RKH
RID
RTA
DKJ
CFH
NVD
ZSC
GJA
SBF
RQH
OTA
WEA
HEX
UMG
NQC
IEB
OQG
PWG
ZJB
DQA
PGI
YDH
QOM
UKH
HUC
YPI
PJE
APS
TOC
GFB
NAB
COE
CTW
VCN
KPG
UMA
MKA
THC
BHA
JIA
ZMZ
AOF
XPH
BRA
TAB
MXM
SXP
WXC
SBD
JSE
SPO
YDI
VXA
TJC
JDH
LZB
GOB
MNT
MEA
HSB
ALD
PZA
OMH
WOE
JMC
ZOA
TLH
QKF
CCN
OBD
OQE
OGA
EKE
PLA
OHB
DSB
QWD
MJS
EMN
FKE
NJD
RQB
UYA
HGA
AJD
NGB
PZE
TNE
BQA
DBM
KMC
ZCH
AHD
TCA
CYC
YBH
AXE
MVC
LCE
GEZ
PLF
JBD
ZID
KTD
NBC
VSE
TUD
YTF
JBB
ILD
CYI
ABF
WYB
BKG
YPA
UIC
GZA
IGP
JDA
SDD
VND
VCI
MGA
ALC
TKG
UPB
IAA
DWA
DVC
ATC
WDQ
ROF
ERA
NUA
UGB
CNE
KKC
SPT
KOF
VCD
CYB
EKD
ELA
HOB
VDF
LRB
OVB
TPD
ABI
PVA
KUB
DXI
KBC
LLG
LFI
VJA
EHB
OVR
VNE
VNI
QLG
EHC
RHA
XNR
UAC
PTA
JJB
YSC
BZA
GWI
KBD
VTA
GEV
EPD
YFM
CBH
KHG
NWE
GDE
TCB
SEJ
IHJ
XJB
WQC
CFE
LFF
VCC
KNB
UGC
EAG
NBD
QSA
CSF
WHA
YMF
XQX
YDE
HGD
OHD
OVG
RIB
IEP
IHA
WZA
PTB
OVK
TXB
LNC
ONC
PTE
NXH
IFD
PIG
AGB
GWM
KSE
FEN
FSN
DEB
HUD
KBE
MPC
ZJE
MFA
FEJ
IID
YRG
NZC
DAH
KMS
CKX
TVD
WCE
TOF
BXB
HRA
CJA
ORJ
FFA
HHC
FKB
OZH
KIA
WDP
UMC
KPK
DLB
VPB
VCE
NTA
ZSO
OCH
XNK
YEE
VHB
XEC
SEI
MBD
DFB
QAH
SEH
SNK
EIB
NTV
PXG
PBH
BND
VSH
QSD
GAL
FXB
OAE
ORK
LND
FSR
SPQ
DHD
JEA
UZA
XGC
ZWV
AFA
CRX
LIE
XNO
LTO
COL
KCB
MJE
HDM
KHM
HSJ
KHF
TMC
KXF
XCC
WXA
QLC
MVD
QDB
OAH
GSC
SEF
JDO
XLC
CAD
TSF
SXF
RZA
HUW
QCA
IAC
FSD
BWC
RCA
WXB
KSB
JTF
USB
NXB
PIC
YFD
GIF
TMA
VEB
THE
HEF
KHD
DUC
NOU
YTB
WPI
FEA
ADW
VVB
SAC
IEI
LIG
ESC
MMC
EAB
YTC
GUA
CBI
NRA
HDK
IHG
IGH
RMA
CFC
KRH
TBB
ZVC
KFA
TIA
JEC
LLH
CEA
KKA
WGH
CJB
GKH
RNB
KBJ
YTA
YFF
RVG
AJA
QPB
OTG
DMT
NUJ
WGC
KRG
XSH
AOJ
OOE
NSB
LMA
DGF
YBB
HNH
XJF
LLD
CIA
DGN
KQD
UBF
MBE
XAC
FGB
TEB
VNC
XEA
NDA
UZB
MBC
LLE
BPC
NWG
TOD
RNC
JHB
BSD
KXD
GTR
YUQ
AII
DXA
VEG
YID
QHA
KEB
ZZA
MPD
QED
QIE
IDB
AAB
NSC
BWD
XIA
VVC
SSB
KFG
GWK
KRF
HUB
FQC
CYF
XSD
PLV
TDB
CCO
NQB
QBF
RJC
LIK
HGE
EEC
MOA
KOE
VKJ
VDC
FPA
EXE
HMC
XMC
XON
HEV
CQG
ZVG
OQD
MNS
IFF
CFK
JRP
QWB
WCM
CWE
BTI
HOF
NDD
ORB
FPD
ZLA
DDA
FSL
XQB
WZE
PLR
TME
EXD
IFG
UQH
WBD
PYB
BKH
USA
ZWF
BBC
WDY
BDB
ZSM
YAB
XLA
GEJ
SLA
ABH
LUA
OHQ
RQD
YHH
NHB
DXB
HRD
MAA
QOL
XNA
RMB
PJC
TWJ
JTD
KCG
LIJ
MQN
CTR
OCE
DGK
DRA
GDD
RVO
KOI
KPL
YTJ
DBB
EQA
ZSD
APR
TVE
RZD
NHD
NTG
QZE
CTT
RLE
LAA
YCB
DAI
QTB
VQA
PLM
ZWU
KTB
OQC
WSJ
LNE
DKE
RKC
LTB
KPP
ROG
QPL
PAL
TLC
YAA
ZPA
DAB
HDE
YFJ
WCP
AIF
RXA
TYC
DCH
QAA
RIF
JIE
ZVB
RVD
CRF
HOH
FAB
PAR
GSI
MNK
UEM
YCA
IBB
RFO
VZA
PXA
ZDA
MCF
PCA
OVS
AYD
HGO
ZQE
IEV
JDG
XAE
SEQ
SBC
ZCL
OJF
COD
TPG
AOD
RCB
SQN
GOO
QWI
OLA
JBF
EXB
NXK
DOB
SQO
RBB
TPN
DKC
UQB
TPM
LMB
QWG
SBM
XNG
RRA
SIQ
JDJ
SXJ
JOK
VRA
SNA
PWA
ZCC
TNC
GVL
ZPC
SXB
DIB
XJG
GAA
ZMC
QOH
NZA
NPA
VXB
AJH
VMQ
XGD
PLW
MXB
NOA
KAB
OBK
NUM
SNG
LXA
ZGE
YLF
GUE
XCA
EAA
ZUA
MSF
ORE
NEA
YTD
TWI
BMD
RKA
SBH
HPA
ADN
OFG
FOB
ZDR
NQA
LTP
BTA
WKA
EUB
EVC
PZG
DAE
TEA
TJA
ABP
ZMA
IEU
NFC
SPA
WCC
MHA
NVC
SXM
SRL
WAJ
VAD
WQI
DQE
IDD
GEC
USD
FPB
VNF
FHB
JOG
JTB
BLC
GRA
UHA
MNB
VVT
WPF
QZB
EJI
YMD
UIH
VSJ
QZD
HQA
ORD
QGG
ZAA
LWA
LCH
PXC
VED
TNA
QBD
BCF
JAA
VJB
ATH
TEC
UFF
QHC
WHD
BNB
PJD
YUX
IIH
CBG
EJD
BTB
HRE
UNA
NNB
JRH
TDC
XNJ
EEA
PHE
ORA
EFA
JJD
SYB
TPI
JCC
BWB
MIP
IGB
BII
OYD
XRH
VTB
MJQ
HQB
OKA
TMG
ATF
FKD
MSC
YQB
PWH
AWA
MHB
QAK
ZCD
AIG
BTG
DMW
OFH
OME
YBO
KCK
ZQF
NHC
FSB
PXB
YBJ
UMX
SNR
LAB
YBD
MNN
FOC
DKI
RVB
MDE
LZC
ICG
YLO
QOI
NYC
DGE
AXD
KPB
PPR
AED
AHF
MHC
OAJ
YRE
SLZ
RFA
ICE
TWE
ZWG
PHB
MVB
CFA
WGJ
UQE
BBB
OYE
WDD
CBJ
ZIG
OAC
PIB
TUB
WIE
LGA
WWA
VKI
DIA
TSB
HUL
MLC
ERG
QWC
XAA
YHI
YEG
RKF
HQD
DCG
FCB
SRH
HER
ZGB
IEA
IDJ
XJD
PVB
KIB
ZWZ
GZD
FQA
WME
UTK
UZD
QEB
UXE
JMD
MBW
VCR
OOG
FNA
PLE
YMA
XPD
ZWA
DGB
NZF
ETA
ACA
HEN
OBI
LEB
MNH
HEE
NBB
PBG
RBE
TTD
UBA
ALB
WKC
QFM
FGF
IHD
WPA
IGI
KCC
WDJ
PWK
LTS
SQF
YBK
UOF
VKB
LCC
UTA
SUE
ECI
GIA
