YES
KECK
AZCE
BNJA
XMKE
YWDB
IAAA
ZHJB
FBOL
BMIT
TGKA
UYFB
KIKJ
DHLB
KOBE
ETAQ
TAEL
LMGA
XABB
WOBC
HOGC
DYWC
DCCD
LJAA
RKAA
BEIE
FZEE
EBJB
DMCK
DZCC
LGCR
NYCD
FCCF
KKYF
SDDJ
QGCO
UHJR
GTEM
KVOM
XMCC
BKMJ
DLEF
WJCM
OVHD
RIMW
BGBD
XWAB
CPEE
UYPH
FREC
UYMA
ZGCE
BLAC
MXDG
KKMA
XEHI
FHDI
HMAH
FOFI
IWFH
PNJP
LMPS
HOEL
LSEN
IMMU
AZBC
HKOO
NDAA
WTAB
ZRRB
YLBB
NNAI
ONDD
LXVI
CWIA
GZED
MJJE
JIHN
DFAO
MNBB
BDHF
KKIP
UPBB
ACGA
OVEJ
BRKP
FDEG
MHFO
REBB
UMDK
CSGI
ZHHK
FPGO
ZCFI
ZKHE
FPHB
OXGV
XEHM
UHPJ
FRJG
SXBC
FXUC
WIHD
CQAA
HPBC
EUBF
RSCE
OBFL
RYBE
KDFS
ALGE
JIFE
LEFA
JSDD
KPGF
UBDC
RSHE
JLSC
JFFA
HUPA
JGAC
DEBH
FSGC
KZDD
RFEL
PGCL
IZBC
VQLJ
RQCD
CDFR
QHBE
LOAP
TELB
XZCD
VJGL
FLBF
XGCL
MAHB
LQGA
EABD
QNAP
FRDE
JQDB
HGCC
NNMQ
IIAA
JPBG
MOEQ
QQWD
IFAD
LCAJ
FHDG
SEBE
YJAH
TNAL
SMFJ
CRDD
GVCE
VLFQ
IMFG
XDCT
FRJA
QTAH
IELN
CACC
UYCG
ZRQR
TWBR
WSCI
IVCC
ANQC
ZOHB
CUCL
WFFK
ZXEH
RSGA
FRCC
RPFP
GBGO
UMAH
PSAD
ZABB
CGBG
NBCC
CSIA
YBJT
VEQE
TVDM
ICHQ
QXAA
SWKI
EUCG
XDGJ
RNFA
CQDI
QRHP
KDIC
CHBE
MGOF
FJEF
DQAH
UXAB
MIAP
AZDA
UMFJ
PZGB
WPCM
TBCM
QRKB
EZAD
PXFB
IPOC
JJCC
DCAJ
PEFF
RCFF
ZGBB
YWMC
GGDK
QVLK
XEQP
TGRA
DFBJ
QICT
NYCG
YZIC
ZTBM
ELBL
TMIN
TWBD
VUAD
DBEJ
PSPD
YBLA
ONKA
HOFD
EQAB
OYCJ
BCBB
PTEJ
XCCL
ECEE
XNHE
JKBD
OPAC
KDTA
BLHO
DHVG
XKDG
OKAA
KVLC
FTGD
PAHP
VJBD
CYAA
YQEH
MOAP
FAHA
TREH
ZHJA
OBFD
HIDG
QHRA
EZDR
MLID
IJJH
HECE
OMOF
QGCH
XCUS
ACDU
TDSW
LOJE
GCHA
LOAQ
SYBD
RYLO
ELGA
LDEE
HHIA
UDLC
IAZL
RTMD
HBDE
GMEJ
ALFG
LIGR
RBBB
GQAA
WXAK
DHLV
WQAA
IMFH
MEIG
NHMZ
FKDM
QGBD
RSHB
CEDQ
IAQW
GKNN
WZBK
EMDO
FSEH
HPKB
TGAH
LYDE
DOBD
GUPE
ZFAC
LWJF
AIDB
PXCL
SBCR
HEFH
SICM
MWDD
VJBC
DHMH
HXCI
TQBD
GABB
OVDD
CLED
WPAB
PDAG
XUCD
SICD
VNDD
GDBE
YMEH
PJNM
QIAC
NZFK
ZTCB
AGMK
YOAF
UKBM
FPFO
KDQG
KKWV
FOBD
YZBB
MBHI
VOEH
RJEA
TWDL
QPBC
WGEA
EJAO
TKKB
XLEH
NZIA
CAGC
ILAF
XBHD
WKEM
RYAD
CHCI
YFBQ
VQKH
RSEB
JPXM
GUNP
DBCE
LIFF
UHJS
WJIK
IJIJ
LMFD
EDAA
OSDE
ATDR
EECF
ELBG
JCJA
ITEE
GCDC
OTCR
ANRQ
HQBJ
HDAD
KWCE
QZAS
NUAK
GXCS
VDBT
XQCQ
DQOV
HQEE
UHWO
DHKP
YXBO
CLMM
UJCE
XXEB
NQCV
NBJN
IVEF
QFCD
MSCD
DWHP
NQCF
CEAA
NTRU
HFAF
SBCQ
CBPR
QUEE
KSED
TYAE
GRJP
GTBP
IKAA
NSIN
QQNA
TDGB
IAEB
WXUV
DUFJ
MAIS
MKGC
EMHF
QSCC
JLZA
JFAD
FAAB
EDAH
OIAJ
AJBG
RUCM
KYBE
VHIA
KXDP
KPIA
JFAA
DKFF
YNAC
QZAC
ITGD
FICE
LLAL
UMIA
ASDF
SMJA
EIKG
WHFA
VPAB
RVFS
XMGG
PDIP
KKCU
SDEB
NEBG
VBHK
SKLI
LGCK
VQMF
RIBC
KKIB
AUEM
MDED
PVEB
LSHS
EUBD
RTBB
VTGA
OQHY
YZDF
MHJJ
TNAI
ZEAA
GOAB
CKAX
LBOT
YHBL
WTJH
CWBB
DUFY
ENFA
TFBK
ZPBH
NICB
EQBB
PJNF
KSDB
LMHF
PERL
PVBK
OSGA
UDIG
RKBH
LWHI
LJJA
JBJB
MEBK
VLSA
XIEE
VOIO
FFAH
GQBG
XMFH
BKCQ
JOAB
AOBP
QMHG
IPAM
DWQC
PEJB
WBFN
DYCX
ZTDO
KPKD
DYCO
QMCA
SOFP
QQEC
RPEF
JRAA
ZORB
XYCD
UQAJ
BQQA
GYAN
SAFQ
HUOF
XKAB
NACG
IHAA
ORIJ
VKLG
RCJP
LICN
JAEE
MJEY
KKAB
DCFQ
GGFJ
IWCC
TDSC
AUBW
VBJG
BFGM
JHBD
EMLE
JDEQ
WEDI
MDDR
QTHI
FGME
AYFS
RREE
TZEL
FLDC
RYBD
RCKS
FVEE
VVDE
BRAL
AUOD
RTHJ
UABD
JIHK
DTAM
IJDA
GGBF
HNDD
FNCJ
JTAC
IRBE
JYPG
NYCF
SNJN
IMCA
GTAA
ZKEF
XKGJ
GMEX
TREG
DMBC
OVYH
OIBD
UGKE
RYIT
ADCD
INAF
DTAA
CDFG
VLBC
WIHF
ZCCI
MSEA
QHDC
UOBH
IWFS
TGKF
WMBB
OSCC
SIBC
UBGO
XENB
WGBB
RVPX
LGCF
WHEJ
BADN
HPBF
VULC
HZJK
XTEF
HUME
TORC
SKTQ
EHAC
DHDF
ADBH
MNFD
LOIJ
LBQB
ZRRJ
ZOEF
JBGG
JEAA
LMGD
FVEH
ZAFA
BUCE
WQKA
VENR
RMAC
KJAA
HGAR
TVBG
HDBA
KZCI
FCCG
ZYHK
VRGL
VLLF
MKDL
CBRL
QEGF
UPED
QQAB
XWDA
QRGD
TRIH
UGAA
LRDH
UMKD
ZSAR
DHBC
ZXAD
KDHD
ZBJI
KTWU
JOGE
TLAI
JUJU
LFCP
XCKA
MDAF
DGJH
IQAB
NHOH
OKGH
QVQC
OCFH
MXAO
XCCJ
QWCM
ALGA
ANGH
FNDO
RIMT
HWFW
USBC
BQES
XJBB
LDOB
YPHR
XRAC
DFBI
MGJY
HGFF
CKFH
VWAB
RNEG
OQDA
KAFU
KYBG
VOIC
IACI
MHIC
YQYQ
JPXG
DBDA
VRBB
MCDH
CWAF
NFIM
WSGS
KVBD
CZLJ
UFAA
ZUDG
WCYO
CVDE
LMHD
LIHJ
OEEE
UYAA
GNDO
BOAC
TORF
EPCD
JTAJ
EBBH
ZORD
MWGP
HCCG
HJBM
RMAU
FREB
QMCE
WLAP
VKAB
NLQA
CARA
NIYA
IAWB
ZWAA
KXHH
FSCC
TRHB
VHEE
PUBD
YQKL
JLBD
IPIP
MCCN
YLDC
SMFV
ERCG
QGBC
XQBD
CKEE
TOMF
CAFG
VODJ
FLGT
VLFU
YBRD
YWCC
VODG
DXBJ
SKKC
DRKB
QUDD
QVAA
LWFF
VXBB
OBEI
ICRH
DUBG
YAAB
EJDJ
GRCE
QVSA
OLIP
PQDK
PBCE
RKDC
LYEA
PVBX
EPFH
UAGG
TGJM
SFGC
QCCH
MAIA
NJFG
AHAC
LDRO
DMAC
PTLH
HFDD
GOET
ESEE
WNOO
YHEI
OPBH
WVAB
SAIA
XBFO
EFAF
SBCG
EJDH
NICG
UHHH
HVAA
GVGH
TRLG
ZKHF
CMBE
AVBD
VDDL
WOIC
RTBD
HCFT
UWAG
GWCC
OUES
UEEG
QICV
PTEB
WKCP
JRAF
CAKC
QITC
PPCN
AOBT
FPAA
NGBB
LLAP
OTCH
XGKP
SNJM
VKLJ
QCCJ
XUFA
IJJA
QSGJ
VQLL
CTDQ
NCCD
TRHG
UAJK
QGCF
QAAE
XNAP
WXAN
BEHC
ZHOG
FHFC
WRBH
PBBG
QEHC
NDON
BFHE
FSDK
VGLP
IFAA
DPAB
HOAC
LIGK
HHOI
OKDB
VKIC
CSAD
AKMW
FUEN
YSAJ
MQWP
WIFI
JPRA
MAEJ
TWGA
XCJF
SVLN
PZEI
ANQB
NJEE
SVNA
ZZAA
BJDG
BNIM
MECU
VTGC
PJEE
JFBC
VLAD
FJAC
XCJA
TGAG
CZAD
DHEB
ALPQ
BDGI
GMFA
MFCJ
OAEG
LYCI
YUEJ
BRKA
WQFF
OPBJ
NTAF
QFCE
SYCA
GBHS
BJAC
YXCA
GUVB
KDRC
BHBB
WPCK
XVDE
YQIB
NBCF
RTEL
UBCF
XYEJ
MFCK
UHKM
JPGG
MLDK
NSBJ
NPAG
HPDP
NECU
KVKG
KSQD
LEBG
TOQA
NLNM
SKLE
DGLR
RNIR
CCEJ
HYMG
VRBY
GVCR
UDHI
JYPB
NVBG
BOHF
ICIF
WEAL
WQLF
CRIA
FFEP
MSDC
RFGD
BMAF
AUJD
JJBA
NQCJ
HHFZ
VTGD
DVBF
GAHG
ZREI
RVUI
JFJI
UAKU
CSCB
VSCH
SNQG
HYAC
VUJE
BAHC
IPRA
FCCH
OLHJ
ZKGM
HYBK
DTKA
LJBG
DQGJ
CCFK
LEJC
MFDB
ESXQ
LAGE
GZFA
EIKI
AXGG
VXNM
WBFM
HIOZ
MJIC
WHNI
RVSF
FJJA
JTFA
EFAH
PJTZ
TOIE
PMJB
IPIM
FVAA
CIUQ
SFDL
FTBK
OOCC
TKGG
LOCT
XUIB
KXPB
PTMG
