YES
BABAAABABBA
AAABBBBBBBA
BAAAAAAABAA
AABAABABABB
BAABABABABA
AABBBBAABBA
BABBABABAAA
AAAAAABAAAB
BABBBABBABA
AAAABAABABA
AABBAAABAAA
BAAABAABBBA
BAAAABAABBB
AAABBBBBBBB
BAABBBABABB
AAABABBBBAB
AABBABAABAB
AAAAABBABAA
BAABBABABAA
BAAABABBBBA
BAABAAABBBA
BAAABBABBBA
BABBAAABBBA
BAABBBBAABB
BABAAAAABBA
BABABBABABA
AAAABBBBAAA
AAABABBABAB
AAABBABABBB
BABAABBBAAA
AAABBABAAAB
AABAAABBABB
AAABABBBAAB
AABBBBBAABB
AABBBBBBAAA
AAAABBABABA
AABAABBAABB
AAABBBABAAB
BABABAABBAB
AAAABAAAAAA
AABBBABAAAB
BAAAAABAABB
BAAABBBABBB
BABAABBABAA
BABAABBAABB
BABBBAABAAA
BAABBBABABA
BABABABAABB
AAAAABBAABB
AABBAAABBBA
AAAAAABABBA
AAAAAAABABA
BABBAAAAABA
AAABABBBAAA
AABABAAABBA
BAABAAABBAB
BAAAAAABABA
AABBABBAAAA
AABAAABBAAB
BAABBABBBAA
AAABABBABAA
BABABABAABA
BABBAABABBA
BAAAAAABBBB
BAABBBBBABB
BABAABAAABB
BAABAABABAA
AABABAAABAA
BABABBAAAAB
AABABBAAAAA
BABBAABAAAB
AABAAABBBBA
AABABBBAABA
BABBBABABBB
AABBABBBABB
BAAABBBBABB
AABBAABABBA
AABAABAAAAA
BABBAABBBBB
AAAAAAABBBB
AABAABAABBB
BABAABBBAAB
AABAABBBAAA
BAABBAABBAA
BAAABABAABA
AAAABABBBAB
BABBBABAAAB
BABAABBAABA
BAAABABAAAA
AAABBAABAAA
BABBBABBABB
BABAAABBABA
BAAABABABAA
AAABAAABABA
AABAAAAABBB
AABBBAABBAB
BAAABBAABAA
AAABABBBABB
AABAAABBBAB
AAAABABAAAA
AAABBAAAABB
AAABBAAABAA
AABABBBABBB
BABBBAABBBA
BAABAAABAAB
BABBAABBABB
AABAABAAABA
AABBAAABABA
BAAABBAABBB
BAAAAAAABBB
BAAABBABBAB
AAAABBAABAA
AABBBABBAAA
BAABABBABAB
BAAABAABABB
AABBAABBBAB
BAAABBBABAA
BABABBBABBA
AAAABAAABBA
AABABAABAAA
AAABBAABBAA
BAABAAABBBB
BABBABBBAAA
AAAAAAAAAAB
AAABABAAABB
BAAAABABBBA
AABABBBBBAB
AAABBBBAAAA
BABBABABBBA
BAABBABBABB
AAAAAABBBBA
AABABBBBBAA
AAABAABBBAA
BAAAAABABAB
BAABBABAABA
AABBBBAABBB
BABBBBAAAAB
AAABBABAAAA
AABABABAABA
BABABABABAA
AABBBAAAABA
BABAABAAAAB
AAAABAABABB
AAAAAAAABBB
AAABAAABAAB
AAAAAAABAAB
BAAABBBBBAB
AABABABABBB
AABBABAABBB
BAABBBAABBA
AABBABAABBA
AABBAAAABBB
BABAAAABAAB
AAABBABBBAB
BAABABBBAAB
BAABBABBBBB
BAAABABBBAA
BABBAAABABB
AABBBBAABAB
BABBBAABBAA
BAAABBBAABB
AABABBAABAB
AAABBABBABB
AABBBBABBBA
AABABBBABAB
AABABBAABBA
BAAAABBBAAB
BAABBAAABAB
AABABBABBAB
BAABBBBBBBA
AAABABAABBA
BAAAAAAAABB
AAAAAABAAAA
AAAAABAABBB
BAAABBBAABA
AABBBBBAABA
AABBBABABAB
BAABABAAABB
AAABAAABABB
BAABAABBABA
AABABBABAAA
BABBABBABBB
AAABAAAABBB
BABBBAABABB
BABABBABBAB
BAABBBABAAA
AABAAAAAAAA
BABABBAABAB
BABBABABBBB
AABBBAABAAB
BABBABBABAB
BAAAABABABA
BAABBBBBABA
BABBBAAAAAA
BABABBAAAAA
BAAABBABAAA
AAAAABAAABB
AABBBABABBB
BABBBABABAB
AAAAAAAAABA
BABABBBAABA
BABBABBBBBB
BABAABAAABA
AABBBAABAAA
AAABABBAABB
BAABBBABBBA
AAABBBABBAA
AABBBBBABBA
AAAABABBBAA
AAABBBABBAB
BABAABABABB
BAABBBABAAB
AABBABBBBAB
AABBBABAABA
AABAABBBBBB
BAABBBAABBB
AAABAABBABB
AABBABAAABB
AAABAAAABAB
AAABBABABAA
AABBAABAABA
AAAABAAABAB
BAABAAAABBB
BABABBBABAB
AAAAAABAABA
BABAAAABBBA
BAAABBBBBAA
AAAABBBAABB
BAAABABBAAA
AABBABBBBAA
AABABABBABA
BABBABBAAAA
BABBABBBAAB
BABBBBABAAB
BABABBAABAA
BAAAABAABAB
BABABBBBBBB
AABAABABBBB
AAAABBAAAAB
AABABABBAAA
BAAABBBBBBB
BABBAABAABB
AAABAAAAABA
AABBAABBABA
AABAAABABAB
AABABBBBABA
AAAABBBAAAB
BABAAABBAAB
AAAABAABAAA
AAABBBAAABB
BAABBABBABA
BAABAAABABA
AABBABABBBA
BAAABAAABAB
AABAABBAABA
BABAAABBBAB
AAABBBBBAAB
AAAAAAAABBA
AABAABAABAB
AABABAABBAB
BABAAABAABB
AABBBBBAAAB
AABAAAABABA
AAABABBAAAA
AABABAAAABA
AAABAABBAAB
BABBAABBBBA
BAABABBABBA
AABABBABBBA
AABBBAAAAAA
BABAAAABBAB
AAAAABABBAB
AABBBAABBAA
AABBBAABBBB
AAABABBBBAA
AABBABBAABB
BAABBBBBBBB
BAAAABABAAB
BAAABBABABB
AABAABABBBA
AABAABBABAB
BABBBABBBBA
BAABABABBBB
BABAABAABBA
BAABBABAAAB
BABABAAAAAB
BAAABAAAABA
BABAABABBBA
AABABABABBA
AAAABABABBB
AABABAAABAB
AAABAABBAAA
BABABABABBA
BABABABBABB
BAABBAAAABB
AAAAAAABAAA
BAAABBBAAAB
BAABAABAAAB
AABABBBBBBA
BAAABBBAAAA
BABBAABBABA
AAAAAAAABAB
AAAAABAAAAA
AAAAABBBAAA
BABAABBAAAB
AAABAABAABA
BAABBAABABA
AAAABAABBAB
BAAABABAABB
AAAABBAABBB
BABABABBAAA
BABBABAAAAB
AABBAABAAAA
BAABBAAAAAB
AABABBABABB
BAABABABBBA
BAAAAAABBAB
BABAAAAABBB
AABAABBAAAA
BABBABAABAA
AAAABBAAABB
AABABAABBAA
AAAAAAAAABB
BAABAAAABAA
BAABAAABBAA
BABAAAABABA
BABBBABABAA
AABBAABBBBB
AAABAABABAB
AABAABBBABB
AAAAAABBAAA
BABAAABBBAA
BABABAABBBB
BAABABAAABA
AAAAABAAAAB
AAAABAABBBA
AAAABBABBBA
AAAABAAAABA
BAABBBBABBA
BAAAAABAAAB
BAAABAABBAA
AAABABABABA
AABBABBBBBA
BABABBBBAAA
BABBABBBABA
BABBAAABABA
AABABABBABB
BAABABABABB
BABAAABAABA
BABABABAAAA
BAAAABBABAA
AAABAAAABBA
BAAABBBBAAA
BABBBBABABB
AAAABBBABBB
BAABBBBBAAB
AAAABBBBAAB
BAAAAABBBBA
AAABABABBBB
AAABABABBAB
BABBBAABBAB
BABBAAABAAB
BABAABABAAA
AAAAAABBAAB
BAAAABABBAB
AAAAABBBBAB
BABBABAAAAA
BABBAAABBAB
AABABBBAAAA
AABABBAAABB
BAAAAABABBA
BABABBABBBB
AABABAABBBA
AAAABBBBBAB
BAABBBBABAA
BABABAABAAB
AAABBBBBABA
BAAAABABBBB
AABBBBABABB
BABAABBABBA
BAABABAAAAA
AABAAAABAAA
BAAABABBAAB
BABBBBAABBB
BABAABBBBAA
BABABBBBAAB
AABAAAABABB
BAAABAAABBA
AABBABBABAA
AAABBAAABBA
BAAAAAAAAAA
BAABBAABABB
AABBBABBABA
AABABBABBBB
BABBBBAABAB
AABBABBBAAA
AAAABABABAB
AABABABBBAA
BABAABABBAA
BAAAABAABBA
BAAAAAABBAA
AABBABBAABA
BABBBAABAAB
AAAAABAABAB
BAAAAABBBAB
AABAABBBAAB
BAABABBBBBA
AAAAAABBBAA
BABBBABBBAA
AAABBAABAAB
AAABAABABBB
BABBABBBABB
AABAAABAABA
AAABBBBBABB
AABBBBABBBB
AABBBABABAA
AABBAAABBAA
BABBAAAAAAA
BABBABBBBBA
AAABBBABAAA
BABBBAAAABA
BABAAABABAB
BAABABBBAAA
BABAAABAAAB
BABBBABAABA
BABABBABABB
AABABBBBABB
BABAAABBAAA
BAAABABBBBB
AABAAAAABAA
AABBAABBBAA
AAABBBAAAAB
BABBBAAABBA
AAABBBABBBB
BABBABBAAAB
BAAABAAABAA
BABBAAABBBB
BAAABABAAAB
AABAAABAAAB
BABAABAABBB
BABBBAAABAB
AAAAABBAAAB
AABBABAABAA
BAABABAAAAB
AAABBBBABBA
BAAAABBAABA
BAABBBBABAB
BABBBABAABB
BABABBBBBAA
BAABBBAAABB
AABAABABAAB
AABABBAAAAB
AAABABBAAAB
AAAABBBABAA
BABBBAAAABB
BABBABABBAA
AABBAAABAAB
AAAABBABBAB
BAAABBBBABA
AAAABAAABAA
AABAAABAAAA
AABAABAAAAB
BABAABBBBBA
AABBAAAABAB
AABBBAABABB
BAABABABAAB
BABBABBBBAB
AAABAABABAA
AAAABBAAABA
BABBAAAABAA
BABABAAAABA
BABBAABABAA
BABBAABBBAB
AABBBABABBA
AAAAABBABBA
BAABBBAABAB
BAABABBABBB
BABABBBBABB
BABBABAABBA
BABAAAABBBB
BAABABBAABA
AABAAABAABB
AABBAABBAAB
AABBBBABABA
BAABABAABAA
AAAAABAABBA
AABABABBBBA
AABABABABAA
BAABAABBABB
BAABAABBBAB
BABAABABBAB
BAAAABABAAA
BAAAAAABABB
BABBBBAABAA
AAABBBABBBA
BABBBBABAAA
BAABBBBAABA
BAAAABAABAA
BABBABAABBB
BAABABBAAAB
AAABABABABB
BABABBAAABB
BABABBAAABA
AABBBABBAAB
AABABBAABAA
AAABBAABBBA
AABBBABAAAA
AAAABABAABA
AAABAAAAAAA
BAABBAAABAA
AAABABABAAA
BAAABAAABBB
BAAAAAABAAA
BABBAAAAAAB
BABAABBBBBB
BABAAAABABB
AABBBBABAAB
AABAABABBAB
AAAABABBBBB
AAABAABBBAB
BAAAAAABAAB
AAABABAABAB
AAAAABBAAAA
AAAAABABABA
BABAAAAABAA
AABBABBABBB
BAABBBABBAB
BABABBBBBAB
AABBBBBABAB
BAABAABAABA
BAAABABBABA
AAABBABABBA
AABBBBAABAA
BAABBABBBAB
BABBBABABBA
AABBABABAAB
BABAAAAABAB
AAAAAAABABB
BABBAABABBB
AAABABAAABA
BABBAAAAABB
BAAAABABABB
AABBABBABBA
AAAAABAAABA
BABABBABBBA
AAAAABBBABA
AABAAAAABBA
AAABABABAAB
AABBABABBAB
BAAABBBABAB
AABAABABBAA
BAABBAAAABA
AAABBABAABB
AAAABBABBAA
AABABAAAAAB
BAABBAABAAA
BABAAAAAAAB
BAABAAAAAAA
AAABBBBAABA
AAAABBBAAAA
AAAABBBBABB
AABAAAABBAB
AAABABBAABA
BABBAAAABBB
AABAAAAAAAB
BAAABBBBBBA
BABABBABBAA
BABBABABAAB
BAABAAABAAA
BAABBBBBBAB
AAAAAABBBBB
BABABBBBBBA
AAAAABABABB
AABAABBABBA
BAAAABBABBB
BAAABBAAABB
BABABAAAAAA
BAAABAABABA
AABAAABBBBB
AAAAAAAAAAA
BAAABABBBAB
AAABBAAABAB
AAAAAAABBAA
BAABAABAAAA
AABABBBBAAA
AABBBBABBAB
BAAAABAAAAA
BAABBAABBBA
BAABAABBAAB
BAABABAABBA
AABAAABBAAA
BABABABABBB
BABBABAAABB
AAABBBAABBA
BABABAAABBB
AABBAABBBBA
AABBBAABABA
BABBBBAAABA
AABAAAAABAB
AAAAABBBBBB
AABABAABABB
AAABAABAAAA
BAABBABABBB
BAABAABABAB
AAAABABBAAA
BAABAAAAAAB
BAAABBABAAB
BABAABAAAAA
AAAABABBBBA
BAAAAABAABA
BAAABAABAAB
AAAAAABABAA
AAAABBABABB
BAABBBBBBAA
AAABBAAAABA
AABBABABBAA
BAABBAABBAB
BAABAABBBBA
AABABABAABB
AAAAABBAABA
BAABBABAABB
BABAABABAAB
AABBAABBAAA
AAABBAABABA
AAABBABBABA
BABAABABBBB
AABABBAABBB
AABAAAABBBB
BABBBBAABBA
BABBBABBBBB
BABABBBAAAB
AAAABBBBBBB
AAABBBBBAAA
BABAABABABA
AAABABBBABA
AABAAABABBA
AAABAABAAAB
AABABBABBAA
AAABABABBAA
BAABBABAAAA
AABABABAAAB
BABABBABAAB
AABBAAAAABB
BABABABBBAA
BAAAABBBABA
BAAABAABAAA
BABAABBAAAA
AABABABBBAB
BABBBBABBBA
AABBABAAAAA
BAAABBABBAA
AABBAABBABB
BAAABBABBBB
AAABAAABBAB
AAAAABBBABB
AABBABABABA
BABAABAABAA
BAABBABBAAB
AAAAAAABBBA
AAABBBAABBB
AAABABBBBBA
AABABBBABAA
AAABBBBABAB
BAABBABBAAA
BAAAAABABBB
BABBABAABAB
BABABAABAAA
BAABABABBAA
BAABBABBBBA
AABAABBBABA
BAABBBBAAAA
AABBBBAAAAB
AAAAABBBBAA
AAAAABBBBBA
AAABBAAABBB
BABABBBAAAA
BABAAAABAAA
BAAABAAAAAB
BAABAAAABBA
BABABAAABBA
BAAAAABBAAB
BAAAAABBBBB
AAABAAABBBB
AAABBABBAAB
BAABABBBBAB
BAAABBAABAB
AABAABAABAA
AAAABBBABBA
BAAAABBABAB
BAABBAABBBB
BABBABAAABA
BABABABBAAB
BABABAAABAA
AABABAAAAAA
AABABAAABBB
AABABBBABBA
AABBAABABAA
AABABBAAABA
BABAAABAAAA
BABAABBBABA
BABAAAAAABB
BABABABBABA
AAABBABBBBA
AABAABBBBAA
BAABBBBAAAB
AABAABAAABB
AAAABBBABAB
AAABBBBAABB
AAAABABAAAB
AABBBAAAAAB
AABAABBBBAB
BAABBBAAAAA
AAAABBAABBA
BABBABBABAA
BAABABBAAAA
AABBABABAAA
AABBBABBBAA
AABBBBABAAA
AAAABABBABA
BAAAAABABAA
BAAAAABBAAA
AAABBBBABAA
BABBAAABBAA
AAABBABBBBB
AAAABAABAAB
AAABBBBAAAB
AAAABAAAABB
AABBAABAAAB
AABBAAAABAA
AABABBABAAB
AAABBABABAB
AABAAABABAA
AAAABBABBBB
AABBABBBABA
AABBBABBBAB
BABBBABBAAB
BABBBAAAAAB
BABBBBABABA
AAABBAABBAB
AABAAAAAABB
BABABABBBBB
BABABABAAAB
BAABBAAABBA
BABABBBAABB
BABBABABABB
AABABABAAAA
BAABABBABAA
AAAABABAABB
AAABAAAABAA
AAAABAAABBB
BABABABBBAB
AAAABBAABAB
AAABABAAAAA
AABABBABABA
BABAABBBBAB
BAAABBAAAAA
AAAABBABAAB
AABAAABBBAA
AABBBBBAAAA
BABBBABBBAB
BAABAABABBB
BABAAABBABB
AAAAABBABAB
BAAAABBAAAB
BAAAABBBBBB
AAAABAABBAA
AAABABABBBA
AAAAABAABAA
BABABBAABBB
BAABABABAAA
AAABAABBBBB
AABBBBBABAA
AABBBBAAABA
AAAAABABBBB
BABBBBAAAAA
AABBBAAAABB
BAAAAABAAAA
BAAABABABAB
BABBAABABAB
BAABBBAAABA
BAAAABBAAAA
BABAAABBBBA
AABBBBBABBB
AAAAAAAABAA
BABAABBBABB
BABABAAAABB
AAABBBBBBAA
BABAAABBBBB
AABABABABAB
BABBAAABAAA
AABBAAABBBB
BAAABAABBAB
AABAABAABBA
AAABBBBABBB
AABBABBBAAB
AABAAAABAAB
AAAAAABABAB
AAAABABABBA
AAAABABBABB
AAABBBBBBAB
BABBABBABBA
AABBAAAAABA
AAABBAABABB
AAAAAABBBAB
BABAABAABAB
AABAAABBABA
BAAABBBABBA
BAAAABBBAAA
BAABABAABBB
BAAAABBBBAA
AAAAABBBAAB
AAABAABBABA
AABAABBABBB
BABABBAABBA
BABAAAAAAAA
AAAAAABBABB
AABBAAAAAAB
AABBAABABBB
AAAABBAAAAA
AABBAABAABB
BAAABBABABA
BABBAABBAAA
BABABBABAAA
AAABABAABAA
AABABBBAAAB
AAABBBAAAAA
AABAABBBBBA
AAABAABABBA
AAAABAAAAAB
BABBABBAABA
BABABBBBABA
BAABBBAABAA
BAAAABBBABB
BAAABBAAAAB
AAABBBAABAB
BAAAAAAAAAB
BABBAAAABAB
AABBBAABBBA
AABBAAABBAB
BAAAAABBABB
AABAAAABBAA
BAABAABBAAA
AAABABBABBA
BAAAABBAABB
AAAABBABAAA
AABBAAABABB
BAAABABABBA
AAAABABBAAB
AABBABBABAB
BABBBAABBBB
BABBAABAAAA
BABABAABABA
AABAABABABA
AABABABBAAB
AABBABAAAAB
BAABBABABAB
AABBABABBBB
BAAAABAAAAB
BAAAAAAABAB
AABAAABABBB
BAABABABBAB
BAAAAAABBBA
AABBABBAAAB
BABABAABABB
BABBBAABABA
BAAABBBBAAB
AABABAABAAB
BAABAABABBA
AAABAAABAAA
BABAAABABBB
BAABABBBABA
BAAABBAABBA
BABBAABBAAB
AABAAAAAABA
BAAABAABBBB
BAAAABAAABB
BAAAAAAABBA
BAAAAABBABA
AABAABBABAA
BAAABABBABB
AAABBBABABA
BAABBBAAAAB
BAABBAAABBB
AAAABBBBBBA
AABAABABAAA
BABAAAABBAA
BABBBBABBAB
BABBABBBBAA
BAAAAAAAABA
BABBABABABA
BAABABBBBAA
AAABAABBBBA
AAAAABABAAB
BAABBAABAAB
BABAAAAAABA
AABABABBBBB
AAAAAABABBB
AABABBBBAAB
BAAABBAAABA
BABABAABBBA
AAAABABABAA
BAABAAABABB
BABBBAAABBB
BABABBBABAA
AAABAAABBAA
BABBABABBAB
AABBAAAABBA
AABBBBAAABB
BABAABBABAB
BABABBBABBB
BAABBABABBA
AAAABBBBBAA
AAABAAAAABB
BAABAAAAABA
AAAABBBBABA
AABABBBBBBB
BABBAAAABBA
AAAAABABBAA
BABABAAABAB
AAAABBBAABA
AAABBBABABB
BABABABBBBA
BAABBAAAAAA
BABBBBABBAA
AAABBAAAAAB
AAABABAABBB
BAABABBAABB
AABABBBAABB
AABABAABABA
BAAAABABBAA
AABAABBAAAB
AAABAAAAAAB
BABABAABBAA
BAAABAAAAAA
AABBBAAABAA
BAABBBABBBB
BAABAAAAABB
BAAAABAAABA
BABBAABAABA
AABBBBABBAA
AAABBBAABAA
AABBABABABB
AABABAAAABB
BAABAABAABB
BABABABABAB
BAAAAABBBAA
BABBAABBBAA
BAAABAAAABB
AABBBABBBBA
AAABBAABBBB
AAABBABAABA
AAABABBABBB
AAABBABBAAA
AAAAAABAABB
BABBBABAAAA
AABAAAABBBA
AAAAABABBBA
AABBBABBABB
BAABABAABAB
BAAAABBABBA
AAAAABABAAA
BABBBABBAAA
BAABAABBBBB
AAAAABBABBB
AABBBBAAAAA
BAABBBBBAAA
AABBBABBBBB
BABBBBAAABB
BABAAABABAA
BAABABBBBBB
BAABAAAABAB
AABBABBBBBB
AABBBAAABBA
BAAAABBBBAB
AABBBAAABAB
AAABAABAABB
BAAAABBBBBA
AABBAABABAB
AABBBAAABBB
AAAAAAABBAB
BAAABABABBB
BAABABBBABB
AAAAAABBABA
BAABBBBABBB
AABABAABBBB
AAABABBBBBB
AAABBAAAAAA
AAAABAABBBB
AAABAAABBBA
BABBABBAABB
AAABBABBBAA
BAABBBABBAA
AAABABAAAAB
AABBBABAABB
BABAABBABBB
AABBABAAABA
AAABBBAAABA
AABBAAAAAAA
BABBBAAABAA
BAABAABBBAA
