YES
LF
DN
FZ
ZK
EM
PR
WE
XG
QP
AH
DQ
HG
OQ
XU
VA
UM
YY
EV
RR
AJ
KY
CK
YS
RT
QY
YP
LX
NM
IE
WN
MK
OZ
HR
XR
MD
XE
TV
DV
TI
NQ
ZP
XA
KE
SM
ZD
ED
EK
XV
YX
OJ
JN
OK
SB
KD
GQ
DE
MA
AP
LE
WY
BH
AD
YH
EO
UA
XO
JG
RS
OP
PK
QU
CD
VY
YR
CB
ZT
DO
TK
LJ
BS
VG
UR
TD
MW
RN
MI
QS
KW
JO
NC
ER
HX
OO
EF
AS
VS
QB
QX
AO
NP
KL
WK
QT
RV
PM
HN
NO
HF
SN
EY
RU
RA
ST
FP
PL
SS
QF
EP
HQ
MC
YU
PZ
OM
SE
IM
BY
IW
QO
WX
PP
HE
DP
TH
PG
CC
FG
AI
GY
IR
VH
XH
FD
BL
NF
GZ
ZN
RE
FN
KF
WL
XY
MN
OG
AX
YT
UT
EA
NZ
HZ
CR
ZZ
YI
PD
DS
CE
LS
HY
LH
XB
WV
OH
JK
DZ
BV
KG
MB
JR
US
RM
QW
NS
MT
ZW
PJ
VT
CP
GW
UU
XW
ZJ
VW
OV
QJ
EU
XX
YV
UJ
JL
GL
LN
UY
XI
GH
NY
ET
OU
MR
QN
UW
YK
AY
TX
WM
OE
PS
VI
TL
RH
UB
YL
SR
ZR
LB
ZS
FJ
DJ
QC
WQ
AK
KX
AW
DA
UE
WJ
ZV
QI
EZ
XZ
IY
DB
KR
NN
NR
CT
CZ
KV
KU
BK
GO
RD
JY
PE
YW
DF
GF
UF
BD
WD
LQ
TU
EH
PH
FU
IG
QE
FO
JS
CA
PI
JW
KZ
MZ
YQ
BC
TA
LT
GE
HO
VO
NL
LY
MP
XC
EB
RB
BW
PW
BN
OT
EG
EJ
CN
FH
CF
AC
AN
VQ
YO
IV
QQ
MX
GA
MH
DM
WO
AB
FS
HL
HC
JB
IH
QA
OF
PQ
GP
UO
DL
YM
EC
ZC
SJ
FR
SV
FM
BJ
QZ
NI
MY
QL
VE
FB
KI
IQ
BP
UI
PC
VK
RY
PN
DK
WP
FQ
MF
CW
RQ
BG
IO
HD
ZM
ON
WA
SP
IS
PY
OB
BZ
OY
WG
WF
DG
DC
AV
OI
TS
PU
MO
GM
DR
UX
RG
EQ
FE
IF
WT
JA
RZ
LU
JE
UV
IB
ME
LA
LZ
KP
UH
IJ
GI
SG
UD
IZ
CG
VV
ZQ
ES
GU
HB
BM
TB
TZ
NK
OA
SW
JU
ZU
UL
JD
II
GG
XJ
VP
ZH
FV
DH
YB
TF
AT
KA
GR
AF
TE
QR
SZ
SX
BF
EL
ZG
LW
VB
IA
CV
VM
UC
SI
LM
DX
WC
SF
IN
KO
BT
PV
JQ
GK
SC
TQ
RI
SD
HH
IT
BU
CH
YA
LG
JT
EE
UP
NG
VC
CJ
IU
DW
SH
PX
OW
GB
KK
RW
ND
AM
QK
NV
SU
LV
SK
OL
QG
RO
WH
HM
XM
MQ
NE
CU
JJ
NA
DT
FY
WU
RX
VJ
PB
YZ
KN
SO
FK
PF
AR
JV
TM
EI
SA
CM
OX
YJ
OS
LL
LR
VL
CL
BR
NT
JP
TN
HS
LC
GD
DD
YF
IP
GN
GT
ID
IC
CX
VF
WI
TO
EX
DI
AG
YD
IK
MJ
OC
VR
UZ
CS
KM
VU
LD
KJ
YC
FI
RP
LI
UK
WZ
SY
HI
CY
NH
VZ
ZB
XQ
HV
CI
RK
ZL
EN
ZF
JF
NU
XP
TT
BI
PA
MU
TJ
AE
WW
TC
TR
BX
WB
FW
MV
BE
KH
PT
AQ
XN
FF
XS
JZ
GS
UQ
FL
QD
QV
ML
OD
LK
ZY
XD
QM
VD
HA
HW
PO
KS
MS
BA
RC
GV
SQ
JM
RF
AL
HP
ZI
VN
TY
FT
JI
HK
RL
YN
TW
JC
LP
CO
BQ
UG
ZO
BO
CQ
LO
KC
HU
AU
WR
ZX
VX
FC
BB
NW
IL
FA
UN
ZE
TP
GC
KB
KQ
SL
EW
NB
MM
WS
GX
GJ
JX
HT
QH
YG
XK
TG
HJ
AZ
DU
FX
NX
AA
NJ
JH
KT
XT
XF
OR
MG
IX
XL
RJ
DY
ZA
YE
