YES
MLH
YZD
GFA
LUA
JJD
ARJ
TKD
OGN
LCE
IHD
EXJ
LAB
NED
KAE
TXB
ISE
OYC
PCD
BLD
HHC
UWD
GKE
ZTH
RIC
VQA
BSD
FBK
VBH
SZA
IJB
NAC
HGB
RBN
QHO
TRK
MZA
OSC
SOB
UNA
UQA
JDM
JUF
TBB
GXA
ARF
GIF
CSA
EOD
CQF
EQF
GID
XAE
IVA
PKB
AAD
SCD
BWA
GDA
ICH
LOB
XCA
KTH
BLV
YNG
RZB
DDD
YLK
EOJ
FDA
VVC
TQA
BCC
GML
FHA
QNL
ZKH
MHE
NFC
ZAC
QIA
YYB
KDD
TRG
UNG
QMH
CBD
AJH
QTA
CRC
NEC
VBF
MQM
AUJ
IFD
IJE
MAA
WAA
TNH
QEA
MUH
XPA
WXD
XYL
UAF
AIE
PME
OQE
GDB
CFD
EFB
JQG
MHM
XSB
DLE
ANA
BBN
TGB
POI
ABC
PWB
KWE
ONE
EUA
SCE
VXH
JDI
QVH
FFT
LLI
YKS
NBH
ZVB
URF
OJD
OZC
ARD
WSP
ALE
OSB
KBN
HCN
VLF
XLA
EPA
KKE
LBE
GQA
XSK
DYL
PCE
GVJ
MUE
ZQE
IVL
HNF
UGN
RDC
CSE
YFB
KEB
OKE
ISH
HFM
HDC
ZCX
KJE
EHG
PVE
HCE
UGZ
BBF
ZAK
BYH
XDA
CKE
WLH
WPF
RPB
XJO
JXD
AKC
ZXA
KAH
ZZJ
QHL
WFJ
IPI
YUD
UJB
LRB
NTE
WXA
VWB
UNK
GQG
NYO
CZG
WOA
VQY
POM
QIB
WKC
ZFJ
HLA
DXE
HVE
JAJ
AWB
CEK
OWZ
ESI
IWB
VVV
GUD
TVD
RBF
BSB
IAD
JSA
KLW
YCB
VCA
HZB
ZLC
PYB
CIB
LBC
TWD
MIB
JSD
VED
ERC
DLF
EWC
JOM
LID
WNC
BLB
PJJ
SQB
VEC
FLC
OWL
BQV
ECC
OKB
UED
SSD
YWI
VPB
ISF
BAC
NKN
JPB
RHC
TAQ
WBI
YZF
NLD
IZG
KMA
ETI
ZME
ILB
HVJ
YHD
KJP
WOF
RVH
CNE
VPE
NDH
AUR
AVE
XVM
MRC
CHA
MBF
AYB
JAD
ZBG
OEH
TJD
BUC
YBC
QYK
SZC
STE
ECM
SLC
ZTL
RPC
EDD
GXJ
LAE
GQC
IEA
UWQ
PWE
QFE
TNB
RFA
WGO
AND
GYB
DGA
EBD
UUG
VIJ
CZE
FCN
CHC
ZNL
TNA
GGK
RMG
XYC
ABG
ZIF
YUA
FNA
MYC
EMH
CBF
BFA
CKA
QKA
DUF
FAA
FVI
CRG
IJP
FKM
WGT
DIA
ETE
KRL
IJW
MXF
QNJ
ONC
ICF
XIA
BNF
KJJ
OUC
OWC
USE
YUC
HPA
YIF
CPE
LUC
ZBE
KNN
YJF
TKC
KLE
ENA
WND
HFA
SIC
IVC
ZGE
XKA
YTE
HLB
LIH
AJB
RYG
EXD
RYD
PIH
CRQ
WJB
BBL
XZD
ZXD
BSC
SNN
AWG
BIA
ZFA
HUJ
PTA
YIO
SCF
SED
WYB
VQE
BAB
CNK
LHD
JWA
UNS
DBB
AKF
QXB
JZC
DEB
KRA
QWC
MJA
FBE
MXE
EEH
BPJ
ITF
JHB
VOM
CFB
EEA
IXA
XBN
TPD
JZE
HMA
DJA
KAK
MGC
AUV
QJA
EXF
TLF
PXA
JOB
DQB
TEA
HCC
VSE
JVF
TLJ
ZEA
JSC
VMB
JEJ
AKO
CWH
KUF
GAG
OTD
SID
AXG
HJG
BIO
HFN
ZQD
WLB
RHD
BGK
EXB
AUH
DZA
DRC
NKG
XRA
ZTI
LYM
NOL
CBE
XOL
IOB
CZD
KZU
TXH
SDC
XDH
YPA
CWD
TDQ
RLC
WWE
MIC
JLG
LLC
WGE
ZAB
VIC
EXN
CFJ
VUI
ZGD
OFC
CLI
LYJ
QZE
HJU
RCF
JOI
GUF
OTE
FZC
SHB
DBD
OCD
ZYB
JTD
HBF
AUF
XHB
SQA
CNA
KJF
EFM
OVI
QIL
RTD
HCA
UNB
EKD
JLB
QMS
NGC
FTH
RND
XEC
PHA
LTB
ZGF
IJH
AUU
PZI
QSF
VTH
RDA
SXC
IEJ
SEC
GUU
BKA
EHD
YHI
VOL
KXA
NUN
KQC
DDB
JPA
NKD
MQD
SDB
NNF
CRR
HKB
SXA
RGH
ZBB
PAF
GDD
BBH
UWB
WGC
CQE
LDB
HUL
CXA
PIG
HVC
ASL
MTL
RWC
PON
YYP
IXF
HRD
SNE
VOP
TAX
WOW
LLA
ITG
STA
HAW
LLF
CWR
BMA
MBN
OBN
FVH
SWE
QQF
NOA
FCA
GXC
EFE
EQD
RGB
SVB
TRD
SPD
OWH
XZF
TED
ZLB
VNA
ESB
ROA
OKA
YND
HPC
FXE
XJV
LMB
EGD
TID
GOC
VND
GUM
KMB
VVN
MTJ
TJG
NJD
UGD
YMD
CMC
IHA
EYB
WFB
KWJ
FRG
FUA
DYJ
YTW
BGA
YOJ
YBL
QDL
QRG
WCF
IHM
PIE
SND
RNC
ZSD
NDG
UWJ
MLJ
YHV
OLA
AHN
JOA
NLF
KHA
JBF
OSA
KPA
ASP
ERD
RYC
PBO
RGA
KTL
ZMF
IGA
QVL
TWH
NYF
UMC
JEB
DCC
MWB
ZKI
SCS
ALZ
GKB
QKF
BAD
PAX
KNB
ULC
TFC
WAB
LZC
DOE
MTH
MPJ
ERB
TNQ
SLA
RDE
MAG
UZC
MIA
KZK
HAB
RHL
ZNG
BFC
BHC
QLH
MEA
MMA
YTL
KOD
XKC
FVD
HGA
OJE
IPF
KJQ
PBA
TFI
LKA
ETA
KWL
OBK
JTA
ILH
ZMZ
HMH
DFA
KIC
LBD
NOJ
UEB
AGB
YMA
AXJ
JIJ
QHA
EWM
YBU
QVB
RDH
YZC
KZJ
FOL
YSM
AUA
BEC
INA
KKA
QKB
UTA
VHB
MVB
DIH
BEA
DYE
BBK
DUA
VOG
IRA
NZA
HJA
CTE
EAQ
NXA
IHB
UGK
GMC
APB
XTT
GXB
DNC
OVC
BTA
OCI
CWP
ZKC
JLA
PMC
OFL
JIB
MSB
OWJ
CPI
HNN
EGE
SBB
JRA
UKB
MFK
SSE
TIG
VBG
NUI
QNI
UZB
NTF
ZNF
LJF
WLJ
SFE
KVE
HUR
QDG
WLQ
ERA
XHD
EFN
DED
HPD
YLD
UEH
XAA
WZE
TOD
XJJ
SYE
QFC
SXE
YVD
XDR
WLG
AUM
ZHB
EOI
JCW
AHF
CCB
QAB
UIA
GGC
NTI
WYA
NND
KDG
GGI
GOA
JPG
STM
CCA
YYH
KZD
MQS
XOY
CTA
ZKE
MFG
DEL
ABE
UUE
HAE
PWG
DXG
HZD
EJA
PFA
ESA
DIB
PVB
YSB
MRF
WMJ
PTU
RCZ
QLB
BAI
NAA
SXB
YHG
ADI
QVG
HNU
XJK
FCC
JZB
DZE
RUQ
SSA
PLA
MRB
ZYC
LYN
RYF
JWB
FQQ
OGG
NBJ
OKN
XBH
NSA
AAE
WFE
LKB
SFB
TJN
ZLA
EKB
UEC
MWA
TJE
BQF
APH
EAD
GAE
TAB
MLA
BBC
OHB
RJB
XEA
QWD
MXD
MJB
RVB
CFE
PSB
BLL
YWP
BXF
VIF
PZJ
PWJ
KLK
DXC
UZI
DVE
ISA
TFL
AHH
PBG
GBC
OHA
KEM
JSG
KMF
APF
YHH
YIH
TDL
IWA
OIA
BOJ
SGC
ZSE
PTQ
VNW
IER
MQN
IXM
DPH
MQC
KWA
HNB
VKK
VBE
MQA
IHN
WKU
WSO
VNV
ADL
GCI
XAJ
KCM
FRH
TNK
YGB
UCH
HVF
PTR
KBE
RKA
NLC
PYI
PAA
CAB
EXX
QZD
YNB
HRB
BXH
JAI
QQB
OBH
UYE
XOH
SSH
GWA
MPB
BLE
UMA
KFM
EOL
ILF
WMF
BKB
CSF
YBW
LFC
AKN
VKR
ZXG
FOM
KNA
TDA
YIZ
STG
VGC
HVU
PEE
JMA
ETG
IBE
FLR
RWF
ADD
