YES
GAAT
UAAP
MABI
AAAX
TAAU
WAAW
JAAY
NAAG
SAAZ
PAAV
BAAA
ZAAE
VABE
HAAM
PABL
LABI
SABB
SABG
RAAT
TAAD
OAAX
XAAD
MABH
XAAA
ZAAP
IAAD
IABY
MAAB
YABA
OAAM
YAAQ
EAAP
QABB
IABQ
KAAL
EAAL
LABL
DAAS
AABM
VABC
KAAP
FAAH
WAAX
HAAB
EAAG
JABH
WAAS
EABG
AABS
VABA
KAAW
LABG
IABG
AAAA
EABF
OAAY
HAAQ
IAAH
AAAD
SAAT
XAAY
GABK
LAAX
SABC
CABH
ZAAS
DAAR
RAAW
MAAU
KAAR
SAAL
DAAE
JABK
LAAT
SAAA
AAAL
WAAE
IABP
AAAQ
VABR
IABD
AAAK
HAAC
DABJ
EABM
BABD
RABE
GAAL
DABK
YABG
VAAK
HAAK
EAAI
HAAA
VAAX
QAAS
YAAN
LABM
KAAU
PAAE
SAAY
MAAQ
PAAX
GABO
KABL
IACH
UAAL
OAAP
HAAU
PABA
RAAN
KAAQ
RAAD
UAAR
PAAG
UABE
MAAI
LAAS
DAAA
EAAQ
QAAF
PABQ
CABB
XAAJ
PAAI
IACC
JABL
KAAF
PAAQ
FAAX
EAAO
TAAS
NAAA
WABE
AAAG
YAAA
XAAO
AAAP
KABF
FAAY
GAAC
CAAK
WAAN
LAAO
QAAU
YAAO
TAAZ
PAAM
NAAZ
SAAQ
WAAM
DAAF
OAAT
VABO
MAAY
DAAJ
YAAK
UAAB
UAAG
KAAJ
BAAF
ZAAQ
CAAB
RAAV
KAAV
HABF
EAAA
OABU
EAAY
GAAG
JAAE
LAAC
KABC
EABR
VABM
PAAK
OAAV
IABR
LABO
QAAE
HAAJ
CAAC
FAAD
AABR
GABI
CABJ
PAAT
RAAE
IAAO
UAAA
FAAL
XABC
LAAD
XABB
AAAN
IAAB
GABF
JABP
BAAU
AAAE
RABA
OACA
VAAA
GABD
OAAN
NAAV
NAAD
OAAA
DAAW
LABA
CABF
JABD
AAAJ
SABE
KAAC
BAAO
CAAM
AABC
ZAAN
VAAN
BAAE
SAAW
EAAX
WAAL
AABO
IAAE
OAAB
LAAW
GAAX
DABR
UAAK
WABI
YABM
TAAV
UABF
XAAI
GABR
PABF
IABK
VABL
MAAZ
TAAK
PABK
IACD
EAAW
WAAJ
TABD
UAAI
CAAW
OAAF
WAAO
GAAF
CAAN
WABD
PABP
DAAU
KABO
DABQ
PAAD
AABI
VABQ
HAAH
GABQ
IABJ
MAAR
MABA
RAAK
PAAB
BABE
TAAC
FAAO
UABC
LABS
SAAR
SAAV
QAAA
WAAY
VAAQ
BAAB
VAAG
QAAC
OABM
MABB
AABE
QAAN
FAAV
QAAX
DAAT
MAAX
JAAQ
RABC
OAAJ
MABJ
KAAO
GAAO
ZAAZ
DABO
PABB
HAAT
BABN
GAAN
WAAR
RAAQ
VAAH
KABJ
JAAU
DAAV
YAAT
GAAW
DABF
YABH
SAAG
VAAP
FAAW
AABG
XAAX
MAAK
ZAAT
EAAR
IABM
QAAI
GAAJ
DAAM
NAAQ
LABK
IABF
QAAH
CABN
RAAL
CABD
IABE
HAAY
BABA
ZAAA
DAAN
CAAT
KABK
OABV
JAAV
QAAT
CABA
OABW
FAAI
EABP
PAAP
QABE
CAAQ
IABH
YABE
LAAM
DABI
FAAT
OABE
FAAB
TABE
EABU
YABF
BABM
SABA
AABB
UAAT
MAAC
UAAQ
PABO
XAAK
YAAE
AABQ
IABS
BAAI
MABK
QAAR
HAAV
LAAZ
LAAL
AABN
VABK
IABO
PABH
CAAO
VAAF
UAAV
EAAZ
CAAZ
PABR
RABF
CAAA
FAAF
MAAS
GABG
VABJ
SAAO
CABM
VAAT
YAAR
HABB
EABH
PAAL
GABC
HAAI
EABN
DAAQ
ZAAW
BABG
ZABB
XAAU
PABT
LABC
KAAG
EABO
HAAZ
NAAW
WAAT
PAAS
LAAJ
WAAV
MAAJ
ZAAB
QABA
LABH
GABA
ZAAI
TAAJ
WABF
JAAP
FAAQ
UAAS
YAAV
SABF
OABY
JAAI
DAAC
VAAV
GABH
TABH
LAAA
PAAN
YAAX
RAAJ
ZAAF
BAAV
IACG
YAAL
XAAR
SAAS
XAAH
SAAM
OAAO
DAAL
XAAC
BABH
DABE
EAAD
KABE
AAAI
SABJ
GAAZ
UAAZ
JABI
PABC
QAAV
VABI
RAAA
CAAS
NAAC
KAAI
NAAT
GAAP
OAAW
MAAV
WAAA
IABN
BAAT
VAAR
CABK
DABA
YAAM
LABR
OABS
PAAR
HAAW
WAAD
GAAA
BAAS
MAAF
TAAB
FAAE
DAAP
VACA
NABB
GABJ
YAAP
IABZ
OABN
EABK
RABD
VAAJ
HAAR
PAAC
RAAH
DAAZ
HABA
IAAP
KABI
BAAP
BAAZ
CAAL
VAAL
YAAJ
VAAU
DAAK
EAAF
JABE
HAAX
TAAG
MAAW
JAAJ
HAAP
QAAG
LABB
OABP
PABG
TAAA
FAAK
AABT
TABB
PAAH
NAAB
GABL
KABA
OAAZ
JAAN
IAAN
TAAO
NAAS
XAAB
LAAI
SAAD
QABC
ZAAK
CAAV
DABC
AAAR
IAAJ
KAAM
AAAW
WAAK
BABP
AAAH
JAAO
DAAG
RAAR
NABA
MAAO
SAAJ
HAAF
XAAM
GABN
OAAD
XAAT
FAAN
DAAO
NABC
MAAH
OABC
TAAN
IABL
GAAV
OABD
YABI
JAAH
UABA
YAAW
OABI
NAAO
EABC
MAAP
FAAJ
HAAD
SAAU
MAAA
VABH
HABD
DAAD
TAAI
WAAQ
NAAX
EABI
AABA
RAAI
YAAS
VABS
JAAD
GAAH
UAAX
LABJ
JAAZ
BAAC
GAAU
XAAW
AAAO
VAAW
LAAR
HABH
AABK
HAAL
OABJ
DABP
JABO
UAAU
UAAY
IAAA
DAAI
RAAG
TAAT
RAAU
OAAC
KAAE
GABP
SAAE
FAAU
CAAG
SABD
PAAU
YABK
AAAB
IAAG
KABH
JABM
FAAP
YAAZ
GAAE
YABD
NAAY
TABG
IACF
TAAP
AAAT
MAAG
QABD
FAAS
SABK
UAAN
BABF
CAAJ
PABD
WABH
MABC
MAAN
RAAC
QAAD
YABC
NAAE
QAAP
FAAA
AABD
QAAY
DABD
NAAR
CAAI
YABL
BABK
IAAI
XAAF
YAAC
KAAA
NAAI
JAAA
NAAH
ZAAL
CAAE
OABB
VABN
DAAX
VAAY
LAAE
ZAAX
KAAZ
OABT
BAAM
DABM
JABB
PABN
TAAQ
TAAW
GAAI
LABQ
OAAL
OAAK
YAAF
KAAN
TAAX
LABD
TAAH
TABF
YAAD
OACB
VAAM
IAAC
XAAQ
QAAL
SAAH
DAAY
LAAB
OACD
WAAB
OABQ
BAAJ
JAAB
OABR
SAAK
IACA
IABT
YAAH
OAAI
ZAAH
KABN
GAAM
JAAM
SAAF
XABD
PABJ
BAAD
YAAG
SABH
MABG
XABF
PAAF
TABA
JABJ
UAAE
RAAB
HABG
EAAH
GAAK
UAAF
GAAR
OAAR
XAAN
GAAQ
BABJ
FAAM
NAAM
EAAT
IABX
UAAM
VABP
ZABC
OAAE
QAAQ
MAAE
VAAS
LAAH
IACB
OABH
OAAG
WAAI
EAAS
EABQ
SAAX
ZAAU
YAAB
AAAF
TAAM
WABG
MAAT
WABA
OAAQ
UAAW
UABG
BAAK
WAAZ
KAAX
HAAO
WAAG
VAAO
DABG
JABC
SAAC
JABA
EAAE
IABV
IABU
YAAI
ZAAJ
CABC
RAAZ
CABG
JAAL
YABJ
KAAB
QAAM
VABD
LAAG
TAAY
JABN
PABE
SABI
OAAH
EAAK
CAAU
AAAS
CAAR
AABP
AAAZ
HAAN
XABA
CAAX
NAAF
UABD
XAAE
JAAT
OABO
HABE
QAAJ
EABT
XAAG
PAAZ
ZAAD
SAAB
LAAU
PAAA
JABF
QAAB
ZAAV
CAAF
WABB
SAAN
ZAAR
OABF
LAAP
OAAU
AABL
GAAS
RAAP
LAAV
UABB
BABL
OABL
EABS
KAAD
ZAAY
TABC
XAAS
BABI
LAAF
KABB
GABE
DABN
AAAM
PAAY
QAAK
IAAM
PABS
WABC
EAAC
AAAY
KAAS
HABC
CAAP
XABG
DABB
CABL
QAAO
MABD
RABB
JAAX
NAAJ
ZAAC
VAAB
CABI
LABN
AABJ
UAAO
IAAF
GAAD
CAAY
RAAY
DAAB
RAAF
FAAC
CAAH
BAAH
JAAF
AAAC
LABP
DAAH
YAAY
CABE
NAAP
WAAF
KABG
VABG
OABX
KAAK
PAAJ
XABE
LAAK
JAAK
AABF
BAAY
BABO
VAAD
SAAI
ZAAO
EAAN
XAAL
KAAT
NAAN
PABI
IAAK
LABE
ZAAG
EABJ
PABM
XAAP
OACC
WABJ
OABK
JAAC
WAAP
JABG
MAAL
YABB
EAAJ
XAAV
BABB
KABM
FAAZ
BAAR
JAAG
VAAZ
YAAU
KAAH
MABE
TAAL
BAAG
OABZ
UAAH
LABF
UAAJ
EAAU
SAAP
ZABA
VABF
WAAH
VAAC
LAAY
MABF
ZAAM
RAAX
FAAR
BAAW
IABW
MAAD
BABC
AABH
UAAD
GAAB
AAAV
VAAI
PAAO
MAAM
IAAL
HAAS
KABD
EABB
LAAQ
EAAB
BAAN
VABB
DABH
PAAW
RAAS
JAAS
QAAW
WAAU
TAAR
OABA
BAAQ
IACE
VAAE
LAAN
GABB
OAAS
KAAY
UAAC
NAAU
BAAL
WAAC
CAAD
EABL
IABI
TAAF
EAAV
GABM
FAAG
AAAU
DABL
OABG
GAAY
