YES
AABABABBAB
ABAAAABAAA
BBABBBAABB
ABBBABBBBA
BABBABABBB
BBAAAABBAB
BAAABBBBBB
BBABAAABBB
AAAABBABAB
BBBABABBAA
ABAABABAAB
BBBBABAABA
ABBAAABBAA
BABBBAAAAA
ABBBAABAAB
AAAABBABBA
ABABABABBB
AAAAABAABA
BBAAAAAAAA
BBABBBAAAB
BABBBABAAA
BAABBABAAA
ABABBABBAB
ABBBABBBBB
BBABAAAABA
BAAABABABA
AAAABABAAA
BBAAABAAAB
BAABAAABAB
AABABABAAA
BBBAABBBAB
BBBAAAAAAA
AABBBABBBA
AAABAAAABA
ABABAAAAAA
BBABBABBAB
ABBBAAABAB
BBBBBAABBB
BBABBABBAA
BAABBAAABB
ABBBAAAABA
BBBBBAABBA
AABAAAABBB
AABBAAAABB
BAABBABBAB
BBAAABBBAA
AABBBAAAAB
BABABAAAAB
BAAAAAABBB
BBBABABAAA
ABABBABABA
BBAAABBBBA
BABBABBABA
BABAABAABA
BBABAAABBA
ABBABBABAA
BAAABAAAAB
ABBBBABBBB
ABBBAAABAA
ABBBBBABBA
BABAABBBBA
AABAABABBA
ABBAABABAB
BBABBAABAB
ABAAAABABA
AABBAABABB
BBBABBBABB
ABBBABABBA
BAABABABBB
AABBBABBAB
BBAABAAABA
BBBAAABABB
AAAABABBAB
ABBBAABBBB
AABABABBBB
BABAABBBAA
ABAAABBABA
ABAAAABBBB
BABBABABBA
BABABABABB
BBAAABBBAB
ABAABBAAAA
BBAABAABBB
ABBBABBABB
AABBBABABA
BBBABABAAB
BAABBABABA
BBBBBABBAA
ABAABBBABB
BBBAABBBBB
ABAABAAAAA
AAAAABBBAA
BBABAABBAB
ABBABAABAB
BBBAABAAAB
ABBBABABBB
BAAAAAAABB
ABABAABAAA
ABBBBAAAAB
AAABABAABB
ABAAAABBAA
ABABBBBABB
ABAAABAABA
BBBBAABABB
ABABBBABBB
AAAAAABBAA
BAAAAABBAA
BABAABABAB
AAABABAAAB
BBABBAAAAB
BBBABBABBB
ABABBAAAAA
BBABAAAABB
ABAABBABAB
BBABBBBBBB
ABABABBAAB
BABBABBBAA
ABABAABBBA
ABBBBAABAB
BBBAAAABBA
ABABABBABA
BBBABABABB
BBABAAAAAB
BABBBBBBBB
AAAAAABBBB
BABBABAABB
BAABBBAABB
BABBBAAABA
BABBBABABB
BAABAABBAA
BABABABABA
ABBBBBAABA
BBABAABABB
BBABBAAABB
BBABBBBBAB
BBBBABAAAA
BABBAABAAB
BABBAABBBA
ABBABAAABB
AABABBBABB
AAAAABAAAB
BBAAABBABA
BABAAAAAAB
ABBABBBABA
AABABBBBBA
BBBAABAABA
BABABBBABB
BBABBAABBB
AAABBAABAA
BAAABBABBA
BAAABBBBBA
BBBAABABBB
AAABBBBBAA
ABBBBABAAA
ABBABBBABB
AAAAABABAA
AABAAABBAA
AABABBAAAB
BAABAABBAB
ABBAABAAAB
BBABABABAA
BBBBBABAAA
AABBBBBABB
BABABAAABA
BABABABAAA
BBAAABAABA
AABBBBBBAB
BBBABAAABB
BBAABABBAB
BBBBBAAAAB
AABAABAABB
AAABABABAB
AABAABBBBA
ABBABBAABB
BBABABBBBB
ABABBABBAA
AAAAABBABA
BABBBBBAAB
BBAABAAAAB
BAABBAABAB
BBBABBABAA
AABAABAABA
ABBABABABA
AAAAAABABA
AABAABABAB
BBAAABABAB
AAABABBBBB
BBBAAAABAA
BAABBBBABA
ABAAAAAABA
BAABBBAABA
BABABBBBAA
ABABBBBBAA
AABAAAAABA
AABABBABAA
BBAABAABAB
AAABAABABB
BABBBABABA
BBAAABABBB
AABBABBBAA
AABAAAAAAA
BABBBBBBAB
BBABBAAABA
ABAABBABAA
ABABBBAABA
BABBAAAAAB
ABBABABBBB
BAAAABBBAA
BAAAAAAAAB
BBBABBAAAA
ABABBBBAAB
ABAABBAAAB
AAAAAAABAA
BABABBAAAB
ABBAABBBBB
BABBABABAB
BBABBBABAB
BAAABBAAAA
BAAABAABAB
ABABAABABA
BABAABAAAA
BABAABABBB
BBBABBBBAA
ABABAAABAB
AAABABABAA
BABAAABAAB
BAABAAABAA
AABBAABBAA
ABBAAABAAB
BBABBBBABB
AAAAABBAAA
BABBAAABBB
ABBAAAAAAB
AABBABABAB
AAABBBAAAA
AAAAABAABB
BABAAABABA
AAABBAABAB
ABBABAAABA
BBAABABABA
AAAABABBBB
AABBAABBAB
BBBABABBAB
BABBBBAABA
BBABAAABAA
ABABBBAAAB
AAABBBAABB
AABABAABBB
AABBBBAAAB
BABABAABAB
AAAABABBBA
BAABBBAAAB
BBBBABABBA
BBABABBABA
AAAABAABBB
ABBAABAABA
BBBBBAAABB
BABABBABAB
ABAAABBAAA
ABAAABBAAB
AAAABAAABB
BBABAABAAB
BBAABAAABB
BBBBBAABAB
ABABAABABB
ABABABABAA
ABBAABBAAA
AAAABAAABA
AABABAABBA
ABAAABABBB
BBBABABBBA
BAAABABBAA
BABABBABBB
AABBAABBBB
AABAAAABAA
AAABABBABB
BBABBBBBAA
BABABAABBA
ABBABABAAB
BABABABAAB
ABBBABABAA
BAABBABAAB
BBBABABBBB
AAAABBABBB
AABBABBBBA
BAAAABAAAA
AABBBAAABA
AABBAABBBA
AABBAAABBA
BBBBAABABA
BABBABBAAA
BABBBABAAB
BAABBAAAAA
ABAAAAAABB
ABAAAAAAAB
AAABBABAAA
ABBBABBBAB
BAAABBAAAB
BABBAAAABB
ABABBAABBB
BBBAAAABAB
ABABABABBA
AABABBAAAA
ABBAAAAABB
ABABABBABB
AAABABBBAB
AAAABBAAAB
BBBBABAAAB
BBBABABABA
BBBBAAABAB
AABBABAAAA
ABBAABAABB
AAABAAAAAA
BBBAABBABB
BAABABBBAA
AAAABBAABB
AAABBBBBBA
BAAAAABAAA
BAABBBABAB
BBABABBBAB
AAAABBBBBB
AABAAAAABB
BABAABBAAA
BABAAAABAB
ABABAAABBB
AABBABBABB
AAABABBBBA
BBAAAAABBB
BABBBBBABB
AAABAABAAB
BBAABBAAAB
BABBBAABBA
AABAABBBAB
BABAABBAAB
BBBABBABBA
BBABBAAAAA
AABBBABAAB
BABBAABBBB
BBAAABBABB
ABBBABAAAA
AABBBABABB
BBBAAABBBA
BBBABAAAAB
AAAAABABBA
AABBBBAABA
BABBBBABAA
BAAAABAABB
BAABBBBAAA
BBBBABBBAB
ABABBBABAB
BABABABBAA
ABBBAAAAAB
BBBBBAABAA
BBBBBABABB
BBABBBBAAA
BABBBABBAA
AAAABBABAA
BBBAAAABBB
BABAAABAAA
AAAABABABA
BBBABBBBAB
AABBBBBABA
BABBABAAAB
BAABABBAAA
AAAAABBBBA
BBBAABBBAA
AAABABBABA
ABBABBAAAB
BAAABAABAA
AAAAAAABAB
BABAAAAAAA
AABABAAABB
BABABAABAA
BBAAAABBAA
BAABBBABBA
ABBABAABBA
ABBBBAAAAA
BAABAABABB
AABBAAABAB
AABAABBAAB
AAAABBBBAB
BABBABBBAB
AAABBBBBBB
ABAABBBBBB
AAABBABABB
AABABBBBAB
AAABAAABBA
BBABBAABBA
BABABAAAAA
ABBBABBBAA
BABABBABBA
ABBAAABBAB
BBABABBAAA
BAAAABABBB
BBAAABBAAA
BBBABBBBBA
BABBAABAAA
BAABAABBBB
BABBBAABAB
BAAAABBBAB
BABABABBBA
AAAAAAAAAB
BBAAAABAAA
BAAABAAABA
AABBAABABA
ABABABBBAA
ABABBBBAAA
BAAAAAABAA
ABBBAAAAAA
AAABABBAAB
BAABBAAABA
ABAABABBBA
AAABBABBBA
BBAABABBBA
ABAABBBBAB
BAABBABBBA
AAAAABBABB
BBBAABBBBA
AAABBABABA
ABBBABBAAB
BAABABABAA
BABBBABBAB
BABAAABABB
ABABABBBAB
BABABAABBB
BBABABABBA
BAABAAABBA
ABAABAABBA
ABABAABBAA
AAABBAAABB
AAABBBABBB
BAABBBBBBB
AABAAABBBA
ABAABBABBA
BABABAAABB
AAAABBBBBA
ABBABBABAB
BAABAABABA
AABBBBABBA
AABBAABAAB
ABABBBBBBB
BBAAAABABB
AAABABABBA
ABBABBBBAA
BABBABBAAB
BABBBBAABB
BABBBBBABA
BBABAABBBB
BABAAABBBA
BAAAAABAAB
BAABABBBBA
ABAABBBAAB
BBABABBBAA
BAABBBABAA
ABAABBBBBA
AABBAAABBB
BAAABBBBAA
BBAABBBBAA
BABBABABAA
BBBBABBABB
AABBABAABB
ABABBAABAA
AABBBBBAAA
ABABBABAAA
BBABBBABAA
ABABAAABAA
AAABBBBABA
ABAAABAAAA
BAABBBBABB
ABAAABAAAB
ABAABBAABB
ABBAABBABA
AAABABAABA
BBABAABBAA
AAABBAABBA
BBABBABBBA
BBAABBBBAB
ABBABBAAAA
BBBABAAAAA
ABABBBBBAB
ABBBBBAABB
BBBBAAAAAA
AABAAAABBA
ABBAABBBAB
BAAAABBBBA
AABAAABABB
BBAABAAAAA
BBBAABABBA
ABBAABABBA
AABAAAAAAB
ABAABABBBB
ABBBAAABBB
BAABBBBBAA
BAABABAABA
ABABABABAB
ABBAAAAABA
BBAAABAAAA
BBBBBAAAAA
BBBBAABBAA
BAAABABAAA
AABBBABBAA
ABABABBAAA
BBAAAAAAAB
AABABBABBA
BBBBABABBB
BBBAAABABA
ABBBBAABBA
BBBABAAABA
BABBBBBAAA
BABABBBBBB
BBAABBABBB
BABBBBAAAA
ABABAAAABA
BABABBBBAB
BBBAAAAAAB
ABAABBAABA
BABBBAABBB
BAAABBBAAB
ABBABBBBBA
ABBBBAAABB
BABABBAABA
ABBAABBBBA
BBABBABABB
BBAABBBBBA
BBBAAABBAA
BAABABBABB
ABAABBBAAA
BABAABBBBB
ABAABBBBAA
AAAAAAABBA
BABBBBABBA
ABBAAABAAA
BBABABBAAB
ABBAABBAAB
BBAABBAABB
BBABABAAAB
BABBABAABA
AAAAAAAABB
BBABBBBAAB
ABAABAABAB
BAABBBABBB
AAAABAABAB
BBAABABABB
AABBABBBBB
ABBBBBAAAB
BAABBAAAAB
AABBBAAAAA
AAAAAABBAB
ABBAAABBBA
BBBBABAABB
AAAAABAAAA
ABBAAAAAAA
BBAABAABBA
BAABABAAAA
ABABABBBBA
AAABBBBBAB
BAABABBABA
AAABAAAABB
BBBAABBAAB
ABBAAABABA
ABBABAABAA
BAABAAAAAA
BABABABBBB
AAAABABAAB
BBBABBBABA
BBABABABBB
AAABBAAAAB
ABABAAAAAB
BBABBABAAB
AAAAABABBB
AAABABBBAA
AAAAAABBBA
BABABBABAA
BBABAAAAAA
ABBABBBAAA
BAAABABBBA
BBBABBAAAB
BABBAAABAA
AAABAABBBA
BBAAAAAABA
ABBBBBABAA
AABABBAABA
ABBBABAABB
ABBBBABBAA
BBBBABBAAA
BBAABABAAA
BAABBBBAAB
BBBABBAABB
ABABAABBAB
BBBABBAABA
AAABAABBAB
ABBBAAAABB
BAABAAAABA
ABAAABBBAA
BABABBBBBA
BABBAAAABA
AABBBABBBB
BABABBAAAA
BAAAABBABB
ABBBABBABA
BABAAAAABA
AAABBABBAA
BAAAAABBAB
ABAAABABAB
ABBBBABBAB
AABABABABB
ABBAAABABB
BABBBBABBB
ABAAABAABB
BAABBBBBBA
ABAAAABABB
BAAAAABBBA
ABBBABABAB
BBBAAABAAA
ABAAAABAAB
BABBBBAAAB
BAABBAABAA
AABBAABAAA
ABBAABABBB
ABABBBABAA
BABABBBABA
AABBBAABBB
ABBAABAAAA
AABABBBABA
ABABBABBBA
AABBAAAABA
BBABABBABB
ABAABBBABA
BABABBBAAB
ABAAAAABBA
AABBBBBBBA
BABAAAABAA
BBAABBBABB
ABBBBBABAB
BBAABABBBB
AAABBBABBA
BBAAAAABBA
ABABBBBABA
AAABBAABBB
AAABABAAAA
BAAABBAABB
AABAAABBAB
AAABAABBBB
AABABAAAAB
BAAABABBBB
AABAABBBBB
ABABBAABAB
BBABBBAAAA
BAAABAABBB
ABBABABBBA
ABABBAABBA
AABAABAAAB
AAAABAAAAA
BBBABAABAB
ABABABBBBB
ABABABAABA
AABABBBAAB
AABABBABAB
BBBBAAAABA
BAAAAAAABA
ABABABAAAA
BAAABBABAA
AABBABAABA
AABAAABBBB
AAABBBABAB
ABBBBAAABA
AAAAAAABBB
BBAABBBAAA
BBBABAABAA
BBBBAABAAA
BABAAABBBB
BABAABABAA
ABAABABABB
BBBAABBABA
AAABBBABAA
ABAAAAABBB
BABBAABBAA
AAABAABBAA
ABAABABABA
BBBBABABAB
BBABBABAAA
BBABABAAAA
AABBBBAABB
BBAAAABABA
AAAABAAAAB
ABBABBABBB
BBAAAABAAB
BBBAABABAB
AABABAAABA
BAAABAAABB
ABAAABBBBA
ABBABBBBBB
AAAAAABAAA
AABABABBAA
BAABABABAB
BAABAAABBB
BBBAAABBAB
BABAAABBAA
BABBBBABAB
ABABBAAABB
AABABBBBAA
BBAAAAABAB
BABAABBABB
BBABAABABA
AAABAAABAB
AAABAAABBB
BAABBAABBB
BBBAABAAAA
BBBABBABAB
AABBAAAAAB
BBBAAAAABA
ABBBABAABA
AAAABABBAA
AABAAAABAB
ABBAAAABBA
AABBBAABAB
BAAABBAABA
BABAABAAAB
BBAABBABAB
AAABBAAABA
BBBBBABBAB
AABABABABA
BBAAABAABB
AABAABAAAA
ABBABABABB
BBABBBAABA
ABBBBBBAAA
AABAABBAAA
BBABABBBBA
BBBAAABAAB
ABBBBAABAA
BABBAABABB
ABAAAABBBA
ABBABAABBB
BABBAAABAB
BAAAABBBBB
BAAABBBABB
AAAAAAAAAA
AAABBBBAAA
AAABBBAAAB
BBAABBBABA
BBAAAAAABB
BABBBAAAAB
BABBAAAAAA
BAABAABBBA
BABBBABBBB
AAAAABABAB
BBABBABBBB
BAABABBBAB
ABABBBBBBA
ABAABAABAA
ABABBABABB
AAAAAABAAB
ABAAABBBAB
BAAABBBBAB
ABAABAAAAB
BBAABBABAA
BABAAAAABB
BAAAABAABA
BAABABBBBB
BAAAABABAA
BBBABBBBBB
BAAAABABAB
BABAABBBAB
BBABBBBABA
AABAABBABA
AAAAABBBBB
ABAABAAABB
AABBABABBB
AABBBAABBA
BBABAABAAA
AAAAAAAABA
BBBBBABAAB
ABABAAABBA
BBAABABAAB
AABAAABAAA
AAABBBAABA
ABBABBBBAB
AAABBBBAAB
AABAABABBB
BBABAAABAB
BBBABAABBB
BBBBAAABBA
ABAAABABBA
BAAABBBAAA
AABBABBBAB
BBBAAAAABB
ABAAABBABB
ABBAABBBAA
AABBBBBAAB
BABAABAABB
ABAABAAABA
ABABBAAAAB
AAAABBBABB
ABAABABAAA
BAAAAABABB
BAABBBAAAA
BAABAABAAA
BBAABBBBBB
BBBBABBBBA
AABBBAAABB
BAAAABAAAB
ABABABAABB
ABABBBAAAA
AAAAABBBAB
ABBBABBAAA
ABAAABABAA
ABBBBABABB
AAAABBBBAA
ABABBABBBB
BBAAABBBBB
BBBBAABAAB
AAABAABABA
BABAABBABA
BAAABAABBA
ABABABAAAB
AAABBABBAB
BBAAAABBBB
AABBABAAAB
AABBABBAAB
ABAABABBAB
BBBBABBBAA
ABBBAABAAA
ABABBABAAB
BBBBABBAAB
ABBABABBAB
ABABAABAAB
BABBABBBBA
BBBABBBAAB
BABAABABBA
BBBABBBAAA
AAAAABBAAB
ABABBBABBA
ABBBAABBAA
BBBBAAABBB
AAAAAABABB
BBABABAABA
BABBBABBBA
BAAABABAAB
ABBAAAABAA
BBBABAABBA
AAAABABABB
BBBBABABAA
AAABABABBB
BBAAABABBA
BBAAAABBBA
BAAABBABAB
BABABBAABB
BBAABBAAAA
ABBABABAAA
BAAABABABB
BAABBAABBA
AABBAAABAA
ABBAABABAA
ABABBBAABB
ABBBAABBBA
ABBABAAAAB
BABAAABBAB
BBBAABAABB
AABBBBAAAA
BAABBABABB
AABBBBBBBB
ABBBBAABBB
BAAAABBAAA
BBBBAABBAB
AABBBBABAA
ABBABBBAAB
BAAABABBAB
BAABABAABB
BBABBBABBA
BBAABAABAA
ABABAABBBB
BAABABAAAB
BAAAAAAAAA
ABBABABBAA
ABBAAAABBB
BABBABAAAA
BABBBAAABB
BABBBBBBBA
BAAAAAABBA
AAABBABAAB
BAAAABABBA
BABAAAABBB
AABBABABAA
ABBBAAABBA
BABBABBBBB
BBAABBBAAB
BAABBABBBB
BBBBAAAABB
BABAAAABBA
ABAABABBAA
AABBABBABA
ABBABBABBA
AABAABBABB
ABBABAAAAA
ABBBBBABBB
AABABAAAAA
BAAAAAABAB
AABABABAAB
AABBBAABAA
AAABAAABAA
BAABBBBBAB
BAAAABBAAB
BAAABBBABA
AABBBBBBAA
AABABBAABB
ABBBABAAAB
BBABABABAB
BBBBBABBBA
BBBBBAAABA
AABABBABBB
BBABAABBBA
AAAABBBAAA
BABBBAABAA
BBBBBABABA
AABBBBABBB
BBAABBAABA
AAABBAAAAA
AAAABBBABA
ABBBAABBAB
AAAABBBAAB
ABABBAAABA
ABBAAABBBB
BBABBBBBBA
AABBBABAAA
AABABABBBA
AABABBBBBB
BBBBAABBBA
AABBABBAAA
BABABBBAAA
ABBBBABABA
AABAAABAAB
ABAAABBBBB
BAAAABBABA
BABBAAABBA
AABAABBBAA
BBABBBABBB
ABBBAABABA
BABBABBABB
AAAABAABAA
BBBAABBAAA
AABABAABAA
AABAAABABA
ABAABBABBB
ABBABBAABA
AAAABAABBA
BBAABBABBA
BBABABAABB
AAAABBAAAA
BAABABABBA
BBBBAAABAA
ABAAAAABAA
AAAABBAABA
BBBBAABBBB
AABBBBABAB
BABBBBBBAA
ABBBBABAAB
ABABAAAABB
BBABBABABA
ABBAAAABAB
BBABBAABAA
ABBBBABBBA
AABABAABAB
BAABAABAAB
AAABAABAAA
BAABAAAAAB
BBBBABBBBB
ABAAAAABAB
AAABBBBABB
BBBAABABAA
ABAAAAAAAA
BBAAAAABAA
BABBAABBAB
BAABBABBAA
BBAABABBAA
BBAAABBAAB
BAABABBAAB
BBBBABBABA
AAABAAAAAB
BAAAAABABA
AABBAAAAAA
AAABABBAAA
AABAABABAA
BABBAABABA
BABABABBAB
AABBABABBA
BAAAAABBBB
ABBBAABABB
ABBAABBABB
AABABBBAAA
BBBBAAAAAB
ABAAAABBAB
ABBBBBAAAA
AAABBABBBB
ABAABAABBB
BBAAABABAA
BAAABAAAAA
BAABAAAABB
BAAABBABBB
BBBAAABBBB
