YES
IAAJ
TABG
ZABF
TAAS
ZAAF
OAAF
HAAB
PABF
UAAI
JAAG
YADR
FABE
VAAL
VAAM
SAAT
VAAQ
RAAB
CAAE
OAAG
TAAF
FABP
VAAV
XAAM
SAAQ
SABH
GABF
JAAX
MABC
DAAY
QABW
ZAAI
DAAZ
OAAK
QAAG
WABJ
IAAT
UAAJ
WABE
RAAQ
FABD
IAAK
NABI
CAAI
IAAU
LAAZ
OABC
YAAD
XAAO
PAAU
UABH
UAAY
CAAT
TAAY
ZABH
DAAO
MAAU
ZAAR
JABJ
NAAE
EABF
FABF
TABD
VABR
MAAQ
YAEI
GABM
GACB
MAAG
BAAD
DABM
CABE
KABQ
WABC
IAAR
SAAI
QAAI
MAAY
LABB
GACE
QABJ
QAAL
BABF
KAAY
ZAAA
TABE
DAAM
XABI
MABA
UABD
FABM
DAAB
AAAL
AABK
BABI
OAAS
IAAZ
BAAR
VABU
CAAX
AAAN
VABQ
MABL
JAAD
EAAL
XAAS
MAAL
ZABL
WAAB
FABJ
IAAW
DAAA
EAAG
FAAL
QABQ
KAAX
RABO
MAAT
JABN
FAAH
OAAB
PAAJ
GABO
CABI
SABA
VABA
EAAA
LAAR
QABZ
RABM
LABC
WABK
RAAF
AAAW
ZABQ
BAAY
JABF
ZABG
NAAF
SAAC
UABI
PAAN
KABD
GACC
WAAE
VAAU
DAAL
TAAC
ZAAJ
DAAK
BAAN
NABY
YAAL
JAAS
GAAF
HAAH
KAAO
NABQ
OAAA
XAAT
AAAI
GABI
TAAT
BABE
HAAO
SABF
RAAD
MAAM
XAAZ
IAAE
NAAK
OAAR
AABG
YAEA
PAAH
ZABK
YAEL
XAAF
CABG
UAAD
TABC
VAAS
UAAV
DAAR
PAAG
YADT
KAAS
KABJ
NABZ
AABN
QABV
AABA
UAAK
LABG
IAAL
WAAZ
FAAO
TAAG
SAAO
UAAO
VAAT
FABH
CAAQ
ZAAG
DABI
OAAE
DAAJ
MAAB
NAAS
DAAI
RAAJ
SAAB
QABN
KAAN
AAAS
RAAP
SAAW
MAAZ
AABM
EAAI
BAAS
IAAS
FABI
QAAN
LAAJ
SABN
ZAAS
CAAU
AAAT
QABC
LAAI
SAAG
VAAK
FAAA
SAAJ
YADU
JAAA
KAAP
KAAA
JABB
HABB
EAAW
BAAZ
MAAW
NAAL
FAAF
LAAO
NAAR
JAAR
MABI
XAAW
QABS
VAAD
EAAT
JAAC
CAAJ
EAAO
YAEE
DAAE
NAAY
VAAO
TAAZ
CABF
LAAF
JABD
BAAI
NAAA
WAAV
SAAR
TAAX
YAEH
QAAF
UAAE
PAAC
AAAM
PAAA
LAAB
DAAH
WAAH
WAAM
BAAE
QAAQ
FAAC
UABF
VAAB
TAAU
YAAE
JAAL
LABH
KAAM
PABB
DABO
WABB
GABK
LAAE
AABE
SABO
EAAV
MAAF
QAAA
HAAN
LABE
DAAN
RABQ
UABA
FABR
MABF
DAAF
PAAB
CABA
ZAAP
UAAC
YADS
AAAO
AAAF
PABE
TABH
PAAY
DABC
FAAT
BAAH
UAAW
VAAZ
GAAC
AAAJ
BABB
ZAAM
EAAJ
BABN
VAAF
IAAX
LAAL
RABK
KABK
UAAS
IAAQ
VAAW
FABG
RABG
XAAX
IAAV
GAAA
OABI
TAAR
RABP
XABC
EAAE
AAAP
JAAO
AAAV
TAAP
HAAY
LAAQ
BAAU
YAAG
TAAB
LAAH
IAAM
AABJ
FAAP
YADV
JAAK
UABJ
ZABE
DAAW
CABC
PAAL
UAAM
HAAL
TAAV
BABD
IAAB
NAAP
BABC
GACD
CABH
JABO
PAAR
JABL
IAAY
ZABP
WAAR
BAAT
IAAH
EAAH
IABD
XAAR
OAAD
BABA
AAAK
NABM
QABX
VABE
CAAN
PAAZ
ZAAN
XAAN
DAAG
TAAN
JABG
YAEK
NAAN
JABE
MAAV
DABG
IABF
LAAD
ZAAY
VABI
HAAQ
YAAK
BAAG
QAAK
AABH
LAAK
BAAF
FABU
MAAR
QABU
QABI
PAAV
RAAS
KAAV
EABB
GABB
RAAI
OAAX
DABJ
LAAX
FAAU
XABE
JAAN
RAAH
KABA
WABF
DABA
DABB
KAAW
CAAG
XAAA
JABP
LABD
KAAJ
NAAO
YADW
EAAU
VABD
QABM
UAAA
VABS
PAAT
BAAQ
KAAC
QAAD
HAAA
FAAZ
KABS
HAAC
GACH
VAAH
EAAF
RABD
NABH
ZAAQ
FABQ
NAAT
HAAR
XABH
RAAZ
UAAP
MAAK
JABI
IAAI
JAAB
UAAF
EAAB
CAAO
TAAK
SABC
DABR
CAAA
IAAN
NABW
FAAW
UAAN
FAAB
DABS
EAAS
KAAL
SABE
KAAH
FAAV
AAAC
XABD
IAAP
DAAU
BAAB
FAAE
RABI
XAAG
WAAT
OAAJ
YAAB
FAAY
DABN
QABF
VABP
ZAAZ
DABE
VAAJ
MABN
NAAW
RABA
LABF
WABI
MAAS
JAAH
HAAM
HABE
NABP
XAAK
YAEC
VAAP
VAAG
FAAS
RAAY
NABJ
UAAH
PABD
GACA
KABP
IAAF
EAAK
YAEG
OAAM
NABB
JAAM
CAAZ
IABE
SAAX
ZAAK
KAAT
GACG
AABO
KABF
NAAI
DABH
TABA
FABK
OAAZ
AAAQ
CAAM
AAAZ
RABH
NAAH
TAAH
JAAI
DABU
QABT
NABC
ZAAT
OABH
JAAJ
PABA
RAAL
PAAO
SAAZ
SABP
SABD
VABJ
WAAU
EAAY
CAAF
EAAQ
XAAV
ZABB
ZAAE
OAAC
VABV
VAAR
NABK
KABC
TAAW
MAAA
SAAP
RAAX
UAAZ
NAAG
MABE
UAAT
OAAY
TAAE
KABO
RABL
IABA
QAAB
VABT
KABE
SAAD
VABH
NABG
VAAI
VABC
OABA
DAAD
CAAK
WABD
VABF
SABM
RABF
BAAK
DABD
QABB
AAAB
UABG
GAAD
FAAN
FAAQ
QAAO
SAAM
NAAX
SAAH
ZAAC
YADY
XABF
MAAP
YAEF
CAAD
GABE
QAAH
NABN
PAAK
QAAT
YAEJ
MAAC
PAAI
KABN
HABC
UAAU
EAAP
ZAAW
KABG
ZABA
WAAQ
VABM
MAAO
DAAC
NAAU
XAAQ
OAAL
MAAE
HAAG
BABG
LAAV
JABK
NAAZ
EABD
AABD
EAAX
VABB
NAAJ
TAAQ
QABL
CABB
HAAS
GABG
IAAO
JABC
AAAU
NABE
GABH
FABO
QAAR
VABK
QAAV
CAAP
HAAV
IABB
WAAD
PAAE
HAAZ
LAAU
ZABC
GABC
TAAM
MABO
IABC
GABJ
QAAJ
PABC
SAAF
YAAC
DABQ
IABG
CAAH
RAAE
ZABN
WAAG
LABA
YAAI
OABB
VABO
ZAAB
LAAT
KAAQ
JABH
YAAF
UAAQ
WAAY
BAAM
SABL
AAAG
CAAR
NAAQ
FAAJ
DAAP
MAAD
DABT
KAAR
BABO
ZAAH
WAAK
TAAL
FABS
NABD
JAAU
RAAM
YAEB
PAAP
RABE
QAAM
OABD
OAAU
MAAH
HAAX
NABR
QABE
JAAE
RAAV
ZABD
XABB
QABY
BABL
AABL
VABG
GACI
HAAW
LABI
FAAM
KAAD
FABB
SAAA
WAAO
YADZ
AAAA
CAAV
DABF
RAAR
KABI
FABA
HABH
MABB
FABC
WAAA
CAAY
HAAE
QAAE
BABH
GAAI
QABP
DAAX
QAAW
HAAI
BAAA
CABD
ZAAD
RABJ
RAAO
TABF
OAAO
OAAQ
EABC
AAAH
DAAS
EAAN
WAAJ
WABA
YAAH
XAAP
AABI
MAAJ
XAAE
PAAD
XAAH
LAAA
UAAL
XABA
AAAX
UABE
RABN
XABJ
XAAI
OAAN
BAAP
WAAN
NABX
VAAX
QABO
OAAI
WAAI
NAAM
KABM
EAAM
TAAD
HAAF
XAAU
NABL
JAAQ
FAAX
GAAE
OAAH
QABR
LAAN
UABC
UAAR
MABG
XAAD
KAAU
QAAC
ZABM
HABG
SAAY
KABH
NABO
WAAF
ZAAV
FABN
QABK
VAAE
VAAN
MABJ
ZAAO
CAAW
OABG
EAAD
JAAV
DABK
DABP
HAAJ
LAAS
FAAI
SABB
QACA
PAAS
RAAG
FABL
WABG
VAAC
RAAK
XAAB
DAAQ
PAAF
ZAAL
RABC
KABB
JAAW
JAAF
IAAG
BAAL
HABI
JAAT
KAAB
TABB
IAAD
YADX
QAAU
EAAC
LAAC
ZAAX
FABT
BAAX
QAAX
WAAX
LAAP
GAAG
HAAU
WAAC
AAAY
EAAZ
GAAB
OAAV
CAAC
NAAD
TAAO
BAAV
BAAW
UAAX
BABM
WABH
AAAR
RAAT
HABF
PAAQ
TAAA
WAAP
JABQ
KAAK
GACF
RABB
JABM
VAAA
XAAY
AAAD
BAAJ
SAAL
BABJ
NABS
YADQ
CAAL
YAAA
QABH
FAAK
AAAE
OAAT
NABA
GABN
RAAA
SAAE
NAAV
TAAI
AABB
BABK
SABI
BAAO
GABD
SABJ
VABN
LAAW
GAAH
HABA
KABL
SABK
CAAS
ZABJ
ZAAU
UAAG
YAED
MAAI
ZABI
QABD
WAAW
MABH
DAAT
MAAN
XABG
IAAA
CAAB
QAAP
KABR
WAAS
SABG
EAAR
SAAN
OABF
DABL
VAAY
QAAS
MABD
FAAR
VABL
HAAP
OAAW
LAAG
RAAN
SAAK
NABF
KAAE
HAAK
WAAL
HAAD
IAAC
UABB
FAAG
EABE
OAAP
ZABO
AABC
RAAW
BAAC
PAAM
KAAZ
GAAJ
XAAJ
SAAV
KAAI
EABA
GABL
DAAV
PAAW
MABM
MAAX
