YES
ZZZYZYZZZ
ZYYZYZZYY
ZYYYZYYYY
YYYZZYYYZ
ZYYYYZZZZ
YZZZYZZZY
ZYZYZYZYY
YZYZYYZYY
ZYZZYZZZZ
YZYYYZYZZ
YZYZYYZYZ
YYYYZYYYZ
YYZZZZYYZ
YZZZYZZZZ
ZZZZZZZZY
YZZZYZYZY
YYYZYZZZZ
ZYZZZYYYZ
YYYYYYYYY
YZZZZZZZY
ZZYZZZZYZ
ZZZZZYYYZ
ZZYYZZYYY
YZYZYZZZZ
YYZYYZYYZ
YZYZYYYYZ
ZYZZZZZYY
YYZZZYYZZ
ZZZZZYYZY
ZZZZZYZZZ
YYYYYYYYZ
YZYYZYYZZ
ZYZYYYZZY
YZYYYYYZY
ZYYYYYZZY
YYZYZZYYY
ZYYYYYZYZ
YYYYYZZYY
ZZZZYYYZY
YYZZZZYZY
ZYZZZYYZY
ZYZYYZZZZ
YZYYZYYYY
ZZZZYYZZY
YZZYYYZZZ
ZYZYYZYZZ
YZYZZYYZZ
ZYZYZYYZY
ZYZYZZYZZ
ZZYZZZZZZ
YZYYZYYYZ
YZYZZZYYY
YYZYZYYYZ
ZZZYYYYZY
YYZZZZZYY
YYZYYYZYZ
YZZZZYZYZ
YYZZZYZZY
YYYYZYZZY
ZZZYYYZYY
YZZYYZZYZ
YZYYZZYYY
YZYYYZZZY
YYYYZZYZY
ZZYZYZYZY
YZZYZYYYZ
ZYZYZZYYZ
YYYZYZZYZ
YZYZYYZZY
YYZYYYYYZ
YYYYZZYYY
ZZYZZYZYY
ZZZYYZYZY
ZZZZZYZZY
ZZYZZYZZY
YZZYYYYYZ
YZYZYZZYY
YZZYZYYYY
ZZZZZZZZZ
ZZZYYZZYY
ZZYZYZZYZ
ZYZYZZYYY
ZYZZZYZZZ
ZYYYYZYZZ
YZYYYYZYY
ZZZZYZZZZ
ZYZYZZZYZ
ZZYYYYYYZ
ZZZZZZYZY
YZYYYZYYY
ZZYZYYZZZ
ZYZZYZYYZ
ZZZZYZZYY
YYYYZYYYY
YZYYYZYZY
YZZZZYYZZ
YYYZZZZYY
ZYYZYYZZY
ZZZZZYZYY
YYZYZZZZZ
ZZZYZYZYZ
YYZZZYYZY
YYYZYZZYY
YZZZZZYZZ
ZZYYYZYYZ
ZYZYZZZZZ
YYYYYYYZY
ZYZZZZYYZ
YYZYZZZZY
ZYZYZZZYY
ZZZYZYYYZ
YZYZZZZYY
YZYZYZZZY
ZYZZYZZYY
ZYYYYZZYZ
ZZZYZYYZY
YYZYYYZYY
YYYZYZYYZ
YZYZZYZZY
YZZYYZYYZ
YYZYZYZYY
ZZZYZZZZZ
ZYZYYZYYY
ZZZZZYZYZ
ZYYZYYYZZ
ZYYYYZYZY
YYZYZZZYY
ZYYZZZZZY
YZZYYYYYY
ZYZZYZYZZ
YZZYYZZZY
YYZYZYZZY
YZYYZZZZZ
ZYZZYYYZY
ZZYYYZZYZ
ZYYYZYYYZ
ZZYYYZZYY
ZZYZYZZZY
ZYYZYYZZZ
ZYZZZYYYY
ZZYYYYZYZ
ZYZZYYZYZ
ZZYYZZYZZ
ZYZZYZZZY
YYYYYYZYY
ZYZZZZYYY
YZZYYYYZY
YYZZYYYZZ
YZYZZZZYZ
YZYYZZZYZ
ZZYZZZZYY
ZYYYYYYYY
YZZYZYZZY
ZYYYZZYYY
ZYYYYYZZZ
ZYYZYYZYY
ZYZYZYYZZ
ZYYZZYYYZ
ZZZYZZYYZ
ZZYZYYZYY
ZZYZYZYZZ
ZYYYYYYYZ
ZZYZZZZZY
ZYZYYYYZZ
ZYZZYYZZZ
YYZZYYZYY
ZZYYZYZZZ
YYZZZYZYZ
ZYZZYZYZY
ZZZZYYZYY
YYZZYZYYZ
ZYYZYZZZZ
YYYYZZZYY
ZYZZZYYZZ
YYZYZYZYZ
ZYYZZYYZZ
ZZZZYYZYZ
YZYYZYZZZ
YYZYZYYYY
ZYYZZYZYZ
ZZYZYYYYY
ZZZYZYYYY
ZZZZYZYZZ
YZYZYZYYY
YYYZZZZYZ
ZZYYYZZZZ
YZYZZZYZZ
ZYZYYZYYZ
YZYYYZZYZ
YYZYZZZYZ
ZZYYZYYYZ
ZYZZZZZYZ
ZYYYZYZYZ
ZYZYYZYZY
YZYYYYYYY
ZZZYYYZZZ
YZZYYZZZZ
YYYZZYZZY
YYYZYYZZY
YZZZZYZYY
ZYZZYYYYZ
YYZZYZYZY
ZYYZYZYYY
YZZZZZYYZ
YZZYYZZYY
YZZZZYZZY
YYYZZZYYZ
ZYYZZZYZZ
YYYZYYZZZ
YZZZYYYZY
ZZZYYYYZZ
ZZZZYZYYY
ZZYYYYYZY
YYYZYZYZY
YZZYZYZYY
ZYYYYZYYZ
YYZZYZZZY
ZZYZZYZZZ
YZZYZZYZZ
ZYYYYZZYY
YZZZYYYYZ
YYYZZYYZZ
ZYYZYZYZZ
YYZYZYZZZ
YZYZYZYZY
YZYYZYZZY
ZYYYYZZZY
ZZYZYYZYZ
ZZYZZYYYY
ZZZYYZYYZ
YYYYZZZZZ
YZZZZZYYY
YZZZZYZZZ
YZYZZYZZZ
ZZYYZZZYY
YZYZZYZYY
YZZYYYZZY
YZZZYYYYY
YZZZYYZYY
ZYZZYZZYZ
YYYYYZYYZ
ZZZZZZYYY
YZZYYYZYY
YZYYZZYZY
ZYZYZYYYY
ZYYYZZZYZ
ZZYZZZYYY
ZYZYYYYYZ
YYZZZZYYY
ZZZYZYZYY
YZZYYYYZZ
YYYYZYYZY
ZZZZYYZZZ
ZZYZYZZYY
ZZYYZYYZY
YYZYYZYYY
ZYZZZZZZY
ZYYZZZZYZ
YZYYYZZYY
YYYYZYZZZ
ZZYZYYYYZ
ZZYYYZYZZ
YYZZYZZYZ
YYZZZZYZZ
ZYYYZYYZZ
YZYYYYYYZ
ZZZYYYYYY
ZYYZYZYZY
ZYZZYYYZZ
ZZYYYZYYY
ZZYZYZYYY
ZYYZZZYYY
ZYYZZZYZY
YYZZYYYZY
ZYZYZZYZY
YZYZYYYYY
YYZZYZYZZ
YYYYZYYZZ
ZZZYYYYYZ
ZZYZZZYZZ
YZYYZYZYZ
YYYYYZZYZ
ZYYZZZZYY
ZZZZZZZYY
YYZZYYZZY
YYYYZYZYY
YZZYZZZZY
ZZYYYYZYY
YYYYYYZZZ
ZZYYZZZYZ
YYYYZZZZY
YYYZZYYYY
YYYYYYYZZ
YZYYZZYYZ
ZZYZZYYYZ
YZZYZYZZZ
YYYZZYYZY
ZYYZZZYYZ
YZZYZZYZY
YZZZYZYYZ
YZYYZZYZZ
YZYZYYYZZ
YZZZYZZYZ
YYZZZZZZZ
YYZZZYZYY
ZZZYZZYYY
ZYZYYYZZZ
ZZZZYZZZY
YZYYYYZZZ
ZYYYZZZZY
ZYZZYZYYY
YZZZZZZYY
ZYYZZYZYY
YZZYYYZYZ
YZYYYZZZZ
ZZYZYYZZY
ZZZYZZYZY
YYZZZYYYY
ZZZYZZZZY
YZZYZZZYZ
YZYZZZYZY
ZZZZYYYYY
YZZZYYZZY
ZYYYZYZYY
YYYYYZYZY
YZYZYZYZZ
ZZZYYZZZY
ZZZYYYZZY
YYZYYZZZY
YZYYYYYZZ
YZZYZZYYZ
YYYZYZZZY
ZZZZZZZYZ
YZYZZZYYZ
YYYYZZZYZ
YZYZZZZZZ
ZYYYZYYZY
ZZZZZZYYZ
YZYZYZZYZ
YZZZZZZZZ
YYYYYYZYZ
ZYYZZYZZY
YZZZYYZYZ
ZZYYZZYZY
YYZYYYYYY
ZZYYYZZZY
YYYZYYYYZ
ZYZZZZYZZ
YZYYZYYZY
ZZYZZZYZY
ZYYZYYZYZ
YYZZZYYYZ
YYYZZZZZZ
YYZYYZZYZ
ZZZZZYYZZ
ZYYZZYYYY
ZYZZYYZZY
ZZZYZZZYZ
YYZZZZZYZ
ZYZYYZZYY
ZYYYZZYZZ
YZYZZYZYZ
YZYZZYYZY
ZZZZYZZYZ
ZZZYZYYZZ
ZYYZYZZZY
YYYYZZYZZ
YZYZYZYYZ
YZYZYYZZZ
ZYZYYYYZY
ZZYYZZZZZ
ZYZZZYZYZ
ZZYYZZYYZ
ZYYYYYYZZ
YZYZYYYZY
ZYZZZZYZY
YZZZYZZYY
YZZZYZYZZ
ZYYYYZYYY
ZZYYYYYZZ
ZZZZYZYZY
YYYYYZYZZ
YYZZZYZZZ
YYYYZZYYZ
YYYZYZYYY
ZZZZYYYYZ
ZZYYZYZYY
YZZYZYYZZ
ZZZYZZZYY
YYZYYZZYY
ZYYYYYYZY
ZYYYZYZZZ
ZYZZYYYYY
YYYZYYYZY
YZYZZZZZY
ZYZZZZZZZ
YZZYZZZZZ
YYYZZYZZZ
YZZZZYYYY
ZZYZYZYYZ
ZYYYZZYYZ
ZYZYZYZZZ
YZZZZZZYZ
YYZYYYYZZ
YYYZZZYZZ
ZYZYYYYYY
YZZZYZYYY
YZZYZYYZY
ZYZYZYZZY
YYYZZYZYY
ZYZYYZZYZ
YYZYZZYZY
YZYYYZYYZ
ZZYYZYYYY
ZZZZYZYYZ
YYYYYYZZY
YZYYYYZZY
ZZYYYZYZY
YZZYZZYYY
YYZYZZYZZ
YYZZYYZZZ
YYZYYZYZY
YYYZYZYZZ
YYYZZYZYZ
ZYYZZZZZZ
ZZYYYYZZZ
ZYYYZZYZY
YYYYYZZZY
YYZZYYYYZ
ZYYYZZZYY
ZZZZZYYYY
ZZYZYYYZZ
ZYYYZYZZY
YZYYZYZYY
YZZYYZYZY
ZZYYZYYZZ
YYYZZZYYY
ZYZYZZZZY
ZYYZZYZZZ
YYZYYZZZZ
ZZYYYYYYY
ZYZYYYZYZ
ZZZYYZYZZ
YZYYZZZZY
YYYZYYZYZ
ZZYZZYYZZ
YZYYZZZYY
YYYYZYZYZ
ZYZYYYZYY
YYZZYYZYZ
YZYYYYZYZ
ZZYYZZZZY
YYZYZZYYZ
ZZZYYZYYY
ZYYZYYYYY
ZZYYZYZYZ
ZZYYZYZZY
YYYZYYYZZ
YYZZYZZZZ
YYZYYYYZY
ZZYZZYZYZ
YYYZYYYYY
ZZZYYZZYZ
ZYZYZYYYZ
ZYZZZYZZY
ZYZZZYZYY
YYZYYYZZY
YYZZZZZZY
YYZZYZZYY
YYZYYZYZZ
YYZYYYZZZ
YZZZYYYZZ
YYYZZZZZY
YYZYZYYZZ
YYZZYZYYY
YZZZZYYYZ
ZZZYZZYZZ
ZZYZZZYYZ
ZZYYYYZZY
ZZYZYZZZZ
YZZYYZYZZ
ZYZYZYZYZ
ZZZYYYZYZ
YYZYZYYZY
ZZZYYZZZZ
ZYYYZZZZZ
YZZYZYZYZ
YZZZZYYZY
YZZZYYZZZ
ZYYZYZZYZ
ZYYZYYYYZ
YZZZZZYZY
ZYYZYYYZY
ZZZYZYZZY
ZZYZYYYZY
ZZZZZZYZZ
YYYZZZYZY
YYYYYZYYY
ZZZZYYYZZ
YYYYYZZZZ
ZYYYYYZYY
YZZYZZZYY
YYZZYYYYY
ZYYZZYYZY
YYYZYYZYY
YZYZZYYYZ
YZYZZYYYY
ZYZZYYZYY
ZYYZYZYYZ
YZZYYZYYY
ZYZYYZZZY
ZZYZZYYZY
