YES
ZYYZZYYYZ
YYYYZZZZZ
ZYYYZYZZZ
ZYZZZYYZY
ZZZYZYYZZ
YYYYZZZYY
ZZYZZZYYY
YZYZZZZYY
ZYZYZYZZZ
ZYZZYYZZZ
YYYYYYZZY
ZYZYYZZZY
ZYZYZZYZY
YYZZYZZYZ
YYZZZYYZY
YYYYZYYYY
ZZZYYZZYZ
ZZZYYYYZY
YYZYYZZZY
YZYYYYYYZ
YZYYYYYZY
YYYZYYZZY
ZZYZYZZYY
ZZZZZYYYY
YZZYYYZYY
YZZZYYZYZ
ZZYZZZYZZ
YYYYZYZZY
YZZZZYYYZ
ZYZZZZYYZ
YZYZZYZYZ
ZYYYYYYZZ
YYZYZYZYY
ZZYZZYZYZ
YYYZZZZYY
YYYYZZYZZ
ZYZZYYYYY
ZYZZZZZYY
ZYYYYYYZY
ZYZYZZYYZ
ZZZZYZZYZ
ZYZYYZYZY
ZZZZYZZZZ
YYYZZZYZY
ZYZYZYZYY
ZYYZZYZZY
ZZYZYYYZZ
YZZZZYYYY
YYZZZZZYY
ZYZYYZZZZ
YZYYZZYZY
YZZYYZYYZ
ZYZZZZYZY
ZZZZYYZZZ
YZZZZZZYY
YZZYZZYYY
ZYZYZYYYZ
YZZYZYYYY
YZZYYYYZY
ZZZZZZZZZ
YYZYYYYYY
YZYYZZZZZ
YYZZZYZYY
ZYYYZYYYZ
YYZYZYYYZ
ZZYYZYZZY
ZYYYYZZZY
YZZZYZYYZ
YYYYZZYZY
ZYZZZZZZZ
YZZZZYZZZ
YYYYZYYYZ
ZZZZYYYYY
YZYYYYZZZ
YZYYZYZZY
ZYZYYYYYZ
ZYYYYYZYZ
ZYZYYZYYZ
ZZZYZZYYZ
ZYYYZZZYZ
YZYZYYZZY
YZZZZZYYZ
YYYZYYYYY
ZZZYZZZZZ
YZYZYZZZZ
ZZZZZYZYY
YYYYZYZZZ
YYYYYYYZZ
YZZYZZZZY
YYZYZZZYY
ZZZZYZZYY
YYZZYYZYZ
ZYYZZYZYZ
ZYYZZYZZZ
ZZZYYZYYY
YYYZYZYYZ
YZYZYYYZY
ZYZYZYYYY
ZYZYYZYYY
YZYZZYYYY
YZYZZZYYZ
ZZZYYYZZZ
YZZYYYYYZ
ZZYZZYYZY
ZYYYZYYYY
ZYYZZZZYY
YYZYYZZYY
YZYZYZYZY
YZZYZYZZY
YYZZZZZZY
YZYYYZZYY
ZYYYZYYZZ
ZYZYYZZYY
YYYZZYYYZ
ZZYYYYYZY
YYZYYZYZZ
YZZZZYZYY
YYYZYZZYY
ZYYZYZZZZ
YZZZYYYZZ
YYYYZYYZZ
ZYZZYZZYY
YZYZZYZZY
YZYZYZYZZ
ZZZZZZYZY
YZZYZZZZZ
ZZZYZYYYZ
ZYZZZZZYZ
YZYYYZZZY
ZYZZYYZYY
ZZYZYYYZY
ZYYYZZZZZ
ZZYZYZZZZ
YZZZYZYZZ
YZZZZZZYZ
ZYZYZZZYY
YYYZZYZZZ
ZYYYYZYYY
YZYYZYZYZ
YYYZZZYYZ
YYZYZZYYZ
ZYYZYYYZZ
ZZYZYYYYZ
ZZZZYYYZY
ZZYYZZYZY
ZZZYZZZYZ
YZYZYZZYY
ZYYYZZYYY
ZYYZZYYZY
ZZZZYZYZY
YYYZYYZYZ
ZZYYZYZZZ
ZYYYYYZYY
YYZZZYZYZ
YYYYYZYZZ
ZZZZZZYYZ
ZZYYZYZYZ
ZYYZZYZYY
ZYZZYZYYZ
ZZYZYZZZY
YYZZYZYZY
YYZYYYZYZ
YYZZYYYYY
ZYZYZZYYY
ZZZZZZZZY
YYZYZZYZY
YYYZZZZYZ
ZYYZYYYYZ
ZZZYZZYYY
ZYZZYZZZZ
ZZZYZYYZY
ZYYZZZZZZ
ZZYYYZZZY
ZZYYYYYYY
ZYYYZZYZZ
YZZZZYZZY
YYYZYZZZZ
ZZYZYZYZY
YYZYZYYZZ
ZYZYYYZYZ
YYYZZYZYZ
YZYYZYYZZ
YZYYYZYZY
YZYZZZYZZ
YYZYYZYYZ
ZZYZYYZZY
ZYZZYZZYZ
ZZZZZZZYZ
ZYYYYYZZZ
YZZZZZYZZ
ZZZYZZZYY
ZZZZZYZYZ
YZZYZYYZY
YYZZYZYYZ
ZYYYZYYZY
ZZYZYYZZZ
ZYZYZZYZZ
ZZYZYZYYY
ZZYYYZYZY
ZZZZYZYYZ
ZYYYYZZYY
ZZZZYZYZZ
YYYYYYYYZ
ZYYZYZYYY
ZZZZYYZYY
YYZZZYYYZ
ZYYYYZZYZ
YZZYYYYZZ
YZZYYZYZY
ZZZZYYZYZ
YYYYYYZZZ
ZZYYZZZZY
ZYZZYZYYY
ZZZZZZYYY
ZYZYYYYYY
ZZZYYYYYZ
ZZYYYZZZZ
ZYZZZYYYY
YYYYZZZYZ
YZYYZZYZZ
YZYYYYZYY
ZZYZZYYYZ
YYYZZZYZZ
ZYYZZZZZY
YYZYYYYZY
ZYYYZYZYY
YZYZZYYYZ
YZZYZYZZZ
ZYYZYYYZY
YYYZZYZYY
YYZYYZZYZ
YZZZYZYYY
YZYZYYYYZ
YYZYZZYYY
ZYZYYZYZZ
YZYYYYYZZ
YZYYYYZYZ
YZYZZYZZZ
ZZYYZYYZZ
ZYZYZZZYZ
ZZZYZYZZY
YYZZZYYYY
YYZYYYYZZ
ZZZYYYYZZ
YYYYYZYYZ
ZZYYYYYZZ
YZZZYZZZZ
YYYZZZZZZ
ZYZZZYZZY
YYZYYZYYY
YZYYZYZYY
ZYZZYYZYZ
YZZZYYYYZ
ZZZZZYZZZ
ZYZYZYZYZ
YYZZYZZZY
YZYYZZZYY
ZZYZZZYZY
ZZYZZZYYZ
YZYYYYZZY
YZZZZZYYY
YYYZYYYZZ
YZZYYYZYZ
ZYZZZYZYY
YZZZYZZZY
ZYYYZYZZY
ZZYYZYYYZ
ZZZYYZZZZ
ZYYYYZYZY
ZYZZZYZYZ
YYZYZYZZZ
ZYZZZZZZY
ZZZYZYYYY
ZYYYYYZZY
ZZZYZYZZZ
YZZYZZZYZ
YYZYYZYZY
ZYZZZYYZZ
YYYYYZZYZ
YZYZZZZYZ
YZZYYZYYY
YYZYZYYZY
ZYYYZYZYZ
ZZZYYZYZZ
ZZZYYZZYY
YYYZYYYZY
ZYYZYYZZY
ZZYZZYYZZ
YZZZZYYZY
ZZYZZYZYY
ZYZZZZYZZ
YZYZYYYYY
ZZZZYZZZY
ZZYYYYZYZ
YYZYYYZZY
YZYYZYZZZ
YZZZZYYZZ
YZZYYZZYY
ZYYYZZYZY
YYYZYZZZY
YYYYZZYYZ
YYZYZYZZY
YYYZYYZZZ
ZZYYYZZYZ
ZZYYZZZZZ
YYYZZYYZZ
YYYZYZYYY
YZZYYZZYZ
ZZYZZZZYZ
ZZZYZZYZY
ZYZYYZZYZ
ZYYZZYYZZ
ZZZYZYZYY
ZYYZYYZYZ
YZZZYZZYY
ZZZYYYYYY
ZYZYZZZZZ
YYYYYYYZY
YZZZYYZYY
YZYZYZZZY
ZYYYZZZYY
ZZYYZZZYZ
YYZZYZZYY
YZZYZZYYZ
YYYYZYYZY
YYZZZZYYZ
ZZZZZYYYZ
YZYYYZYYZ
YYZYZZYZZ
ZYYZYZZZY
YZZYZZYZY
YZYYZZYYZ
ZYYZYZYZZ
ZZYZZYZZZ
YYYYZZZZY
YYYYZYZYZ
YZYYZYYZY
ZYYYYZZZZ
YYZYZZZZZ
YYYZYZYZY
ZZYZZZZZZ
YZYZZYYZZ
ZZYYYYZZY
ZZYZZYYYY
YZZYYYYYY
ZYZZZZYYY
ZZZYYZZZY
ZZZYYZYZY
ZZYYYYZZZ
YZZYZYYZZ
YYYYZZYYY
ZZYZZZZYY
ZYYZYZZYZ
YYZYYZZZZ
YZZYZYZYY
YYYZZYZZY
ZYZYYYYZY
ZYYZZZYYY
ZYZZYZYZY
YZZYYYZZY
YYZZZYZZY
YYYYYYZYZ
ZZYYZZYZZ
YYZZZZYZZ
YYYYZYZYY
YZZYZZZYY
ZZYZYZYZZ
YYZZZYZZZ
YYYYYYYYY
YYYYYZZYY
ZZYYZYYYY
YZZYYZZZZ
YZYYYZYZZ
ZZYYZZYYZ
YZYZYYZZZ
YYZZYZYZZ
YZZYYZZZY
ZZYYZZZYY
YYZZZZYZY
ZZYZYYYYY
ZYYZYZYYZ
YZZZYYYZY
YYYYYYZYY
YYYZYYYYZ
YYZZYYZYY
YYZZYYYZZ
YZZYYZYZZ
YZYZZYZYY
ZYYZZZYZZ
ZZZZZYYZZ
ZZYYYZYYY
YZZZYYZZZ
ZZZYZZZZY
ZYYZYZZYY
YYYZZZYYY
YZZYZYZYZ
YZYYZZYYY
ZYYYYZYYZ
YYYYYZZZY
ZZYZZZZZY
ZYYZZZZYZ
YZYYYZYYY
YYYZYZYZZ
ZZYZZYZZY
YYZYYYZYY
ZZYYYZZYY
ZZYYZZYYY
ZZYZYZZYZ
YZYZYZYYZ
YZYYZZZYZ
YZYZYZZYZ
ZYZZYYZZY
ZZYZYYZYZ
ZYYZYYZZZ
ZZZYYZYYZ
YZYZYYZYZ
ZYZZYYYZY
YYZZZYYZZ
ZYZZYYYYZ
YYZZYZZZZ
YZYZZZYZY
YYZZYYZZY
YZZZZZZZY
YZYZZYYZY
YZZZZYZYZ
ZZZZZZZYY
YZZYYYZZZ
YZYZYYYZZ
ZYZZZYZZZ
YZZYZYYYZ
ZZYZYYZYY
ZZZZYZYYY
ZZZZYYZZY
ZYZYYYZZZ
ZZYYYYZYY
ZZZYZYZYZ
ZYYZYZYZY
ZZYZYZYYZ
ZYZZYZYZZ
YYZYYYYYZ
YYZZYZYYY
YZZYZZYZZ
YYZYZZZZY
ZYZZYZZZY
ZZZZZZYZZ
ZYZYYYZYY
ZZZZZYZZY
ZZZZZYYZY
YYZZYYYZY
YYYYYZZZZ
YZZZYYYYY
YYYZYZZYZ
YZZZYZYZY
ZZZYZZYZZ
YYZYZYZYZ
ZZYYZYYZY
YZYZYZYYY
YZZZZZYZY
YZYYYYYYY
ZYZZYYYZZ
YYZZZZZYZ
ZYZYYYZZY
YYYYYZYYY
YZYZZZZZZ
YYYZZYYYY
ZYYZZZYYZ
ZZZYYYZZY
YYZYYYZZZ
YZYYZZZZY
YZZZYYZZY
ZYYYZZZZY
YYYZZYYZY
YYZZZZZZZ
YZYZYYZYY
ZZZYYYZYZ
YYZYZZZYZ
YZYYYZZZZ
YYZZZZYYY
ZYZZZYYYZ
ZYYZZYYYY
ZYZYYYYZZ
YZYYZYYYY
YZYZZZYYY
YYZZYYYYZ
ZZYYYZYYZ
YZZZYZZYZ
ZYYYYZYZZ
ZZZZYYYZZ
ZZYYYZYZZ
ZYYYZZYYZ
YYZYZYYYY
ZYZYZZZZY
YZYYZYYYZ
ZZZYYYZYY
ZYYYYYYYY
ZYYZYYYYY
YZYYYZZYZ
YYYZYYZYY
ZYYZYYZYY
YZZZZZZZZ
ZYZYZYYZY
YYZZYYZZZ
YYYYYZYZY
ZYYYYYYYZ
YZYZZZZZY
ZYZYZYZZY
ZZYYZYZYY
YYYZZZZZY
ZYZYZYYZZ
ZYYZZZYZY
ZZZZYYYYZ
ZZYYYYYYZ
