YES
AAAAAABABBBBBBA
AAAAAAABBBBBAAB
AAAAAAAABAABAAA
AAAAAAABABBBBAB
AAAAAAABABAAABA
AAAAAAAABBBAAAB
BAAAAAABBBBAABA
AAAAAABAABAABBA
BAAAAAABABBBAAA
BAAAAABBABABBAA
AAAAAABBBBAAAAA
BAAAAAAAABAAAAB
BAAAAAAABBBBAAB
BAAAAABAABAABBA
BAAAAAABBBAABAB
AAAAAABBBAABBAA
BAAAAAAABAAABBB
BAAAAABBAAABAAA
AAAAAABBAAAABAA
BAAAAAAABBBAABB
AAAAAABAABBBBAB
AAAAAAAAAAABABB
BAAAAAABBBBBABB
AAAAAABBABBBABA
AAAAAAABBAAABAA
AAAAAABAABAABBB
BAAAAAABAABAAAB
BAAAAAABABAAABB
BAAAAAAAABBAAAA
BAAAAABBBBBAABA
BAAAAABBABAAABA
AAAAAAAAAABBABA
BAAAAAABAABABBA
BAAAAABABBAABAA
BAAAAABAAAAABAB
BAAAAAAAAABBBBA
AAAAAAABBBBBBAB
AAAAAABABAAAAAB
AAAAAAABBBBAAAB
AAAAAABAABBBBBB
AAAAAABBABBBABB
AAAAAABABAAAAAA
AAAAAAAABABBBAB
BAAAAABABAABBAA
AAAAAABBBBAAAAB
AAAAAABABBBBBBB
AAAAAAABBAABABB
BAAAAABAAAABAAB
BAAAAAAAAABABAB
BAAAAABBAABBABB
AAAAAABAAABBBAB
BAAAAABABABBABA
AAAAAABBAAABAAA
AAAAAAAABAABBAB
AAAAAABBABABBAB
AAAAAABABBBAABA
AAAAAAABBAAABBB
BAAAAAABBBBABAA
BAAAAABABBABBAB
BAAAAABBAABABBA
AAAAAABBBABBAAA
BAAAAABAABAAABB
BAAAAAABBABBBBB
AAAAAABAAAAABAA
AAAAAABBBABBBAB
AAAAAAABAAAABBB
AAAAAABAAAAAAAA
AAAAAABAAAAABAB
BAAAAABBBBABAAB
AAAAAABBABBAABA
AAAAAAAABBABBAA
BAAAAAABBBAAAAA
BAAAAABBAAAABBA
AAAAAABBABBAAAA
BAAAAABABBBABAA
AAAAAABAABBAABB
BAAAAABAABAAABA
AAAAAABAAAAABBA
BAAAAAAABABBBBB
AAAAAAAAABBABBB
BAAAAABBAAAAAAB
BAAAAAABBBABBBA
BAAAAABBBABABBA
BAAAAAABAAABAAA
BAAAAABBAAAAABA
BAAAAABABABBAAB
BAAAAABBAABBABA
BAAAAAAABBABAAA
AAAAAABAAAABBBA
BAAAAAABBBABAAB
BAAAAAABABAAABA
BAAAAAABBBBBBBA
AAAAAAAAABABABB
BAAAAAAAAAAABAB
AAAAAAAAAABABAA
AAAAAABABBABBBA
BAAAAAAABAAAABA
AAAAAAABABABBAB
AAAAAABAABBAAAB
BAAAAABBABBBAAA
BAAAAAABAAABBAB
BAAAAABAABABBAA
BAAAAAABBABAABA
BAAAAABABABBABB
BAAAAAABBBABABA
AAAAAABABAAABAB
BAAAAAABBAABABA
BAAAAAABAABABAB
AAAAAABBBABABAA
AAAAAAAABBABBAB
BAAAAABBABBBAAB
BAAAAAAABBBAAAA
AAAAAABABBABBAA
BAAAAABBBABBAAA
AAAAAAABABBABBB
AAAAAABBAAABABB
BAAAAAAAAABBABB
BAAAAABBBBBABBB
BAAAAABBAAABBAB
BAAAAABBBBBABBA
BAAAAABAABBABAB
AAAAAABAAABBABA
BAAAAAABABAABAA
AAAAAAABBBBBABB
BAAAAABABAABAAA
BAAAAAABAABAAAA
AAAAAAAABBBBBAA
BAAAAAABAAAAAAA
BAAAAABABAABBBA
AAAAAAABBAABBBA
AAAAAAAABABBAAB
BAAAAAABAAABBBB
AAAAAAAABAAABAA
AAAAAAABAAABBAA
BAAAAABBBBAAAAA
BAAAAAAABABAAAB
AAAAAAAABABBBBB
AAAAAAAAABBAAAB
AAAAAAABBABABBB
AAAAAABABABAABA
BAAAAABBBABBBAA
AAAAAAAAAABBAAA
AAAAAABABBAAAAB
AAAAAAABABBBBAA
BAAAAAABBBBAAAA
BAAAAAAABAAABBA
BAAAAABBAAAABAA
AAAAAAABBABABBA
BAAAAAABAABAABA
BAAAAAABABBAAAB
BAAAAABBAAAAABB
BAAAAABAABABBBB
BAAAAAABBABBABA
BAAAAABABABAABA
AAAAAAAAAAAAABA
BAAAAAAABABBABA
BAAAAAABBBAABBB
BAAAAAAAABBABAB
AAAAAABAABBBBAA
AAAAAAAAAAAAABB
AAAAAAABBBBBAAA
AAAAAAAAAAABAAA
BAAAAAAABBBBBBA
AAAAAAAABBAABBB
BAAAAABAAAABBAA
BAAAAAAABBAABAA
BAAAAAABABBAABA
BAAAAABABAABABB
BAAAAABAABBBABB
AAAAAAAABBBABBB
AAAAAAAABBAAAAA
AAAAAAABABAABBA
AAAAAABAAAABABA
BAAAAAABBBBABBA
AAAAAAAAABBBAAA
AAAAAAABABAAAAB
BAAAAAAABBAAAAB
BAAAAAAABABBABB
BAAAAAAAAAAAAAB
BAAAAABABBBAAAA
BAAAAABAABABBAB
BAAAAAAABABAABA
BAAAAAABBABBABB
BAAAAAABABBABAA
AAAAAAAAAABAABA
AAAAAAABAABABAA
AAAAAABBABBAABB
AAAAAABABABBAAB
AAAAAAAAAABABAB
BAAAAABBABBBBAA
BAAAAAABAAAABAB
AAAAAAAABBABBBA
AAAAAAABBBABBBB
AAAAAAAABABAABB
AAAAAABBBABAABA
BAAAAAAABABBAAB
AAAAAAABBBABAAA
AAAAAABBAABAAAB
AAAAAABBABBABAB
BAAAAABAAABAAAB
BAAAAABBABBABAB
BAAAAABBABBBBBA
AAAAAAAABBAAAAB
BAAAAABBBBBBBBA
BAAAAAAAABBBABA
BAAAAAABAAAABBA
AAAAAABBBBAAABB
BAAAAAAABABBBAB
BAAAAAABAAAABBB
AAAAAAABBBABABB
AAAAAAABABBABAA
AAAAAABABAABAAA
AAAAAABBABAAABA
BAAAAABABABABBA
BAAAAAAAABBBBBB
BAAAAABABABBBAA
AAAAAABBAABBBAB
AAAAAABAAABBABB
AAAAAABBAAABBAA
AAAAAAAAAABBBBA
AAAAAABBABABABA
AAAAAAAAABABBBA
AAAAAAAABBBBBAB
BAAAAAAABAABBAB
BAAAAAAAAABABBB
BAAAAAABBABABBB
AAAAAAABAABAAAA
BAAAAABAAABABBB
BAAAAABBBABBBBA
BAAAAAAABABAAAA
AAAAAABBABAABAB
BAAAAABBBBABAAA
BAAAAABABBABBAA
AAAAAAABBABBBAB
AAAAAAAAAAABABA
AAAAAABABBBABBA
BAAAAABAAAABABB
AAAAAAABAAAABAA
AAAAAAABAABABBA
BAAAAAABBAABAAA
AAAAAAABABABBBB
AAAAAABAAABAAAA
AAAAAAABBAABBAA
BAAAAAAAABBAAAB
BAAAAAAABAAAAAA
BAAAAAABBABBBAA
BAAAAAAABAAABAA
AAAAAABAABAABAB
BAAAAABAABBABAA
BAAAAABABAAAAAB
BAAAAAAAAABAABB
AAAAAAABABAABAB
AAAAAABAAAABBAB
AAAAAAABBAABAAA
AAAAAAABBBABBAA
BAAAAABAAAABABA
BAAAAAABBBBAAAB
AAAAAABBBABAAAB
AAAAAAAAAABABBB
BAAAAABABABBAAA
AAAAAAABBBABABA
BAAAAAABBBBABBB
BAAAAAABAABBAAA
BAAAAAABBABABAA
BAAAAAAAABAABBA
AAAAAAABABABBBA
BAAAAABBBAABAAB
AAAAAAABAABBABB
AAAAAABAAAABBBB
BAAAAAAAAAAAABA
BAAAAAABABBABBB
BAAAAAAABBABBAA
AAAAAAABAAABABA
AAAAAABABAAABBB
BAAAAAABBAABBBA
BAAAAABAAAAABAA
AAAAAABAABBABAA
BAAAAABBABAAABB
BAAAAABBBABAABB
AAAAAAABBABABAB
AAAAAAAAAABBBAB
BAAAAAAAAABAAAB
AAAAAAABABBABAB
AAAAAABBAAAAAAB
AAAAAABAABBBAAA
AAAAAABAAABABAA
AAAAAABAAABBBAA
AAAAAABABABAABB
BAAAAABBBABBBBB
BAAAAABABABAAAA
AAAAAABBAABABBA
AAAAAABAAAAAAAB
BAAAAABAAABBAAA
BAAAAAABABBABAB
AAAAAABABABABBB
BAAAAAABBAAABBA
AAAAAABABABBAAA
BAAAAAAAAAAAAAA
AAAAAAAAAABAABB
BAAAAAAABAABABB
BAAAAAAABBBBBAA
AAAAAABAABAAAAB
AAAAAAAABBABAAA
BAAAAABBBBABBBA
BAAAAAABABBAABB
AAAAAAABAABABBB
BAAAAAAAAAABBBA
AAAAAABAABBBBBA
BAAAAAAABBBBBAB
BAAAAABABBABABA
AAAAAAAAABAABBA
BAAAAAABAAABBAA
BAAAAABBAABBBAA
AAAAAAABAABAABA
AAAAAAABBABBBAA
BAAAAABABAAAABA
AAAAAAAABBAABAB
BAAAAAABABABAAA
BAAAAAABBBBBAAA
BAAAAABBBABBABB
BAAAAABAABABBBA
BAAAAAABABAAAAB
BAAAAABBABABBBA
AAAAAAAAAAABBBB
BAAAAABBAAABBBA
AAAAAABBAABAABA
AAAAAAAABABBBAA
AAAAAABAABBBAAB
AAAAAAAAAABABBA
BAAAAABBBAABBAB
BAAAAABBAABBBBA
BAAAAAAABBAAAAA
BAAAAABAABBBBBB
BAAAAABBBBBAABB
BAAAAABAAAAABBB
AAAAAAABAABBAAA
AAAAAAAABBAAABB
AAAAAABABBAAABB
BAAAAABBAAABBBB
AAAAAABBAAABBBA
AAAAAAABBBBABBB
AAAAAAABBAABBAB
AAAAAAAAAAAABAB
AAAAAABAAABAAAB
BAAAAAAABAABAAA
BAAAAAAAABABAAA
BAAAAAAABBBABAB
AAAAAAAAABBBABA
BAAAAAABABAABAB
AAAAAAABAABBAAB
AAAAAAAABAABBAA
BAAAAABAAAAABBA
AAAAAABBABBABBB
AAAAAABBBABABBA
BAAAAABBBBBAAAB
AAAAAABBBABBBBB
AAAAAABBBBAABBB
AAAAAAAABBBAABB
AAAAAABBABBBBBA
AAAAAAABBABBABB
AAAAAAABBAAAABB
AAAAAAABBBBBABA
BAAAAAABBAAAAAA
BAAAAAAAABAABBB
AAAAAAAABABBAAA
AAAAAABAAAABAAB
AAAAAAAAABBABAA
AAAAAAAAAAAAAAB
BAAAAAAAAAABABB
AAAAAAAABBBBABB
BAAAAABABABABBB
BAAAAABAABABABA
AAAAAAABAAABAAA
AAAAAABAAABABBA
BAAAAABABBAABAB
AAAAAAABBBAAABA
BAAAAABBBAAAAAB
BAAAAAABAABAABB
BAAAAAABBAABABB
AAAAAAABBAABBBB
AAAAAAAABAABAAB
BAAAAAABAABBBAA
AAAAAABABABBABB
BAAAAABBBBBBABB
AAAAAABABBBABBB
AAAAAABABBBAAAB
BAAAAAABAABBAAB
AAAAAABAABABAAA
BAAAAAAAABBBBAB
AAAAAAAAABBBBBB
BAAAAABABABBBAB
BAAAAABABBBBABA
BAAAAAABABABABA
AAAAAAABBBABBBA
AAAAAAABABAABBB
AAAAAABBAAAAABA
BAAAAABBABAABAB
AAAAAAAAABBABBA
BAAAAABABABBBBB
AAAAAAAAABABBAA
AAAAAAABAAABBAB
AAAAAABABBBABAA
AAAAAABABAAAABA
AAAAAAABABABABA
BAAAAAAAAAABBAB
AAAAAABBAABBAAB
AAAAAABBBABBABA
BAAAAAAABBBAAAB
AAAAAABBBBABAAA
AAAAAAABBABAAAA
BAAAAABAABAAAAB
AAAAAABBBAABAAB
AAAAAABABBAABAA
BAAAAAABBAAAABB
BAAAAABBAABBBBB
AAAAAAAABAABBBB
AAAAAAABABAABAA
BAAAAABAABBAAAA
BAAAAABBBAAABAA
BAAAAAAABAABBBA
BAAAAABAABBAAAB
BAAAAABBBBAABAB
AAAAAAAABAAAAAA
BAAAAAABBAABBAB
AAAAAAABBBABBAB
AAAAAAAAAAABBBA
AAAAAABAAABBBBA
BAAAAABBBABABBB
AAAAAABBBAAABBB
BAAAAABAAAABBBB
AAAAAABBABABABB
AAAAAABBABAABBB
BAAAAABAABBBAAB
BAAAAAABBBAAAAB
BAAAAABAABBBABA
AAAAAAAABBBBBBA
BAAAAAABABABBBB
BAAAAABBBABBAAB
BAAAAAAABBBBABB
BAAAAAAAABAABAB
AAAAAAAABBABABA
BAAAAAABAAAAABB
BAAAAAABBBABABB
BAAAAAAABAABAAB
BAAAAAAAABAAAAA
AAAAAAAABBBBABA
BAAAAAABAABBBBB
AAAAAABABAAABAA
AAAAAABAABBBABB
AAAAAABBBABABAB
BAAAAABBBBBBBAA
AAAAAABBAAABBBB
AAAAAAABBABAABB
AAAAAAABBBBAABB
BAAAAAAABBABABA
BAAAAABBABABBAB
BAAAAABABBBABBB
AAAAAAABBAAABBA
AAAAAAABBBBABAB
BAAAAAABAABABBB
AAAAAABBBAABBAB
AAAAAABBBABAAAA
BAAAAABBABBBABA
BAAAAAAAAABAABA
AAAAAABBAAABAAB
BAAAAABABBBAABA
BAAAAAABBBABBAA
BAAAAAABBAABAAB
AAAAAABAABABAAB
AAAAAAAABABABBB
BAAAAAABBBABBBB
BAAAAAAABAABABA
BAAAAABBBBBAAAA
AAAAAAAABBAAABA
BAAAAAAABBAAABB
BAAAAAAAABBAABB
BAAAAAAABBBBAAA
BAAAAABBBBAABAA
BAAAAABBAABBAAA
AAAAAAABBBAAAAB
BAAAAAABAABBABA
AAAAAAAAABBBBBA
AAAAAAABABBBAAA
AAAAAAABBBBABAA
BAAAAABBAAABAAB
BAAAAAABAAABABB
AAAAAAAABAABABB
AAAAAAAABBAABBA
BAAAAAAABBBBBBB
AAAAAABBABBABAA
AAAAAAAABBBAAAA
BAAAAAAABAABBAA
AAAAAABBBABBBBA
AAAAAABBBBAAABA
BAAAAAABAABABAA
BAAAAAABBAAABAA
BAAAAABBAAABBAA
AAAAAAAAAAAABBA
BAAAAABBAAABABA
AAAAAABAABBAAAA
AAAAAAAAAAABAAB
AAAAAAABAABAAAB
BAAAAABBBBBBABA
BAAAAABAABBBBAA
AAAAAABBBBAABAB
BAAAAABAAABABBA
AAAAAAAAABAABBB
BAAAAABBBABAAAA
BAAAAABBBBBBAAB
BAAAAABBBBBBBAB
AAAAAABBAABBABA
AAAAAABAABABBAA
AAAAAAAABAAAAAB
BAAAAABBAAAABBB
BAAAAABBBBABABA
AAAAAABBBAABAAA
BAAAAAABABABABB
AAAAAABBABABAAB
AAAAAABABBAAABA
AAAAAABBBBAABBA
BAAAAABBBAABBBA
AAAAAABBABBBBAA
BAAAAAABBBAAABA
BAAAAAAAABABBBB
BAAAAABABBAAAAB
AAAAAABABBABABB
AAAAAABAABBABAB
BAAAAABABBBBAAA
BAAAAAABBABBAAA
BAAAAABBBAAAAAA
AAAAAAABBAAAABA
BAAAAAABBAABBBB
BAAAAABBBBBBAAA
AAAAAABABBABAAB
AAAAAAABBBBBBAA
AAAAAABBBABBABB
AAAAAABAAAAAABA
BAAAAAABBAAAAAB
BAAAAAAAAABBABA
BAAAAABBAABAAAB
BAAAAABABBBAAAB
AAAAAABAAABAABA
AAAAAAABBABABAA
BAAAAABBABAABBA
AAAAAABABBAABBA
BAAAAABBAAABABB
BAAAAAABBBBBBAB
AAAAAABAAAABAAA
AAAAAAABABABAAA
BAAAAABAABABAAA
BAAAAAAAAABABBA
BAAAAABBABABAAA
AAAAAAAAABABAAB
BAAAAABBAABABAB
BAAAAABBBABBABA
BAAAAAAABBBABBB
BAAAAABABBBBBBA
AAAAAABAABABBBB
AAAAAAAABABBABA
AAAAAABBAABABAA
BAAAAAAABBABABB
AAAAAAAABABAAAA
BAAAAAAABABABAB
AAAAAAAAABBBBAB
AAAAAAAAAABBAAB
BAAAAAAAABBABAA
AAAAAAABABBBABA
AAAAAAAABAAAABA
AAAAAAAABAAABBB
AAAAAAABABAAABB
AAAAAAAAABBBABB
BAAAAABBBAABBBB
AAAAAAAABBABBBB
BAAAAABBAABAABA
BAAAAABBBBAABBA
BAAAAAABAAABAAB
BAAAAABABAAAAAA
AAAAAABAABABBAB
BAAAAABAAAAAABA
BAAAAAAAABABBBA
AAAAAABBBBAABAA
BAAAAABAAAAAAAA
BAAAAAAABBABBBB
BAAAAABAAAABAAA
AAAAAAABBBABAAB
AAAAAABBAABABAB
AAAAAAABAABBABA
AAAAAAABABBAABA
BAAAAABBBBABBAA
AAAAAABABAABABB
BAAAAAAABBABBAB
BAAAAAABABAABBA
AAAAAABBABAABBA
AAAAAABAAAABABB
BAAAAABBBBAAABA
BAAAAAAABABAABB
BAAAAABAABBBBAB
BAAAAABBABAAAAA
BAAAAAABABAAAAA
AAAAAABBAABBBBB
BAAAAABBABBABBA
AAAAAAAAABBABAB
AAAAAABAAABBAAA
AAAAAABBBAAABAB
BAAAAAAAAAABAAA
BAAAAAAABBABBBA
BAAAAABAAABABAA
BAAAAAABBABABAB
BAAAAAAABABABBA
AAAAAAAAABBAAAA
AAAAAABBBABBBAA
BAAAAABAABBBBBA
AAAAAABBABABBBB
AAAAAABBAAABBAB
BAAAAAABAAAABAA
BAAAAABABBABAAA
BAAAAABABBABAAB
AAAAAABABABBABA
AAAAAABBABAABAA
AAAAAABABBBBABA
BAAAAABAAABAABB
AAAAAABBABBABBA
BAAAAAAABBAABBA
BAAAAAABABABAAB
AAAAAABABBBABAB
BAAAAAAAAAABBBB
AAAAAABBAAAABBA
BAAAAABBAABABBB
AAAAAABABAABBAB
BAAAAAABABBAAAA
BAAAAAABBBBBABA
BAAAAAABAABBBBA
AAAAAAABABBAAAB
BAAAAABBBAAAABB
BAAAAAAAAAABABA
BAAAAAABABBBBBA
AAAAAAABAAAABAB
AAAAAABAAABAABB
BAAAAABAAABAAAA
BAAAAABABBAAABA
BAAAAABBAABABAA
BAAAAAAABAAAAAB
AAAAAAAABBBBAAB
BAAAAAABABAABBB
BAAAAAABABBBBAA
AAAAAABBABAAABB
AAAAAABBABABBAA
BAAAAABAABBAABA
AAAAAABABAAABBA
AAAAAABBAAAABBB
BAAAAABAAAABBAB
AAAAAAAABBBABAA
BAAAAAAAABBABBB
BAAAAABABABAAAB
AAAAAAABBBBAABA
BAAAAABAAAAAAAB
BAAAAAAAABBBBAA
AAAAAAABABBBAAB
AAAAAAAAABABABA
AAAAAABBAAAAAAA
AAAAAABAAAABBAA
AAAAAAABBBBAAAA
AAAAAABBBAAAABA
BAAAAABABBBAABB
AAAAAABABABAAAA
BAAAAABABABBBBA
AAAAAABBBAAAABB
BAAAAABAABBBAAA
BAAAAAABBABAABB
BAAAAABBBABAAAB
BAAAAABAABAAAAA
BAAAAABABBBBBAB
BAAAAABBBAAABBA
BAAAAABABBBBBBB
AAAAAABAABABABA
BAAAAABBBBABABB
BAAAAAABBAABBAA
BAAAAABBABBABAA
BAAAAAAABBBABAA
AAAAAABABAABBAA
BAAAAAABBBBBBBB
AAAAAAAABBBBAAA
BAAAAABABBAABBA
AAAAAAAABAABABA
AAAAAAABBAABABA
BAAAAABAABBABBA
AAAAAAABBABBAAA
AAAAAABABAABBBA
BAAAAABAABAABAA
AAAAAAABBAABAAB
AAAAAAABABABBAA
AAAAAABABAABAAB
BAAAAAABBBBBBAA
BAAAAAABBBABAAA
AAAAAABABBABBAB
AAAAAAAABABAABA
BAAAAAAABABBAAA
BAAAAABABABABAA
BAAAAABAAABAABA
AAAAAAABAAABABB
AAAAAAABBBBBBBA
AAAAAAAABBBABAB
AAAAAAAAABAAABA
AAAAAAAABABBBBA
BAAAAABAABAABBB
BAAAAABAABABABB
BAAAAAAAABABBAB
BAAAAABABAAABBA
AAAAAABAABAAABA
AAAAAABBBAAABBA
BAAAAABAAABBBAA
BAAAAAABBBBABAB
AAAAAABBBAABBBA
AAAAAAAAABBBBAA
BAAAAAAABAAAABB
AAAAAABABBBBBAA
AAAAAABAAABABBB
BAAAAABBABBAAAA
BAAAAABBABAABAA
AAAAAABBAAAAABB
BAAAAABBAABBBAB
BAAAAAABABABBAB
AAAAAABABBABBBB
BAAAAABBABBABBB
AAAAAAAABABABAB
BAAAAAAABAABBBB
BAAAAABBAABBAAB
BAAAAAAAAABBBAA
BAAAAAAAAAABAAB
BAAAAABBABAABBB
AAAAAABBAABBBBA
BAAAAAABBBBBAAB
BAAAAABABBABABB
BAAAAABBABBBBAB
BAAAAAAABABBBBA
AAAAAAAAAAAAAAA
BAAAAAABBABBBBA
AAAAAAAABAAAABB
AAAAAAAAAABBBAA
AAAAAABAAAAABBB
AAAAAABABBABAAA
BAAAAAAABBBBABA
BAAAAABAABBAABB
AAAAAAAAABAABAB
AAAAAAABAABAABB
AAAAAAAABAAABBA
AAAAAABBABBBAAB
BAAAAABBBAAABAB
BAAAAABAAAABBBA
BAAAAAAAAABABAA
AAAAAAAABABABBA
BAAAAAABBAAABBB
BAAAAABAABAABAB
AAAAAAAAAAABBAA
AAAAAABBABBAAAB
BAAAAAAABBABAAB
BAAAAABAAABBABB
AAAAAAABABBBABB
AAAAAABABBAABBB
AAAAAAAAABABBAB
BAAAAAABBAAAABA
AAAAAABAABBAABA
BAAAAABBBABABAB
AAAAAAAAABAAABB
AAAAAAABAABBBAA
BAAAAABBBAAAABA
BAAAAABAAAAAABB
BAAAAAAAAABBBAB
AAAAAAABAAAAABB
BAAAAABAABABAAB
AAAAAABBABBBAAA
AAAAAAABBBAABAB
BAAAAABBBABAABA
AAAAAAABABBAAAA
BAAAAAAAABABABA
AAAAAABBAAABABA
AAAAAABBBAAAAAA
AAAAAABABABABAB
AAAAAABBABABAAA
AAAAAAABABBAABB
AAAAAABABBAAAAA
BAAAAABABAABABA
AAAAAABBBAABABA
AAAAAABBBABAABB
AAAAAABBABAAAAA
BAAAAABAAABBBBA
AAAAAAAAABBBAAB
BAAAAABABBAABBB
AAAAAABAAABBBBB
AAAAAABABABBBAB
BAAAAABABAABBAB
BAAAAAAABABABBB
AAAAAABBAAAABAB
AAAAAAAAAABBABB
BAAAAAAAABABABB
AAAAAAABAABBBBB
AAAAAABBBABABBB
AAAAAAABBAAABAB
BAAAAABBABABABA
BAAAAABABBABBBA
AAAAAAABAABBBAB
AAAAAAAAABABBBB
AAAAAABBAABBAAA
AAAAAAAABAABBBA
AAAAAAAABABAAAB
AAAAAAABABABAAB
BAAAAAABBABAAAB
BAAAAABBBAABABA
BAAAAAABBABBAAB
AAAAAAABBABBABA
BAAAAAABBBAABBA
BAAAAAABBABABBA
AAAAAABAABAAAAA
BAAAAABBABBAABB
BAAAAABBABABBBB
BAAAAAAAABBBABB
BAAAAAABABBBABB
AAAAAABAAABBAAB
AAAAAAABBABBBBB
AAAAAABBAABABBB
AAAAAAAAABBAABA
AAAAAABAABABBBA
BAAAAAAABBBAABA
AAAAAAAAABAAAAB
BAAAAAABABABBAA
AAAAAAABBBBBBBB
BAAAAAABAAABBBA
BAAAAAABAAAAAAB
AAAAAAAABBABABB
BAAAAAAAAABBAAB
BAAAAABBABAAAAB
AAAAAABAAAAAABB
AAAAAABAABBABBA
AAAAAAABAABABAB
AAAAAAAAAABBBBB
AAAAAABABABAAAB
BAAAAABABAAABAB
BAAAAABBABBAAAB
AAAAAABABBBAAAA
BAAAAABBBBBABAB
AAAAAABBBAABABB
BAAAAABAAABBABA
AAAAAABBABABBBA
AAAAAABABBBBAAA
AAAAAABAABABABB
AAAAAABBAABAAAA
BAAAAAAAABBAABA
AAAAAAABBABAABA
AAAAAAAABABBABB
BAAAAAAABABBBAA
BAAAAAAAABABAAB
BAAAAABBBAABAAA
BAAAAABBABABAAB
BAAAAAABAABBABB
BAAAAAAAABBBAAB
AAAAAAABABAAAAA
BAAAAAABABBBBAB
BAAAAAAABBBABBA
AAAAAABABAAAABB
AAAAAABABBABABA
AAAAAAABABBABBA
BAAAAAABABABBBA
BAAAAAAAABBBBBA
BAAAAABAAABBBBB
BAAAAABBBBABBAB
BAAAAAABBABAAAA
AAAAAABABBBBAAB
BAAAAABBBBAAABB
BAAAAABABBAAAAA
BAAAAABBABBAABA
AAAAAAABAAABAAB
AAAAAABAABBBABA
BAAAAAAABAAABAB
BAAAAABBAABAABB
BAAAAABBBABBBAB
BAAAAABBBBAAAAB
BAAAAAABBBBAABB
BAAAAABABBBABAB
BAAAAAABBBAAABB
AAAAAABABABABBA
BAAAAAABABBBABA
AAAAAAABBABBBBA
AAAAAAAAAAAABAA
AAAAAABBABBBBAB
AAAAAAAABBBABBA
BAAAAAAAAAABBAA
AAAAAAABBAAAAAB
AAAAAAAABBBBBBB
AAAAAAABAAAAABA
AAAAAABABAABBBB
BAAAAAABBABBBAB
AAAAAABABABBBBA
AAAAAAABBBAAABB
BAAAAAABAAAAABA
BAAAAABBABBBBBB
AAAAAAAABBAABAA
BAAAAAABBBABBAB
AAAAAABAAABABAB
BAAAAABBBAAABBB
BAAAAABAAABABAB
AAAAAAAAABAABAA
AAAAAABABBBBABB
AAAAAAABAAABBBA
AAAAAAABBAAAAAA
BAAAAABBAAAAAAA
AAAAAAAAABABAAA
AAAAAAAAAABAAAB
AAAAAABBAABBABB
BAAAAABABBABBBB
BAAAAABBBAABABB
AAAAAAAABAAABAB
BAAAAAAAAAAAABB
AAAAAABABABBBAA
BAAAAAABABBBAAB
BAAAAAAAABBBAAA
AAAAAABABBAABAB
BAAAAABAAABBAAB
AAAAAABBAABBBAA
BAAAAABBBAABBAA
BAAAAABBABBBABB
BAAAAABABBBABBA
BAAAAABABAAABBB
AAAAAABAABBABBB
AAAAAAABBBAABAA
BAAAAAABABBABBA
AAAAAABBBAAABAA
AAAAAABBBAABBBB
AAAAAAABAAABBBB
AAAAAABABBBBBAB
BAAAAAAABBAABAB
AAAAAAABBBAABBA
AAAAAAAABBABAAB
AAAAAAABAAAABBA
AAAAAABABABBBBB
BAAAAABBBBABBBB
BAAAAABABBBBABB
BAAAAAABBAAABAB
BAAAAABABABAABB
AAAAAABBAABAABB
BAAAAABABBBBAAB
BAAAAAAAAABAAAA
AAAAAAAAAAABBAB
BAAAAAAAAABBAAA
BAAAAAABAAABABA
AAAAAAAAABAAAAA
BAAAAABABABABAB
AAAAAAABBBAAAAA
BAAAAABBBABABAA
BAAAAAAAABBABBA
BAAAAABABAABBBB
BAAAAAAABBAABBB
BAAAAABBAABAAAA
AAAAAAABABABABB
AAAAAAABBABBAAB
BAAAAABBBBAABBB
BAAAAAAAAAAABBA
BAAAAABAAABBBAB
AAAAAABABBBAABB
AAAAAABABAABABA
BAAAAABABBAAABB
BAAAAABBBBBABAA
BAAAAABABAAAABB
BAAAAAAAABAAABA
BAAAAAAAABAABAA
AAAAAAABAAAAAAA
AAAAAAABBABAAAB
AAAAAAABAAAAAAB
AAAAAABAABAAABB
AAAAAAAAABBAABB
BAAAAABABAAABAA
AAAAAAAAAABAAAA
BAAAAAAAAAAABBB
BAAAAABBAAAABAB
AAAAAAAABBBAABA
BAAAAAAAABABBAA
BAAAAABAABBABBB
AAAAAAABAABBBBA
AAAAAABBABBBBBB
BAAAAABBABABABB
BAAAAAAAAAAABAA
AAAAAABBBAAAAAB
BAAAAAABBBAABAA
BAAAAAABABBBBBB
AAAAAAAAAAAABBB
AAAAAABABABABAA
BAAAAABABBBBBAA
BAAAAAABAABBBAB
AAAAAAABABBBBBA
AAAAAABBBABBAAB
AAAAAAABBBBABBA
AAAAAABAABAABAA
BAAAAAAABABABAA
BAAAAAAABBAAABA
AAAAAAABBBAABBB
AAAAAAABABBBBBB
BAAAAAAAABAAABB
BAAAAAAAAABBBBB
AAAAAABBABAAAAB
BAAAAABABAABAAB
AAAAAAAABABABAA
