YES
DCC
AHJ
GAE
FAD
CDE
IEH
GJC
JAA
ECB
EHE
ABF
CAD
GIC
AEE
BAG
DBF
ADI
EEJ
IEG
JBB
CHG
FCG
HIB
HAB
HEF
FAJ
BIF
DDH
JIJ
BGD
EIA
GGE
EIH
AIE
HCA
IFG
HFI
FCD
GCJ
DDD
FII
HHE
BAC
BAF
GHC
BCI
BHF
DAA
BHH
GCH
HIA
JDE
AGB
HBF
HEC
EGJ
IAF
FBG
GIF
IEJ
BEJ
HJI
CAJ
HEE
EGD
HJH
IEC
CIG
GEJ
JAC
CEF
HCB
GDD
BEC
CHA
CBF
HJC
GDJ
AAD
AFF
EIF
GGA
GDI
CCJ
CAF
CEG
IFB
JFD
FDH
FFD
HHC
FAI
EBB
GCI
EDG
JCA
DCH
GAA
BHG
JIB
IHH
AHC
HIG
BCD
HAG
DJE
GIE
EHB
DIF
BHB
DDB
JCH
IFD
HGI
JBH
IJE
AJD
CBB
DJA
AEI
JAG
IDJ
DGH
EJD
FGI
BII
DBB
EJI
IBD
EBG
FFC
JJJ
HJF
BIA
BGI
CFE
FBF
IFE
AFE
EHG
ABC
BFA
HCH
HJB
EAI
FJE
DFF
BAI
JID
CBI
GEI
HAD
BIC
AJH
IDH
BAD
DGA
BFE
JDB
JBJ
JBE
AHB
GHH
EDH
IGI
FHE
JFA
DGG
EDC
BIE
ICJ
BDG
DCA
BDB
IAC
EEF
HBG
FCB
IJF
HDA
IGA
AGC
HDC
EEA
IHF
HAH
FCF
ABA
IAI
BGJ
ABE
IHJ
CEB
DJJ
CFF
DDA
CCE
HIF
DHB
EHF
DIE
JAD
GJB
EAF
HGA
JBA
CDH
JFG
FJA
CCI
FBJ
CJE
EGI
CAA
BBH
FFG
BFB
AEC
JFI
BAE
HFD
JGF
GDF
EEI
BFD
GAG
JGG
DDJ
AJF
FIG
HFE
JAI
FFF
HDB
BBI
EJB
GII
CID
CEJ
HFG
FIJ
JHG
CIC
BHD
ADA
AHH
HDE
BFG
GGI
ACF
HJG
BEF
AGE
CGJ
BCB
JJC
CGD
JGE
GBB
DCG
BEB
JCG
IHB
JEG
CJD
JEF
AFH
CAH
EEB
GIH
JHC
JIE
BDI
CIH
HHI
BAH
CEI
FGC
CEH
BGA
ICE
IAG
AHF
IAA
CGI
IDE
JGJ
AGA
BID
FAG
FEI
FJD
ABI
DHF
GEE
FBC
FHD
AIH
CDB
DAJ
CAB
ACI
EIG
JAJ
EFH
IFF
AFI
DGE
BIH
FGJ
DIG
ICF
DEA
FDI
GBG
AAA
BJJ
EAE
CEA
IDF
CIA
AID
DEF
GBA
BBE
GBE
GHD
HFJ
CGC
BBG
HFB
HJJ
ABD
CBC
HEJ
IAJ
GFC
CDC
CBG
FCE
JJH
BJC
HDF
DAC
ECI
AIJ
FED
DCI
DFI
EGB
FIH
JDC
FEJ
AJC
IJJ
IHG
IBA
FGH
EJA
JAB
IHE
DFE
DID
JJG
DBI
CHI
JFC
ACB
CFB
EGG
AGI
HFC
FBB
FAH
ADJ
FBD
FIE
CBD
EAG
IDI
AJB
FCA
HFF
GED
IJI
EJE
EGF
EHC
ECF
HBJ
CBJ
DGI
EFD
JFF
BHA
EDB
JHH
GHJ
AJI
HED
BIJ
GGC
FEE
JII
FCC
DDG
EBE
GCD
CDI
DAH
CAI
DFJ
GFF
IAE
JCC
AAJ
EIC
CCB
DFG
GCF
FJC
GCC
BJE
GBI
GJA
FCH
GEH
BDD
ECE
IBH
HGG
IGB
ABG
CJF
EFJ
FGA
GEC
JGD
CFH
FJG
AAG
JDJ
IAB
JEB
IAD
BGE
AIC
AHG
ECH
CJC
FDA
ECD
GID
EIB
JEA
AGH
DBJ
EBD
DIJ
DCD
EEG
BJF
ACH
EGH
ICB
ADB
JBF
ECJ
DEG
HAJ
GGH
JHE
HEB
ADF
ICC
CIB
FHJ
CGF
BJD
DEE
HHA
HCG
AFG
ACA
GJF
EDF
DAE
IED
DJH
DGJ
IID
FFI
EBF
GHF
IFJ
HCF
IFI
GBF
IDG
JHA
FDC
AEH
JEC
BDE
GJI
HDI
HFH
FFB
FFA
HBC
CHE
IIG
JAH
IDB
EDA
IGJ
DFC
HFA
GFI
CHH
BIG
EHA
ACC
CII
BHE
DFD
FJB
AAC
IIH
IEB
IIB
EHD
IFH
BGC
ADH
HII
JEJ
AJA
CAG
GIG
ABB
CBH
DBD
EGA
CEC
IGF
FIA
JCB
JBD
EAH
CFA
HCD
HHD
DEC
ACD
FFH
FBH
CGG
BJI
DED
FHB
ADE
CGB
EFF
JHI
DHJ
FDB
JIF
JGC
DHH
JCF
CFJ
ICG
GAJ
DBH
FHH
HHB
DGD
IFC
EDJ
BFH
CAC
FHI
FDD
JGI
CBE
HGE
FEG
FIC
GFH
AIG
BDH
AEJ
JDG
DCB
EEC
CJB
GDE
AED
FHG
AFC
HGJ
DJB
GEB
HIH
CHC
GAD
EBA
IHC
EAD
DCJ
BGB
JED
DEJ
CED
EDD
JFE
GBC
DDE
ICA
AEA
EFC
DJG
GHB
JBI
FCJ
BFF
GGJ
BEH
IHA
HCJ
AIA
FDF
JJD
EHJ
CGA
BHI
EII
BFJ
DII
BBD
JFB
FBI
HBD
HGH
GGF
DGB
GHI
FGB
JDH
DAD
DHC
GJJ
CFG
BCA
AIB
FAA
HBE
AAB
CCG
EAC
FCI
EHI
DGF
ECA
JCE
IJD
CCC
JFH
HCE
IGD
BDA
EJC
JHB
FAC
DHA
CHD
ADD
FJH
JHD
IBI
IJA
DEH
AJG
AAI
HDH
FIB
JFJ
IEF
DAF
IHI
FEA
DCF
JJA
ACJ
CDG
AEG
BEG
BED
HHH
JHF
JDD
DJI
CIF
GBJ
BCJ
GJG
FDG
BJA
HAE
HBA
ICH
GCA
FDJ
DDF
DDC
FFE
ACE
BBJ
EID
EGE
DDI
FGD
BGH
CDA
DHI
BJG
IEE
EED
HGD
AFJ
BDJ
FEB
GAI
EHH
AGG
IBJ
EFB
CFD
JEH
CHB
GFE
IIA
BAB
CDJ
EBC
ICI
HGC
CJI
GFJ
CGE
DEB
CFC
DGC
GAC
IJC
ECC
HCC
AHD
IFA
JJB
IDD
IBF
GCE
ADG
JCJ
GDG
HJA
IDA
JEE
AJE
FIF
JJF
GJH
HEG
AFB
HIJ
JCD
IGC
FHF
HJE
EIJ
HHJ
ICD
IIC
DFA
AEB
EJJ
HGF
GGD
FDE
AJJ
DJD
BFC
GIB
HDG
EAB
BJH
JGH
HEH
CJA
AGF
JBG
GCB
FEH
IGH
JEI
EDE
GBH
BCG
BGF
DFH
BBC
BEA
CCH
HBI
GFD
CFI
AGD
BCF
HGB
BEE
JDI
BFI
JIG
III
EAA
FJF
DAB
EDI
EGC
HBB
DIC
FHC
EJG
AFA
BCH
FHA
AHI
JIH
AFD
CJJ
EIE
FBA
HEI
BJB
BAJ
EFI
BCE
EFA
JJE
JAE
AIF
DBE
HIE
JIA
FAF
HAF
BDF
HAC
CJH
BBA
GCG
JBC
CAE
AHE
IEA
GDC
AAE
BHC
GDA
ABJ
JIC
DBA
IBG
IIF
IIE
FJJ
ABH
DAG
GGB
IBB
GGG
BHJ
IGE
BBB
DHE
EJH
DBG
JCI
EBH
IDC
IBC
FFJ
IJG
DHD
GJD
CCD
HBH
FEC
CHF
IGG
CBA
HDJ
DHG
EFG
AHA
FAE
EBI
AAF
CDD
EFE
HHF
GIA
HCI
HEA
GAF
FGG
HAA
BBF
ECG
GEG
JGB
GFA
FGE
DFB
GFG
ADC
JHJ
AGJ
EJF
IJH
CHJ
CJG
GEF
JJI
DIB
IBE
FAB
GHG
FBE
EAJ
AAH
CCF
DEI
GDB
IJB
JAF
IIJ
HDD
GEA
FID
DBC
HHG
CDF
EEE
AEF
FEF
CCA
IEI
ACG
GFB
DJF
GIJ
DIA
BDC
GHA
EEH
BGG
CGH
GDH
CIE
JGA
IHD
FGF
IAH
DJC
BCC
DIH
FJI
DAI
JDF
BIB
CEE
AII
HJD
CIJ
DCE
HID
HIC
GHE
JDA
GBD
EBJ
BEI
GAB
BAA
HAI
GJE
GAH
